[0.038s] Invoking command in '/home/rinav/ros2_ws/build/rviz_assimp_vendor': /usr/bin/cmake --build /home/rinav/ros2_ws/build/rviz_assimp_vendor -- -j8 -l8
[0.512s] Invoked command in '/home/rinav/ros2_ws/build/rviz_assimp_vendor' returned '0': /usr/bin/cmake --build /home/rinav/ros2_ws/build/rviz_assimp_vendor -- -j8 -l8
[0.518s] Invoking command in '/home/rinav/ros2_ws/build/rviz_assimp_vendor': /usr/bin/cmake --install /home/rinav/ros2_ws/build/rviz_assimp_vendor
[0.536s] -- Install configuration: ""
[0.537s] -- Up-to-date: /home/rinav/ros2_ws/install/rviz_assimp_vendor/share/ament_index/resource_index/package_run_dependencies/rviz_assimp_vendor
[0.537s] -- Up-to-date: /home/rinav/ros2_ws/install/rviz_assimp_vendor/share/ament_index/resource_index/parent_prefix_path/rviz_assimp_vendor
[0.537s] -- Up-to-date: /home/rinav/ros2_ws/install/rviz_assimp_vendor/share/rviz_assimp_vendor/environment/ament_prefix_path.sh
[0.537s] -- Up-to-date: /home/rinav/ros2_ws/install/rviz_assimp_vendor/share/rviz_assimp_vendor/environment/ament_prefix_path.dsv
[0.537s] -- Up-to-date: /home/rinav/ros2_ws/install/rviz_assimp_vendor/share/rviz_assimp_vendor/environment/path.sh
[0.537s] -- Up-to-date: /home/rinav/ros2_ws/install/rviz_assimp_vendor/share/rviz_assimp_vendor/environment/path.dsv
[0.537s] -- Up-to-date: /home/rinav/ros2_ws/install/rviz_assimp_vendor/share/rviz_assimp_vendor/local_setup.bash
[0.537s] -- Up-to-date: /home/rinav/ros2_ws/install/rviz_assimp_vendor/share/rviz_assimp_vendor/local_setup.sh
[0.537s] -- Up-to-date: /home/rinav/ros2_ws/install/rviz_assimp_vendor/share/rviz_assimp_vendor/local_setup.zsh
[0.537s] -- Up-to-date: /home/rinav/ros2_ws/install/rviz_assimp_vendor/share/rviz_assimp_vendor/local_setup.dsv
[0.537s] -- Installing: /home/rinav/ros2_ws/install/rviz_assimp_vendor/share/rviz_assimp_vendor/package.dsv
[0.537s] -- Up-to-date: /home/rinav/ros2_ws/install/rviz_assimp_vendor/share/ament_index/resource_index/packages/rviz_assimp_vendor
[0.537s] -- Up-to-date: /home/rinav/ros2_ws/install/rviz_assimp_vendor/share/rviz_assimp_vendor/cmake/rviz_assimp_vendor-extras.cmake
[0.537s] -- Up-to-date: /home/rinav/ros2_ws/install/rviz_assimp_vendor/share/rviz_assimp_vendor/cmake/rviz_assimp_vendorConfig.cmake
[0.537s] -- Up-to-date: /home/rinav/ros2_ws/install/rviz_assimp_vendor/share/rviz_assimp_vendor/cmake/rviz_assimp_vendorConfig-version.cmake
[0.537s] -- Up-to-date: /home/rinav/ros2_ws/install/rviz_assimp_vendor/share/rviz_assimp_vendor/package.xml
[0.599s] Invoked command in '/home/rinav/ros2_ws/build/rviz_assimp_vendor' returned '0': /usr/bin/cmake --install /home/rinav/ros2_ws/build/rviz_assimp_vendor
