[0.053s] Invoking command in '/home/rinav/ros2_ws/build/rosparam_shortcuts': CMAKE_PREFIX_PATH=${CMAKE_PREFIX_PATH}:/home/rinav/ros2_ws/install/trial_package:/home/rinav/ros2_ws/install/mobile_robotics:/home/rinav/ros2_ws/install/launch_param_builder:/opt/ros/humble /usr/bin/cmake --build /home/rinav/ros2_ws/build/rosparam_shortcuts -- -j8 -l8
[0.152s] [ 15%] Built target gtest_main
[0.159s] [ 38%] Built target rosparam_shortcuts
[0.162s] [ 53%] Built target gtest
[0.201s] [ 69%] Built target rosparam_shortcuts_example
[0.204s] [ 84%] Built target rosparam_shortcuts_node_parameters_example
[0.206s] [100%] Built target test_node_parameters
[0.218s] Invoked command in '/home/rinav/ros2_ws/build/rosparam_shortcuts' returned '0': CMAKE_PREFIX_PATH=${CMAKE_PREFIX_PATH}:/home/rinav/ros2_ws/install/trial_package:/home/rinav/ros2_ws/install/mobile_robotics:/home/rinav/ros2_ws/install/launch_param_builder:/opt/ros/humble /usr/bin/cmake --build /home/rinav/ros2_ws/build/rosparam_shortcuts -- -j8 -l8
[0.218s] Invoking command in '/home/rinav/ros2_ws/build/rosparam_shortcuts': CMAKE_PREFIX_PATH=${CMAKE_PREFIX_PATH}:/home/rinav/ros2_ws/install/trial_package:/home/rinav/ros2_ws/install/mobile_robotics:/home/rinav/ros2_ws/install/launch_param_builder:/opt/ros/humble /usr/bin/cmake --install /home/rinav/ros2_ws/build/rosparam_shortcuts
[0.227s] -- Install configuration: ""
[0.227s] -- Up-to-date: /home/rinav/ros2_ws/install/rosparam_shortcuts/lib/librosparam_shortcuts.so
[0.227s] -- Up-to-date: /home/rinav/ros2_ws/install/rosparam_shortcuts/lib/rosparam_shortcuts/example
[0.227s] -- Up-to-date: /home/rinav/ros2_ws/install/rosparam_shortcuts/lib/rosparam_shortcuts/node_parameters_example
[0.227s] -- Up-to-date: /home/rinav/ros2_ws/install/rosparam_shortcuts/include
[0.227s] -- Up-to-date: /home/rinav/ros2_ws/install/rosparam_shortcuts/include/rosparam_shortcuts
[0.227s] -- Up-to-date: /home/rinav/ros2_ws/install/rosparam_shortcuts/include/rosparam_shortcuts/node_parameters.h
[0.227s] -- Up-to-date: /home/rinav/ros2_ws/install/rosparam_shortcuts/include/rosparam_shortcuts/rosparam_shortcuts.h
[0.227s] -- Up-to-date: /home/rinav/ros2_ws/install/rosparam_shortcuts/share/rosparam_shortcuts/launch
[0.227s] -- Up-to-date: /home/rinav/ros2_ws/install/rosparam_shortcuts/share/rosparam_shortcuts/launch/example.launch.py
[0.228s] -- Up-to-date: /home/rinav/ros2_ws/install/rosparam_shortcuts/share/rosparam_shortcuts/config
[0.228s] -- Up-to-date: /home/rinav/ros2_ws/install/rosparam_shortcuts/share/rosparam_shortcuts/config/example.yaml
[0.228s] -- Up-to-date: /home/rinav/ros2_ws/install/rosparam_shortcuts/share/rosparam_shortcuts/environment/library_path.sh
[0.228s] -- Up-to-date: /home/rinav/ros2_ws/install/rosparam_shortcuts/share/rosparam_shortcuts/environment/library_path.dsv
[0.228s] -- Up-to-date: /home/rinav/ros2_ws/install/rosparam_shortcuts/share/ament_index/resource_index/package_run_dependencies/rosparam_shortcuts
[0.228s] -- Up-to-date: /home/rinav/ros2_ws/install/rosparam_shortcuts/share/ament_index/resource_index/parent_prefix_path/rosparam_shortcuts
[0.228s] -- Up-to-date: /home/rinav/ros2_ws/install/rosparam_shortcuts/share/rosparam_shortcuts/environment/ament_prefix_path.sh
[0.228s] -- Up-to-date: /home/rinav/ros2_ws/install/rosparam_shortcuts/share/rosparam_shortcuts/environment/ament_prefix_path.dsv
[0.228s] -- Up-to-date: /home/rinav/ros2_ws/install/rosparam_shortcuts/share/rosparam_shortcuts/environment/path.sh
[0.228s] -- Up-to-date: /home/rinav/ros2_ws/install/rosparam_shortcuts/share/rosparam_shortcuts/environment/path.dsv
[0.228s] -- Up-to-date: /home/rinav/ros2_ws/install/rosparam_shortcuts/share/rosparam_shortcuts/local_setup.bash
[0.228s] -- Up-to-date: /home/rinav/ros2_ws/install/rosparam_shortcuts/share/rosparam_shortcuts/local_setup.sh
[0.228s] -- Up-to-date: /home/rinav/ros2_ws/install/rosparam_shortcuts/share/rosparam_shortcuts/local_setup.zsh
[0.228s] -- Up-to-date: /home/rinav/ros2_ws/install/rosparam_shortcuts/share/rosparam_shortcuts/local_setup.dsv
[0.228s] -- Installing: /home/rinav/ros2_ws/install/rosparam_shortcuts/share/rosparam_shortcuts/package.dsv
[0.228s] -- Up-to-date: /home/rinav/ros2_ws/install/rosparam_shortcuts/share/ament_index/resource_index/packages/rosparam_shortcuts
[0.229s] -- Up-to-date: /home/rinav/ros2_ws/install/rosparam_shortcuts/share/rosparam_shortcuts/cmake/export_rosparam_shortcutsExport.cmake
[0.229s] -- Up-to-date: /home/rinav/ros2_ws/install/rosparam_shortcuts/share/rosparam_shortcuts/cmake/export_rosparam_shortcutsExport-noconfig.cmake
[0.229s] -- Up-to-date: /home/rinav/ros2_ws/install/rosparam_shortcuts/share/rosparam_shortcuts/cmake/ament_cmake_export_targets-extras.cmake
[0.229s] -- Up-to-date: /home/rinav/ros2_ws/install/rosparam_shortcuts/share/rosparam_shortcuts/cmake/ament_cmake_export_dependencies-extras.cmake
[0.229s] -- Up-to-date: /home/rinav/ros2_ws/install/rosparam_shortcuts/share/rosparam_shortcuts/cmake/rosparam_shortcutsConfig.cmake
[0.229s] -- Up-to-date: /home/rinav/ros2_ws/install/rosparam_shortcuts/share/rosparam_shortcuts/cmake/rosparam_shortcutsConfig-version.cmake
[0.229s] -- Up-to-date: /home/rinav/ros2_ws/install/rosparam_shortcuts/share/rosparam_shortcuts/package.xml
[0.427s] Invoked command in '/home/rinav/ros2_ws/build/rosparam_shortcuts' returned '0': CMAKE_PREFIX_PATH=${CMAKE_PREFIX_PATH}:/home/rinav/ros2_ws/install/trial_package:/home/rinav/ros2_ws/install/mobile_robotics:/home/rinav/ros2_ws/install/launch_param_builder:/opt/ros/humble /usr/bin/cmake --install /home/rinav/ros2_ws/build/rosparam_shortcuts
