[0.068s] Invoking command in '/home/rinav/ros2_ws/build/moveit_core': AMENT_PREFIX_PATH=/home/rinav/ros2_ws/install/moveit_resources_panda_moveit_config:/home/rinav/ros2_ws/install/srdfdom:/home/rinav/ros2_ws/install/moveit_resources_pr2_description:/home/rinav/ros2_ws/install/moveit_resources_panda_description:/home/rinav/ros2_ws/install/moveit_common:${AMENT_PREFIX_PATH} CMAKE_PREFIX_PATH=/home/rinav/ros2_ws/install/moveit_resources_panda_moveit_config:/home/rinav/ros2_ws/install/srdfdom:/home/rinav/ros2_ws/install/moveit_resources_pr2_description:/home/rinav/ros2_ws/install/moveit_resources_panda_description:/home/rinav/ros2_ws/install/moveit_common:/home/rinav/ros2_ws/install/rviz_visual_testing_framework:/home/rinav/ros2_ws/install/rviz_rendering_tests:/home/rinav/ros2_ws/install/rviz2:/home/rinav/ros2_ws/install/rviz_default_plugins:/home/rinav/ros2_ws/install/rviz_common:/home/rinav/ros2_ws/install/rviz_rendering:/home/rinav/ros2_ws/install/rviz_ogre_vendor:/home/rinav/ros2_ws/install/rviz_assimp_vendor:/home/rinav/ros2_ws/src/rviz/install:/home/rinav/ros2_ws/install/husky_ur3_moveit_config:/home/rinav/ros2_ws/install/ur:/home/rinav/ros2_ws/install/ur_calibration:/home/rinav/ros2_ws/install/ur_robot_driver:/home/rinav/ros2_ws/install/ur_moveit_config:/home/rinav/ros2_ws/install/ur_bringup:/home/rinav/ros2_ws/install/ur_description:/home/rinav/ros2_ws/install/ur_controllers:/home/rinav/ros2_ws/install/ur_dashboard_msgs:/home/rinav/ros2_ws/install/turtlesim:/home/rinav/ros2_ws/install/robotis_manipulator:/home/rinav/ros2_ws/install/husky_desktop:/home/rinav/ros2_ws/install/husky_viz:/home/rinav/ros2_ws/install/husky_ur3_ignition:/home/rinav/ros2_ws/install/husky_simulator:/home/rinav/ros2_ws/install/husky_robot:/home/rinav/ros2_ws/install/husky_bringup:/home/rinav/ros2_ws/install/husky_base:/home/rinav/ros2_ws/install/husky_msgs:/home/rinav/ros2_ws/install/husky_gazebo:/home/rinav/ros2_ws/install/husky_control:/home/rinav/ros2_ws/install/husky_description:/home/rinav/ros2_ws/install/trial_package:/home/rinav/ros2_ws/install/py_srvcli:/home/rinav/ros2_ws/install/py_pubsub:/home/rinav/ros2_ws/install/mobile_robotics:/opt/ros/humble LD_LIBRARY_PATH=/home/rinav/ros2_ws/install/srdfdom/lib:${LD_LIBRARY_PATH} PYTHONPATH=/home/rinav/ros2_ws/install/srdfdom/local/lib/python3.10/dist-packages:${PYTHONPATH} /usr/bin/cmake /home/rinav/ros2_ws/src/moveit2/moveit_core -DCMAKE_INSTALL_PREFIX=/home/rinav/ros2_ws/install/moveit_core
[0.163s] -- The CXX compiler identification is GNU 11.4.0
[0.174s] -- Detecting CXX compiler ABI info
[0.422s] -- Detecting CXX compiler ABI info - done
[0.430s] -- Check for working CXX compiler: /usr/bin/c++ - skipped
[0.430s] -- Detecting CXX compile features
[0.431s] -- Detecting CXX compile features - done
[0.432s] -- Found moveit_common: 2.5.9 (/home/rinav/ros2_ws/install/moveit_common/share/moveit_common/cmake)
[0.437s] -- Found ament_cmake: 1.3.12 (/opt/ros/humble/share/ament_cmake/cmake)
[0.696s] -- Found Python3: /usr/bin/python3 (found version "3.10.12") found components: Interpreter 
[1.120s] [0mmoveit_core: You did not request a specific build type: Choosing 'Release' for maximum performance[0m
[1.127s] -- Found angles: 1.15.0 (/opt/ros/humble/share/angles/cmake)
[1.209s] -- Found Bullet: /usr/lib/aarch64-linux-gnu/libBulletDynamics.so (Required is at least version "2.87") 
[1.236s] -- Found common_interfaces: 4.9.0 (/opt/ros/humble/share/common_interfaces/cmake)
[1.242s] -- Found eigen_stl_containers: 1.1.0 (/opt/ros/humble/share/eigen_stl_containers/cmake)
[1.272s] -- Found eigen3_cmake_module: 0.1.1 (/opt/ros/humble/share/eigen3_cmake_module/cmake)
[1.300s] -- Found Eigen3: TRUE (found version "3.4.0") 
[1.324s] -- Found generate_parameter_library: 0.5.0 (/opt/ros/humble/share/generate_parameter_library/cmake)
[1.343s] -- Found parameter_traits: 0.5.0 (/opt/ros/humble/share/parameter_traits/cmake)
[1.492s] -- Found rosidl_generator_c: 3.1.7 (/opt/ros/humble/share/rosidl_generator_c/cmake)
[1.508s] -- Found rosidl_adapter: 3.1.7 (/opt/ros/humble/share/rosidl_adapter/cmake)
[1.526s] -- Found rosidl_generator_cpp: 3.1.7 (/opt/ros/humble/share/rosidl_generator_cpp/cmake)
[1.549s] -- Using all available rosidl_typesupport_c: rosidl_typesupport_fastrtps_c;rosidl_typesupport_introspection_c
[1.582s] -- Using all available rosidl_typesupport_cpp: rosidl_typesupport_fastrtps_cpp;rosidl_typesupport_introspection_cpp
[1.673s] -- Found rmw_implementation_cmake: 6.1.2 (/opt/ros/humble/share/rmw_implementation_cmake/cmake)
[1.682s] -- Found rmw_fastrtps_cpp: 6.2.8 (/opt/ros/humble/share/rmw_fastrtps_cpp/cmake)
[2.072s] -- Found OpenSSL: /usr/lib/aarch64-linux-gnu/libcrypto.so (found version "3.0.2")  
[2.135s] -- Found FastRTPS: /opt/ros/humble/include  
[2.202s] -- Using RMW implementation 'rmw_fastrtps_cpp' as default
[2.223s] -- Looking for C++ include pthread.h
[2.493s] -- Looking for C++ include pthread.h - found
[2.493s] -- Performing Test CMAKE_HAVE_LIBC_PTHREAD
[2.760s] -- Performing Test CMAKE_HAVE_LIBC_PTHREAD - Success
[2.762s] -- Found Threads: TRUE  
[2.908s] -- Found rclcpp_lifecycle: 16.0.15 (/opt/ros/humble/share/rclcpp_lifecycle/cmake)
[2.962s] -- Found geometric_shapes: 2.3.2 (/opt/ros/humble/share/geometric_shapes/cmake)
[2.997s] -- Found Boost: /usr/lib/aarch64-linux-gnu/cmake/Boost-1.74.0/BoostConfig.cmake (found version "1.74.0") found components: filesystem 
[3.318s] -- library: /usr/lib/aarch64-linux-gnu/libcurl.so
[3.440s] -- Found kdl_parser: 2.6.4 (/opt/ros/humble/share/kdl_parser/cmake)
[3.457s] -- Ensuring Eigen3 include directory is part of orocos-kdl CMake target
[3.468s] -- Found moveit_msgs: 2.2.1 (/opt/ros/humble/share/moveit_msgs/cmake)
[3.613s] -- Found pluginlib: 5.1.0 (/opt/ros/humble/share/pluginlib/cmake)
[3.649s] -- Found srdfdom: 2.0.8 (/home/rinav/ros2_ws/install/srdfdom/share/srdfdom/cmake)
[3.674s] -- Found tf2_eigen: 0.25.16 (/opt/ros/humble/share/tf2_eigen/cmake)
[3.769s] -- Found tf2_geometry_msgs: 0.25.16 (/opt/ros/humble/share/tf2_geometry_msgs/cmake)
[3.783s] -- Found tf2_kdl: 0.25.16 (/opt/ros/humble/share/tf2_kdl/cmake)
[3.901s] -- Found Boost: /usr/lib/aarch64-linux-gnu/cmake/Boost-1.74.0/BoostConfig.cmake (found version "1.74.0") found components: chrono date_time filesystem iostreams program_options regex serialization system thread 
[3.903s] --  *** Building MoveIt 2.5.9-Alpha ***
[3.907s] -- Performing Test COMPILER_HAS_HIDDEN_VISIBILITY
[4.209s] -- Performing Test COMPILER_HAS_HIDDEN_VISIBILITY - Success
[4.209s] -- Performing Test COMPILER_HAS_HIDDEN_INLINE_VISIBILITY
[4.379s] -- Performing Test COMPILER_HAS_HIDDEN_INLINE_VISIBILITY - Success
[4.379s] -- Performing Test COMPILER_HAS_DEPRECATED_ATTR
[4.599s] -- Performing Test COMPILER_HAS_DEPRECATED_ATTR - Success
[4.612s] -- Found ament_cmake_gtest: 1.3.12 (/opt/ros/humble/share/ament_cmake_gtest/cmake)
[4.625s] -- Found gtest sources under '/opt/ros/humble/src/gtest_vendor': C++ tests using 'Google Test' will be built
[4.722s] -- The C compiler identification is GNU 11.4.0
[4.734s] -- Detecting C compiler ABI info
[4.967s] -- Detecting C compiler ABI info - done
[4.972s] -- Check for working C compiler: /usr/bin/cc - skipped
[4.972s] -- Detecting C compile features
[4.973s] -- Detecting C compile features - done
[5.001s] -- Found ament_cmake_gmock: 1.3.12 (/opt/ros/humble/share/ament_cmake_gmock/cmake)
[5.008s] -- Found gmock sources under '/opt/ros/humble/src/gmock_vendor': C++ tests using 'Google Mock' will be built
[5.011s] -- Found ament_cmake_gtest: 1.3.12 (/opt/ros/humble/share/ament_cmake_gtest/cmake)
[5.012s] -- Found gtest sources under '/opt/ros/humble/src/gtest_vendor': C++ tests using 'Google Test' will be built
[5.033s] -- Found ament_cmake_gtest: 1.3.12 (/opt/ros/humble/share/ament_cmake_gtest/cmake)
[5.033s] -- Found gtest sources under '/opt/ros/humble/src/gtest_vendor': C++ tests using 'Google Test' will be built
[5.076s] -- Found ament_cmake_gtest: 1.3.12 (/opt/ros/humble/share/ament_cmake_gtest/cmake)
[5.077s] -- Found gtest sources under '/opt/ros/humble/src/gtest_vendor': C++ tests using 'Google Test' will be built
[5.098s] -- Found ament_lint_auto: 0.12.14 (/opt/ros/humble/share/ament_lint_auto/cmake)
[5.099s] -- Found ament_cmake_gtest: 1.3.12 (/opt/ros/humble/share/ament_cmake_gtest/cmake)
[5.099s] -- Found gtest sources under '/opt/ros/humble/src/gtest_vendor': C++ tests using 'Google Test' will be built
[5.131s] -- Found ament_cmake_gtest: 1.3.12 (/opt/ros/humble/share/ament_cmake_gtest/cmake)
[5.131s] -- Found gtest sources under '/opt/ros/humble/src/gtest_vendor': C++ tests using 'Google Test' will be built
[5.153s] -- Found ament_cmake_gtest: 1.3.12 (/opt/ros/humble/share/ament_cmake_gtest/cmake)
[5.153s] -- Found gtest sources under '/opt/ros/humble/src/gtest_vendor': C++ tests using 'Google Test' will be built
[5.171s] -- Found ament_cmake_gtest: 1.3.12 (/opt/ros/humble/share/ament_cmake_gtest/cmake)
[5.171s] -- Found gmock sources under '/opt/ros/humble/src/gmock_vendor': C++ tests using 'Google Mock' will be built
[5.172s] -- Found gtest sources under '/opt/ros/humble/src/gtest_vendor': C++ tests using 'Google Test' will be built
[5.185s] -- Found gtest sources under '/opt/ros/humble/src/gtest_vendor': C++ tests using 'Google Test' will be built
[5.200s] -- Found gtest sources under '/opt/ros/humble/src/gtest_vendor': C++ tests using 'Google Test' will be built
[5.219s] -- Found ament_cmake_gtest: 1.3.12 (/opt/ros/humble/share/ament_cmake_gtest/cmake)
[5.219s] -- Found gtest sources under '/opt/ros/humble/src/gtest_vendor': C++ tests using 'Google Test' will be built
[5.255s] -- Found gtest sources under '/opt/ros/humble/src/gtest_vendor': C++ tests using 'Google Test' will be built
[5.281s] -- Found gtest sources under '/opt/ros/humble/src/gtest_vendor': C++ tests using 'Google Test' will be built
[5.302s] -- Found gtest sources under '/opt/ros/humble/src/gtest_vendor': C++ tests using 'Google Test' will be built
[5.309s] -- Found ament_lint_auto: 0.12.14 (/opt/ros/humble/share/ament_lint_auto/cmake)
[5.349s] -- Added test 'cppcheck' to perform static code analysis on C / C++ code
[5.350s] -- Configured cppcheck include dirs: /home/rinav/ros2_ws/src/moveit2/moveit_core/exceptions/include;/home/rinav/ros2_ws/src/moveit2/moveit_core/collision_detection/include;/home/rinav/ros2_ws/src/moveit2/moveit_core/collision_detection_fcl/include;/home/rinav/ros2_ws/src/moveit2/moveit_core/collision_detection_bullet/include;/home/rinav/ros2_ws/src/moveit2/moveit_core/constraint_samplers/include;/home/rinav/ros2_ws/src/moveit2/moveit_core/controller_manager/include;/home/rinav/ros2_ws/src/moveit2/moveit_core/distance_field/include;/home/rinav/ros2_ws/src/moveit2/moveit_core/collision_distance_field/include;/home/rinav/ros2_ws/src/moveit2/moveit_core/dynamics_solver/include;/home/rinav/ros2_ws/src/moveit2/moveit_core/kinematics_base/include;/home/rinav/ros2_ws/src/moveit2/moveit_core/kinematics_metrics/include;/home/rinav/ros2_ws/src/moveit2/moveit_core/robot_model/include;/home/rinav/ros2_ws/src/moveit2/moveit_core/transforms/include;/home/rinav/ros2_ws/src/moveit2/moveit_core/robot_state/include;/home/rinav/ros2_ws/src/moveit2/moveit_core/robot_trajectory/include;/home/rinav/ros2_ws/src/moveit2/moveit_core/kinematic_constraints/include;/home/rinav/ros2_ws/src/moveit2/moveit_core/macros/include;/home/rinav/ros2_ws/src/moveit2/moveit_core/online_signal_smoothing/include;/home/rinav/ros2_ws/src/moveit2/moveit_core/planning_interface/include;/home/rinav/ros2_ws/src/moveit2/moveit_core/planning_request_adapter/include;/home/rinav/ros2_ws/src/moveit2/moveit_core/planning_scene/include;/home/rinav/ros2_ws/src/moveit2/moveit_core/sensor_manager/include;/home/rinav/ros2_ws/src/moveit2/moveit_core/trajectory_processing/include;/home/rinav/ros2_ws/src/moveit2/moveit_core/utils/include
[5.350s] -- Configured cppcheck exclude dirs and/or files: 
[5.353s] -- Added test 'pep257' to check Python code against some of the docstring style conventions in PEP 257
[5.356s] -- Added test 'xmllint' to check XML markup files
[5.359s] -- Configuring done
[5.954s] -- Generating done
[6.125s] -- Build files have been written to: /home/rinav/ros2_ws/build/moveit_core
[6.151s] Invoked command in '/home/rinav/ros2_ws/build/moveit_core' returned '0': AMENT_PREFIX_PATH=/home/rinav/ros2_ws/install/moveit_resources_panda_moveit_config:/home/rinav/ros2_ws/install/srdfdom:/home/rinav/ros2_ws/install/moveit_resources_pr2_description:/home/rinav/ros2_ws/install/moveit_resources_panda_description:/home/rinav/ros2_ws/install/moveit_common:${AMENT_PREFIX_PATH} CMAKE_PREFIX_PATH=/home/rinav/ros2_ws/install/moveit_resources_panda_moveit_config:/home/rinav/ros2_ws/install/srdfdom:/home/rinav/ros2_ws/install/moveit_resources_pr2_description:/home/rinav/ros2_ws/install/moveit_resources_panda_description:/home/rinav/ros2_ws/install/moveit_common:/home/rinav/ros2_ws/install/rviz_visual_testing_framework:/home/rinav/ros2_ws/install/rviz_rendering_tests:/home/rinav/ros2_ws/install/rviz2:/home/rinav/ros2_ws/install/rviz_default_plugins:/home/rinav/ros2_ws/install/rviz_common:/home/rinav/ros2_ws/install/rviz_rendering:/home/rinav/ros2_ws/install/rviz_ogre_vendor:/home/rinav/ros2_ws/install/rviz_assimp_vendor:/home/rinav/ros2_ws/src/rviz/install:/home/rinav/ros2_ws/install/husky_ur3_moveit_config:/home/rinav/ros2_ws/install/ur:/home/rinav/ros2_ws/install/ur_calibration:/home/rinav/ros2_ws/install/ur_robot_driver:/home/rinav/ros2_ws/install/ur_moveit_config:/home/rinav/ros2_ws/install/ur_bringup:/home/rinav/ros2_ws/install/ur_description:/home/rinav/ros2_ws/install/ur_controllers:/home/rinav/ros2_ws/install/ur_dashboard_msgs:/home/rinav/ros2_ws/install/turtlesim:/home/rinav/ros2_ws/install/robotis_manipulator:/home/rinav/ros2_ws/install/husky_desktop:/home/rinav/ros2_ws/install/husky_viz:/home/rinav/ros2_ws/install/husky_ur3_ignition:/home/rinav/ros2_ws/install/husky_simulator:/home/rinav/ros2_ws/install/husky_robot:/home/rinav/ros2_ws/install/husky_bringup:/home/rinav/ros2_ws/install/husky_base:/home/rinav/ros2_ws/install/husky_msgs:/home/rinav/ros2_ws/install/husky_gazebo:/home/rinav/ros2_ws/install/husky_control:/home/rinav/ros2_ws/install/husky_description:/home/rinav/ros2_ws/install/trial_package:/home/rinav/ros2_ws/install/py_srvcli:/home/rinav/ros2_ws/install/py_pubsub:/home/rinav/ros2_ws/install/mobile_robotics:/opt/ros/humble LD_LIBRARY_PATH=/home/rinav/ros2_ws/install/srdfdom/lib:${LD_LIBRARY_PATH} PYTHONPATH=/home/rinav/ros2_ws/install/srdfdom/local/lib/python3.10/dist-packages:${PYTHONPATH} /usr/bin/cmake /home/rinav/ros2_ws/src/moveit2/moveit_core -DCMAKE_INSTALL_PREFIX=/home/rinav/ros2_ws/install/moveit_core
[6.151s] Invoking command in '/home/rinav/ros2_ws/build/moveit_core': AMENT_PREFIX_PATH=/home/rinav/ros2_ws/install/moveit_resources_panda_moveit_config:/home/rinav/ros2_ws/install/srdfdom:/home/rinav/ros2_ws/install/moveit_resources_pr2_description:/home/rinav/ros2_ws/install/moveit_resources_panda_description:/home/rinav/ros2_ws/install/moveit_common:${AMENT_PREFIX_PATH} CMAKE_PREFIX_PATH=/home/rinav/ros2_ws/install/moveit_resources_panda_moveit_config:/home/rinav/ros2_ws/install/srdfdom:/home/rinav/ros2_ws/install/moveit_resources_pr2_description:/home/rinav/ros2_ws/install/moveit_resources_panda_description:/home/rinav/ros2_ws/install/moveit_common:/home/rinav/ros2_ws/install/rviz_visual_testing_framework:/home/rinav/ros2_ws/install/rviz_rendering_tests:/home/rinav/ros2_ws/install/rviz2:/home/rinav/ros2_ws/install/rviz_default_plugins:/home/rinav/ros2_ws/install/rviz_common:/home/rinav/ros2_ws/install/rviz_rendering:/home/rinav/ros2_ws/install/rviz_ogre_vendor:/home/rinav/ros2_ws/install/rviz_assimp_vendor:/home/rinav/ros2_ws/src/rviz/install:/home/rinav/ros2_ws/install/husky_ur3_moveit_config:/home/rinav/ros2_ws/install/ur:/home/rinav/ros2_ws/install/ur_calibration:/home/rinav/ros2_ws/install/ur_robot_driver:/home/rinav/ros2_ws/install/ur_moveit_config:/home/rinav/ros2_ws/install/ur_bringup:/home/rinav/ros2_ws/install/ur_description:/home/rinav/ros2_ws/install/ur_controllers:/home/rinav/ros2_ws/install/ur_dashboard_msgs:/home/rinav/ros2_ws/install/turtlesim:/home/rinav/ros2_ws/install/robotis_manipulator:/home/rinav/ros2_ws/install/husky_desktop:/home/rinav/ros2_ws/install/husky_viz:/home/rinav/ros2_ws/install/husky_ur3_ignition:/home/rinav/ros2_ws/install/husky_simulator:/home/rinav/ros2_ws/install/husky_robot:/home/rinav/ros2_ws/install/husky_bringup:/home/rinav/ros2_ws/install/husky_base:/home/rinav/ros2_ws/install/husky_msgs:/home/rinav/ros2_ws/install/husky_gazebo:/home/rinav/ros2_ws/install/husky_control:/home/rinav/ros2_ws/install/husky_description:/home/rinav/ros2_ws/install/trial_package:/home/rinav/ros2_ws/install/py_srvcli:/home/rinav/ros2_ws/install/py_pubsub:/home/rinav/ros2_ws/install/mobile_robotics:/opt/ros/humble LD_LIBRARY_PATH=/home/rinav/ros2_ws/install/srdfdom/lib:${LD_LIBRARY_PATH} PYTHONPATH=/home/rinav/ros2_ws/install/srdfdom/local/lib/python3.10/dist-packages:${PYTHONPATH} /usr/bin/cmake --build /home/rinav/ros2_ws/build/moveit_core -- -j8 -l8
[6.201s] [  1%] [32mBuilding CXX object transforms/CMakeFiles/moveit_transforms.dir/src/transforms.cpp.o[0m
[6.207s] [  2%] [32mBuilding CXX object distance_field/CMakeFiles/moveit_distance_field.dir/src/distance_field.cpp.o[0m
[6.209s] [  3%] [32mBuilding CXX object exceptions/CMakeFiles/moveit_exceptions.dir/src/exceptions.cpp.o[0m
[6.211s] [  4%] [32mBuilding CXX object distance_field/CMakeFiles/moveit_distance_field.dir/src/find_internal_points.cpp.o[0m
[6.213s] [  5%] [32mBuilding CXX object utils/CMakeFiles/moveit_utils.dir/src/lexical_casts.cpp.o[0m
[6.214s] [  6%] [32mBuilding CXX object kinematics_base/CMakeFiles/moveit_kinematics_base.dir/src/kinematics_base.cpp.o[0m
[6.221s] [  7%] [32mBuilding CXX object gtest/CMakeFiles/gtest_main.dir/src/gtest_main.cc.o[0m
[6.238s] [  7%] [32mBuilding CXX object gtest/CMakeFiles/gtest.dir/src/gtest-all.cc.o[0m
[6.623s] [  7%] [32mBuilding CXX object utils/CMakeFiles/moveit_utils.dir/src/message_checks.cpp.o[0m
[6.820s] [  7%] [32m[1mLinking CXX shared library libmoveit_exceptions.so[0m
[7.060s] [  7%] Built target moveit_exceptions
[7.143s] [  7%] [32m[1mLinking CXX static library libgtest_main.a[0m
[7.148s] [  7%] [32mBuilding CXX object gmock/CMakeFiles/gmock.dir/opt/ros/humble/src/gtest_vendor/src/gtest-all.cc.o[0m
[7.231s] [  7%] Built target gtest_main
[7.341s] [  7%] [32mBuilding CXX object gmock/CMakeFiles/gmock_main.dir/src/gmock_main.cc.o[0m
[8.628s] [  8%] [32mBuilding CXX object utils/CMakeFiles/moveit_utils.dir/src/rclcpp_utils.cpp.o[0m
[9.438s] [  9%] [32m[1mLinking CXX shared library libmoveit_utils.so[0m
[9.481s] [  9%] [32mBuilding CXX object distance_field/CMakeFiles/moveit_distance_field.dir/src/propagation_distance_field.cpp.o[0m
[9.821s] [ 10%] [32m[1mLinking CXX static library libgmock_main.a[0m
[9.984s] [ 10%] Built target gmock_main
[10.009s] [ 11%] [32mBuilding CXX object gmock/CMakeFiles/gmock.dir/src/gmock-all.cc.o[0m
[10.602s] [ 11%] Built target moveit_utils
[10.692s] [ 12%] [32mBuilding CXX object online_signal_smoothing/CMakeFiles/moveit_smoothing_base.dir/src/smoothing_base_class.cpp.o[0m
[12.709s] [ 12%] [32m[1mLinking CXX shared library libmoveit_kinematics_base.so[0m
[12.822s] [ 12%] Built target moveit_kinematics_base
[12.840s] [ 13%] [34m[1mRunning `/opt/ros/humble/bin/generate_parameter_library_cpp /home/rinav/ros2_ws/build/moveit_core/online_signal_smoothing/include/moveit_core/moveit_butterworth_parameters.hpp /home/rinav/ros2_ws/src/moveit2/moveit_core/online_signal_smoothing/src/butterworth_parameters.yaml `[0m
[12.972s] [ 14%] [34m[1mCreating deprecated header file /home/rinav/ros2_ws/build/moveit_core/online_signal_smoothing/include/moveit_butterworth_parameters.hpp[0m
[12.985s] [ 14%] Built target moveit_butterworth_parameters
[13.000s] [ 14%] [32mBuilding CXX object version/CMakeFiles/moveit_version.dir/version.cpp.o[0m
[13.032s] [ 15%] [32m[1mLinking CXX executable moveit_version[0m
[13.092s] [ 15%] Built target moveit_version
[13.108s] [ 15%] [32mBuilding CXX object robot_model/CMakeFiles/moveit_robot_model.dir/src/aabb.cpp.o[0m
[13.164s] [ 16%] [32mBuilding CXX object robot_model/CMakeFiles/moveit_robot_model.dir/src/fixed_joint_model.cpp.o[0m
[13.366s] [ 16%] [32m[1mLinking CXX shared library libmoveit_smoothing_base.so[0m
[13.467s] [ 16%] Built target moveit_smoothing_base
[13.474s] [ 16%] [32mBuilding CXX object robot_model/CMakeFiles/moveit_robot_model.dir/src/floating_joint_model.cpp.o[0m
[14.054s] [ 17%] [32mBuilding CXX object robot_model/CMakeFiles/moveit_robot_model.dir/src/joint_model.cpp.o[0m
[14.322s] [ 17%] [32m[1mLinking CXX shared library libmoveit_transforms.so[0m
[14.430s] [ 17%] Built target moveit_transforms
[14.440s] [ 17%] [32mBuilding CXX object robot_model/CMakeFiles/moveit_robot_model.dir/src/joint_model_group.cpp.o[0m
[14.570s] [ 18%] [32mBuilding CXX object robot_model/CMakeFiles/moveit_robot_model.dir/src/link_model.cpp.o[0m
[15.610s] [ 19%] [32m[1mLinking CXX static library libgtest.a[0m
[15.617s] [ 20%] [32mBuilding CXX object robot_model/CMakeFiles/moveit_robot_model.dir/src/planar_joint_model.cpp.o[0m
[15.797s] [ 20%] Built target gtest
[15.826s] [ 20%] [32mBuilding CXX object robot_model/CMakeFiles/moveit_robot_model.dir/src/prismatic_joint_model.cpp.o[0m
[16.385s] [ 21%] [32m[1mLinking CXX static library libgmock.a[0m
[16.437s] [ 21%] Built target gmock
[16.452s] [ 22%] [32mBuilding CXX object robot_model/CMakeFiles/moveit_robot_model.dir/src/revolute_joint_model.cpp.o[0m
[17.552s] [ 22%] [32mBuilding CXX object robot_model/CMakeFiles/moveit_robot_model.dir/src/robot_model.cpp.o[0m
[17.666s] [ 22%] [32mBuilding CXX object transforms/CMakeFiles/test_transforms.dir/test/test_transforms.cpp.o[0m
[17.690s] [ 23%] [32m[1mLinking CXX shared library libmoveit_distance_field.so[0m
[17.846s] [ 23%] Built target moveit_distance_field
[17.871s] [ 24%] [32mBuilding CXX object distance_field/CMakeFiles/test_voxel_grid.dir/test/test_voxel_grid.cpp.o[0m
[17.909s] [ 25%] [32mBuilding CXX object distance_field/CMakeFiles/test_distance_field.dir/test/test_distance_field.cpp.o[0m
[21.935s] [ 25%] [32m[1mLinking CXX executable test_voxel_grid[0m
[22.043s] [ 25%] Built target test_voxel_grid
[25.381s] [ 26%] [32m[1mLinking CXX shared library libmoveit_robot_model.so[0m
[25.542s] [ 26%] Built target moveit_robot_model
[25.581s] [ 27%] [32mBuilding CXX object online_signal_smoothing/CMakeFiles/moveit_butterworth_filter.dir/src/butterworth_filter.cpp.o[0m
[25.589s] [ 28%] [32mBuilding CXX object robot_state/CMakeFiles/moveit_robot_state.dir/src/cartesian_interpolator.cpp.o[0m
[25.589s] [ 28%] [32mBuilding CXX object robot_state/CMakeFiles/moveit_robot_state.dir/src/conversions.cpp.o[0m
[25.591s] [ 28%] [32mBuilding CXX object robot_state/CMakeFiles/moveit_robot_state.dir/src/attached_body.cpp.o[0m
[25.599s] [ 29%] [32mBuilding CXX object utils/CMakeFiles/moveit_test_utils.dir/src/robot_model_test_utils.cpp.o[0m
[25.604s] [ 30%] [32mBuilding CXX object robot_state/CMakeFiles/moveit_robot_state.dir/src/robot_state.cpp.o[0m
[25.906s] [ 31%] [32m[1mLinking CXX executable test_transforms[0m
[26.064s] [ 31%] Built target test_transforms
[26.472s] [ 31%] [32m[1mLinking CXX executable test_distance_field[0m
[26.696s] [ 31%] Built target test_distance_field
[32.085s] [ 31%] [32m[1mLinking CXX shared library libmoveit_butterworth_filter.so[0m
[32.241s] [ 31%] Built target moveit_butterworth_filter
[32.259s] [ 31%] [32mBuilding CXX object online_signal_smoothing/CMakeFiles/test_butterworth_filter.dir/test/test_butterworth_filter.cpp.o[0m
[34.517s] [ 32%] [32m[1mLinking CXX shared library libmoveit_test_utils.so[0m
[34.663s] [ 32%] Built target moveit_test_utils
[34.680s] [ 33%] [32mBuilding CXX object robot_model/CMakeFiles/test_robot_model.dir/test/test.cpp.o[0m
[37.658s] [ 34%] [32m[1mLinking CXX executable test_butterworth_filter[0m
[37.776s] [ 34%] Built target test_butterworth_filter
[39.255s] [ 34%] [32m[1mLinking CXX executable test_robot_model[0m
[39.455s] [ 34%] Built target test_robot_model
[45.453s] [ 35%] [32m[1mLinking CXX shared library libmoveit_robot_state.so[0m
[45.577s] [ 35%] Built target moveit_robot_state
[45.596s] [ 36%] [32mBuilding CXX object dynamics_solver/CMakeFiles/moveit_dynamics_solver.dir/src/dynamics_solver.cpp.o[0m
[45.596s] [ 37%] [32mBuilding CXX object kinematics_metrics/CMakeFiles/moveit_kinematics_metrics.dir/src/kinematics_metrics.cpp.o[0m
[45.596s] [ 37%] [32mBuilding CXX object robot_trajectory/CMakeFiles/moveit_robot_trajectory.dir/src/robot_trajectory.cpp.o[0m
[45.596s] [ 38%] [32mBuilding CXX object robot_state/CMakeFiles/test_robot_state.dir/test/robot_state_test.cpp.o[0m
[45.597s] [ 38%] [32mBuilding CXX object robot_state/CMakeFiles/test_robot_state_complex.dir/test/test_kinematic_complex.cpp.o[0m
[45.597s] [ 38%] [32mBuilding CXX object robot_state/CMakeFiles/test_robot_state_benchmark.dir/test/robot_state_benchmark.cpp.o[0m
[45.597s] [ 38%] [32mBuilding CXX object collision_detection/CMakeFiles/moveit_collision_detection.dir/src/allvalid/collision_env_allvalid.cpp.o[0m
[45.597s] [ 38%] [32mBuilding CXX object robot_state/CMakeFiles/test_aabb.dir/test/test_aabb.cpp.o[0m
[51.392s] [ 39%] [32mBuilding CXX object collision_detection/CMakeFiles/moveit_collision_detection.dir/src/collision_common.cpp.o[0m
[52.358s] [ 40%] [32m[1mLinking CXX shared library libmoveit_dynamics_solver.so[0m
[52.704s] [ 40%] Built target moveit_dynamics_solver
[52.716s] [ 40%] [32mBuilding CXX object collision_detection/CMakeFiles/moveit_collision_detection.dir/src/collision_matrix.cpp.o[0m
[53.733s] [ 41%] [32m[1mLinking CXX executable test_robot_state_benchmark[0m
[54.038s] [ 41%] Built target test_robot_state_benchmark
[54.046s] [ 42%] [32mBuilding CXX object collision_detection/CMakeFiles/moveit_collision_detection.dir/src/collision_octomap_filter.cpp.o[0m
[55.483s] [ 43%] [32m[1mLinking CXX executable test_aabb[0m
[55.617s] [ 44%] [32m[1mLinking CXX executable test_robot_state_complex[0m
[55.748s] [ 44%] Built target test_aabb
[55.755s] [ 45%] [32mBuilding CXX object collision_detection/CMakeFiles/moveit_collision_detection.dir/src/collision_tools.cpp.o[0m
[55.966s] [ 45%] Built target test_robot_state_complex
[56.099s] [ 46%] [32mBuilding CXX object robot_state/CMakeFiles/test_cartesian_interpolator.dir/test/test_cartesian_interpolator.cpp.o[0m
[56.105s] [ 46%] [32m[1mLinking CXX shared library libmoveit_robot_trajectory.so[0m
[56.270s] [ 46%] Built target moveit_robot_trajectory
[56.290s] [ 46%] [32mBuilding CXX object trajectory_processing/CMakeFiles/moveit_trajectory_processing.dir/src/iterative_time_parameterization.cpp.o[0m
[56.414s] [ 46%] [32mBuilding CXX object collision_detection/CMakeFiles/moveit_collision_detection.dir/src/world.cpp.o[0m
[57.536s] [ 47%] [32m[1mLinking CXX executable test_robot_state[0m
[57.797s] [ 47%] Built target test_robot_state
[57.815s] [ 48%] [32mBuilding CXX object planning_interface/CMakeFiles/moveit_planning_interface.dir/src/planning_interface.cpp.o[0m
[58.485s] [ 49%] [32mBuilding CXX object collision_detection/CMakeFiles/moveit_collision_detection.dir/src/world_diff.cpp.o[0m
[59.268s] [ 49%] [32mBuilding CXX object collision_detection/CMakeFiles/moveit_collision_detection.dir/src/collision_env.cpp.o[0m
[60.924s] [ 50%] [32mBuilding CXX object collision_detection/CMakeFiles/moveit_collision_detection.dir/src/collision_plugin_cache.cpp.o[0m
[61.390s] [ 51%] [32mBuilding CXX object planning_interface/CMakeFiles/moveit_planning_interface.dir/src/planning_response.cpp.o[0m
[62.283s] [ 51%] [32m[1mLinking CXX executable test_cartesian_interpolator[0m
[62.496s] [ 51%] Built target test_cartesian_interpolator
[62.513s] [ 52%] [32mBuilding CXX object robot_trajectory/CMakeFiles/test_robot_trajectory.dir/test/test_robot_trajectory.cpp.o[0m
[62.995s] [ 53%] [32mBuilding CXX object trajectory_processing/CMakeFiles/moveit_trajectory_processing.dir/src/iterative_spline_parameterization.cpp.o[0m
[63.208s] [ 53%] [32mBuilding CXX object trajectory_processing/CMakeFiles/moveit_trajectory_processing.dir/src/ruckig_traj_smoothing.cpp.o[0m
[65.139s] [ 54%] [32mBuilding CXX object trajectory_processing/CMakeFiles/moveit_trajectory_processing.dir/src/trajectory_tools.cpp.o[0m
[65.539s] [ 54%] [32m[1mLinking CXX shared library libmoveit_kinematics_metrics.so[0m
[65.691s] [ 54%] Built target moveit_kinematics_metrics
[65.698s] [ 54%] [32mBuilding CXX object trajectory_processing/CMakeFiles/moveit_trajectory_processing.dir/src/time_optimal_trajectory_generation.cpp.o[0m
[67.260s] [ 54%] [32m[1mLinking CXX shared library libmoveit_planning_interface.so[0m
[67.389s] [ 54%] Built target moveit_planning_interface
[70.640s] [ 54%] [32m[1mLinking CXX executable test_robot_trajectory[0m
[70.888s] [ 54%] Built target test_robot_trajectory
[72.198s] [ 54%] [32m[1mLinking CXX shared library libmoveit_collision_detection.so[0m
[72.341s] [ 54%] Built target moveit_collision_detection
[72.364s] [ 55%] [32mBuilding CXX object collision_detection/CMakeFiles/test_all_valid.dir/test/test_all_valid.cpp.o[0m
[72.366s] [ 56%] [32mBuilding CXX object collision_detection/CMakeFiles/test_world.dir/test/test_world.cpp.o[0m
[72.366s] [ 57%] [32mBuilding CXX object collision_detection/CMakeFiles/test_world_diff.dir/test/test_world_diff.cpp.o[0m
[72.367s] [ 58%] [32mBuilding CXX object collision_detection_fcl/CMakeFiles/moveit_collision_detection_fcl.dir/src/collision_common.cpp.o[0m
[72.367s] [ 58%] [32mBuilding CXX object collision_detection_fcl/CMakeFiles/moveit_collision_detection_fcl.dir/src/collision_env_fcl.cpp.o[0m
[72.371s] [ 59%] [32mBuilding CXX object collision_detection_bullet/CMakeFiles/moveit_collision_detection_bullet.dir/src/bullet_integration/bullet_discrete_bvh_manager.cpp.o[0m
[72.371s] [ 60%] [32mBuilding CXX object collision_detection_bullet/CMakeFiles/moveit_collision_detection_bullet.dir/src/bullet_integration/bullet_utils.cpp.o[0m
[73.454s] [ 61%] [32m[1mLinking CXX shared library libmoveit_trajectory_processing.so[0m
[73.609s] [ 61%] Built target moveit_trajectory_processing
[73.623s] [ 61%] [32mBuilding CXX object collision_detection_bullet/CMakeFiles/moveit_collision_detection_bullet.dir/src/bullet_integration/bullet_cast_bvh_manager.cpp.o[0m
[77.100s] [ 62%] [32m[1mLinking CXX executable test_world_diff[0m
[77.312s] [ 62%] Built target test_world_diff
[77.329s] [ 62%] [32mBuilding CXX object trajectory_processing/CMakeFiles/test_time_parameterization.dir/test/test_time_parameterization.cpp.o[0m
[77.435s] [ 63%] [32mBuilding CXX object collision_detection_bullet/CMakeFiles/moveit_collision_detection_bullet.dir/src/collision_env_bullet.cpp.o[0m
[77.935s] [ 63%] [32m[1mLinking CXX executable test_world[0m
[78.128s] [ 63%] Built target test_world
[78.147s] [ 64%] [32mBuilding CXX object trajectory_processing/CMakeFiles/test_time_optimal_trajectory_generation.dir/test/test_time_optimal_trajectory_generation.cpp.o[0m
[78.302s] [ 64%] [32m[1mLinking CXX executable test_all_valid[0m
[78.487s] [ 64%] Built target test_all_valid
[78.504s] [ 65%] [32mBuilding CXX object trajectory_processing/CMakeFiles/test_ruckig_traj_smoothing.dir/test/test_ruckig_traj_smoothing.cpp.o[0m
[78.594s] [ 65%] [32mBuilding CXX object collision_detection_bullet/CMakeFiles/moveit_collision_detection_bullet.dir/src/bullet_integration/bullet_bvh_manager.cpp.o[0m
[79.469s] [ 66%] [32mBuilding CXX object collision_detection_bullet/CMakeFiles/moveit_collision_detection_bullet.dir/src/bullet_integration/contact_checker_common.cpp.o[0m
[79.694s] [ 67%] [32mBuilding CXX object collision_detection_bullet/CMakeFiles/moveit_collision_detection_bullet.dir/src/bullet_integration/ros_bullet_utils.cpp.o[0m
[81.062s] [ 68%] [32m[1mLinking CXX shared library libmoveit_collision_detection_fcl.so[0m
[81.267s] [ 68%] Built target moveit_collision_detection_fcl
[81.286s] [ 69%] [32mBuilding CXX object kinematic_constraints/CMakeFiles/moveit_kinematic_constraints.dir/src/kinematic_constraint.cpp.o[0m
[83.788s] [ 69%] [32mBuilding CXX object kinematic_constraints/CMakeFiles/moveit_kinematic_constraints.dir/src/utils.cpp.o[0m
[84.654s] [ 69%] [32mBuilding CXX object collision_detection_fcl/CMakeFiles/test_fcl_collision_env.dir/test/test_fcl_env.cpp.o[0m
[84.780s] [ 70%] [32mBuilding CXX object collision_detection_fcl/CMakeFiles/test_fcl_collision_detection.dir/test/test_fcl_collision_detection_pr2.cpp.o[0m
[85.268s] [ 71%] [32m[1mLinking CXX executable test_time_parameterization[0m
[85.616s] [ 71%] Built target test_time_parameterization
[85.635s] [ 72%] [32mBuilding CXX object collision_detection_fcl/CMakeFiles/test_fcl_collision_detection_panda.dir/test/test_fcl_collision_detection_panda.cpp.o[0m
[85.802s] [ 72%] [32m[1mLinking CXX shared library libmoveit_collision_detection_bullet.so[0m
[86.012s] [ 72%] Built target moveit_collision_detection_bullet
[86.031s] [ 73%] [32mBuilding CXX object collision_detection_bullet/CMakeFiles/test_bullet_collision_detection.dir/test/test_bullet_collision_detection_pr2.cpp.o[0m
[87.019s] [ 73%] [32m[1mLinking CXX executable test_ruckig_traj_smoothing[0m
[87.585s] [ 73%] Built target test_ruckig_traj_smoothing
[87.606s] [ 74%] [32mBuilding CXX object collision_detection_bullet/CMakeFiles/test_bullet_collision_detection_panda.dir/test/test_bullet_collision_detection_panda.cpp.o[0m
[88.530s] [ 75%] [32m[1mLinking CXX executable test_time_optimal_trajectory_generation[0m
[88.908s] [ 75%] Built target test_time_optimal_trajectory_generation
[89.009s] [ 75%] [32mBuilding CXX object collision_detection_bullet/CMakeFiles/test_bullet_continuous_collision_checking.dir/test/test_bullet_continuous_collision_checking.cpp.o[0m
[98.166s] [ 76%] [32m[1mLinking CXX executable test_fcl_collision_env[0m
[98.793s] [ 76%] Built target test_fcl_collision_env
[99.347s] [ 77%] [32m[1mLinking CXX shared library libmoveit_kinematic_constraints.so[0m
[99.571s] [ 77%] Built target moveit_kinematic_constraints
[99.591s] [ 77%] [32mBuilding CXX object kinematic_constraints/CMakeFiles/test_constraints.dir/test/test_constraints.cpp.o[0m
[99.599s] [ 78%] [32mBuilding CXX object kinematic_constraints/CMakeFiles/test_orientation_constraints.dir/test/test_orientation_constraints.cpp.o[0m
[99.605s] [ 79%] [32mBuilding CXX object planning_scene/CMakeFiles/moveit_planning_scene.dir/src/planning_scene.cpp.o[0m
[99.849s] [ 80%] [32m[1mLinking CXX executable test_bullet_collision_detection_panda[0m
[100.186s] [ 80%] Built target test_bullet_collision_detection_panda
[100.300s] [ 81%] [32m[1mLinking CXX executable test_fcl_collision_detection_panda[0m
[100.325s] [ 81%] [32m[1mLinking CXX executable test_fcl_collision_detection[0m
[100.673s] [ 81%] Built target test_fcl_collision_detection
[100.757s] [ 81%] Built target test_fcl_collision_detection_panda
[100.983s] [ 81%] [32m[1mLinking CXX executable test_bullet_collision_detection[0m
[101.269s] [ 81%] Built target test_bullet_collision_detection
[103.379s] [ 82%] [32m[1mLinking CXX executable test_bullet_continuous_collision_checking[0m
[103.644s] [ 82%] Built target test_bullet_continuous_collision_checking
[109.033s] [ 82%] [32m[1mLinking CXX executable test_orientation_constraints[0m
[109.268s] [ 82%] Built target test_orientation_constraints
[110.340s] [ 83%] [32m[1mLinking CXX executable test_constraints[0m
[110.575s] [ 83%] Built target test_constraints
[115.109s] [ 84%] [32m[1mLinking CXX shared library libmoveit_planning_scene.so[0m
[115.283s] [ 84%] Built target moveit_planning_scene
[115.300s] [ 86%] [32mBuilding CXX object planning_scene/CMakeFiles/test_planning_scene.dir/test/test_planning_scene.cpp.o[0m
[115.300s] [ 86%] [32mBuilding CXX object collision_distance_field/CMakeFiles/moveit_collision_distance_field.dir/src/collision_distance_field_types.cpp.o[0m
[115.301s] [ 89%] [32mBuilding CXX object planning_request_adapter/CMakeFiles/moveit_planning_request_adapter.dir/src/planning_request_adapter.cpp.o[0m
[115.301s] [ 89%] [32mBuilding CXX object constraint_samplers/CMakeFiles/moveit_constraint_samplers.dir/src/constraint_sampler.cpp.o[0m
[115.301s] [ 89%] [32mBuilding CXX object collision_detection_fcl/CMakeFiles/collision_detector_fcl_plugin.dir/src/collision_detector_fcl_plugin_loader.cpp.o[0m
[115.302s] [ 89%] [32mBuilding CXX object planning_scene/CMakeFiles/test_collision_objects.dir/test/test_collision_objects.cpp.o[0m
[115.302s] [ 89%] [32mBuilding CXX object collision_detection_bullet/CMakeFiles/collision_detector_bullet_plugin.dir/src/collision_detector_bullet_plugin_loader.cpp.o[0m
[115.302s] [ 89%] [32mBuilding CXX object planning_scene/CMakeFiles/test_multi_threaded.dir/test/test_multi_threaded.cpp.o[0m
[122.799s] [ 89%] [32mBuilding CXX object collision_distance_field/CMakeFiles/moveit_collision_distance_field.dir/src/collision_common_distance_field.cpp.o[0m
[123.836s] [ 89%] [32mBuilding CXX object constraint_samplers/CMakeFiles/moveit_constraint_samplers.dir/src/constraint_sampler_manager.cpp.o[0m
[124.224s] [ 89%] [32m[1mLinking CXX shared library libmoveit_planning_request_adapter.so[0m
[124.465s] [ 89%] Built target moveit_planning_request_adapter
[124.481s] [ 90%] [32mBuilding CXX object collision_distance_field/CMakeFiles/moveit_collision_distance_field.dir/src/collision_env_distance_field.cpp.o[0m
[124.700s] [ 91%] [32m[1mLinking CXX shared library libcollision_detector_bullet_plugin.so[0m
[124.899s] [ 91%] Built target collision_detector_bullet_plugin
[124.908s] [ 92%] [32mBuilding CXX object constraint_samplers/CMakeFiles/moveit_constraint_samplers.dir/src/constraint_sampler_tools.cpp.o[0m
[125.859s] [ 93%] [32m[1mLinking CXX shared library libcollision_detector_fcl_plugin.so[0m
[126.020s] [ 93%] Built target collision_detector_fcl_plugin
[126.031s] [ 93%] [32mBuilding CXX object collision_distance_field/CMakeFiles/moveit_collision_distance_field.dir/src/collision_env_hybrid.cpp.o[0m
[126.120s] [ 94%] [32m[1mLinking CXX executable test_multi_threaded[0m
[126.407s] [ 94%] Built target test_multi_threaded
[126.414s] [ 94%] [32mBuilding CXX object constraint_samplers/CMakeFiles/moveit_constraint_samplers.dir/src/default_constraint_samplers.cpp.o[0m
[127.724s] [ 94%] [32m[1mLinking CXX executable test_collision_objects[0m
[128.002s] [ 94%] Built target test_collision_objects
[128.013s] [ 95%] [32mBuilding CXX object constraint_samplers/CMakeFiles/moveit_constraint_samplers.dir/src/union_constraint_sampler.cpp.o[0m
[133.041s] [ 95%] [32m[1mLinking CXX executable test_planning_scene[0m
[133.597s] [ 95%] Built target test_planning_scene
[138.706s] [ 95%] [32m[1mLinking CXX shared library libmoveit_constraint_samplers.so[0m
[138.860s] [ 95%] Built target moveit_constraint_samplers
[138.877s] [ 97%] [32mBuilding CXX object constraint_samplers/CMakeFiles/test_constraint_samplers.dir/test/test_constraint_samplers.cpp.o[0m
[138.877s] [ 97%] [32mBuilding CXX object constraint_samplers/CMakeFiles/test_constraint_samplers.dir/test/pr2_arm_kinematics_plugin.cpp.o[0m
[138.878s] [ 97%] [32mBuilding CXX object constraint_samplers/CMakeFiles/test_constraint_samplers.dir/test/pr2_arm_ik.cpp.o[0m
[140.853s] [ 98%] [32m[1mLinking CXX shared library libmoveit_collision_distance_field.so[0m
[141.039s] [ 98%] Built target moveit_collision_distance_field
[141.058s] [ 99%] [32mBuilding CXX object collision_distance_field/CMakeFiles/test_collision_distance_field.dir/test/test_collision_distance_field.cpp.o[0m
[150.107s] [ 99%] [32m[1mLinking CXX executable test_collision_distance_field[0m
[150.338s] [ 99%] Built target test_collision_distance_field
[151.056s] [100%] [32m[1mLinking CXX executable test_constraint_samplers[0m
[151.336s] [100%] Built target test_constraint_samplers
[151.356s] Invoked command in '/home/rinav/ros2_ws/build/moveit_core' returned '0': AMENT_PREFIX_PATH=/home/rinav/ros2_ws/install/moveit_resources_panda_moveit_config:/home/rinav/ros2_ws/install/srdfdom:/home/rinav/ros2_ws/install/moveit_resources_pr2_description:/home/rinav/ros2_ws/install/moveit_resources_panda_description:/home/rinav/ros2_ws/install/moveit_common:${AMENT_PREFIX_PATH} CMAKE_PREFIX_PATH=/home/rinav/ros2_ws/install/moveit_resources_panda_moveit_config:/home/rinav/ros2_ws/install/srdfdom:/home/rinav/ros2_ws/install/moveit_resources_pr2_description:/home/rinav/ros2_ws/install/moveit_resources_panda_description:/home/rinav/ros2_ws/install/moveit_common:/home/rinav/ros2_ws/install/rviz_visual_testing_framework:/home/rinav/ros2_ws/install/rviz_rendering_tests:/home/rinav/ros2_ws/install/rviz2:/home/rinav/ros2_ws/install/rviz_default_plugins:/home/rinav/ros2_ws/install/rviz_common:/home/rinav/ros2_ws/install/rviz_rendering:/home/rinav/ros2_ws/install/rviz_ogre_vendor:/home/rinav/ros2_ws/install/rviz_assimp_vendor:/home/rinav/ros2_ws/src/rviz/install:/home/rinav/ros2_ws/install/husky_ur3_moveit_config:/home/rinav/ros2_ws/install/ur:/home/rinav/ros2_ws/install/ur_calibration:/home/rinav/ros2_ws/install/ur_robot_driver:/home/rinav/ros2_ws/install/ur_moveit_config:/home/rinav/ros2_ws/install/ur_bringup:/home/rinav/ros2_ws/install/ur_description:/home/rinav/ros2_ws/install/ur_controllers:/home/rinav/ros2_ws/install/ur_dashboard_msgs:/home/rinav/ros2_ws/install/turtlesim:/home/rinav/ros2_ws/install/robotis_manipulator:/home/rinav/ros2_ws/install/husky_desktop:/home/rinav/ros2_ws/install/husky_viz:/home/rinav/ros2_ws/install/husky_ur3_ignition:/home/rinav/ros2_ws/install/husky_simulator:/home/rinav/ros2_ws/install/husky_robot:/home/rinav/ros2_ws/install/husky_bringup:/home/rinav/ros2_ws/install/husky_base:/home/rinav/ros2_ws/install/husky_msgs:/home/rinav/ros2_ws/install/husky_gazebo:/home/rinav/ros2_ws/install/husky_control:/home/rinav/ros2_ws/install/husky_description:/home/rinav/ros2_ws/install/trial_package:/home/rinav/ros2_ws/install/py_srvcli:/home/rinav/ros2_ws/install/py_pubsub:/home/rinav/ros2_ws/install/mobile_robotics:/opt/ros/humble LD_LIBRARY_PATH=/home/rinav/ros2_ws/install/srdfdom/lib:${LD_LIBRARY_PATH} PYTHONPATH=/home/rinav/ros2_ws/install/srdfdom/local/lib/python3.10/dist-packages:${PYTHONPATH} /usr/bin/cmake --build /home/rinav/ros2_ws/build/moveit_core -- -j8 -l8
[151.360s] Invoking command in '/home/rinav/ros2_ws/build/moveit_core': AMENT_PREFIX_PATH=/home/rinav/ros2_ws/install/moveit_resources_panda_moveit_config:/home/rinav/ros2_ws/install/srdfdom:/home/rinav/ros2_ws/install/moveit_resources_pr2_description:/home/rinav/ros2_ws/install/moveit_resources_panda_description:/home/rinav/ros2_ws/install/moveit_common:${AMENT_PREFIX_PATH} CMAKE_PREFIX_PATH=/home/rinav/ros2_ws/install/moveit_resources_panda_moveit_config:/home/rinav/ros2_ws/install/srdfdom:/home/rinav/ros2_ws/install/moveit_resources_pr2_description:/home/rinav/ros2_ws/install/moveit_resources_panda_description:/home/rinav/ros2_ws/install/moveit_common:/home/rinav/ros2_ws/install/rviz_visual_testing_framework:/home/rinav/ros2_ws/install/rviz_rendering_tests:/home/rinav/ros2_ws/install/rviz2:/home/rinav/ros2_ws/install/rviz_default_plugins:/home/rinav/ros2_ws/install/rviz_common:/home/rinav/ros2_ws/install/rviz_rendering:/home/rinav/ros2_ws/install/rviz_ogre_vendor:/home/rinav/ros2_ws/install/rviz_assimp_vendor:/home/rinav/ros2_ws/src/rviz/install:/home/rinav/ros2_ws/install/husky_ur3_moveit_config:/home/rinav/ros2_ws/install/ur:/home/rinav/ros2_ws/install/ur_calibration:/home/rinav/ros2_ws/install/ur_robot_driver:/home/rinav/ros2_ws/install/ur_moveit_config:/home/rinav/ros2_ws/install/ur_bringup:/home/rinav/ros2_ws/install/ur_description:/home/rinav/ros2_ws/install/ur_controllers:/home/rinav/ros2_ws/install/ur_dashboard_msgs:/home/rinav/ros2_ws/install/turtlesim:/home/rinav/ros2_ws/install/robotis_manipulator:/home/rinav/ros2_ws/install/husky_desktop:/home/rinav/ros2_ws/install/husky_viz:/home/rinav/ros2_ws/install/husky_ur3_ignition:/home/rinav/ros2_ws/install/husky_simulator:/home/rinav/ros2_ws/install/husky_robot:/home/rinav/ros2_ws/install/husky_bringup:/home/rinav/ros2_ws/install/husky_base:/home/rinav/ros2_ws/install/husky_msgs:/home/rinav/ros2_ws/install/husky_gazebo:/home/rinav/ros2_ws/install/husky_control:/home/rinav/ros2_ws/install/husky_description:/home/rinav/ros2_ws/install/trial_package:/home/rinav/ros2_ws/install/py_srvcli:/home/rinav/ros2_ws/install/py_pubsub:/home/rinav/ros2_ws/install/mobile_robotics:/opt/ros/humble LD_LIBRARY_PATH=/home/rinav/ros2_ws/install/srdfdom/lib:${LD_LIBRARY_PATH} PYTHONPATH=/home/rinav/ros2_ws/install/srdfdom/local/lib/python3.10/dist-packages:${PYTHONPATH} /usr/bin/cmake --install /home/rinav/ros2_ws/build/moveit_core
[151.367s] -- Install configuration: "Release"
[151.368s] -- Installing: /home/rinav/ros2_ws/install/moveit_core/include/moveit/version.h
[151.368s] -- Up-to-date: /home/rinav/ros2_ws/install/moveit_core/include
[151.368s] -- Up-to-date: /home/rinav/ros2_ws/install/moveit_core/include/moveit
[151.368s] -- Installing: /home/rinav/ros2_ws/install/moveit_core/include/moveit/collision_distance_field
[151.368s] -- Installing: /home/rinav/ros2_ws/install/moveit_core/include/moveit/collision_distance_field/collision_detector_allocator_distance_field.h
[151.368s] -- Installing: /home/rinav/ros2_ws/install/moveit_core/include/moveit/collision_distance_field/collision_distance_field_types.h
[151.368s] -- Installing: /home/rinav/ros2_ws/install/moveit_core/include/moveit/collision_distance_field/collision_common_distance_field.h
[151.368s] -- Installing: /home/rinav/ros2_ws/install/moveit_core/include/moveit/collision_distance_field/collision_env_hybrid.h
[151.369s] -- Installing: /home/rinav/ros2_ws/install/moveit_core/include/moveit/collision_distance_field/collision_env_distance_field.h
[151.369s] -- Installing: /home/rinav/ros2_ws/install/moveit_core/include/moveit/collision_distance_field/collision_detector_allocator_hybrid.h
[151.369s] -- Installing: /home/rinav/ros2_ws/install/moveit_core/include/moveit_collision_distance_field_export.h
[151.369s] -- Up-to-date: /home/rinav/ros2_ws/install/moveit_core/include
[151.369s] -- Up-to-date: /home/rinav/ros2_ws/install/moveit_core/include/moveit
[151.369s] -- Installing: /home/rinav/ros2_ws/install/moveit_core/include/moveit/constraint_samplers
[151.369s] -- Installing: /home/rinav/ros2_ws/install/moveit_core/include/moveit/constraint_samplers/constraint_sampler.h
[151.369s] -- Installing: /home/rinav/ros2_ws/install/moveit_core/include/moveit/constraint_samplers/constraint_sampler_allocator.h
[151.369s] -- Installing: /home/rinav/ros2_ws/install/moveit_core/include/moveit/constraint_samplers/union_constraint_sampler.h
[151.369s] -- Installing: /home/rinav/ros2_ws/install/moveit_core/include/moveit/constraint_samplers/constraint_sampler_tools.h
[151.369s] -- Installing: /home/rinav/ros2_ws/install/moveit_core/include/moveit/constraint_samplers/constraint_sampler_manager.h
[151.370s] -- Installing: /home/rinav/ros2_ws/install/moveit_core/include/moveit/constraint_samplers/default_constraint_samplers.h
[151.370s] -- Up-to-date: /home/rinav/ros2_ws/install/moveit_core/include
[151.370s] -- Up-to-date: /home/rinav/ros2_ws/install/moveit_core/include/moveit
[151.370s] -- Installing: /home/rinav/ros2_ws/install/moveit_core/include/moveit/controller_manager
[151.370s] -- Installing: /home/rinav/ros2_ws/install/moveit_core/include/moveit/controller_manager/controller_manager.h
[151.370s] -- Up-to-date: /home/rinav/ros2_ws/install/moveit_core/include
[151.370s] -- Up-to-date: /home/rinav/ros2_ws/install/moveit_core/include/moveit
[151.371s] -- Installing: /home/rinav/ros2_ws/install/moveit_core/include/moveit/distance_field
[151.371s] -- Installing: /home/rinav/ros2_ws/install/moveit_core/include/moveit/distance_field/propagation_distance_field.h
[151.371s] -- Installing: /home/rinav/ros2_ws/install/moveit_core/include/moveit/distance_field/distance_field.h
[151.371s] -- Installing: /home/rinav/ros2_ws/install/moveit_core/include/moveit/distance_field/voxel_grid.h
[151.371s] -- Installing: /home/rinav/ros2_ws/install/moveit_core/include/moveit/distance_field/find_internal_points.h
[151.371s] -- Up-to-date: /home/rinav/ros2_ws/install/moveit_core/include
[151.371s] -- Up-to-date: /home/rinav/ros2_ws/install/moveit_core/include/moveit
[151.371s] -- Installing: /home/rinav/ros2_ws/install/moveit_core/include/moveit/dynamics_solver
[151.371s] -- Installing: /home/rinav/ros2_ws/install/moveit_core/include/moveit/dynamics_solver/dynamics_solver.h
[151.371s] -- Up-to-date: /home/rinav/ros2_ws/install/moveit_core/include
[151.371s] -- Up-to-date: /home/rinav/ros2_ws/install/moveit_core/include/moveit
[151.371s] -- Installing: /home/rinav/ros2_ws/install/moveit_core/include/moveit/exceptions
[151.371s] -- Installing: /home/rinav/ros2_ws/install/moveit_core/include/moveit/exceptions/exceptions.h
[151.372s] -- Up-to-date: /home/rinav/ros2_ws/install/moveit_core/include
[151.372s] -- Up-to-date: /home/rinav/ros2_ws/install/moveit_core/include/moveit
[151.372s] -- Installing: /home/rinav/ros2_ws/install/moveit_core/include/moveit/kinematics_base
[151.372s] -- Installing: /home/rinav/ros2_ws/install/moveit_core/include/moveit/kinematics_base/kinematics_base.h
[151.372s] -- Installing: /home/rinav/ros2_ws/install/moveit_core/include/moveit_kinematics_base_export.h
[151.372s] -- Up-to-date: /home/rinav/ros2_ws/install/moveit_core/include
[151.372s] -- Up-to-date: /home/rinav/ros2_ws/install/moveit_core/include/moveit
[151.372s] -- Installing: /home/rinav/ros2_ws/install/moveit_core/include/moveit/kinematic_constraints
[151.372s] -- Installing: /home/rinav/ros2_ws/install/moveit_core/include/moveit/kinematic_constraints/utils.h
[151.372s] -- Installing: /home/rinav/ros2_ws/install/moveit_core/include/moveit/kinematic_constraints/kinematic_constraint.h
[151.372s] -- Up-to-date: /home/rinav/ros2_ws/install/moveit_core/include
[151.373s] -- Up-to-date: /home/rinav/ros2_ws/install/moveit_core/include/moveit
[151.373s] -- Installing: /home/rinav/ros2_ws/install/moveit_core/include/moveit/kinematics_metrics
[151.373s] -- Installing: /home/rinav/ros2_ws/install/moveit_core/include/moveit/kinematics_metrics/kinematics_metrics.h
[151.373s] -- Up-to-date: /home/rinav/ros2_ws/install/moveit_core/include
[151.373s] -- Up-to-date: /home/rinav/ros2_ws/install/moveit_core/include/moveit
[151.373s] -- Installing: /home/rinav/ros2_ws/install/moveit_core/include/moveit/macros
[151.373s] -- Installing: /home/rinav/ros2_ws/install/moveit_core/include/moveit/macros/deprecation.h
[151.373s] -- Installing: /home/rinav/ros2_ws/install/moveit_core/include/moveit/macros/declare_ptr.h
[151.373s] -- Installing: /home/rinav/ros2_ws/install/moveit_core/include/moveit/macros/class_forward.h
[151.373s] -- Installing: /home/rinav/ros2_ws/install/moveit_core/include/moveit/macros/console_colors.h
[151.373s] -- Installing: /home/rinav/ros2_ws/install/moveit_core/include/moveit_core
[151.374s] -- Installing: /home/rinav/ros2_ws/install/moveit_core/include/moveit_core/moveit_butterworth_parameters.hpp
[151.374s] -- Up-to-date: /home/rinav/ros2_ws/install/moveit_core/include
[151.374s] -- Up-to-date: /home/rinav/ros2_ws/install/moveit_core/include/moveit
[151.374s] -- Installing: /home/rinav/ros2_ws/install/moveit_core/include/moveit/online_signal_smoothing
[151.374s] -- Installing: /home/rinav/ros2_ws/install/moveit_core/include/moveit/online_signal_smoothing/butterworth_filter.h
[151.374s] -- Installing: /home/rinav/ros2_ws/install/moveit_core/include/moveit/online_signal_smoothing/smoothing_base_class.h
[151.374s] -- Installing: /home/rinav/ros2_ws/install/moveit_core/include/moveit_smoothing_base_export.h
[151.374s] -- Installing: /home/rinav/ros2_ws/install/moveit_core/include/moveit_butterworth_filter_export.h
[151.375s] -- Up-to-date: /home/rinav/ros2_ws/install/moveit_core/include
[151.375s] -- Up-to-date: /home/rinav/ros2_ws/install/moveit_core/include/moveit
[151.375s] -- Installing: /home/rinav/ros2_ws/install/moveit_core/include/moveit/planning_interface
[151.375s] -- Installing: /home/rinav/ros2_ws/install/moveit_core/include/moveit/planning_interface/planning_interface.h
[151.375s] -- Installing: /home/rinav/ros2_ws/install/moveit_core/include/moveit/planning_interface/planning_response.h
[151.375s] -- Installing: /home/rinav/ros2_ws/install/moveit_core/include/moveit/planning_interface/planning_request.h
[151.375s] -- Up-to-date: /home/rinav/ros2_ws/install/moveit_core/include
[151.375s] -- Up-to-date: /home/rinav/ros2_ws/install/moveit_core/include/moveit
[151.375s] -- Installing: /home/rinav/ros2_ws/install/moveit_core/include/moveit/planning_request_adapter
[151.375s] -- Installing: /home/rinav/ros2_ws/install/moveit_core/include/moveit/planning_request_adapter/planning_request_adapter.h
[151.375s] -- Up-to-date: /home/rinav/ros2_ws/install/moveit_core/include
[151.375s] -- Up-to-date: /home/rinav/ros2_ws/install/moveit_core/include/moveit
[151.376s] -- Installing: /home/rinav/ros2_ws/install/moveit_core/include/moveit/planning_scene
[151.376s] -- Installing: /home/rinav/ros2_ws/install/moveit_core/include/moveit/planning_scene/planning_scene.h
[151.376s] -- Installing: /home/rinav/ros2_ws/install/moveit_core/include/moveit_planning_scene_export.h
[151.376s] -- Up-to-date: /home/rinav/ros2_ws/install/moveit_core/include
[151.376s] -- Up-to-date: /home/rinav/ros2_ws/install/moveit_core/include/moveit
[151.376s] -- Installing: /home/rinav/ros2_ws/install/moveit_core/include/moveit/robot_model
[151.376s] -- Installing: /home/rinav/ros2_ws/install/moveit_core/include/moveit/robot_model/robot_model.h
[151.376s] -- Installing: /home/rinav/ros2_ws/install/moveit_core/include/moveit/robot_model/floating_joint_model.h
[151.376s] -- Installing: /home/rinav/ros2_ws/install/moveit_core/include/moveit/robot_model/joint_model.h
[151.376s] -- Installing: /home/rinav/ros2_ws/install/moveit_core/include/moveit/robot_model/link_model.h
[151.376s] -- Installing: /home/rinav/ros2_ws/install/moveit_core/include/moveit/robot_model/fixed_joint_model.h
[151.377s] -- Installing: /home/rinav/ros2_ws/install/moveit_core/include/moveit/robot_model/revolute_joint_model.h
[151.377s] -- Installing: /home/rinav/ros2_ws/install/moveit_core/include/moveit/robot_model/joint_model_group.h
[151.377s] -- Installing: /home/rinav/ros2_ws/install/moveit_core/include/moveit/robot_model/prismatic_joint_model.h
[151.377s] -- Installing: /home/rinav/ros2_ws/install/moveit_core/include/moveit/robot_model/aabb.h
[151.377s] -- Installing: /home/rinav/ros2_ws/install/moveit_core/include/moveit/robot_model/planar_joint_model.h
[151.377s] -- Up-to-date: /home/rinav/ros2_ws/install/moveit_core/include
[151.377s] -- Up-to-date: /home/rinav/ros2_ws/install/moveit_core/include/moveit
[151.377s] -- Installing: /home/rinav/ros2_ws/install/moveit_core/include/moveit/robot_state
[151.377s] -- Installing: /home/rinav/ros2_ws/install/moveit_core/include/moveit/robot_state/conversions.h
[151.377s] -- Installing: /home/rinav/ros2_ws/install/moveit_core/include/moveit/robot_state/attached_body.h
[151.378s] -- Installing: /home/rinav/ros2_ws/install/moveit_core/include/moveit/robot_state/robot_state.h
[151.378s] -- Installing: /home/rinav/ros2_ws/install/moveit_core/include/moveit/robot_state/cartesian_interpolator.h
[151.378s] -- Up-to-date: /home/rinav/ros2_ws/install/moveit_core/include
[151.378s] -- Up-to-date: /home/rinav/ros2_ws/install/moveit_core/include/moveit
[151.378s] -- Installing: /home/rinav/ros2_ws/install/moveit_core/include/moveit/robot_trajectory
[151.378s] -- Installing: /home/rinav/ros2_ws/install/moveit_core/include/moveit/robot_trajectory/robot_trajectory.h
[151.379s] -- Up-to-date: /home/rinav/ros2_ws/install/moveit_core/include
[151.379s] -- Up-to-date: /home/rinav/ros2_ws/install/moveit_core/include/moveit
[151.379s] -- Installing: /home/rinav/ros2_ws/install/moveit_core/include/moveit/sensor_manager
[151.379s] -- Installing: /home/rinav/ros2_ws/install/moveit_core/include/moveit/sensor_manager/sensor_manager.h
[151.379s] -- Up-to-date: /home/rinav/ros2_ws/install/moveit_core/include
[151.379s] -- Up-to-date: /home/rinav/ros2_ws/install/moveit_core/include/moveit
[151.379s] -- Installing: /home/rinav/ros2_ws/install/moveit_core/include/moveit/trajectory_processing
[151.380s] -- Installing: /home/rinav/ros2_ws/install/moveit_core/include/moveit/trajectory_processing/iterative_time_parameterization.h
[151.380s] -- Installing: /home/rinav/ros2_ws/install/moveit_core/include/moveit/trajectory_processing/time_optimal_trajectory_generation.h
[151.380s] -- Installing: /home/rinav/ros2_ws/install/moveit_core/include/moveit/trajectory_processing/time_parameterization.h
[151.380s] -- Installing: /home/rinav/ros2_ws/install/moveit_core/include/moveit/trajectory_processing/ruckig_traj_smoothing.h
[151.380s] -- Installing: /home/rinav/ros2_ws/install/moveit_core/include/moveit/trajectory_processing/trajectory_tools.h
[151.380s] -- Installing: /home/rinav/ros2_ws/install/moveit_core/include/moveit/trajectory_processing/iterative_spline_parameterization.h
[151.380s] -- Up-to-date: /home/rinav/ros2_ws/install/moveit_core/include
[151.381s] -- Up-to-date: /home/rinav/ros2_ws/install/moveit_core/include/moveit
[151.381s] -- Installing: /home/rinav/ros2_ws/install/moveit_core/include/moveit/transforms
[151.381s] -- Installing: /home/rinav/ros2_ws/install/moveit_core/include/moveit/transforms/transforms.h
[151.381s] -- Up-to-date: /home/rinav/ros2_ws/install/moveit_core/include
[151.381s] -- Up-to-date: /home/rinav/ros2_ws/install/moveit_core/include/moveit
[151.381s] -- Installing: /home/rinav/ros2_ws/install/moveit_core/include/moveit/utils
[151.381s] -- Installing: /home/rinav/ros2_ws/install/moveit_core/include/moveit/utils/robot_model_test_utils.h
[151.382s] -- Installing: /home/rinav/ros2_ws/install/moveit_core/include/moveit/utils/message_checks.h
[151.382s] -- Installing: /home/rinav/ros2_ws/install/moveit_core/include/moveit/utils/lexical_casts.h
[151.382s] -- Installing: /home/rinav/ros2_ws/install/moveit_core/include/moveit/utils/rclcpp_utils.h
[151.382s] -- Installing: /home/rinav/ros2_ws/install/moveit_core/include/moveit/utils/moveit_error_code.h
[151.382s] -- Installing: /home/rinav/ros2_ws/install/moveit_core/bin/moveit_version
[151.382s] -- Up-to-date: /home/rinav/ros2_ws/install/moveit_core/include
[151.382s] -- Up-to-date: /home/rinav/ros2_ws/install/moveit_core/include/moveit
[151.382s] -- Installing: /home/rinav/ros2_ws/install/moveit_core/include/moveit/collision_detection
[151.382s] -- Installing: /home/rinav/ros2_ws/install/moveit_core/include/moveit/collision_detection/collision_env.h
[151.383s] -- Installing: /home/rinav/ros2_ws/install/moveit_core/include/moveit/collision_detection/collision_plugin.h
[151.383s] -- Installing: /home/rinav/ros2_ws/install/moveit_core/include/moveit/collision_detection/test_collision_common_panda.h
[151.383s] -- Installing: /home/rinav/ros2_ws/install/moveit_core/include/moveit/collision_detection/test_collision_common_pr2.h
[151.383s] -- Installing: /home/rinav/ros2_ws/install/moveit_core/include/moveit/collision_detection/collision_detector_allocator.h
[151.383s] -- Installing: /home/rinav/ros2_ws/install/moveit_core/include/moveit/collision_detection/collision_matrix.h
[151.383s] -- Installing: /home/rinav/ros2_ws/install/moveit_core/include/moveit/collision_detection/allvalid
[151.383s] -- Installing: /home/rinav/ros2_ws/install/moveit_core/include/moveit/collision_detection/allvalid/collision_detector_allocator_allvalid.h
[151.383s] -- Installing: /home/rinav/ros2_ws/install/moveit_core/include/moveit/collision_detection/allvalid/collision_env_allvalid.h
[151.383s] -- Installing: /home/rinav/ros2_ws/install/moveit_core/include/moveit/collision_detection/occupancy_map.h
[151.383s] -- Installing: /home/rinav/ros2_ws/install/moveit_core/include/moveit/collision_detection/collision_plugin_cache.h
[151.384s] -- Installing: /home/rinav/ros2_ws/install/moveit_core/include/moveit/collision_detection/collision_tools.h
[151.384s] -- Installing: /home/rinav/ros2_ws/install/moveit_core/include/moveit/collision_detection/world_diff.h
[151.384s] -- Installing: /home/rinav/ros2_ws/install/moveit_core/include/moveit/collision_detection/world.h
[151.384s] -- Installing: /home/rinav/ros2_ws/install/moveit_core/include/moveit/collision_detection/collision_common.h
[151.384s] -- Installing: /home/rinav/ros2_ws/install/moveit_core/include/moveit/collision_detection/collision_octomap_filter.h
[151.384s] -- Installing: /home/rinav/ros2_ws/install/moveit_core/include/moveit_collision_detection_export.h
[151.384s] -- Up-to-date: /home/rinav/ros2_ws/install/moveit_core/include
[151.384s] -- Up-to-date: /home/rinav/ros2_ws/install/moveit_core/include/moveit
[151.384s] -- Installing: /home/rinav/ros2_ws/install/moveit_core/include/moveit/collision_detection_bullet
[151.385s] -- Installing: /home/rinav/ros2_ws/install/moveit_core/include/moveit/collision_detection_bullet/collision_env_bullet.h
[151.385s] -- Installing: /home/rinav/ros2_ws/install/moveit_core/include/moveit/collision_detection_bullet/collision_detector_bullet_plugin_loader.h
[151.385s] -- Installing: /home/rinav/ros2_ws/install/moveit_core/include/moveit/collision_detection_bullet/bullet_integration
[151.385s] -- Installing: /home/rinav/ros2_ws/install/moveit_core/include/moveit/collision_detection_bullet/bullet_integration/bullet_discrete_bvh_manager.h
[151.385s] -- Installing: /home/rinav/ros2_ws/install/moveit_core/include/moveit/collision_detection_bullet/bullet_integration/bullet_cast_bvh_manager.h
[151.385s] -- Installing: /home/rinav/ros2_ws/install/moveit_core/include/moveit/collision_detection_bullet/bullet_integration/bullet_utils.h
[151.385s] -- Installing: /home/rinav/ros2_ws/install/moveit_core/include/moveit/collision_detection_bullet/bullet_integration/basic_types.h
[151.385s] -- Installing: /home/rinav/ros2_ws/install/moveit_core/include/moveit/collision_detection_bullet/bullet_integration/bullet_bvh_manager.h
[151.385s] -- Installing: /home/rinav/ros2_ws/install/moveit_core/include/moveit/collision_detection_bullet/bullet_integration/contact_checker_common.h
[151.385s] -- Installing: /home/rinav/ros2_ws/install/moveit_core/include/moveit/collision_detection_bullet/bullet_integration/ros_bullet_utils.h
[151.385s] -- Installing: /home/rinav/ros2_ws/install/moveit_core/include/moveit/collision_detection_bullet/collision_detector_allocator_bullet.h
[151.386s] -- Installing: /home/rinav/ros2_ws/install/moveit_core/include/moveit_collision_detection_bullet_export.h
[151.386s] -- Up-to-date: /home/rinav/ros2_ws/install/moveit_core/include
[151.386s] -- Up-to-date: /home/rinav/ros2_ws/install/moveit_core/include/moveit
[151.386s] -- Installing: /home/rinav/ros2_ws/install/moveit_core/include/moveit/collision_detection_fcl
[151.386s] -- Installing: /home/rinav/ros2_ws/install/moveit_core/include/moveit/collision_detection_fcl/collision_detector_allocator_fcl.h
[151.386s] -- Installing: /home/rinav/ros2_ws/install/moveit_core/include/moveit/collision_detection_fcl/fcl_compat.h
[151.386s] -- Installing: /home/rinav/ros2_ws/install/moveit_core/include/moveit/collision_detection_fcl/collision_common.h
[151.387s] -- Installing: /home/rinav/ros2_ws/install/moveit_core/include/moveit/collision_detection_fcl/collision_env_fcl.h
[151.387s] -- Installing: /home/rinav/ros2_ws/install/moveit_core/include/moveit/collision_detection_fcl/collision_detector_fcl_plugin_loader.h
[151.387s] -- Installing: /home/rinav/ros2_ws/install/moveit_core/include/moveit_collision_detection_fcl_export.h
[151.387s] -- Installing: /home/rinav/ros2_ws/install/moveit_core/lib/libcollision_detector_bullet_plugin.so.2.5.9
[151.388s] -- Set runtime path of "/home/rinav/ros2_ws/install/moveit_core/lib/libcollision_detector_bullet_plugin.so.2.5.9" to ""
[151.389s] -- Installing: /home/rinav/ros2_ws/install/moveit_core/lib/libcollision_detector_bullet_plugin.so
[151.389s] -- Installing: /home/rinav/ros2_ws/install/moveit_core/lib/libmoveit_butterworth_filter.so.2.5.9
[151.389s] -- Set runtime path of "/home/rinav/ros2_ws/install/moveit_core/lib/libmoveit_butterworth_filter.so.2.5.9" to ""
[151.389s] -- Installing: /home/rinav/ros2_ws/install/moveit_core/lib/libmoveit_butterworth_filter.so
[151.390s] -- Installing: /home/rinav/ros2_ws/install/moveit_core/lib/libmoveit_collision_distance_field.so.2.5.9
[151.391s] -- Set runtime path of "/home/rinav/ros2_ws/install/moveit_core/lib/libmoveit_collision_distance_field.so.2.5.9" to ""
[151.391s] -- Installing: /home/rinav/ros2_ws/install/moveit_core/lib/libmoveit_collision_distance_field.so
[151.391s] -- Installing: /home/rinav/ros2_ws/install/moveit_core/lib/libmoveit_collision_detection.so.2.5.9
[151.392s] -- Set runtime path of "/home/rinav/ros2_ws/install/moveit_core/lib/libmoveit_collision_detection.so.2.5.9" to ""
[151.392s] -- Installing: /home/rinav/ros2_ws/install/moveit_core/lib/libmoveit_collision_detection.so
[151.392s] -- Installing: /home/rinav/ros2_ws/install/moveit_core/lib/libmoveit_collision_detection_fcl.so.2.5.9
[151.393s] -- Set runtime path of "/home/rinav/ros2_ws/install/moveit_core/lib/libmoveit_collision_detection_fcl.so.2.5.9" to ""
[151.393s] -- Installing: /home/rinav/ros2_ws/install/moveit_core/lib/libmoveit_collision_detection_fcl.so
[151.393s] -- Installing: /home/rinav/ros2_ws/install/moveit_core/lib/libmoveit_collision_detection_bullet.so.2.5.9
[151.395s] -- Set runtime path of "/home/rinav/ros2_ws/install/moveit_core/lib/libmoveit_collision_detection_bullet.so.2.5.9" to ""
[151.395s] -- Installing: /home/rinav/ros2_ws/install/moveit_core/lib/libmoveit_collision_detection_bullet.so
[151.395s] -- Installing: /home/rinav/ros2_ws/install/moveit_core/lib/libmoveit_dynamics_solver.so.2.5.9
[151.396s] -- Set runtime path of "/home/rinav/ros2_ws/install/moveit_core/lib/libmoveit_dynamics_solver.so.2.5.9" to ""
[151.396s] -- Installing: /home/rinav/ros2_ws/install/moveit_core/lib/libmoveit_dynamics_solver.so
[151.396s] -- Installing: /home/rinav/ros2_ws/install/moveit_core/lib/libmoveit_constraint_samplers.so.2.5.9
[151.397s] -- Set runtime path of "/home/rinav/ros2_ws/install/moveit_core/lib/libmoveit_constraint_samplers.so.2.5.9" to ""
[151.397s] -- Installing: /home/rinav/ros2_ws/install/moveit_core/lib/libmoveit_constraint_samplers.so
[151.397s] -- Installing: /home/rinav/ros2_ws/install/moveit_core/lib/libmoveit_distance_field.so.2.5.9
[151.398s] -- Set runtime path of "/home/rinav/ros2_ws/install/moveit_core/lib/libmoveit_distance_field.so.2.5.9" to ""
[151.399s] -- Installing: /home/rinav/ros2_ws/install/moveit_core/lib/libmoveit_distance_field.so
[151.399s] -- Installing: /home/rinav/ros2_ws/install/moveit_core/lib/libmoveit_exceptions.so.2.5.9
[151.399s] -- Set runtime path of "/home/rinav/ros2_ws/install/moveit_core/lib/libmoveit_exceptions.so.2.5.9" to ""
[151.399s] -- Installing: /home/rinav/ros2_ws/install/moveit_core/lib/libmoveit_exceptions.so
[151.399s] -- Installing: /home/rinav/ros2_ws/install/moveit_core/lib/libmoveit_kinematics_base.so
[151.399s] -- Set runtime path of "/home/rinav/ros2_ws/install/moveit_core/lib/libmoveit_kinematics_base.so" to ""
[151.399s] -- Installing: /home/rinav/ros2_ws/install/moveit_core/lib/libmoveit_kinematic_constraints.so.2.5.9
[151.400s] -- Set runtime path of "/home/rinav/ros2_ws/install/moveit_core/lib/libmoveit_kinematic_constraints.so.2.5.9" to ""
[151.400s] -- Installing: /home/rinav/ros2_ws/install/moveit_core/lib/libmoveit_kinematic_constraints.so
[151.400s] -- Installing: /home/rinav/ros2_ws/install/moveit_core/lib/libmoveit_kinematics_metrics.so.2.5.9
[151.401s] -- Set runtime path of "/home/rinav/ros2_ws/install/moveit_core/lib/libmoveit_kinematics_metrics.so.2.5.9" to ""
[151.401s] -- Installing: /home/rinav/ros2_ws/install/moveit_core/lib/libmoveit_kinematics_metrics.so
[151.401s] -- Installing: /home/rinav/ros2_ws/install/moveit_core/lib/libmoveit_planning_interface.so.2.5.9
[151.402s] -- Set runtime path of "/home/rinav/ros2_ws/install/moveit_core/lib/libmoveit_planning_interface.so.2.5.9" to ""
[151.402s] -- Installing: /home/rinav/ros2_ws/install/moveit_core/lib/libmoveit_planning_interface.so
[151.402s] -- Installing: /home/rinav/ros2_ws/install/moveit_core/lib/libmoveit_planning_scene.so.2.5.9
[151.404s] -- Set runtime path of "/home/rinav/ros2_ws/install/moveit_core/lib/libmoveit_planning_scene.so.2.5.9" to ""
[151.405s] -- Installing: /home/rinav/ros2_ws/install/moveit_core/lib/libmoveit_planning_scene.so
[151.405s] -- Installing: /home/rinav/ros2_ws/install/moveit_core/lib/libmoveit_planning_request_adapter.so.2.5.9
[151.406s] -- Set runtime path of "/home/rinav/ros2_ws/install/moveit_core/lib/libmoveit_planning_request_adapter.so.2.5.9" to ""
[151.406s] -- Installing: /home/rinav/ros2_ws/install/moveit_core/lib/libmoveit_planning_request_adapter.so
[151.406s] -- Installing: /home/rinav/ros2_ws/install/moveit_core/lib/libmoveit_robot_model.so.2.5.9
[151.408s] -- Set runtime path of "/home/rinav/ros2_ws/install/moveit_core/lib/libmoveit_robot_model.so.2.5.9" to ""
[151.408s] -- Installing: /home/rinav/ros2_ws/install/moveit_core/lib/libmoveit_robot_model.so
[151.408s] -- Installing: /home/rinav/ros2_ws/install/moveit_core/lib/libmoveit_robot_state.so.2.5.9
[151.409s] -- Set runtime path of "/home/rinav/ros2_ws/install/moveit_core/lib/libmoveit_robot_state.so.2.5.9" to ""
[151.409s] -- Installing: /home/rinav/ros2_ws/install/moveit_core/lib/libmoveit_robot_state.so
[151.409s] -- Installing: /home/rinav/ros2_ws/install/moveit_core/lib/libmoveit_robot_trajectory.so.2.5.9
[151.409s] -- Set runtime path of "/home/rinav/ros2_ws/install/moveit_core/lib/libmoveit_robot_trajectory.so.2.5.9" to ""
[151.409s] -- Installing: /home/rinav/ros2_ws/install/moveit_core/lib/libmoveit_robot_trajectory.so
[151.410s] -- Installing: /home/rinav/ros2_ws/install/moveit_core/lib/libmoveit_smoothing_base.so.2.5.9
[151.410s] -- Set runtime path of "/home/rinav/ros2_ws/install/moveit_core/lib/libmoveit_smoothing_base.so.2.5.9" to ""
[151.410s] -- Installing: /home/rinav/ros2_ws/install/moveit_core/lib/libmoveit_smoothing_base.so
[151.410s] -- Installing: /home/rinav/ros2_ws/install/moveit_core/lib/libmoveit_test_utils.so.2.5.9
[151.410s] -- Set runtime path of "/home/rinav/ros2_ws/install/moveit_core/lib/libmoveit_test_utils.so.2.5.9" to ""
[151.411s] -- Installing: /home/rinav/ros2_ws/install/moveit_core/lib/libmoveit_test_utils.so
[151.411s] -- Installing: /home/rinav/ros2_ws/install/moveit_core/lib/libmoveit_trajectory_processing.so.2.5.9
[151.411s] -- Set runtime path of "/home/rinav/ros2_ws/install/moveit_core/lib/libmoveit_trajectory_processing.so.2.5.9" to ""
[151.411s] -- Installing: /home/rinav/ros2_ws/install/moveit_core/lib/libmoveit_trajectory_processing.so
[151.411s] -- Installing: /home/rinav/ros2_ws/install/moveit_core/lib/libmoveit_transforms.so.2.5.9
[151.412s] -- Set runtime path of "/home/rinav/ros2_ws/install/moveit_core/lib/libmoveit_transforms.so.2.5.9" to ""
[151.412s] -- Installing: /home/rinav/ros2_ws/install/moveit_core/lib/libmoveit_transforms.so
[151.412s] -- Installing: /home/rinav/ros2_ws/install/moveit_core/lib/libmoveit_utils.so.2.5.9
[151.412s] -- Set runtime path of "/home/rinav/ros2_ws/install/moveit_core/lib/libmoveit_utils.so.2.5.9" to ""
[151.412s] -- Installing: /home/rinav/ros2_ws/install/moveit_core/lib/libmoveit_utils.so
[151.412s] -- Installing: /home/rinav/ros2_ws/install/moveit_core/share/moveit_core/environment/library_path.sh
[151.412s] -- Installing: /home/rinav/ros2_ws/install/moveit_core/share/moveit_core/environment/library_path.dsv
[151.413s] -- Installing: /home/rinav/ros2_ws/install/moveit_core/share/moveit_core/collision_detector_fcl_description.xml
[151.413s] -- Installing: /home/rinav/ros2_ws/install/moveit_core/share/moveit_core/collision_detector_bullet_description.xml
[151.413s] -- Installing: /home/rinav/ros2_ws/install/moveit_core/share/moveit_core/filter_plugin_butterworth.xml
[151.413s] -- Installing: /home/rinav/ros2_ws/install/moveit_core/share/ament_index/resource_index/package_run_dependencies/moveit_core
[151.413s] -- Installing: /home/rinav/ros2_ws/install/moveit_core/share/ament_index/resource_index/parent_prefix_path/moveit_core
[151.414s] -- Installing: /home/rinav/ros2_ws/install/moveit_core/share/moveit_core/environment/ament_prefix_path.sh
[151.415s] -- Installing: /home/rinav/ros2_ws/install/moveit_core/share/moveit_core/environment/ament_prefix_path.dsv
[151.415s] -- Installing: /home/rinav/ros2_ws/install/moveit_core/share/moveit_core/environment/path.sh
[151.415s] -- Installing: /home/rinav/ros2_ws/install/moveit_core/share/moveit_core/environment/path.dsv
[151.415s] -- Installing: /home/rinav/ros2_ws/install/moveit_core/share/moveit_core/local_setup.bash
[151.415s] -- Installing: /home/rinav/ros2_ws/install/moveit_core/share/moveit_core/local_setup.sh
[151.415s] -- Installing: /home/rinav/ros2_ws/install/moveit_core/share/moveit_core/local_setup.zsh
[151.415s] -- Installing: /home/rinav/ros2_ws/install/moveit_core/share/moveit_core/local_setup.dsv
[151.415s] -- Installing: /home/rinav/ros2_ws/install/moveit_core/share/moveit_core/package.dsv
[151.416s] -- Installing: /home/rinav/ros2_ws/install/moveit_core/share/ament_index/resource_index/packages/moveit_core
[151.416s] -- Installing: /home/rinav/ros2_ws/install/moveit_core/share/ament_index/resource_index/moveit_core__pluginlib__plugin/moveit_core
[151.416s] -- Installing: /home/rinav/ros2_ws/install/moveit_core/share/moveit_core/cmake/export_moveit_coreExport.cmake
[151.416s] -- Installing: /home/rinav/ros2_ws/install/moveit_core/share/moveit_core/cmake/export_moveit_coreExport-release.cmake
[151.416s] -- Installing: /home/rinav/ros2_ws/install/moveit_core/share/moveit_core/cmake/ConfigExtras.cmake
[151.416s] -- Installing: /home/rinav/ros2_ws/install/moveit_core/share/moveit_core/cmake/ament_cmake_export_targets-extras.cmake
[151.417s] -- Installing: /home/rinav/ros2_ws/install/moveit_core/share/moveit_core/cmake/ament_cmake_export_dependencies-extras.cmake
[151.417s] -- Installing: /home/rinav/ros2_ws/install/moveit_core/share/moveit_core/cmake/moveit_coreConfig.cmake
[151.417s] -- Installing: /home/rinav/ros2_ws/install/moveit_core/share/moveit_core/cmake/moveit_coreConfig-version.cmake
[151.417s] -- Installing: /home/rinav/ros2_ws/install/moveit_core/share/moveit_core/package.xml
[151.420s] Invoked command in '/home/rinav/ros2_ws/build/moveit_core' returned '0': AMENT_PREFIX_PATH=/home/rinav/ros2_ws/install/moveit_resources_panda_moveit_config:/home/rinav/ros2_ws/install/srdfdom:/home/rinav/ros2_ws/install/moveit_resources_pr2_description:/home/rinav/ros2_ws/install/moveit_resources_panda_description:/home/rinav/ros2_ws/install/moveit_common:${AMENT_PREFIX_PATH} CMAKE_PREFIX_PATH=/home/rinav/ros2_ws/install/moveit_resources_panda_moveit_config:/home/rinav/ros2_ws/install/srdfdom:/home/rinav/ros2_ws/install/moveit_resources_pr2_description:/home/rinav/ros2_ws/install/moveit_resources_panda_description:/home/rinav/ros2_ws/install/moveit_common:/home/rinav/ros2_ws/install/rviz_visual_testing_framework:/home/rinav/ros2_ws/install/rviz_rendering_tests:/home/rinav/ros2_ws/install/rviz2:/home/rinav/ros2_ws/install/rviz_default_plugins:/home/rinav/ros2_ws/install/rviz_common:/home/rinav/ros2_ws/install/rviz_rendering:/home/rinav/ros2_ws/install/rviz_ogre_vendor:/home/rinav/ros2_ws/install/rviz_assimp_vendor:/home/rinav/ros2_ws/src/rviz/install:/home/rinav/ros2_ws/install/husky_ur3_moveit_config:/home/rinav/ros2_ws/install/ur:/home/rinav/ros2_ws/install/ur_calibration:/home/rinav/ros2_ws/install/ur_robot_driver:/home/rinav/ros2_ws/install/ur_moveit_config:/home/rinav/ros2_ws/install/ur_bringup:/home/rinav/ros2_ws/install/ur_description:/home/rinav/ros2_ws/install/ur_controllers:/home/rinav/ros2_ws/install/ur_dashboard_msgs:/home/rinav/ros2_ws/install/turtlesim:/home/rinav/ros2_ws/install/robotis_manipulator:/home/rinav/ros2_ws/install/husky_desktop:/home/rinav/ros2_ws/install/husky_viz:/home/rinav/ros2_ws/install/husky_ur3_ignition:/home/rinav/ros2_ws/install/husky_simulator:/home/rinav/ros2_ws/install/husky_robot:/home/rinav/ros2_ws/install/husky_bringup:/home/rinav/ros2_ws/install/husky_base:/home/rinav/ros2_ws/install/husky_msgs:/home/rinav/ros2_ws/install/husky_gazebo:/home/rinav/ros2_ws/install/husky_control:/home/rinav/ros2_ws/install/husky_description:/home/rinav/ros2_ws/install/trial_package:/home/rinav/ros2_ws/install/py_srvcli:/home/rinav/ros2_ws/install/py_pubsub:/home/rinav/ros2_ws/install/mobile_robotics:/opt/ros/humble LD_LIBRARY_PATH=/home/rinav/ros2_ws/install/srdfdom/lib:${LD_LIBRARY_PATH} PYTHONPATH=/home/rinav/ros2_ws/install/srdfdom/local/lib/python3.10/dist-packages:${PYTHONPATH} /usr/bin/cmake --install /home/rinav/ros2_ws/build/moveit_core
