[0.039s] Invoking command in '/home/rinav/ros2_ws/build/ur_moveit_config': CMAKE_PREFIX_PATH=/home/rinav/ros2_ws/install/ur_description:/home/rinav/ros2_ws/src/husky/install/husky_desktop:/home/rinav/ros2_ws/src/husky/install/husky_viz:/home/rinav/ros2_ws/src/husky/install/husky_simulator:/home/rinav/ros2_ws/src/husky/install/husky_robot:/home/rinav/ros2_ws/src/husky/install/husky_bringup:/home/rinav/ros2_ws/src/husky/install/husky_base:/home/rinav/ros2_ws/src/husky/install/husky_msgs:/home/rinav/ros2_ws/src/husky/install/husky_gazebo:/home/rinav/ros2_ws/src/husky/install/husky_control:/home/rinav/ros2_ws/src/husky/install/husky_description:/home/rinav/ros2_ws/install/ur:/home/rinav/ros2_ws/install/ur_calibration:/home/rinav/ros2_ws/install/ur_robot_driver:/home/rinav/ros2_ws/install/ur_moveit_config:/home/rinav/ros2_ws/install/ur_bringup:/home/rinav/ros2_ws/install/ur_controllers:/home/rinav/ros2_ws/install/ur_dashboard_msgs:/home/rinav/ros2_ws/install/turtlesim:/home/rinav/ros2_ws/install/robotis_manipulator:/home/rinav/ros2_ws/install/husky_desktop:/home/rinav/ros2_ws/install/husky_viz:/home/rinav/ros2_ws/install/husky_ur3_ignition:/home/rinav/ros2_ws/install/husky_simulator:/home/rinav/ros2_ws/install/husky_robot:/home/rinav/ros2_ws/install/husky_gazebo:/home/rinav/ros2_ws/install/husky_bringup:/home/rinav/ros2_ws/install/husky_base:/home/rinav/ros2_ws/install/husky_msgs:/home/rinav/ros2_ws/install/husky_control:/home/rinav/ros2_ws/install/husky_description:/home/rinav/ros2_ws/install/trial_package:/home/rinav/ros2_ws/install/py_srvcli:/home/rinav/ros2_ws/install/py_pubsub:/home/rinav/ros2_ws/install/mobile_robotics:/opt/ros/humble /usr/bin/cmake --build /home/rinav/ros2_ws/build/ur_moveit_config -- -j8 -l8
[0.087s] Built target ament_cmake_python_copy_ur_moveit_config
[0.254s] running egg_info
[0.254s] writing ur_moveit_config.egg-info/PKG-INFO
[0.254s] writing dependency_links to ur_moveit_config.egg-info/dependency_links.txt
[0.255s] writing top-level names to ur_moveit_config.egg-info/top_level.txt
[0.256s] reading manifest file 'ur_moveit_config.egg-info/SOURCES.txt'
[0.256s] writing manifest file 'ur_moveit_config.egg-info/SOURCES.txt'
[0.274s] Built target ament_cmake_python_build_ur_moveit_config_egg
[0.394s] Invoked command in '/home/rinav/ros2_ws/build/ur_moveit_config' returned '0': CMAKE_PREFIX_PATH=/home/rinav/ros2_ws/install/ur_description:/home/rinav/ros2_ws/src/husky/install/husky_desktop:/home/rinav/ros2_ws/src/husky/install/husky_viz:/home/rinav/ros2_ws/src/husky/install/husky_simulator:/home/rinav/ros2_ws/src/husky/install/husky_robot:/home/rinav/ros2_ws/src/husky/install/husky_bringup:/home/rinav/ros2_ws/src/husky/install/husky_base:/home/rinav/ros2_ws/src/husky/install/husky_msgs:/home/rinav/ros2_ws/src/husky/install/husky_gazebo:/home/rinav/ros2_ws/src/husky/install/husky_control:/home/rinav/ros2_ws/src/husky/install/husky_description:/home/rinav/ros2_ws/install/ur:/home/rinav/ros2_ws/install/ur_calibration:/home/rinav/ros2_ws/install/ur_robot_driver:/home/rinav/ros2_ws/install/ur_moveit_config:/home/rinav/ros2_ws/install/ur_bringup:/home/rinav/ros2_ws/install/ur_controllers:/home/rinav/ros2_ws/install/ur_dashboard_msgs:/home/rinav/ros2_ws/install/turtlesim:/home/rinav/ros2_ws/install/robotis_manipulator:/home/rinav/ros2_ws/install/husky_desktop:/home/rinav/ros2_ws/install/husky_viz:/home/rinav/ros2_ws/install/husky_ur3_ignition:/home/rinav/ros2_ws/install/husky_simulator:/home/rinav/ros2_ws/install/husky_robot:/home/rinav/ros2_ws/install/husky_gazebo:/home/rinav/ros2_ws/install/husky_bringup:/home/rinav/ros2_ws/install/husky_base:/home/rinav/ros2_ws/install/husky_msgs:/home/rinav/ros2_ws/install/husky_control:/home/rinav/ros2_ws/install/husky_description:/home/rinav/ros2_ws/install/trial_package:/home/rinav/ros2_ws/install/py_srvcli:/home/rinav/ros2_ws/install/py_pubsub:/home/rinav/ros2_ws/install/mobile_robotics:/opt/ros/humble /usr/bin/cmake --build /home/rinav/ros2_ws/build/ur_moveit_config -- -j8 -l8
[0.394s] Invoking command in '/home/rinav/ros2_ws/build/ur_moveit_config': CMAKE_PREFIX_PATH=/home/rinav/ros2_ws/install/ur_description:/home/rinav/ros2_ws/src/husky/install/husky_desktop:/home/rinav/ros2_ws/src/husky/install/husky_viz:/home/rinav/ros2_ws/src/husky/install/husky_simulator:/home/rinav/ros2_ws/src/husky/install/husky_robot:/home/rinav/ros2_ws/src/husky/install/husky_bringup:/home/rinav/ros2_ws/src/husky/install/husky_base:/home/rinav/ros2_ws/src/husky/install/husky_msgs:/home/rinav/ros2_ws/src/husky/install/husky_gazebo:/home/rinav/ros2_ws/src/husky/install/husky_control:/home/rinav/ros2_ws/src/husky/install/husky_description:/home/rinav/ros2_ws/install/ur:/home/rinav/ros2_ws/install/ur_calibration:/home/rinav/ros2_ws/install/ur_robot_driver:/home/rinav/ros2_ws/install/ur_moveit_config:/home/rinav/ros2_ws/install/ur_bringup:/home/rinav/ros2_ws/install/ur_controllers:/home/rinav/ros2_ws/install/ur_dashboard_msgs:/home/rinav/ros2_ws/install/turtlesim:/home/rinav/ros2_ws/install/robotis_manipulator:/home/rinav/ros2_ws/install/husky_desktop:/home/rinav/ros2_ws/install/husky_viz:/home/rinav/ros2_ws/install/husky_ur3_ignition:/home/rinav/ros2_ws/install/husky_simulator:/home/rinav/ros2_ws/install/husky_robot:/home/rinav/ros2_ws/install/husky_gazebo:/home/rinav/ros2_ws/install/husky_bringup:/home/rinav/ros2_ws/install/husky_base:/home/rinav/ros2_ws/install/husky_msgs:/home/rinav/ros2_ws/install/husky_control:/home/rinav/ros2_ws/install/husky_description:/home/rinav/ros2_ws/install/trial_package:/home/rinav/ros2_ws/install/py_srvcli:/home/rinav/ros2_ws/install/py_pubsub:/home/rinav/ros2_ws/install/mobile_robotics:/opt/ros/humble /usr/bin/cmake --install /home/rinav/ros2_ws/build/ur_moveit_config
[0.401s] -- Install configuration: ""
[0.401s] -- Up-to-date: /home/rinav/ros2_ws/install/ur_moveit_config/share/ur_moveit_config/config
[0.401s] -- Up-to-date: /home/rinav/ros2_ws/install/ur_moveit_config/share/ur_moveit_config/config/controllers.yaml
[0.402s] -- Up-to-date: /home/rinav/ros2_ws/install/ur_moveit_config/share/ur_moveit_config/config/ompl_planning.yaml
[0.402s] -- Up-to-date: /home/rinav/ros2_ws/install/ur_moveit_config/share/ur_moveit_config/config/joint_limits.yaml
[0.402s] -- Up-to-date: /home/rinav/ros2_ws/install/ur_moveit_config/share/ur_moveit_config/config/kinematics.yaml
[0.402s] -- Up-to-date: /home/rinav/ros2_ws/install/ur_moveit_config/share/ur_moveit_config/config/ur_servo.yaml
[0.402s] -- Up-to-date: /home/rinav/ros2_ws/install/ur_moveit_config/share/ur_moveit_config/launch
[0.402s] -- Up-to-date: /home/rinav/ros2_ws/install/ur_moveit_config/share/ur_moveit_config/launch/ur_moveit.launch.py
[0.402s] -- Up-to-date: /home/rinav/ros2_ws/install/ur_moveit_config/share/ur_moveit_config/rviz
[0.402s] -- Up-to-date: /home/rinav/ros2_ws/install/ur_moveit_config/share/ur_moveit_config/rviz/view_robot.rviz
[0.402s] -- Up-to-date: /home/rinav/ros2_ws/install/ur_moveit_config/share/ur_moveit_config/srdf
[0.402s] -- Up-to-date: /home/rinav/ros2_ws/install/ur_moveit_config/share/ur_moveit_config/srdf/ur_macro.srdf.xacro
[0.402s] -- Up-to-date: /home/rinav/ros2_ws/install/ur_moveit_config/share/ur_moveit_config/srdf/ur.srdf.xacro
[0.402s] -- Up-to-date: /home/rinav/ros2_ws/install/ur_moveit_config/share/ur_moveit_config/environment/pythonpath.sh
[0.402s] -- Up-to-date: /home/rinav/ros2_ws/install/ur_moveit_config/share/ur_moveit_config/environment/pythonpath.dsv
[0.402s] -- Up-to-date: /home/rinav/ros2_ws/install/ur_moveit_config/local/lib/python3.10/dist-packages/ur_moveit_config-2.10.0-py3.10.egg-info
[0.402s] -- Installing: /home/rinav/ros2_ws/install/ur_moveit_config/local/lib/python3.10/dist-packages/ur_moveit_config-2.10.0-py3.10.egg-info/dependency_links.txt
[0.402s] -- Installing: /home/rinav/ros2_ws/install/ur_moveit_config/local/lib/python3.10/dist-packages/ur_moveit_config-2.10.0-py3.10.egg-info/PKG-INFO
[0.402s] -- Installing: /home/rinav/ros2_ws/install/ur_moveit_config/local/lib/python3.10/dist-packages/ur_moveit_config-2.10.0-py3.10.egg-info/top_level.txt
[0.403s] -- Installing: /home/rinav/ros2_ws/install/ur_moveit_config/local/lib/python3.10/dist-packages/ur_moveit_config-2.10.0-py3.10.egg-info/SOURCES.txt
[0.403s] -- Up-to-date: /home/rinav/ros2_ws/install/ur_moveit_config/local/lib/python3.10/dist-packages/ur_moveit_config
[0.403s] -- Up-to-date: /home/rinav/ros2_ws/install/ur_moveit_config/local/lib/python3.10/dist-packages/ur_moveit_config/launch_common.py
[0.403s] -- Up-to-date: /home/rinav/ros2_ws/install/ur_moveit_config/local/lib/python3.10/dist-packages/ur_moveit_config/__init__.py
[0.419s] Listing '/home/rinav/ros2_ws/install/ur_moveit_config/local/lib/python3.10/dist-packages/ur_moveit_config'...
[0.422s] -- Up-to-date: /home/rinav/ros2_ws/install/ur_moveit_config/local/lib/python3.10/dist-packages/launch_common.py
[0.450s] -- Up-to-date: /home/rinav/ros2_ws/install/ur_moveit_config/share/ament_index/resource_index/package_run_dependencies/ur_moveit_config
[0.450s] -- Up-to-date: /home/rinav/ros2_ws/install/ur_moveit_config/share/ament_index/resource_index/parent_prefix_path/ur_moveit_config
[0.450s] -- Up-to-date: /home/rinav/ros2_ws/install/ur_moveit_config/share/ur_moveit_config/environment/ament_prefix_path.sh
[0.451s] -- Up-to-date: /home/rinav/ros2_ws/install/ur_moveit_config/share/ur_moveit_config/environment/ament_prefix_path.dsv
[0.451s] -- Up-to-date: /home/rinav/ros2_ws/install/ur_moveit_config/share/ur_moveit_config/environment/path.sh
[0.451s] -- Up-to-date: /home/rinav/ros2_ws/install/ur_moveit_config/share/ur_moveit_config/environment/path.dsv
[0.451s] -- Up-to-date: /home/rinav/ros2_ws/install/ur_moveit_config/share/ur_moveit_config/local_setup.bash
[0.451s] -- Up-to-date: /home/rinav/ros2_ws/install/ur_moveit_config/share/ur_moveit_config/local_setup.sh
[0.451s] -- Up-to-date: /home/rinav/ros2_ws/install/ur_moveit_config/share/ur_moveit_config/local_setup.zsh
[0.451s] -- Up-to-date: /home/rinav/ros2_ws/install/ur_moveit_config/share/ur_moveit_config/local_setup.dsv
[0.451s] -- Installing: /home/rinav/ros2_ws/install/ur_moveit_config/share/ur_moveit_config/package.dsv
[0.452s] -- Up-to-date: /home/rinav/ros2_ws/install/ur_moveit_config/share/ament_index/resource_index/packages/ur_moveit_config
[0.452s] -- Up-to-date: /home/rinav/ros2_ws/install/ur_moveit_config/share/ur_moveit_config/cmake/ur_moveit_configConfig.cmake
[0.452s] -- Up-to-date: /home/rinav/ros2_ws/install/ur_moveit_config/share/ur_moveit_config/cmake/ur_moveit_configConfig-version.cmake
[0.453s] -- Up-to-date: /home/rinav/ros2_ws/install/ur_moveit_config/share/ur_moveit_config/package.xml
[0.461s] Invoked command in '/home/rinav/ros2_ws/build/ur_moveit_config' returned '0': CMAKE_PREFIX_PATH=/home/rinav/ros2_ws/install/ur_description:/home/rinav/ros2_ws/src/husky/install/husky_desktop:/home/rinav/ros2_ws/src/husky/install/husky_viz:/home/rinav/ros2_ws/src/husky/install/husky_simulator:/home/rinav/ros2_ws/src/husky/install/husky_robot:/home/rinav/ros2_ws/src/husky/install/husky_bringup:/home/rinav/ros2_ws/src/husky/install/husky_base:/home/rinav/ros2_ws/src/husky/install/husky_msgs:/home/rinav/ros2_ws/src/husky/install/husky_gazebo:/home/rinav/ros2_ws/src/husky/install/husky_control:/home/rinav/ros2_ws/src/husky/install/husky_description:/home/rinav/ros2_ws/install/ur:/home/rinav/ros2_ws/install/ur_calibration:/home/rinav/ros2_ws/install/ur_robot_driver:/home/rinav/ros2_ws/install/ur_moveit_config:/home/rinav/ros2_ws/install/ur_bringup:/home/rinav/ros2_ws/install/ur_controllers:/home/rinav/ros2_ws/install/ur_dashboard_msgs:/home/rinav/ros2_ws/install/turtlesim:/home/rinav/ros2_ws/install/robotis_manipulator:/home/rinav/ros2_ws/install/husky_desktop:/home/rinav/ros2_ws/install/husky_viz:/home/rinav/ros2_ws/install/husky_ur3_ignition:/home/rinav/ros2_ws/install/husky_simulator:/home/rinav/ros2_ws/install/husky_robot:/home/rinav/ros2_ws/install/husky_gazebo:/home/rinav/ros2_ws/install/husky_bringup:/home/rinav/ros2_ws/install/husky_base:/home/rinav/ros2_ws/install/husky_msgs:/home/rinav/ros2_ws/install/husky_control:/home/rinav/ros2_ws/install/husky_description:/home/rinav/ros2_ws/install/trial_package:/home/rinav/ros2_ws/install/py_srvcli:/home/rinav/ros2_ws/install/py_pubsub:/home/rinav/ros2_ws/install/mobile_robotics:/opt/ros/humble /usr/bin/cmake --install /home/rinav/ros2_ws/build/ur_moveit_config
