[0.697s] Invoking command in '/home/rinav/ros2_ws/src/launch_param_builder': PYTHONPATH=/home/rinav/ros2_ws/build/launch_param_builder/prefix_override:/usr/lib/python3/dist-packages/colcon_core/task/python/colcon_distutils_commands:/home/rinav/ros2_ws/install/launch_param_builder/lib/python3.10/site-packages:${PYTHONPATH} /usr/bin/python3 -W ignore:setup.py install is deprecated -W ignore:easy_install command is deprecated setup.py egg_info --egg-base ../../build/launch_param_builder build --build-base /home/rinav/ros2_ws/build/launch_param_builder/build install --record /home/rinav/ros2_ws/build/launch_param_builder/install.log --single-version-externally-managed install_data
[0.884s] running egg_info
[0.884s] creating ../../build/launch_param_builder/launch_param_builder.egg-info
[0.884s] writing ../../build/launch_param_builder/launch_param_builder.egg-info/PKG-INFO
[0.885s] writing dependency_links to ../../build/launch_param_builder/launch_param_builder.egg-info/dependency_links.txt
[0.885s] writing entry points to ../../build/launch_param_builder/launch_param_builder.egg-info/entry_points.txt
[0.885s] writing requirements to ../../build/launch_param_builder/launch_param_builder.egg-info/requires.txt
[0.885s] writing top-level names to ../../build/launch_param_builder/launch_param_builder.egg-info/top_level.txt
[0.886s] writing manifest file '../../build/launch_param_builder/launch_param_builder.egg-info/SOURCES.txt'
[0.887s] reading manifest file '../../build/launch_param_builder/launch_param_builder.egg-info/SOURCES.txt'
[0.887s] adding license file 'LICENSE'
[0.888s] writing manifest file '../../build/launch_param_builder/launch_param_builder.egg-info/SOURCES.txt'
[0.888s] running build
[0.888s] running build_py
[0.889s] creating /home/rinav/ros2_ws/build/launch_param_builder/build
[0.889s] creating /home/rinav/ros2_ws/build/launch_param_builder/build/lib
[0.889s] creating /home/rinav/ros2_ws/build/launch_param_builder/build/lib/launch_param_builder
[0.889s] copying launch_param_builder/launch_param_builder.py -> /home/rinav/ros2_ws/build/launch_param_builder/build/lib/launch_param_builder
[0.889s] copying launch_param_builder/__init__.py -> /home/rinav/ros2_ws/build/launch_param_builder/build/lib/launch_param_builder
[0.889s] copying launch_param_builder/utils.py -> /home/rinav/ros2_ws/build/launch_param_builder/build/lib/launch_param_builder
[0.890s] running install
[0.890s] running install_lib
[0.891s] creating /home/rinav/ros2_ws/install/launch_param_builder/lib/python3.10/site-packages/launch_param_builder
[0.891s] copying /home/rinav/ros2_ws/build/launch_param_builder/build/lib/launch_param_builder/launch_param_builder.py -> /home/rinav/ros2_ws/install/launch_param_builder/lib/python3.10/site-packages/launch_param_builder
[0.891s] copying /home/rinav/ros2_ws/build/launch_param_builder/build/lib/launch_param_builder/__init__.py -> /home/rinav/ros2_ws/install/launch_param_builder/lib/python3.10/site-packages/launch_param_builder
[0.891s] copying /home/rinav/ros2_ws/build/launch_param_builder/build/lib/launch_param_builder/utils.py -> /home/rinav/ros2_ws/install/launch_param_builder/lib/python3.10/site-packages/launch_param_builder
[0.892s] byte-compiling /home/rinav/ros2_ws/install/launch_param_builder/lib/python3.10/site-packages/launch_param_builder/launch_param_builder.py to launch_param_builder.cpython-310.pyc
[0.893s] byte-compiling /home/rinav/ros2_ws/install/launch_param_builder/lib/python3.10/site-packages/launch_param_builder/__init__.py to __init__.cpython-310.pyc
[0.893s] byte-compiling /home/rinav/ros2_ws/install/launch_param_builder/lib/python3.10/site-packages/launch_param_builder/utils.py to utils.cpython-310.pyc
[0.893s] running install_data
[0.893s] creating /home/rinav/ros2_ws/install/launch_param_builder/share/ament_index
[0.894s] creating /home/rinav/ros2_ws/install/launch_param_builder/share/ament_index/resource_index
[0.894s] creating /home/rinav/ros2_ws/install/launch_param_builder/share/ament_index/resource_index/packages
[0.894s] copying resource/launch_param_builder -> /home/rinav/ros2_ws/install/launch_param_builder/share/ament_index/resource_index/packages
[0.894s] creating /home/rinav/ros2_ws/install/launch_param_builder/share/launch_param_builder/launch
[0.894s] copying example/launch_param_builder_example.launch.py -> /home/rinav/ros2_ws/install/launch_param_builder/share/launch_param_builder/launch
[0.894s] creating /home/rinav/ros2_ws/install/launch_param_builder/share/launch_param_builder/config
[0.894s] copying test/data/parameter.xacro -> /home/rinav/ros2_ws/install/launch_param_builder/share/launch_param_builder/config
[0.895s] copying test/data/parameter_file -> /home/rinav/ros2_ws/install/launch_param_builder/share/launch_param_builder/config
[0.895s] copying test/data/parameters_injection.yaml -> /home/rinav/ros2_ws/install/launch_param_builder/share/launch_param_builder/config
[0.895s] copying test/data/param_file_to_inject.yaml -> /home/rinav/ros2_ws/install/launch_param_builder/share/launch_param_builder/config
[0.895s] copying test/data/parameters.yaml -> /home/rinav/ros2_ws/install/launch_param_builder/share/launch_param_builder/config
[0.895s] copying package.xml -> /home/rinav/ros2_ws/install/launch_param_builder/share/launch_param_builder
[0.895s] creating /home/rinav/ros2_ws/install/launch_param_builder/lib/launch_param_builder
[0.896s] copying example/example_node.py -> /home/rinav/ros2_ws/install/launch_param_builder/lib/launch_param_builder
[0.896s] running install_egg_info
[0.897s] Copying ../../build/launch_param_builder/launch_param_builder.egg-info to /home/rinav/ros2_ws/install/launch_param_builder/lib/python3.10/site-packages/launch_param_builder-0.1.1-py3.10.egg-info
[0.898s] running install_scripts
[0.916s] writing list of installed files to '/home/rinav/ros2_ws/build/launch_param_builder/install.log'
[0.935s] Invoked command in '/home/rinav/ros2_ws/src/launch_param_builder' returned '0': PYTHONPATH=/home/rinav/ros2_ws/build/launch_param_builder/prefix_override:/usr/lib/python3/dist-packages/colcon_core/task/python/colcon_distutils_commands:/home/rinav/ros2_ws/install/launch_param_builder/lib/python3.10/site-packages:${PYTHONPATH} /usr/bin/python3 -W ignore:setup.py install is deprecated -W ignore:easy_install command is deprecated setup.py egg_info --egg-base ../../build/launch_param_builder build --build-base /home/rinav/ros2_ws/build/launch_param_builder/build install --record /home/rinav/ros2_ws/build/launch_param_builder/install.log --single-version-externally-managed install_data
