[1.216s] Invoking command in '/home/rinav/ros2_ws/src/py_pubsub': PYTHONPATH=/home/rinav/ros2_ws/build/py_pubsub/prefix_override:/usr/lib/python3/dist-packages/colcon_core/task/python/colcon_distutils_commands:/home/rinav/ros2_ws/install/py_pubsub/lib/python3.10/site-packages:${PYTHONPATH} /usr/bin/python3 -W ignore:setup.py install is deprecated -W ignore:easy_install command is deprecated setup.py egg_info --egg-base ../../build/py_pubsub build --build-base /home/rinav/ros2_ws/build/py_pubsub/build install --record /home/rinav/ros2_ws/build/py_pubsub/install.log --single-version-externally-managed install_data
[1.436s] running egg_info
[1.436s] writing ../../build/py_pubsub/py_pubsub.egg-info/PKG-INFO
[1.436s] writing dependency_links to ../../build/py_pubsub/py_pubsub.egg-info/dependency_links.txt
[1.436s] writing entry points to ../../build/py_pubsub/py_pubsub.egg-info/entry_points.txt
[1.437s] writing requirements to ../../build/py_pubsub/py_pubsub.egg-info/requires.txt
[1.437s] writing top-level names to ../../build/py_pubsub/py_pubsub.egg-info/top_level.txt
[1.438s] reading manifest file '../../build/py_pubsub/py_pubsub.egg-info/SOURCES.txt'
[1.438s] writing manifest file '../../build/py_pubsub/py_pubsub.egg-info/SOURCES.txt'
[1.438s] running build
[1.438s] running build_py
[1.439s] running install
[1.439s] running install_lib
[1.440s] running install_data
[1.440s] running install_egg_info
[1.440s] removing '/home/rinav/ros2_ws/install/py_pubsub/lib/python3.10/site-packages/py_pubsub-0.0.0-py3.10.egg-info' (and everything under it)
[1.443s] Copying ../../build/py_pubsub/py_pubsub.egg-info to /home/rinav/ros2_ws/install/py_pubsub/lib/python3.10/site-packages/py_pubsub-0.0.0-py3.10.egg-info
[1.443s] running install_scripts
[1.461s] Installing listener script to /home/rinav/ros2_ws/install/py_pubsub/lib/py_pubsub
[1.462s] Installing talker script to /home/rinav/ros2_ws/install/py_pubsub/lib/py_pubsub
[1.462s] writing list of installed files to '/home/rinav/ros2_ws/build/py_pubsub/install.log'
[1.483s] Invoked command in '/home/rinav/ros2_ws/src/py_pubsub' returned '0': PYTHONPATH=/home/rinav/ros2_ws/build/py_pubsub/prefix_override:/usr/lib/python3/dist-packages/colcon_core/task/python/colcon_distutils_commands:/home/rinav/ros2_ws/install/py_pubsub/lib/python3.10/site-packages:${PYTHONPATH} /usr/bin/python3 -W ignore:setup.py install is deprecated -W ignore:easy_install command is deprecated setup.py egg_info --egg-base ../../build/py_pubsub build --build-base /home/rinav/ros2_ws/build/py_pubsub/build install --record /home/rinav/ros2_ws/build/py_pubsub/install.log --single-version-externally-managed install_data
