[0.134s] Invoking command in '/home/rinav/ros2_ws/build/rviz_default_plugins': CMAKE_PREFIX_PATH=/home/rinav/ros2_ws/install/rviz_visual_testing_framework:/home/rinav/ros2_ws/install/rviz_rendering_tests:/home/rinav/ros2_ws/install/rviz_common:/home/rinav/ros2_ws/install/rviz_rendering:/home/rinav/ros2_ws/install/rviz_ogre_vendor:/home/rinav/ros2_ws/install/rviz_assimp_vendor:/home/rinav/ros2_ws/install/rviz2:/home/rinav/ros2_ws/install/rviz_default_plugins:/home/rinav/ros2_ws/src/rviz/install:/home/rinav/ros2_ws/install/husky_ur3_moveit_config:/home/rinav/ros2_ws/install/ur:/home/rinav/ros2_ws/install/ur_calibration:/home/rinav/ros2_ws/install/ur_robot_driver:/home/rinav/ros2_ws/install/ur_moveit_config:/home/rinav/ros2_ws/install/ur_bringup:/home/rinav/ros2_ws/install/ur_description:/home/rinav/ros2_ws/install/ur_controllers:/home/rinav/ros2_ws/install/ur_dashboard_msgs:/home/rinav/ros2_ws/install/turtlesim:/home/rinav/ros2_ws/install/robotis_manipulator:/home/rinav/ros2_ws/install/husky_desktop:/home/rinav/ros2_ws/install/husky_viz:/home/rinav/ros2_ws/install/husky_ur3_ignition:/home/rinav/ros2_ws/install/husky_simulator:/home/rinav/ros2_ws/install/husky_robot:/home/rinav/ros2_ws/install/husky_bringup:/home/rinav/ros2_ws/install/husky_base:/home/rinav/ros2_ws/install/husky_msgs:/home/rinav/ros2_ws/install/husky_gazebo:/home/rinav/ros2_ws/install/husky_control:/home/rinav/ros2_ws/install/husky_description:/home/rinav/ros2_ws/install/trial_package:/home/rinav/ros2_ws/install/py_srvcli:/home/rinav/ros2_ws/install/py_pubsub:/home/rinav/ros2_ws/install/mobile_robotics:/opt/ros/humble LD_LIBRARY_PATH=/home/rinav/ros2_ws/install/rviz_common/lib:/home/rinav/ros2_ws/install/rviz_rendering/lib:/home/rinav/ros2_ws/install/rviz_default_plugins/lib:/home/rinav/ros2_ws/install/rviz_ogre_vendor/opt/rviz_ogre_vendor/lib:/home/rinav/ros2_ws/src/rviz/install/opt/rviz_ogre_vendor/lib:/home/rinav/ros2_ws/src/rviz/install/lib:/home/rinav/ros2_ws/install/ur_robot_driver/lib:/home/rinav/ros2_ws/install/ur_controllers/lib:/home/rinav/ros2_ws/install/ur_dashboard_msgs/lib:/home/rinav/ros2_ws/install/turtlesim/lib:/home/rinav/ros2_ws/install/robotis_manipulator/lib:/home/rinav/ros2_ws/src/husky/install/husky_base/lib:/home/rinav/ros2_ws/src/husky/install/husky_msgs/lib:/home/rinav/ros2_ws/install/husky_base/lib:/home/rinav/ros2_ws/install/husky_msgs/lib:/opt/ros/humble/opt/rviz_ogre_vendor/lib:/opt/ros/humble/lib/aarch64-linux-gnu:/opt/ros/humble/lib /usr/bin/cmake --build /home/rinav/ros2_ws/build/rviz_default_plugins -- -j8 -l8
[0.238s] [35m[1mConsolidate compiler generated dependencies of target gmock[0m
[0.267s] [35m[1mConsolidate compiler generated dependencies of target point_cloud_common_page_object[0m
[0.274s] [35m[1mConsolidate compiler generated dependencies of target gmock_main[0m
[0.281s] [35m[1mConsolidate compiler generated dependencies of target pointcloud_messages[0m
[0.306s] [35m[1mConsolidate compiler generated dependencies of target gtest_main[0m
[0.314s] [  1%] Built target point_cloud_common_page_object
[0.314s] [35m[1mConsolidate compiler generated dependencies of target gtest[0m
[0.316s] [  1%] Built target gmock_main
[0.324s] [  2%] Built target gmock
[0.342s] [  3%] Built target pointcloud_messages
[0.397s] [  4%] Built target gtest
[0.404s] [  5%] Built target gtest_main
[0.413s] [35m[1mConsolidate compiler generated dependencies of target display_test_fixture[0m
[0.429s] [35m[1mConsolidate compiler generated dependencies of target accel_display_visual_test[0m
[0.450s] [35m[1mConsolidate compiler generated dependencies of target depth_cloud_display_visual_test[0m
[0.492s] [35m[1mConsolidate compiler generated dependencies of target effort_display_visual_test[0m
[0.493s] [  6%] Built target display_test_fixture
[0.506s] [35m[1mConsolidate compiler generated dependencies of target rviz_default_plugins[0m
[0.513s] [  6%] Built target accel_display_visual_test
[0.523s] [  7%] Built target depth_cloud_display_visual_test
[0.541s] [  8%] Built target effort_display_visual_test
[0.554s] [35m[1mConsolidate compiler generated dependencies of target twist_display_visual_test[0m
[0.592s] [  9%] Built target twist_display_visual_test
[0.969s] [ 61%] Built target rviz_default_plugins
[0.981s] [35m[1mConsolidate compiler generated dependencies of target fps_view_controller_test[0m
[1.001s] [35m[1mConsolidate compiler generated dependencies of target frame_info_test[0m
[1.001s] [35m[1mConsolidate compiler generated dependencies of target frame_view_controller_test[0m
[1.005s] [35m[1mConsolidate compiler generated dependencies of target get_transport_from_topic_test[0m
[1.015s] [35m[1mConsolidate compiler generated dependencies of target grid_cells_display_test[0m
[1.031s] [35m[1mConsolidate compiler generated dependencies of target image_display_test[0m
[1.045s] [ 62%] Built target fps_view_controller_test
[1.052s] [ 62%] Built target frame_info_test
[1.058s] [ 62%] Built target frame_view_controller_test
[1.058s] [ 63%] Built target get_transport_from_topic_test
[1.065s] [ 64%] Built target grid_cells_display_test
[1.065s] [ 65%] Built target image_display_test
[1.100s] [35m[1mConsolidate compiler generated dependencies of target marker_common_test[0m
[1.115s] [35m[1mConsolidate compiler generated dependencies of target map_display_test[0m
[1.124s] [35m[1mConsolidate compiler generated dependencies of target marker_test[0m
[1.127s] [35m[1mConsolidate compiler generated dependencies of target odometry_ogre_helper_test[0m
[1.134s] [35m[1mConsolidate compiler generated dependencies of target measure_tool_test[0m
[1.144s] [35m[1mConsolidate compiler generated dependencies of target odometry_display_test[0m
[1.162s] [ 66%] Built target marker_common_test
[1.170s] [ 67%] Built target map_display_test
[1.191s] [ 68%] Built target odometry_ogre_helper_test
[1.205s] [ 68%] Built target measure_tool_test
[1.215s] [35m[1mConsolidate compiler generated dependencies of target orbit_view_controller_test[0m
[1.222s] [ 69%] Built target odometry_display_test
[1.237s] [ 72%] Built target marker_test
[1.246s] [ 73%] Built target orbit_view_controller_test
[1.253s] [35m[1mConsolidate compiler generated dependencies of target palette_builder_test[0m
[1.257s] [35m[1mConsolidate compiler generated dependencies of target path_display_test[0m
[1.266s] [35m[1mConsolidate compiler generated dependencies of target point_cloud2_display_test[0m
[1.272s] [35m[1mConsolidate compiler generated dependencies of target ortho_view_controller_test[0m
[1.298s] [ 74%] Built target palette_builder_test
[1.304s] [ 74%] Built target point_cloud2_display_test
[1.304s] [ 74%] Built target path_display_test
[1.310s] [ 74%] Built target ortho_view_controller_test
[1.313s] [35m[1mConsolidate compiler generated dependencies of target point_cloud_common_test[0m
[1.318s] [35m[1mConsolidate compiler generated dependencies of target point_cloud_scalar_display_test[0m
[1.329s] [35m[1mConsolidate compiler generated dependencies of target point_cloud_transformers_test[0m
[1.344s] [35m[1mConsolidate compiler generated dependencies of target point_display_test[0m
[1.350s] [ 74%] Built target point_cloud_common_test
[1.357s] [ 74%] Built target point_cloud_scalar_display_test
[1.362s] [ 76%] Built target point_cloud_transformers_test
[1.364s] [35m[1mConsolidate compiler generated dependencies of target pose_array_display_test[0m
[1.369s] [ 77%] Built target point_display_test
[1.373s] [35m[1mConsolidate compiler generated dependencies of target range_display_test[0m
[1.374s] [35m[1mConsolidate compiler generated dependencies of target pose_tool_test[0m
[1.386s] [35m[1mConsolidate compiler generated dependencies of target ros_image_texture_test[0m
[1.396s] [35m[1mConsolidate compiler generated dependencies of target robot_test[0m
[1.402s] [35m[1mConsolidate compiler generated dependencies of target selection_tool_test[0m
[1.412s] [ 78%] Built target pose_array_display_test
[1.420s] [ 79%] Built target pose_tool_test
[1.427s] [ 79%] Built target range_display_test
[1.428s] [ 80%] Built target ros_image_texture_test
[1.428s] [ 80%] Built target selection_tool_test
[1.429s] [ 80%] Built target robot_test
[1.438s] [35m[1mConsolidate compiler generated dependencies of target frame_transformer_tf_test[0m
[1.438s] [35m[1mConsolidate compiler generated dependencies of target xy_orbit_view_controller_test[0m
[1.440s] [35m[1mConsolidate compiler generated dependencies of target axes_display_visual_test[0m
[1.444s] [35m[1mConsolidate compiler generated dependencies of target transformer_guard_test[0m
[1.452s] [35m[1mConsolidate compiler generated dependencies of target camera_display_visual_test[0m
[1.457s] [35m[1mConsolidate compiler generated dependencies of target fluid_pressure_display_visual_test[0m
[1.473s] [ 82%] Built target frame_transformer_tf_test
[1.473s] [ 82%] Built target xy_orbit_view_controller_test
[1.478s] [ 83%] Built target axes_display_visual_test
[1.478s] [ 84%] Built target camera_display_visual_test
[1.487s] [35m[1mConsolidate compiler generated dependencies of target grid_display_visual_test[0m
[1.507s] [35m[1mConsolidate compiler generated dependencies of target grid_cells_display_visual_test[0m
[1.516s] [ 84%] Built target fluid_pressure_display_visual_test
[1.520s] [35m[1mConsolidate compiler generated dependencies of target image_display_visual_test[0m
[1.523s] [35m[1mConsolidate compiler generated dependencies of target interactive_marker_namespace_property_test[0m
[1.530s] [ 84%] Built target transformer_guard_test
[1.531s] [35m[1mConsolidate compiler generated dependencies of target illuminance_display_visual_test[0m
[1.534s] [ 84%] Built target grid_display_visual_test
[1.542s] [35m[1mConsolidate compiler generated dependencies of target laser_scan_display_visual_test[0m
[1.562s] [35m[1mConsolidate compiler generated dependencies of target map_display_visual_test[0m
[1.574s] [ 85%] Built target grid_cells_display_visual_test
[1.577s] [ 85%] Built target image_display_visual_test
[1.585s] [ 85%] Built target illuminance_display_visual_test
[1.589s] [ 86%] Built target interactive_marker_namespace_property_test
[1.591s] [ 86%] Built target laser_scan_display_visual_test
[1.602s] [ 87%] Built target map_display_visual_test
[1.607s] [35m[1mConsolidate compiler generated dependencies of target marker_array_display_visual_test[0m
[1.612s] [35m[1mConsolidate compiler generated dependencies of target odometry_display_visual_test[0m
[1.631s] [35m[1mConsolidate compiler generated dependencies of target marker_display_visual_test[0m
[1.638s] [35m[1mConsolidate compiler generated dependencies of target path_display_visual_test[0m
[1.665s] [35m[1mConsolidate compiler generated dependencies of target point_display_visual_test[0m
[1.685s] [ 88%] Built target marker_array_display_visual_test
[1.685s] [ 88%] Built target odometry_display_visual_test
[1.697s] [ 89%] Built target marker_display_visual_test
[1.697s] [ 90%] Built target path_display_visual_test
[1.709s] [35m[1mConsolidate compiler generated dependencies of target point_cloud_display_visual_test[0m
[1.709s] [35m[1mConsolidate compiler generated dependencies of target point_cloud2_display_visual_test[0m
[1.726s] [ 90%] Built target point_display_visual_test
[1.759s] [35m[1mConsolidate compiler generated dependencies of target pose_array_display_visual_test[0m
[1.762s] [ 91%] Built target point_cloud_display_visual_test
[1.763s] [35m[1mConsolidate compiler generated dependencies of target pose_display_visual_test[0m
[1.766s] [ 92%] Built target point_cloud2_display_visual_test
[1.784s] [35m[1mConsolidate compiler generated dependencies of target range_display_visual_test[0m
[1.801s] [35m[1mConsolidate compiler generated dependencies of target pose_with_covariance_display_visual_test[0m
[1.822s] [ 93%] Built target pose_array_display_visual_test
[1.828s] [ 93%] Built target pose_display_visual_test
[1.830s] [35m[1mConsolidate compiler generated dependencies of target relative_humidity_display_visual_test[0m
[1.848s] [35m[1mConsolidate compiler generated dependencies of target robot_model_display_visual_test[0m
[1.850s] [ 94%] Built target pose_with_covariance_display_visual_test
[1.859s] [ 95%] Built target range_display_visual_test
[1.860s] [35m[1mConsolidate compiler generated dependencies of target temperature_display_visual_test[0m
[1.867s] [ 96%] Built target robot_model_display_visual_test
[1.871s] [ 97%] Built target relative_humidity_display_visual_test
[1.876s] [35m[1mConsolidate compiler generated dependencies of target wrench_display_visual_test[0m
[1.885s] [35m[1mConsolidate compiler generated dependencies of target tf_display_visual_test[0m
[1.889s] [ 98%] Built target temperature_display_visual_test
[1.918s] [ 99%] Built target tf_display_visual_test
[1.930s] [100%] Built target wrench_display_visual_test
[2.083s] Invoked command in '/home/rinav/ros2_ws/build/rviz_default_plugins' returned '0': CMAKE_PREFIX_PATH=/home/rinav/ros2_ws/install/rviz_visual_testing_framework:/home/rinav/ros2_ws/install/rviz_rendering_tests:/home/rinav/ros2_ws/install/rviz_common:/home/rinav/ros2_ws/install/rviz_rendering:/home/rinav/ros2_ws/install/rviz_ogre_vendor:/home/rinav/ros2_ws/install/rviz_assimp_vendor:/home/rinav/ros2_ws/install/rviz2:/home/rinav/ros2_ws/install/rviz_default_plugins:/home/rinav/ros2_ws/src/rviz/install:/home/rinav/ros2_ws/install/husky_ur3_moveit_config:/home/rinav/ros2_ws/install/ur:/home/rinav/ros2_ws/install/ur_calibration:/home/rinav/ros2_ws/install/ur_robot_driver:/home/rinav/ros2_ws/install/ur_moveit_config:/home/rinav/ros2_ws/install/ur_bringup:/home/rinav/ros2_ws/install/ur_description:/home/rinav/ros2_ws/install/ur_controllers:/home/rinav/ros2_ws/install/ur_dashboard_msgs:/home/rinav/ros2_ws/install/turtlesim:/home/rinav/ros2_ws/install/robotis_manipulator:/home/rinav/ros2_ws/install/husky_desktop:/home/rinav/ros2_ws/install/husky_viz:/home/rinav/ros2_ws/install/husky_ur3_ignition:/home/rinav/ros2_ws/install/husky_simulator:/home/rinav/ros2_ws/install/husky_robot:/home/rinav/ros2_ws/install/husky_bringup:/home/rinav/ros2_ws/install/husky_base:/home/rinav/ros2_ws/install/husky_msgs:/home/rinav/ros2_ws/install/husky_gazebo:/home/rinav/ros2_ws/install/husky_control:/home/rinav/ros2_ws/install/husky_description:/home/rinav/ros2_ws/install/trial_package:/home/rinav/ros2_ws/install/py_srvcli:/home/rinav/ros2_ws/install/py_pubsub:/home/rinav/ros2_ws/install/mobile_robotics:/opt/ros/humble LD_LIBRARY_PATH=/home/rinav/ros2_ws/install/rviz_common/lib:/home/rinav/ros2_ws/install/rviz_rendering/lib:/home/rinav/ros2_ws/install/rviz_default_plugins/lib:/home/rinav/ros2_ws/install/rviz_ogre_vendor/opt/rviz_ogre_vendor/lib:/home/rinav/ros2_ws/src/rviz/install/opt/rviz_ogre_vendor/lib:/home/rinav/ros2_ws/src/rviz/install/lib:/home/rinav/ros2_ws/install/ur_robot_driver/lib:/home/rinav/ros2_ws/install/ur_controllers/lib:/home/rinav/ros2_ws/install/ur_dashboard_msgs/lib:/home/rinav/ros2_ws/install/turtlesim/lib:/home/rinav/ros2_ws/install/robotis_manipulator/lib:/home/rinav/ros2_ws/src/husky/install/husky_base/lib:/home/rinav/ros2_ws/src/husky/install/husky_msgs/lib:/home/rinav/ros2_ws/install/husky_base/lib:/home/rinav/ros2_ws/install/husky_msgs/lib:/opt/ros/humble/opt/rviz_ogre_vendor/lib:/opt/ros/humble/lib/aarch64-linux-gnu:/opt/ros/humble/lib /usr/bin/cmake --build /home/rinav/ros2_ws/build/rviz_default_plugins -- -j8 -l8
[2.084s] Invoking command in '/home/rinav/ros2_ws/build/rviz_default_plugins': CMAKE_PREFIX_PATH=/home/rinav/ros2_ws/install/rviz_visual_testing_framework:/home/rinav/ros2_ws/install/rviz_rendering_tests:/home/rinav/ros2_ws/install/rviz_common:/home/rinav/ros2_ws/install/rviz_rendering:/home/rinav/ros2_ws/install/rviz_ogre_vendor:/home/rinav/ros2_ws/install/rviz_assimp_vendor:/home/rinav/ros2_ws/install/rviz2:/home/rinav/ros2_ws/install/rviz_default_plugins:/home/rinav/ros2_ws/src/rviz/install:/home/rinav/ros2_ws/install/husky_ur3_moveit_config:/home/rinav/ros2_ws/install/ur:/home/rinav/ros2_ws/install/ur_calibration:/home/rinav/ros2_ws/install/ur_robot_driver:/home/rinav/ros2_ws/install/ur_moveit_config:/home/rinav/ros2_ws/install/ur_bringup:/home/rinav/ros2_ws/install/ur_description:/home/rinav/ros2_ws/install/ur_controllers:/home/rinav/ros2_ws/install/ur_dashboard_msgs:/home/rinav/ros2_ws/install/turtlesim:/home/rinav/ros2_ws/install/robotis_manipulator:/home/rinav/ros2_ws/install/husky_desktop:/home/rinav/ros2_ws/install/husky_viz:/home/rinav/ros2_ws/install/husky_ur3_ignition:/home/rinav/ros2_ws/install/husky_simulator:/home/rinav/ros2_ws/install/husky_robot:/home/rinav/ros2_ws/install/husky_bringup:/home/rinav/ros2_ws/install/husky_base:/home/rinav/ros2_ws/install/husky_msgs:/home/rinav/ros2_ws/install/husky_gazebo:/home/rinav/ros2_ws/install/husky_control:/home/rinav/ros2_ws/install/husky_description:/home/rinav/ros2_ws/install/trial_package:/home/rinav/ros2_ws/install/py_srvcli:/home/rinav/ros2_ws/install/py_pubsub:/home/rinav/ros2_ws/install/mobile_robotics:/opt/ros/humble LD_LIBRARY_PATH=/home/rinav/ros2_ws/install/rviz_common/lib:/home/rinav/ros2_ws/install/rviz_rendering/lib:/home/rinav/ros2_ws/install/rviz_default_plugins/lib:/home/rinav/ros2_ws/install/rviz_ogre_vendor/opt/rviz_ogre_vendor/lib:/home/rinav/ros2_ws/src/rviz/install/opt/rviz_ogre_vendor/lib:/home/rinav/ros2_ws/src/rviz/install/lib:/home/rinav/ros2_ws/install/ur_robot_driver/lib:/home/rinav/ros2_ws/install/ur_controllers/lib:/home/rinav/ros2_ws/install/ur_dashboard_msgs/lib:/home/rinav/ros2_ws/install/turtlesim/lib:/home/rinav/ros2_ws/install/robotis_manipulator/lib:/home/rinav/ros2_ws/src/husky/install/husky_base/lib:/home/rinav/ros2_ws/src/husky/install/husky_msgs/lib:/home/rinav/ros2_ws/install/husky_base/lib:/home/rinav/ros2_ws/install/husky_msgs/lib:/opt/ros/humble/opt/rviz_ogre_vendor/lib:/opt/ros/humble/lib/aarch64-linux-gnu:/opt/ros/humble/lib /usr/bin/cmake --install /home/rinav/ros2_ws/build/rviz_default_plugins
[2.091s] -- Install configuration: ""
[2.091s] -- Up-to-date: /home/rinav/ros2_ws/install/rviz_default_plugins/share/rviz_default_plugins/plugins_description.xml
[2.091s] -- Up-to-date: /home/rinav/ros2_ws/install/rviz_default_plugins/share/rviz_default_plugins/environment/library_path.sh
[2.091s] -- Up-to-date: /home/rinav/ros2_ws/install/rviz_default_plugins/share/rviz_default_plugins/environment/library_path.dsv
[2.093s] -- Up-to-date: /home/rinav/ros2_ws/install/rviz_default_plugins/lib/librviz_default_plugins.so
[2.093s] -- Up-to-date: /home/rinav/ros2_ws/install/rviz_default_plugins/include/rviz_default_plugins
[2.093s] -- Up-to-date: /home/rinav/ros2_ws/install/rviz_default_plugins/include/rviz_default_plugins/rviz_default_plugins
[2.093s] -- Up-to-date: /home/rinav/ros2_ws/install/rviz_default_plugins/include/rviz_default_plugins/rviz_default_plugins/visibility_control.hpp
[2.093s] -- Up-to-date: /home/rinav/ros2_ws/install/rviz_default_plugins/include/rviz_default_plugins/rviz_default_plugins/displays
[2.093s] -- Up-to-date: /home/rinav/ros2_ws/install/rviz_default_plugins/include/rviz_default_plugins/rviz_default_plugins/displays/pose_array
[2.093s] -- Up-to-date: /home/rinav/ros2_ws/install/rviz_default_plugins/include/rviz_default_plugins/rviz_default_plugins/displays/pose_array/flat_arrows_array.hpp
[2.093s] -- Up-to-date: /home/rinav/ros2_ws/install/rviz_default_plugins/include/rviz_default_plugins/rviz_default_plugins/displays/pose_array/pose_array_display.hpp
[2.093s] -- Up-to-date: /home/rinav/ros2_ws/install/rviz_default_plugins/include/rviz_default_plugins/rviz_default_plugins/displays/marker
[2.094s] -- Up-to-date: /home/rinav/ros2_ws/install/rviz_default_plugins/include/rviz_default_plugins/rviz_default_plugins/displays/marker/markers
[2.094s] -- Up-to-date: /home/rinav/ros2_ws/install/rviz_default_plugins/include/rviz_default_plugins/rviz_default_plugins/displays/marker/markers/shape_marker.hpp
[2.094s] -- Up-to-date: /home/rinav/ros2_ws/install/rviz_default_plugins/include/rviz_default_plugins/rviz_default_plugins/displays/marker/markers/marker_selection_handler.hpp
[2.094s] -- Up-to-date: /home/rinav/ros2_ws/install/rviz_default_plugins/include/rviz_default_plugins/rviz_default_plugins/displays/marker/markers/text_view_facing_marker.hpp
[2.094s] -- Up-to-date: /home/rinav/ros2_ws/install/rviz_default_plugins/include/rviz_default_plugins/rviz_default_plugins/displays/marker/markers/points_marker.hpp
[2.094s] -- Up-to-date: /home/rinav/ros2_ws/install/rviz_default_plugins/include/rviz_default_plugins/rviz_default_plugins/displays/marker/markers/line_strip_marker.hpp
[2.094s] -- Up-to-date: /home/rinav/ros2_ws/install/rviz_default_plugins/include/rviz_default_plugins/rviz_default_plugins/displays/marker/markers/marker_base.hpp
[2.094s] -- Up-to-date: /home/rinav/ros2_ws/install/rviz_default_plugins/include/rviz_default_plugins/rviz_default_plugins/displays/marker/markers/line_marker_base.hpp
[2.094s] -- Up-to-date: /home/rinav/ros2_ws/install/rviz_default_plugins/include/rviz_default_plugins/rviz_default_plugins/displays/marker/markers/line_list_marker.hpp
[2.094s] -- Up-to-date: /home/rinav/ros2_ws/install/rviz_default_plugins/include/rviz_default_plugins/rviz_default_plugins/displays/marker/markers/marker_factory.hpp
[2.094s] -- Up-to-date: /home/rinav/ros2_ws/install/rviz_default_plugins/include/rviz_default_plugins/rviz_default_plugins/displays/marker/markers/arrow_marker.hpp
[2.094s] -- Up-to-date: /home/rinav/ros2_ws/install/rviz_default_plugins/include/rviz_default_plugins/rviz_default_plugins/displays/marker/markers/mesh_resource_marker.hpp
[2.094s] -- Up-to-date: /home/rinav/ros2_ws/install/rviz_default_plugins/include/rviz_default_plugins/rviz_default_plugins/displays/marker/markers/triangle_list_marker.hpp
[2.094s] -- Up-to-date: /home/rinav/ros2_ws/install/rviz_default_plugins/include/rviz_default_plugins/rviz_default_plugins/displays/marker/marker_common.hpp
[2.094s] -- Up-to-date: /home/rinav/ros2_ws/install/rviz_default_plugins/include/rviz_default_plugins/rviz_default_plugins/displays/marker/marker_display.hpp
[2.094s] -- Up-to-date: /home/rinav/ros2_ws/install/rviz_default_plugins/include/rviz_default_plugins/rviz_default_plugins/displays/image
[2.095s] -- Up-to-date: /home/rinav/ros2_ws/install/rviz_default_plugins/include/rviz_default_plugins/rviz_default_plugins/displays/image/ros_image_texture.hpp
[2.095s] -- Up-to-date: /home/rinav/ros2_ws/install/rviz_default_plugins/include/rviz_default_plugins/rviz_default_plugins/displays/image/image_display.hpp
[2.095s] -- Up-to-date: /home/rinav/ros2_ws/install/rviz_default_plugins/include/rviz_default_plugins/rviz_default_plugins/displays/image/image_transport_display.hpp
[2.095s] -- Up-to-date: /home/rinav/ros2_ws/install/rviz_default_plugins/include/rviz_default_plugins/rviz_default_plugins/displays/image/get_transport_from_topic.hpp
[2.095s] -- Up-to-date: /home/rinav/ros2_ws/install/rviz_default_plugins/include/rviz_default_plugins/rviz_default_plugins/displays/image/ros_image_texture_iface.hpp
[2.095s] -- Up-to-date: /home/rinav/ros2_ws/install/rviz_default_plugins/include/rviz_default_plugins/rviz_default_plugins/displays/laser_scan
[2.096s] -- Up-to-date: /home/rinav/ros2_ws/install/rviz_default_plugins/include/rviz_default_plugins/rviz_default_plugins/displays/laser_scan/laser_scan_display.hpp
[2.096s] -- Up-to-date: /home/rinav/ros2_ws/install/rviz_default_plugins/include/rviz_default_plugins/rviz_default_plugins/displays/path
[2.096s] -- Up-to-date: /home/rinav/ros2_ws/install/rviz_default_plugins/include/rviz_default_plugins/rviz_default_plugins/displays/path/path_display.hpp
[2.096s] -- Up-to-date: /home/rinav/ros2_ws/install/rviz_default_plugins/include/rviz_default_plugins/rviz_default_plugins/displays/accel
[2.096s] -- Up-to-date: /home/rinav/ros2_ws/install/rviz_default_plugins/include/rviz_default_plugins/rviz_default_plugins/displays/accel/accel_display.hpp
[2.096s] -- Up-to-date: /home/rinav/ros2_ws/install/rviz_default_plugins/include/rviz_default_plugins/rviz_default_plugins/displays/twist
[2.096s] -- Up-to-date: /home/rinav/ros2_ws/install/rviz_default_plugins/include/rviz_default_plugins/rviz_default_plugins/displays/twist/twist_display.hpp
[2.096s] -- Up-to-date: /home/rinav/ros2_ws/install/rviz_default_plugins/include/rviz_default_plugins/rviz_default_plugins/displays/illuminance
[2.096s] -- Up-to-date: /home/rinav/ros2_ws/install/rviz_default_plugins/include/rviz_default_plugins/rviz_default_plugins/displays/illuminance/illuminance_display.hpp
[2.097s] -- Up-to-date: /home/rinav/ros2_ws/install/rviz_default_plugins/include/rviz_default_plugins/rviz_default_plugins/displays/wrench
[2.097s] -- Up-to-date: /home/rinav/ros2_ws/install/rviz_default_plugins/include/rviz_default_plugins/rviz_default_plugins/displays/wrench/wrench_display.hpp
[2.097s] -- Up-to-date: /home/rinav/ros2_ws/install/rviz_default_plugins/include/rviz_default_plugins/rviz_default_plugins/displays/camera
[2.097s] -- Up-to-date: /home/rinav/ros2_ws/install/rviz_default_plugins/include/rviz_default_plugins/rviz_default_plugins/displays/camera/camera_display.hpp
[2.097s] -- Up-to-date: /home/rinav/ros2_ws/install/rviz_default_plugins/include/rviz_default_plugins/rviz_default_plugins/displays/grid_cells
[2.097s] -- Up-to-date: /home/rinav/ros2_ws/install/rviz_default_plugins/include/rviz_default_plugins/rviz_default_plugins/displays/grid_cells/grid_cells_display.hpp
[2.097s] -- Up-to-date: /home/rinav/ros2_ws/install/rviz_default_plugins/include/rviz_default_plugins/rviz_default_plugins/displays/depth_cloud
[2.097s] -- Up-to-date: /home/rinav/ros2_ws/install/rviz_default_plugins/include/rviz_default_plugins/rviz_default_plugins/displays/depth_cloud/depth_cloud_display.hpp
[2.098s] -- Up-to-date: /home/rinav/ros2_ws/install/rviz_default_plugins/include/rviz_default_plugins/rviz_default_plugins/displays/fluid_pressure
[2.098s] -- Up-to-date: /home/rinav/ros2_ws/install/rviz_default_plugins/include/rviz_default_plugins/rviz_default_plugins/displays/fluid_pressure/fluid_pressure_display.hpp
[2.098s] -- Up-to-date: /home/rinav/ros2_ws/install/rviz_default_plugins/include/rviz_default_plugins/rviz_default_plugins/displays/polygon
[2.098s] -- Up-to-date: /home/rinav/ros2_ws/install/rviz_default_plugins/include/rviz_default_plugins/rviz_default_plugins/displays/polygon/polygon_display.hpp
[2.098s] -- Up-to-date: /home/rinav/ros2_ws/install/rviz_default_plugins/include/rviz_default_plugins/rviz_default_plugins/displays/screw
[2.098s] -- Up-to-date: /home/rinav/ros2_ws/install/rviz_default_plugins/include/rviz_default_plugins/rviz_default_plugins/displays/screw/screw_display.hpp
[2.098s] -- Up-to-date: /home/rinav/ros2_ws/install/rviz_default_plugins/include/rviz_default_plugins/rviz_default_plugins/displays/pose_covariance
[2.098s] -- Up-to-date: /home/rinav/ros2_ws/install/rviz_default_plugins/include/rviz_default_plugins/rviz_default_plugins/displays/pose_covariance/pose_with_covariance_display.hpp
[2.099s] -- Up-to-date: /home/rinav/ros2_ws/install/rviz_default_plugins/include/rviz_default_plugins/rviz_default_plugins/displays/axes
[2.099s] -- Up-to-date: /home/rinav/ros2_ws/install/rviz_default_plugins/include/rviz_default_plugins/rviz_default_plugins/displays/axes/axes_display.hpp
[2.099s] -- Up-to-date: /home/rinav/ros2_ws/install/rviz_default_plugins/include/rviz_default_plugins/rviz_default_plugins/displays/point
[2.099s] -- Up-to-date: /home/rinav/ros2_ws/install/rviz_default_plugins/include/rviz_default_plugins/rviz_default_plugins/displays/point/point_stamped_display.hpp
[2.099s] -- Up-to-date: /home/rinav/ros2_ws/install/rviz_default_plugins/include/rviz_default_plugins/rviz_default_plugins/displays/temperature
[2.099s] -- Up-to-date: /home/rinav/ros2_ws/install/rviz_default_plugins/include/rviz_default_plugins/rviz_default_plugins/displays/temperature/temperature_display.hpp
[2.099s] -- Up-to-date: /home/rinav/ros2_ws/install/rviz_default_plugins/include/rviz_default_plugins/rviz_default_plugins/displays/pose
[2.100s] -- Up-to-date: /home/rinav/ros2_ws/install/rviz_default_plugins/include/rviz_default_plugins/rviz_default_plugins/displays/pose/pose_display.hpp
[2.100s] -- Up-to-date: /home/rinav/ros2_ws/install/rviz_default_plugins/include/rviz_default_plugins/rviz_default_plugins/displays/pose/pose_display_selection_handler.hpp
[2.100s] -- Up-to-date: /home/rinav/ros2_ws/install/rviz_default_plugins/include/rviz_default_plugins/rviz_default_plugins/displays/robot_model
[2.100s] -- Up-to-date: /home/rinav/ros2_ws/install/rviz_default_plugins/include/rviz_default_plugins/rviz_default_plugins/displays/robot_model/robot_model_display.hpp
[2.100s] -- Up-to-date: /home/rinav/ros2_ws/install/rviz_default_plugins/include/rviz_default_plugins/rviz_default_plugins/displays/tf
[2.100s] -- Up-to-date: /home/rinav/ros2_ws/install/rviz_default_plugins/include/rviz_default_plugins/rviz_default_plugins/displays/tf/frame_selection_handler.hpp
[2.100s] -- Up-to-date: /home/rinav/ros2_ws/install/rviz_default_plugins/include/rviz_default_plugins/rviz_default_plugins/displays/tf/tf_display.hpp
[2.100s] -- Up-to-date: /home/rinav/ros2_ws/install/rviz_default_plugins/include/rviz_default_plugins/rviz_default_plugins/displays/tf/frame_info.hpp
[2.100s] -- Up-to-date: /home/rinav/ros2_ws/install/rviz_default_plugins/include/rviz_default_plugins/rviz_default_plugins/displays/odometry
[2.101s] -- Up-to-date: /home/rinav/ros2_ws/install/rviz_default_plugins/include/rviz_default_plugins/rviz_default_plugins/displays/odometry/odometry_display.hpp
[2.101s] -- Up-to-date: /home/rinav/ros2_ws/install/rviz_default_plugins/include/rviz_default_plugins/rviz_default_plugins/displays/map
[2.101s] -- Up-to-date: /home/rinav/ros2_ws/install/rviz_default_plugins/include/rviz_default_plugins/rviz_default_plugins/displays/map/palette_builder.hpp
[2.101s] -- Up-to-date: /home/rinav/ros2_ws/install/rviz_default_plugins/include/rviz_default_plugins/rviz_default_plugins/displays/map/map_display.hpp
[2.101s] -- Up-to-date: /home/rinav/ros2_ws/install/rviz_default_plugins/include/rviz_default_plugins/rviz_default_plugins/displays/map/swatch.hpp
[2.101s] -- Up-to-date: /home/rinav/ros2_ws/install/rviz_default_plugins/include/rviz_default_plugins/rviz_default_plugins/displays/range
[2.101s] -- Up-to-date: /home/rinav/ros2_ws/install/rviz_default_plugins/include/rviz_default_plugins/rviz_default_plugins/displays/range/range_display.hpp
[2.101s] -- Up-to-date: /home/rinav/ros2_ws/install/rviz_default_plugins/include/rviz_default_plugins/rviz_default_plugins/displays/effort
[2.102s] -- Up-to-date: /home/rinav/ros2_ws/install/rviz_default_plugins/include/rviz_default_plugins/rviz_default_plugins/displays/effort/effort_display.hpp
[2.102s] -- Up-to-date: /home/rinav/ros2_ws/install/rviz_default_plugins/include/rviz_default_plugins/rviz_default_plugins/displays/grid
[2.102s] -- Up-to-date: /home/rinav/ros2_ws/install/rviz_default_plugins/include/rviz_default_plugins/rviz_default_plugins/displays/grid/grid_display.hpp
[2.102s] -- Up-to-date: /home/rinav/ros2_ws/install/rviz_default_plugins/include/rviz_default_plugins/rviz_default_plugins/displays/interactive_markers
[2.102s] -- Up-to-date: /home/rinav/ros2_ws/install/rviz_default_plugins/include/rviz_default_plugins/rviz_default_plugins/displays/interactive_markers/interactive_marker_namespace_property.hpp
[2.102s] -- Up-to-date: /home/rinav/ros2_ws/install/rviz_default_plugins/include/rviz_default_plugins/rviz_default_plugins/displays/interactive_markers/interactive_marker_display.hpp
[2.103s] -- Up-to-date: /home/rinav/ros2_ws/install/rviz_default_plugins/include/rviz_default_plugins/rviz_default_plugins/displays/interactive_markers/integer_action.hpp
[2.103s] -- Up-to-date: /home/rinav/ros2_ws/install/rviz_default_plugins/include/rviz_default_plugins/rviz_default_plugins/displays/interactive_markers/interactive_marker_control.hpp
[2.103s] -- Up-to-date: /home/rinav/ros2_ws/install/rviz_default_plugins/include/rviz_default_plugins/rviz_default_plugins/displays/interactive_markers/interactive_marker.hpp
[2.103s] -- Up-to-date: /home/rinav/ros2_ws/install/rviz_default_plugins/include/rviz_default_plugins/rviz_default_plugins/displays/marker_array
[2.103s] -- Up-to-date: /home/rinav/ros2_ws/install/rviz_default_plugins/include/rviz_default_plugins/rviz_default_plugins/displays/marker_array/marker_array_display.hpp
[2.103s] -- Up-to-date: /home/rinav/ros2_ws/install/rviz_default_plugins/include/rviz_default_plugins/rviz_default_plugins/displays/pointcloud
[2.103s] -- Up-to-date: /home/rinav/ros2_ws/install/rviz_default_plugins/include/rviz_default_plugins/rviz_default_plugins/displays/pointcloud/point_cloud2_display.hpp
[2.103s] -- Up-to-date: /home/rinav/ros2_ws/install/rviz_default_plugins/include/rviz_default_plugins/rviz_default_plugins/displays/pointcloud/point_cloud_to_point_cloud2.hpp
[2.103s] -- Up-to-date: /home/rinav/ros2_ws/install/rviz_default_plugins/include/rviz_default_plugins/rviz_default_plugins/displays/pointcloud/point_cloud_scalar_display.hpp
[2.103s] -- Up-to-date: /home/rinav/ros2_ws/install/rviz_default_plugins/include/rviz_default_plugins/rviz_default_plugins/displays/pointcloud/point_cloud_display.hpp
[2.103s] -- Up-to-date: /home/rinav/ros2_ws/install/rviz_default_plugins/include/rviz_default_plugins/rviz_default_plugins/displays/pointcloud/point_cloud_transformer_factory.hpp
[2.104s] -- Up-to-date: /home/rinav/ros2_ws/install/rviz_default_plugins/include/rviz_default_plugins/rviz_default_plugins/displays/pointcloud/point_cloud_selection_handler.hpp
[2.104s] -- Up-to-date: /home/rinav/ros2_ws/install/rviz_default_plugins/include/rviz_default_plugins/rviz_default_plugins/displays/pointcloud/transformers
[2.104s] -- Up-to-date: /home/rinav/ros2_ws/install/rviz_default_plugins/include/rviz_default_plugins/rviz_default_plugins/displays/pointcloud/transformers/axis_color_pc_transformer.hpp
[2.104s] -- Up-to-date: /home/rinav/ros2_ws/install/rviz_default_plugins/include/rviz_default_plugins/rviz_default_plugins/displays/pointcloud/transformers/flat_color_pc_transformer.hpp
[2.104s] -- Up-to-date: /home/rinav/ros2_ws/install/rviz_default_plugins/include/rviz_default_plugins/rviz_default_plugins/displays/pointcloud/transformers/xyz_pc_transformer.hpp
[2.104s] -- Up-to-date: /home/rinav/ros2_ws/install/rviz_default_plugins/include/rviz_default_plugins/rviz_default_plugins/displays/pointcloud/transformers/rgbf32_pc_transformer.hpp
[2.104s] -- Up-to-date: /home/rinav/ros2_ws/install/rviz_default_plugins/include/rviz_default_plugins/rviz_default_plugins/displays/pointcloud/transformers/rgb8_pc_transformer.hpp
[2.104s] -- Up-to-date: /home/rinav/ros2_ws/install/rviz_default_plugins/include/rviz_default_plugins/rviz_default_plugins/displays/pointcloud/transformers/intensity_pc_transformer.hpp
[2.104s] -- Up-to-date: /home/rinav/ros2_ws/install/rviz_default_plugins/include/rviz_default_plugins/rviz_default_plugins/displays/pointcloud/point_cloud_helpers.hpp
[2.105s] -- Up-to-date: /home/rinav/ros2_ws/install/rviz_default_plugins/include/rviz_default_plugins/rviz_default_plugins/displays/pointcloud/point_cloud_common.hpp
[2.105s] -- Up-to-date: /home/rinav/ros2_ws/install/rviz_default_plugins/include/rviz_default_plugins/rviz_default_plugins/displays/pointcloud/point_cloud_transformer.hpp
[2.105s] -- Up-to-date: /home/rinav/ros2_ws/install/rviz_default_plugins/include/rviz_default_plugins/rviz_default_plugins/displays/relative_humidity
[2.105s] -- Up-to-date: /home/rinav/ros2_ws/install/rviz_default_plugins/include/rviz_default_plugins/rviz_default_plugins/displays/relative_humidity/relative_humidity_display.hpp
[2.105s] -- Up-to-date: /home/rinav/ros2_ws/install/rviz_default_plugins/include/rviz_default_plugins/rviz_default_plugins/tools
[2.105s] -- Up-to-date: /home/rinav/ros2_ws/install/rviz_default_plugins/include/rviz_default_plugins/rviz_default_plugins/tools/move
[2.105s] -- Up-to-date: /home/rinav/ros2_ws/install/rviz_default_plugins/include/rviz_default_plugins/rviz_default_plugins/tools/move/move_tool.hpp
[2.105s] -- Up-to-date: /home/rinav/ros2_ws/install/rviz_default_plugins/include/rviz_default_plugins/rviz_default_plugins/tools/goal_pose
[2.105s] -- Up-to-date: /home/rinav/ros2_ws/install/rviz_default_plugins/include/rviz_default_plugins/rviz_default_plugins/tools/goal_pose/goal_tool.hpp
[2.106s] -- Up-to-date: /home/rinav/ros2_ws/install/rviz_default_plugins/include/rviz_default_plugins/rviz_default_plugins/tools/measure
[2.106s] -- Up-to-date: /home/rinav/ros2_ws/install/rviz_default_plugins/include/rviz_default_plugins/rviz_default_plugins/tools/measure/measure_tool.hpp
[2.106s] -- Up-to-date: /home/rinav/ros2_ws/install/rviz_default_plugins/include/rviz_default_plugins/rviz_default_plugins/tools/point
[2.106s] -- Up-to-date: /home/rinav/ros2_ws/install/rviz_default_plugins/include/rviz_default_plugins/rviz_default_plugins/tools/point/point_tool.hpp
[2.106s] -- Up-to-date: /home/rinav/ros2_ws/install/rviz_default_plugins/include/rviz_default_plugins/rviz_default_plugins/tools/pose_estimate
[2.106s] -- Up-to-date: /home/rinav/ros2_ws/install/rviz_default_plugins/include/rviz_default_plugins/rviz_default_plugins/tools/pose_estimate/initial_pose_tool.hpp
[2.106s] -- Up-to-date: /home/rinav/ros2_ws/install/rviz_default_plugins/include/rviz_default_plugins/rviz_default_plugins/tools/pose
[2.106s] -- Up-to-date: /home/rinav/ros2_ws/install/rviz_default_plugins/include/rviz_default_plugins/rviz_default_plugins/tools/pose/pose_tool.hpp
[2.106s] -- Up-to-date: /home/rinav/ros2_ws/install/rviz_default_plugins/include/rviz_default_plugins/rviz_default_plugins/tools/select
[2.106s] -- Up-to-date: /home/rinav/ros2_ws/install/rviz_default_plugins/include/rviz_default_plugins/rviz_default_plugins/tools/select/selection_tool.hpp
[2.107s] -- Up-to-date: /home/rinav/ros2_ws/install/rviz_default_plugins/include/rviz_default_plugins/rviz_default_plugins/tools/focus
[2.107s] -- Up-to-date: /home/rinav/ros2_ws/install/rviz_default_plugins/include/rviz_default_plugins/rviz_default_plugins/tools/focus/focus_tool.hpp
[2.107s] -- Up-to-date: /home/rinav/ros2_ws/install/rviz_default_plugins/include/rviz_default_plugins/rviz_default_plugins/tools/interaction
[2.107s] -- Up-to-date: /home/rinav/ros2_ws/install/rviz_default_plugins/include/rviz_default_plugins/rviz_default_plugins/tools/interaction/interaction_tool.hpp
[2.107s] -- Up-to-date: /home/rinav/ros2_ws/install/rviz_default_plugins/include/rviz_default_plugins/rviz_default_plugins/view_controllers
[2.107s] -- Up-to-date: /home/rinav/ros2_ws/install/rviz_default_plugins/include/rviz_default_plugins/rviz_default_plugins/view_controllers/orbit
[2.107s] -- Up-to-date: /home/rinav/ros2_ws/install/rviz_default_plugins/include/rviz_default_plugins/rviz_default_plugins/view_controllers/orbit/orbit_view_controller.hpp
[2.107s] -- Up-to-date: /home/rinav/ros2_ws/install/rviz_default_plugins/include/rviz_default_plugins/rviz_default_plugins/view_controllers/frame
[2.107s] -- Up-to-date: /home/rinav/ros2_ws/install/rviz_default_plugins/include/rviz_default_plugins/rviz_default_plugins/view_controllers/frame/frame_view_controller.hpp
[2.108s] -- Up-to-date: /home/rinav/ros2_ws/install/rviz_default_plugins/include/rviz_default_plugins/rviz_default_plugins/view_controllers/follower
[2.108s] -- Up-to-date: /home/rinav/ros2_ws/install/rviz_default_plugins/include/rviz_default_plugins/rviz_default_plugins/view_controllers/follower/third_person_follower_view_controller.hpp
[2.108s] -- Up-to-date: /home/rinav/ros2_ws/install/rviz_default_plugins/include/rviz_default_plugins/rviz_default_plugins/view_controllers/ortho
[2.108s] -- Up-to-date: /home/rinav/ros2_ws/install/rviz_default_plugins/include/rviz_default_plugins/rviz_default_plugins/view_controllers/ortho/fixed_orientation_ortho_view_controller.hpp
[2.108s] -- Up-to-date: /home/rinav/ros2_ws/install/rviz_default_plugins/include/rviz_default_plugins/rviz_default_plugins/view_controllers/xy_orbit
[2.108s] -- Up-to-date: /home/rinav/ros2_ws/install/rviz_default_plugins/include/rviz_default_plugins/rviz_default_plugins/view_controllers/xy_orbit/xy_orbit_view_controller.hpp
[2.109s] -- Up-to-date: /home/rinav/ros2_ws/install/rviz_default_plugins/include/rviz_default_plugins/rviz_default_plugins/view_controllers/fps
[2.109s] -- Up-to-date: /home/rinav/ros2_ws/install/rviz_default_plugins/include/rviz_default_plugins/rviz_default_plugins/view_controllers/fps/fps_view_controller.hpp
[2.109s] -- Up-to-date: /home/rinav/ros2_ws/install/rviz_default_plugins/include/rviz_default_plugins/rviz_default_plugins/robot
[2.109s] -- Up-to-date: /home/rinav/ros2_ws/install/rviz_default_plugins/include/rviz_default_plugins/rviz_default_plugins/robot/robot_joint.hpp
[2.109s] -- Up-to-date: /home/rinav/ros2_ws/install/rviz_default_plugins/include/rviz_default_plugins/rviz_default_plugins/robot/link_updater.hpp
[2.109s] -- Up-to-date: /home/rinav/ros2_ws/install/rviz_default_plugins/include/rviz_default_plugins/rviz_default_plugins/robot/robot_element_base_class.hpp
[2.109s] -- Up-to-date: /home/rinav/ros2_ws/install/rviz_default_plugins/include/rviz_default_plugins/rviz_default_plugins/robot/tf_link_updater.hpp
[2.109s] -- Up-to-date: /home/rinav/ros2_ws/install/rviz_default_plugins/include/rviz_default_plugins/rviz_default_plugins/robot/robot_link.hpp
[2.109s] -- Up-to-date: /home/rinav/ros2_ws/install/rviz_default_plugins/include/rviz_default_plugins/rviz_default_plugins/robot/robot.hpp
[2.109s] -- Up-to-date: /home/rinav/ros2_ws/install/rviz_default_plugins/include/rviz_default_plugins/rviz_default_plugins/transformation
[2.110s] -- Up-to-date: /home/rinav/ros2_ws/install/rviz_default_plugins/include/rviz_default_plugins/rviz_default_plugins/transformation/transformer_guard.hpp
[2.110s] -- Up-to-date: /home/rinav/ros2_ws/install/rviz_default_plugins/include/rviz_default_plugins/rviz_default_plugins/transformation/tf_frame_transformer.hpp
[2.110s] -- Up-to-date: /home/rinav/ros2_ws/install/rviz_default_plugins/include/rviz_default_plugins/rviz_default_plugins/transformation/tf_wrapper.hpp
[2.110s] -- Up-to-date: /home/rinav/ros2_ws/install/rviz_default_plugins/share/rviz_default_plugins/icons
[2.110s] -- Up-to-date: /home/rinav/ros2_ws/install/rviz_default_plugins/share/rviz_default_plugins/icons/classes
[2.110s] -- Up-to-date: /home/rinav/ros2_ws/install/rviz_default_plugins/share/rviz_default_plugins/icons/classes/PoseArray.png
[2.110s] -- Up-to-date: /home/rinav/ros2_ws/install/rviz_default_plugins/share/rviz_default_plugins/icons/classes/Temperature.png
[2.112s] -- Up-to-date: /home/rinav/ros2_ws/install/rviz_default_plugins/share/rviz_default_plugins/icons/classes/RobotLinkNoGeom.png
[2.112s] -- Up-to-date: /home/rinav/ros2_ws/install/rviz_default_plugins/share/rviz_default_plugins/icons/classes/RobotLink.png
[2.113s] -- Up-to-date: /home/rinav/ros2_ws/install/rviz_default_plugins/share/rviz_default_plugins/icons/classes/PointCloud.png
[2.113s] -- Up-to-date: /home/rinav/ros2_ws/install/rviz_default_plugins/share/rviz_default_plugins/icons/classes/Illuminance.png
[2.113s] -- Up-to-date: /home/rinav/ros2_ws/install/rviz_default_plugins/share/rviz_default_plugins/icons/classes/LaserScan.png
[2.113s] -- Up-to-date: /home/rinav/ros2_ws/install/rviz_default_plugins/share/rviz_default_plugins/icons/classes/Wrench.png
[2.113s] -- Up-to-date: /home/rinav/ros2_ws/install/rviz_default_plugins/share/rviz_default_plugins/icons/classes/PoseWithCovariance.png
[2.113s] -- Up-to-date: /home/rinav/ros2_ws/install/rviz_default_plugins/share/rviz_default_plugins/icons/classes/Pose.png
[2.113s] -- Up-to-date: /home/rinav/ros2_ws/install/rviz_default_plugins/share/rviz_default_plugins/icons/classes/RobotJoint.png
[2.113s] -- Up-to-date: /home/rinav/ros2_ws/install/rviz_default_plugins/share/rviz_default_plugins/icons/classes/Odometry.png
[2.113s] -- Up-to-date: /home/rinav/ros2_ws/install/rviz_default_plugins/share/rviz_default_plugins/icons/classes/Grid.png
[2.113s] -- Up-to-date: /home/rinav/ros2_ws/install/rviz_default_plugins/share/rviz_default_plugins/icons/classes/SetGoal.png
[2.113s] -- Up-to-date: /home/rinav/ros2_ws/install/rviz_default_plugins/share/rviz_default_plugins/icons/classes/Camera.png
[2.113s] -- Up-to-date: /home/rinav/ros2_ws/install/rviz_default_plugins/share/rviz_default_plugins/icons/classes/Select.png
[2.114s] -- Up-to-date: /home/rinav/ros2_ws/install/rviz_default_plugins/share/rviz_default_plugins/icons/classes/Map.png
[2.114s] -- Up-to-date: /home/rinav/ros2_ws/install/rviz_default_plugins/share/rviz_default_plugins/icons/classes/Path.png
[2.114s] -- Up-to-date: /home/rinav/ros2_ws/install/rviz_default_plugins/share/rviz_default_plugins/icons/classes/AccelStamped.png
[2.114s] -- Up-to-date: /home/rinav/ros2_ws/install/rviz_default_plugins/share/rviz_default_plugins/icons/classes/DepthCloud.png
[2.114s] -- Up-to-date: /home/rinav/ros2_ws/install/rviz_default_plugins/share/rviz_default_plugins/icons/classes/TF.png
[2.114s] -- Up-to-date: /home/rinav/ros2_ws/install/rviz_default_plugins/share/rviz_default_plugins/icons/classes/PointStamped.png
[2.114s] -- Up-to-date: /home/rinav/ros2_ws/install/rviz_default_plugins/share/rviz_default_plugins/icons/classes/Effort.png
[2.114s] -- Up-to-date: /home/rinav/ros2_ws/install/rviz_default_plugins/share/rviz_default_plugins/icons/classes/PointCloud2.png
[2.114s] -- Up-to-date: /home/rinav/ros2_ws/install/rviz_default_plugins/share/rviz_default_plugins/icons/classes/Axes.png
[2.114s] -- Up-to-date: /home/rinav/ros2_ws/install/rviz_default_plugins/share/rviz_default_plugins/icons/classes/Interact.png
[2.114s] -- Up-to-date: /home/rinav/ros2_ws/install/rviz_default_plugins/share/rviz_default_plugins/icons/classes/Range.png
[2.114s] -- Up-to-date: /home/rinav/ros2_ws/install/rviz_default_plugins/share/rviz_default_plugins/icons/classes/TwistStamped.png
[2.114s] -- Up-to-date: /home/rinav/ros2_ws/install/rviz_default_plugins/share/rviz_default_plugins/icons/classes/MarkerArray.png
[2.114s] -- Up-to-date: /home/rinav/ros2_ws/install/rviz_default_plugins/share/rviz_default_plugins/icons/classes/RelativeHumidity.png
[2.115s] -- Up-to-date: /home/rinav/ros2_ws/install/rviz_default_plugins/share/rviz_default_plugins/icons/classes/SetInitialPose.png
[2.115s] -- Up-to-date: /home/rinav/ros2_ws/install/rviz_default_plugins/share/rviz_default_plugins/icons/classes/RobotModel.png
[2.115s] -- Up-to-date: /home/rinav/ros2_ws/install/rviz_default_plugins/share/rviz_default_plugins/icons/classes/Image.png
[2.115s] -- Up-to-date: /home/rinav/ros2_ws/install/rviz_default_plugins/share/rviz_default_plugins/icons/classes/FluidPressure.png
[2.115s] -- Up-to-date: /home/rinav/ros2_ws/install/rviz_default_plugins/share/rviz_default_plugins/icons/classes/InteractiveMarkers.png
[2.115s] -- Up-to-date: /home/rinav/ros2_ws/install/rviz_default_plugins/share/rviz_default_plugins/icons/classes/Measure.svg
[2.115s] -- Up-to-date: /home/rinav/ros2_ws/install/rviz_default_plugins/share/rviz_default_plugins/icons/classes/src
[2.115s] -- Up-to-date: /home/rinav/ros2_ws/install/rviz_default_plugins/share/rviz_default_plugins/icons/classes/src/RobotModel.xcf
[2.115s] -- Up-to-date: /home/rinav/ros2_ws/install/rviz_default_plugins/share/rviz_default_plugins/icons/classes/src/Arrow.xcf
[2.115s] -- Up-to-date: /home/rinav/ros2_ws/install/rviz_default_plugins/share/rviz_default_plugins/icons/classes/src/Poly.xcf
[2.115s] -- Up-to-date: /home/rinav/ros2_ws/install/rviz_default_plugins/share/rviz_default_plugins/icons/classes/src/TF.xcf
[2.115s] -- Up-to-date: /home/rinav/ros2_ws/install/rviz_default_plugins/share/rviz_default_plugins/icons/classes/src/MarkerArray.xcf
[2.117s] -- Up-to-date: /home/rinav/ros2_ws/install/rviz_default_plugins/share/rviz_default_plugins/icons/classes/src/Map.xcf
[2.117s] -- Up-to-date: /home/rinav/ros2_ws/install/rviz_default_plugins/share/rviz_default_plugins/icons/classes/src/Axes.xcf
[2.117s] -- Up-to-date: /home/rinav/ros2_ws/install/rviz_default_plugins/share/rviz_default_plugins/icons/classes/src/Polygon.xcf
[2.117s] -- Up-to-date: /home/rinav/ros2_ws/install/rviz_default_plugins/share/rviz_default_plugins/icons/classes/src/PoseArray.xcf
[2.117s] -- Up-to-date: /home/rinav/ros2_ws/install/rviz_default_plugins/share/rviz_default_plugins/icons/classes/src/Range.xcf
[2.117s] -- Up-to-date: /home/rinav/ros2_ws/install/rviz_default_plugins/share/rviz_default_plugins/icons/classes/src/InteractiveMarker.xcf
[2.118s] -- Up-to-date: /home/rinav/ros2_ws/install/rviz_default_plugins/share/rviz_default_plugins/icons/classes/src/GridCells.xcf
[2.118s] -- Up-to-date: /home/rinav/ros2_ws/install/rviz_default_plugins/share/rviz_default_plugins/icons/classes/GridCells.png
[2.118s] -- Up-to-date: /home/rinav/ros2_ws/install/rviz_default_plugins/share/rviz_default_plugins/icons/classes/MoveCamera.png
[2.119s] -- Up-to-date: /home/rinav/ros2_ws/install/rviz_default_plugins/share/rviz_default_plugins/icons/classes/Marker.png
[2.119s] -- Up-to-date: /home/rinav/ros2_ws/install/rviz_default_plugins/share/rviz_default_plugins/icons/classes/PublishPoint.svg
[2.119s] -- Up-to-date: /home/rinav/ros2_ws/install/rviz_default_plugins/share/rviz_default_plugins/icons/classes/FocusCamera.svg
[2.119s] -- Up-to-date: /home/rinav/ros2_ws/install/rviz_default_plugins/share/rviz_default_plugins/icons/classes/Polygon.png
[2.119s] -- Up-to-date: /home/rinav/ros2_ws/install/rviz_default_plugins/share/rviz_default_plugins/icons/visibility.svg
[2.119s] -- Up-to-date: /home/rinav/ros2_ws/install/rviz_default_plugins/share/rviz_default_plugins/test_meshes
[2.119s] -- Up-to-date: /home/rinav/ros2_ws/install/rviz_default_plugins/share/rviz_default_plugins/test_meshes/pr2-base.dae
[2.119s] -- Up-to-date: /home/rinav/ros2_ws/install/rviz_default_plugins/share/rviz_default_plugins/test_meshes/base_normals.png
[2.119s] -- Up-to-date: /home/rinav/ros2_ws/install/rviz_default_plugins/share/rviz_default_plugins/test_meshes/base_color.png
[2.119s] -- Up-to-date: /home/rinav/ros2_ws/install/rviz_default_plugins/share/rviz_default_plugins/test_meshes/test.urdf
[2.119s] -- Up-to-date: /home/rinav/ros2_ws/install/rviz_default_plugins/share/rviz_default_plugins/test_meshes/pr2-base_large.dae
[2.119s] -- Up-to-date: /home/rinav/ros2_ws/install/rviz_default_plugins/share/ament_index/resource_index/package_run_dependencies/rviz_default_plugins
[2.119s] -- Up-to-date: /home/rinav/ros2_ws/install/rviz_default_plugins/share/ament_index/resource_index/parent_prefix_path/rviz_default_plugins
[2.119s] -- Up-to-date: /home/rinav/ros2_ws/install/rviz_default_plugins/share/rviz_default_plugins/environment/ament_prefix_path.sh
[2.120s] -- Up-to-date: /home/rinav/ros2_ws/install/rviz_default_plugins/share/rviz_default_plugins/environment/ament_prefix_path.dsv
[2.120s] -- Up-to-date: /home/rinav/ros2_ws/install/rviz_default_plugins/share/rviz_default_plugins/environment/path.sh
[2.120s] -- Up-to-date: /home/rinav/ros2_ws/install/rviz_default_plugins/share/rviz_default_plugins/environment/path.dsv
[2.120s] -- Up-to-date: /home/rinav/ros2_ws/install/rviz_default_plugins/share/rviz_default_plugins/local_setup.bash
[2.120s] -- Up-to-date: /home/rinav/ros2_ws/install/rviz_default_plugins/share/rviz_default_plugins/local_setup.sh
[2.120s] -- Up-to-date: /home/rinav/ros2_ws/install/rviz_default_plugins/share/rviz_default_plugins/local_setup.zsh
[2.120s] -- Up-to-date: /home/rinav/ros2_ws/install/rviz_default_plugins/share/rviz_default_plugins/local_setup.dsv
[2.120s] -- Installing: /home/rinav/ros2_ws/install/rviz_default_plugins/share/rviz_default_plugins/package.dsv
[2.120s] -- Up-to-date: /home/rinav/ros2_ws/install/rviz_default_plugins/share/ament_index/resource_index/packages/rviz_default_plugins
[2.120s] -- Up-to-date: /home/rinav/ros2_ws/install/rviz_default_plugins/share/ament_index/resource_index/rviz_common__pluginlib__plugin/rviz_default_plugins
[2.120s] -- Up-to-date: /home/rinav/ros2_ws/install/rviz_default_plugins/share/rviz_default_plugins/cmake/rviz_default_pluginsExport.cmake
[2.120s] -- Up-to-date: /home/rinav/ros2_ws/install/rviz_default_plugins/share/rviz_default_plugins/cmake/rviz_default_pluginsExport-noconfig.cmake
[2.120s] -- Up-to-date: /home/rinav/ros2_ws/install/rviz_default_plugins/share/rviz_default_plugins/cmake/rviz_default_plugins-extras.cmake
[2.121s] -- Up-to-date: /home/rinav/ros2_ws/install/rviz_default_plugins/share/rviz_default_plugins/cmake/ament_cmake_export_include_directories-extras.cmake
[2.121s] -- Up-to-date: /home/rinav/ros2_ws/install/rviz_default_plugins/share/rviz_default_plugins/cmake/ament_cmake_export_targets-extras.cmake
[2.121s] -- Up-to-date: /home/rinav/ros2_ws/install/rviz_default_plugins/share/rviz_default_plugins/cmake/ament_cmake_export_dependencies-extras.cmake
[2.121s] -- Up-to-date: /home/rinav/ros2_ws/install/rviz_default_plugins/share/rviz_default_plugins/cmake/rviz_default_pluginsConfig.cmake
[2.121s] -- Up-to-date: /home/rinav/ros2_ws/install/rviz_default_plugins/share/rviz_default_plugins/cmake/rviz_default_pluginsConfig-version.cmake
[2.121s] -- Up-to-date: /home/rinav/ros2_ws/install/rviz_default_plugins/share/rviz_default_plugins/package.xml
[2.133s] Invoked command in '/home/rinav/ros2_ws/build/rviz_default_plugins' returned '0': CMAKE_PREFIX_PATH=/home/rinav/ros2_ws/install/rviz_visual_testing_framework:/home/rinav/ros2_ws/install/rviz_rendering_tests:/home/rinav/ros2_ws/install/rviz_common:/home/rinav/ros2_ws/install/rviz_rendering:/home/rinav/ros2_ws/install/rviz_ogre_vendor:/home/rinav/ros2_ws/install/rviz_assimp_vendor:/home/rinav/ros2_ws/install/rviz2:/home/rinav/ros2_ws/install/rviz_default_plugins:/home/rinav/ros2_ws/src/rviz/install:/home/rinav/ros2_ws/install/husky_ur3_moveit_config:/home/rinav/ros2_ws/install/ur:/home/rinav/ros2_ws/install/ur_calibration:/home/rinav/ros2_ws/install/ur_robot_driver:/home/rinav/ros2_ws/install/ur_moveit_config:/home/rinav/ros2_ws/install/ur_bringup:/home/rinav/ros2_ws/install/ur_description:/home/rinav/ros2_ws/install/ur_controllers:/home/rinav/ros2_ws/install/ur_dashboard_msgs:/home/rinav/ros2_ws/install/turtlesim:/home/rinav/ros2_ws/install/robotis_manipulator:/home/rinav/ros2_ws/install/husky_desktop:/home/rinav/ros2_ws/install/husky_viz:/home/rinav/ros2_ws/install/husky_ur3_ignition:/home/rinav/ros2_ws/install/husky_simulator:/home/rinav/ros2_ws/install/husky_robot:/home/rinav/ros2_ws/install/husky_bringup:/home/rinav/ros2_ws/install/husky_base:/home/rinav/ros2_ws/install/husky_msgs:/home/rinav/ros2_ws/install/husky_gazebo:/home/rinav/ros2_ws/install/husky_control:/home/rinav/ros2_ws/install/husky_description:/home/rinav/ros2_ws/install/trial_package:/home/rinav/ros2_ws/install/py_srvcli:/home/rinav/ros2_ws/install/py_pubsub:/home/rinav/ros2_ws/install/mobile_robotics:/opt/ros/humble LD_LIBRARY_PATH=/home/rinav/ros2_ws/install/rviz_common/lib:/home/rinav/ros2_ws/install/rviz_rendering/lib:/home/rinav/ros2_ws/install/rviz_default_plugins/lib:/home/rinav/ros2_ws/install/rviz_ogre_vendor/opt/rviz_ogre_vendor/lib:/home/rinav/ros2_ws/src/rviz/install/opt/rviz_ogre_vendor/lib:/home/rinav/ros2_ws/src/rviz/install/lib:/home/rinav/ros2_ws/install/ur_robot_driver/lib:/home/rinav/ros2_ws/install/ur_controllers/lib:/home/rinav/ros2_ws/install/ur_dashboard_msgs/lib:/home/rinav/ros2_ws/install/turtlesim/lib:/home/rinav/ros2_ws/install/robotis_manipulator/lib:/home/rinav/ros2_ws/src/husky/install/husky_base/lib:/home/rinav/ros2_ws/src/husky/install/husky_msgs/lib:/home/rinav/ros2_ws/install/husky_base/lib:/home/rinav/ros2_ws/install/husky_msgs/lib:/opt/ros/humble/opt/rviz_ogre_vendor/lib:/opt/ros/humble/lib/aarch64-linux-gnu:/opt/ros/humble/lib /usr/bin/cmake --install /home/rinav/ros2_ws/build/rviz_default_plugins
