[0.035s] Invoking command in '/home/rinav/ros2_ws/build/husky_ur3_ignition': CMAKE_PREFIX_PATH=${CMAKE_PREFIX_PATH}:/home/rinav/ros2_ws/install/trial_package:/home/rinav/ros2_ws/install/mobile_robotics:/home/rinav/ros2_ws/install/launch_param_builder:/opt/ros/humble /usr/bin/cmake --build /home/rinav/ros2_ws/build/husky_ur3_ignition -- -j8 -l8
[0.498s] Invoked command in '/home/rinav/ros2_ws/build/husky_ur3_ignition' returned '0': CMAKE_PREFIX_PATH=${CMAKE_PREFIX_PATH}:/home/rinav/ros2_ws/install/trial_package:/home/rinav/ros2_ws/install/mobile_robotics:/home/rinav/ros2_ws/install/launch_param_builder:/opt/ros/humble /usr/bin/cmake --build /home/rinav/ros2_ws/build/husky_ur3_ignition -- -j8 -l8
[0.507s] Invoking command in '/home/rinav/ros2_ws/build/husky_ur3_ignition': CMAKE_PREFIX_PATH=${CMAKE_PREFIX_PATH}:/home/rinav/ros2_ws/install/trial_package:/home/rinav/ros2_ws/install/mobile_robotics:/home/rinav/ros2_ws/install/launch_param_builder:/opt/ros/humble /usr/bin/cmake --install /home/rinav/ros2_ws/build/husky_ur3_ignition
[0.514s] -- Install configuration: ""
[0.514s] -- Up-to-date: /home/rinav/ros2_ws/install/husky_ur3_ignition/share/ament_index/resource_index/package_run_dependencies/husky_ur3_ignition
[0.514s] -- Up-to-date: /home/rinav/ros2_ws/install/husky_ur3_ignition/share/ament_index/resource_index/parent_prefix_path/husky_ur3_ignition
[0.514s] -- Up-to-date: /home/rinav/ros2_ws/install/husky_ur3_ignition/share/husky_ur3_ignition/environment/ament_prefix_path.sh
[0.515s] -- Up-to-date: /home/rinav/ros2_ws/install/husky_ur3_ignition/share/husky_ur3_ignition/environment/ament_prefix_path.dsv
[0.515s] -- Up-to-date: /home/rinav/ros2_ws/install/husky_ur3_ignition/share/husky_ur3_ignition/environment/path.sh
[0.515s] -- Up-to-date: /home/rinav/ros2_ws/install/husky_ur3_ignition/share/husky_ur3_ignition/environment/path.dsv
[0.515s] -- Up-to-date: /home/rinav/ros2_ws/install/husky_ur3_ignition/share/husky_ur3_ignition/local_setup.bash
[0.515s] -- Up-to-date: /home/rinav/ros2_ws/install/husky_ur3_ignition/share/husky_ur3_ignition/local_setup.sh
[0.515s] -- Up-to-date: /home/rinav/ros2_ws/install/husky_ur3_ignition/share/husky_ur3_ignition/local_setup.zsh
[0.515s] -- Up-to-date: /home/rinav/ros2_ws/install/husky_ur3_ignition/share/husky_ur3_ignition/local_setup.dsv
[0.516s] -- Installing: /home/rinav/ros2_ws/install/husky_ur3_ignition/share/husky_ur3_ignition/package.dsv
[0.516s] -- Up-to-date: /home/rinav/ros2_ws/install/husky_ur3_ignition/share/ament_index/resource_index/packages/husky_ur3_ignition
[0.516s] -- Up-to-date: /home/rinav/ros2_ws/install/husky_ur3_ignition/share/husky_ur3_ignition/cmake/husky_ur3_ignitionConfig.cmake
[0.516s] -- Up-to-date: /home/rinav/ros2_ws/install/husky_ur3_ignition/share/husky_ur3_ignition/cmake/husky_ur3_ignitionConfig-version.cmake
[0.519s] -- Up-to-date: /home/rinav/ros2_ws/install/husky_ur3_ignition/share/husky_ur3_ignition/package.xml
[0.604s] Invoked command in '/home/rinav/ros2_ws/build/husky_ur3_ignition' returned '0': CMAKE_PREFIX_PATH=${CMAKE_PREFIX_PATH}:/home/rinav/ros2_ws/install/trial_package:/home/rinav/ros2_ws/install/mobile_robotics:/home/rinav/ros2_ws/install/launch_param_builder:/opt/ros/humble /usr/bin/cmake --install /home/rinav/ros2_ws/build/husky_ur3_ignition
