[0.007s] Invoking command in '/home/rinav/ros2_ws/src/husky/build/husky_bringup': AMENT_PREFIX_PATH=/home/rinav/ros2_ws/src/husky/install/husky_control:/home/rinav/ros2_ws/src/husky/install/husky_base:/home/rinav/ros2_ws/src/husky/install/husky_msgs:/home/rinav/ros2_ws/src/husky/install/husky_description:${AMENT_PREFIX_PATH} CMAKE_PREFIX_PATH=/home/rinav/ros2_ws/src/husky/install/husky_control:/home/rinav/ros2_ws/src/husky/install/husky_base:/home/rinav/ros2_ws/src/husky/install/husky_msgs:/home/rinav/ros2_ws/src/husky/install/husky_description:/home/rinav/ros2_ws/install/husky_bringup:/home/rinav/ros2_ws/install/husky_base:/home/rinav/ros2_ws/install/husky_msgs:/home/rinav/ros2_ws/install/husky_control:/home/rinav/ros2_ws/install/husky_description:/opt/ros/humble LD_LIBRARY_PATH=/home/rinav/ros2_ws/src/husky/install/husky_base/lib:/home/rinav/ros2_ws/src/husky/install/husky_msgs/lib:${LD_LIBRARY_PATH} PYTHONPATH=/home/rinav/ros2_ws/src/husky/install/husky_msgs/local/lib/python3.10/dist-packages:${PYTHONPATH} /usr/bin/cmake /home/rinav/ros2_ws/src/husky/husky_bringup -DCMAKE_INSTALL_PREFIX=/home/rinav/ros2_ws/src/husky/install/husky_bringup
[0.041s] -- The C compiler identification is GNU 11.4.0
[0.073s] -- The CXX compiler identification is GNU 11.4.0
[0.079s] -- Detecting C compiler ABI info
[0.123s] -- Detecting C compiler ABI info - done
[0.128s] -- Check for working C compiler: /usr/bin/cc - skipped
[0.128s] -- Detecting C compile features
[0.129s] -- Detecting C compile features - done
[0.131s] -- Detecting CXX compiler ABI info
[0.173s] -- Detecting CXX compiler ABI info - done
[0.178s] -- Check for working CXX compiler: /usr/bin/c++ - skipped
[0.179s] -- Detecting CXX compile features
[0.179s] -- Detecting CXX compile features - done
[0.181s] -- Found ament_cmake: 1.3.12 (/opt/ros/humble/share/ament_cmake/cmake)
[0.268s] -- Found Python3: /usr/bin/python3 (found version "3.10.12") found components: Interpreter 
[0.363s] -- Configuring done
[0.365s] -- Generating done
[0.366s] -- Build files have been written to: /home/rinav/ros2_ws/src/husky/build/husky_bringup
[0.369s] Invoked command in '/home/rinav/ros2_ws/src/husky/build/husky_bringup' returned '0': AMENT_PREFIX_PATH=/home/rinav/ros2_ws/src/husky/install/husky_control:/home/rinav/ros2_ws/src/husky/install/husky_base:/home/rinav/ros2_ws/src/husky/install/husky_msgs:/home/rinav/ros2_ws/src/husky/install/husky_description:${AMENT_PREFIX_PATH} CMAKE_PREFIX_PATH=/home/rinav/ros2_ws/src/husky/install/husky_control:/home/rinav/ros2_ws/src/husky/install/husky_base:/home/rinav/ros2_ws/src/husky/install/husky_msgs:/home/rinav/ros2_ws/src/husky/install/husky_description:/home/rinav/ros2_ws/install/husky_bringup:/home/rinav/ros2_ws/install/husky_base:/home/rinav/ros2_ws/install/husky_msgs:/home/rinav/ros2_ws/install/husky_control:/home/rinav/ros2_ws/install/husky_description:/opt/ros/humble LD_LIBRARY_PATH=/home/rinav/ros2_ws/src/husky/install/husky_base/lib:/home/rinav/ros2_ws/src/husky/install/husky_msgs/lib:${LD_LIBRARY_PATH} PYTHONPATH=/home/rinav/ros2_ws/src/husky/install/husky_msgs/local/lib/python3.10/dist-packages:${PYTHONPATH} /usr/bin/cmake /home/rinav/ros2_ws/src/husky/husky_bringup -DCMAKE_INSTALL_PREFIX=/home/rinav/ros2_ws/src/husky/install/husky_bringup
[0.370s] Invoking command in '/home/rinav/ros2_ws/src/husky/build/husky_bringup': AMENT_PREFIX_PATH=/home/rinav/ros2_ws/src/husky/install/husky_control:/home/rinav/ros2_ws/src/husky/install/husky_base:/home/rinav/ros2_ws/src/husky/install/husky_msgs:/home/rinav/ros2_ws/src/husky/install/husky_description:${AMENT_PREFIX_PATH} CMAKE_PREFIX_PATH=/home/rinav/ros2_ws/src/husky/install/husky_control:/home/rinav/ros2_ws/src/husky/install/husky_base:/home/rinav/ros2_ws/src/husky/install/husky_msgs:/home/rinav/ros2_ws/src/husky/install/husky_description:/home/rinav/ros2_ws/install/husky_bringup:/home/rinav/ros2_ws/install/husky_base:/home/rinav/ros2_ws/install/husky_msgs:/home/rinav/ros2_ws/install/husky_control:/home/rinav/ros2_ws/install/husky_description:/opt/ros/humble LD_LIBRARY_PATH=/home/rinav/ros2_ws/src/husky/install/husky_base/lib:/home/rinav/ros2_ws/src/husky/install/husky_msgs/lib:${LD_LIBRARY_PATH} PYTHONPATH=/home/rinav/ros2_ws/src/husky/install/husky_msgs/local/lib/python3.10/dist-packages:${PYTHONPATH} /usr/bin/cmake --build /home/rinav/ros2_ws/src/husky/build/husky_bringup -- -j8 -l8
[0.388s] Invoked command in '/home/rinav/ros2_ws/src/husky/build/husky_bringup' returned '0': AMENT_PREFIX_PATH=/home/rinav/ros2_ws/src/husky/install/husky_control:/home/rinav/ros2_ws/src/husky/install/husky_base:/home/rinav/ros2_ws/src/husky/install/husky_msgs:/home/rinav/ros2_ws/src/husky/install/husky_description:${AMENT_PREFIX_PATH} CMAKE_PREFIX_PATH=/home/rinav/ros2_ws/src/husky/install/husky_control:/home/rinav/ros2_ws/src/husky/install/husky_base:/home/rinav/ros2_ws/src/husky/install/husky_msgs:/home/rinav/ros2_ws/src/husky/install/husky_description:/home/rinav/ros2_ws/install/husky_bringup:/home/rinav/ros2_ws/install/husky_base:/home/rinav/ros2_ws/install/husky_msgs:/home/rinav/ros2_ws/install/husky_control:/home/rinav/ros2_ws/install/husky_description:/opt/ros/humble LD_LIBRARY_PATH=/home/rinav/ros2_ws/src/husky/install/husky_base/lib:/home/rinav/ros2_ws/src/husky/install/husky_msgs/lib:${LD_LIBRARY_PATH} PYTHONPATH=/home/rinav/ros2_ws/src/husky/install/husky_msgs/local/lib/python3.10/dist-packages:${PYTHONPATH} /usr/bin/cmake --build /home/rinav/ros2_ws/src/husky/build/husky_bringup -- -j8 -l8
[0.388s] Invoking command in '/home/rinav/ros2_ws/src/husky/build/husky_bringup': AMENT_PREFIX_PATH=/home/rinav/ros2_ws/src/husky/install/husky_control:/home/rinav/ros2_ws/src/husky/install/husky_base:/home/rinav/ros2_ws/src/husky/install/husky_msgs:/home/rinav/ros2_ws/src/husky/install/husky_description:${AMENT_PREFIX_PATH} CMAKE_PREFIX_PATH=/home/rinav/ros2_ws/src/husky/install/husky_control:/home/rinav/ros2_ws/src/husky/install/husky_base:/home/rinav/ros2_ws/src/husky/install/husky_msgs:/home/rinav/ros2_ws/src/husky/install/husky_description:/home/rinav/ros2_ws/install/husky_bringup:/home/rinav/ros2_ws/install/husky_base:/home/rinav/ros2_ws/install/husky_msgs:/home/rinav/ros2_ws/install/husky_control:/home/rinav/ros2_ws/install/husky_description:/opt/ros/humble LD_LIBRARY_PATH=/home/rinav/ros2_ws/src/husky/install/husky_base/lib:/home/rinav/ros2_ws/src/husky/install/husky_msgs/lib:${LD_LIBRARY_PATH} PYTHONPATH=/home/rinav/ros2_ws/src/husky/install/husky_msgs/local/lib/python3.10/dist-packages:${PYTHONPATH} /usr/bin/cmake --install /home/rinav/ros2_ws/src/husky/build/husky_bringup
[0.393s] -- Install configuration: ""
[0.393s] -- Installing: /home/rinav/ros2_ws/src/husky/install/husky_bringup/share/husky_bringup/config
[0.393s] -- Installing: /home/rinav/ros2_ws/src/husky/install/husky_bringup/share/husky_bringup/config/mag_config_default.yaml
[0.393s] -- Installing: /home/rinav/ros2_ws/src/husky/install/husky_bringup/share/husky_bringup/launch
[0.393s] -- Installing: /home/rinav/ros2_ws/src/husky/install/husky_bringup/share/husky_bringup/launch/accessories.launch.py
[0.393s] -- Installing: /home/rinav/ros2_ws/src/husky/install/husky_bringup/share/husky_bringup/udev
[0.393s] -- Installing: /home/rinav/ros2_ws/src/husky/install/husky_bringup/share/husky_bringup/udev/41-hokuyo.rules
[0.393s] -- Installing: /home/rinav/ros2_ws/src/husky/install/husky_bringup/share/husky_bringup/udev/41-logitech.rules
[0.393s] -- Installing: /home/rinav/ros2_ws/src/husky/install/husky_bringup/share/husky_bringup/udev/README.md
[0.393s] -- Installing: /home/rinav/ros2_ws/src/husky/install/husky_bringup/share/husky_bringup/udev/41-clearpath.rules
[0.393s] -- Installing: /home/rinav/ros2_ws/src/husky/install/husky_bringup/share/husky_bringup/udev/10-microstrain.rules
[0.393s] -- Installing: /home/rinav/ros2_ws/src/husky/install/husky_bringup/share/husky_bringup/udev/52-ftdi.rules
[0.393s] -- Installing: /home/rinav/ros2_ws/src/husky/install/husky_bringup/lib/husky_bringup/install
[0.393s] -- Installing: /home/rinav/ros2_ws/src/husky/install/husky_bringup/share/ament_index/resource_index/package_run_dependencies/husky_bringup
[0.393s] -- Installing: /home/rinav/ros2_ws/src/husky/install/husky_bringup/share/ament_index/resource_index/parent_prefix_path/husky_bringup
[0.393s] -- Installing: /home/rinav/ros2_ws/src/husky/install/husky_bringup/share/husky_bringup/environment/ament_prefix_path.sh
[0.393s] -- Installing: /home/rinav/ros2_ws/src/husky/install/husky_bringup/share/husky_bringup/environment/ament_prefix_path.dsv
[0.393s] -- Installing: /home/rinav/ros2_ws/src/husky/install/husky_bringup/share/husky_bringup/environment/path.sh
[0.394s] -- Installing: /home/rinav/ros2_ws/src/husky/install/husky_bringup/share/husky_bringup/environment/path.dsv
[0.394s] -- Installing: /home/rinav/ros2_ws/src/husky/install/husky_bringup/share/husky_bringup/local_setup.bash
[0.394s] -- Installing: /home/rinav/ros2_ws/src/husky/install/husky_bringup/share/husky_bringup/local_setup.sh
[0.394s] -- Installing: /home/rinav/ros2_ws/src/husky/install/husky_bringup/share/husky_bringup/local_setup.zsh
[0.394s] -- Installing: /home/rinav/ros2_ws/src/husky/install/husky_bringup/share/husky_bringup/local_setup.dsv
[0.394s] -- Installing: /home/rinav/ros2_ws/src/husky/install/husky_bringup/share/husky_bringup/package.dsv
[0.394s] -- Installing: /home/rinav/ros2_ws/src/husky/install/husky_bringup/share/ament_index/resource_index/packages/husky_bringup
[0.394s] -- Installing: /home/rinav/ros2_ws/src/husky/install/husky_bringup/share/husky_bringup/cmake/husky_bringupConfig.cmake
[0.394s] -- Installing: /home/rinav/ros2_ws/src/husky/install/husky_bringup/share/husky_bringup/cmake/husky_bringupConfig-version.cmake
[0.394s] -- Installing: /home/rinav/ros2_ws/src/husky/install/husky_bringup/share/husky_bringup/package.xml
[0.396s] Invoked command in '/home/rinav/ros2_ws/src/husky/build/husky_bringup' returned '0': AMENT_PREFIX_PATH=/home/rinav/ros2_ws/src/husky/install/husky_control:/home/rinav/ros2_ws/src/husky/install/husky_base:/home/rinav/ros2_ws/src/husky/install/husky_msgs:/home/rinav/ros2_ws/src/husky/install/husky_description:${AMENT_PREFIX_PATH} CMAKE_PREFIX_PATH=/home/rinav/ros2_ws/src/husky/install/husky_control:/home/rinav/ros2_ws/src/husky/install/husky_base:/home/rinav/ros2_ws/src/husky/install/husky_msgs:/home/rinav/ros2_ws/src/husky/install/husky_description:/home/rinav/ros2_ws/install/husky_bringup:/home/rinav/ros2_ws/install/husky_base:/home/rinav/ros2_ws/install/husky_msgs:/home/rinav/ros2_ws/install/husky_control:/home/rinav/ros2_ws/install/husky_description:/opt/ros/humble LD_LIBRARY_PATH=/home/rinav/ros2_ws/src/husky/install/husky_base/lib:/home/rinav/ros2_ws/src/husky/install/husky_msgs/lib:${LD_LIBRARY_PATH} PYTHONPATH=/home/rinav/ros2_ws/src/husky/install/husky_msgs/local/lib/python3.10/dist-packages:${PYTHONPATH} /usr/bin/cmake --install /home/rinav/ros2_ws/src/husky/build/husky_bringup
