[0.009s] Invoking command in '/home/rinav/ros2_ws/build/rviz_rendering': CMAKE_PREFIX_PATH=/home/rinav/ros2_ws/install/rviz_ogre_vendor:/home/rinav/ros2_ws/install/rviz_assimp_vendor:/home/rinav/ros2_ws/install/ur:/home/rinav/ros2_ws/install/ur_calibration:/home/rinav/ros2_ws/install/ur_robot_driver:/home/rinav/ros2_ws/install/ur_moveit_config:/home/rinav/ros2_ws/install/ur_bringup:/home/rinav/ros2_ws/install/ur_description:/home/rinav/ros2_ws/install/ur_controllers:/home/rinav/ros2_ws/install/ur_dashboard_msgs:/home/rinav/ros2_ws/install/turtlesim:/home/rinav/ros2_ws/install/srdfdom:/home/rinav/ros2_ws/install/rviz_visual_testing_framework:/home/rinav/ros2_ws/install/rviz_rendering_tests:/home/rinav/ros2_ws/install/husky_desktop:/home/rinav/ros2_ws/install/husky_viz:/home/rinav/ros2_ws/install/husky_ur3_moveit_config:/home/rinav/ros2_ws/install/rviz2:/home/rinav/ros2_ws/install/rviz_default_plugins:/home/rinav/ros2_ws/install/rviz_common:/home/rinav/ros2_ws/install/rviz_rendering:/home/rinav/ros2_ws/install/rosparam_shortcuts:/home/rinav/ros2_ws/install/robotis_manipulator:/home/rinav/ros2_ws/install/husky_ur3_ignition:/home/rinav/ros2_ws/install/husky_simulator:/home/rinav/ros2_ws/install/husky_robot:/home/rinav/ros2_ws/install/husky_bringup:/home/rinav/ros2_ws/install/husky_base:/home/rinav/ros2_ws/install/husky_msgs:/home/rinav/ros2_ws/install/husky_gazebo:/home/rinav/ros2_ws/install/husky_control:/home/rinav/ros2_ws/install/husky_description:/home/rinav/ros2_ws/src/rviz/install:/opt/ros/humble:/home/rinav/ros2_ws/install/trial_package:/home/rinav/ros2_ws/install/py_srvcli:/home/rinav/ros2_ws/install/py_pubsub:/home/rinav/ros2_ws/install/mobile_robotics:/home/rinav/ros2_ws/install/launch_param_builder /usr/bin/cmake /home/rinav/ros2_ws/src/rviz/rviz_rendering -DCMAKE_INSTALL_PREFIX=/home/rinav/ros2_ws/install/rviz_rendering
[0.050s] -- The C compiler identification is GNU 11.4.0
[0.086s] -- The CXX compiler identification is GNU 11.4.0
[0.090s] -- Detecting C compiler ABI info
[0.137s] -- Detecting C compiler ABI info - done
[0.142s] -- Check for working C compiler: /usr/bin/cc - skipped
[0.142s] -- Detecting C compile features
[0.142s] -- Detecting C compile features - done
[0.144s] -- Detecting CXX compiler ABI info
[0.194s] -- Detecting CXX compiler ABI info - done
[0.199s] -- Check for working CXX compiler: /usr/bin/c++ - skipped
[0.199s] -- Detecting CXX compile features
[0.200s] -- Detecting CXX compile features - done
[0.200s] -- Enabling tests requiring a display
[0.205s] -- Found ament_cmake: 1.3.12 (/opt/ros/humble/share/ament_cmake/cmake)
[0.309s] -- Found Python3: /usr/bin/python3 (found version "3.10.12") found components: Interpreter 
[0.384s] -- Found rviz_ogre_vendor: 11.2.18 (/home/rinav/ros2_ws/install/rviz_ogre_vendor/share/rviz_ogre_vendor/cmake)
[0.384s] -- Setting OGRE_DIR to: '/home/rinav/ros2_ws/install/rviz_ogre_vendor/share/rviz_ogre_vendor/cmake/../../../opt/rviz_ogre_vendor/lib/OGRE/cmake'
[0.385s] -- Found OGRE
[0.385s] --   static     : OFF
[0.385s] --   components : HLMS;MeshLodGenerator;Overlay;Paging;Property;RTShaderSystem;Terrain;Volume
[0.385s] --   plugins    : Plugin_BSPSceneManager;Plugin_OctreeSceneManager;Plugin_PCZSceneManager;Plugin_ParticleFX;RenderSystem_GL;RenderSystem_GL3Plus;Codec_STBI;Codec_EXR
[0.385s] --   media      : /home/rinav/ros2_ws/install/rviz_ogre_vendor/opt/rviz_ogre_vendor/share/OGRE/Media
[0.385s] -- OGRE_LIBRARIES: OgreHLMS;OgreMeshLodGenerator;OgreOverlay;OgrePaging;OgreProperty;OgreRTShaderSystem;OgreTerrain;OgreVolume;OgreMain
[0.385s] -- OGRE_LIBRARY_DIRS: /home/rinav/ros2_ws/install/rviz_ogre_vendor/opt/rviz_ogre_vendor/lib
[0.386s] -- OGRE_PLUGINS: Plugin_BSPSceneManager;Plugin_OctreeSceneManager;Plugin_PCZSceneManager;Plugin_ParticleFX;RenderSystem_GL;RenderSystem_GL3Plus;Codec_STBI;Codec_EXR
[0.386s] -- OGRE_PLUGIN_DIR: /home/rinav/ros2_ws/install/rviz_ogre_vendor/opt/rviz_ogre_vendor/lib/OGRE
[0.386s] -- rviz_ogre_vendor::OgreOverlay for IMPORTED_LOCATION_RELEASE: /home/rinav/ros2_ws/install/rviz_ogre_vendor/opt/rviz_ogre_vendor/lib/libOgreOverlay.so
[0.386s] -- rviz_ogre_vendor::OgreOverlay for IMPORTED_LOCATION_DEBUG: /home/rinav/ros2_ws/install/rviz_ogre_vendor/opt/rviz_ogre_vendor/lib/libOgreOverlay.so
[0.386s] -- rviz_ogre_vendor::OgreMain for IMPORTED_LOCATION_RELEASE: /home/rinav/ros2_ws/install/rviz_ogre_vendor/opt/rviz_ogre_vendor/lib/libOgreMain.so
[0.386s] -- rviz_ogre_vendor::OgreMain for IMPORTED_LOCATION_DEBUG: /home/rinav/ros2_ws/install/rviz_ogre_vendor/opt/rviz_ogre_vendor/lib/libOgreMain.so
[0.396s] -- Could not find freeimage library
[0.418s] -- Found ZLIB: /usr/lib/aarch64-linux-gnu/libz.so (found version "1.2.11") 
[0.424s] -- Found OpenGL: /usr/lib/aarch64-linux-gnu/libOpenGL.so   
[0.506s] -- Found X11: /usr/include   
[0.507s] -- Looking for XOpenDisplay in /usr/lib/aarch64-linux-gnu/libX11.so;/usr/lib/aarch64-linux-gnu/libXext.so
[0.553s] -- Looking for XOpenDisplay in /usr/lib/aarch64-linux-gnu/libX11.so;/usr/lib/aarch64-linux-gnu/libXext.so - found
[0.553s] -- Looking for gethostbyname
[0.595s] -- Looking for gethostbyname - found
[0.595s] -- Looking for connect
[0.636s] -- Looking for connect - found
[0.636s] -- Looking for remove
[0.678s] -- Looking for remove - found
[0.678s] -- Looking for shmat
[0.720s] -- Looking for shmat - found
[0.720s] -- Looking for IceConnectionNumber in ICE
[0.765s] -- Looking for IceConnectionNumber in ICE - found
[0.767s] -- Found rviz_assimp_vendor: 11.2.18 (/home/rinav/ros2_ws/install/rviz_assimp_vendor/share/rviz_assimp_vendor/cmake)
[0.767s] -- Setting assimp_DIR to: '/home/rinav/ros2_ws/install/rviz_assimp_vendor/share/rviz_assimp_vendor/cmake/../../../opt/rviz_assimp_vendor/lib/cmake/assimp-4.1'
[0.785s] -- Found ament_index_cpp: 1.4.0 (/opt/ros/humble/share/ament_index_cpp/cmake)
[0.787s] -- Found eigen3_cmake_module: 0.1.1 (/opt/ros/humble/share/eigen3_cmake_module/cmake)
[0.795s] -- Found Eigen3: TRUE (found version "3.4.0") 
[0.797s] -- Found resource_retriever: 3.1.3 (/opt/ros/humble/share/resource_retriever/cmake)
[0.848s] -- library: /usr/lib/aarch64-linux-gnu/libcurl.so
[0.854s] -- Found ament_lint_auto: 0.12.14 (/opt/ros/humble/share/ament_lint_auto/cmake)
[0.913s] -- Found gmock sources under '/opt/ros/humble/src/gmock_vendor': C++ tests using 'Google Mock' will be built
[0.916s] -- Found gtest sources under '/opt/ros/humble/src/gtest_vendor': C++ tests using 'Google Test' will be built
[0.925s] -- Added test 'cppcheck' to perform static code analysis on C / C++ code
[0.925s] -- Configured cppcheck include dirs: $<BUILD_INTERFACE:/home/rinav/ros2_ws/src/rviz/rviz_rendering/include>
[0.925s] -- Configured cppcheck exclude dirs and/or files: 
[0.929s] -- Added test 'cpplint' to check C / C++ code against the Google style
[0.929s] -- Configured cpplint exclude dirs and/or files: 
[0.931s] -- Added test 'lint_cmake' to check CMake code style
[0.934s] -- Added test 'uncrustify' to check C / C++ code style
[0.934s] -- Configured uncrustify additional arguments: 
[0.935s] -- Added test 'xmllint' to check XML markup files
[0.938s] -- Configuring done
[0.978s] -- Generating done
[0.985s] -- Build files have been written to: /home/rinav/ros2_ws/build/rviz_rendering
[0.990s] Invoked command in '/home/rinav/ros2_ws/build/rviz_rendering' returned '0': CMAKE_PREFIX_PATH=/home/rinav/ros2_ws/install/rviz_ogre_vendor:/home/rinav/ros2_ws/install/rviz_assimp_vendor:/home/rinav/ros2_ws/install/ur:/home/rinav/ros2_ws/install/ur_calibration:/home/rinav/ros2_ws/install/ur_robot_driver:/home/rinav/ros2_ws/install/ur_moveit_config:/home/rinav/ros2_ws/install/ur_bringup:/home/rinav/ros2_ws/install/ur_description:/home/rinav/ros2_ws/install/ur_controllers:/home/rinav/ros2_ws/install/ur_dashboard_msgs:/home/rinav/ros2_ws/install/turtlesim:/home/rinav/ros2_ws/install/srdfdom:/home/rinav/ros2_ws/install/rviz_visual_testing_framework:/home/rinav/ros2_ws/install/rviz_rendering_tests:/home/rinav/ros2_ws/install/husky_desktop:/home/rinav/ros2_ws/install/husky_viz:/home/rinav/ros2_ws/install/husky_ur3_moveit_config:/home/rinav/ros2_ws/install/rviz2:/home/rinav/ros2_ws/install/rviz_default_plugins:/home/rinav/ros2_ws/install/rviz_common:/home/rinav/ros2_ws/install/rviz_rendering:/home/rinav/ros2_ws/install/rosparam_shortcuts:/home/rinav/ros2_ws/install/robotis_manipulator:/home/rinav/ros2_ws/install/husky_ur3_ignition:/home/rinav/ros2_ws/install/husky_simulator:/home/rinav/ros2_ws/install/husky_robot:/home/rinav/ros2_ws/install/husky_bringup:/home/rinav/ros2_ws/install/husky_base:/home/rinav/ros2_ws/install/husky_msgs:/home/rinav/ros2_ws/install/husky_gazebo:/home/rinav/ros2_ws/install/husky_control:/home/rinav/ros2_ws/install/husky_description:/home/rinav/ros2_ws/src/rviz/install:/opt/ros/humble:/home/rinav/ros2_ws/install/trial_package:/home/rinav/ros2_ws/install/py_srvcli:/home/rinav/ros2_ws/install/py_pubsub:/home/rinav/ros2_ws/install/mobile_robotics:/home/rinav/ros2_ws/install/launch_param_builder /usr/bin/cmake /home/rinav/ros2_ws/src/rviz/rviz_rendering -DCMAKE_INSTALL_PREFIX=/home/rinav/ros2_ws/install/rviz_rendering
[0.991s] Invoking command in '/home/rinav/ros2_ws/build/rviz_rendering': CMAKE_PREFIX_PATH=/home/rinav/ros2_ws/install/rviz_ogre_vendor:/home/rinav/ros2_ws/install/rviz_assimp_vendor:/home/rinav/ros2_ws/install/ur:/home/rinav/ros2_ws/install/ur_calibration:/home/rinav/ros2_ws/install/ur_robot_driver:/home/rinav/ros2_ws/install/ur_moveit_config:/home/rinav/ros2_ws/install/ur_bringup:/home/rinav/ros2_ws/install/ur_description:/home/rinav/ros2_ws/install/ur_controllers:/home/rinav/ros2_ws/install/ur_dashboard_msgs:/home/rinav/ros2_ws/install/turtlesim:/home/rinav/ros2_ws/install/srdfdom:/home/rinav/ros2_ws/install/rviz_visual_testing_framework:/home/rinav/ros2_ws/install/rviz_rendering_tests:/home/rinav/ros2_ws/install/husky_desktop:/home/rinav/ros2_ws/install/husky_viz:/home/rinav/ros2_ws/install/husky_ur3_moveit_config:/home/rinav/ros2_ws/install/rviz2:/home/rinav/ros2_ws/install/rviz_default_plugins:/home/rinav/ros2_ws/install/rviz_common:/home/rinav/ros2_ws/install/rviz_rendering:/home/rinav/ros2_ws/install/rosparam_shortcuts:/home/rinav/ros2_ws/install/robotis_manipulator:/home/rinav/ros2_ws/install/husky_ur3_ignition:/home/rinav/ros2_ws/install/husky_simulator:/home/rinav/ros2_ws/install/husky_robot:/home/rinav/ros2_ws/install/husky_bringup:/home/rinav/ros2_ws/install/husky_base:/home/rinav/ros2_ws/install/husky_msgs:/home/rinav/ros2_ws/install/husky_gazebo:/home/rinav/ros2_ws/install/husky_control:/home/rinav/ros2_ws/install/husky_description:/home/rinav/ros2_ws/src/rviz/install:/opt/ros/humble:/home/rinav/ros2_ws/install/trial_package:/home/rinav/ros2_ws/install/py_srvcli:/home/rinav/ros2_ws/install/py_pubsub:/home/rinav/ros2_ws/install/mobile_robotics:/home/rinav/ros2_ws/install/launch_param_builder /usr/bin/cmake --build /home/rinav/ros2_ws/build/rviz_rendering -- -j8 -l8
[1.015s] [  1%] [34m[1mGenerating include/rviz_rendering/moc_render_window.cpp[0m
[1.021s] [  3%] [32mBuilding CXX object gmock/CMakeFiles/gmock.dir/opt/ros/humble/src/gtest_vendor/src/gtest-all.cc.o[0m
[1.022s] [  6%] [32mBuilding CXX object gmock/CMakeFiles/gmock_main.dir/src/gmock_main.cc.o[0m
[1.022s] [  6%] [32mBuilding CXX object gmock/CMakeFiles/gmock.dir/src/gmock-all.cc.o[0m
[1.034s] [  8%] [32mBuilding CXX object CMakeFiles/rviz_rendering.dir/include/rviz_rendering/moc_render_window.cpp.o[0m
[1.035s] [ 11%] [32mBuilding CXX object CMakeFiles/rviz_rendering.dir/src/rviz_rendering/apply_visibility_bits.cpp.o[0m
[1.035s] [ 11%] [32mBuilding CXX object CMakeFiles/rviz_rendering.dir/src/rviz_rendering/viewport_projection_finder.cpp.o[0m
[1.035s] [ 12%] [32mBuilding CXX object CMakeFiles/rviz_rendering.dir/src/rviz_rendering/geometry.cpp.o[0m
[1.495s] [ 14%] [32m[1mLinking CXX static library libgmock_main.a[0m
[1.516s] [ 14%] Built target gmock_main
[1.521s] [ 16%] [32mBuilding CXX object CMakeFiles/rviz_rendering.dir/src/rviz_rendering/logging.cpp.o[0m
[1.522s] [ 17%] [32mBuilding CXX object CMakeFiles/rviz_rendering.dir/src/rviz_rendering/material_manager.cpp.o[0m
[1.609s] [ 19%] [32mBuilding CXX object CMakeFiles/rviz_rendering.dir/src/rviz_rendering/mesh_loader.cpp.o[0m
[1.643s] [ 20%] [32mBuilding CXX object CMakeFiles/rviz_rendering.dir/src/rviz_rendering/ogre_logging.cpp.o[0m
[1.763s] [ 22%] [32mBuilding CXX object CMakeFiles/rviz_rendering.dir/src/rviz_rendering/ogre_render_window_impl.cpp.o[0m
[1.841s] [ 24%] [32mBuilding CXX object CMakeFiles/rviz_rendering.dir/src/rviz_rendering/orthographic.cpp.o[0m
[1.875s] [ 25%] [32mBuilding CXX object CMakeFiles/rviz_rendering.dir/src/rviz_rendering/render_system.cpp.o[0m
[2.042s] [ 27%] [32mBuilding CXX object CMakeFiles/rviz_rendering.dir/src/rviz_rendering/render_window.cpp.o[0m
[2.186s] [ 29%] [32mBuilding CXX object CMakeFiles/rviz_rendering.dir/src/rviz_rendering/resource_config.cpp.o[0m
[2.186s] [ 30%] [32mBuilding CXX object CMakeFiles/rviz_rendering.dir/src/rviz_rendering/mesh_loader_helpers/stl_loader.cpp.o[0m
[2.284s] [ 32%] [32mBuilding CXX object CMakeFiles/rviz_rendering.dir/src/rviz_rendering/mesh_loader_helpers/assimp_loader.cpp.o[0m
[2.400s] [ 33%] [32mBuilding CXX object CMakeFiles/rviz_rendering.dir/src/rviz_rendering/string_helper.cpp.o[0m
[2.668s] [ 35%] [32mBuilding CXX object CMakeFiles/rviz_rendering.dir/src/rviz_rendering/objects/arrow.cpp.o[0m
[2.896s] [ 37%] [32mBuilding CXX object CMakeFiles/rviz_rendering.dir/src/rviz_rendering/objects/axes.cpp.o[0m
[2.937s] [ 38%] [32m[1mLinking CXX static library libgmock.a[0m
[2.980s] [ 40%] [32mBuilding CXX object CMakeFiles/rviz_rendering.dir/src/rviz_rendering/objects/billboard_line.cpp.o[0m
[2.986s] [ 40%] Built target gmock
[2.992s] [ 41%] [32mBuilding CXX object CMakeFiles/rviz_rendering.dir/src/rviz_rendering/objects/covariance_visual.cpp.o[0m
[3.425s] [ 43%] [32mBuilding CXX object CMakeFiles/rviz_rendering.dir/src/rviz_rendering/objects/effort_visual.cpp.o[0m
[3.482s] [ 45%] [32mBuilding CXX object CMakeFiles/rviz_rendering.dir/src/rviz_rendering/objects/grid.cpp.o[0m
[3.578s] [ 46%] [32mBuilding CXX object CMakeFiles/rviz_rendering.dir/src/rviz_rendering/objects/line.cpp.o[0m
[3.644s] [ 48%] [32mBuilding CXX object CMakeFiles/rviz_rendering.dir/src/rviz_rendering/objects/movable_text.cpp.o[0m
[3.803s] [ 50%] [32mBuilding CXX object CMakeFiles/rviz_rendering.dir/src/rviz_rendering/objects/object.cpp.o[0m
[3.854s] [ 51%] [32mBuilding CXX object CMakeFiles/rviz_rendering.dir/src/rviz_rendering/objects/point_cloud.cpp.o[0m
[3.989s] [ 53%] [32mBuilding CXX object CMakeFiles/rviz_rendering.dir/src/rviz_rendering/objects/point_cloud_renderable.cpp.o[0m
[4.189s] [ 54%] [32mBuilding CXX object CMakeFiles/rviz_rendering.dir/src/rviz_rendering/objects/screw_visual.cpp.o[0m
[4.426s] [ 56%] [32mBuilding CXX object CMakeFiles/rviz_rendering.dir/src/rviz_rendering/objects/shape.cpp.o[0m
[4.445s] [ 58%] [32mBuilding CXX object CMakeFiles/rviz_rendering.dir/src/rviz_rendering/objects/wrench_visual.cpp.o[0m
[8.229s] [ 59%] [32m[1mLinking CXX shared library librviz_rendering.so[0m
[8.586s] [ 59%] Built target rviz_rendering
[8.599s] [ 64%] [32mBuilding CXX object CMakeFiles/string_helper_test.dir/test/rviz_rendering/string_helper_test.cpp.o[0m
[8.599s] [ 64%] [32mBuilding CXX object CMakeFiles/rviz_rendering_test_utils.dir/test/rviz_rendering/scene_graph_introspection.cpp.o[0m
[8.599s] [ 64%] [32mBuilding CXX object CMakeFiles/rviz_rendering_test_utils.dir/test/rviz_rendering/ogre_testing_environment.cpp.o[0m
[9.163s] [ 66%] [32m[1mLinking CXX executable string_helper_test[0m
[9.309s] [ 66%] Built target string_helper_test
[9.809s] [ 67%] [32m[1mLinking CXX static library librviz_rendering_test_utils.a[0m
[9.828s] [ 67%] Built target rviz_rendering_test_utils
[9.842s] [ 72%] [32mBuilding CXX object CMakeFiles/point_cloud_renderable_test_target.dir/test/rviz_rendering/objects/point_cloud_renderable_test.cpp.o[0m
[9.842s] [ 72%] [32mBuilding CXX object CMakeFiles/point_cloud_test_target.dir/test/rviz_rendering/objects/point_cloud_test.cpp.o[0m
[9.842s] [ 72%] [32mBuilding CXX object CMakeFiles/billboard_line_test_target.dir/test/rviz_rendering/objects/billboard_line_test.cpp.o[0m
[9.842s] [ 74%] [32mBuilding CXX object CMakeFiles/covariance_visual_test_target.dir/test/rviz_rendering/objects/covariance_visual_test.cpp.o[0m
[9.843s] [ 75%] [32mBuilding CXX object CMakeFiles/effort_visual_test_target.dir/test/rviz_rendering/objects/effort_visual_test.cpp.o[0m
[10.851s] [ 79%] [32mBuilding CXX object CMakeFiles/movable_text_test_target.dir/test/rviz_rendering/objects/movable_text_test.cpp.o[0m
[10.852s] [ 79%] [32mBuilding CXX object CMakeFiles/line_test_target.dir/test/rviz_rendering/objects/line_test.cpp.o[0m
[10.857s] [ 80%] [32mBuilding CXX object CMakeFiles/grid_test_target.dir/test/rviz_rendering/objects/grid_test.cpp.o[0m
[11.406s] [ 82%] [32m[1mLinking CXX executable point_cloud_renderable_test_target[0m
[11.418s] [ 83%] [32m[1mLinking CXX executable billboard_line_test_target[0m
[11.555s] [ 85%] [32m[1mLinking CXX executable effort_visual_test_target[0m
[11.830s] [ 85%] Built target point_cloud_renderable_test_target
[11.845s] [ 87%] [32mBuilding CXX object CMakeFiles/screw_visual_test_target.dir/test/rviz_rendering/objects/screw_visual_test.cpp.o[0m
[11.918s] [ 87%] Built target billboard_line_test_target
[11.934s] [ 88%] [32mBuilding CXX object CMakeFiles/wrench_visual_test_target.dir/test/rviz_rendering/objects/wrench_visual_test.cpp.o[0m
[12.015s] [ 88%] Built target effort_visual_test_target
[12.323s] [ 90%] [32m[1mLinking CXX executable movable_text_test_target[0m
[12.495s] [ 91%] [32m[1mLinking CXX executable grid_test_target[0m
[12.692s] [ 91%] Built target movable_text_test_target
[12.791s] [ 93%] [32m[1mLinking CXX executable covariance_visual_test_target[0m
[12.854s] [ 93%] Built target grid_test_target
[13.055s] [ 95%] [32m[1mLinking CXX executable line_test_target[0m
[13.148s] [ 95%] Built target covariance_visual_test_target
[13.327s] [ 96%] [32m[1mLinking CXX executable point_cloud_test_target[0m
[13.381s] [ 96%] Built target line_test_target
[13.474s] [ 98%] [32m[1mLinking CXX executable screw_visual_test_target[0m
[13.528s] [100%] [32m[1mLinking CXX executable wrench_visual_test_target[0m
[13.722s] [100%] Built target point_cloud_test_target
[13.801s] [100%] Built target screw_visual_test_target
[13.846s] [100%] Built target wrench_visual_test_target
[13.854s] Invoked command in '/home/rinav/ros2_ws/build/rviz_rendering' returned '0': CMAKE_PREFIX_PATH=/home/rinav/ros2_ws/install/rviz_ogre_vendor:/home/rinav/ros2_ws/install/rviz_assimp_vendor:/home/rinav/ros2_ws/install/ur:/home/rinav/ros2_ws/install/ur_calibration:/home/rinav/ros2_ws/install/ur_robot_driver:/home/rinav/ros2_ws/install/ur_moveit_config:/home/rinav/ros2_ws/install/ur_bringup:/home/rinav/ros2_ws/install/ur_description:/home/rinav/ros2_ws/install/ur_controllers:/home/rinav/ros2_ws/install/ur_dashboard_msgs:/home/rinav/ros2_ws/install/turtlesim:/home/rinav/ros2_ws/install/srdfdom:/home/rinav/ros2_ws/install/rviz_visual_testing_framework:/home/rinav/ros2_ws/install/rviz_rendering_tests:/home/rinav/ros2_ws/install/husky_desktop:/home/rinav/ros2_ws/install/husky_viz:/home/rinav/ros2_ws/install/husky_ur3_moveit_config:/home/rinav/ros2_ws/install/rviz2:/home/rinav/ros2_ws/install/rviz_default_plugins:/home/rinav/ros2_ws/install/rviz_common:/home/rinav/ros2_ws/install/rviz_rendering:/home/rinav/ros2_ws/install/rosparam_shortcuts:/home/rinav/ros2_ws/install/robotis_manipulator:/home/rinav/ros2_ws/install/husky_ur3_ignition:/home/rinav/ros2_ws/install/husky_simulator:/home/rinav/ros2_ws/install/husky_robot:/home/rinav/ros2_ws/install/husky_bringup:/home/rinav/ros2_ws/install/husky_base:/home/rinav/ros2_ws/install/husky_msgs:/home/rinav/ros2_ws/install/husky_gazebo:/home/rinav/ros2_ws/install/husky_control:/home/rinav/ros2_ws/install/husky_description:/home/rinav/ros2_ws/src/rviz/install:/opt/ros/humble:/home/rinav/ros2_ws/install/trial_package:/home/rinav/ros2_ws/install/py_srvcli:/home/rinav/ros2_ws/install/py_pubsub:/home/rinav/ros2_ws/install/mobile_robotics:/home/rinav/ros2_ws/install/launch_param_builder /usr/bin/cmake --build /home/rinav/ros2_ws/build/rviz_rendering -- -j8 -l8
[13.856s] Invoking command in '/home/rinav/ros2_ws/build/rviz_rendering': CMAKE_PREFIX_PATH=/home/rinav/ros2_ws/install/rviz_ogre_vendor:/home/rinav/ros2_ws/install/rviz_assimp_vendor:/home/rinav/ros2_ws/install/ur:/home/rinav/ros2_ws/install/ur_calibration:/home/rinav/ros2_ws/install/ur_robot_driver:/home/rinav/ros2_ws/install/ur_moveit_config:/home/rinav/ros2_ws/install/ur_bringup:/home/rinav/ros2_ws/install/ur_description:/home/rinav/ros2_ws/install/ur_controllers:/home/rinav/ros2_ws/install/ur_dashboard_msgs:/home/rinav/ros2_ws/install/turtlesim:/home/rinav/ros2_ws/install/srdfdom:/home/rinav/ros2_ws/install/rviz_visual_testing_framework:/home/rinav/ros2_ws/install/rviz_rendering_tests:/home/rinav/ros2_ws/install/husky_desktop:/home/rinav/ros2_ws/install/husky_viz:/home/rinav/ros2_ws/install/husky_ur3_moveit_config:/home/rinav/ros2_ws/install/rviz2:/home/rinav/ros2_ws/install/rviz_default_plugins:/home/rinav/ros2_ws/install/rviz_common:/home/rinav/ros2_ws/install/rviz_rendering:/home/rinav/ros2_ws/install/rosparam_shortcuts:/home/rinav/ros2_ws/install/robotis_manipulator:/home/rinav/ros2_ws/install/husky_ur3_ignition:/home/rinav/ros2_ws/install/husky_simulator:/home/rinav/ros2_ws/install/husky_robot:/home/rinav/ros2_ws/install/husky_bringup:/home/rinav/ros2_ws/install/husky_base:/home/rinav/ros2_ws/install/husky_msgs:/home/rinav/ros2_ws/install/husky_gazebo:/home/rinav/ros2_ws/install/husky_control:/home/rinav/ros2_ws/install/husky_description:/home/rinav/ros2_ws/src/rviz/install:/opt/ros/humble:/home/rinav/ros2_ws/install/trial_package:/home/rinav/ros2_ws/install/py_srvcli:/home/rinav/ros2_ws/install/py_pubsub:/home/rinav/ros2_ws/install/mobile_robotics:/home/rinav/ros2_ws/install/launch_param_builder /usr/bin/cmake --install /home/rinav/ros2_ws/build/rviz_rendering
[13.860s] -- Install configuration: ""
[13.860s] -- Installing: /home/rinav/ros2_ws/install/rviz_rendering/share/rviz_rendering/environment/library_path.sh
[13.860s] -- Installing: /home/rinav/ros2_ws/install/rviz_rendering/share/rviz_rendering/environment/library_path.dsv
[13.860s] -- Installing: /home/rinav/ros2_ws/install/rviz_rendering/lib/librviz_rendering.so
[13.863s] -- Set runtime path of "/home/rinav/ros2_ws/install/rviz_rendering/lib/librviz_rendering.so" to ""
[13.863s] -- Installing: /home/rinav/ros2_ws/install/rviz_rendering/include/rviz_rendering
[13.863s] -- Installing: /home/rinav/ros2_ws/install/rviz_rendering/include/rviz_rendering/rviz_rendering
[13.863s] -- Installing: /home/rinav/ros2_ws/install/rviz_rendering/include/rviz_rendering/rviz_rendering/logging.hpp
[13.863s] -- Installing: /home/rinav/ros2_ws/install/rviz_rendering/include/rviz_rendering/rviz_rendering/resource_config.hpp
[13.863s] -- Installing: /home/rinav/ros2_ws/install/rviz_rendering/include/rviz_rendering/rviz_rendering/apply_visibility_bits.hpp
[13.863s] -- Installing: /home/rinav/ros2_ws/install/rviz_rendering/include/rviz_rendering/rviz_rendering/render_window.hpp
[13.864s] -- Installing: /home/rinav/ros2_ws/install/rviz_rendering/include/rviz_rendering/rviz_rendering/orthographic.hpp
[13.864s] -- Installing: /home/rinav/ros2_ws/install/rviz_rendering/include/rviz_rendering/rviz_rendering/rviz_rendering.hpp
[13.864s] -- Installing: /home/rinav/ros2_ws/install/rviz_rendering/include/rviz_rendering/rviz_rendering/custom_parameter_indices.hpp
[13.864s] -- Installing: /home/rinav/ros2_ws/install/rviz_rendering/include/rviz_rendering/rviz_rendering/mesh_loader.hpp
[13.864s] -- Installing: /home/rinav/ros2_ws/install/rviz_rendering/include/rviz_rendering/rviz_rendering/objects
[13.864s] -- Installing: /home/rinav/ros2_ws/install/rviz_rendering/include/rviz_rendering/rviz_rendering/objects/movable_text.hpp
[13.864s] -- Installing: /home/rinav/ros2_ws/install/rviz_rendering/include/rviz_rendering/rviz_rendering/objects/line.hpp
[13.864s] -- Installing: /home/rinav/ros2_ws/install/rviz_rendering/include/rviz_rendering/rviz_rendering/objects/point_cloud.hpp
[13.864s] -- Installing: /home/rinav/ros2_ws/install/rviz_rendering/include/rviz_rendering/rviz_rendering/objects/covariance_visual.hpp
[13.864s] -- Installing: /home/rinav/ros2_ws/install/rviz_rendering/include/rviz_rendering/rviz_rendering/objects/axes.hpp
[13.865s] -- Installing: /home/rinav/ros2_ws/install/rviz_rendering/include/rviz_rendering/rviz_rendering/objects/grid.hpp
[13.865s] -- Installing: /home/rinav/ros2_ws/install/rviz_rendering/include/rviz_rendering/rviz_rendering/objects/object.hpp
[13.865s] -- Installing: /home/rinav/ros2_ws/install/rviz_rendering/include/rviz_rendering/rviz_rendering/objects/point_cloud_renderable.hpp
[13.865s] -- Installing: /home/rinav/ros2_ws/install/rviz_rendering/include/rviz_rendering/rviz_rendering/objects/arrow.hpp
[13.865s] -- Installing: /home/rinav/ros2_ws/install/rviz_rendering/include/rviz_rendering/rviz_rendering/objects/wrench_visual.hpp
[13.865s] -- Installing: /home/rinav/ros2_ws/install/rviz_rendering/include/rviz_rendering/rviz_rendering/objects/screw_visual.hpp
[13.865s] -- Installing: /home/rinav/ros2_ws/install/rviz_rendering/include/rviz_rendering/rviz_rendering/objects/shape.hpp
[13.865s] -- Installing: /home/rinav/ros2_ws/install/rviz_rendering/include/rviz_rendering/rviz_rendering/objects/effort_visual.hpp
[13.865s] -- Installing: /home/rinav/ros2_ws/install/rviz_rendering/include/rviz_rendering/rviz_rendering/objects/billboard_line.hpp
[13.865s] -- Installing: /home/rinav/ros2_ws/install/rviz_rendering/include/rviz_rendering/rviz_rendering/material_manager.hpp
[13.865s] -- Installing: /home/rinav/ros2_ws/install/rviz_rendering/include/rviz_rendering/rviz_rendering/geometry.hpp
[13.865s] -- Installing: /home/rinav/ros2_ws/install/rviz_rendering/include/rviz_rendering/rviz_rendering/ogre_logging.hpp
[13.865s] -- Installing: /home/rinav/ros2_ws/install/rviz_rendering/include/rviz_rendering/rviz_rendering/logging_handler.hpp
[13.865s] -- Installing: /home/rinav/ros2_ws/install/rviz_rendering/include/rviz_rendering/rviz_rendering/visibility_control.hpp
[13.865s] -- Installing: /home/rinav/ros2_ws/install/rviz_rendering/include/rviz_rendering/rviz_rendering/viewport_projection_finder.hpp
[13.866s] -- Installing: /home/rinav/ros2_ws/install/rviz_rendering/include/rviz_rendering/rviz_rendering/render_system.hpp
[13.866s] -- Installing: /home/rinav/ros2_ws/install/rviz_rendering/share/rviz_rendering/cmake
[13.866s] -- Installing: /home/rinav/ros2_ws/install/rviz_rendering/share/rviz_rendering/cmake/register_rviz_ogre_media_exports.cmake
[13.866s] -- Installing: /home/rinav/ros2_ws/install/rviz_rendering/share/rviz_rendering/cmake/register_rviz_ogre_media_exports_hook-extras.cmake
[13.866s] -- Installing: /home/rinav/ros2_ws/install/rviz_rendering/share/rviz_rendering/cmake/register_rviz_ogre_media_exports_hook.cmake
[13.866s] -- Installing: /home/rinav/ros2_ws/install/rviz_rendering/share/rviz_rendering/ogre_media
[13.866s] -- Installing: /home/rinav/ros2_ws/install/rviz_rendering/share/rviz_rendering/ogre_media/materials
[13.866s] -- Installing: /home/rinav/ros2_ws/install/rviz_rendering/share/rviz_rendering/ogre_media/materials/glsl150
[13.866s] -- Installing: /home/rinav/ros2_ws/install/rviz_rendering/share/rviz_rendering/ogre_media/materials/glsl150/billboard.geom
[13.866s] -- Installing: /home/rinav/ros2_ws/install/rviz_rendering/share/rviz_rendering/ogre_media/materials/glsl150/pass_pos_color.vert
[13.866s] -- Installing: /home/rinav/ros2_ws/install/rviz_rendering/share/rviz_rendering/ogre_media/materials/glsl150/box.geom
[13.867s] -- Installing: /home/rinav/ros2_ws/install/rviz_rendering/share/rviz_rendering/ogre_media/materials/glsl150/glsl150.program
[13.867s] -- Installing: /home/rinav/ros2_ws/install/rviz_rendering/share/rviz_rendering/ogre_media/materials/scripts
[13.867s] -- Installing: /home/rinav/ros2_ws/install/rviz_rendering/share/rviz_rendering/ogre_media/materials/scripts/point_cloud_tile.material
[13.867s] -- Installing: /home/rinav/ros2_ws/install/rviz_rendering/share/rviz_rendering/ogre_media/materials/scripts/default_pick_and_depth.material
[13.867s] -- Installing: /home/rinav/ros2_ws/install/rviz_rendering/share/rviz_rendering/ogre_media/materials/scripts/point_cloud_point.material
[13.867s] -- Installing: /home/rinav/ros2_ws/install/rviz_rendering/share/rviz_rendering/ogre_media/materials/scripts/indexed_8bit_image.material
[13.868s] -- Installing: /home/rinav/ros2_ws/install/rviz_rendering/share/rviz_rendering/ogre_media/materials/glsl120
[13.868s] -- Installing: /home/rinav/ros2_ws/install/rviz_rendering/share/rviz_rendering/ogre_media/materials/glsl120/pickcolor_circle.frag
[13.868s] -- Installing: /home/rinav/ros2_ws/install/rviz_rendering/share/rviz_rendering/ogre_media/materials/glsl120/indexed_8bit_image.frag
[13.868s] -- Installing: /home/rinav/ros2_ws/install/rviz_rendering/share/rviz_rendering/ogre_media/materials/glsl120/include
[13.868s] -- Installing: /home/rinav/ros2_ws/install/rviz_rendering/share/rviz_rendering/ogre_media/materials/glsl120/include/circle_impl.frag
[13.868s] -- Installing: /home/rinav/ros2_ws/install/rviz_rendering/share/rviz_rendering/ogre_media/materials/glsl120/include/pack_depth.frag
[13.868s] -- Installing: /home/rinav/ros2_ws/install/rviz_rendering/share/rviz_rendering/ogre_media/materials/glsl120/include/pass_depth.vert
[13.868s] -- Installing: /home/rinav/ros2_ws/install/rviz_rendering/share/rviz_rendering/ogre_media/materials/glsl120/shaded_circle.frag
[13.868s] -- Installing: /home/rinav/ros2_ws/install/rviz_rendering/share/rviz_rendering/ogre_media/materials/glsl120/point.vert
[13.868s] -- Installing: /home/rinav/ros2_ws/install/rviz_rendering/share/rviz_rendering/ogre_media/materials/glsl120/pass_color.frag
[13.869s] -- Installing: /home/rinav/ros2_ws/install/rviz_rendering/share/rviz_rendering/ogre_media/materials/glsl120/test_glsl.sh
[13.869s] -- Installing: /home/rinav/ros2_ws/install/rviz_rendering/share/rviz_rendering/ogre_media/materials/glsl120/depth_circle.frag
[13.869s] -- Installing: /home/rinav/ros2_ws/install/rviz_rendering/share/rviz_rendering/ogre_media/materials/glsl120/pickcolor.frag
[13.869s] -- Installing: /home/rinav/ros2_ws/install/rviz_rendering/share/rviz_rendering/ogre_media/materials/glsl120/flat_color_circle.frag
[13.869s] -- Installing: /home/rinav/ros2_ws/install/rviz_rendering/share/rviz_rendering/ogre_media/materials/glsl120/glsl120.program
[13.869s] -- Installing: /home/rinav/ros2_ws/install/rviz_rendering/share/rviz_rendering/ogre_media/materials/glsl120/pass_color_circle.frag
[13.869s] -- Installing: /home/rinav/ros2_ws/install/rviz_rendering/share/rviz_rendering/ogre_media/materials/glsl120/indexed_8bit_image.vert
[13.869s] -- Installing: /home/rinav/ros2_ws/install/rviz_rendering/share/rviz_rendering/ogre_media/materials/glsl120/depth.frag
[13.870s] -- Installing: /home/rinav/ros2_ws/install/rviz_rendering/share/rviz_rendering/ogre_media/materials/glsl120/flat_color.frag
[13.870s] -- Installing: /home/rinav/ros2_ws/install/rviz_rendering/share/rviz_rendering/ogre_media/materials/glsl120/smooth_square.frag
[13.870s] -- Installing: /home/rinav/ros2_ws/install/rviz_rendering/share/rviz_rendering/ogre_media/materials/glsl120/nogp
[13.870s] -- Installing: /home/rinav/ros2_ws/install/rviz_rendering/share/rviz_rendering/ogre_media/materials/glsl120/nogp/billboard_tile.vert
[13.870s] -- Installing: /home/rinav/ros2_ws/install/rviz_rendering/share/rviz_rendering/ogre_media/materials/glsl120/nogp/box.vert
[13.870s] -- Installing: /home/rinav/ros2_ws/install/rviz_rendering/share/rviz_rendering/ogre_media/materials/glsl120/nogp/nogp.program
[13.870s] -- Installing: /home/rinav/ros2_ws/install/rviz_rendering/share/rviz_rendering/ogre_media/materials/glsl120/nogp/billboard.vert
[13.870s] -- Installing: /home/rinav/ros2_ws/install/rviz_rendering/share/rviz_rendering/ogre_media/materials/glsl120/nogp/box.frag
[13.870s] -- Installing: /home/rinav/ros2_ws/install/rviz_rendering/share/rviz_rendering/ogre_media/materials/glsl120/depth.vert
[13.871s] -- Installing: /home/rinav/ros2_ws/install/rviz_rendering/share/rviz_rendering/ogre_media/materials/glsl120/black.frag
[13.871s] -- Installing: /home/rinav/ros2_ws/install/rviz_rendering/share/rviz_rendering/ogre_media/materials/scripts150
[13.871s] -- Installing: /home/rinav/ros2_ws/install/rviz_rendering/share/rviz_rendering/ogre_media/materials/scripts150/point_cloud_square.material
[13.871s] -- Installing: /home/rinav/ros2_ws/install/rviz_rendering/share/rviz_rendering/ogre_media/materials/scripts150/point_cloud_flat_square.material
[13.871s] -- Installing: /home/rinav/ros2_ws/install/rviz_rendering/share/rviz_rendering/ogre_media/materials/scripts150/point_cloud_sphere.material
[13.871s] -- Installing: /home/rinav/ros2_ws/install/rviz_rendering/share/rviz_rendering/ogre_media/materials/scripts150/point_cloud_box.material
[13.871s] -- Installing: /home/rinav/ros2_ws/install/rviz_rendering/share/rviz_rendering/ogre_media/materials/scripts120
[13.871s] -- Installing: /home/rinav/ros2_ws/install/rviz_rendering/share/rviz_rendering/ogre_media/materials/scripts120/point_cloud_square.material
[13.871s] -- Installing: /home/rinav/ros2_ws/install/rviz_rendering/share/rviz_rendering/ogre_media/materials/scripts120/point_cloud_flat_square.material
[13.872s] -- Installing: /home/rinav/ros2_ws/install/rviz_rendering/share/rviz_rendering/ogre_media/materials/scripts120/point_cloud_sphere.material
[13.872s] -- Installing: /home/rinav/ros2_ws/install/rviz_rendering/share/rviz_rendering/ogre_media/materials/scripts120/point_cloud_box.material
[13.872s] -- Installing: /home/rinav/ros2_ws/install/rviz_rendering/share/rviz_rendering/ogre_media/fonts
[13.872s] -- Installing: /home/rinav/ros2_ws/install/rviz_rendering/share/rviz_rendering/ogre_media/fonts/liberation_sans.fontdef
[13.872s] -- Installing: /home/rinav/ros2_ws/install/rviz_rendering/share/rviz_rendering/ogre_media/fonts/README.md
[13.872s] -- Installing: /home/rinav/ros2_ws/install/rviz_rendering/share/rviz_rendering/ogre_media/fonts/liberation-sans
[13.872s] -- Installing: /home/rinav/ros2_ws/install/rviz_rendering/share/rviz_rendering/ogre_media/fonts/liberation-sans/LiberationSans-BoldItalic.ttf
[13.873s] -- Installing: /home/rinav/ros2_ws/install/rviz_rendering/share/rviz_rendering/ogre_media/fonts/liberation-sans/LiberationSans-Italic.ttf
[13.874s] -- Installing: /home/rinav/ros2_ws/install/rviz_rendering/share/rviz_rendering/ogre_media/fonts/liberation-sans/LiberationSans-Regular.ttf
[13.877s] -- Installing: /home/rinav/ros2_ws/install/rviz_rendering/share/rviz_rendering/ogre_media/fonts/liberation-sans/SIL Open Font License.txt
[13.877s] -- Installing: /home/rinav/ros2_ws/install/rviz_rendering/share/rviz_rendering/ogre_media/fonts/liberation-sans/LiberationSans-Bold.ttf
[13.877s] -- Installing: /home/rinav/ros2_ws/install/rviz_rendering/share/rviz_rendering/ogre_media/models
[13.877s] -- Installing: /home/rinav/ros2_ws/install/rviz_rendering/share/rviz_rendering/ogre_media/models/rviz_cylinder.mesh
[13.878s] -- Installing: /home/rinav/ros2_ws/install/rviz_rendering/share/rviz_rendering/ogre_media/models/rviz_cube.mesh
[13.878s] -- Installing: /home/rinav/ros2_ws/install/rviz_rendering/share/rviz_rendering/ogre_media/models/rviz_cone.mesh
[13.878s] -- Installing: /home/rinav/ros2_ws/install/rviz_rendering/share/rviz_rendering/ogre_media/models/rviz_sphere.mesh
[13.878s] -- Installing: /home/rinav/ros2_ws/install/rviz_rendering/share/rviz_rendering/ogre_media/textures
[13.878s] -- Installing: /home/rinav/ros2_ws/install/rviz_rendering/share/rviz_rendering/ogre_media/textures/test_20x20.png
[13.879s] -- Installing: /home/rinav/ros2_ws/install/rviz_rendering/share/rviz_rendering/ogre_media/textures/no_image.png
[13.879s] -- Installing: /home/rinav/ros2_ws/install/rviz_rendering/share/rviz_rendering/ogre_media/plugins.cfg
[13.879s] -- Installing: /home/rinav/ros2_ws/install/rviz_rendering/share/ament_index/resource_index/package_run_dependencies/rviz_rendering
[13.879s] -- Installing: /home/rinav/ros2_ws/install/rviz_rendering/share/ament_index/resource_index/parent_prefix_path/rviz_rendering
[13.879s] -- Installing: /home/rinav/ros2_ws/install/rviz_rendering/share/rviz_rendering/environment/ament_prefix_path.sh
[13.879s] -- Installing: /home/rinav/ros2_ws/install/rviz_rendering/share/rviz_rendering/environment/ament_prefix_path.dsv
[13.879s] -- Installing: /home/rinav/ros2_ws/install/rviz_rendering/share/rviz_rendering/environment/path.sh
[13.879s] -- Installing: /home/rinav/ros2_ws/install/rviz_rendering/share/rviz_rendering/environment/path.dsv
[13.879s] -- Installing: /home/rinav/ros2_ws/install/rviz_rendering/share/rviz_rendering/local_setup.bash
[13.879s] -- Installing: /home/rinav/ros2_ws/install/rviz_rendering/share/rviz_rendering/local_setup.sh
[13.879s] -- Installing: /home/rinav/ros2_ws/install/rviz_rendering/share/rviz_rendering/local_setup.zsh
[13.880s] -- Installing: /home/rinav/ros2_ws/install/rviz_rendering/share/rviz_rendering/local_setup.dsv
[13.880s] -- Installing: /home/rinav/ros2_ws/install/rviz_rendering/share/rviz_rendering/package.dsv
[13.880s] -- Installing: /home/rinav/ros2_ws/install/rviz_rendering/share/ament_index/resource_index/packages/rviz_rendering
[13.880s] -- Installing: /home/rinav/ros2_ws/install/rviz_rendering/share/rviz_rendering/cmake/rviz_renderingExport.cmake
[13.880s] -- Installing: /home/rinav/ros2_ws/install/rviz_rendering/share/rviz_rendering/cmake/rviz_renderingExport-noconfig.cmake
[13.880s] -- Installing: /home/rinav/ros2_ws/install/rviz_rendering/share/rviz_rendering/cmake/rviz_rendering-extras.cmake
[13.880s] -- Up-to-date: /home/rinav/ros2_ws/install/rviz_rendering/share/rviz_rendering/cmake/register_rviz_ogre_media_exports_hook-extras.cmake
[13.880s] -- Up-to-date: /home/rinav/ros2_ws/install/rviz_rendering/share/rviz_rendering/cmake/register_rviz_ogre_media_exports.cmake
[13.880s] -- Installing: /home/rinav/ros2_ws/install/rviz_rendering/share/rviz_rendering/cmake/ament_cmake_export_dependencies-extras.cmake
[13.880s] -- Installing: /home/rinav/ros2_ws/install/rviz_rendering/share/rviz_rendering/cmake/ament_cmake_export_include_directories-extras.cmake
[13.880s] -- Installing: /home/rinav/ros2_ws/install/rviz_rendering/share/rviz_rendering/cmake/ament_cmake_export_libraries-extras.cmake
[13.880s] -- Installing: /home/rinav/ros2_ws/install/rviz_rendering/share/rviz_rendering/cmake/ament_cmake_export_targets-extras.cmake
[13.880s] -- Installing: /home/rinav/ros2_ws/install/rviz_rendering/share/rviz_rendering/cmake/rviz_renderingConfig.cmake
[13.880s] -- Installing: /home/rinav/ros2_ws/install/rviz_rendering/share/rviz_rendering/cmake/rviz_renderingConfig-version.cmake
[13.880s] -- Installing: /home/rinav/ros2_ws/install/rviz_rendering/share/rviz_rendering/package.xml
[13.882s] Invoked command in '/home/rinav/ros2_ws/build/rviz_rendering' returned '0': CMAKE_PREFIX_PATH=/home/rinav/ros2_ws/install/rviz_ogre_vendor:/home/rinav/ros2_ws/install/rviz_assimp_vendor:/home/rinav/ros2_ws/install/ur:/home/rinav/ros2_ws/install/ur_calibration:/home/rinav/ros2_ws/install/ur_robot_driver:/home/rinav/ros2_ws/install/ur_moveit_config:/home/rinav/ros2_ws/install/ur_bringup:/home/rinav/ros2_ws/install/ur_description:/home/rinav/ros2_ws/install/ur_controllers:/home/rinav/ros2_ws/install/ur_dashboard_msgs:/home/rinav/ros2_ws/install/turtlesim:/home/rinav/ros2_ws/install/srdfdom:/home/rinav/ros2_ws/install/rviz_visual_testing_framework:/home/rinav/ros2_ws/install/rviz_rendering_tests:/home/rinav/ros2_ws/install/husky_desktop:/home/rinav/ros2_ws/install/husky_viz:/home/rinav/ros2_ws/install/husky_ur3_moveit_config:/home/rinav/ros2_ws/install/rviz2:/home/rinav/ros2_ws/install/rviz_default_plugins:/home/rinav/ros2_ws/install/rviz_common:/home/rinav/ros2_ws/install/rviz_rendering:/home/rinav/ros2_ws/install/rosparam_shortcuts:/home/rinav/ros2_ws/install/robotis_manipulator:/home/rinav/ros2_ws/install/husky_ur3_ignition:/home/rinav/ros2_ws/install/husky_simulator:/home/rinav/ros2_ws/install/husky_robot:/home/rinav/ros2_ws/install/husky_bringup:/home/rinav/ros2_ws/install/husky_base:/home/rinav/ros2_ws/install/husky_msgs:/home/rinav/ros2_ws/install/husky_gazebo:/home/rinav/ros2_ws/install/husky_control:/home/rinav/ros2_ws/install/husky_description:/home/rinav/ros2_ws/src/rviz/install:/opt/ros/humble:/home/rinav/ros2_ws/install/trial_package:/home/rinav/ros2_ws/install/py_srvcli:/home/rinav/ros2_ws/install/py_pubsub:/home/rinav/ros2_ws/install/mobile_robotics:/home/rinav/ros2_ws/install/launch_param_builder /usr/bin/cmake --install /home/rinav/ros2_ws/build/rviz_rendering
