[0.053s] Invoking command in '/home/rinav/ros2_ws/build/husky_ur3_moveit_config': CMAKE_PREFIX_PATH=/home/rinav/ros2_ws/install/husky_description:/home/rinav/ros2_ws/install/ur:/home/rinav/ros2_ws/install/ur_calibration:/home/rinav/ros2_ws/install/ur_robot_driver:/home/rinav/ros2_ws/install/ur_moveit_config:/home/rinav/ros2_ws/install/ur_bringup:/home/rinav/ros2_ws/install/ur_description:/home/rinav/ros2_ws/install/ur_controllers:/home/rinav/ros2_ws/install/ur_dashboard_msgs:/home/rinav/ros2_ws/install/turtlesim:/home/rinav/ros2_ws/install/robotis_manipulator:/home/rinav/ros2_ws/install/husky_desktop:/home/rinav/ros2_ws/install/husky_viz:/home/rinav/ros2_ws/install/husky_ur3_ignition:/home/rinav/ros2_ws/install/husky_simulator:/home/rinav/ros2_ws/install/husky_robot:/home/rinav/ros2_ws/install/husky_bringup:/home/rinav/ros2_ws/install/husky_base:/home/rinav/ros2_ws/install/husky_msgs:/home/rinav/ros2_ws/install/husky_gazebo:/home/rinav/ros2_ws/install/husky_control:/home/rinav/ros2_ws/install/trial_package:/home/rinav/ros2_ws/install/py_srvcli:/home/rinav/ros2_ws/install/py_pubsub:/home/rinav/ros2_ws/install/mobile_robotics:/opt/ros/humble /usr/bin/cmake /home/rinav/ros2_ws/src/husky_ur3_moveit_config -DCMAKE_INSTALL_PREFIX=/home/rinav/ros2_ws/install/husky_ur3_moveit_config
[0.122s] -- The C compiler identification is GNU 11.4.0
[0.195s] -- The CXX compiler identification is GNU 11.4.0
[0.205s] -- Detecting C compiler ABI info
[0.261s] -- Detecting C compiler ABI info - done
[0.266s] -- Check for working C compiler: /usr/bin/cc - skipped
[0.266s] -- Detecting C compile features
[0.266s] -- Detecting C compile features - done
[0.269s] -- Detecting CXX compiler ABI info
[0.331s] -- Detecting CXX compiler ABI info - done
[0.338s] -- Check for working CXX compiler: /usr/bin/c++ - skipped
[0.338s] -- Detecting CXX compile features
[0.339s] -- Detecting CXX compile features - done
[0.344s] -- Found ament_cmake: 1.3.12 (/opt/ros/humble/share/ament_cmake/cmake)
[0.492s] -- Found Python3: /usr/bin/python3 (found version "3.10.12") found components: Interpreter 
[0.657s] -- Configuring done
[0.659s] -- Generating done
[0.660s] -- Build files have been written to: /home/rinav/ros2_ws/build/husky_ur3_moveit_config
[0.663s] Invoked command in '/home/rinav/ros2_ws/build/husky_ur3_moveit_config' returned '0': CMAKE_PREFIX_PATH=/home/rinav/ros2_ws/install/husky_description:/home/rinav/ros2_ws/install/ur:/home/rinav/ros2_ws/install/ur_calibration:/home/rinav/ros2_ws/install/ur_robot_driver:/home/rinav/ros2_ws/install/ur_moveit_config:/home/rinav/ros2_ws/install/ur_bringup:/home/rinav/ros2_ws/install/ur_description:/home/rinav/ros2_ws/install/ur_controllers:/home/rinav/ros2_ws/install/ur_dashboard_msgs:/home/rinav/ros2_ws/install/turtlesim:/home/rinav/ros2_ws/install/robotis_manipulator:/home/rinav/ros2_ws/install/husky_desktop:/home/rinav/ros2_ws/install/husky_viz:/home/rinav/ros2_ws/install/husky_ur3_ignition:/home/rinav/ros2_ws/install/husky_simulator:/home/rinav/ros2_ws/install/husky_robot:/home/rinav/ros2_ws/install/husky_bringup:/home/rinav/ros2_ws/install/husky_base:/home/rinav/ros2_ws/install/husky_msgs:/home/rinav/ros2_ws/install/husky_gazebo:/home/rinav/ros2_ws/install/husky_control:/home/rinav/ros2_ws/install/trial_package:/home/rinav/ros2_ws/install/py_srvcli:/home/rinav/ros2_ws/install/py_pubsub:/home/rinav/ros2_ws/install/mobile_robotics:/opt/ros/humble /usr/bin/cmake /home/rinav/ros2_ws/src/husky_ur3_moveit_config -DCMAKE_INSTALL_PREFIX=/home/rinav/ros2_ws/install/husky_ur3_moveit_config
[0.665s] Invoking command in '/home/rinav/ros2_ws/build/husky_ur3_moveit_config': CMAKE_PREFIX_PATH=/home/rinav/ros2_ws/install/husky_description:/home/rinav/ros2_ws/install/ur:/home/rinav/ros2_ws/install/ur_calibration:/home/rinav/ros2_ws/install/ur_robot_driver:/home/rinav/ros2_ws/install/ur_moveit_config:/home/rinav/ros2_ws/install/ur_bringup:/home/rinav/ros2_ws/install/ur_description:/home/rinav/ros2_ws/install/ur_controllers:/home/rinav/ros2_ws/install/ur_dashboard_msgs:/home/rinav/ros2_ws/install/turtlesim:/home/rinav/ros2_ws/install/robotis_manipulator:/home/rinav/ros2_ws/install/husky_desktop:/home/rinav/ros2_ws/install/husky_viz:/home/rinav/ros2_ws/install/husky_ur3_ignition:/home/rinav/ros2_ws/install/husky_simulator:/home/rinav/ros2_ws/install/husky_robot:/home/rinav/ros2_ws/install/husky_bringup:/home/rinav/ros2_ws/install/husky_base:/home/rinav/ros2_ws/install/husky_msgs:/home/rinav/ros2_ws/install/husky_gazebo:/home/rinav/ros2_ws/install/husky_control:/home/rinav/ros2_ws/install/trial_package:/home/rinav/ros2_ws/install/py_srvcli:/home/rinav/ros2_ws/install/py_pubsub:/home/rinav/ros2_ws/install/mobile_robotics:/opt/ros/humble /usr/bin/cmake --build /home/rinav/ros2_ws/build/husky_ur3_moveit_config -- -j8 -l8
[0.691s] Invoked command in '/home/rinav/ros2_ws/build/husky_ur3_moveit_config' returned '0': CMAKE_PREFIX_PATH=/home/rinav/ros2_ws/install/husky_description:/home/rinav/ros2_ws/install/ur:/home/rinav/ros2_ws/install/ur_calibration:/home/rinav/ros2_ws/install/ur_robot_driver:/home/rinav/ros2_ws/install/ur_moveit_config:/home/rinav/ros2_ws/install/ur_bringup:/home/rinav/ros2_ws/install/ur_description:/home/rinav/ros2_ws/install/ur_controllers:/home/rinav/ros2_ws/install/ur_dashboard_msgs:/home/rinav/ros2_ws/install/turtlesim:/home/rinav/ros2_ws/install/robotis_manipulator:/home/rinav/ros2_ws/install/husky_desktop:/home/rinav/ros2_ws/install/husky_viz:/home/rinav/ros2_ws/install/husky_ur3_ignition:/home/rinav/ros2_ws/install/husky_simulator:/home/rinav/ros2_ws/install/husky_robot:/home/rinav/ros2_ws/install/husky_bringup:/home/rinav/ros2_ws/install/husky_base:/home/rinav/ros2_ws/install/husky_msgs:/home/rinav/ros2_ws/install/husky_gazebo:/home/rinav/ros2_ws/install/husky_control:/home/rinav/ros2_ws/install/trial_package:/home/rinav/ros2_ws/install/py_srvcli:/home/rinav/ros2_ws/install/py_pubsub:/home/rinav/ros2_ws/install/mobile_robotics:/opt/ros/humble /usr/bin/cmake --build /home/rinav/ros2_ws/build/husky_ur3_moveit_config -- -j8 -l8
[0.692s] Invoking command in '/home/rinav/ros2_ws/build/husky_ur3_moveit_config': CMAKE_PREFIX_PATH=/home/rinav/ros2_ws/install/husky_description:/home/rinav/ros2_ws/install/ur:/home/rinav/ros2_ws/install/ur_calibration:/home/rinav/ros2_ws/install/ur_robot_driver:/home/rinav/ros2_ws/install/ur_moveit_config:/home/rinav/ros2_ws/install/ur_bringup:/home/rinav/ros2_ws/install/ur_description:/home/rinav/ros2_ws/install/ur_controllers:/home/rinav/ros2_ws/install/ur_dashboard_msgs:/home/rinav/ros2_ws/install/turtlesim:/home/rinav/ros2_ws/install/robotis_manipulator:/home/rinav/ros2_ws/install/husky_desktop:/home/rinav/ros2_ws/install/husky_viz:/home/rinav/ros2_ws/install/husky_ur3_ignition:/home/rinav/ros2_ws/install/husky_simulator:/home/rinav/ros2_ws/install/husky_robot:/home/rinav/ros2_ws/install/husky_bringup:/home/rinav/ros2_ws/install/husky_base:/home/rinav/ros2_ws/install/husky_msgs:/home/rinav/ros2_ws/install/husky_gazebo:/home/rinav/ros2_ws/install/husky_control:/home/rinav/ros2_ws/install/trial_package:/home/rinav/ros2_ws/install/py_srvcli:/home/rinav/ros2_ws/install/py_pubsub:/home/rinav/ros2_ws/install/mobile_robotics:/opt/ros/humble /usr/bin/cmake --install /home/rinav/ros2_ws/build/husky_ur3_moveit_config
[0.697s] -- Install configuration: ""
[0.697s] -- Installing: /home/rinav/ros2_ws/install/husky_ur3_moveit_config/share/husky_ur3_moveit_config/launch
[0.698s] -- Installing: /home/rinav/ros2_ws/install/husky_ur3_moveit_config/share/husky_ur3_moveit_config/launch/move_group.launch.py
[0.698s] -- Installing: /home/rinav/ros2_ws/install/husky_ur3_moveit_config/share/husky_ur3_moveit_config/launch/moveit_rviz.launch.py
[0.699s] -- Installing: /home/rinav/ros2_ws/install/husky_ur3_moveit_config/share/husky_ur3_moveit_config/config
[0.699s] -- Installing: /home/rinav/ros2_ws/install/husky_ur3_moveit_config/share/husky_ur3_moveit_config/config/moveit.rviz
[0.699s] -- Installing: /home/rinav/ros2_ws/install/husky_ur3_moveit_config/share/ament_index/resource_index/package_run_dependencies/husky_ur3_moveit_config
[0.699s] -- Installing: /home/rinav/ros2_ws/install/husky_ur3_moveit_config/share/ament_index/resource_index/parent_prefix_path/husky_ur3_moveit_config
[0.699s] -- Installing: /home/rinav/ros2_ws/install/husky_ur3_moveit_config/share/husky_ur3_moveit_config/environment/ament_prefix_path.sh
[0.699s] -- Installing: /home/rinav/ros2_ws/install/husky_ur3_moveit_config/share/husky_ur3_moveit_config/environment/ament_prefix_path.dsv
[0.699s] -- Installing: /home/rinav/ros2_ws/install/husky_ur3_moveit_config/share/husky_ur3_moveit_config/environment/path.sh
[0.699s] -- Installing: /home/rinav/ros2_ws/install/husky_ur3_moveit_config/share/husky_ur3_moveit_config/environment/path.dsv
[0.700s] -- Installing: /home/rinav/ros2_ws/install/husky_ur3_moveit_config/share/husky_ur3_moveit_config/local_setup.bash
[0.700s] -- Installing: /home/rinav/ros2_ws/install/husky_ur3_moveit_config/share/husky_ur3_moveit_config/local_setup.sh
[0.700s] -- Installing: /home/rinav/ros2_ws/install/husky_ur3_moveit_config/share/husky_ur3_moveit_config/local_setup.zsh
[0.700s] -- Installing: /home/rinav/ros2_ws/install/husky_ur3_moveit_config/share/husky_ur3_moveit_config/local_setup.dsv
[0.700s] -- Installing: /home/rinav/ros2_ws/install/husky_ur3_moveit_config/share/husky_ur3_moveit_config/package.dsv
[0.700s] -- Installing: /home/rinav/ros2_ws/install/husky_ur3_moveit_config/share/ament_index/resource_index/packages/husky_ur3_moveit_config
[0.700s] -- Installing: /home/rinav/ros2_ws/install/husky_ur3_moveit_config/share/husky_ur3_moveit_config/cmake/husky_ur3_moveit_configConfig.cmake
[0.700s] -- Installing: /home/rinav/ros2_ws/install/husky_ur3_moveit_config/share/husky_ur3_moveit_config/cmake/husky_ur3_moveit_configConfig-version.cmake
[0.700s] -- Installing: /home/rinav/ros2_ws/install/husky_ur3_moveit_config/share/husky_ur3_moveit_config/package.xml
[0.701s] Invoked command in '/home/rinav/ros2_ws/build/husky_ur3_moveit_config' returned '0': CMAKE_PREFIX_PATH=/home/rinav/ros2_ws/install/husky_description:/home/rinav/ros2_ws/install/ur:/home/rinav/ros2_ws/install/ur_calibration:/home/rinav/ros2_ws/install/ur_robot_driver:/home/rinav/ros2_ws/install/ur_moveit_config:/home/rinav/ros2_ws/install/ur_bringup:/home/rinav/ros2_ws/install/ur_description:/home/rinav/ros2_ws/install/ur_controllers:/home/rinav/ros2_ws/install/ur_dashboard_msgs:/home/rinav/ros2_ws/install/turtlesim:/home/rinav/ros2_ws/install/robotis_manipulator:/home/rinav/ros2_ws/install/husky_desktop:/home/rinav/ros2_ws/install/husky_viz:/home/rinav/ros2_ws/install/husky_ur3_ignition:/home/rinav/ros2_ws/install/husky_simulator:/home/rinav/ros2_ws/install/husky_robot:/home/rinav/ros2_ws/install/husky_bringup:/home/rinav/ros2_ws/install/husky_base:/home/rinav/ros2_ws/install/husky_msgs:/home/rinav/ros2_ws/install/husky_gazebo:/home/rinav/ros2_ws/install/husky_control:/home/rinav/ros2_ws/install/trial_package:/home/rinav/ros2_ws/install/py_srvcli:/home/rinav/ros2_ws/install/py_pubsub:/home/rinav/ros2_ws/install/mobile_robotics:/opt/ros/humble /usr/bin/cmake --install /home/rinav/ros2_ws/build/husky_ur3_moveit_config
