[0.035s] Invoking command in '/home/rinav/ros2_ws/build/husky_robot': CMAKE_PREFIX_PATH=/home/rinav/ros2_ws/install/husky_bringup:/home/rinav/ros2_ws/install/husky_control:/home/rinav/ros2_ws/install/husky_base:/home/rinav/ros2_ws/install/husky_msgs:/home/rinav/ros2_ws/install/husky_description:/home/rinav/ros2_ws/install/mobile_robotics:/opt/ros/humble /usr/bin/cmake --build /home/rinav/ros2_ws/build/husky_robot -- -j8 -l8
[0.079s] Invoked command in '/home/rinav/ros2_ws/build/husky_robot' returned '0': CMAKE_PREFIX_PATH=/home/rinav/ros2_ws/install/husky_bringup:/home/rinav/ros2_ws/install/husky_control:/home/rinav/ros2_ws/install/husky_base:/home/rinav/ros2_ws/install/husky_msgs:/home/rinav/ros2_ws/install/husky_description:/home/rinav/ros2_ws/install/mobile_robotics:/opt/ros/humble /usr/bin/cmake --build /home/rinav/ros2_ws/build/husky_robot -- -j8 -l8
[0.079s] Invoking command in '/home/rinav/ros2_ws/build/husky_robot': CMAKE_PREFIX_PATH=/home/rinav/ros2_ws/install/husky_bringup:/home/rinav/ros2_ws/install/husky_control:/home/rinav/ros2_ws/install/husky_base:/home/rinav/ros2_ws/install/husky_msgs:/home/rinav/ros2_ws/install/husky_description:/home/rinav/ros2_ws/install/mobile_robotics:/opt/ros/humble /usr/bin/cmake --install /home/rinav/ros2_ws/build/husky_robot
[0.082s] -- Install configuration: ""
[0.082s] -- Up-to-date: /home/rinav/ros2_ws/install/husky_robot/share/ament_index/resource_index/package_run_dependencies/husky_robot
[0.082s] -- Up-to-date: /home/rinav/ros2_ws/install/husky_robot/share/ament_index/resource_index/parent_prefix_path/husky_robot
[0.082s] -- Up-to-date: /home/rinav/ros2_ws/install/husky_robot/share/husky_robot/environment/ament_prefix_path.sh
[0.082s] -- Up-to-date: /home/rinav/ros2_ws/install/husky_robot/share/husky_robot/environment/ament_prefix_path.dsv
[0.082s] -- Up-to-date: /home/rinav/ros2_ws/install/husky_robot/share/husky_robot/environment/path.sh
[0.082s] -- Up-to-date: /home/rinav/ros2_ws/install/husky_robot/share/husky_robot/environment/path.dsv
[0.082s] -- Up-to-date: /home/rinav/ros2_ws/install/husky_robot/share/husky_robot/local_setup.bash
[0.082s] -- Up-to-date: /home/rinav/ros2_ws/install/husky_robot/share/husky_robot/local_setup.sh
[0.083s] -- Up-to-date: /home/rinav/ros2_ws/install/husky_robot/share/husky_robot/local_setup.zsh
[0.083s] -- Up-to-date: /home/rinav/ros2_ws/install/husky_robot/share/husky_robot/local_setup.dsv
[0.083s] -- Installing: /home/rinav/ros2_ws/install/husky_robot/share/husky_robot/package.dsv
[0.083s] -- Up-to-date: /home/rinav/ros2_ws/install/husky_robot/share/ament_index/resource_index/packages/husky_robot
[0.083s] -- Up-to-date: /home/rinav/ros2_ws/install/husky_robot/share/husky_robot/cmake/husky_robotConfig.cmake
[0.083s] -- Up-to-date: /home/rinav/ros2_ws/install/husky_robot/share/husky_robot/cmake/husky_robotConfig-version.cmake
[0.083s] -- Up-to-date: /home/rinav/ros2_ws/install/husky_robot/share/husky_robot/package.xml
[0.102s] Invoked command in '/home/rinav/ros2_ws/build/husky_robot' returned '0': CMAKE_PREFIX_PATH=/home/rinav/ros2_ws/install/husky_bringup:/home/rinav/ros2_ws/install/husky_control:/home/rinav/ros2_ws/install/husky_base:/home/rinav/ros2_ws/install/husky_msgs:/home/rinav/ros2_ws/install/husky_description:/home/rinav/ros2_ws/install/mobile_robotics:/opt/ros/humble /usr/bin/cmake --install /home/rinav/ros2_ws/build/husky_robot
