[0.065s] Invoking command in '/home/rinav/ros2_ws/build/rviz_common': CMAKE_PREFIX_PATH=/home/rinav/ros2_ws/install/rviz_rendering:/home/rinav/ros2_ws/install/rviz_ogre_vendor:/home/rinav/ros2_ws/install/rviz_assimp_vendor:/home/rinav/ros2_ws/install/ur:/home/rinav/ros2_ws/install/ur_calibration:/home/rinav/ros2_ws/install/ur_robot_driver:/home/rinav/ros2_ws/install/ur_moveit_config:/home/rinav/ros2_ws/install/ur_bringup:/home/rinav/ros2_ws/install/ur_description:/home/rinav/ros2_ws/install/ur_controllers:/home/rinav/ros2_ws/install/ur_dashboard_msgs:/home/rinav/ros2_ws/install/turtlesim:/home/rinav/ros2_ws/install/srdfdom:/home/rinav/ros2_ws/install/rviz_visual_testing_framework:/home/rinav/ros2_ws/install/rviz_rendering_tests:/home/rinav/ros2_ws/install/husky_desktop:/home/rinav/ros2_ws/install/husky_viz:/home/rinav/ros2_ws/install/husky_ur3_moveit_config:/home/rinav/ros2_ws/install/rviz2:/home/rinav/ros2_ws/install/rviz_default_plugins:/home/rinav/ros2_ws/install/rviz_common:/home/rinav/ros2_ws/install/rosparam_shortcuts:/home/rinav/ros2_ws/install/robotis_manipulator:/home/rinav/ros2_ws/install/husky_ur3_ignition:/home/rinav/ros2_ws/install/husky_simulator:/home/rinav/ros2_ws/install/husky_robot:/home/rinav/ros2_ws/install/husky_bringup:/home/rinav/ros2_ws/install/husky_base:/home/rinav/ros2_ws/install/husky_msgs:/home/rinav/ros2_ws/install/husky_gazebo:/home/rinav/ros2_ws/install/husky_control:/home/rinav/ros2_ws/install/husky_description:/home/rinav/ros2_ws/src/rviz/install:/opt/ros/humble:/home/rinav/ros2_ws/install/trial_package:/home/rinav/ros2_ws/install/py_srvcli:/home/rinav/ros2_ws/install/py_pubsub:/home/rinav/ros2_ws/install/mobile_robotics:/home/rinav/ros2_ws/install/launch_param_builder LD_LIBRARY_PATH=/home/rinav/ros2_ws/install/rviz_rendering/lib:/home/rinav/ros2_ws/install/ur_robot_driver/lib:/home/rinav/ros2_ws/install/ur_controllers/lib:/home/rinav/ros2_ws/install/ur_dashboard_msgs/lib:/home/rinav/ros2_ws/install/turtlesim/lib:/home/rinav/ros2_ws/install/pilz_industrial_motion_planner_testutils/lib:/home/rinav/ros2_ws/install/moveit_ros_control_interface/lib:/home/rinav/ros2_ws/install/moveit_simple_controller_manager/lib:/home/rinav/ros2_ws/install/moveit_ros_planning/lib:/home/rinav/ros2_ws/install/moveit_ros_occupancy_map_monitor/lib:/home/rinav/ros2_ws/install/moveit_resources_prbt_ikfast_manipulator_plugin/lib:/home/rinav/ros2_ws/install/moveit_planners_chomp/lib:/home/rinav/ros2_ws/install/moveit_chomp_optimizer_adapter/lib:/home/rinav/ros2_ws/install/chomp_motion_planner/lib:/home/rinav/ros2_ws/install/moveit_core/lib:/home/rinav/ros2_ws/install/srdfdom/lib:/home/rinav/ros2_ws/install/rviz_default_plugins/lib:/home/rinav/ros2_ws/install/rviz_common/lib:/home/rinav/ros2_ws/install/rviz_ogre_vendor/opt/rviz_ogre_vendor/lib:/home/rinav/ros2_ws/install/rviz_marker_tools/lib:/home/rinav/ros2_ws/install/rosparam_shortcuts/lib:/home/rinav/ros2_ws/install/robotis_manipulator/lib:/home/rinav/ros2_ws/install/moveit_task_constructor_msgs/lib:/home/rinav/ros2_ws/install/husky_base/lib:/home/rinav/ros2_ws/install/husky_msgs/lib:/home/rinav/ros2_ws/src/rviz/install/opt/rviz_ogre_vendor/lib:/home/rinav/ros2_ws/src/rviz/install/lib:/opt/ros/humble/opt/rviz_ogre_vendor/lib:/opt/ros/humble/lib/aarch64-linux-gnu:/opt/ros/humble/lib /usr/bin/cmake --build /home/rinav/ros2_ws/build/rviz_common -- -j8 -l8
[0.518s] [ 80%] Built target rviz_common
[0.573s] [ 81%] Built target gtest
[0.601s] [ 82%] Built target gtest_main
[0.667s] [ 83%] Built target gmock
[0.706s] [ 86%] Built target rviz_common_display_test
[0.740s] [ 89%] Built target rviz_common_property_test
[0.801s] [ 90%] Built target rviz_common_uniform_string_stream_test
[0.832s] [ 91%] Built target rviz_common_config_test
[0.888s] [ 91%] Built target gmock_main
[0.920s] [ 92%] Built target display_factory_test
[0.964s] [ 94%] Built target selection_handler_test
[1.029s] [ 96%] Built target selection_manager_test
[1.081s] [ 97%] Built target identity_transformer_test
[1.124s] [ 98%] Built target rviz_common_ros_node_abstraction_test
[1.167s] [ 98%] Built target rviz_common_visualizer_app_test
[1.229s] [ 98%] Built target qos_profile_property_test
[1.287s] [100%] Built target frame_manager_test
[1.297s] Invoked command in '/home/rinav/ros2_ws/build/rviz_common' returned '0': CMAKE_PREFIX_PATH=/home/rinav/ros2_ws/install/rviz_rendering:/home/rinav/ros2_ws/install/rviz_ogre_vendor:/home/rinav/ros2_ws/install/rviz_assimp_vendor:/home/rinav/ros2_ws/install/ur:/home/rinav/ros2_ws/install/ur_calibration:/home/rinav/ros2_ws/install/ur_robot_driver:/home/rinav/ros2_ws/install/ur_moveit_config:/home/rinav/ros2_ws/install/ur_bringup:/home/rinav/ros2_ws/install/ur_description:/home/rinav/ros2_ws/install/ur_controllers:/home/rinav/ros2_ws/install/ur_dashboard_msgs:/home/rinav/ros2_ws/install/turtlesim:/home/rinav/ros2_ws/install/srdfdom:/home/rinav/ros2_ws/install/rviz_visual_testing_framework:/home/rinav/ros2_ws/install/rviz_rendering_tests:/home/rinav/ros2_ws/install/husky_desktop:/home/rinav/ros2_ws/install/husky_viz:/home/rinav/ros2_ws/install/husky_ur3_moveit_config:/home/rinav/ros2_ws/install/rviz2:/home/rinav/ros2_ws/install/rviz_default_plugins:/home/rinav/ros2_ws/install/rviz_common:/home/rinav/ros2_ws/install/rosparam_shortcuts:/home/rinav/ros2_ws/install/robotis_manipulator:/home/rinav/ros2_ws/install/husky_ur3_ignition:/home/rinav/ros2_ws/install/husky_simulator:/home/rinav/ros2_ws/install/husky_robot:/home/rinav/ros2_ws/install/husky_bringup:/home/rinav/ros2_ws/install/husky_base:/home/rinav/ros2_ws/install/husky_msgs:/home/rinav/ros2_ws/install/husky_gazebo:/home/rinav/ros2_ws/install/husky_control:/home/rinav/ros2_ws/install/husky_description:/home/rinav/ros2_ws/src/rviz/install:/opt/ros/humble:/home/rinav/ros2_ws/install/trial_package:/home/rinav/ros2_ws/install/py_srvcli:/home/rinav/ros2_ws/install/py_pubsub:/home/rinav/ros2_ws/install/mobile_robotics:/home/rinav/ros2_ws/install/launch_param_builder LD_LIBRARY_PATH=/home/rinav/ros2_ws/install/rviz_rendering/lib:/home/rinav/ros2_ws/install/ur_robot_driver/lib:/home/rinav/ros2_ws/install/ur_controllers/lib:/home/rinav/ros2_ws/install/ur_dashboard_msgs/lib:/home/rinav/ros2_ws/install/turtlesim/lib:/home/rinav/ros2_ws/install/pilz_industrial_motion_planner_testutils/lib:/home/rinav/ros2_ws/install/moveit_ros_control_interface/lib:/home/rinav/ros2_ws/install/moveit_simple_controller_manager/lib:/home/rinav/ros2_ws/install/moveit_ros_planning/lib:/home/rinav/ros2_ws/install/moveit_ros_occupancy_map_monitor/lib:/home/rinav/ros2_ws/install/moveit_resources_prbt_ikfast_manipulator_plugin/lib:/home/rinav/ros2_ws/install/moveit_planners_chomp/lib:/home/rinav/ros2_ws/install/moveit_chomp_optimizer_adapter/lib:/home/rinav/ros2_ws/install/chomp_motion_planner/lib:/home/rinav/ros2_ws/install/moveit_core/lib:/home/rinav/ros2_ws/install/srdfdom/lib:/home/rinav/ros2_ws/install/rviz_default_plugins/lib:/home/rinav/ros2_ws/install/rviz_common/lib:/home/rinav/ros2_ws/install/rviz_ogre_vendor/opt/rviz_ogre_vendor/lib:/home/rinav/ros2_ws/install/rviz_marker_tools/lib:/home/rinav/ros2_ws/install/rosparam_shortcuts/lib:/home/rinav/ros2_ws/install/robotis_manipulator/lib:/home/rinav/ros2_ws/install/moveit_task_constructor_msgs/lib:/home/rinav/ros2_ws/install/husky_base/lib:/home/rinav/ros2_ws/install/husky_msgs/lib:/home/rinav/ros2_ws/src/rviz/install/opt/rviz_ogre_vendor/lib:/home/rinav/ros2_ws/src/rviz/install/lib:/opt/ros/humble/opt/rviz_ogre_vendor/lib:/opt/ros/humble/lib/aarch64-linux-gnu:/opt/ros/humble/lib /usr/bin/cmake --build /home/rinav/ros2_ws/build/rviz_common -- -j8 -l8
[1.298s] Invoking command in '/home/rinav/ros2_ws/build/rviz_common': CMAKE_PREFIX_PATH=/home/rinav/ros2_ws/install/rviz_rendering:/home/rinav/ros2_ws/install/rviz_ogre_vendor:/home/rinav/ros2_ws/install/rviz_assimp_vendor:/home/rinav/ros2_ws/install/ur:/home/rinav/ros2_ws/install/ur_calibration:/home/rinav/ros2_ws/install/ur_robot_driver:/home/rinav/ros2_ws/install/ur_moveit_config:/home/rinav/ros2_ws/install/ur_bringup:/home/rinav/ros2_ws/install/ur_description:/home/rinav/ros2_ws/install/ur_controllers:/home/rinav/ros2_ws/install/ur_dashboard_msgs:/home/rinav/ros2_ws/install/turtlesim:/home/rinav/ros2_ws/install/srdfdom:/home/rinav/ros2_ws/install/rviz_visual_testing_framework:/home/rinav/ros2_ws/install/rviz_rendering_tests:/home/rinav/ros2_ws/install/husky_desktop:/home/rinav/ros2_ws/install/husky_viz:/home/rinav/ros2_ws/install/husky_ur3_moveit_config:/home/rinav/ros2_ws/install/rviz2:/home/rinav/ros2_ws/install/rviz_default_plugins:/home/rinav/ros2_ws/install/rviz_common:/home/rinav/ros2_ws/install/rosparam_shortcuts:/home/rinav/ros2_ws/install/robotis_manipulator:/home/rinav/ros2_ws/install/husky_ur3_ignition:/home/rinav/ros2_ws/install/husky_simulator:/home/rinav/ros2_ws/install/husky_robot:/home/rinav/ros2_ws/install/husky_bringup:/home/rinav/ros2_ws/install/husky_base:/home/rinav/ros2_ws/install/husky_msgs:/home/rinav/ros2_ws/install/husky_gazebo:/home/rinav/ros2_ws/install/husky_control:/home/rinav/ros2_ws/install/husky_description:/home/rinav/ros2_ws/src/rviz/install:/opt/ros/humble:/home/rinav/ros2_ws/install/trial_package:/home/rinav/ros2_ws/install/py_srvcli:/home/rinav/ros2_ws/install/py_pubsub:/home/rinav/ros2_ws/install/mobile_robotics:/home/rinav/ros2_ws/install/launch_param_builder LD_LIBRARY_PATH=/home/rinav/ros2_ws/install/rviz_rendering/lib:/home/rinav/ros2_ws/install/ur_robot_driver/lib:/home/rinav/ros2_ws/install/ur_controllers/lib:/home/rinav/ros2_ws/install/ur_dashboard_msgs/lib:/home/rinav/ros2_ws/install/turtlesim/lib:/home/rinav/ros2_ws/install/pilz_industrial_motion_planner_testutils/lib:/home/rinav/ros2_ws/install/moveit_ros_control_interface/lib:/home/rinav/ros2_ws/install/moveit_simple_controller_manager/lib:/home/rinav/ros2_ws/install/moveit_ros_planning/lib:/home/rinav/ros2_ws/install/moveit_ros_occupancy_map_monitor/lib:/home/rinav/ros2_ws/install/moveit_resources_prbt_ikfast_manipulator_plugin/lib:/home/rinav/ros2_ws/install/moveit_planners_chomp/lib:/home/rinav/ros2_ws/install/moveit_chomp_optimizer_adapter/lib:/home/rinav/ros2_ws/install/chomp_motion_planner/lib:/home/rinav/ros2_ws/install/moveit_core/lib:/home/rinav/ros2_ws/install/srdfdom/lib:/home/rinav/ros2_ws/install/rviz_default_plugins/lib:/home/rinav/ros2_ws/install/rviz_common/lib:/home/rinav/ros2_ws/install/rviz_ogre_vendor/opt/rviz_ogre_vendor/lib:/home/rinav/ros2_ws/install/rviz_marker_tools/lib:/home/rinav/ros2_ws/install/rosparam_shortcuts/lib:/home/rinav/ros2_ws/install/robotis_manipulator/lib:/home/rinav/ros2_ws/install/moveit_task_constructor_msgs/lib:/home/rinav/ros2_ws/install/husky_base/lib:/home/rinav/ros2_ws/install/husky_msgs/lib:/home/rinav/ros2_ws/src/rviz/install/opt/rviz_ogre_vendor/lib:/home/rinav/ros2_ws/src/rviz/install/lib:/opt/ros/humble/opt/rviz_ogre_vendor/lib:/opt/ros/humble/lib/aarch64-linux-gnu:/opt/ros/humble/lib /usr/bin/cmake --install /home/rinav/ros2_ws/build/rviz_common
[1.304s] -- Install configuration: ""
[1.304s] -- Up-to-date: /home/rinav/ros2_ws/install/rviz_common/share/rviz_common/environment/library_path.sh
[1.304s] -- Up-to-date: /home/rinav/ros2_ws/install/rviz_common/share/rviz_common/environment/library_path.dsv
[1.305s] -- Up-to-date: /home/rinav/ros2_ws/install/rviz_common/lib/librviz_common.so
[1.305s] -- Up-to-date: /home/rinav/ros2_ws/install/rviz_common/include/rviz_common
[1.305s] -- Up-to-date: /home/rinav/ros2_ws/install/rviz_common/include/rviz_common/rviz_common
[1.305s] -- Up-to-date: /home/rinav/ros2_ws/install/rviz_common/include/rviz_common/rviz_common/logging.hpp
[1.305s] -- Up-to-date: /home/rinav/ros2_ws/install/rviz_common/include/rviz_common/rviz_common/viewport_mouse_event.hpp
[1.305s] -- Up-to-date: /home/rinav/ros2_ws/install/rviz_common/include/rviz_common/rviz_common/render_panel.hpp
[1.305s] -- Up-to-date: /home/rinav/ros2_ws/install/rviz_common/include/rviz_common/rviz_common/visualizer_app.hpp
[1.306s] -- Up-to-date: /home/rinav/ros2_ws/install/rviz_common/include/rviz_common/rviz_common/view_controller.hpp
[1.306s] -- Up-to-date: /home/rinav/ros2_ws/install/rviz_common/include/rviz_common/rviz_common/uniform_string_stream.hpp
[1.306s] -- Up-to-date: /home/rinav/ros2_ws/install/rviz_common/include/rviz_common/rviz_common/factory
[1.306s] -- Up-to-date: /home/rinav/ros2_ws/install/rviz_common/include/rviz_common/rviz_common/factory/class_id_recording_factory.hpp
[1.306s] -- Up-to-date: /home/rinav/ros2_ws/install/rviz_common/include/rviz_common/rviz_common/factory/factory.hpp
[1.306s] -- Up-to-date: /home/rinav/ros2_ws/install/rviz_common/include/rviz_common/rviz_common/factory/pluginlib_factory.hpp
[1.306s] -- Up-to-date: /home/rinav/ros2_ws/install/rviz_common/include/rviz_common/rviz_common/tool.hpp
[1.306s] -- Up-to-date: /home/rinav/ros2_ws/install/rviz_common/include/rviz_common/rviz_common/display.hpp
[1.307s] -- Up-to-date: /home/rinav/ros2_ws/install/rviz_common/include/rviz_common/rviz_common/message_filter_display.hpp
[1.307s] -- Up-to-date: /home/rinav/ros2_ws/install/rviz_common/include/rviz_common/rviz_common/ros_topic_display.hpp
[1.307s] -- Up-to-date: /home/rinav/ros2_ws/install/rviz_common/include/rviz_common/rviz_common/panel_dock_widget.hpp
[1.307s] -- Up-to-date: /home/rinav/ros2_ws/install/rviz_common/include/rviz_common/rviz_common/bit_allocator.hpp
[1.307s] -- Up-to-date: /home/rinav/ros2_ws/install/rviz_common/include/rviz_common/rviz_common/config.hpp
[1.307s] -- Up-to-date: /home/rinav/ros2_ws/install/rviz_common/include/rviz_common/rviz_common/display_group.hpp
[1.308s] -- Up-to-date: /home/rinav/ros2_ws/install/rviz_common/include/rviz_common/rviz_common/view_manager.hpp
[1.308s] -- Up-to-date: /home/rinav/ros2_ws/install/rviz_common/include/rviz_common/rviz_common/load_resource.hpp
[1.308s] -- Up-to-date: /home/rinav/ros2_ws/install/rviz_common/include/rviz_common/rviz_common/msg_conversions.hpp
[1.308s] -- Up-to-date: /home/rinav/ros2_ws/install/rviz_common/include/rviz_common/rviz_common/ros_integration
[1.308s] -- Up-to-date: /home/rinav/ros2_ws/install/rviz_common/include/rviz_common/rviz_common/ros_integration/ros_client_abstraction.hpp
[1.308s] -- Up-to-date: /home/rinav/ros2_ws/install/rviz_common/include/rviz_common/rviz_common/ros_integration/ros_client_abstraction_iface.hpp
[1.308s] -- Up-to-date: /home/rinav/ros2_ws/install/rviz_common/include/rviz_common/rviz_common/ros_integration/ros_node_abstraction_iface.hpp
[1.308s] -- Up-to-date: /home/rinav/ros2_ws/install/rviz_common/include/rviz_common/rviz_common/ros_integration/ros_node_abstraction.hpp
[1.308s] -- Up-to-date: /home/rinav/ros2_ws/install/rviz_common/include/rviz_common/rviz_common/frame_manager_iface.hpp
[1.308s] -- Up-to-date: /home/rinav/ros2_ws/install/rviz_common/include/rviz_common/rviz_common/interactive_object.hpp
[1.309s] -- Up-to-date: /home/rinav/ros2_ws/install/rviz_common/include/rviz_common/rviz_common/panel.hpp
[1.309s] -- Up-to-date: /home/rinav/ros2_ws/install/rviz_common/include/rviz_common/rviz_common/properties
[1.309s] -- Up-to-date: /home/rinav/ros2_ws/install/rviz_common/include/rviz_common/rviz_common/properties/splitter_handle.hpp
[1.309s] -- Up-to-date: /home/rinav/ros2_ws/install/rviz_common/include/rviz_common/rviz_common/properties/int_property.hpp
[1.309s] -- Up-to-date: /home/rinav/ros2_ws/install/rviz_common/include/rviz_common/rviz_common/properties/parse_color.hpp
[1.309s] -- Up-to-date: /home/rinav/ros2_ws/install/rviz_common/include/rviz_common/rviz_common/properties/status_property.hpp
[1.309s] -- Up-to-date: /home/rinav/ros2_ws/install/rviz_common/include/rviz_common/rviz_common/properties/covariance_property.hpp
[1.309s] -- Up-to-date: /home/rinav/ros2_ws/install/rviz_common/include/rviz_common/rviz_common/properties/combo_box.hpp
[1.309s] -- Up-to-date: /home/rinav/ros2_ws/install/rviz_common/include/rviz_common/rviz_common/properties/editable_enum_property.hpp
[1.309s] -- Up-to-date: /home/rinav/ros2_ws/install/rviz_common/include/rviz_common/rviz_common/properties/bool_property.hpp
[1.309s] -- Up-to-date: /home/rinav/ros2_ws/install/rviz_common/include/rviz_common/rviz_common/properties/line_edit_with_button.hpp
[1.309s] -- Up-to-date: /home/rinav/ros2_ws/install/rviz_common/include/rviz_common/rviz_common/properties/editable_combo_box.hpp
[1.309s] -- Up-to-date: /home/rinav/ros2_ws/install/rviz_common/include/rviz_common/rviz_common/properties/property_tree_widget.hpp
[1.309s] -- Up-to-date: /home/rinav/ros2_ws/install/rviz_common/include/rviz_common/rviz_common/properties/tf_frame_property.hpp
[1.309s] -- Up-to-date: /home/rinav/ros2_ws/install/rviz_common/include/rviz_common/rviz_common/properties/vector_property.hpp
[1.309s] -- Up-to-date: /home/rinav/ros2_ws/install/rviz_common/include/rviz_common/rviz_common/properties/color_property.hpp
[1.309s] -- Up-to-date: /home/rinav/ros2_ws/install/rviz_common/include/rviz_common/rviz_common/properties/property_tree_delegate.hpp
[1.309s] -- Up-to-date: /home/rinav/ros2_ws/install/rviz_common/include/rviz_common/rviz_common/properties/display_visibility_property.hpp
[1.309s] -- Up-to-date: /home/rinav/ros2_ws/install/rviz_common/include/rviz_common/rviz_common/properties/float_property.hpp
[1.309s] -- Up-to-date: /home/rinav/ros2_ws/install/rviz_common/include/rviz_common/rviz_common/properties/grouped_checkbox_property.hpp
[1.309s] -- Up-to-date: /home/rinav/ros2_ws/install/rviz_common/include/rviz_common/rviz_common/properties/grouped_checkbox_property_group.hpp
[1.309s] -- Up-to-date: /home/rinav/ros2_ws/install/rviz_common/include/rviz_common/rviz_common/properties/property_tree_with_help.hpp
[1.309s] -- Up-to-date: /home/rinav/ros2_ws/install/rviz_common/include/rviz_common/rviz_common/properties/qos_profile_property.hpp
[1.309s] -- Up-to-date: /home/rinav/ros2_ws/install/rviz_common/include/rviz_common/rviz_common/properties/string_property.hpp
[1.310s] -- Up-to-date: /home/rinav/ros2_ws/install/rviz_common/include/rviz_common/rviz_common/properties/property.hpp
[1.310s] -- Up-to-date: /home/rinav/ros2_ws/install/rviz_common/include/rviz_common/rviz_common/properties/color_editor.hpp
[1.310s] -- Up-to-date: /home/rinav/ros2_ws/install/rviz_common/include/rviz_common/rviz_common/properties/display_group_visibility_property.hpp
[1.310s] -- Up-to-date: /home/rinav/ros2_ws/install/rviz_common/include/rviz_common/rviz_common/properties/enum_property.hpp
[1.310s] -- Up-to-date: /home/rinav/ros2_ws/install/rviz_common/include/rviz_common/rviz_common/properties/ros_topic_property.hpp
[1.310s] -- Up-to-date: /home/rinav/ros2_ws/install/rviz_common/include/rviz_common/rviz_common/properties/float_edit.hpp
[1.310s] -- Up-to-date: /home/rinav/ros2_ws/install/rviz_common/include/rviz_common/rviz_common/properties/status_list.hpp
[1.310s] -- Up-to-date: /home/rinav/ros2_ws/install/rviz_common/include/rviz_common/rviz_common/properties/file_picker_property.hpp
[1.310s] -- Up-to-date: /home/rinav/ros2_ws/install/rviz_common/include/rviz_common/rviz_common/properties/quaternion_property.hpp
[1.310s] -- Up-to-date: /home/rinav/ros2_ws/install/rviz_common/include/rviz_common/rviz_common/properties/property_tree_model.hpp
[1.310s] -- Up-to-date: /home/rinav/ros2_ws/install/rviz_common/include/rviz_common/rviz_common/visualization_frame.hpp
[1.310s] -- Up-to-date: /home/rinav/ros2_ws/install/rviz_common/include/rviz_common/rviz_common/interaction
[1.310s] -- Up-to-date: /home/rinav/ros2_ws/install/rviz_common/include/rviz_common/rviz_common/interaction/selection_manager_iface.hpp
[1.310s] -- Up-to-date: /home/rinav/ros2_ws/install/rviz_common/include/rviz_common/rviz_common/interaction/handler_manager.hpp
[1.310s] -- Up-to-date: /home/rinav/ros2_ws/install/rviz_common/include/rviz_common/rviz_common/interaction/selection_handler.hpp
[1.310s] -- Up-to-date: /home/rinav/ros2_ws/install/rviz_common/include/rviz_common/rviz_common/interaction/view_picker_iface.hpp
[1.310s] -- Up-to-date: /home/rinav/ros2_ws/install/rviz_common/include/rviz_common/rviz_common/interaction/forwards.hpp
[1.310s] -- Up-to-date: /home/rinav/ros2_ws/install/rviz_common/include/rviz_common/rviz_common/interaction/selection_renderer.hpp
[1.310s] -- Up-to-date: /home/rinav/ros2_ws/install/rviz_common/include/rviz_common/rviz_common/interaction/handler_manager_listener.hpp
[1.310s] -- Up-to-date: /home/rinav/ros2_ws/install/rviz_common/include/rviz_common/rviz_common/interaction/handler_manager_iface.hpp
[1.310s] -- Up-to-date: /home/rinav/ros2_ws/install/rviz_common/include/rviz_common/rviz_common/interaction/selection_manager.hpp
[1.310s] -- Up-to-date: /home/rinav/ros2_ws/install/rviz_common/include/rviz_common/rviz_common/interaction/view_picker.hpp
[1.310s] -- Up-to-date: /home/rinav/ros2_ws/install/rviz_common/include/rviz_common/rviz_common/yaml_config_reader.hpp
[1.310s] -- Up-to-date: /home/rinav/ros2_ws/install/rviz_common/include/rviz_common/rviz_common/frame_position_tracking_view_controller.hpp
[1.310s] -- Up-to-date: /home/rinav/ros2_ws/install/rviz_common/include/rviz_common/rviz_common/display_context.hpp
[1.310s] -- Up-to-date: /home/rinav/ros2_ws/install/rviz_common/include/rviz_common/rviz_common/visibility_control.hpp
[1.310s] -- Up-to-date: /home/rinav/ros2_ws/install/rviz_common/include/rviz_common/rviz_common/yaml_config_writer.hpp
[1.310s] -- Up-to-date: /home/rinav/ros2_ws/install/rviz_common/include/rviz_common/rviz_common/visualization_manager.hpp
[1.310s] -- Up-to-date: /home/rinav/ros2_ws/install/rviz_common/include/rviz_common/rviz_common/validate_floats.hpp
[1.310s] -- Up-to-date: /home/rinav/ros2_ws/install/rviz_common/include/rviz_common/rviz_common/tool_manager.hpp
[1.310s] -- Up-to-date: /home/rinav/ros2_ws/install/rviz_common/include/rviz_common/rviz_common/transformation
[1.310s] -- Up-to-date: /home/rinav/ros2_ws/install/rviz_common/include/rviz_common/rviz_common/transformation/tf2_helpers
[1.311s] -- Up-to-date: /home/rinav/ros2_ws/install/rviz_common/include/rviz_common/rviz_common/transformation/tf2_helpers/tf2_conversion_helpers.hpp
[1.311s] -- Up-to-date: /home/rinav/ros2_ws/install/rviz_common/include/rviz_common/rviz_common/transformation/frame_transformer.hpp
[1.311s] -- Up-to-date: /home/rinav/ros2_ws/install/rviz_common/include/rviz_common/rviz_common/transformation/transformation_manager.hpp
[1.311s] -- Up-to-date: /home/rinav/ros2_ws/install/rviz_common/include/rviz_common/rviz_common/window_manager_interface.hpp
[1.311s] -- Up-to-date: /home/rinav/ros2_ws/install/rviz_common/include/rviz_common/rviz_common/depth_cloud_mld.hpp
[1.311s] -- Up-to-date: /home/rinav/ros2_ws/install/rviz_common/share/rviz_common/default.rviz
[1.311s] -- Up-to-date: /home/rinav/ros2_ws/install/rviz_common/share/rviz_common/icons
[1.311s] -- Up-to-date: /home/rinav/ros2_ws/install/rviz_common/share/rviz_common/icons/right_dock.svg
[1.311s] -- Up-to-date: /home/rinav/ros2_ws/install/rviz_common/share/rviz_common/icons/move_z.svg
[1.311s] -- Up-to-date: /home/rinav/ros2_ws/install/rviz_common/share/rviz_common/icons/left_dock.svg
[1.311s] -- Up-to-date: /home/rinav/ros2_ws/install/rviz_common/share/rviz_common/icons/zoom.svg
[1.311s] -- Up-to-date: /home/rinav/ros2_ws/install/rviz_common/share/rviz_common/icons/cursor.svg
[1.311s] -- Up-to-date: /home/rinav/ros2_ws/install/rviz_common/share/rviz_common/icons/move2d.svg
[1.311s] -- Up-to-date: /home/rinav/ros2_ws/install/rviz_common/share/rviz_common/icons/rotate.svg
[1.311s] -- Up-to-date: /home/rinav/ros2_ws/install/rviz_common/share/rviz_common/icons/moverotate.svg
[1.311s] -- Up-to-date: /home/rinav/ros2_ws/install/rviz_common/share/rviz_common/icons/rotate_cam.svg
[1.311s] -- Up-to-date: /home/rinav/ros2_ws/install/rviz_common/share/rviz_common/icons/error.png
[1.311s] -- Up-to-date: /home/rinav/ros2_ws/install/rviz_common/share/rviz_common/icons/move1d.svg
[1.311s] -- Up-to-date: /home/rinav/ros2_ws/install/rviz_common/share/rviz_common/icons/close.png
[1.311s] -- Up-to-date: /home/rinav/ros2_ws/install/rviz_common/share/rviz_common/icons/forbidden.svg
[1.311s] -- Up-to-date: /home/rinav/ros2_ws/install/rviz_common/share/rviz_common/icons/options.png
[1.311s] -- Up-to-date: /home/rinav/ros2_ws/install/rviz_common/share/rviz_common/icons/crosshair.svg
[1.311s] -- Up-to-date: /home/rinav/ros2_ws/install/rviz_common/share/rviz_common/icons/ok.png
[1.311s] -- Up-to-date: /home/rinav/ros2_ws/install/rviz_common/share/rviz_common/icons/classes
[1.311s] -- Up-to-date: /home/rinav/ros2_ws/install/rviz_common/share/rviz_common/icons/classes/Views.svg
[1.311s] -- Up-to-date: /home/rinav/ros2_ws/install/rviz_common/share/rviz_common/icons/classes/Selection.png
[1.311s] -- Up-to-date: /home/rinav/ros2_ws/install/rviz_common/share/rviz_common/icons/classes/Transformation.png
[1.312s] -- Up-to-date: /home/rinav/ros2_ws/install/rviz_common/share/rviz_common/icons/classes/Group.png
[1.312s] -- Up-to-date: /home/rinav/ros2_ws/install/rviz_common/share/rviz_common/icons/classes/Displays.svg
[1.312s] -- Up-to-date: /home/rinav/ros2_ws/install/rviz_common/share/rviz_common/icons/classes/Help.svg
[1.312s] -- Up-to-date: /home/rinav/ros2_ws/install/rviz_common/share/rviz_common/icons/classes/Time.png
[1.312s] -- Up-to-date: /home/rinav/ros2_ws/install/rviz_common/share/rviz_common/icons/classes/Tool Properties.png
[1.312s] -- Up-to-date: /home/rinav/ros2_ws/install/rviz_common/share/rviz_common/icons/default_package_icon.png
[1.312s] -- Up-to-date: /home/rinav/ros2_ws/install/rviz_common/share/rviz_common/icons/menu.svg
[1.312s] -- Up-to-date: /home/rinav/ros2_ws/install/rviz_common/share/rviz_common/icons/warning.png
[1.312s] -- Up-to-date: /home/rinav/ros2_ws/install/rviz_common/share/rviz_common/icons/minus.png
[1.312s] -- Up-to-date: /home/rinav/ros2_ws/install/rviz_common/share/rviz_common/icons/default_class_icon.png
[1.312s] -- Up-to-date: /home/rinav/ros2_ws/install/rviz_common/share/rviz_common/icons/package.png
[1.312s] -- Up-to-date: /home/rinav/ros2_ws/install/rviz_common/share/rviz_common/icons/plus.png
[1.312s] -- Up-to-date: /home/rinav/ros2_ws/install/rviz_common/share/rviz_common/images
[1.312s] -- Up-to-date: /home/rinav/ros2_ws/install/rviz_common/share/rviz_common/images/splash_overlay.png
[1.312s] -- Up-to-date: /home/rinav/ros2_ws/install/rviz_common/share/rviz_common/images/splash.png
[1.312s] -- Up-to-date: /home/rinav/ros2_ws/install/rviz_common/share/rviz_common/help
[1.312s] -- Up-to-date: /home/rinav/ros2_ws/install/rviz_common/share/rviz_common/help/help.html
[1.312s] -- Up-to-date: /home/rinav/ros2_ws/install/rviz_common/share/ament_index/resource_index/package_run_dependencies/rviz_common
[1.312s] -- Up-to-date: /home/rinav/ros2_ws/install/rviz_common/share/ament_index/resource_index/parent_prefix_path/rviz_common
[1.312s] -- Up-to-date: /home/rinav/ros2_ws/install/rviz_common/share/rviz_common/environment/ament_prefix_path.sh
[1.312s] -- Up-to-date: /home/rinav/ros2_ws/install/rviz_common/share/rviz_common/environment/ament_prefix_path.dsv
[1.312s] -- Up-to-date: /home/rinav/ros2_ws/install/rviz_common/share/rviz_common/environment/path.sh
[1.312s] -- Up-to-date: /home/rinav/ros2_ws/install/rviz_common/share/rviz_common/environment/path.dsv
[1.312s] -- Up-to-date: /home/rinav/ros2_ws/install/rviz_common/share/rviz_common/local_setup.bash
[1.312s] -- Up-to-date: /home/rinav/ros2_ws/install/rviz_common/share/rviz_common/local_setup.sh
[1.312s] -- Up-to-date: /home/rinav/ros2_ws/install/rviz_common/share/rviz_common/local_setup.zsh
[1.312s] -- Up-to-date: /home/rinav/ros2_ws/install/rviz_common/share/rviz_common/local_setup.dsv
[1.312s] -- Installing: /home/rinav/ros2_ws/install/rviz_common/share/rviz_common/package.dsv
[1.313s] -- Up-to-date: /home/rinav/ros2_ws/install/rviz_common/share/ament_index/resource_index/packages/rviz_common
[1.313s] -- Up-to-date: /home/rinav/ros2_ws/install/rviz_common/share/rviz_common/cmake/rviz_commonExport.cmake
[1.313s] -- Up-to-date: /home/rinav/ros2_ws/install/rviz_common/share/rviz_common/cmake/rviz_commonExport-noconfig.cmake
[1.313s] -- Up-to-date: /home/rinav/ros2_ws/install/rviz_common/share/rviz_common/cmake/rviz_common-extras.cmake
[1.313s] -- Up-to-date: /home/rinav/ros2_ws/install/rviz_common/share/rviz_common/cmake/ament_cmake_export_dependencies-extras.cmake
[1.313s] -- Up-to-date: /home/rinav/ros2_ws/install/rviz_common/share/rviz_common/cmake/ament_cmake_export_include_directories-extras.cmake
[1.313s] -- Up-to-date: /home/rinav/ros2_ws/install/rviz_common/share/rviz_common/cmake/ament_cmake_export_libraries-extras.cmake
[1.313s] -- Up-to-date: /home/rinav/ros2_ws/install/rviz_common/share/rviz_common/cmake/ament_cmake_export_targets-extras.cmake
[1.313s] -- Up-to-date: /home/rinav/ros2_ws/install/rviz_common/share/rviz_common/cmake/rviz_commonConfig.cmake
[1.313s] -- Up-to-date: /home/rinav/ros2_ws/install/rviz_common/share/rviz_common/cmake/rviz_commonConfig-version.cmake
[1.313s] -- Up-to-date: /home/rinav/ros2_ws/install/rviz_common/share/rviz_common/package.xml
[1.318s] Invoked command in '/home/rinav/ros2_ws/build/rviz_common' returned '0': CMAKE_PREFIX_PATH=/home/rinav/ros2_ws/install/rviz_rendering:/home/rinav/ros2_ws/install/rviz_ogre_vendor:/home/rinav/ros2_ws/install/rviz_assimp_vendor:/home/rinav/ros2_ws/install/ur:/home/rinav/ros2_ws/install/ur_calibration:/home/rinav/ros2_ws/install/ur_robot_driver:/home/rinav/ros2_ws/install/ur_moveit_config:/home/rinav/ros2_ws/install/ur_bringup:/home/rinav/ros2_ws/install/ur_description:/home/rinav/ros2_ws/install/ur_controllers:/home/rinav/ros2_ws/install/ur_dashboard_msgs:/home/rinav/ros2_ws/install/turtlesim:/home/rinav/ros2_ws/install/srdfdom:/home/rinav/ros2_ws/install/rviz_visual_testing_framework:/home/rinav/ros2_ws/install/rviz_rendering_tests:/home/rinav/ros2_ws/install/husky_desktop:/home/rinav/ros2_ws/install/husky_viz:/home/rinav/ros2_ws/install/husky_ur3_moveit_config:/home/rinav/ros2_ws/install/rviz2:/home/rinav/ros2_ws/install/rviz_default_plugins:/home/rinav/ros2_ws/install/rviz_common:/home/rinav/ros2_ws/install/rosparam_shortcuts:/home/rinav/ros2_ws/install/robotis_manipulator:/home/rinav/ros2_ws/install/husky_ur3_ignition:/home/rinav/ros2_ws/install/husky_simulator:/home/rinav/ros2_ws/install/husky_robot:/home/rinav/ros2_ws/install/husky_bringup:/home/rinav/ros2_ws/install/husky_base:/home/rinav/ros2_ws/install/husky_msgs:/home/rinav/ros2_ws/install/husky_gazebo:/home/rinav/ros2_ws/install/husky_control:/home/rinav/ros2_ws/install/husky_description:/home/rinav/ros2_ws/src/rviz/install:/opt/ros/humble:/home/rinav/ros2_ws/install/trial_package:/home/rinav/ros2_ws/install/py_srvcli:/home/rinav/ros2_ws/install/py_pubsub:/home/rinav/ros2_ws/install/mobile_robotics:/home/rinav/ros2_ws/install/launch_param_builder LD_LIBRARY_PATH=/home/rinav/ros2_ws/install/rviz_rendering/lib:/home/rinav/ros2_ws/install/ur_robot_driver/lib:/home/rinav/ros2_ws/install/ur_controllers/lib:/home/rinav/ros2_ws/install/ur_dashboard_msgs/lib:/home/rinav/ros2_ws/install/turtlesim/lib:/home/rinav/ros2_ws/install/pilz_industrial_motion_planner_testutils/lib:/home/rinav/ros2_ws/install/moveit_ros_control_interface/lib:/home/rinav/ros2_ws/install/moveit_simple_controller_manager/lib:/home/rinav/ros2_ws/install/moveit_ros_planning/lib:/home/rinav/ros2_ws/install/moveit_ros_occupancy_map_monitor/lib:/home/rinav/ros2_ws/install/moveit_resources_prbt_ikfast_manipulator_plugin/lib:/home/rinav/ros2_ws/install/moveit_planners_chomp/lib:/home/rinav/ros2_ws/install/moveit_chomp_optimizer_adapter/lib:/home/rinav/ros2_ws/install/chomp_motion_planner/lib:/home/rinav/ros2_ws/install/moveit_core/lib:/home/rinav/ros2_ws/install/srdfdom/lib:/home/rinav/ros2_ws/install/rviz_default_plugins/lib:/home/rinav/ros2_ws/install/rviz_common/lib:/home/rinav/ros2_ws/install/rviz_ogre_vendor/opt/rviz_ogre_vendor/lib:/home/rinav/ros2_ws/install/rviz_marker_tools/lib:/home/rinav/ros2_ws/install/rosparam_shortcuts/lib:/home/rinav/ros2_ws/install/robotis_manipulator/lib:/home/rinav/ros2_ws/install/moveit_task_constructor_msgs/lib:/home/rinav/ros2_ws/install/husky_base/lib:/home/rinav/ros2_ws/install/husky_msgs/lib:/home/rinav/ros2_ws/src/rviz/install/opt/rviz_ogre_vendor/lib:/home/rinav/ros2_ws/src/rviz/install/lib:/opt/ros/humble/opt/rviz_ogre_vendor/lib:/opt/ros/humble/lib/aarch64-linux-gnu:/opt/ros/humble/lib /usr/bin/cmake --install /home/rinav/ros2_ws/build/rviz_common
