[0.037s] Invoking command in '/home/rinav/ros2_ws/build/husky_viz': CMAKE_PREFIX_PATH=/home/rinav/ros2_ws/install/husky_description:/home/rinav/ros2_ws/src/husky/install/husky_desktop:/home/rinav/ros2_ws/src/husky/install/husky_viz:/home/rinav/ros2_ws/src/husky/install/husky_simulator:/home/rinav/ros2_ws/src/husky/install/husky_robot:/home/rinav/ros2_ws/src/husky/install/husky_bringup:/home/rinav/ros2_ws/src/husky/install/husky_base:/home/rinav/ros2_ws/src/husky/install/husky_msgs:/home/rinav/ros2_ws/src/husky/install/husky_gazebo:/home/rinav/ros2_ws/src/husky/install/husky_control:/home/rinav/ros2_ws/src/husky/install/husky_description:/home/rinav/ros2_ws/install/ur:/home/rinav/ros2_ws/install/ur_calibration:/home/rinav/ros2_ws/install/ur_robot_driver:/home/rinav/ros2_ws/install/ur_moveit_config:/home/rinav/ros2_ws/install/ur_bringup:/home/rinav/ros2_ws/install/ur_description:/home/rinav/ros2_ws/install/ur_controllers:/home/rinav/ros2_ws/install/ur_dashboard_msgs:/home/rinav/ros2_ws/install/turtlesim:/home/rinav/ros2_ws/install/robotis_manipulator:/home/rinav/ros2_ws/install/husky_desktop:/home/rinav/ros2_ws/install/husky_viz:/home/rinav/ros2_ws/install/husky_ur3_ignition:/home/rinav/ros2_ws/install/husky_simulator:/home/rinav/ros2_ws/install/husky_robot:/home/rinav/ros2_ws/install/husky_gazebo:/home/rinav/ros2_ws/install/husky_bringup:/home/rinav/ros2_ws/install/husky_base:/home/rinav/ros2_ws/install/husky_msgs:/home/rinav/ros2_ws/install/husky_control:/home/rinav/ros2_ws/install/trial_package:/home/rinav/ros2_ws/install/py_srvcli:/home/rinav/ros2_ws/install/py_pubsub:/home/rinav/ros2_ws/install/mobile_robotics:/opt/ros/humble /usr/bin/cmake /home/rinav/ros2_ws/src/husky/husky_viz -DCMAKE_INSTALL_PREFIX=/home/rinav/ros2_ws/install/husky_viz
[0.082s] -- The C compiler identification is GNU 11.4.0
[0.142s] -- The CXX compiler identification is GNU 11.4.0
[0.150s] -- Detecting C compiler ABI info
[0.208s] -- Detecting C compiler ABI info - done
[0.215s] -- Check for working C compiler: /usr/bin/cc - skipped
[0.215s] -- Detecting C compile features
[0.215s] -- Detecting C compile features - done
[0.218s] -- Detecting CXX compiler ABI info
[0.298s] -- Detecting CXX compiler ABI info - done
[0.311s] -- Check for working CXX compiler: /usr/bin/c++ - skipped
[0.311s] -- Detecting CXX compile features
[0.311s] -- Detecting CXX compile features - done
[0.311s] -- Found ament_cmake: 1.3.12 (/opt/ros/humble/share/ament_cmake/cmake)
[0.471s] -- Found Python3: /usr/bin/python3 (found version "3.10.12") found components: Interpreter 
[0.707s] -- Configuring done
[0.709s] -- Generating done
[0.710s] -- Build files have been written to: /home/rinav/ros2_ws/build/husky_viz
[0.716s] Invoked command in '/home/rinav/ros2_ws/build/husky_viz' returned '0': CMAKE_PREFIX_PATH=/home/rinav/ros2_ws/install/husky_description:/home/rinav/ros2_ws/src/husky/install/husky_desktop:/home/rinav/ros2_ws/src/husky/install/husky_viz:/home/rinav/ros2_ws/src/husky/install/husky_simulator:/home/rinav/ros2_ws/src/husky/install/husky_robot:/home/rinav/ros2_ws/src/husky/install/husky_bringup:/home/rinav/ros2_ws/src/husky/install/husky_base:/home/rinav/ros2_ws/src/husky/install/husky_msgs:/home/rinav/ros2_ws/src/husky/install/husky_gazebo:/home/rinav/ros2_ws/src/husky/install/husky_control:/home/rinav/ros2_ws/src/husky/install/husky_description:/home/rinav/ros2_ws/install/ur:/home/rinav/ros2_ws/install/ur_calibration:/home/rinav/ros2_ws/install/ur_robot_driver:/home/rinav/ros2_ws/install/ur_moveit_config:/home/rinav/ros2_ws/install/ur_bringup:/home/rinav/ros2_ws/install/ur_description:/home/rinav/ros2_ws/install/ur_controllers:/home/rinav/ros2_ws/install/ur_dashboard_msgs:/home/rinav/ros2_ws/install/turtlesim:/home/rinav/ros2_ws/install/robotis_manipulator:/home/rinav/ros2_ws/install/husky_desktop:/home/rinav/ros2_ws/install/husky_viz:/home/rinav/ros2_ws/install/husky_ur3_ignition:/home/rinav/ros2_ws/install/husky_simulator:/home/rinav/ros2_ws/install/husky_robot:/home/rinav/ros2_ws/install/husky_gazebo:/home/rinav/ros2_ws/install/husky_bringup:/home/rinav/ros2_ws/install/husky_base:/home/rinav/ros2_ws/install/husky_msgs:/home/rinav/ros2_ws/install/husky_control:/home/rinav/ros2_ws/install/trial_package:/home/rinav/ros2_ws/install/py_srvcli:/home/rinav/ros2_ws/install/py_pubsub:/home/rinav/ros2_ws/install/mobile_robotics:/opt/ros/humble /usr/bin/cmake /home/rinav/ros2_ws/src/husky/husky_viz -DCMAKE_INSTALL_PREFIX=/home/rinav/ros2_ws/install/husky_viz
[0.733s] Invoking command in '/home/rinav/ros2_ws/build/husky_viz': CMAKE_PREFIX_PATH=/home/rinav/ros2_ws/install/husky_description:/home/rinav/ros2_ws/src/husky/install/husky_desktop:/home/rinav/ros2_ws/src/husky/install/husky_viz:/home/rinav/ros2_ws/src/husky/install/husky_simulator:/home/rinav/ros2_ws/src/husky/install/husky_robot:/home/rinav/ros2_ws/src/husky/install/husky_bringup:/home/rinav/ros2_ws/src/husky/install/husky_base:/home/rinav/ros2_ws/src/husky/install/husky_msgs:/home/rinav/ros2_ws/src/husky/install/husky_gazebo:/home/rinav/ros2_ws/src/husky/install/husky_control:/home/rinav/ros2_ws/src/husky/install/husky_description:/home/rinav/ros2_ws/install/ur:/home/rinav/ros2_ws/install/ur_calibration:/home/rinav/ros2_ws/install/ur_robot_driver:/home/rinav/ros2_ws/install/ur_moveit_config:/home/rinav/ros2_ws/install/ur_bringup:/home/rinav/ros2_ws/install/ur_description:/home/rinav/ros2_ws/install/ur_controllers:/home/rinav/ros2_ws/install/ur_dashboard_msgs:/home/rinav/ros2_ws/install/turtlesim:/home/rinav/ros2_ws/install/robotis_manipulator:/home/rinav/ros2_ws/install/husky_desktop:/home/rinav/ros2_ws/install/husky_viz:/home/rinav/ros2_ws/install/husky_ur3_ignition:/home/rinav/ros2_ws/install/husky_simulator:/home/rinav/ros2_ws/install/husky_robot:/home/rinav/ros2_ws/install/husky_gazebo:/home/rinav/ros2_ws/install/husky_bringup:/home/rinav/ros2_ws/install/husky_base:/home/rinav/ros2_ws/install/husky_msgs:/home/rinav/ros2_ws/install/husky_control:/home/rinav/ros2_ws/install/trial_package:/home/rinav/ros2_ws/install/py_srvcli:/home/rinav/ros2_ws/install/py_pubsub:/home/rinav/ros2_ws/install/mobile_robotics:/opt/ros/humble /usr/bin/cmake --build /home/rinav/ros2_ws/build/husky_viz -- -j8 -l8
[1.025s] Invoked command in '/home/rinav/ros2_ws/build/husky_viz' returned '0': CMAKE_PREFIX_PATH=/home/rinav/ros2_ws/install/husky_description:/home/rinav/ros2_ws/src/husky/install/husky_desktop:/home/rinav/ros2_ws/src/husky/install/husky_viz:/home/rinav/ros2_ws/src/husky/install/husky_simulator:/home/rinav/ros2_ws/src/husky/install/husky_robot:/home/rinav/ros2_ws/src/husky/install/husky_bringup:/home/rinav/ros2_ws/src/husky/install/husky_base:/home/rinav/ros2_ws/src/husky/install/husky_msgs:/home/rinav/ros2_ws/src/husky/install/husky_gazebo:/home/rinav/ros2_ws/src/husky/install/husky_control:/home/rinav/ros2_ws/src/husky/install/husky_description:/home/rinav/ros2_ws/install/ur:/home/rinav/ros2_ws/install/ur_calibration:/home/rinav/ros2_ws/install/ur_robot_driver:/home/rinav/ros2_ws/install/ur_moveit_config:/home/rinav/ros2_ws/install/ur_bringup:/home/rinav/ros2_ws/install/ur_description:/home/rinav/ros2_ws/install/ur_controllers:/home/rinav/ros2_ws/install/ur_dashboard_msgs:/home/rinav/ros2_ws/install/turtlesim:/home/rinav/ros2_ws/install/robotis_manipulator:/home/rinav/ros2_ws/install/husky_desktop:/home/rinav/ros2_ws/install/husky_viz:/home/rinav/ros2_ws/install/husky_ur3_ignition:/home/rinav/ros2_ws/install/husky_simulator:/home/rinav/ros2_ws/install/husky_robot:/home/rinav/ros2_ws/install/husky_gazebo:/home/rinav/ros2_ws/install/husky_bringup:/home/rinav/ros2_ws/install/husky_base:/home/rinav/ros2_ws/install/husky_msgs:/home/rinav/ros2_ws/install/husky_control:/home/rinav/ros2_ws/install/trial_package:/home/rinav/ros2_ws/install/py_srvcli:/home/rinav/ros2_ws/install/py_pubsub:/home/rinav/ros2_ws/install/mobile_robotics:/opt/ros/humble /usr/bin/cmake --build /home/rinav/ros2_ws/build/husky_viz -- -j8 -l8
[1.046s] Invoking command in '/home/rinav/ros2_ws/build/husky_viz': CMAKE_PREFIX_PATH=/home/rinav/ros2_ws/install/husky_description:/home/rinav/ros2_ws/src/husky/install/husky_desktop:/home/rinav/ros2_ws/src/husky/install/husky_viz:/home/rinav/ros2_ws/src/husky/install/husky_simulator:/home/rinav/ros2_ws/src/husky/install/husky_robot:/home/rinav/ros2_ws/src/husky/install/husky_bringup:/home/rinav/ros2_ws/src/husky/install/husky_base:/home/rinav/ros2_ws/src/husky/install/husky_msgs:/home/rinav/ros2_ws/src/husky/install/husky_gazebo:/home/rinav/ros2_ws/src/husky/install/husky_control:/home/rinav/ros2_ws/src/husky/install/husky_description:/home/rinav/ros2_ws/install/ur:/home/rinav/ros2_ws/install/ur_calibration:/home/rinav/ros2_ws/install/ur_robot_driver:/home/rinav/ros2_ws/install/ur_moveit_config:/home/rinav/ros2_ws/install/ur_bringup:/home/rinav/ros2_ws/install/ur_description:/home/rinav/ros2_ws/install/ur_controllers:/home/rinav/ros2_ws/install/ur_dashboard_msgs:/home/rinav/ros2_ws/install/turtlesim:/home/rinav/ros2_ws/install/robotis_manipulator:/home/rinav/ros2_ws/install/husky_desktop:/home/rinav/ros2_ws/install/husky_viz:/home/rinav/ros2_ws/install/husky_ur3_ignition:/home/rinav/ros2_ws/install/husky_simulator:/home/rinav/ros2_ws/install/husky_robot:/home/rinav/ros2_ws/install/husky_gazebo:/home/rinav/ros2_ws/install/husky_bringup:/home/rinav/ros2_ws/install/husky_base:/home/rinav/ros2_ws/install/husky_msgs:/home/rinav/ros2_ws/install/husky_control:/home/rinav/ros2_ws/install/trial_package:/home/rinav/ros2_ws/install/py_srvcli:/home/rinav/ros2_ws/install/py_pubsub:/home/rinav/ros2_ws/install/mobile_robotics:/opt/ros/humble /usr/bin/cmake --install /home/rinav/ros2_ws/build/husky_viz
[1.353s] -- Install configuration: ""
[1.353s] -- Installing: /home/rinav/ros2_ws/install/husky_viz/share/husky_viz/launch
[1.353s] -- Installing: /home/rinav/ros2_ws/install/husky_viz/share/husky_viz/launch/view_model.launch
[1.353s] -- Installing: /home/rinav/ros2_ws/install/husky_viz/share/husky_viz/launch/view_robot_launch.py
[1.353s] -- Installing: /home/rinav/ros2_ws/install/husky_viz/share/husky_viz/launch/view_model_launch.py
[1.353s] -- Installing: /home/rinav/ros2_ws/install/husky_viz/share/husky_viz/launch/view_robot.launch
[1.354s] -- Installing: /home/rinav/ros2_ws/install/husky_viz/share/husky_viz/rviz
[1.354s] -- Installing: /home/rinav/ros2_ws/install/husky_viz/share/husky_viz/rviz/test.rviz
[1.354s] -- Installing: /home/rinav/ros2_ws/install/husky_viz/share/husky_viz/rviz/model.rviz
[1.354s] -- Installing: /home/rinav/ros2_ws/install/husky_viz/share/husky_viz/rviz/robot.rviz
[1.354s] -- Installing: /home/rinav/ros2_ws/install/husky_viz/share/ament_index/resource_index/package_run_dependencies/husky_viz
[1.354s] -- Installing: /home/rinav/ros2_ws/install/husky_viz/share/ament_index/resource_index/parent_prefix_path/husky_viz
[1.354s] -- Installing: /home/rinav/ros2_ws/install/husky_viz/share/husky_viz/environment/ament_prefix_path.sh
[1.354s] -- Installing: /home/rinav/ros2_ws/install/husky_viz/share/husky_viz/environment/ament_prefix_path.dsv
[1.354s] -- Installing: /home/rinav/ros2_ws/install/husky_viz/share/husky_viz/environment/path.sh
[1.354s] -- Installing: /home/rinav/ros2_ws/install/husky_viz/share/husky_viz/environment/path.dsv
[1.354s] -- Installing: /home/rinav/ros2_ws/install/husky_viz/share/husky_viz/local_setup.bash
[1.354s] -- Installing: /home/rinav/ros2_ws/install/husky_viz/share/husky_viz/local_setup.sh
[1.354s] -- Installing: /home/rinav/ros2_ws/install/husky_viz/share/husky_viz/local_setup.zsh
[1.354s] -- Installing: /home/rinav/ros2_ws/install/husky_viz/share/husky_viz/local_setup.dsv
[1.354s] -- Installing: /home/rinav/ros2_ws/install/husky_viz/share/husky_viz/package.dsv
[1.354s] -- Installing: /home/rinav/ros2_ws/install/husky_viz/share/ament_index/resource_index/packages/husky_viz
[1.354s] -- Installing: /home/rinav/ros2_ws/install/husky_viz/share/husky_viz/cmake/husky_vizConfig.cmake
[1.354s] -- Installing: /home/rinav/ros2_ws/install/husky_viz/share/husky_viz/cmake/husky_vizConfig-version.cmake
[1.354s] -- Installing: /home/rinav/ros2_ws/install/husky_viz/share/husky_viz/package.xml
[1.368s] Invoked command in '/home/rinav/ros2_ws/build/husky_viz' returned '0': CMAKE_PREFIX_PATH=/home/rinav/ros2_ws/install/husky_description:/home/rinav/ros2_ws/src/husky/install/husky_desktop:/home/rinav/ros2_ws/src/husky/install/husky_viz:/home/rinav/ros2_ws/src/husky/install/husky_simulator:/home/rinav/ros2_ws/src/husky/install/husky_robot:/home/rinav/ros2_ws/src/husky/install/husky_bringup:/home/rinav/ros2_ws/src/husky/install/husky_base:/home/rinav/ros2_ws/src/husky/install/husky_msgs:/home/rinav/ros2_ws/src/husky/install/husky_gazebo:/home/rinav/ros2_ws/src/husky/install/husky_control:/home/rinav/ros2_ws/src/husky/install/husky_description:/home/rinav/ros2_ws/install/ur:/home/rinav/ros2_ws/install/ur_calibration:/home/rinav/ros2_ws/install/ur_robot_driver:/home/rinav/ros2_ws/install/ur_moveit_config:/home/rinav/ros2_ws/install/ur_bringup:/home/rinav/ros2_ws/install/ur_description:/home/rinav/ros2_ws/install/ur_controllers:/home/rinav/ros2_ws/install/ur_dashboard_msgs:/home/rinav/ros2_ws/install/turtlesim:/home/rinav/ros2_ws/install/robotis_manipulator:/home/rinav/ros2_ws/install/husky_desktop:/home/rinav/ros2_ws/install/husky_viz:/home/rinav/ros2_ws/install/husky_ur3_ignition:/home/rinav/ros2_ws/install/husky_simulator:/home/rinav/ros2_ws/install/husky_robot:/home/rinav/ros2_ws/install/husky_gazebo:/home/rinav/ros2_ws/install/husky_bringup:/home/rinav/ros2_ws/install/husky_base:/home/rinav/ros2_ws/install/husky_msgs:/home/rinav/ros2_ws/install/husky_control:/home/rinav/ros2_ws/install/trial_package:/home/rinav/ros2_ws/install/py_srvcli:/home/rinav/ros2_ws/install/py_pubsub:/home/rinav/ros2_ws/install/mobile_robotics:/opt/ros/humble /usr/bin/cmake --install /home/rinav/ros2_ws/build/husky_viz
