[0.004s] Invoking command in '/home/rinav/ros2_ws/build/husky_control': AMENT_PREFIX_PATH=/home/rinav/ros2_ws/install/husky_description:${AMENT_PREFIX_PATH} CMAKE_PREFIX_PATH=/home/rinav/ros2_ws/install/husky_description:/opt/ros/humble /usr/bin/cmake /home/rinav/ros2_ws/src/husky/husky_control -DAMENT_CMAKE_SYMLINK_INSTALL=1 -DCMAKE_INSTALL_PREFIX=/home/rinav/ros2_ws/install/husky_control
[0.034s] -- The C compiler identification is GNU 11.4.0
[0.066s] -- The CXX compiler identification is GNU 11.4.0
[0.070s] -- Detecting C compiler ABI info
[0.106s] -- Detecting C compiler ABI info - done
[0.111s] -- Check for working C compiler: /usr/bin/cc - skipped
[0.111s] -- Detecting C compile features
[0.111s] -- Detecting C compile features - done
[0.113s] -- Detecting CXX compiler ABI info
[0.153s] -- Detecting CXX compiler ABI info - done
[0.159s] -- Check for working CXX compiler: /usr/bin/c++ - skipped
[0.159s] -- Detecting CXX compile features
[0.159s] -- Detecting CXX compile features - done
[0.161s] -- Found ament_cmake: 1.3.12 (/opt/ros/humble/share/ament_cmake/cmake)
[0.243s] -- Found Python3: /usr/bin/python3 (found version "3.10.12") found components: Interpreter 
[0.277s] -- Override CMake install command with custom implementation using symlinks instead of copying resources
[0.331s] -- Configuring done
[0.332s] -- Generating done
[0.333s] -- Build files have been written to: /home/rinav/ros2_ws/build/husky_control
[0.336s] Invoked command in '/home/rinav/ros2_ws/build/husky_control' returned '0': AMENT_PREFIX_PATH=/home/rinav/ros2_ws/install/husky_description:${AMENT_PREFIX_PATH} CMAKE_PREFIX_PATH=/home/rinav/ros2_ws/install/husky_description:/opt/ros/humble /usr/bin/cmake /home/rinav/ros2_ws/src/husky/husky_control -DAMENT_CMAKE_SYMLINK_INSTALL=1 -DCMAKE_INSTALL_PREFIX=/home/rinav/ros2_ws/install/husky_control
[0.337s] Invoking command in '/home/rinav/ros2_ws/build/husky_control': AMENT_PREFIX_PATH=/home/rinav/ros2_ws/install/husky_description:${AMENT_PREFIX_PATH} CMAKE_PREFIX_PATH=/home/rinav/ros2_ws/install/husky_description:/opt/ros/humble /usr/bin/cmake --build /home/rinav/ros2_ws/build/husky_control -- -j8 -l8
[0.354s] Invoked command in '/home/rinav/ros2_ws/build/husky_control' returned '0': AMENT_PREFIX_PATH=/home/rinav/ros2_ws/install/husky_description:${AMENT_PREFIX_PATH} CMAKE_PREFIX_PATH=/home/rinav/ros2_ws/install/husky_description:/opt/ros/humble /usr/bin/cmake --build /home/rinav/ros2_ws/build/husky_control -- -j8 -l8
[0.355s] Invoking command in '/home/rinav/ros2_ws/build/husky_control': AMENT_PREFIX_PATH=/home/rinav/ros2_ws/install/husky_description:${AMENT_PREFIX_PATH} CMAKE_PREFIX_PATH=/home/rinav/ros2_ws/install/husky_description:/opt/ros/humble /usr/bin/cmake --install /home/rinav/ros2_ws/build/husky_control
[0.358s] -- Install configuration: ""
[0.358s] -- Execute custom install script
[0.358s] -- Symlinking: /home/rinav/ros2_ws/install/husky_control/share/husky_control/config/control.yaml
[0.362s] -- Symlinking: /home/rinav/ros2_ws/install/husky_control/share/husky_control/config/empty.yaml
[0.366s] -- Symlinking: /home/rinav/ros2_ws/install/husky_control/share/husky_control/config/gazebo_interface.yaml
[0.370s] -- Symlinking: /home/rinav/ros2_ws/install/husky_control/share/husky_control/config/imu_filter.yaml
[0.374s] -- Symlinking: /home/rinav/ros2_ws/install/husky_control/share/husky_control/config/localization.yaml
[0.378s] -- Symlinking: /home/rinav/ros2_ws/install/husky_control/share/husky_control/config/public_interface.yaml
[0.382s] -- Symlinking: /home/rinav/ros2_ws/install/husky_control/share/husky_control/config/teleop_interactive_markers.yaml
[0.386s] -- Symlinking: /home/rinav/ros2_ws/install/husky_control/share/husky_control/config/teleop_logitech.yaml
[0.390s] -- Symlinking: /home/rinav/ros2_ws/install/husky_control/share/husky_control/config/teleop_ps4.yaml
[0.394s] -- Symlinking: /home/rinav/ros2_ws/install/husky_control/share/husky_control/config/twist_mux.yaml
[0.398s] -- Symlinking: /home/rinav/ros2_ws/install/husky_control/share/husky_control/launch/control.launch
[0.402s] -- Symlinking: /home/rinav/ros2_ws/install/husky_control/share/husky_control/launch/control.launch.py
[0.406s] -- Symlinking: /home/rinav/ros2_ws/install/husky_control/share/husky_control/launch/teleop.launch
[0.410s] -- Symlinking: /home/rinav/ros2_ws/install/husky_control/share/husky_control/launch/teleop_base.launch.py
[0.414s] -- Symlinking: /home/rinav/ros2_ws/install/husky_control/share/husky_control/launch/teleop_joy.launch.py
[0.418s] -- Symlinking: /home/rinav/ros2_ws/install/husky_control/share/ament_index/resource_index/package_run_dependencies/husky_control
[0.422s] -- Symlinking: /home/rinav/ros2_ws/install/husky_control/share/ament_index/resource_index/parent_prefix_path/husky_control
[0.426s] -- Symlinking: /home/rinav/ros2_ws/install/husky_control/share/husky_control/environment/ament_prefix_path.sh
[0.430s] -- Symlinking: /home/rinav/ros2_ws/install/husky_control/share/husky_control/environment/ament_prefix_path.dsv
[0.434s] -- Symlinking: /home/rinav/ros2_ws/install/husky_control/share/husky_control/environment/path.sh
[0.438s] -- Symlinking: /home/rinav/ros2_ws/install/husky_control/share/husky_control/environment/path.dsv
[0.442s] -- Symlinking: /home/rinav/ros2_ws/install/husky_control/share/husky_control/local_setup.bash
[0.446s] -- Symlinking: /home/rinav/ros2_ws/install/husky_control/share/husky_control/local_setup.sh
[0.451s] -- Symlinking: /home/rinav/ros2_ws/install/husky_control/share/husky_control/local_setup.zsh
[0.455s] -- Symlinking: /home/rinav/ros2_ws/install/husky_control/share/husky_control/local_setup.dsv
[0.458s] -- Symlinking: /home/rinav/ros2_ws/install/husky_control/share/husky_control/package.dsv
[0.462s] -- Symlinking: /home/rinav/ros2_ws/install/husky_control/share/ament_index/resource_index/packages/husky_control
[0.465s] -- Symlinking: /home/rinav/ros2_ws/install/husky_control/share/husky_control/cmake/husky_controlConfig.cmake
[0.469s] -- Symlinking: /home/rinav/ros2_ws/install/husky_control/share/husky_control/cmake/husky_controlConfig-version.cmake
[0.473s] -- Symlinking: /home/rinav/ros2_ws/install/husky_control/share/husky_control/package.xml
[0.478s] Invoked command in '/home/rinav/ros2_ws/build/husky_control' returned '0': AMENT_PREFIX_PATH=/home/rinav/ros2_ws/install/husky_description:${AMENT_PREFIX_PATH} CMAKE_PREFIX_PATH=/home/rinav/ros2_ws/install/husky_description:/opt/ros/humble /usr/bin/cmake --install /home/rinav/ros2_ws/build/husky_control
