[0.007s] Invoking command in '/home/rinav/ros2_ws/src/husky/build/husky_msgs': CMAKE_PREFIX_PATH=${CMAKE_PREFIX_PATH}:/opt/ros/humble /usr/bin/cmake /home/rinav/ros2_ws/src/husky/husky_msgs -DCMAKE_INSTALL_PREFIX=/home/rinav/ros2_ws/src/husky/install/husky_msgs
[0.053s] -- The C compiler identification is GNU 11.4.0
[0.086s] -- The CXX compiler identification is GNU 11.4.0
[0.090s] -- Detecting C compiler ABI info
[0.139s] -- Detecting C compiler ABI info - done
[0.145s] -- Check for working C compiler: /usr/bin/cc - skipped
[0.145s] -- Detecting C compile features
[0.145s] -- Detecting C compile features - done
[0.147s] -- Detecting CXX compiler ABI info
[0.205s] -- Detecting CXX compiler ABI info - done
[0.210s] -- Check for working CXX compiler: /usr/bin/c++ - skipped
[0.210s] -- Detecting CXX compile features
[0.210s] -- Detecting CXX compile features - done
[0.213s] -- Found ament_cmake: 1.3.12 (/opt/ros/humble/share/ament_cmake/cmake)
[0.296s] -- Found Python3: /usr/bin/python3 (found version "3.10.12") found components: Interpreter 
[0.356s] -- Found std_msgs: 4.9.0 (/opt/ros/humble/share/std_msgs/cmake)
[0.385s] -- Found rosidl_generator_c: 3.1.7 (/opt/ros/humble/share/rosidl_generator_c/cmake)
[0.390s] -- Found rosidl_adapter: 3.1.7 (/opt/ros/humble/share/rosidl_adapter/cmake)
[0.397s] -- Found rosidl_generator_cpp: 3.1.7 (/opt/ros/humble/share/rosidl_generator_cpp/cmake)
[0.407s] -- Using all available rosidl_typesupport_c: rosidl_typesupport_fastrtps_c;rosidl_typesupport_introspection_c
[0.420s] -- Using all available rosidl_typesupport_cpp: rosidl_typesupport_fastrtps_cpp;rosidl_typesupport_introspection_cpp
[0.441s] -- Found rosidl_default_generators: 1.2.0 (/opt/ros/humble/share/rosidl_default_generators/cmake)
[0.620s] -- Found ament_cmake_ros: 0.10.0 (/opt/ros/humble/share/ament_cmake_ros/cmake)
[0.842s] -- Using all available rosidl_typesupport_c: rosidl_typesupport_fastrtps_c;rosidl_typesupport_introspection_c
[0.934s] -- Using all available rosidl_typesupport_cpp: rosidl_typesupport_fastrtps_cpp;rosidl_typesupport_introspection_cpp
[0.948s] -- Found PythonInterp: /usr/bin/python3 (found suitable version "3.10.12", minimum required is "3.6") 
[0.949s] -- Found python_cmake_module: 0.10.0 (/opt/ros/humble/share/python_cmake_module/cmake)
[0.967s] -- Found PythonLibs: /usr/lib/aarch64-linux-gnu/libpython3.10.so (found suitable version "3.10.12", minimum required is "3.5") 
[0.967s] -- Using PYTHON_EXECUTABLE: /usr/bin/python3
[0.967s] -- Using PYTHON_INCLUDE_DIRS: /usr/include/python3.10
[0.967s] -- Using PYTHON_LIBRARIES: /usr/lib/aarch64-linux-gnu/libpython3.10.so
[0.978s] -- Found PythonExtra: .so  
[1.013s] -- Configuring done
[1.034s] -- Generating done
[1.040s] -- Build files have been written to: /home/rinav/ros2_ws/src/husky/build/husky_msgs
[1.044s] Invoked command in '/home/rinav/ros2_ws/src/husky/build/husky_msgs' returned '0': CMAKE_PREFIX_PATH=${CMAKE_PREFIX_PATH}:/opt/ros/humble /usr/bin/cmake /home/rinav/ros2_ws/src/husky/husky_msgs -DCMAKE_INSTALL_PREFIX=/home/rinav/ros2_ws/src/husky/install/husky_msgs
[1.046s] Invoking command in '/home/rinav/ros2_ws/src/husky/build/husky_msgs': CMAKE_PREFIX_PATH=${CMAKE_PREFIX_PATH}:/opt/ros/humble /usr/bin/cmake --build /home/rinav/ros2_ws/src/husky/build/husky_msgs -- -j8 -l8
[1.064s] [  3%] [34m[1mGenerating C code for ROS interfaces[0m
[1.070s] [  6%] [34m[1mGenerating C++ code for ROS interfaces[0m
[1.074s] [  6%] Built target ament_cmake_python_copy_husky_msgs
[1.219s] running egg_info
[1.220s] creating husky_msgs.egg-info
[1.220s] writing husky_msgs.egg-info/PKG-INFO
[1.220s] writing dependency_links to husky_msgs.egg-info/dependency_links.txt
[1.220s] writing top-level names to husky_msgs.egg-info/top_level.txt
[1.220s] writing manifest file 'husky_msgs.egg-info/SOURCES.txt'
[1.221s] reading manifest file 'husky_msgs.egg-info/SOURCES.txt'
[1.221s] writing manifest file 'husky_msgs.egg-info/SOURCES.txt'
[1.240s] [  6%] Built target ament_cmake_python_build_husky_msgs_egg
[1.259s] [  9%] Built target husky_msgs__cpp
[1.259s] [  9%] [32mBuilding C object CMakeFiles/husky_msgs__rosidl_generator_c.dir/rosidl_generator_c/husky_msgs/msg/detail/husky_status__functions.c.o[0m
[1.264s] [ 16%] [34m[1mGenerating C++ type support for eProsima Fast-RTPS[0m
[1.264s] [ 16%] [34m[1mGenerating C++ introspection for ROS interfaces[0m
[1.265s] [ 19%] [34m[1mGenerating C++ type support dispatch for ROS interfaces[0m
[1.302s] [ 22%] [32m[1mLinking C shared library libhusky_msgs__rosidl_generator_c.so[0m
[1.321s] [ 22%] Built target husky_msgs__rosidl_generator_c
[1.326s] [ 25%] [34m[1mGenerating C type support dispatch for ROS interfaces[0m
[1.327s] [ 29%] [34m[1mGenerating C type support for eProsima Fast-RTPS[0m
[1.328s] [ 32%] [34m[1mGenerating C introspection for ROS interfaces[0m
[1.447s] [ 35%] [32mBuilding CXX object CMakeFiles/husky_msgs__rosidl_typesupport_cpp.dir/rosidl_typesupport_cpp/husky_msgs/msg/husky_status__type_support.cpp.o[0m
[1.451s] [ 38%] [32mBuilding CXX object CMakeFiles/husky_msgs__rosidl_typesupport_introspection_cpp.dir/rosidl_typesupport_introspection_cpp/husky_msgs/msg/detail/husky_status__type_support.cpp.o[0m
[1.453s] [ 41%] [32mBuilding CXX object CMakeFiles/husky_msgs__rosidl_typesupport_fastrtps_cpp.dir/rosidl_typesupport_fastrtps_cpp/husky_msgs/msg/detail/dds_fastrtps/husky_status__type_support.cpp.o[0m
[1.500s] [ 45%] [32mBuilding CXX object CMakeFiles/husky_msgs__rosidl_typesupport_c.dir/rosidl_typesupport_c/husky_msgs/msg/husky_status__type_support.cpp.o[0m
[1.518s] [ 48%] [32mBuilding CXX object CMakeFiles/husky_msgs__rosidl_typesupport_fastrtps_c.dir/rosidl_typesupport_fastrtps_c/husky_msgs/msg/detail/husky_status__type_support_c.cpp.o[0m
[1.518s] [ 51%] [32mBuilding C object CMakeFiles/husky_msgs__rosidl_typesupport_introspection_c.dir/rosidl_typesupport_introspection_c/husky_msgs/msg/detail/husky_status__type_support.c.o[0m
[1.520s] [ 54%] [32m[1mLinking CXX shared library libhusky_msgs__rosidl_typesupport_c.so[0m
[1.542s] [ 58%] [32m[1mLinking C shared library libhusky_msgs__rosidl_typesupport_introspection_c.so[0m
[1.545s] [ 58%] Built target husky_msgs__rosidl_typesupport_c
[1.560s] [ 58%] Built target husky_msgs__rosidl_typesupport_introspection_c
[1.610s] [ 61%] [32m[1mLinking CXX shared library libhusky_msgs__rosidl_typesupport_cpp.so[0m
[1.634s] [ 61%] Built target husky_msgs__rosidl_typesupport_cpp
[1.671s] [ 64%] [32m[1mLinking CXX shared library libhusky_msgs__rosidl_typesupport_introspection_cpp.so[0m
[1.680s] [ 67%] [32m[1mLinking CXX shared library libhusky_msgs__rosidl_typesupport_fastrtps_cpp.so[0m
[1.705s] [ 67%] Built target husky_msgs__rosidl_typesupport_introspection_cpp
[1.715s] [ 70%] [32m[1mLinking CXX shared library libhusky_msgs__rosidl_typesupport_fastrtps_c.so[0m
[1.718s] [ 70%] Built target husky_msgs__rosidl_typesupport_fastrtps_cpp
[1.753s] [ 70%] Built target husky_msgs__rosidl_typesupport_fastrtps_c
[1.763s] [ 70%] Built target husky_msgs
[1.772s] [ 74%] [34m[1mGenerating Python code for ROS interfaces[0m
[2.049s] [ 74%] Built target husky_msgs__py
[2.058s] [ 77%] [32mBuilding C object CMakeFiles/husky_msgs__rosidl_generator_py.dir/rosidl_generator_py/husky_msgs/msg/_husky_status_s.c.o[0m
[2.126s] [ 80%] [32m[1mLinking C shared library rosidl_generator_py/husky_msgs/libhusky_msgs__rosidl_generator_py.so[0m
[2.147s] [ 80%] Built target husky_msgs__rosidl_generator_py
[2.159s] [ 87%] [32mBuilding C object CMakeFiles/husky_msgs__rosidl_typesupport_c__pyext.dir/rosidl_generator_py/husky_msgs/_husky_msgs_s.ep.rosidl_typesupport_c.c.o[0m
[2.159s] [ 87%] [32mBuilding C object CMakeFiles/husky_msgs__rosidl_typesupport_introspection_c__pyext.dir/rosidl_generator_py/husky_msgs/_husky_msgs_s.ep.rosidl_typesupport_introspection_c.c.o[0m
[2.159s] [ 90%] [32mBuilding C object CMakeFiles/husky_msgs__rosidl_typesupport_fastrtps_c__pyext.dir/rosidl_generator_py/husky_msgs/_husky_msgs_s.ep.rosidl_typesupport_fastrtps_c.c.o[0m
[2.215s] [100%] [32m[1mLinking C shared library rosidl_generator_py/husky_msgs/husky_msgs_s__rosidl_typesupport_fastrtps_c.cpython-310-aarch64-linux-gnu.so[0m
[2.215s] [100%] [32m[1mLinking C shared library rosidl_generator_py/husky_msgs/husky_msgs_s__rosidl_typesupport_introspection_c.cpython-310-aarch64-linux-gnu.so[0m
[2.215s] [100%] [32m[1mLinking C shared library rosidl_generator_py/husky_msgs/husky_msgs_s__rosidl_typesupport_c.cpython-310-aarch64-linux-gnu.so[0m
[2.235s] [100%] Built target husky_msgs__rosidl_typesupport_c__pyext
[2.237s] [100%] Built target husky_msgs__rosidl_typesupport_introspection_c__pyext
[2.241s] [100%] Built target husky_msgs__rosidl_typesupport_fastrtps_c__pyext
[2.246s] Invoked command in '/home/rinav/ros2_ws/src/husky/build/husky_msgs' returned '0': CMAKE_PREFIX_PATH=${CMAKE_PREFIX_PATH}:/opt/ros/humble /usr/bin/cmake --build /home/rinav/ros2_ws/src/husky/build/husky_msgs -- -j8 -l8
[2.247s] Invoking command in '/home/rinav/ros2_ws/src/husky/build/husky_msgs': CMAKE_PREFIX_PATH=${CMAKE_PREFIX_PATH}:/opt/ros/humble /usr/bin/cmake --install /home/rinav/ros2_ws/src/husky/build/husky_msgs
[2.251s] -- Install configuration: ""
[2.251s] -- Installing: /home/rinav/ros2_ws/src/husky/install/husky_msgs/share/ament_index/resource_index/rosidl_interfaces/husky_msgs
[2.251s] -- Installing: /home/rinav/ros2_ws/src/husky/install/husky_msgs/include/husky_msgs/husky_msgs
[2.251s] -- Installing: /home/rinav/ros2_ws/src/husky/install/husky_msgs/include/husky_msgs/husky_msgs/msg
[2.251s] -- Installing: /home/rinav/ros2_ws/src/husky/install/husky_msgs/include/husky_msgs/husky_msgs/msg/detail
[2.251s] -- Installing: /home/rinav/ros2_ws/src/husky/install/husky_msgs/include/husky_msgs/husky_msgs/msg/detail/husky_status__struct.h
[2.251s] -- Installing: /home/rinav/ros2_ws/src/husky/install/husky_msgs/include/husky_msgs/husky_msgs/msg/detail/husky_status__functions.h
[2.251s] -- Installing: /home/rinav/ros2_ws/src/husky/install/husky_msgs/include/husky_msgs/husky_msgs/msg/detail/husky_status__functions.c
[2.251s] -- Installing: /home/rinav/ros2_ws/src/husky/install/husky_msgs/include/husky_msgs/husky_msgs/msg/detail/husky_status__type_support.h
[2.251s] -- Installing: /home/rinav/ros2_ws/src/husky/install/husky_msgs/include/husky_msgs/husky_msgs/msg/rosidl_generator_c__visibility_control.h
[2.251s] -- Installing: /home/rinav/ros2_ws/src/husky/install/husky_msgs/include/husky_msgs/husky_msgs/msg/husky_status.h
[2.251s] -- Installing: /home/rinav/ros2_ws/src/husky/install/husky_msgs/share/husky_msgs/environment/library_path.sh
[2.252s] -- Installing: /home/rinav/ros2_ws/src/husky/install/husky_msgs/share/husky_msgs/environment/library_path.dsv
[2.252s] -- Installing: /home/rinav/ros2_ws/src/husky/install/husky_msgs/lib/libhusky_msgs__rosidl_generator_c.so
[2.252s] -- Set runtime path of "/home/rinav/ros2_ws/src/husky/install/husky_msgs/lib/libhusky_msgs__rosidl_generator_c.so" to ""
[2.252s] -- Up-to-date: /home/rinav/ros2_ws/src/husky/install/husky_msgs/include/husky_msgs/husky_msgs
[2.252s] -- Up-to-date: /home/rinav/ros2_ws/src/husky/install/husky_msgs/include/husky_msgs/husky_msgs/msg
[2.252s] -- Up-to-date: /home/rinav/ros2_ws/src/husky/install/husky_msgs/include/husky_msgs/husky_msgs/msg/detail
[2.252s] -- Installing: /home/rinav/ros2_ws/src/husky/install/husky_msgs/include/husky_msgs/husky_msgs/msg/detail/husky_status__rosidl_typesupport_fastrtps_c.h
[2.252s] -- Installing: /home/rinav/ros2_ws/src/husky/install/husky_msgs/include/husky_msgs/husky_msgs/msg/rosidl_typesupport_fastrtps_c__visibility_control.h
[2.252s] -- Installing: /home/rinav/ros2_ws/src/husky/install/husky_msgs/lib/libhusky_msgs__rosidl_typesupport_fastrtps_c.so
[2.252s] -- Set runtime path of "/home/rinav/ros2_ws/src/husky/install/husky_msgs/lib/libhusky_msgs__rosidl_typesupport_fastrtps_c.so" to ""
[2.252s] -- Up-to-date: /home/rinav/ros2_ws/src/husky/install/husky_msgs/include/husky_msgs/husky_msgs
[2.252s] -- Up-to-date: /home/rinav/ros2_ws/src/husky/install/husky_msgs/include/husky_msgs/husky_msgs/msg
[2.253s] -- Up-to-date: /home/rinav/ros2_ws/src/husky/install/husky_msgs/include/husky_msgs/husky_msgs/msg/detail
[2.253s] -- Installing: /home/rinav/ros2_ws/src/husky/install/husky_msgs/include/husky_msgs/husky_msgs/msg/detail/husky_status__struct.hpp
[2.253s] -- Installing: /home/rinav/ros2_ws/src/husky/install/husky_msgs/include/husky_msgs/husky_msgs/msg/detail/husky_status__builder.hpp
[2.253s] -- Installing: /home/rinav/ros2_ws/src/husky/install/husky_msgs/include/husky_msgs/husky_msgs/msg/detail/husky_status__traits.hpp
[2.253s] -- Installing: /home/rinav/ros2_ws/src/husky/install/husky_msgs/include/husky_msgs/husky_msgs/msg/detail/husky_status__type_support.hpp
[2.253s] -- Installing: /home/rinav/ros2_ws/src/husky/install/husky_msgs/include/husky_msgs/husky_msgs/msg/husky_status.hpp
[2.253s] -- Installing: /home/rinav/ros2_ws/src/husky/install/husky_msgs/include/husky_msgs/husky_msgs/msg/rosidl_generator_cpp__visibility_control.hpp
[2.253s] -- Up-to-date: /home/rinav/ros2_ws/src/husky/install/husky_msgs/include/husky_msgs/husky_msgs
[2.253s] -- Up-to-date: /home/rinav/ros2_ws/src/husky/install/husky_msgs/include/husky_msgs/husky_msgs/msg
[2.253s] -- Up-to-date: /home/rinav/ros2_ws/src/husky/install/husky_msgs/include/husky_msgs/husky_msgs/msg/detail
[2.253s] -- Installing: /home/rinav/ros2_ws/src/husky/install/husky_msgs/include/husky_msgs/husky_msgs/msg/detail/husky_status__rosidl_typesupport_fastrtps_cpp.hpp
[2.253s] -- Installing: /home/rinav/ros2_ws/src/husky/install/husky_msgs/include/husky_msgs/husky_msgs/msg/detail/dds_fastrtps
[2.253s] -- Installing: /home/rinav/ros2_ws/src/husky/install/husky_msgs/include/husky_msgs/husky_msgs/msg/rosidl_typesupport_fastrtps_cpp__visibility_control.h
[2.253s] -- Installing: /home/rinav/ros2_ws/src/husky/install/husky_msgs/lib/libhusky_msgs__rosidl_typesupport_fastrtps_cpp.so
[2.253s] -- Set runtime path of "/home/rinav/ros2_ws/src/husky/install/husky_msgs/lib/libhusky_msgs__rosidl_typesupport_fastrtps_cpp.so" to ""
[2.254s] -- Up-to-date: /home/rinav/ros2_ws/src/husky/install/husky_msgs/include/husky_msgs/husky_msgs
[2.254s] -- Up-to-date: /home/rinav/ros2_ws/src/husky/install/husky_msgs/include/husky_msgs/husky_msgs/msg
[2.254s] -- Up-to-date: /home/rinav/ros2_ws/src/husky/install/husky_msgs/include/husky_msgs/husky_msgs/msg/detail
[2.254s] -- Installing: /home/rinav/ros2_ws/src/husky/install/husky_msgs/include/husky_msgs/husky_msgs/msg/detail/husky_status__type_support.c
[2.254s] -- Installing: /home/rinav/ros2_ws/src/husky/install/husky_msgs/include/husky_msgs/husky_msgs/msg/detail/husky_status__rosidl_typesupport_introspection_c.h
[2.254s] -- Installing: /home/rinav/ros2_ws/src/husky/install/husky_msgs/include/husky_msgs/husky_msgs/msg/rosidl_typesupport_introspection_c__visibility_control.h
[2.254s] -- Installing: /home/rinav/ros2_ws/src/husky/install/husky_msgs/lib/libhusky_msgs__rosidl_typesupport_introspection_c.so
[2.254s] -- Set runtime path of "/home/rinav/ros2_ws/src/husky/install/husky_msgs/lib/libhusky_msgs__rosidl_typesupport_introspection_c.so" to ""
[2.254s] -- Installing: /home/rinav/ros2_ws/src/husky/install/husky_msgs/lib/libhusky_msgs__rosidl_typesupport_c.so
[2.254s] -- Set runtime path of "/home/rinav/ros2_ws/src/husky/install/husky_msgs/lib/libhusky_msgs__rosidl_typesupport_c.so" to ""
[2.254s] -- Up-to-date: /home/rinav/ros2_ws/src/husky/install/husky_msgs/include/husky_msgs/husky_msgs
[2.254s] -- Up-to-date: /home/rinav/ros2_ws/src/husky/install/husky_msgs/include/husky_msgs/husky_msgs/msg
[2.254s] -- Up-to-date: /home/rinav/ros2_ws/src/husky/install/husky_msgs/include/husky_msgs/husky_msgs/msg/detail
[2.254s] -- Installing: /home/rinav/ros2_ws/src/husky/install/husky_msgs/include/husky_msgs/husky_msgs/msg/detail/husky_status__rosidl_typesupport_introspection_cpp.hpp
[2.254s] -- Installing: /home/rinav/ros2_ws/src/husky/install/husky_msgs/include/husky_msgs/husky_msgs/msg/detail/husky_status__type_support.cpp
[2.254s] -- Installing: /home/rinav/ros2_ws/src/husky/install/husky_msgs/lib/libhusky_msgs__rosidl_typesupport_introspection_cpp.so
[2.254s] -- Set runtime path of "/home/rinav/ros2_ws/src/husky/install/husky_msgs/lib/libhusky_msgs__rosidl_typesupport_introspection_cpp.so" to ""
[2.254s] -- Installing: /home/rinav/ros2_ws/src/husky/install/husky_msgs/lib/libhusky_msgs__rosidl_typesupport_cpp.so
[2.254s] -- Set runtime path of "/home/rinav/ros2_ws/src/husky/install/husky_msgs/lib/libhusky_msgs__rosidl_typesupport_cpp.so" to ""
[2.254s] -- Installing: /home/rinav/ros2_ws/src/husky/install/husky_msgs/share/husky_msgs/environment/pythonpath.sh
[2.255s] -- Installing: /home/rinav/ros2_ws/src/husky/install/husky_msgs/share/husky_msgs/environment/pythonpath.dsv
[2.255s] -- Installing: /home/rinav/ros2_ws/src/husky/install/husky_msgs/local/lib/python3.10/dist-packages/husky_msgs-1.0.8-py3.10.egg-info
[2.255s] -- Installing: /home/rinav/ros2_ws/src/husky/install/husky_msgs/local/lib/python3.10/dist-packages/husky_msgs-1.0.8-py3.10.egg-info/dependency_links.txt
[2.255s] -- Installing: /home/rinav/ros2_ws/src/husky/install/husky_msgs/local/lib/python3.10/dist-packages/husky_msgs-1.0.8-py3.10.egg-info/PKG-INFO
[2.255s] -- Installing: /home/rinav/ros2_ws/src/husky/install/husky_msgs/local/lib/python3.10/dist-packages/husky_msgs-1.0.8-py3.10.egg-info/top_level.txt
[2.255s] -- Installing: /home/rinav/ros2_ws/src/husky/install/husky_msgs/local/lib/python3.10/dist-packages/husky_msgs-1.0.8-py3.10.egg-info/SOURCES.txt
[2.255s] -- Installing: /home/rinav/ros2_ws/src/husky/install/husky_msgs/local/lib/python3.10/dist-packages/husky_msgs
[2.255s] -- Installing: /home/rinav/ros2_ws/src/husky/install/husky_msgs/local/lib/python3.10/dist-packages/husky_msgs/_husky_msgs_s.ep.rosidl_typesupport_c.c
[2.255s] -- Installing: /home/rinav/ros2_ws/src/husky/install/husky_msgs/local/lib/python3.10/dist-packages/husky_msgs/_husky_msgs_s.ep.rosidl_typesupport_introspection_c.c
[2.255s] -- Installing: /home/rinav/ros2_ws/src/husky/install/husky_msgs/local/lib/python3.10/dist-packages/husky_msgs/husky_msgs_s__rosidl_typesupport_introspection_c.cpython-310-aarch64-linux-gnu.so
[2.255s] -- Installing: /home/rinav/ros2_ws/src/husky/install/husky_msgs/local/lib/python3.10/dist-packages/husky_msgs/msg
[2.255s] -- Installing: /home/rinav/ros2_ws/src/husky/install/husky_msgs/local/lib/python3.10/dist-packages/husky_msgs/msg/_husky_status_s.c
[2.255s] -- Installing: /home/rinav/ros2_ws/src/husky/install/husky_msgs/local/lib/python3.10/dist-packages/husky_msgs/msg/_husky_status.py
[2.255s] -- Installing: /home/rinav/ros2_ws/src/husky/install/husky_msgs/local/lib/python3.10/dist-packages/husky_msgs/msg/__init__.py
[2.255s] -- Installing: /home/rinav/ros2_ws/src/husky/install/husky_msgs/local/lib/python3.10/dist-packages/husky_msgs/husky_msgs_s__rosidl_typesupport_fastrtps_c.cpython-310-aarch64-linux-gnu.so
[2.256s] -- Installing: /home/rinav/ros2_ws/src/husky/install/husky_msgs/local/lib/python3.10/dist-packages/husky_msgs/libhusky_msgs__rosidl_generator_py.so
[2.256s] -- Installing: /home/rinav/ros2_ws/src/husky/install/husky_msgs/local/lib/python3.10/dist-packages/husky_msgs/__init__.py
[2.256s] -- Installing: /home/rinav/ros2_ws/src/husky/install/husky_msgs/local/lib/python3.10/dist-packages/husky_msgs/_husky_msgs_s.ep.rosidl_typesupport_fastrtps_c.c
[2.256s] -- Installing: /home/rinav/ros2_ws/src/husky/install/husky_msgs/local/lib/python3.10/dist-packages/husky_msgs/husky_msgs_s__rosidl_typesupport_c.cpython-310-aarch64-linux-gnu.so
[2.274s] Listing '/home/rinav/ros2_ws/src/husky/install/husky_msgs/local/lib/python3.10/dist-packages/husky_msgs'...
[2.275s] Compiling '/home/rinav/ros2_ws/src/husky/install/husky_msgs/local/lib/python3.10/dist-packages/husky_msgs/__init__.py'...
[2.275s] Listing '/home/rinav/ros2_ws/src/husky/install/husky_msgs/local/lib/python3.10/dist-packages/husky_msgs/msg'...
[2.275s] Compiling '/home/rinav/ros2_ws/src/husky/install/husky_msgs/local/lib/python3.10/dist-packages/husky_msgs/msg/__init__.py'...
[2.275s] Compiling '/home/rinav/ros2_ws/src/husky/install/husky_msgs/local/lib/python3.10/dist-packages/husky_msgs/msg/_husky_status.py'...
[2.277s] -- Installing: /home/rinav/ros2_ws/src/husky/install/husky_msgs/local/lib/python3.10/dist-packages/husky_msgs/husky_msgs_s__rosidl_typesupport_fastrtps_c.cpython-310-aarch64-linux-gnu.so
[2.277s] -- Set runtime path of "/home/rinav/ros2_ws/src/husky/install/husky_msgs/local/lib/python3.10/dist-packages/husky_msgs/husky_msgs_s__rosidl_typesupport_fastrtps_c.cpython-310-aarch64-linux-gnu.so" to ""
[2.277s] -- Installing: /home/rinav/ros2_ws/src/husky/install/husky_msgs/local/lib/python3.10/dist-packages/husky_msgs/husky_msgs_s__rosidl_typesupport_introspection_c.cpython-310-aarch64-linux-gnu.so
[2.278s] -- Set runtime path of "/home/rinav/ros2_ws/src/husky/install/husky_msgs/local/lib/python3.10/dist-packages/husky_msgs/husky_msgs_s__rosidl_typesupport_introspection_c.cpython-310-aarch64-linux-gnu.so" to ""
[2.278s] -- Installing: /home/rinav/ros2_ws/src/husky/install/husky_msgs/local/lib/python3.10/dist-packages/husky_msgs/husky_msgs_s__rosidl_typesupport_c.cpython-310-aarch64-linux-gnu.so
[2.278s] -- Set runtime path of "/home/rinav/ros2_ws/src/husky/install/husky_msgs/local/lib/python3.10/dist-packages/husky_msgs/husky_msgs_s__rosidl_typesupport_c.cpython-310-aarch64-linux-gnu.so" to ""
[2.278s] -- Installing: /home/rinav/ros2_ws/src/husky/install/husky_msgs/lib/libhusky_msgs__rosidl_generator_py.so
[2.278s] -- Set runtime path of "/home/rinav/ros2_ws/src/husky/install/husky_msgs/lib/libhusky_msgs__rosidl_generator_py.so" to ""
[2.278s] -- Installing: /home/rinav/ros2_ws/src/husky/install/husky_msgs/share/husky_msgs/msg/HuskyStatus.idl
[2.278s] -- Installing: /home/rinav/ros2_ws/src/husky/install/husky_msgs/share/husky_msgs/msg/HuskyStatus.msg
[2.278s] -- Installing: /home/rinav/ros2_ws/src/husky/install/husky_msgs/share/ament_index/resource_index/package_run_dependencies/husky_msgs
[2.278s] -- Installing: /home/rinav/ros2_ws/src/husky/install/husky_msgs/share/ament_index/resource_index/parent_prefix_path/husky_msgs
[2.279s] -- Installing: /home/rinav/ros2_ws/src/husky/install/husky_msgs/share/husky_msgs/environment/ament_prefix_path.sh
[2.279s] -- Installing: /home/rinav/ros2_ws/src/husky/install/husky_msgs/share/husky_msgs/environment/ament_prefix_path.dsv
[2.279s] -- Installing: /home/rinav/ros2_ws/src/husky/install/husky_msgs/share/husky_msgs/environment/path.sh
[2.279s] -- Installing: /home/rinav/ros2_ws/src/husky/install/husky_msgs/share/husky_msgs/environment/path.dsv
[2.279s] -- Installing: /home/rinav/ros2_ws/src/husky/install/husky_msgs/share/husky_msgs/local_setup.bash
[2.279s] -- Installing: /home/rinav/ros2_ws/src/husky/install/husky_msgs/share/husky_msgs/local_setup.sh
[2.279s] -- Installing: /home/rinav/ros2_ws/src/husky/install/husky_msgs/share/husky_msgs/local_setup.zsh
[2.279s] -- Installing: /home/rinav/ros2_ws/src/husky/install/husky_msgs/share/husky_msgs/local_setup.dsv
[2.279s] -- Installing: /home/rinav/ros2_ws/src/husky/install/husky_msgs/share/husky_msgs/package.dsv
[2.279s] -- Installing: /home/rinav/ros2_ws/src/husky/install/husky_msgs/share/ament_index/resource_index/packages/husky_msgs
[2.279s] -- Installing: /home/rinav/ros2_ws/src/husky/install/husky_msgs/share/husky_msgs/cmake/export_husky_msgs__rosidl_generator_cExport.cmake
[2.279s] -- Installing: /home/rinav/ros2_ws/src/husky/install/husky_msgs/share/husky_msgs/cmake/export_husky_msgs__rosidl_generator_cExport-noconfig.cmake
[2.279s] -- Installing: /home/rinav/ros2_ws/src/husky/install/husky_msgs/share/husky_msgs/cmake/export_husky_msgs__rosidl_typesupport_fastrtps_cExport.cmake
[2.279s] -- Installing: /home/rinav/ros2_ws/src/husky/install/husky_msgs/share/husky_msgs/cmake/export_husky_msgs__rosidl_typesupport_fastrtps_cExport-noconfig.cmake
[2.279s] -- Installing: /home/rinav/ros2_ws/src/husky/install/husky_msgs/share/husky_msgs/cmake/export_husky_msgs__rosidl_generator_cppExport.cmake
[2.279s] -- Installing: /home/rinav/ros2_ws/src/husky/install/husky_msgs/share/husky_msgs/cmake/export_husky_msgs__rosidl_typesupport_fastrtps_cppExport.cmake
[2.280s] -- Installing: /home/rinav/ros2_ws/src/husky/install/husky_msgs/share/husky_msgs/cmake/export_husky_msgs__rosidl_typesupport_fastrtps_cppExport-noconfig.cmake
[2.280s] -- Installing: /home/rinav/ros2_ws/src/husky/install/husky_msgs/share/husky_msgs/cmake/husky_msgs__rosidl_typesupport_introspection_cExport.cmake
[2.280s] -- Installing: /home/rinav/ros2_ws/src/husky/install/husky_msgs/share/husky_msgs/cmake/husky_msgs__rosidl_typesupport_introspection_cExport-noconfig.cmake
[2.280s] -- Installing: /home/rinav/ros2_ws/src/husky/install/husky_msgs/share/husky_msgs/cmake/husky_msgs__rosidl_typesupport_cExport.cmake
[2.280s] -- Installing: /home/rinav/ros2_ws/src/husky/install/husky_msgs/share/husky_msgs/cmake/husky_msgs__rosidl_typesupport_cExport-noconfig.cmake
[2.280s] -- Installing: /home/rinav/ros2_ws/src/husky/install/husky_msgs/share/husky_msgs/cmake/husky_msgs__rosidl_typesupport_introspection_cppExport.cmake
[2.280s] -- Installing: /home/rinav/ros2_ws/src/husky/install/husky_msgs/share/husky_msgs/cmake/husky_msgs__rosidl_typesupport_introspection_cppExport-noconfig.cmake
[2.280s] -- Installing: /home/rinav/ros2_ws/src/husky/install/husky_msgs/share/husky_msgs/cmake/husky_msgs__rosidl_typesupport_cppExport.cmake
[2.280s] -- Installing: /home/rinav/ros2_ws/src/husky/install/husky_msgs/share/husky_msgs/cmake/husky_msgs__rosidl_typesupport_cppExport-noconfig.cmake
[2.280s] -- Installing: /home/rinav/ros2_ws/src/husky/install/husky_msgs/share/husky_msgs/cmake/export_husky_msgs__rosidl_generator_pyExport.cmake
[2.280s] -- Installing: /home/rinav/ros2_ws/src/husky/install/husky_msgs/share/husky_msgs/cmake/export_husky_msgs__rosidl_generator_pyExport-noconfig.cmake
[2.280s] -- Installing: /home/rinav/ros2_ws/src/husky/install/husky_msgs/share/husky_msgs/cmake/rosidl_cmake-extras.cmake
[2.280s] -- Installing: /home/rinav/ros2_ws/src/husky/install/husky_msgs/share/husky_msgs/cmake/ament_cmake_export_dependencies-extras.cmake
[2.281s] -- Installing: /home/rinav/ros2_ws/src/husky/install/husky_msgs/share/husky_msgs/cmake/ament_cmake_export_include_directories-extras.cmake
[2.281s] -- Installing: /home/rinav/ros2_ws/src/husky/install/husky_msgs/share/husky_msgs/cmake/ament_cmake_export_libraries-extras.cmake
[2.281s] -- Installing: /home/rinav/ros2_ws/src/husky/install/husky_msgs/share/husky_msgs/cmake/ament_cmake_export_targets-extras.cmake
[2.281s] -- Installing: /home/rinav/ros2_ws/src/husky/install/husky_msgs/share/husky_msgs/cmake/rosidl_cmake_export_typesupport_targets-extras.cmake
[2.281s] -- Installing: /home/rinav/ros2_ws/src/husky/install/husky_msgs/share/husky_msgs/cmake/rosidl_cmake_export_typesupport_libraries-extras.cmake
[2.281s] -- Installing: /home/rinav/ros2_ws/src/husky/install/husky_msgs/share/husky_msgs/cmake/husky_msgsConfig.cmake
[2.281s] -- Installing: /home/rinav/ros2_ws/src/husky/install/husky_msgs/share/husky_msgs/cmake/husky_msgsConfig-version.cmake
[2.281s] -- Installing: /home/rinav/ros2_ws/src/husky/install/husky_msgs/share/husky_msgs/package.xml
[2.282s] Invoked command in '/home/rinav/ros2_ws/src/husky/build/husky_msgs' returned '0': CMAKE_PREFIX_PATH=${CMAKE_PREFIX_PATH}:/opt/ros/humble /usr/bin/cmake --install /home/rinav/ros2_ws/src/husky/build/husky_msgs
