[0.059s] Invoking command in '/home/rinav/ros2_ws/build/rviz_rendering': CMAKE_PREFIX_PATH=/home/rinav/ros2_ws/install/rviz_ogre_vendor:/home/rinav/ros2_ws/install/rviz_assimp_vendor:/home/rinav/ros2_ws/install/ur:/home/rinav/ros2_ws/install/ur_calibration:/home/rinav/ros2_ws/install/ur_robot_driver:/home/rinav/ros2_ws/install/ur_moveit_config:/home/rinav/ros2_ws/install/ur_bringup:/home/rinav/ros2_ws/install/ur_description:/home/rinav/ros2_ws/install/ur_controllers:/home/rinav/ros2_ws/install/ur_dashboard_msgs:/home/rinav/ros2_ws/install/turtlesim:/home/rinav/ros2_ws/install/srdfdom:/home/rinav/ros2_ws/install/rviz_visual_testing_framework:/home/rinav/ros2_ws/install/rviz_rendering_tests:/home/rinav/ros2_ws/install/husky_desktop:/home/rinav/ros2_ws/install/husky_viz:/home/rinav/ros2_ws/install/husky_ur3_moveit_config:/home/rinav/ros2_ws/install/rviz2:/home/rinav/ros2_ws/install/rviz_default_plugins:/home/rinav/ros2_ws/install/rviz_common:/home/rinav/ros2_ws/install/rviz_rendering:/home/rinav/ros2_ws/install/rosparam_shortcuts:/home/rinav/ros2_ws/install/robotis_manipulator:/home/rinav/ros2_ws/install/husky_ur3_ignition:/home/rinav/ros2_ws/install/husky_simulator:/home/rinav/ros2_ws/install/husky_robot:/home/rinav/ros2_ws/install/husky_bringup:/home/rinav/ros2_ws/install/husky_base:/home/rinav/ros2_ws/install/husky_msgs:/home/rinav/ros2_ws/install/husky_gazebo:/home/rinav/ros2_ws/install/husky_control:/home/rinav/ros2_ws/install/husky_description:/home/rinav/ros2_ws/src/rviz/install:/opt/ros/humble:/home/rinav/ros2_ws/install/trial_package:/home/rinav/ros2_ws/install/py_srvcli:/home/rinav/ros2_ws/install/py_pubsub:/home/rinav/ros2_ws/install/mobile_robotics:/home/rinav/ros2_ws/install/launch_param_builder /usr/bin/cmake --build /home/rinav/ros2_ws/build/rviz_rendering -- -j8 -l8
[0.122s] [  3%] Built target gmock_main
[0.135s] [  8%] Built target gmock
[0.141s] [ 59%] Built target rviz_rendering
[0.165s] [ 62%] Built target string_helper_test
[0.180s] [ 67%] Built target rviz_rendering_test_utils
[0.246s] [ 70%] Built target billboard_line_test_target
[0.246s] [ 74%] Built target covariance_visual_test_target
[0.248s] [ 77%] Built target point_cloud_renderable_test_target
[0.264s] [ 80%] Built target effort_visual_test_target
[0.264s] [ 83%] Built target movable_text_test_target
[0.264s] [ 87%] Built target point_cloud_test_target
[0.264s] [ 90%] Built target grid_test_target
[0.264s] [ 93%] Built target line_test_target
[0.285s] [ 96%] Built target screw_visual_test_target
[0.286s] [100%] Built target wrench_visual_test_target
[0.507s] Invoked command in '/home/rinav/ros2_ws/build/rviz_rendering' returned '0': CMAKE_PREFIX_PATH=/home/rinav/ros2_ws/install/rviz_ogre_vendor:/home/rinav/ros2_ws/install/rviz_assimp_vendor:/home/rinav/ros2_ws/install/ur:/home/rinav/ros2_ws/install/ur_calibration:/home/rinav/ros2_ws/install/ur_robot_driver:/home/rinav/ros2_ws/install/ur_moveit_config:/home/rinav/ros2_ws/install/ur_bringup:/home/rinav/ros2_ws/install/ur_description:/home/rinav/ros2_ws/install/ur_controllers:/home/rinav/ros2_ws/install/ur_dashboard_msgs:/home/rinav/ros2_ws/install/turtlesim:/home/rinav/ros2_ws/install/srdfdom:/home/rinav/ros2_ws/install/rviz_visual_testing_framework:/home/rinav/ros2_ws/install/rviz_rendering_tests:/home/rinav/ros2_ws/install/husky_desktop:/home/rinav/ros2_ws/install/husky_viz:/home/rinav/ros2_ws/install/husky_ur3_moveit_config:/home/rinav/ros2_ws/install/rviz2:/home/rinav/ros2_ws/install/rviz_default_plugins:/home/rinav/ros2_ws/install/rviz_common:/home/rinav/ros2_ws/install/rviz_rendering:/home/rinav/ros2_ws/install/rosparam_shortcuts:/home/rinav/ros2_ws/install/robotis_manipulator:/home/rinav/ros2_ws/install/husky_ur3_ignition:/home/rinav/ros2_ws/install/husky_simulator:/home/rinav/ros2_ws/install/husky_robot:/home/rinav/ros2_ws/install/husky_bringup:/home/rinav/ros2_ws/install/husky_base:/home/rinav/ros2_ws/install/husky_msgs:/home/rinav/ros2_ws/install/husky_gazebo:/home/rinav/ros2_ws/install/husky_control:/home/rinav/ros2_ws/install/husky_description:/home/rinav/ros2_ws/src/rviz/install:/opt/ros/humble:/home/rinav/ros2_ws/install/trial_package:/home/rinav/ros2_ws/install/py_srvcli:/home/rinav/ros2_ws/install/py_pubsub:/home/rinav/ros2_ws/install/mobile_robotics:/home/rinav/ros2_ws/install/launch_param_builder /usr/bin/cmake --build /home/rinav/ros2_ws/build/rviz_rendering -- -j8 -l8
[0.507s] Invoking command in '/home/rinav/ros2_ws/build/rviz_rendering': CMAKE_PREFIX_PATH=/home/rinav/ros2_ws/install/rviz_ogre_vendor:/home/rinav/ros2_ws/install/rviz_assimp_vendor:/home/rinav/ros2_ws/install/ur:/home/rinav/ros2_ws/install/ur_calibration:/home/rinav/ros2_ws/install/ur_robot_driver:/home/rinav/ros2_ws/install/ur_moveit_config:/home/rinav/ros2_ws/install/ur_bringup:/home/rinav/ros2_ws/install/ur_description:/home/rinav/ros2_ws/install/ur_controllers:/home/rinav/ros2_ws/install/ur_dashboard_msgs:/home/rinav/ros2_ws/install/turtlesim:/home/rinav/ros2_ws/install/srdfdom:/home/rinav/ros2_ws/install/rviz_visual_testing_framework:/home/rinav/ros2_ws/install/rviz_rendering_tests:/home/rinav/ros2_ws/install/husky_desktop:/home/rinav/ros2_ws/install/husky_viz:/home/rinav/ros2_ws/install/husky_ur3_moveit_config:/home/rinav/ros2_ws/install/rviz2:/home/rinav/ros2_ws/install/rviz_default_plugins:/home/rinav/ros2_ws/install/rviz_common:/home/rinav/ros2_ws/install/rviz_rendering:/home/rinav/ros2_ws/install/rosparam_shortcuts:/home/rinav/ros2_ws/install/robotis_manipulator:/home/rinav/ros2_ws/install/husky_ur3_ignition:/home/rinav/ros2_ws/install/husky_simulator:/home/rinav/ros2_ws/install/husky_robot:/home/rinav/ros2_ws/install/husky_bringup:/home/rinav/ros2_ws/install/husky_base:/home/rinav/ros2_ws/install/husky_msgs:/home/rinav/ros2_ws/install/husky_gazebo:/home/rinav/ros2_ws/install/husky_control:/home/rinav/ros2_ws/install/husky_description:/home/rinav/ros2_ws/src/rviz/install:/opt/ros/humble:/home/rinav/ros2_ws/install/trial_package:/home/rinav/ros2_ws/install/py_srvcli:/home/rinav/ros2_ws/install/py_pubsub:/home/rinav/ros2_ws/install/mobile_robotics:/home/rinav/ros2_ws/install/launch_param_builder /usr/bin/cmake --install /home/rinav/ros2_ws/build/rviz_rendering
[0.530s] -- Install configuration: ""
[0.530s] -- Up-to-date: /home/rinav/ros2_ws/install/rviz_rendering/share/rviz_rendering/environment/library_path.sh
[0.531s] -- Up-to-date: /home/rinav/ros2_ws/install/rviz_rendering/share/rviz_rendering/environment/library_path.dsv
[0.531s] -- Up-to-date: /home/rinav/ros2_ws/install/rviz_rendering/lib/librviz_rendering.so
[0.531s] -- Up-to-date: /home/rinav/ros2_ws/install/rviz_rendering/include/rviz_rendering
[0.531s] -- Up-to-date: /home/rinav/ros2_ws/install/rviz_rendering/include/rviz_rendering/rviz_rendering
[0.531s] -- Up-to-date: /home/rinav/ros2_ws/install/rviz_rendering/include/rviz_rendering/rviz_rendering/logging.hpp
[0.531s] -- Up-to-date: /home/rinav/ros2_ws/install/rviz_rendering/include/rviz_rendering/rviz_rendering/resource_config.hpp
[0.531s] -- Up-to-date: /home/rinav/ros2_ws/install/rviz_rendering/include/rviz_rendering/rviz_rendering/apply_visibility_bits.hpp
[0.531s] -- Up-to-date: /home/rinav/ros2_ws/install/rviz_rendering/include/rviz_rendering/rviz_rendering/render_window.hpp
[0.531s] -- Up-to-date: /home/rinav/ros2_ws/install/rviz_rendering/include/rviz_rendering/rviz_rendering/orthographic.hpp
[0.531s] -- Up-to-date: /home/rinav/ros2_ws/install/rviz_rendering/include/rviz_rendering/rviz_rendering/rviz_rendering.hpp
[0.531s] -- Up-to-date: /home/rinav/ros2_ws/install/rviz_rendering/include/rviz_rendering/rviz_rendering/custom_parameter_indices.hpp
[0.531s] -- Up-to-date: /home/rinav/ros2_ws/install/rviz_rendering/include/rviz_rendering/rviz_rendering/mesh_loader.hpp
[0.532s] -- Up-to-date: /home/rinav/ros2_ws/install/rviz_rendering/include/rviz_rendering/rviz_rendering/objects
[0.532s] -- Up-to-date: /home/rinav/ros2_ws/install/rviz_rendering/include/rviz_rendering/rviz_rendering/objects/movable_text.hpp
[0.532s] -- Up-to-date: /home/rinav/ros2_ws/install/rviz_rendering/include/rviz_rendering/rviz_rendering/objects/line.hpp
[0.532s] -- Up-to-date: /home/rinav/ros2_ws/install/rviz_rendering/include/rviz_rendering/rviz_rendering/objects/point_cloud.hpp
[0.532s] -- Up-to-date: /home/rinav/ros2_ws/install/rviz_rendering/include/rviz_rendering/rviz_rendering/objects/covariance_visual.hpp
[0.532s] -- Up-to-date: /home/rinav/ros2_ws/install/rviz_rendering/include/rviz_rendering/rviz_rendering/objects/axes.hpp
[0.532s] -- Up-to-date: /home/rinav/ros2_ws/install/rviz_rendering/include/rviz_rendering/rviz_rendering/objects/grid.hpp
[0.533s] -- Up-to-date: /home/rinav/ros2_ws/install/rviz_rendering/include/rviz_rendering/rviz_rendering/objects/object.hpp
[0.533s] -- Up-to-date: /home/rinav/ros2_ws/install/rviz_rendering/include/rviz_rendering/rviz_rendering/objects/point_cloud_renderable.hpp
[0.533s] -- Up-to-date: /home/rinav/ros2_ws/install/rviz_rendering/include/rviz_rendering/rviz_rendering/objects/arrow.hpp
[0.533s] -- Up-to-date: /home/rinav/ros2_ws/install/rviz_rendering/include/rviz_rendering/rviz_rendering/objects/wrench_visual.hpp
[0.533s] -- Up-to-date: /home/rinav/ros2_ws/install/rviz_rendering/include/rviz_rendering/rviz_rendering/objects/screw_visual.hpp
[0.533s] -- Up-to-date: /home/rinav/ros2_ws/install/rviz_rendering/include/rviz_rendering/rviz_rendering/objects/shape.hpp
[0.533s] -- Up-to-date: /home/rinav/ros2_ws/install/rviz_rendering/include/rviz_rendering/rviz_rendering/objects/effort_visual.hpp
[0.533s] -- Up-to-date: /home/rinav/ros2_ws/install/rviz_rendering/include/rviz_rendering/rviz_rendering/objects/billboard_line.hpp
[0.533s] -- Up-to-date: /home/rinav/ros2_ws/install/rviz_rendering/include/rviz_rendering/rviz_rendering/material_manager.hpp
[0.533s] -- Up-to-date: /home/rinav/ros2_ws/install/rviz_rendering/include/rviz_rendering/rviz_rendering/geometry.hpp
[0.534s] -- Up-to-date: /home/rinav/ros2_ws/install/rviz_rendering/include/rviz_rendering/rviz_rendering/ogre_logging.hpp
[0.534s] -- Up-to-date: /home/rinav/ros2_ws/install/rviz_rendering/include/rviz_rendering/rviz_rendering/logging_handler.hpp
[0.534s] -- Up-to-date: /home/rinav/ros2_ws/install/rviz_rendering/include/rviz_rendering/rviz_rendering/visibility_control.hpp
[0.534s] -- Up-to-date: /home/rinav/ros2_ws/install/rviz_rendering/include/rviz_rendering/rviz_rendering/viewport_projection_finder.hpp
[0.534s] -- Up-to-date: /home/rinav/ros2_ws/install/rviz_rendering/include/rviz_rendering/rviz_rendering/render_system.hpp
[0.534s] -- Up-to-date: /home/rinav/ros2_ws/install/rviz_rendering/share/rviz_rendering/cmake
[0.535s] -- Up-to-date: /home/rinav/ros2_ws/install/rviz_rendering/share/rviz_rendering/cmake/register_rviz_ogre_media_exports.cmake
[0.535s] -- Up-to-date: /home/rinav/ros2_ws/install/rviz_rendering/share/rviz_rendering/cmake/register_rviz_ogre_media_exports_hook-extras.cmake
[0.535s] -- Up-to-date: /home/rinav/ros2_ws/install/rviz_rendering/share/rviz_rendering/cmake/register_rviz_ogre_media_exports_hook.cmake
[0.535s] -- Up-to-date: /home/rinav/ros2_ws/install/rviz_rendering/share/rviz_rendering/ogre_media
[0.535s] -- Up-to-date: /home/rinav/ros2_ws/install/rviz_rendering/share/rviz_rendering/ogre_media/materials
[0.535s] -- Up-to-date: /home/rinav/ros2_ws/install/rviz_rendering/share/rviz_rendering/ogre_media/materials/glsl150
[0.535s] -- Up-to-date: /home/rinav/ros2_ws/install/rviz_rendering/share/rviz_rendering/ogre_media/materials/glsl150/billboard.geom
[0.535s] -- Up-to-date: /home/rinav/ros2_ws/install/rviz_rendering/share/rviz_rendering/ogre_media/materials/glsl150/pass_pos_color.vert
[0.535s] -- Up-to-date: /home/rinav/ros2_ws/install/rviz_rendering/share/rviz_rendering/ogre_media/materials/glsl150/box.geom
[0.535s] -- Up-to-date: /home/rinav/ros2_ws/install/rviz_rendering/share/rviz_rendering/ogre_media/materials/glsl150/glsl150.program
[0.535s] -- Up-to-date: /home/rinav/ros2_ws/install/rviz_rendering/share/rviz_rendering/ogre_media/materials/scripts
[0.536s] -- Up-to-date: /home/rinav/ros2_ws/install/rviz_rendering/share/rviz_rendering/ogre_media/materials/scripts/point_cloud_tile.material
[0.536s] -- Up-to-date: /home/rinav/ros2_ws/install/rviz_rendering/share/rviz_rendering/ogre_media/materials/scripts/default_pick_and_depth.material
[0.536s] -- Up-to-date: /home/rinav/ros2_ws/install/rviz_rendering/share/rviz_rendering/ogre_media/materials/scripts/point_cloud_point.material
[0.536s] -- Up-to-date: /home/rinav/ros2_ws/install/rviz_rendering/share/rviz_rendering/ogre_media/materials/scripts/indexed_8bit_image.material
[0.536s] -- Up-to-date: /home/rinav/ros2_ws/install/rviz_rendering/share/rviz_rendering/ogre_media/materials/glsl120
[0.536s] -- Up-to-date: /home/rinav/ros2_ws/install/rviz_rendering/share/rviz_rendering/ogre_media/materials/glsl120/pickcolor_circle.frag
[0.536s] -- Up-to-date: /home/rinav/ros2_ws/install/rviz_rendering/share/rviz_rendering/ogre_media/materials/glsl120/indexed_8bit_image.frag
[0.536s] -- Up-to-date: /home/rinav/ros2_ws/install/rviz_rendering/share/rviz_rendering/ogre_media/materials/glsl120/include
[0.536s] -- Up-to-date: /home/rinav/ros2_ws/install/rviz_rendering/share/rviz_rendering/ogre_media/materials/glsl120/include/circle_impl.frag
[0.536s] -- Up-to-date: /home/rinav/ros2_ws/install/rviz_rendering/share/rviz_rendering/ogre_media/materials/glsl120/include/pack_depth.frag
[0.536s] -- Up-to-date: /home/rinav/ros2_ws/install/rviz_rendering/share/rviz_rendering/ogre_media/materials/glsl120/include/pass_depth.vert
[0.536s] -- Up-to-date: /home/rinav/ros2_ws/install/rviz_rendering/share/rviz_rendering/ogre_media/materials/glsl120/shaded_circle.frag
[0.536s] -- Up-to-date: /home/rinav/ros2_ws/install/rviz_rendering/share/rviz_rendering/ogre_media/materials/glsl120/point.vert
[0.536s] -- Up-to-date: /home/rinav/ros2_ws/install/rviz_rendering/share/rviz_rendering/ogre_media/materials/glsl120/pass_color.frag
[0.536s] -- Up-to-date: /home/rinav/ros2_ws/install/rviz_rendering/share/rviz_rendering/ogre_media/materials/glsl120/test_glsl.sh
[0.536s] -- Up-to-date: /home/rinav/ros2_ws/install/rviz_rendering/share/rviz_rendering/ogre_media/materials/glsl120/depth_circle.frag
[0.536s] -- Up-to-date: /home/rinav/ros2_ws/install/rviz_rendering/share/rviz_rendering/ogre_media/materials/glsl120/pickcolor.frag
[0.536s] -- Up-to-date: /home/rinav/ros2_ws/install/rviz_rendering/share/rviz_rendering/ogre_media/materials/glsl120/flat_color_circle.frag
[0.536s] -- Up-to-date: /home/rinav/ros2_ws/install/rviz_rendering/share/rviz_rendering/ogre_media/materials/glsl120/glsl120.program
[0.536s] -- Up-to-date: /home/rinav/ros2_ws/install/rviz_rendering/share/rviz_rendering/ogre_media/materials/glsl120/pass_color_circle.frag
[0.536s] -- Up-to-date: /home/rinav/ros2_ws/install/rviz_rendering/share/rviz_rendering/ogre_media/materials/glsl120/indexed_8bit_image.vert
[0.537s] -- Up-to-date: /home/rinav/ros2_ws/install/rviz_rendering/share/rviz_rendering/ogre_media/materials/glsl120/depth.frag
[0.537s] -- Up-to-date: /home/rinav/ros2_ws/install/rviz_rendering/share/rviz_rendering/ogre_media/materials/glsl120/flat_color.frag
[0.537s] -- Up-to-date: /home/rinav/ros2_ws/install/rviz_rendering/share/rviz_rendering/ogre_media/materials/glsl120/smooth_square.frag
[0.537s] -- Up-to-date: /home/rinav/ros2_ws/install/rviz_rendering/share/rviz_rendering/ogre_media/materials/glsl120/nogp
[0.537s] -- Up-to-date: /home/rinav/ros2_ws/install/rviz_rendering/share/rviz_rendering/ogre_media/materials/glsl120/nogp/billboard_tile.vert
[0.537s] -- Up-to-date: /home/rinav/ros2_ws/install/rviz_rendering/share/rviz_rendering/ogre_media/materials/glsl120/nogp/box.vert
[0.537s] -- Up-to-date: /home/rinav/ros2_ws/install/rviz_rendering/share/rviz_rendering/ogre_media/materials/glsl120/nogp/nogp.program
[0.537s] -- Up-to-date: /home/rinav/ros2_ws/install/rviz_rendering/share/rviz_rendering/ogre_media/materials/glsl120/nogp/billboard.vert
[0.537s] -- Up-to-date: /home/rinav/ros2_ws/install/rviz_rendering/share/rviz_rendering/ogre_media/materials/glsl120/nogp/box.frag
[0.537s] -- Up-to-date: /home/rinav/ros2_ws/install/rviz_rendering/share/rviz_rendering/ogre_media/materials/glsl120/depth.vert
[0.537s] -- Up-to-date: /home/rinav/ros2_ws/install/rviz_rendering/share/rviz_rendering/ogre_media/materials/glsl120/black.frag
[0.538s] -- Up-to-date: /home/rinav/ros2_ws/install/rviz_rendering/share/rviz_rendering/ogre_media/materials/scripts150
[0.538s] -- Up-to-date: /home/rinav/ros2_ws/install/rviz_rendering/share/rviz_rendering/ogre_media/materials/scripts150/point_cloud_square.material
[0.538s] -- Up-to-date: /home/rinav/ros2_ws/install/rviz_rendering/share/rviz_rendering/ogre_media/materials/scripts150/point_cloud_flat_square.material
[0.538s] -- Up-to-date: /home/rinav/ros2_ws/install/rviz_rendering/share/rviz_rendering/ogre_media/materials/scripts150/point_cloud_sphere.material
[0.538s] -- Up-to-date: /home/rinav/ros2_ws/install/rviz_rendering/share/rviz_rendering/ogre_media/materials/scripts150/point_cloud_box.material
[0.538s] -- Up-to-date: /home/rinav/ros2_ws/install/rviz_rendering/share/rviz_rendering/ogre_media/materials/scripts120
[0.538s] -- Up-to-date: /home/rinav/ros2_ws/install/rviz_rendering/share/rviz_rendering/ogre_media/materials/scripts120/point_cloud_square.material
[0.538s] -- Up-to-date: /home/rinav/ros2_ws/install/rviz_rendering/share/rviz_rendering/ogre_media/materials/scripts120/point_cloud_flat_square.material
[0.538s] -- Up-to-date: /home/rinav/ros2_ws/install/rviz_rendering/share/rviz_rendering/ogre_media/materials/scripts120/point_cloud_sphere.material
[0.538s] -- Up-to-date: /home/rinav/ros2_ws/install/rviz_rendering/share/rviz_rendering/ogre_media/materials/scripts120/point_cloud_box.material
[0.538s] -- Up-to-date: /home/rinav/ros2_ws/install/rviz_rendering/share/rviz_rendering/ogre_media/fonts
[0.538s] -- Up-to-date: /home/rinav/ros2_ws/install/rviz_rendering/share/rviz_rendering/ogre_media/fonts/liberation_sans.fontdef
[0.538s] -- Up-to-date: /home/rinav/ros2_ws/install/rviz_rendering/share/rviz_rendering/ogre_media/fonts/README.md
[0.538s] -- Up-to-date: /home/rinav/ros2_ws/install/rviz_rendering/share/rviz_rendering/ogre_media/fonts/liberation-sans
[0.538s] -- Up-to-date: /home/rinav/ros2_ws/install/rviz_rendering/share/rviz_rendering/ogre_media/fonts/liberation-sans/LiberationSans-BoldItalic.ttf
[0.538s] -- Up-to-date: /home/rinav/ros2_ws/install/rviz_rendering/share/rviz_rendering/ogre_media/fonts/liberation-sans/LiberationSans-Italic.ttf
[0.538s] -- Up-to-date: /home/rinav/ros2_ws/install/rviz_rendering/share/rviz_rendering/ogre_media/fonts/liberation-sans/LiberationSans-Regular.ttf
[0.539s] -- Up-to-date: /home/rinav/ros2_ws/install/rviz_rendering/share/rviz_rendering/ogre_media/fonts/liberation-sans/SIL Open Font License.txt
[0.539s] -- Up-to-date: /home/rinav/ros2_ws/install/rviz_rendering/share/rviz_rendering/ogre_media/fonts/liberation-sans/LiberationSans-Bold.ttf
[0.539s] -- Up-to-date: /home/rinav/ros2_ws/install/rviz_rendering/share/rviz_rendering/ogre_media/models
[0.539s] -- Up-to-date: /home/rinav/ros2_ws/install/rviz_rendering/share/rviz_rendering/ogre_media/models/rviz_cylinder.mesh
[0.539s] -- Up-to-date: /home/rinav/ros2_ws/install/rviz_rendering/share/rviz_rendering/ogre_media/models/rviz_cube.mesh
[0.539s] -- Up-to-date: /home/rinav/ros2_ws/install/rviz_rendering/share/rviz_rendering/ogre_media/models/rviz_cone.mesh
[0.539s] -- Up-to-date: /home/rinav/ros2_ws/install/rviz_rendering/share/rviz_rendering/ogre_media/models/rviz_sphere.mesh
[0.539s] -- Up-to-date: /home/rinav/ros2_ws/install/rviz_rendering/share/rviz_rendering/ogre_media/textures
[0.540s] -- Up-to-date: /home/rinav/ros2_ws/install/rviz_rendering/share/rviz_rendering/ogre_media/textures/test_20x20.png
[0.540s] -- Up-to-date: /home/rinav/ros2_ws/install/rviz_rendering/share/rviz_rendering/ogre_media/textures/no_image.png
[0.540s] -- Up-to-date: /home/rinav/ros2_ws/install/rviz_rendering/share/rviz_rendering/ogre_media/plugins.cfg
[0.540s] -- Up-to-date: /home/rinav/ros2_ws/install/rviz_rendering/share/ament_index/resource_index/package_run_dependencies/rviz_rendering
[0.540s] -- Up-to-date: /home/rinav/ros2_ws/install/rviz_rendering/share/ament_index/resource_index/parent_prefix_path/rviz_rendering
[0.540s] -- Up-to-date: /home/rinav/ros2_ws/install/rviz_rendering/share/rviz_rendering/environment/ament_prefix_path.sh
[0.540s] -- Up-to-date: /home/rinav/ros2_ws/install/rviz_rendering/share/rviz_rendering/environment/ament_prefix_path.dsv
[0.540s] -- Up-to-date: /home/rinav/ros2_ws/install/rviz_rendering/share/rviz_rendering/environment/path.sh
[0.540s] -- Up-to-date: /home/rinav/ros2_ws/install/rviz_rendering/share/rviz_rendering/environment/path.dsv
[0.540s] -- Up-to-date: /home/rinav/ros2_ws/install/rviz_rendering/share/rviz_rendering/local_setup.bash
[0.540s] -- Up-to-date: /home/rinav/ros2_ws/install/rviz_rendering/share/rviz_rendering/local_setup.sh
[0.540s] -- Up-to-date: /home/rinav/ros2_ws/install/rviz_rendering/share/rviz_rendering/local_setup.zsh
[0.540s] -- Up-to-date: /home/rinav/ros2_ws/install/rviz_rendering/share/rviz_rendering/local_setup.dsv
[0.540s] -- Installing: /home/rinav/ros2_ws/install/rviz_rendering/share/rviz_rendering/package.dsv
[0.540s] -- Up-to-date: /home/rinav/ros2_ws/install/rviz_rendering/share/ament_index/resource_index/packages/rviz_rendering
[0.540s] -- Up-to-date: /home/rinav/ros2_ws/install/rviz_rendering/share/rviz_rendering/cmake/rviz_renderingExport.cmake
[0.541s] -- Up-to-date: /home/rinav/ros2_ws/install/rviz_rendering/share/rviz_rendering/cmake/rviz_renderingExport-noconfig.cmake
[0.542s] -- Up-to-date: /home/rinav/ros2_ws/install/rviz_rendering/share/rviz_rendering/cmake/rviz_rendering-extras.cmake
[0.542s] -- Up-to-date: /home/rinav/ros2_ws/install/rviz_rendering/share/rviz_rendering/cmake/register_rviz_ogre_media_exports_hook-extras.cmake
[0.542s] -- Up-to-date: /home/rinav/ros2_ws/install/rviz_rendering/share/rviz_rendering/cmake/register_rviz_ogre_media_exports.cmake
[0.542s] -- Up-to-date: /home/rinav/ros2_ws/install/rviz_rendering/share/rviz_rendering/cmake/ament_cmake_export_dependencies-extras.cmake
[0.542s] -- Up-to-date: /home/rinav/ros2_ws/install/rviz_rendering/share/rviz_rendering/cmake/ament_cmake_export_include_directories-extras.cmake
[0.542s] -- Up-to-date: /home/rinav/ros2_ws/install/rviz_rendering/share/rviz_rendering/cmake/ament_cmake_export_libraries-extras.cmake
[0.542s] -- Up-to-date: /home/rinav/ros2_ws/install/rviz_rendering/share/rviz_rendering/cmake/ament_cmake_export_targets-extras.cmake
[0.542s] -- Up-to-date: /home/rinav/ros2_ws/install/rviz_rendering/share/rviz_rendering/cmake/rviz_renderingConfig.cmake
[0.542s] -- Up-to-date: /home/rinav/ros2_ws/install/rviz_rendering/share/rviz_rendering/cmake/rviz_renderingConfig-version.cmake
[0.542s] -- Up-to-date: /home/rinav/ros2_ws/install/rviz_rendering/share/rviz_rendering/package.xml
[0.561s] Invoked command in '/home/rinav/ros2_ws/build/rviz_rendering' returned '0': CMAKE_PREFIX_PATH=/home/rinav/ros2_ws/install/rviz_ogre_vendor:/home/rinav/ros2_ws/install/rviz_assimp_vendor:/home/rinav/ros2_ws/install/ur:/home/rinav/ros2_ws/install/ur_calibration:/home/rinav/ros2_ws/install/ur_robot_driver:/home/rinav/ros2_ws/install/ur_moveit_config:/home/rinav/ros2_ws/install/ur_bringup:/home/rinav/ros2_ws/install/ur_description:/home/rinav/ros2_ws/install/ur_controllers:/home/rinav/ros2_ws/install/ur_dashboard_msgs:/home/rinav/ros2_ws/install/turtlesim:/home/rinav/ros2_ws/install/srdfdom:/home/rinav/ros2_ws/install/rviz_visual_testing_framework:/home/rinav/ros2_ws/install/rviz_rendering_tests:/home/rinav/ros2_ws/install/husky_desktop:/home/rinav/ros2_ws/install/husky_viz:/home/rinav/ros2_ws/install/husky_ur3_moveit_config:/home/rinav/ros2_ws/install/rviz2:/home/rinav/ros2_ws/install/rviz_default_plugins:/home/rinav/ros2_ws/install/rviz_common:/home/rinav/ros2_ws/install/rviz_rendering:/home/rinav/ros2_ws/install/rosparam_shortcuts:/home/rinav/ros2_ws/install/robotis_manipulator:/home/rinav/ros2_ws/install/husky_ur3_ignition:/home/rinav/ros2_ws/install/husky_simulator:/home/rinav/ros2_ws/install/husky_robot:/home/rinav/ros2_ws/install/husky_bringup:/home/rinav/ros2_ws/install/husky_base:/home/rinav/ros2_ws/install/husky_msgs:/home/rinav/ros2_ws/install/husky_gazebo:/home/rinav/ros2_ws/install/husky_control:/home/rinav/ros2_ws/install/husky_description:/home/rinav/ros2_ws/src/rviz/install:/opt/ros/humble:/home/rinav/ros2_ws/install/trial_package:/home/rinav/ros2_ws/install/py_srvcli:/home/rinav/ros2_ws/install/py_pubsub:/home/rinav/ros2_ws/install/mobile_robotics:/home/rinav/ros2_ws/install/launch_param_builder /usr/bin/cmake --install /home/rinav/ros2_ws/build/rviz_rendering
