[0.072s] Invoking command in '/home/rinav/ros2_ws/build/husky_description': CMAKE_PREFIX_PATH=/opt/ros/humble /usr/bin/cmake --build /home/rinav/ros2_ws/build/husky_description -- -j8 -l8
[1.090s] Invoked command in '/home/rinav/ros2_ws/build/husky_description' returned '0': CMAKE_PREFIX_PATH=/opt/ros/humble /usr/bin/cmake --build /home/rinav/ros2_ws/build/husky_description -- -j8 -l8
[1.100s] Invoking command in '/home/rinav/ros2_ws/build/husky_description': CMAKE_PREFIX_PATH=/opt/ros/humble /usr/bin/cmake --install /home/rinav/ros2_ws/build/husky_description
[1.124s] -- Install configuration: ""
[1.124s] -- Up-to-date: /home/rinav/ros2_ws/install/husky_description/share/husky_description/launch
[1.124s] -- Up-to-date: /home/rinav/ros2_ws/install/husky_description/share/husky_description/launch/description.launch
[1.124s] -- Up-to-date: /home/rinav/ros2_ws/install/husky_description/share/husky_description/launch/description_launch.py
[1.124s] -- Up-to-date: /home/rinav/ros2_ws/install/husky_description/share/husky_description/meshes
[1.124s] -- Up-to-date: /home/rinav/ros2_ws/install/husky_description/share/husky_description/meshes/top_chassis.dae
[1.124s] -- Up-to-date: /home/rinav/ros2_ws/install/husky_description/share/husky_description/meshes/top_chassis.stl
[1.124s] -- Up-to-date: /home/rinav/ros2_ws/install/husky_description/share/husky_description/meshes/top_plate.stl
[1.125s] -- Up-to-date: /home/rinav/ros2_ws/install/husky_description/share/husky_description/meshes/bumper.dae
[1.125s] -- Up-to-date: /home/rinav/ros2_ws/install/husky_description/share/husky_description/meshes/base_link.stl
[1.125s] -- Up-to-date: /home/rinav/ros2_ws/install/husky_description/share/husky_description/meshes/base_link.dae
[1.125s] -- Up-to-date: /home/rinav/ros2_ws/install/husky_description/share/husky_description/meshes/large_top_plate_collision.stl
[1.125s] -- Up-to-date: /home/rinav/ros2_ws/install/husky_description/share/husky_description/meshes/accessories
[1.125s] -- Up-to-date: /home/rinav/ros2_ws/install/husky_description/share/husky_description/meshes/accessories/lms1xx_mount.stl
[1.125s] -- Up-to-date: /home/rinav/ros2_ws/install/husky_description/share/husky_description/meshes/accessories/lidar_mount.stl
[1.125s] -- Up-to-date: /home/rinav/ros2_ws/install/husky_description/share/husky_description/meshes/accessories/300_mm_sensor_arch.dae
[1.125s] -- Up-to-date: /home/rinav/ros2_ws/install/husky_description/share/husky_description/meshes/accessories/510_mm_sensor_arch.stl
[1.125s] -- Up-to-date: /home/rinav/ros2_ws/install/husky_description/share/husky_description/meshes/accessories/300_mm_sensor_arch.stl
[1.125s] -- Up-to-date: /home/rinav/ros2_ws/install/husky_description/share/husky_description/meshes/accessories/510_mm_sensor_arch.dae
[1.125s] -- Up-to-date: /home/rinav/ros2_ws/install/husky_description/share/husky_description/meshes/accessories/lms1xx_mount.dae
[1.125s] -- Up-to-date: /home/rinav/ros2_ws/install/husky_description/share/husky_description/meshes/bumper_extension.dae
[1.125s] -- Up-to-date: /home/rinav/ros2_ws/install/husky_description/share/husky_description/meshes/wheel.stl
[1.125s] -- Up-to-date: /home/rinav/ros2_ws/install/husky_description/share/husky_description/meshes/user_rail.stl
[1.125s] -- Up-to-date: /home/rinav/ros2_ws/install/husky_description/share/husky_description/meshes/top_plate.dae
[1.125s] -- Up-to-date: /home/rinav/ros2_ws/install/husky_description/share/husky_description/meshes/user_rail.dae
[1.125s] -- Up-to-date: /home/rinav/ros2_ws/install/husky_description/share/husky_description/meshes/large_top_plate.dae
[1.125s] -- Up-to-date: /home/rinav/ros2_ws/install/husky_description/share/husky_description/meshes/wheel.dae
[1.125s] -- Up-to-date: /home/rinav/ros2_ws/install/husky_description/share/husky_description/urdf
[1.125s] -- Up-to-date: /home/rinav/ros2_ws/install/husky_description/share/husky_description/urdf/empty.urdf
[1.125s] -- Up-to-date: /home/rinav/ros2_ws/install/husky_description/share/husky_description/urdf/accessories
[1.125s] -- Up-to-date: /home/rinav/ros2_ws/install/husky_description/share/husky_description/urdf/accessories/intel_realsense.urdf.xacro
[1.126s] -- Up-to-date: /home/rinav/ros2_ws/install/husky_description/share/husky_description/urdf/accessories/sensor_arch.urdf.xacro
[1.126s] -- Up-to-date: /home/rinav/ros2_ws/install/husky_description/share/husky_description/urdf/accessories/sick_lms1xx_mount.urdf.xacro
[1.126s] -- Up-to-date: /home/rinav/ros2_ws/install/husky_description/share/husky_description/urdf/decorations.urdf.xacro
[1.126s] -- Up-to-date: /home/rinav/ros2_ws/install/husky_description/share/husky_description/urdf/wheel.urdf.xacro
[1.126s] -- Up-to-date: /home/rinav/ros2_ws/install/husky_description/share/husky_description/urdf/husky_ur3.urdf.xacro
[1.126s] -- Up-to-date: /home/rinav/ros2_ws/install/husky_description/share/husky_description/urdf/husky.urdf.xacro
[1.126s] -- Up-to-date: /home/rinav/ros2_ws/install/husky_description/share/husky_description/urdf/husky_macro.urdf.xacro
[1.126s] -- Up-to-date: /home/rinav/ros2_ws/install/husky_description/share/ament_index/resource_index/package_run_dependencies/husky_description
[1.126s] -- Up-to-date: /home/rinav/ros2_ws/install/husky_description/share/ament_index/resource_index/parent_prefix_path/husky_description
[1.126s] -- Up-to-date: /home/rinav/ros2_ws/install/husky_description/share/husky_description/environment/ament_prefix_path.sh
[1.126s] -- Up-to-date: /home/rinav/ros2_ws/install/husky_description/share/husky_description/environment/ament_prefix_path.dsv
[1.126s] -- Up-to-date: /home/rinav/ros2_ws/install/husky_description/share/husky_description/environment/path.sh
[1.126s] -- Up-to-date: /home/rinav/ros2_ws/install/husky_description/share/husky_description/environment/path.dsv
[1.126s] -- Up-to-date: /home/rinav/ros2_ws/install/husky_description/share/husky_description/local_setup.bash
[1.127s] -- Up-to-date: /home/rinav/ros2_ws/install/husky_description/share/husky_description/local_setup.sh
[1.127s] -- Up-to-date: /home/rinav/ros2_ws/install/husky_description/share/husky_description/local_setup.zsh
[1.127s] -- Up-to-date: /home/rinav/ros2_ws/install/husky_description/share/husky_description/local_setup.dsv
[1.127s] -- Installing: /home/rinav/ros2_ws/install/husky_description/share/husky_description/package.dsv
[1.127s] -- Up-to-date: /home/rinav/ros2_ws/install/husky_description/share/ament_index/resource_index/packages/husky_description
[1.127s] -- Up-to-date: /home/rinav/ros2_ws/install/husky_description/share/husky_description/cmake/ament_cmake_export_dependencies-extras.cmake
[1.127s] -- Up-to-date: /home/rinav/ros2_ws/install/husky_description/share/husky_description/cmake/husky_descriptionConfig.cmake
[1.127s] -- Up-to-date: /home/rinav/ros2_ws/install/husky_description/share/husky_description/cmake/husky_descriptionConfig-version.cmake
[1.127s] -- Up-to-date: /home/rinav/ros2_ws/install/husky_description/share/husky_description/package.xml
[1.148s] Invoked command in '/home/rinav/ros2_ws/build/husky_description' returned '0': CMAKE_PREFIX_PATH=/opt/ros/humble /usr/bin/cmake --install /home/rinav/ros2_ws/build/husky_description
