[0.033s] Invoking command in '/home/rinav/ros2_ws/build/moveit_simple_controller_manager': AMENT_PREFIX_PATH=/home/rinav/ros2_ws/install/moveit_core:/home/rinav/ros2_ws/install/moveit_resources_panda_moveit_config:/home/rinav/ros2_ws/install/srdfdom:/home/rinav/ros2_ws/install/moveit_resources_pr2_description:/home/rinav/ros2_ws/install/moveit_resources_panda_description:/home/rinav/ros2_ws/install/moveit_common:${AMENT_PREFIX_PATH} CMAKE_PREFIX_PATH=/home/rinav/ros2_ws/install/moveit_core:/home/rinav/ros2_ws/install/moveit_resources_panda_moveit_config:/home/rinav/ros2_ws/install/srdfdom:/home/rinav/ros2_ws/install/moveit_resources_pr2_description:/home/rinav/ros2_ws/install/moveit_resources_panda_description:/home/rinav/ros2_ws/install/moveit_common:/home/rinav/ros2_ws/install/rviz_visual_testing_framework:/home/rinav/ros2_ws/install/rviz_rendering_tests:/home/rinav/ros2_ws/install/rviz2:/home/rinav/ros2_ws/install/rviz_default_plugins:/home/rinav/ros2_ws/install/rviz_common:/home/rinav/ros2_ws/install/rviz_rendering:/home/rinav/ros2_ws/install/rviz_ogre_vendor:/home/rinav/ros2_ws/install/rviz_assimp_vendor:/home/rinav/ros2_ws/src/rviz/install:/home/rinav/ros2_ws/install/husky_ur3_moveit_config:/home/rinav/ros2_ws/install/ur:/home/rinav/ros2_ws/install/ur_calibration:/home/rinav/ros2_ws/install/ur_robot_driver:/home/rinav/ros2_ws/install/ur_moveit_config:/home/rinav/ros2_ws/install/ur_bringup:/home/rinav/ros2_ws/install/ur_description:/home/rinav/ros2_ws/install/ur_controllers:/home/rinav/ros2_ws/install/ur_dashboard_msgs:/home/rinav/ros2_ws/install/turtlesim:/home/rinav/ros2_ws/install/robotis_manipulator:/home/rinav/ros2_ws/install/husky_desktop:/home/rinav/ros2_ws/install/husky_viz:/home/rinav/ros2_ws/install/husky_ur3_ignition:/home/rinav/ros2_ws/install/husky_simulator:/home/rinav/ros2_ws/install/husky_robot:/home/rinav/ros2_ws/install/husky_bringup:/home/rinav/ros2_ws/install/husky_base:/home/rinav/ros2_ws/install/husky_msgs:/home/rinav/ros2_ws/install/husky_gazebo:/home/rinav/ros2_ws/install/husky_control:/home/rinav/ros2_ws/install/husky_description:/home/rinav/ros2_ws/install/trial_package:/home/rinav/ros2_ws/install/py_srvcli:/home/rinav/ros2_ws/install/py_pubsub:/home/rinav/ros2_ws/install/mobile_robotics:/opt/ros/humble LD_LIBRARY_PATH=/home/rinav/ros2_ws/install/moveit_core/lib:/home/rinav/ros2_ws/install/srdfdom/lib:${LD_LIBRARY_PATH} PATH=/home/rinav/ros2_ws/install/moveit_core/bin:${PATH} PYTHONPATH=/home/rinav/ros2_ws/install/srdfdom/local/lib/python3.10/dist-packages:${PYTHONPATH} /usr/bin/cmake /home/rinav/ros2_ws/src/moveit2/moveit_plugins/moveit_simple_controller_manager -DCMAKE_INSTALL_PREFIX=/home/rinav/ros2_ws/install/moveit_simple_controller_manager
[0.099s] -- The C compiler identification is GNU 11.4.0
[0.145s] -- The CXX compiler identification is GNU 11.4.0
[0.152s] -- Detecting C compiler ABI info
[0.212s] -- Detecting C compiler ABI info - done
[0.218s] -- Check for working C compiler: /usr/bin/cc - skipped
[0.218s] -- Detecting C compile features
[0.219s] -- Detecting C compile features - done
[0.221s] -- Detecting CXX compiler ABI info
[0.286s] -- Detecting CXX compiler ABI info - done
[0.293s] -- Check for working CXX compiler: /usr/bin/c++ - skipped
[0.293s] -- Detecting CXX compile features
[0.294s] -- Detecting CXX compile features - done
[0.294s] -- Found moveit_common: 2.5.9 (/home/rinav/ros2_ws/install/moveit_common/share/moveit_common/cmake)
[0.303s] -- Found ament_cmake: 1.3.12 (/opt/ros/humble/share/ament_cmake/cmake)
[0.436s] -- Found Python3: /usr/bin/python3 (found version "3.10.12") found components: Interpreter 
[0.614s] [0mmoveit_simple_controller_manager: You did not request a specific build type: Choosing 'Release' for maximum performance[0m
[0.614s] -- Found moveit_core: 2.5.9 (/home/rinav/ros2_ws/install/moveit_core/share/moveit_core/cmake)
[0.846s] -- Found Boost: /usr/lib/aarch64-linux-gnu/cmake/Boost-1.74.0/BoostConfig.cmake (found version "1.74.0") found components: chrono date_time filesystem iostreams program_options regex serialization system thread 
[0.934s] -- Found parameter_traits: 0.5.0 (/opt/ros/humble/share/parameter_traits/cmake)
[1.005s] -- Found rosidl_generator_c: 3.1.7 (/opt/ros/humble/share/rosidl_generator_c/cmake)
[1.015s] -- Found rosidl_adapter: 3.1.7 (/opt/ros/humble/share/rosidl_adapter/cmake)
[1.029s] -- Found rosidl_generator_cpp: 3.1.7 (/opt/ros/humble/share/rosidl_generator_cpp/cmake)
[1.047s] -- Using all available rosidl_typesupport_c: rosidl_typesupport_fastrtps_c;rosidl_typesupport_introspection_c
[1.072s] -- Using all available rosidl_typesupport_cpp: rosidl_typesupport_fastrtps_cpp;rosidl_typesupport_introspection_cpp
[1.142s] -- Found rmw_implementation_cmake: 6.1.2 (/opt/ros/humble/share/rmw_implementation_cmake/cmake)
[1.149s] -- Found rmw_fastrtps_cpp: 6.2.8 (/opt/ros/humble/share/rmw_fastrtps_cpp/cmake)
[1.249s] -- Found OpenSSL: /usr/lib/aarch64-linux-gnu/libcrypto.so (found version "3.0.2")  
[1.277s] -- Found FastRTPS: /opt/ros/humble/include  
[1.325s] -- Using RMW implementation 'rmw_fastrtps_cpp' as default
[1.343s] -- Found Threads: TRUE  
[1.419s] -- Found rclcpp_lifecycle: 16.0.15 (/opt/ros/humble/share/rclcpp_lifecycle/cmake)
[1.450s] -- Found Boost: /usr/lib/aarch64-linux-gnu/cmake/Boost-1.74.0/BoostConfig.cmake (found version "1.74.0") found components: filesystem 
[1.565s] -- library: /usr/lib/aarch64-linux-gnu/libcurl.so
[1.645s] -- Found Eigen3: TRUE (found version "3.4.0") 
[1.645s] -- Ensuring Eigen3 include directory is part of orocos-kdl CMake target
[1.949s] -- Found control_msgs: 4.8.0 (/opt/ros/humble/share/control_msgs/cmake)
[1.981s] -- Found Boost: /usr/lib/aarch64-linux-gnu/cmake/Boost-1.74.0/BoostConfig.cmake (found version "1.74.0") found components: thread 
[1.998s] -- Found ament_lint_auto: 0.12.14 (/opt/ros/humble/share/ament_lint_auto/cmake)
[2.029s] -- Added test 'cppcheck' to perform static code analysis on C / C++ code
[2.030s] -- Configured cppcheck include dirs: /home/rinav/ros2_ws/src/moveit2/moveit_plugins/moveit_simple_controller_manager/include
[2.030s] -- Configured cppcheck exclude dirs and/or files: 
[2.031s] -- Added test 'lint_cmake' to check CMake code style
[2.032s] -- Added test 'xmllint' to check XML markup files
[2.034s] -- Configuring done
[2.058s] -- Generating done
[2.065s] -- Build files have been written to: /home/rinav/ros2_ws/build/moveit_simple_controller_manager
[2.075s] Invoked command in '/home/rinav/ros2_ws/build/moveit_simple_controller_manager' returned '0': AMENT_PREFIX_PATH=/home/rinav/ros2_ws/install/moveit_core:/home/rinav/ros2_ws/install/moveit_resources_panda_moveit_config:/home/rinav/ros2_ws/install/srdfdom:/home/rinav/ros2_ws/install/moveit_resources_pr2_description:/home/rinav/ros2_ws/install/moveit_resources_panda_description:/home/rinav/ros2_ws/install/moveit_common:${AMENT_PREFIX_PATH} CMAKE_PREFIX_PATH=/home/rinav/ros2_ws/install/moveit_core:/home/rinav/ros2_ws/install/moveit_resources_panda_moveit_config:/home/rinav/ros2_ws/install/srdfdom:/home/rinav/ros2_ws/install/moveit_resources_pr2_description:/home/rinav/ros2_ws/install/moveit_resources_panda_description:/home/rinav/ros2_ws/install/moveit_common:/home/rinav/ros2_ws/install/rviz_visual_testing_framework:/home/rinav/ros2_ws/install/rviz_rendering_tests:/home/rinav/ros2_ws/install/rviz2:/home/rinav/ros2_ws/install/rviz_default_plugins:/home/rinav/ros2_ws/install/rviz_common:/home/rinav/ros2_ws/install/rviz_rendering:/home/rinav/ros2_ws/install/rviz_ogre_vendor:/home/rinav/ros2_ws/install/rviz_assimp_vendor:/home/rinav/ros2_ws/src/rviz/install:/home/rinav/ros2_ws/install/husky_ur3_moveit_config:/home/rinav/ros2_ws/install/ur:/home/rinav/ros2_ws/install/ur_calibration:/home/rinav/ros2_ws/install/ur_robot_driver:/home/rinav/ros2_ws/install/ur_moveit_config:/home/rinav/ros2_ws/install/ur_bringup:/home/rinav/ros2_ws/install/ur_description:/home/rinav/ros2_ws/install/ur_controllers:/home/rinav/ros2_ws/install/ur_dashboard_msgs:/home/rinav/ros2_ws/install/turtlesim:/home/rinav/ros2_ws/install/robotis_manipulator:/home/rinav/ros2_ws/install/husky_desktop:/home/rinav/ros2_ws/install/husky_viz:/home/rinav/ros2_ws/install/husky_ur3_ignition:/home/rinav/ros2_ws/install/husky_simulator:/home/rinav/ros2_ws/install/husky_robot:/home/rinav/ros2_ws/install/husky_bringup:/home/rinav/ros2_ws/install/husky_base:/home/rinav/ros2_ws/install/husky_msgs:/home/rinav/ros2_ws/install/husky_gazebo:/home/rinav/ros2_ws/install/husky_control:/home/rinav/ros2_ws/install/husky_description:/home/rinav/ros2_ws/install/trial_package:/home/rinav/ros2_ws/install/py_srvcli:/home/rinav/ros2_ws/install/py_pubsub:/home/rinav/ros2_ws/install/mobile_robotics:/opt/ros/humble LD_LIBRARY_PATH=/home/rinav/ros2_ws/install/moveit_core/lib:/home/rinav/ros2_ws/install/srdfdom/lib:${LD_LIBRARY_PATH} PATH=/home/rinav/ros2_ws/install/moveit_core/bin:${PATH} PYTHONPATH=/home/rinav/ros2_ws/install/srdfdom/local/lib/python3.10/dist-packages:${PYTHONPATH} /usr/bin/cmake /home/rinav/ros2_ws/src/moveit2/moveit_plugins/moveit_simple_controller_manager -DCMAKE_INSTALL_PREFIX=/home/rinav/ros2_ws/install/moveit_simple_controller_manager
[2.076s] Invoking command in '/home/rinav/ros2_ws/build/moveit_simple_controller_manager': AMENT_PREFIX_PATH=/home/rinav/ros2_ws/install/moveit_core:/home/rinav/ros2_ws/install/moveit_resources_panda_moveit_config:/home/rinav/ros2_ws/install/srdfdom:/home/rinav/ros2_ws/install/moveit_resources_pr2_description:/home/rinav/ros2_ws/install/moveit_resources_panda_description:/home/rinav/ros2_ws/install/moveit_common:${AMENT_PREFIX_PATH} CMAKE_PREFIX_PATH=/home/rinav/ros2_ws/install/moveit_core:/home/rinav/ros2_ws/install/moveit_resources_panda_moveit_config:/home/rinav/ros2_ws/install/srdfdom:/home/rinav/ros2_ws/install/moveit_resources_pr2_description:/home/rinav/ros2_ws/install/moveit_resources_panda_description:/home/rinav/ros2_ws/install/moveit_common:/home/rinav/ros2_ws/install/rviz_visual_testing_framework:/home/rinav/ros2_ws/install/rviz_rendering_tests:/home/rinav/ros2_ws/install/rviz2:/home/rinav/ros2_ws/install/rviz_default_plugins:/home/rinav/ros2_ws/install/rviz_common:/home/rinav/ros2_ws/install/rviz_rendering:/home/rinav/ros2_ws/install/rviz_ogre_vendor:/home/rinav/ros2_ws/install/rviz_assimp_vendor:/home/rinav/ros2_ws/src/rviz/install:/home/rinav/ros2_ws/install/husky_ur3_moveit_config:/home/rinav/ros2_ws/install/ur:/home/rinav/ros2_ws/install/ur_calibration:/home/rinav/ros2_ws/install/ur_robot_driver:/home/rinav/ros2_ws/install/ur_moveit_config:/home/rinav/ros2_ws/install/ur_bringup:/home/rinav/ros2_ws/install/ur_description:/home/rinav/ros2_ws/install/ur_controllers:/home/rinav/ros2_ws/install/ur_dashboard_msgs:/home/rinav/ros2_ws/install/turtlesim:/home/rinav/ros2_ws/install/robotis_manipulator:/home/rinav/ros2_ws/install/husky_desktop:/home/rinav/ros2_ws/install/husky_viz:/home/rinav/ros2_ws/install/husky_ur3_ignition:/home/rinav/ros2_ws/install/husky_simulator:/home/rinav/ros2_ws/install/husky_robot:/home/rinav/ros2_ws/install/husky_bringup:/home/rinav/ros2_ws/install/husky_base:/home/rinav/ros2_ws/install/husky_msgs:/home/rinav/ros2_ws/install/husky_gazebo:/home/rinav/ros2_ws/install/husky_control:/home/rinav/ros2_ws/install/husky_description:/home/rinav/ros2_ws/install/trial_package:/home/rinav/ros2_ws/install/py_srvcli:/home/rinav/ros2_ws/install/py_pubsub:/home/rinav/ros2_ws/install/mobile_robotics:/opt/ros/humble LD_LIBRARY_PATH=/home/rinav/ros2_ws/install/moveit_core/lib:/home/rinav/ros2_ws/install/srdfdom/lib:${LD_LIBRARY_PATH} PATH=/home/rinav/ros2_ws/install/moveit_core/bin:${PATH} PYTHONPATH=/home/rinav/ros2_ws/install/srdfdom/local/lib/python3.10/dist-packages:${PYTHONPATH} /usr/bin/cmake --build /home/rinav/ros2_ws/build/moveit_simple_controller_manager -- -j8 -l8
[2.182s] [ 33%] [32mBuilding CXX object CMakeFiles/moveit_simple_controller_manager.dir/src/moveit_simple_controller_manager.cpp.o[0m
[2.207s] [ 66%] [32mBuilding CXX object CMakeFiles/moveit_simple_controller_manager.dir/src/follow_joint_trajectory_controller_handle.cpp.o[0m
[28.346s] [100%] [32m[1mLinking CXX shared library libmoveit_simple_controller_manager.so[0m
[28.735s] [100%] Built target moveit_simple_controller_manager
[28.761s] Invoked command in '/home/rinav/ros2_ws/build/moveit_simple_controller_manager' returned '0': AMENT_PREFIX_PATH=/home/rinav/ros2_ws/install/moveit_core:/home/rinav/ros2_ws/install/moveit_resources_panda_moveit_config:/home/rinav/ros2_ws/install/srdfdom:/home/rinav/ros2_ws/install/moveit_resources_pr2_description:/home/rinav/ros2_ws/install/moveit_resources_panda_description:/home/rinav/ros2_ws/install/moveit_common:${AMENT_PREFIX_PATH} CMAKE_PREFIX_PATH=/home/rinav/ros2_ws/install/moveit_core:/home/rinav/ros2_ws/install/moveit_resources_panda_moveit_config:/home/rinav/ros2_ws/install/srdfdom:/home/rinav/ros2_ws/install/moveit_resources_pr2_description:/home/rinav/ros2_ws/install/moveit_resources_panda_description:/home/rinav/ros2_ws/install/moveit_common:/home/rinav/ros2_ws/install/rviz_visual_testing_framework:/home/rinav/ros2_ws/install/rviz_rendering_tests:/home/rinav/ros2_ws/install/rviz2:/home/rinav/ros2_ws/install/rviz_default_plugins:/home/rinav/ros2_ws/install/rviz_common:/home/rinav/ros2_ws/install/rviz_rendering:/home/rinav/ros2_ws/install/rviz_ogre_vendor:/home/rinav/ros2_ws/install/rviz_assimp_vendor:/home/rinav/ros2_ws/src/rviz/install:/home/rinav/ros2_ws/install/husky_ur3_moveit_config:/home/rinav/ros2_ws/install/ur:/home/rinav/ros2_ws/install/ur_calibration:/home/rinav/ros2_ws/install/ur_robot_driver:/home/rinav/ros2_ws/install/ur_moveit_config:/home/rinav/ros2_ws/install/ur_bringup:/home/rinav/ros2_ws/install/ur_description:/home/rinav/ros2_ws/install/ur_controllers:/home/rinav/ros2_ws/install/ur_dashboard_msgs:/home/rinav/ros2_ws/install/turtlesim:/home/rinav/ros2_ws/install/robotis_manipulator:/home/rinav/ros2_ws/install/husky_desktop:/home/rinav/ros2_ws/install/husky_viz:/home/rinav/ros2_ws/install/husky_ur3_ignition:/home/rinav/ros2_ws/install/husky_simulator:/home/rinav/ros2_ws/install/husky_robot:/home/rinav/ros2_ws/install/husky_bringup:/home/rinav/ros2_ws/install/husky_base:/home/rinav/ros2_ws/install/husky_msgs:/home/rinav/ros2_ws/install/husky_gazebo:/home/rinav/ros2_ws/install/husky_control:/home/rinav/ros2_ws/install/husky_description:/home/rinav/ros2_ws/install/trial_package:/home/rinav/ros2_ws/install/py_srvcli:/home/rinav/ros2_ws/install/py_pubsub:/home/rinav/ros2_ws/install/mobile_robotics:/opt/ros/humble LD_LIBRARY_PATH=/home/rinav/ros2_ws/install/moveit_core/lib:/home/rinav/ros2_ws/install/srdfdom/lib:${LD_LIBRARY_PATH} PATH=/home/rinav/ros2_ws/install/moveit_core/bin:${PATH} PYTHONPATH=/home/rinav/ros2_ws/install/srdfdom/local/lib/python3.10/dist-packages:${PYTHONPATH} /usr/bin/cmake --build /home/rinav/ros2_ws/build/moveit_simple_controller_manager -- -j8 -l8
[28.767s] Invoking command in '/home/rinav/ros2_ws/build/moveit_simple_controller_manager': AMENT_PREFIX_PATH=/home/rinav/ros2_ws/install/moveit_core:/home/rinav/ros2_ws/install/moveit_resources_panda_moveit_config:/home/rinav/ros2_ws/install/srdfdom:/home/rinav/ros2_ws/install/moveit_resources_pr2_description:/home/rinav/ros2_ws/install/moveit_resources_panda_description:/home/rinav/ros2_ws/install/moveit_common:${AMENT_PREFIX_PATH} CMAKE_PREFIX_PATH=/home/rinav/ros2_ws/install/moveit_core:/home/rinav/ros2_ws/install/moveit_resources_panda_moveit_config:/home/rinav/ros2_ws/install/srdfdom:/home/rinav/ros2_ws/install/moveit_resources_pr2_description:/home/rinav/ros2_ws/install/moveit_resources_panda_description:/home/rinav/ros2_ws/install/moveit_common:/home/rinav/ros2_ws/install/rviz_visual_testing_framework:/home/rinav/ros2_ws/install/rviz_rendering_tests:/home/rinav/ros2_ws/install/rviz2:/home/rinav/ros2_ws/install/rviz_default_plugins:/home/rinav/ros2_ws/install/rviz_common:/home/rinav/ros2_ws/install/rviz_rendering:/home/rinav/ros2_ws/install/rviz_ogre_vendor:/home/rinav/ros2_ws/install/rviz_assimp_vendor:/home/rinav/ros2_ws/src/rviz/install:/home/rinav/ros2_ws/install/husky_ur3_moveit_config:/home/rinav/ros2_ws/install/ur:/home/rinav/ros2_ws/install/ur_calibration:/home/rinav/ros2_ws/install/ur_robot_driver:/home/rinav/ros2_ws/install/ur_moveit_config:/home/rinav/ros2_ws/install/ur_bringup:/home/rinav/ros2_ws/install/ur_description:/home/rinav/ros2_ws/install/ur_controllers:/home/rinav/ros2_ws/install/ur_dashboard_msgs:/home/rinav/ros2_ws/install/turtlesim:/home/rinav/ros2_ws/install/robotis_manipulator:/home/rinav/ros2_ws/install/husky_desktop:/home/rinav/ros2_ws/install/husky_viz:/home/rinav/ros2_ws/install/husky_ur3_ignition:/home/rinav/ros2_ws/install/husky_simulator:/home/rinav/ros2_ws/install/husky_robot:/home/rinav/ros2_ws/install/husky_bringup:/home/rinav/ros2_ws/install/husky_base:/home/rinav/ros2_ws/install/husky_msgs:/home/rinav/ros2_ws/install/husky_gazebo:/home/rinav/ros2_ws/install/husky_control:/home/rinav/ros2_ws/install/husky_description:/home/rinav/ros2_ws/install/trial_package:/home/rinav/ros2_ws/install/py_srvcli:/home/rinav/ros2_ws/install/py_pubsub:/home/rinav/ros2_ws/install/mobile_robotics:/opt/ros/humble LD_LIBRARY_PATH=/home/rinav/ros2_ws/install/moveit_core/lib:/home/rinav/ros2_ws/install/srdfdom/lib:${LD_LIBRARY_PATH} PATH=/home/rinav/ros2_ws/install/moveit_core/bin:${PATH} PYTHONPATH=/home/rinav/ros2_ws/install/srdfdom/local/lib/python3.10/dist-packages:${PYTHONPATH} /usr/bin/cmake --install /home/rinav/ros2_ws/build/moveit_simple_controller_manager
[28.781s] -- Install configuration: "Release"
[28.781s] -- Installing: /home/rinav/ros2_ws/install/moveit_simple_controller_manager/lib/libmoveit_simple_controller_manager.so.2.5.9
[28.781s] -- Set runtime path of "/home/rinav/ros2_ws/install/moveit_simple_controller_manager/lib/libmoveit_simple_controller_manager.so.2.5.9" to ""
[28.781s] -- Installing: /home/rinav/ros2_ws/install/moveit_simple_controller_manager/lib/libmoveit_simple_controller_manager.so
[28.781s] -- Installing: /home/rinav/ros2_ws/install/moveit_simple_controller_manager/include
[28.781s] -- Installing: /home/rinav/ros2_ws/install/moveit_simple_controller_manager/include/moveit_simple_controller_manager
[28.781s] -- Installing: /home/rinav/ros2_ws/install/moveit_simple_controller_manager/include/moveit_simple_controller_manager/action_based_controller_handle.h
[28.781s] -- Installing: /home/rinav/ros2_ws/install/moveit_simple_controller_manager/include/moveit_simple_controller_manager/empty_controller_handle.h
[28.781s] -- Installing: /home/rinav/ros2_ws/install/moveit_simple_controller_manager/include/moveit_simple_controller_manager/gripper_controller_handle.h
[28.781s] -- Installing: /home/rinav/ros2_ws/install/moveit_simple_controller_manager/include/moveit_simple_controller_manager/follow_joint_trajectory_controller_handle.h
[28.782s] -- Installing: /home/rinav/ros2_ws/install/moveit_simple_controller_manager/share/moveit_simple_controller_manager/environment/library_path.sh
[28.782s] -- Installing: /home/rinav/ros2_ws/install/moveit_simple_controller_manager/share/moveit_simple_controller_manager/environment/library_path.dsv
[28.782s] -- Installing: /home/rinav/ros2_ws/install/moveit_simple_controller_manager/share/moveit_simple_controller_manager/moveit_simple_controller_manager_plugin_description.xml
[28.783s] -- Installing: /home/rinav/ros2_ws/install/moveit_simple_controller_manager/share/ament_index/resource_index/package_run_dependencies/moveit_simple_controller_manager
[28.783s] -- Installing: /home/rinav/ros2_ws/install/moveit_simple_controller_manager/share/ament_index/resource_index/parent_prefix_path/moveit_simple_controller_manager
[28.783s] -- Installing: /home/rinav/ros2_ws/install/moveit_simple_controller_manager/share/moveit_simple_controller_manager/environment/ament_prefix_path.sh
[28.783s] -- Installing: /home/rinav/ros2_ws/install/moveit_simple_controller_manager/share/moveit_simple_controller_manager/environment/ament_prefix_path.dsv
[28.784s] -- Installing: /home/rinav/ros2_ws/install/moveit_simple_controller_manager/share/moveit_simple_controller_manager/environment/path.sh
[28.784s] -- Installing: /home/rinav/ros2_ws/install/moveit_simple_controller_manager/share/moveit_simple_controller_manager/environment/path.dsv
[28.784s] -- Installing: /home/rinav/ros2_ws/install/moveit_simple_controller_manager/share/moveit_simple_controller_manager/local_setup.bash
[28.785s] -- Installing: /home/rinav/ros2_ws/install/moveit_simple_controller_manager/share/moveit_simple_controller_manager/local_setup.sh
[28.785s] -- Installing: /home/rinav/ros2_ws/install/moveit_simple_controller_manager/share/moveit_simple_controller_manager/local_setup.zsh
[28.785s] -- Installing: /home/rinav/ros2_ws/install/moveit_simple_controller_manager/share/moveit_simple_controller_manager/local_setup.dsv
[28.785s] -- Installing: /home/rinav/ros2_ws/install/moveit_simple_controller_manager/share/moveit_simple_controller_manager/package.dsv
[28.785s] -- Installing: /home/rinav/ros2_ws/install/moveit_simple_controller_manager/share/ament_index/resource_index/packages/moveit_simple_controller_manager
[28.786s] -- Installing: /home/rinav/ros2_ws/install/moveit_simple_controller_manager/share/ament_index/resource_index/moveit_core__pluginlib__plugin/moveit_simple_controller_manager
[28.786s] -- Installing: /home/rinav/ros2_ws/install/moveit_simple_controller_manager/share/moveit_simple_controller_manager/cmake/export_moveit_simple_controller_managerExport.cmake
[28.786s] -- Installing: /home/rinav/ros2_ws/install/moveit_simple_controller_manager/share/moveit_simple_controller_manager/cmake/export_moveit_simple_controller_managerExport-release.cmake
[28.786s] -- Installing: /home/rinav/ros2_ws/install/moveit_simple_controller_manager/share/moveit_simple_controller_manager/cmake/ConfigExtras.cmake
[28.787s] -- Installing: /home/rinav/ros2_ws/install/moveit_simple_controller_manager/share/moveit_simple_controller_manager/cmake/ament_cmake_export_targets-extras.cmake
[28.787s] -- Installing: /home/rinav/ros2_ws/install/moveit_simple_controller_manager/share/moveit_simple_controller_manager/cmake/ament_cmake_export_dependencies-extras.cmake
[28.788s] -- Installing: /home/rinav/ros2_ws/install/moveit_simple_controller_manager/share/moveit_simple_controller_manager/cmake/moveit_simple_controller_managerConfig.cmake
[28.789s] -- Installing: /home/rinav/ros2_ws/install/moveit_simple_controller_manager/share/moveit_simple_controller_manager/cmake/moveit_simple_controller_managerConfig-version.cmake
[28.789s] -- Installing: /home/rinav/ros2_ws/install/moveit_simple_controller_manager/share/moveit_simple_controller_manager/package.xml
[28.796s] Invoked command in '/home/rinav/ros2_ws/build/moveit_simple_controller_manager' returned '0': AMENT_PREFIX_PATH=/home/rinav/ros2_ws/install/moveit_core:/home/rinav/ros2_ws/install/moveit_resources_panda_moveit_config:/home/rinav/ros2_ws/install/srdfdom:/home/rinav/ros2_ws/install/moveit_resources_pr2_description:/home/rinav/ros2_ws/install/moveit_resources_panda_description:/home/rinav/ros2_ws/install/moveit_common:${AMENT_PREFIX_PATH} CMAKE_PREFIX_PATH=/home/rinav/ros2_ws/install/moveit_core:/home/rinav/ros2_ws/install/moveit_resources_panda_moveit_config:/home/rinav/ros2_ws/install/srdfdom:/home/rinav/ros2_ws/install/moveit_resources_pr2_description:/home/rinav/ros2_ws/install/moveit_resources_panda_description:/home/rinav/ros2_ws/install/moveit_common:/home/rinav/ros2_ws/install/rviz_visual_testing_framework:/home/rinav/ros2_ws/install/rviz_rendering_tests:/home/rinav/ros2_ws/install/rviz2:/home/rinav/ros2_ws/install/rviz_default_plugins:/home/rinav/ros2_ws/install/rviz_common:/home/rinav/ros2_ws/install/rviz_rendering:/home/rinav/ros2_ws/install/rviz_ogre_vendor:/home/rinav/ros2_ws/install/rviz_assimp_vendor:/home/rinav/ros2_ws/src/rviz/install:/home/rinav/ros2_ws/install/husky_ur3_moveit_config:/home/rinav/ros2_ws/install/ur:/home/rinav/ros2_ws/install/ur_calibration:/home/rinav/ros2_ws/install/ur_robot_driver:/home/rinav/ros2_ws/install/ur_moveit_config:/home/rinav/ros2_ws/install/ur_bringup:/home/rinav/ros2_ws/install/ur_description:/home/rinav/ros2_ws/install/ur_controllers:/home/rinav/ros2_ws/install/ur_dashboard_msgs:/home/rinav/ros2_ws/install/turtlesim:/home/rinav/ros2_ws/install/robotis_manipulator:/home/rinav/ros2_ws/install/husky_desktop:/home/rinav/ros2_ws/install/husky_viz:/home/rinav/ros2_ws/install/husky_ur3_ignition:/home/rinav/ros2_ws/install/husky_simulator:/home/rinav/ros2_ws/install/husky_robot:/home/rinav/ros2_ws/install/husky_bringup:/home/rinav/ros2_ws/install/husky_base:/home/rinav/ros2_ws/install/husky_msgs:/home/rinav/ros2_ws/install/husky_gazebo:/home/rinav/ros2_ws/install/husky_control:/home/rinav/ros2_ws/install/husky_description:/home/rinav/ros2_ws/install/trial_package:/home/rinav/ros2_ws/install/py_srvcli:/home/rinav/ros2_ws/install/py_pubsub:/home/rinav/ros2_ws/install/mobile_robotics:/opt/ros/humble LD_LIBRARY_PATH=/home/rinav/ros2_ws/install/moveit_core/lib:/home/rinav/ros2_ws/install/srdfdom/lib:${LD_LIBRARY_PATH} PATH=/home/rinav/ros2_ws/install/moveit_core/bin:${PATH} PYTHONPATH=/home/rinav/ros2_ws/install/srdfdom/local/lib/python3.10/dist-packages:${PYTHONPATH} /usr/bin/cmake --install /home/rinav/ros2_ws/build/moveit_simple_controller_manager
