[0.020s] Invoking command in '/home/rinav/ros2_ws/build/husky_desktop': AMENT_PREFIX_PATH=/home/rinav/ros2_ws/install/husky_viz:${AMENT_PREFIX_PATH} CMAKE_PREFIX_PATH=/home/rinav/ros2_ws/install/husky_viz:/home/rinav/ros2_ws/install/husky_msgs:/home/rinav/ros2_ws/install/husky_description:/home/rinav/ros2_ws/install/husky_bringup:/home/rinav/ros2_ws/install/husky_base:/home/rinav/ros2_ws/install/husky_control:/opt/ros/humble LD_LIBRARY_PATH=/home/rinav/ros2_ws/install/husky_msgs/lib:/home/rinav/ros2_ws/install/husky_base/lib:/opt/ros/humble/opt/rviz_ogre_vendor/lib:/opt/ros/humble/lib/aarch64-linux-gnu:/opt/ros/humble/lib /usr/bin/cmake /home/rinav/ros2_ws/src/husky/husky_desktop -DCMAKE_INSTALL_PREFIX=/home/rinav/ros2_ws/install/husky_desktop
[0.069s] -- The C compiler identification is GNU 11.4.0
[0.143s] -- The CXX compiler identification is GNU 11.4.0
[0.147s] -- Detecting C compiler ABI info
[0.184s] -- Detecting C compiler ABI info - done
[0.189s] -- Check for working C compiler: /usr/bin/cc - skipped
[0.189s] -- Detecting C compile features
[0.189s] -- Detecting C compile features - done
[0.191s] -- Detecting CXX compiler ABI info
[0.274s] -- Detecting CXX compiler ABI info - done
[0.279s] -- Check for working CXX compiler: /usr/bin/c++ - skipped
[0.279s] -- Detecting CXX compile features
[0.280s] -- Detecting CXX compile features - done
[0.282s] -- Found ament_cmake: 1.3.12 (/opt/ros/humble/share/ament_cmake/cmake)
[0.375s] -- Found Python3: /usr/bin/python3 (found version "3.10.12") found components: Interpreter 
[0.497s] -- Configuring done
[0.498s] -- Generating done
[0.499s] -- Build files have been written to: /home/rinav/ros2_ws/build/husky_desktop
[0.509s] Invoked command in '/home/rinav/ros2_ws/build/husky_desktop' returned '0': AMENT_PREFIX_PATH=/home/rinav/ros2_ws/install/husky_viz:${AMENT_PREFIX_PATH} CMAKE_PREFIX_PATH=/home/rinav/ros2_ws/install/husky_viz:/home/rinav/ros2_ws/install/husky_msgs:/home/rinav/ros2_ws/install/husky_description:/home/rinav/ros2_ws/install/husky_bringup:/home/rinav/ros2_ws/install/husky_base:/home/rinav/ros2_ws/install/husky_control:/opt/ros/humble LD_LIBRARY_PATH=/home/rinav/ros2_ws/install/husky_msgs/lib:/home/rinav/ros2_ws/install/husky_base/lib:/opt/ros/humble/opt/rviz_ogre_vendor/lib:/opt/ros/humble/lib/aarch64-linux-gnu:/opt/ros/humble/lib /usr/bin/cmake /home/rinav/ros2_ws/src/husky/husky_desktop -DCMAKE_INSTALL_PREFIX=/home/rinav/ros2_ws/install/husky_desktop
[0.511s] Invoking command in '/home/rinav/ros2_ws/build/husky_desktop': AMENT_PREFIX_PATH=/home/rinav/ros2_ws/install/husky_viz:${AMENT_PREFIX_PATH} CMAKE_PREFIX_PATH=/home/rinav/ros2_ws/install/husky_viz:/home/rinav/ros2_ws/install/husky_msgs:/home/rinav/ros2_ws/install/husky_description:/home/rinav/ros2_ws/install/husky_bringup:/home/rinav/ros2_ws/install/husky_base:/home/rinav/ros2_ws/install/husky_control:/opt/ros/humble LD_LIBRARY_PATH=/home/rinav/ros2_ws/install/husky_msgs/lib:/home/rinav/ros2_ws/install/husky_base/lib:/opt/ros/humble/opt/rviz_ogre_vendor/lib:/opt/ros/humble/lib/aarch64-linux-gnu:/opt/ros/humble/lib /usr/bin/cmake --build /home/rinav/ros2_ws/build/husky_desktop -- -j8 -l8
[0.535s] Invoked command in '/home/rinav/ros2_ws/build/husky_desktop' returned '0': AMENT_PREFIX_PATH=/home/rinav/ros2_ws/install/husky_viz:${AMENT_PREFIX_PATH} CMAKE_PREFIX_PATH=/home/rinav/ros2_ws/install/husky_viz:/home/rinav/ros2_ws/install/husky_msgs:/home/rinav/ros2_ws/install/husky_description:/home/rinav/ros2_ws/install/husky_bringup:/home/rinav/ros2_ws/install/husky_base:/home/rinav/ros2_ws/install/husky_control:/opt/ros/humble LD_LIBRARY_PATH=/home/rinav/ros2_ws/install/husky_msgs/lib:/home/rinav/ros2_ws/install/husky_base/lib:/opt/ros/humble/opt/rviz_ogre_vendor/lib:/opt/ros/humble/lib/aarch64-linux-gnu:/opt/ros/humble/lib /usr/bin/cmake --build /home/rinav/ros2_ws/build/husky_desktop -- -j8 -l8
[0.549s] Invoking command in '/home/rinav/ros2_ws/build/husky_desktop': AMENT_PREFIX_PATH=/home/rinav/ros2_ws/install/husky_viz:${AMENT_PREFIX_PATH} CMAKE_PREFIX_PATH=/home/rinav/ros2_ws/install/husky_viz:/home/rinav/ros2_ws/install/husky_msgs:/home/rinav/ros2_ws/install/husky_description:/home/rinav/ros2_ws/install/husky_bringup:/home/rinav/ros2_ws/install/husky_base:/home/rinav/ros2_ws/install/husky_control:/opt/ros/humble LD_LIBRARY_PATH=/home/rinav/ros2_ws/install/husky_msgs/lib:/home/rinav/ros2_ws/install/husky_base/lib:/opt/ros/humble/opt/rviz_ogre_vendor/lib:/opt/ros/humble/lib/aarch64-linux-gnu:/opt/ros/humble/lib /usr/bin/cmake --install /home/rinav/ros2_ws/build/husky_desktop
[0.571s] -- Install configuration: ""
[0.571s] -- Installing: /home/rinav/ros2_ws/install/husky_desktop/share/ament_index/resource_index/package_run_dependencies/husky_desktop
[0.571s] -- Installing: /home/rinav/ros2_ws/install/husky_desktop/share/ament_index/resource_index/parent_prefix_path/husky_desktop
[0.571s] -- Installing: /home/rinav/ros2_ws/install/husky_desktop/share/husky_desktop/environment/ament_prefix_path.sh
[0.571s] -- Installing: /home/rinav/ros2_ws/install/husky_desktop/share/husky_desktop/environment/ament_prefix_path.dsv
[0.571s] -- Installing: /home/rinav/ros2_ws/install/husky_desktop/share/husky_desktop/environment/path.sh
[0.571s] -- Installing: /home/rinav/ros2_ws/install/husky_desktop/share/husky_desktop/environment/path.dsv
[0.571s] -- Installing: /home/rinav/ros2_ws/install/husky_desktop/share/husky_desktop/local_setup.bash
[0.571s] -- Installing: /home/rinav/ros2_ws/install/husky_desktop/share/husky_desktop/local_setup.sh
[0.571s] -- Installing: /home/rinav/ros2_ws/install/husky_desktop/share/husky_desktop/local_setup.zsh
[0.571s] -- Installing: /home/rinav/ros2_ws/install/husky_desktop/share/husky_desktop/local_setup.dsv
[0.571s] -- Installing: /home/rinav/ros2_ws/install/husky_desktop/share/husky_desktop/package.dsv
[0.571s] -- Installing: /home/rinav/ros2_ws/install/husky_desktop/share/ament_index/resource_index/packages/husky_desktop
[0.571s] -- Installing: /home/rinav/ros2_ws/install/husky_desktop/share/husky_desktop/cmake/husky_desktopConfig.cmake
[0.571s] -- Installing: /home/rinav/ros2_ws/install/husky_desktop/share/husky_desktop/cmake/husky_desktopConfig-version.cmake
[0.571s] -- Installing: /home/rinav/ros2_ws/install/husky_desktop/share/husky_desktop/package.xml
[0.581s] Invoked command in '/home/rinav/ros2_ws/build/husky_desktop' returned '0': AMENT_PREFIX_PATH=/home/rinav/ros2_ws/install/husky_viz:${AMENT_PREFIX_PATH} CMAKE_PREFIX_PATH=/home/rinav/ros2_ws/install/husky_viz:/home/rinav/ros2_ws/install/husky_msgs:/home/rinav/ros2_ws/install/husky_description:/home/rinav/ros2_ws/install/husky_bringup:/home/rinav/ros2_ws/install/husky_base:/home/rinav/ros2_ws/install/husky_control:/opt/ros/humble LD_LIBRARY_PATH=/home/rinav/ros2_ws/install/husky_msgs/lib:/home/rinav/ros2_ws/install/husky_base/lib:/opt/ros/humble/opt/rviz_ogre_vendor/lib:/opt/ros/humble/lib/aarch64-linux-gnu:/opt/ros/humble/lib /usr/bin/cmake --install /home/rinav/ros2_ws/build/husky_desktop
