[0.020s] Invoking command in '/home/rinav/ros2_ws/build/husky_base': CMAKE_PREFIX_PATH=/home/rinav/ros2_ws/install/husky_msgs:/home/rinav/ros2_ws/install/husky_bringup:/home/rinav/ros2_ws/install/husky_base:/home/rinav/ros2_ws/install/husky_control:/home/rinav/ros2_ws/install/husky_description:/opt/ros/humble LD_LIBRARY_PATH=/home/rinav/ros2_ws/install/husky_msgs/lib:/home/rinav/ros2_ws/install/husky_base/lib:/opt/ros/humble/opt/rviz_ogre_vendor/lib:/opt/ros/humble/lib/aarch64-linux-gnu:/opt/ros/humble/lib /usr/bin/cmake /home/rinav/ros2_ws/src/husky/husky_base -DCMAKE_INSTALL_PREFIX=/home/rinav/ros2_ws/install/husky_base
[0.028s] -- Found ament_cmake: 1.3.12 (/opt/ros/humble/share/ament_cmake/cmake)
[0.112s] -- Override CMake install command with custom implementation using symlinks instead of copying resources
[0.116s] -- Found controller_interface: 2.52.0 (/opt/ros/humble/share/controller_interface/cmake)
[0.137s] -- Found rosidl_generator_c: 3.1.7 (/opt/ros/humble/share/rosidl_generator_c/cmake)
[0.168s] -- Found rosidl_adapter: 3.1.7 (/opt/ros/humble/share/rosidl_adapter/cmake)
[0.171s] -- Found rosidl_generator_cpp: 3.1.7 (/opt/ros/humble/share/rosidl_generator_cpp/cmake)
[0.177s] -- Using all available rosidl_typesupport_c: rosidl_typesupport_fastrtps_c;rosidl_typesupport_introspection_c
[0.192s] -- Using all available rosidl_typesupport_cpp: rosidl_typesupport_fastrtps_cpp;rosidl_typesupport_introspection_cpp
[0.364s] -- Found rmw_implementation_cmake: 6.1.2 (/opt/ros/humble/share/rmw_implementation_cmake/cmake)
[0.365s] -- Found rmw_fastrtps_cpp: 6.2.8 (/opt/ros/humble/share/rmw_fastrtps_cpp/cmake)
[0.379s] -- Found TinyXML2 via Config file: TinyXML2_DIR-NOTFOUND
[0.385s] -- Found TinyXML2 via Config file: TinyXML2_DIR-NOTFOUND
[0.396s] -- Found TinyXML2 via Config file: TinyXML2_DIR-NOTFOUND
[0.402s] -- Found TinyXML2 via Config file: TinyXML2_DIR-NOTFOUND
[0.409s] -- Using RMW implementation 'rmw_fastrtps_cpp' as default
[0.443s] -- Found controller_manager: 2.52.0 (/opt/ros/humble/share/controller_manager/cmake)
[0.465s] -- Found husky_msgs: 1.0.8 (/home/rinav/ros2_ws/install/husky_msgs/share/husky_msgs/cmake)
[0.475s] -- Found nav_msgs: 4.9.0 (/opt/ros/humble/share/nav_msgs/cmake)
[0.488s] -- Found std_srvs: 4.9.0 (/opt/ros/humble/share/std_srvs/cmake)
[0.495s] -- Found tf2: 0.25.16 (/opt/ros/humble/share/tf2/cmake)
[0.497s] -- Found tf2_ros: 0.25.16 (/opt/ros/humble/share/tf2_ros/cmake)
[0.602s] -- Configuring done
[0.611s] -- Generating done
[0.615s] -- Build files have been written to: /home/rinav/ros2_ws/build/husky_base
[0.622s] Invoked command in '/home/rinav/ros2_ws/build/husky_base' returned '0': CMAKE_PREFIX_PATH=/home/rinav/ros2_ws/install/husky_msgs:/home/rinav/ros2_ws/install/husky_bringup:/home/rinav/ros2_ws/install/husky_base:/home/rinav/ros2_ws/install/husky_control:/home/rinav/ros2_ws/install/husky_description:/opt/ros/humble LD_LIBRARY_PATH=/home/rinav/ros2_ws/install/husky_msgs/lib:/home/rinav/ros2_ws/install/husky_base/lib:/opt/ros/humble/opt/rviz_ogre_vendor/lib:/opt/ros/humble/lib/aarch64-linux-gnu:/opt/ros/humble/lib /usr/bin/cmake /home/rinav/ros2_ws/src/husky/husky_base -DCMAKE_INSTALL_PREFIX=/home/rinav/ros2_ws/install/husky_base
[0.622s] Invoking command in '/home/rinav/ros2_ws/build/husky_base': CMAKE_PREFIX_PATH=/home/rinav/ros2_ws/install/husky_msgs:/home/rinav/ros2_ws/install/husky_bringup:/home/rinav/ros2_ws/install/husky_base:/home/rinav/ros2_ws/install/husky_control:/home/rinav/ros2_ws/install/husky_description:/opt/ros/humble LD_LIBRARY_PATH=/home/rinav/ros2_ws/install/husky_msgs/lib:/home/rinav/ros2_ws/install/husky_base/lib:/opt/ros/humble/opt/rviz_ogre_vendor/lib:/opt/ros/humble/lib/aarch64-linux-gnu:/opt/ros/humble/lib /usr/bin/cmake --build /home/rinav/ros2_ws/build/husky_base -- -j8 -l8
[0.652s] [35m[1mConsolidate compiler generated dependencies of target husky_hardware[0m
[0.695s] [100%] Built target husky_hardware
[0.747s] Invoked command in '/home/rinav/ros2_ws/build/husky_base' returned '0': CMAKE_PREFIX_PATH=/home/rinav/ros2_ws/install/husky_msgs:/home/rinav/ros2_ws/install/husky_bringup:/home/rinav/ros2_ws/install/husky_base:/home/rinav/ros2_ws/install/husky_control:/home/rinav/ros2_ws/install/husky_description:/opt/ros/humble LD_LIBRARY_PATH=/home/rinav/ros2_ws/install/husky_msgs/lib:/home/rinav/ros2_ws/install/husky_base/lib:/opt/ros/humble/opt/rviz_ogre_vendor/lib:/opt/ros/humble/lib/aarch64-linux-gnu:/opt/ros/humble/lib /usr/bin/cmake --build /home/rinav/ros2_ws/build/husky_base -- -j8 -l8
[0.747s] Invoking command in '/home/rinav/ros2_ws/build/husky_base': CMAKE_PREFIX_PATH=/home/rinav/ros2_ws/install/husky_msgs:/home/rinav/ros2_ws/install/husky_bringup:/home/rinav/ros2_ws/install/husky_base:/home/rinav/ros2_ws/install/husky_control:/home/rinav/ros2_ws/install/husky_description:/opt/ros/humble LD_LIBRARY_PATH=/home/rinav/ros2_ws/install/husky_msgs/lib:/home/rinav/ros2_ws/install/husky_base/lib:/opt/ros/humble/opt/rviz_ogre_vendor/lib:/opt/ros/humble/lib/aarch64-linux-gnu:/opt/ros/humble/lib /usr/bin/cmake --install /home/rinav/ros2_ws/build/husky_base
[0.771s] -- Install configuration: ""
[0.771s] -- Execute custom install script
[0.771s] -- Up-to-date symlink: /home/rinav/ros2_ws/install/husky_base/share/husky_base//husky_hardware.xml
[0.771s] -- Up-to-date symlink: /home/rinav/ros2_ws/install/husky_base/lib/libhusky_hardware.so
[0.771s] -- Up-to-date symlink: /home/rinav/ros2_ws/install/husky_base/include/husky_base/horizon_legacy/Exception.h
[0.771s] -- Up-to-date symlink: /home/rinav/ros2_ws/install/husky_base/include/husky_base/horizon_legacy/Logger.h
[0.771s] -- Up-to-date symlink: /home/rinav/ros2_ws/install/husky_base/include/husky_base/horizon_legacy/Message.h
[0.771s] -- Up-to-date symlink: /home/rinav/ros2_ws/install/husky_base/include/husky_base/horizon_legacy/Message_cmd.h
[0.775s] -- Up-to-date symlink: /home/rinav/ros2_ws/install/husky_base/include/husky_base/horizon_legacy/Message_data.h
[0.775s] -- Up-to-date symlink: /home/rinav/ros2_ws/install/husky_base/include/husky_base/horizon_legacy/Message_request.h
[0.775s] -- Up-to-date symlink: /home/rinav/ros2_ws/install/husky_base/include/husky_base/horizon_legacy/Number.h
[0.775s] -- Up-to-date symlink: /home/rinav/ros2_ws/install/husky_base/include/husky_base/horizon_legacy/Transport.h
[0.775s] -- Up-to-date symlink: /home/rinav/ros2_ws/install/husky_base/include/husky_base/horizon_legacy/clearpath.h
[0.775s] -- Up-to-date symlink: /home/rinav/ros2_ws/install/husky_base/include/husky_base/horizon_legacy/crc.h
[0.775s] -- Up-to-date symlink: /home/rinav/ros2_ws/install/husky_base/include/husky_base/horizon_legacy/serial.h
[0.775s] -- Up-to-date symlink: /home/rinav/ros2_ws/install/husky_base/include/husky_base/horizon_legacy_wrapper.h
[0.783s] -- Up-to-date symlink: /home/rinav/ros2_ws/install/husky_base/include/husky_base/husky_diagnostics.h
[0.783s] -- Up-to-date symlink: /home/rinav/ros2_ws/install/husky_base/include/husky_base/husky_hardware.hpp
[0.783s] -- Up-to-date symlink: /home/rinav/ros2_ws/install/husky_base/share/husky_base/launch/base.launch.py
[0.783s] -- Up-to-date symlink: /home/rinav/ros2_ws/install/husky_base/share/husky_base/environment/library_path.sh
[0.783s] -- Up-to-date symlink: /home/rinav/ros2_ws/install/husky_base/share/husky_base/environment/library_path.dsv
[0.783s] -- Up-to-date symlink: /home/rinav/ros2_ws/install/husky_base/share/ament_index/resource_index/package_run_dependencies/husky_base
[0.783s] -- Up-to-date symlink: /home/rinav/ros2_ws/install/husky_base/share/ament_index/resource_index/parent_prefix_path/husky_base
[0.783s] -- Up-to-date symlink: /home/rinav/ros2_ws/install/husky_base/share/husky_base/environment/ament_prefix_path.sh
[0.783s] -- Up-to-date symlink: /home/rinav/ros2_ws/install/husky_base/share/husky_base/environment/ament_prefix_path.dsv
[0.783s] -- Up-to-date symlink: /home/rinav/ros2_ws/install/husky_base/share/husky_base/environment/path.sh
[0.783s] -- Up-to-date symlink: /home/rinav/ros2_ws/install/husky_base/share/husky_base/environment/path.dsv
[0.783s] -- Up-to-date symlink: /home/rinav/ros2_ws/install/husky_base/share/husky_base/local_setup.bash
[0.783s] -- Up-to-date symlink: /home/rinav/ros2_ws/install/husky_base/share/husky_base/local_setup.sh
[0.783s] -- Up-to-date symlink: /home/rinav/ros2_ws/install/husky_base/share/husky_base/local_setup.zsh
[0.783s] -- Up-to-date symlink: /home/rinav/ros2_ws/install/husky_base/share/husky_base/local_setup.dsv
[0.783s] -- Symlinking: /home/rinav/ros2_ws/install/husky_base/share/husky_base/package.dsv
[0.783s] -- Up-to-date symlink: /home/rinav/ros2_ws/install/husky_base/share/ament_index/resource_index/packages/husky_base
[0.784s] -- Up-to-date symlink: /home/rinav/ros2_ws/install/husky_base/share/ament_index/resource_index/hardware_interface__pluginlib__plugin/husky_base
[0.784s] -- Up-to-date symlink: /home/rinav/ros2_ws/install/husky_base/share/husky_base/cmake/ament_cmake_export_include_directories-extras.cmake
[0.784s] -- Up-to-date symlink: /home/rinav/ros2_ws/install/husky_base/share/husky_base/cmake/ament_cmake_export_libraries-extras.cmake
[0.784s] -- Up-to-date symlink: /home/rinav/ros2_ws/install/husky_base/share/husky_base/cmake/ament_cmake_export_dependencies-extras.cmake
[0.784s] -- Up-to-date symlink: /home/rinav/ros2_ws/install/husky_base/share/husky_base/cmake/husky_baseConfig.cmake
[0.784s] -- Up-to-date symlink: /home/rinav/ros2_ws/install/husky_base/share/husky_base/cmake/husky_baseConfig-version.cmake
[0.784s] -- Up-to-date symlink: /home/rinav/ros2_ws/install/husky_base/share/husky_base/package.xml
[0.784s] Invoked command in '/home/rinav/ros2_ws/build/husky_base' returned '0': CMAKE_PREFIX_PATH=/home/rinav/ros2_ws/install/husky_msgs:/home/rinav/ros2_ws/install/husky_bringup:/home/rinav/ros2_ws/install/husky_base:/home/rinav/ros2_ws/install/husky_control:/home/rinav/ros2_ws/install/husky_description:/opt/ros/humble LD_LIBRARY_PATH=/home/rinav/ros2_ws/install/husky_msgs/lib:/home/rinav/ros2_ws/install/husky_base/lib:/opt/ros/humble/opt/rviz_ogre_vendor/lib:/opt/ros/humble/lib/aarch64-linux-gnu:/opt/ros/humble/lib /usr/bin/cmake --install /home/rinav/ros2_ws/build/husky_base
