[0.061s] Invoking command in '/home/rinav/ros2_ws/build/rosparam_shortcuts': CMAKE_PREFIX_PATH=${CMAKE_PREFIX_PATH}:/home/rinav/ros2_ws/install/trial_package:/home/rinav/ros2_ws/install/moveit_configs_utils:/home/rinav/ros2_ws/install/py_srvcli:/home/rinav/ros2_ws/install/py_pubsub:/home/rinav/ros2_ws/install/mobile_robotics:/home/rinav/ros2_ws/install/launch_param_builder:/opt/ros/humble /usr/bin/cmake --build /home/rinav/ros2_ws/build/rosparam_shortcuts -- -j8 -l8
[0.139s] [ 15%] Built target gtest_main
[0.139s] [ 30%] Built target gtest
[0.140s] [ 53%] Built target rosparam_shortcuts
[0.184s] [ 69%] Built target test_node_parameters
[0.195s] [ 84%] Built target rosparam_shortcuts_example
[0.205s] [100%] Built target rosparam_shortcuts_node_parameters_example
[0.405s] Invoked command in '/home/rinav/ros2_ws/build/rosparam_shortcuts' returned '0': CMAKE_PREFIX_PATH=${CMAKE_PREFIX_PATH}:/home/rinav/ros2_ws/install/trial_package:/home/rinav/ros2_ws/install/moveit_configs_utils:/home/rinav/ros2_ws/install/py_srvcli:/home/rinav/ros2_ws/install/py_pubsub:/home/rinav/ros2_ws/install/mobile_robotics:/home/rinav/ros2_ws/install/launch_param_builder:/opt/ros/humble /usr/bin/cmake --build /home/rinav/ros2_ws/build/rosparam_shortcuts -- -j8 -l8
[0.405s] Invoking command in '/home/rinav/ros2_ws/build/rosparam_shortcuts': CMAKE_PREFIX_PATH=${CMAKE_PREFIX_PATH}:/home/rinav/ros2_ws/install/trial_package:/home/rinav/ros2_ws/install/moveit_configs_utils:/home/rinav/ros2_ws/install/py_srvcli:/home/rinav/ros2_ws/install/py_pubsub:/home/rinav/ros2_ws/install/mobile_robotics:/home/rinav/ros2_ws/install/launch_param_builder:/opt/ros/humble /usr/bin/cmake --install /home/rinav/ros2_ws/build/rosparam_shortcuts
[0.413s] -- Install configuration: ""
[0.413s] -- Up-to-date: /home/rinav/ros2_ws/install/rosparam_shortcuts/lib/librosparam_shortcuts.so
[0.413s] -- Up-to-date: /home/rinav/ros2_ws/install/rosparam_shortcuts/lib/rosparam_shortcuts/example
[0.413s] -- Up-to-date: /home/rinav/ros2_ws/install/rosparam_shortcuts/lib/rosparam_shortcuts/node_parameters_example
[0.413s] -- Up-to-date: /home/rinav/ros2_ws/install/rosparam_shortcuts/include
[0.413s] -- Up-to-date: /home/rinav/ros2_ws/install/rosparam_shortcuts/include/rosparam_shortcuts
[0.413s] -- Up-to-date: /home/rinav/ros2_ws/install/rosparam_shortcuts/include/rosparam_shortcuts/node_parameters.h
[0.413s] -- Up-to-date: /home/rinav/ros2_ws/install/rosparam_shortcuts/include/rosparam_shortcuts/rosparam_shortcuts.h
[0.413s] -- Up-to-date: /home/rinav/ros2_ws/install/rosparam_shortcuts/share/rosparam_shortcuts/launch
[0.413s] -- Up-to-date: /home/rinav/ros2_ws/install/rosparam_shortcuts/share/rosparam_shortcuts/launch/example.launch.py
[0.413s] -- Up-to-date: /home/rinav/ros2_ws/install/rosparam_shortcuts/share/rosparam_shortcuts/config
[0.413s] -- Up-to-date: /home/rinav/ros2_ws/install/rosparam_shortcuts/share/rosparam_shortcuts/config/example.yaml
[0.413s] -- Up-to-date: /home/rinav/ros2_ws/install/rosparam_shortcuts/share/rosparam_shortcuts/environment/library_path.sh
[0.414s] -- Up-to-date: /home/rinav/ros2_ws/install/rosparam_shortcuts/share/rosparam_shortcuts/environment/library_path.dsv
[0.437s] -- Up-to-date: /home/rinav/ros2_ws/install/rosparam_shortcuts/share/ament_index/resource_index/package_run_dependencies/rosparam_shortcuts
[0.437s] -- Up-to-date: /home/rinav/ros2_ws/install/rosparam_shortcuts/share/ament_index/resource_index/parent_prefix_path/rosparam_shortcuts
[0.437s] -- Up-to-date: /home/rinav/ros2_ws/install/rosparam_shortcuts/share/rosparam_shortcuts/environment/ament_prefix_path.sh
[0.437s] -- Up-to-date: /home/rinav/ros2_ws/install/rosparam_shortcuts/share/rosparam_shortcuts/environment/ament_prefix_path.dsv
[0.437s] -- Up-to-date: /home/rinav/ros2_ws/install/rosparam_shortcuts/share/rosparam_shortcuts/environment/path.sh
[0.438s] -- Up-to-date: /home/rinav/ros2_ws/install/rosparam_shortcuts/share/rosparam_shortcuts/environment/path.dsv
[0.438s] -- Up-to-date: /home/rinav/ros2_ws/install/rosparam_shortcuts/share/rosparam_shortcuts/local_setup.bash
[0.438s] -- Up-to-date: /home/rinav/ros2_ws/install/rosparam_shortcuts/share/rosparam_shortcuts/local_setup.sh
[0.438s] -- Up-to-date: /home/rinav/ros2_ws/install/rosparam_shortcuts/share/rosparam_shortcuts/local_setup.zsh
[0.438s] -- Up-to-date: /home/rinav/ros2_ws/install/rosparam_shortcuts/share/rosparam_shortcuts/local_setup.dsv
[0.438s] -- Installing: /home/rinav/ros2_ws/install/rosparam_shortcuts/share/rosparam_shortcuts/package.dsv
[0.438s] -- Up-to-date: /home/rinav/ros2_ws/install/rosparam_shortcuts/share/ament_index/resource_index/packages/rosparam_shortcuts
[0.438s] -- Up-to-date: /home/rinav/ros2_ws/install/rosparam_shortcuts/share/rosparam_shortcuts/cmake/export_rosparam_shortcutsExport.cmake
[0.438s] -- Up-to-date: /home/rinav/ros2_ws/install/rosparam_shortcuts/share/rosparam_shortcuts/cmake/export_rosparam_shortcutsExport-noconfig.cmake
[0.438s] -- Up-to-date: /home/rinav/ros2_ws/install/rosparam_shortcuts/share/rosparam_shortcuts/cmake/ament_cmake_export_targets-extras.cmake
[0.438s] -- Up-to-date: /home/rinav/ros2_ws/install/rosparam_shortcuts/share/rosparam_shortcuts/cmake/ament_cmake_export_dependencies-extras.cmake
[0.438s] -- Up-to-date: /home/rinav/ros2_ws/install/rosparam_shortcuts/share/rosparam_shortcuts/cmake/rosparam_shortcutsConfig.cmake
[0.438s] -- Up-to-date: /home/rinav/ros2_ws/install/rosparam_shortcuts/share/rosparam_shortcuts/cmake/rosparam_shortcutsConfig-version.cmake
[0.438s] -- Up-to-date: /home/rinav/ros2_ws/install/rosparam_shortcuts/share/rosparam_shortcuts/package.xml
[0.462s] Invoked command in '/home/rinav/ros2_ws/build/rosparam_shortcuts' returned '0': CMAKE_PREFIX_PATH=${CMAKE_PREFIX_PATH}:/home/rinav/ros2_ws/install/trial_package:/home/rinav/ros2_ws/install/moveit_configs_utils:/home/rinav/ros2_ws/install/py_srvcli:/home/rinav/ros2_ws/install/py_pubsub:/home/rinav/ros2_ws/install/mobile_robotics:/home/rinav/ros2_ws/install/launch_param_builder:/opt/ros/humble /usr/bin/cmake --install /home/rinav/ros2_ws/build/rosparam_shortcuts
