[0.072s] Invoking command in '/home/rinav/ros2_ws/build/husky_msgs': CMAKE_PREFIX_PATH=${CMAKE_PREFIX_PATH}:/opt/ros/humble:/home/rinav/ros2_ws/install/trial_package:/home/rinav/ros2_ws/install/py_srvcli:/home/rinav/ros2_ws/install/py_pubsub:/home/rinav/ros2_ws/install/mobile_robotics:/home/rinav/ros2_ws/install/launch_param_builder /usr/bin/cmake --build /home/rinav/ros2_ws/build/husky_msgs -- -j8 -l8
[0.392s] [  3%] Built target husky_msgs__cpp
[0.393s] [  3%] Built target ament_cmake_python_copy_husky_msgs
[0.393s] [ 12%] Built target husky_msgs__rosidl_typesupport_introspection_cpp
[0.557s] running egg_info
[0.557s] writing husky_msgs.egg-info/PKG-INFO
[0.557s] writing dependency_links to husky_msgs.egg-info/dependency_links.txt
[0.557s] writing top-level names to husky_msgs.egg-info/top_level.txt
[0.559s] reading manifest file 'husky_msgs.egg-info/SOURCES.txt'
[0.559s] writing manifest file 'husky_msgs.egg-info/SOURCES.txt'
[0.591s] [ 12%] Built target ament_cmake_python_build_husky_msgs_egg
[0.617s] [ 22%] Built target husky_msgs__rosidl_typesupport_fastrtps_cpp
[0.663s] [ 32%] Built target husky_msgs__rosidl_typesupport_cpp
[0.682s] [ 41%] Built target husky_msgs__rosidl_generator_c
[0.862s] [ 51%] Built target husky_msgs__rosidl_typesupport_fastrtps_c
[0.862s] [ 61%] Built target husky_msgs__rosidl_typesupport_c
[0.864s] [ 70%] Built target husky_msgs__rosidl_typesupport_introspection_c
[0.875s] [ 70%] Built target husky_msgs
[0.940s] [ 74%] Built target husky_msgs__py
[1.004s] [ 80%] Built target husky_msgs__rosidl_generator_py
[1.099s] [ 87%] Built target husky_msgs__rosidl_typesupport_fastrtps_c__pyext
[1.137s] [ 93%] Built target husky_msgs__rosidl_typesupport_c__pyext
[1.247s] [100%] Built target husky_msgs__rosidl_typesupport_introspection_c__pyext
[1.304s] Invoked command in '/home/rinav/ros2_ws/build/husky_msgs' returned '0': CMAKE_PREFIX_PATH=${CMAKE_PREFIX_PATH}:/opt/ros/humble:/home/rinav/ros2_ws/install/trial_package:/home/rinav/ros2_ws/install/py_srvcli:/home/rinav/ros2_ws/install/py_pubsub:/home/rinav/ros2_ws/install/mobile_robotics:/home/rinav/ros2_ws/install/launch_param_builder /usr/bin/cmake --build /home/rinav/ros2_ws/build/husky_msgs -- -j8 -l8
[1.312s] Invoking command in '/home/rinav/ros2_ws/build/husky_msgs': CMAKE_PREFIX_PATH=${CMAKE_PREFIX_PATH}:/opt/ros/humble:/home/rinav/ros2_ws/install/trial_package:/home/rinav/ros2_ws/install/py_srvcli:/home/rinav/ros2_ws/install/py_pubsub:/home/rinav/ros2_ws/install/mobile_robotics:/home/rinav/ros2_ws/install/launch_param_builder /usr/bin/cmake --install /home/rinav/ros2_ws/build/husky_msgs
[1.697s] -- Install configuration: ""
[1.697s] -- Up-to-date: /home/rinav/ros2_ws/install/husky_msgs/share/ament_index/resource_index/rosidl_interfaces/husky_msgs
[1.697s] -- Up-to-date: /home/rinav/ros2_ws/install/husky_msgs/include/husky_msgs/husky_msgs
[1.697s] -- Up-to-date: /home/rinav/ros2_ws/install/husky_msgs/include/husky_msgs/husky_msgs/msg
[1.697s] -- Up-to-date: /home/rinav/ros2_ws/install/husky_msgs/include/husky_msgs/husky_msgs/msg/detail
[1.698s] -- Up-to-date: /home/rinav/ros2_ws/install/husky_msgs/include/husky_msgs/husky_msgs/msg/detail/husky_status__struct.h
[1.698s] -- Up-to-date: /home/rinav/ros2_ws/install/husky_msgs/include/husky_msgs/husky_msgs/msg/detail/husky_status__functions.h
[1.698s] -- Up-to-date: /home/rinav/ros2_ws/install/husky_msgs/include/husky_msgs/husky_msgs/msg/detail/husky_status__functions.c
[1.698s] -- Up-to-date: /home/rinav/ros2_ws/install/husky_msgs/include/husky_msgs/husky_msgs/msg/detail/husky_status__type_support.h
[1.698s] -- Up-to-date: /home/rinav/ros2_ws/install/husky_msgs/include/husky_msgs/husky_msgs/msg/rosidl_generator_c__visibility_control.h
[1.698s] -- Up-to-date: /home/rinav/ros2_ws/install/husky_msgs/include/husky_msgs/husky_msgs/msg/husky_status.h
[1.699s] -- Up-to-date: /home/rinav/ros2_ws/install/husky_msgs/share/husky_msgs/environment/library_path.sh
[1.699s] -- Up-to-date: /home/rinav/ros2_ws/install/husky_msgs/share/husky_msgs/environment/library_path.dsv
[1.699s] -- Up-to-date: /home/rinav/ros2_ws/install/husky_msgs/lib/libhusky_msgs__rosidl_generator_c.so
[1.699s] -- Up-to-date: /home/rinav/ros2_ws/install/husky_msgs/include/husky_msgs/husky_msgs
[1.699s] -- Up-to-date: /home/rinav/ros2_ws/install/husky_msgs/include/husky_msgs/husky_msgs/msg
[1.699s] -- Up-to-date: /home/rinav/ros2_ws/install/husky_msgs/include/husky_msgs/husky_msgs/msg/detail
[1.699s] -- Up-to-date: /home/rinav/ros2_ws/install/husky_msgs/include/husky_msgs/husky_msgs/msg/detail/husky_status__rosidl_typesupport_fastrtps_c.h
[1.699s] -- Up-to-date: /home/rinav/ros2_ws/install/husky_msgs/include/husky_msgs/husky_msgs/msg/rosidl_typesupport_fastrtps_c__visibility_control.h
[1.699s] -- Up-to-date: /home/rinav/ros2_ws/install/husky_msgs/lib/libhusky_msgs__rosidl_typesupport_fastrtps_c.so
[1.699s] -- Up-to-date: /home/rinav/ros2_ws/install/husky_msgs/include/husky_msgs/husky_msgs
[1.699s] -- Up-to-date: /home/rinav/ros2_ws/install/husky_msgs/include/husky_msgs/husky_msgs/msg
[1.699s] -- Up-to-date: /home/rinav/ros2_ws/install/husky_msgs/include/husky_msgs/husky_msgs/msg/detail
[1.700s] -- Up-to-date: /home/rinav/ros2_ws/install/husky_msgs/include/husky_msgs/husky_msgs/msg/detail/husky_status__struct.hpp
[1.701s] -- Up-to-date: /home/rinav/ros2_ws/install/husky_msgs/include/husky_msgs/husky_msgs/msg/detail/husky_status__builder.hpp
[1.701s] -- Up-to-date: /home/rinav/ros2_ws/install/husky_msgs/include/husky_msgs/husky_msgs/msg/detail/husky_status__traits.hpp
[1.701s] -- Up-to-date: /home/rinav/ros2_ws/install/husky_msgs/include/husky_msgs/husky_msgs/msg/detail/husky_status__type_support.hpp
[1.701s] -- Up-to-date: /home/rinav/ros2_ws/install/husky_msgs/include/husky_msgs/husky_msgs/msg/husky_status.hpp
[1.701s] -- Up-to-date: /home/rinav/ros2_ws/install/husky_msgs/include/husky_msgs/husky_msgs/msg/rosidl_generator_cpp__visibility_control.hpp
[1.702s] -- Up-to-date: /home/rinav/ros2_ws/install/husky_msgs/include/husky_msgs/husky_msgs
[1.702s] -- Up-to-date: /home/rinav/ros2_ws/install/husky_msgs/include/husky_msgs/husky_msgs/msg
[1.702s] -- Up-to-date: /home/rinav/ros2_ws/install/husky_msgs/include/husky_msgs/husky_msgs/msg/detail
[1.702s] -- Up-to-date: /home/rinav/ros2_ws/install/husky_msgs/include/husky_msgs/husky_msgs/msg/detail/husky_status__rosidl_typesupport_fastrtps_cpp.hpp
[1.702s] -- Up-to-date: /home/rinav/ros2_ws/install/husky_msgs/include/husky_msgs/husky_msgs/msg/detail/dds_fastrtps
[1.702s] -- Up-to-date: /home/rinav/ros2_ws/install/husky_msgs/include/husky_msgs/husky_msgs/msg/rosidl_typesupport_fastrtps_cpp__visibility_control.h
[1.702s] -- Up-to-date: /home/rinav/ros2_ws/install/husky_msgs/lib/libhusky_msgs__rosidl_typesupport_fastrtps_cpp.so
[1.702s] -- Up-to-date: /home/rinav/ros2_ws/install/husky_msgs/include/husky_msgs/husky_msgs
[1.702s] -- Up-to-date: /home/rinav/ros2_ws/install/husky_msgs/include/husky_msgs/husky_msgs/msg
[1.704s] -- Up-to-date: /home/rinav/ros2_ws/install/husky_msgs/include/husky_msgs/husky_msgs/msg/detail
[1.704s] -- Up-to-date: /home/rinav/ros2_ws/install/husky_msgs/include/husky_msgs/husky_msgs/msg/detail/husky_status__type_support.c
[1.704s] -- Up-to-date: /home/rinav/ros2_ws/install/husky_msgs/include/husky_msgs/husky_msgs/msg/detail/husky_status__rosidl_typesupport_introspection_c.h
[1.704s] -- Up-to-date: /home/rinav/ros2_ws/install/husky_msgs/include/husky_msgs/husky_msgs/msg/rosidl_typesupport_introspection_c__visibility_control.h
[1.705s] -- Up-to-date: /home/rinav/ros2_ws/install/husky_msgs/lib/libhusky_msgs__rosidl_typesupport_introspection_c.so
[1.705s] -- Up-to-date: /home/rinav/ros2_ws/install/husky_msgs/lib/libhusky_msgs__rosidl_typesupport_c.so
[1.705s] -- Up-to-date: /home/rinav/ros2_ws/install/husky_msgs/include/husky_msgs/husky_msgs
[1.705s] -- Up-to-date: /home/rinav/ros2_ws/install/husky_msgs/include/husky_msgs/husky_msgs/msg
[1.705s] -- Up-to-date: /home/rinav/ros2_ws/install/husky_msgs/include/husky_msgs/husky_msgs/msg/detail
[1.705s] -- Up-to-date: /home/rinav/ros2_ws/install/husky_msgs/include/husky_msgs/husky_msgs/msg/detail/husky_status__rosidl_typesupport_introspection_cpp.hpp
[1.705s] -- Up-to-date: /home/rinav/ros2_ws/install/husky_msgs/include/husky_msgs/husky_msgs/msg/detail/husky_status__type_support.cpp
[1.706s] -- Up-to-date: /home/rinav/ros2_ws/install/husky_msgs/lib/libhusky_msgs__rosidl_typesupport_introspection_cpp.so
[1.706s] -- Up-to-date: /home/rinav/ros2_ws/install/husky_msgs/lib/libhusky_msgs__rosidl_typesupport_cpp.so
[1.706s] -- Up-to-date: /home/rinav/ros2_ws/install/husky_msgs/share/husky_msgs/environment/pythonpath.sh
[1.706s] -- Up-to-date: /home/rinav/ros2_ws/install/husky_msgs/share/husky_msgs/environment/pythonpath.dsv
[1.706s] -- Up-to-date: /home/rinav/ros2_ws/install/husky_msgs/local/lib/python3.10/dist-packages/husky_msgs-1.0.8-py3.10.egg-info
[1.707s] -- Installing: /home/rinav/ros2_ws/install/husky_msgs/local/lib/python3.10/dist-packages/husky_msgs-1.0.8-py3.10.egg-info/dependency_links.txt
[1.707s] -- Installing: /home/rinav/ros2_ws/install/husky_msgs/local/lib/python3.10/dist-packages/husky_msgs-1.0.8-py3.10.egg-info/PKG-INFO
[1.707s] -- Installing: /home/rinav/ros2_ws/install/husky_msgs/local/lib/python3.10/dist-packages/husky_msgs-1.0.8-py3.10.egg-info/top_level.txt
[1.707s] -- Installing: /home/rinav/ros2_ws/install/husky_msgs/local/lib/python3.10/dist-packages/husky_msgs-1.0.8-py3.10.egg-info/SOURCES.txt
[1.707s] -- Up-to-date: /home/rinav/ros2_ws/install/husky_msgs/local/lib/python3.10/dist-packages/husky_msgs
[1.707s] -- Up-to-date: /home/rinav/ros2_ws/install/husky_msgs/local/lib/python3.10/dist-packages/husky_msgs/_husky_msgs_s.ep.rosidl_typesupport_c.c
[1.707s] -- Up-to-date: /home/rinav/ros2_ws/install/husky_msgs/local/lib/python3.10/dist-packages/husky_msgs/_husky_msgs_s.ep.rosidl_typesupport_introspection_c.c
[1.707s] -- Up-to-date: /home/rinav/ros2_ws/install/husky_msgs/local/lib/python3.10/dist-packages/husky_msgs/husky_msgs_s__rosidl_typesupport_introspection_c.cpython-310-aarch64-linux-gnu.so
[1.707s] -- Up-to-date: /home/rinav/ros2_ws/install/husky_msgs/local/lib/python3.10/dist-packages/husky_msgs/msg
[1.707s] -- Up-to-date: /home/rinav/ros2_ws/install/husky_msgs/local/lib/python3.10/dist-packages/husky_msgs/msg/_husky_status_s.c
[1.707s] -- Up-to-date: /home/rinav/ros2_ws/install/husky_msgs/local/lib/python3.10/dist-packages/husky_msgs/msg/_husky_status.py
[1.707s] -- Up-to-date: /home/rinav/ros2_ws/install/husky_msgs/local/lib/python3.10/dist-packages/husky_msgs/msg/__init__.py
[1.707s] -- Up-to-date: /home/rinav/ros2_ws/install/husky_msgs/local/lib/python3.10/dist-packages/husky_msgs/husky_msgs_s__rosidl_typesupport_fastrtps_c.cpython-310-aarch64-linux-gnu.so
[1.707s] -- Up-to-date: /home/rinav/ros2_ws/install/husky_msgs/local/lib/python3.10/dist-packages/husky_msgs/libhusky_msgs__rosidl_generator_py.so
[1.708s] -- Up-to-date: /home/rinav/ros2_ws/install/husky_msgs/local/lib/python3.10/dist-packages/husky_msgs/__init__.py
[1.708s] -- Up-to-date: /home/rinav/ros2_ws/install/husky_msgs/local/lib/python3.10/dist-packages/husky_msgs/_husky_msgs_s.ep.rosidl_typesupport_fastrtps_c.c
[1.708s] -- Up-to-date: /home/rinav/ros2_ws/install/husky_msgs/local/lib/python3.10/dist-packages/husky_msgs/husky_msgs_s__rosidl_typesupport_c.cpython-310-aarch64-linux-gnu.so
[1.708s] Listing '/home/rinav/ros2_ws/install/husky_msgs/local/lib/python3.10/dist-packages/husky_msgs'...
[1.708s] Listing '/home/rinav/ros2_ws/install/husky_msgs/local/lib/python3.10/dist-packages/husky_msgs/msg'...
[1.708s] -- Up-to-date: /home/rinav/ros2_ws/install/husky_msgs/local/lib/python3.10/dist-packages/husky_msgs/husky_msgs_s__rosidl_typesupport_fastrtps_c.cpython-310-aarch64-linux-gnu.so
[1.708s] -- Up-to-date: /home/rinav/ros2_ws/install/husky_msgs/local/lib/python3.10/dist-packages/husky_msgs/husky_msgs_s__rosidl_typesupport_introspection_c.cpython-310-aarch64-linux-gnu.so
[1.708s] -- Up-to-date: /home/rinav/ros2_ws/install/husky_msgs/local/lib/python3.10/dist-packages/husky_msgs/husky_msgs_s__rosidl_typesupport_c.cpython-310-aarch64-linux-gnu.so
[1.708s] -- Up-to-date: /home/rinav/ros2_ws/install/husky_msgs/lib/libhusky_msgs__rosidl_generator_py.so
[1.709s] -- Up-to-date: /home/rinav/ros2_ws/install/husky_msgs/share/husky_msgs/msg/HuskyStatus.idl
[1.709s] -- Up-to-date: /home/rinav/ros2_ws/install/husky_msgs/share/husky_msgs/msg/HuskyStatus.msg
[1.709s] -- Up-to-date: /home/rinav/ros2_ws/install/husky_msgs/share/ament_index/resource_index/package_run_dependencies/husky_msgs
[1.709s] -- Up-to-date: /home/rinav/ros2_ws/install/husky_msgs/share/ament_index/resource_index/parent_prefix_path/husky_msgs
[1.709s] -- Up-to-date: /home/rinav/ros2_ws/install/husky_msgs/share/husky_msgs/environment/ament_prefix_path.sh
[1.709s] -- Up-to-date: /home/rinav/ros2_ws/install/husky_msgs/share/husky_msgs/environment/ament_prefix_path.dsv
[1.709s] -- Up-to-date: /home/rinav/ros2_ws/install/husky_msgs/share/husky_msgs/environment/path.sh
[1.709s] -- Up-to-date: /home/rinav/ros2_ws/install/husky_msgs/share/husky_msgs/environment/path.dsv
[1.710s] -- Up-to-date: /home/rinav/ros2_ws/install/husky_msgs/share/husky_msgs/local_setup.bash
[1.710s] -- Up-to-date: /home/rinav/ros2_ws/install/husky_msgs/share/husky_msgs/local_setup.sh
[1.710s] -- Up-to-date: /home/rinav/ros2_ws/install/husky_msgs/share/husky_msgs/local_setup.zsh
[1.710s] -- Up-to-date: /home/rinav/ros2_ws/install/husky_msgs/share/husky_msgs/local_setup.dsv
[1.710s] -- Installing: /home/rinav/ros2_ws/install/husky_msgs/share/husky_msgs/package.dsv
[1.710s] -- Up-to-date: /home/rinav/ros2_ws/install/husky_msgs/share/ament_index/resource_index/packages/husky_msgs
[1.710s] -- Up-to-date: /home/rinav/ros2_ws/install/husky_msgs/share/husky_msgs/cmake/export_husky_msgs__rosidl_generator_cExport.cmake
[1.710s] -- Up-to-date: /home/rinav/ros2_ws/install/husky_msgs/share/husky_msgs/cmake/export_husky_msgs__rosidl_generator_cExport-noconfig.cmake
[1.710s] -- Up-to-date: /home/rinav/ros2_ws/install/husky_msgs/share/husky_msgs/cmake/export_husky_msgs__rosidl_typesupport_fastrtps_cExport.cmake
[1.710s] -- Up-to-date: /home/rinav/ros2_ws/install/husky_msgs/share/husky_msgs/cmake/export_husky_msgs__rosidl_typesupport_fastrtps_cExport-noconfig.cmake
[1.710s] -- Up-to-date: /home/rinav/ros2_ws/install/husky_msgs/share/husky_msgs/cmake/export_husky_msgs__rosidl_generator_cppExport.cmake
[1.710s] -- Up-to-date: /home/rinav/ros2_ws/install/husky_msgs/share/husky_msgs/cmake/export_husky_msgs__rosidl_typesupport_fastrtps_cppExport.cmake
[1.710s] -- Up-to-date: /home/rinav/ros2_ws/install/husky_msgs/share/husky_msgs/cmake/export_husky_msgs__rosidl_typesupport_fastrtps_cppExport-noconfig.cmake
[1.710s] -- Up-to-date: /home/rinav/ros2_ws/install/husky_msgs/share/husky_msgs/cmake/husky_msgs__rosidl_typesupport_introspection_cExport.cmake
[1.711s] -- Up-to-date: /home/rinav/ros2_ws/install/husky_msgs/share/husky_msgs/cmake/husky_msgs__rosidl_typesupport_introspection_cExport-noconfig.cmake
[1.711s] -- Up-to-date: /home/rinav/ros2_ws/install/husky_msgs/share/husky_msgs/cmake/husky_msgs__rosidl_typesupport_cExport.cmake
[1.711s] -- Up-to-date: /home/rinav/ros2_ws/install/husky_msgs/share/husky_msgs/cmake/husky_msgs__rosidl_typesupport_cExport-noconfig.cmake
[1.711s] -- Up-to-date: /home/rinav/ros2_ws/install/husky_msgs/share/husky_msgs/cmake/husky_msgs__rosidl_typesupport_introspection_cppExport.cmake
[1.711s] -- Up-to-date: /home/rinav/ros2_ws/install/husky_msgs/share/husky_msgs/cmake/husky_msgs__rosidl_typesupport_introspection_cppExport-noconfig.cmake
[1.711s] -- Up-to-date: /home/rinav/ros2_ws/install/husky_msgs/share/husky_msgs/cmake/husky_msgs__rosidl_typesupport_cppExport.cmake
[1.711s] -- Up-to-date: /home/rinav/ros2_ws/install/husky_msgs/share/husky_msgs/cmake/husky_msgs__rosidl_typesupport_cppExport-noconfig.cmake
[1.711s] -- Up-to-date: /home/rinav/ros2_ws/install/husky_msgs/share/husky_msgs/cmake/export_husky_msgs__rosidl_generator_pyExport.cmake
[1.711s] -- Up-to-date: /home/rinav/ros2_ws/install/husky_msgs/share/husky_msgs/cmake/export_husky_msgs__rosidl_generator_pyExport-noconfig.cmake
[1.711s] -- Up-to-date: /home/rinav/ros2_ws/install/husky_msgs/share/husky_msgs/cmake/rosidl_cmake-extras.cmake
[1.711s] -- Up-to-date: /home/rinav/ros2_ws/install/husky_msgs/share/husky_msgs/cmake/ament_cmake_export_dependencies-extras.cmake
[1.711s] -- Up-to-date: /home/rinav/ros2_ws/install/husky_msgs/share/husky_msgs/cmake/ament_cmake_export_include_directories-extras.cmake
[1.711s] -- Up-to-date: /home/rinav/ros2_ws/install/husky_msgs/share/husky_msgs/cmake/ament_cmake_export_libraries-extras.cmake
[1.711s] -- Up-to-date: /home/rinav/ros2_ws/install/husky_msgs/share/husky_msgs/cmake/ament_cmake_export_targets-extras.cmake
[1.711s] -- Up-to-date: /home/rinav/ros2_ws/install/husky_msgs/share/husky_msgs/cmake/rosidl_cmake_export_typesupport_targets-extras.cmake
[1.711s] -- Up-to-date: /home/rinav/ros2_ws/install/husky_msgs/share/husky_msgs/cmake/rosidl_cmake_export_typesupport_libraries-extras.cmake
[1.711s] -- Up-to-date: /home/rinav/ros2_ws/install/husky_msgs/share/husky_msgs/cmake/husky_msgsConfig.cmake
[1.711s] -- Up-to-date: /home/rinav/ros2_ws/install/husky_msgs/share/husky_msgs/cmake/husky_msgsConfig-version.cmake
[1.711s] -- Up-to-date: /home/rinav/ros2_ws/install/husky_msgs/share/husky_msgs/package.xml
[1.783s] Invoked command in '/home/rinav/ros2_ws/build/husky_msgs' returned '0': CMAKE_PREFIX_PATH=${CMAKE_PREFIX_PATH}:/opt/ros/humble:/home/rinav/ros2_ws/install/trial_package:/home/rinav/ros2_ws/install/py_srvcli:/home/rinav/ros2_ws/install/py_pubsub:/home/rinav/ros2_ws/install/mobile_robotics:/home/rinav/ros2_ws/install/launch_param_builder /usr/bin/cmake --install /home/rinav/ros2_ws/build/husky_msgs
