[0.019s] Invoking command in '/home/rinav/ros2_ws/build/husky_base': CMAKE_PREFIX_PATH=/home/rinav/ros2_ws/install/husky_msgs:/home/rinav/ros2_ws/install/husky_bringup:/home/rinav/ros2_ws/install/husky_base:/home/rinav/ros2_ws/install/husky_control:/home/rinav/ros2_ws/install/husky_description:/home/rinav/ros2_ws/install/mobile_robotics:/opt/ros/humble LD_LIBRARY_PATH=/home/rinav/ros2_ws/install/husky_msgs/lib:/home/rinav/ros2_ws/install/husky_base/lib:/opt/ros/humble/opt/rviz_ogre_vendor/lib:/opt/ros/humble/lib/aarch64-linux-gnu:/opt/ros/humble/lib /usr/bin/cmake --build /home/rinav/ros2_ws/build/husky_base -- -j8 -l8
[0.069s] [100%] Built target husky_hardware
[0.081s] Invoked command in '/home/rinav/ros2_ws/build/husky_base' returned '0': CMAKE_PREFIX_PATH=/home/rinav/ros2_ws/install/husky_msgs:/home/rinav/ros2_ws/install/husky_bringup:/home/rinav/ros2_ws/install/husky_base:/home/rinav/ros2_ws/install/husky_control:/home/rinav/ros2_ws/install/husky_description:/home/rinav/ros2_ws/install/mobile_robotics:/opt/ros/humble LD_LIBRARY_PATH=/home/rinav/ros2_ws/install/husky_msgs/lib:/home/rinav/ros2_ws/install/husky_base/lib:/opt/ros/humble/opt/rviz_ogre_vendor/lib:/opt/ros/humble/lib/aarch64-linux-gnu:/opt/ros/humble/lib /usr/bin/cmake --build /home/rinav/ros2_ws/build/husky_base -- -j8 -l8
[0.082s] Invoking command in '/home/rinav/ros2_ws/build/husky_base': CMAKE_PREFIX_PATH=/home/rinav/ros2_ws/install/husky_msgs:/home/rinav/ros2_ws/install/husky_bringup:/home/rinav/ros2_ws/install/husky_base:/home/rinav/ros2_ws/install/husky_control:/home/rinav/ros2_ws/install/husky_description:/home/rinav/ros2_ws/install/mobile_robotics:/opt/ros/humble LD_LIBRARY_PATH=/home/rinav/ros2_ws/install/husky_msgs/lib:/home/rinav/ros2_ws/install/husky_base/lib:/opt/ros/humble/opt/rviz_ogre_vendor/lib:/opt/ros/humble/lib/aarch64-linux-gnu:/opt/ros/humble/lib /usr/bin/cmake --install /home/rinav/ros2_ws/build/husky_base
[0.091s] -- Install configuration: ""
[0.091s] -- Execute custom install script
[0.091s] -- Up-to-date symlink: /home/rinav/ros2_ws/install/husky_base/share/husky_base//husky_hardware.xml
[0.091s] -- Up-to-date symlink: /home/rinav/ros2_ws/install/husky_base/lib/libhusky_hardware.so
[0.091s] -- Up-to-date symlink: /home/rinav/ros2_ws/install/husky_base/include/husky_base/horizon_legacy/Exception.h
[0.091s] -- Up-to-date symlink: /home/rinav/ros2_ws/install/husky_base/include/husky_base/horizon_legacy/Logger.h
[0.091s] -- Up-to-date symlink: /home/rinav/ros2_ws/install/husky_base/include/husky_base/horizon_legacy/Message.h
[0.091s] -- Up-to-date symlink: /home/rinav/ros2_ws/install/husky_base/include/husky_base/horizon_legacy/Message_cmd.h
[0.091s] -- Up-to-date symlink: /home/rinav/ros2_ws/install/husky_base/include/husky_base/horizon_legacy/Message_data.h
[0.091s] -- Up-to-date symlink: /home/rinav/ros2_ws/install/husky_base/include/husky_base/horizon_legacy/Message_request.h
[0.091s] -- Up-to-date symlink: /home/rinav/ros2_ws/install/husky_base/include/husky_base/horizon_legacy/Number.h
[0.091s] -- Up-to-date symlink: /home/rinav/ros2_ws/install/husky_base/include/husky_base/horizon_legacy/Transport.h
[0.091s] -- Up-to-date symlink: /home/rinav/ros2_ws/install/husky_base/include/husky_base/horizon_legacy/clearpath.h
[0.091s] -- Up-to-date symlink: /home/rinav/ros2_ws/install/husky_base/include/husky_base/horizon_legacy/crc.h
[0.091s] -- Up-to-date symlink: /home/rinav/ros2_ws/install/husky_base/include/husky_base/horizon_legacy/serial.h
[0.091s] -- Up-to-date symlink: /home/rinav/ros2_ws/install/husky_base/include/husky_base/horizon_legacy_wrapper.h
[0.091s] -- Up-to-date symlink: /home/rinav/ros2_ws/install/husky_base/include/husky_base/husky_diagnostics.h
[0.091s] -- Up-to-date symlink: /home/rinav/ros2_ws/install/husky_base/include/husky_base/husky_hardware.hpp
[0.091s] -- Up-to-date symlink: /home/rinav/ros2_ws/install/husky_base/share/husky_base/launch/base.launch.py
[0.091s] -- Up-to-date symlink: /home/rinav/ros2_ws/install/husky_base/share/husky_base/environment/library_path.sh
[0.091s] -- Up-to-date symlink: /home/rinav/ros2_ws/install/husky_base/share/husky_base/environment/library_path.dsv
[0.091s] -- Up-to-date symlink: /home/rinav/ros2_ws/install/husky_base/share/ament_index/resource_index/package_run_dependencies/husky_base
[0.091s] -- Up-to-date symlink: /home/rinav/ros2_ws/install/husky_base/share/ament_index/resource_index/parent_prefix_path/husky_base
[0.091s] -- Up-to-date symlink: /home/rinav/ros2_ws/install/husky_base/share/husky_base/environment/ament_prefix_path.sh
[0.091s] -- Up-to-date symlink: /home/rinav/ros2_ws/install/husky_base/share/husky_base/environment/ament_prefix_path.dsv
[0.091s] -- Up-to-date symlink: /home/rinav/ros2_ws/install/husky_base/share/husky_base/environment/path.sh
[0.092s] -- Up-to-date symlink: /home/rinav/ros2_ws/install/husky_base/share/husky_base/environment/path.dsv
[0.092s] -- Up-to-date symlink: /home/rinav/ros2_ws/install/husky_base/share/husky_base/local_setup.bash
[0.092s] -- Up-to-date symlink: /home/rinav/ros2_ws/install/husky_base/share/husky_base/local_setup.sh
[0.092s] -- Up-to-date symlink: /home/rinav/ros2_ws/install/husky_base/share/husky_base/local_setup.zsh
[0.092s] -- Up-to-date symlink: /home/rinav/ros2_ws/install/husky_base/share/husky_base/local_setup.dsv
[0.092s] -- Symlinking: /home/rinav/ros2_ws/install/husky_base/share/husky_base/package.dsv
[0.099s] -- Up-to-date symlink: /home/rinav/ros2_ws/install/husky_base/share/ament_index/resource_index/packages/husky_base
[0.100s] -- Up-to-date symlink: /home/rinav/ros2_ws/install/husky_base/share/ament_index/resource_index/hardware_interface__pluginlib__plugin/husky_base
[0.100s] -- Up-to-date symlink: /home/rinav/ros2_ws/install/husky_base/share/husky_base/cmake/ament_cmake_export_include_directories-extras.cmake
[0.100s] -- Up-to-date symlink: /home/rinav/ros2_ws/install/husky_base/share/husky_base/cmake/ament_cmake_export_libraries-extras.cmake
[0.100s] -- Up-to-date symlink: /home/rinav/ros2_ws/install/husky_base/share/husky_base/cmake/ament_cmake_export_dependencies-extras.cmake
[0.100s] -- Up-to-date symlink: /home/rinav/ros2_ws/install/husky_base/share/husky_base/cmake/husky_baseConfig.cmake
[0.100s] -- Up-to-date symlink: /home/rinav/ros2_ws/install/husky_base/share/husky_base/cmake/husky_baseConfig-version.cmake
[0.100s] -- Up-to-date symlink: /home/rinav/ros2_ws/install/husky_base/share/husky_base/package.xml
[0.102s] Invoked command in '/home/rinav/ros2_ws/build/husky_base' returned '0': CMAKE_PREFIX_PATH=/home/rinav/ros2_ws/install/husky_msgs:/home/rinav/ros2_ws/install/husky_bringup:/home/rinav/ros2_ws/install/husky_base:/home/rinav/ros2_ws/install/husky_control:/home/rinav/ros2_ws/install/husky_description:/home/rinav/ros2_ws/install/mobile_robotics:/opt/ros/humble LD_LIBRARY_PATH=/home/rinav/ros2_ws/install/husky_msgs/lib:/home/rinav/ros2_ws/install/husky_base/lib:/opt/ros/humble/opt/rviz_ogre_vendor/lib:/opt/ros/humble/lib/aarch64-linux-gnu:/opt/ros/humble/lib /usr/bin/cmake --install /home/rinav/ros2_ws/build/husky_base
