[0.036s] Invoking command in '/home/rinav/ros2_ws/build/ur_robot_driver': CMAKE_PREFIX_PATH=/home/rinav/ros2_ws/install/ur_controllers:/home/rinav/ros2_ws/install/ur_description:/home/rinav/ros2_ws/install/ur_dashboard_msgs:/home/rinav/ros2_ws/install/ur:/home/rinav/ros2_ws/install/ur_calibration:/home/rinav/ros2_ws/install/ur_robot_driver:/home/rinav/ros2_ws/install/ur_moveit_config:/home/rinav/ros2_ws/install/ur_bringup:/home/rinav/ros2_ws/install/turtlesim:/home/rinav/ros2_ws/install/robotis_manipulator:/home/rinav/ros2_ws/install/husky_desktop:/home/rinav/ros2_ws/install/husky_viz:/home/rinav/ros2_ws/install/husky_ur3_ignition:/home/rinav/ros2_ws/install/husky_simulator:/home/rinav/ros2_ws/install/husky_robot:/home/rinav/ros2_ws/install/husky_gazebo:/home/rinav/ros2_ws/src/husky/install/husky_desktop:/home/rinav/ros2_ws/src/husky/install/husky_viz:/home/rinav/ros2_ws/src/husky/install/husky_simulator:/home/rinav/ros2_ws/src/husky/install/husky_robot:/home/rinav/ros2_ws/src/husky/install/husky_bringup:/home/rinav/ros2_ws/src/husky/install/husky_base:/home/rinav/ros2_ws/src/husky/install/husky_msgs:/home/rinav/ros2_ws/src/husky/install/husky_gazebo:/home/rinav/ros2_ws/src/husky/install/husky_control:/home/rinav/ros2_ws/src/husky/install/husky_description:/home/rinav/ros2_ws/install/husky_bringup:/home/rinav/ros2_ws/install/husky_base:/home/rinav/ros2_ws/install/husky_msgs:/home/rinav/ros2_ws/install/husky_control:/home/rinav/ros2_ws/install/husky_description:/home/rinav/ros2_ws/install/trial_package:/home/rinav/ros2_ws/install/py_srvcli:/home/rinav/ros2_ws/install/py_pubsub:/home/rinav/ros2_ws/install/mobile_robotics:/opt/ros/humble LD_LIBRARY_PATH=/home/rinav/ros2_ws/install/ur_controllers/lib:/home/rinav/ros2_ws/install/ur_dashboard_msgs/lib:/home/rinav/ros2_ws/install/ur_robot_driver/lib:/home/rinav/ros2_ws/install/turtlesim/lib:/home/rinav/ros2_ws/install/robotis_manipulator/lib:/home/rinav/ros2_ws/src/husky/install/husky_base/lib:/home/rinav/ros2_ws/src/husky/install/husky_msgs/lib:/home/rinav/ros2_ws/install/husky_base/lib:/home/rinav/ros2_ws/install/husky_msgs/lib:/opt/ros/humble/opt/rviz_ogre_vendor/lib:/opt/ros/humble/lib/aarch64-linux-gnu:/opt/ros/humble/lib /usr/bin/cmake --build /home/rinav/ros2_ws/build/ur_robot_driver -- -j8 -l8
[0.097s] [35m[1mConsolidate compiler generated dependencies of target ur_ros2_control_node[0m
[0.099s] [35m[1mConsolidate compiler generated dependencies of target dashboard_client[0m
[0.122s] [35m[1mConsolidate compiler generated dependencies of target controller_stopper_node[0m
[0.129s] [35m[1mConsolidate compiler generated dependencies of target ur_robot_driver_plugin[0m
[0.146s] [  9%] Built target ur_ros2_control_node
[0.147s] [ 22%] Built target controller_stopper_node
[0.156s] [35m[1mConsolidate compiler generated dependencies of target robot_state_helper[0m
[0.163s] [ 40%] Built target dashboard_client
[0.185s] [35m[1mConsolidate compiler generated dependencies of target urscript_interface[0m
[0.185s] [35m[1mConsolidate compiler generated dependencies of target trajectory_until_node[0m
[0.232s] [ 63%] Built target ur_robot_driver_plugin
[0.232s] [ 72%] Built target urscript_interface
[0.232s] [ 81%] Built target trajectory_until_node
[0.242s] [ 81%] Built target ament_cmake_python_copy_ur_robot_driver
[0.270s] [100%] Built target robot_state_helper
[0.530s] running egg_info
[0.531s] writing ur_robot_driver.egg-info/PKG-INFO
[0.531s] writing dependency_links to ur_robot_driver.egg-info/dependency_links.txt
[0.531s] writing top-level names to ur_robot_driver.egg-info/top_level.txt
[0.535s] reading manifest file 'ur_robot_driver.egg-info/SOURCES.txt'
[0.535s] writing manifest file 'ur_robot_driver.egg-info/SOURCES.txt'
[0.606s] [100%] Built target ament_cmake_python_build_ur_robot_driver_egg
[0.624s] Invoked command in '/home/rinav/ros2_ws/build/ur_robot_driver' returned '0': CMAKE_PREFIX_PATH=/home/rinav/ros2_ws/install/ur_controllers:/home/rinav/ros2_ws/install/ur_description:/home/rinav/ros2_ws/install/ur_dashboard_msgs:/home/rinav/ros2_ws/install/ur:/home/rinav/ros2_ws/install/ur_calibration:/home/rinav/ros2_ws/install/ur_robot_driver:/home/rinav/ros2_ws/install/ur_moveit_config:/home/rinav/ros2_ws/install/ur_bringup:/home/rinav/ros2_ws/install/turtlesim:/home/rinav/ros2_ws/install/robotis_manipulator:/home/rinav/ros2_ws/install/husky_desktop:/home/rinav/ros2_ws/install/husky_viz:/home/rinav/ros2_ws/install/husky_ur3_ignition:/home/rinav/ros2_ws/install/husky_simulator:/home/rinav/ros2_ws/install/husky_robot:/home/rinav/ros2_ws/install/husky_gazebo:/home/rinav/ros2_ws/src/husky/install/husky_desktop:/home/rinav/ros2_ws/src/husky/install/husky_viz:/home/rinav/ros2_ws/src/husky/install/husky_simulator:/home/rinav/ros2_ws/src/husky/install/husky_robot:/home/rinav/ros2_ws/src/husky/install/husky_bringup:/home/rinav/ros2_ws/src/husky/install/husky_base:/home/rinav/ros2_ws/src/husky/install/husky_msgs:/home/rinav/ros2_ws/src/husky/install/husky_gazebo:/home/rinav/ros2_ws/src/husky/install/husky_control:/home/rinav/ros2_ws/src/husky/install/husky_description:/home/rinav/ros2_ws/install/husky_bringup:/home/rinav/ros2_ws/install/husky_base:/home/rinav/ros2_ws/install/husky_msgs:/home/rinav/ros2_ws/install/husky_control:/home/rinav/ros2_ws/install/husky_description:/home/rinav/ros2_ws/install/trial_package:/home/rinav/ros2_ws/install/py_srvcli:/home/rinav/ros2_ws/install/py_pubsub:/home/rinav/ros2_ws/install/mobile_robotics:/opt/ros/humble LD_LIBRARY_PATH=/home/rinav/ros2_ws/install/ur_controllers/lib:/home/rinav/ros2_ws/install/ur_dashboard_msgs/lib:/home/rinav/ros2_ws/install/ur_robot_driver/lib:/home/rinav/ros2_ws/install/turtlesim/lib:/home/rinav/ros2_ws/install/robotis_manipulator/lib:/home/rinav/ros2_ws/src/husky/install/husky_base/lib:/home/rinav/ros2_ws/src/husky/install/husky_msgs/lib:/home/rinav/ros2_ws/install/husky_base/lib:/home/rinav/ros2_ws/install/husky_msgs/lib:/opt/ros/humble/opt/rviz_ogre_vendor/lib:/opt/ros/humble/lib/aarch64-linux-gnu:/opt/ros/humble/lib /usr/bin/cmake --build /home/rinav/ros2_ws/build/ur_robot_driver -- -j8 -l8
[0.627s] Invoking command in '/home/rinav/ros2_ws/build/ur_robot_driver': CMAKE_PREFIX_PATH=/home/rinav/ros2_ws/install/ur_controllers:/home/rinav/ros2_ws/install/ur_description:/home/rinav/ros2_ws/install/ur_dashboard_msgs:/home/rinav/ros2_ws/install/ur:/home/rinav/ros2_ws/install/ur_calibration:/home/rinav/ros2_ws/install/ur_robot_driver:/home/rinav/ros2_ws/install/ur_moveit_config:/home/rinav/ros2_ws/install/ur_bringup:/home/rinav/ros2_ws/install/turtlesim:/home/rinav/ros2_ws/install/robotis_manipulator:/home/rinav/ros2_ws/install/husky_desktop:/home/rinav/ros2_ws/install/husky_viz:/home/rinav/ros2_ws/install/husky_ur3_ignition:/home/rinav/ros2_ws/install/husky_simulator:/home/rinav/ros2_ws/install/husky_robot:/home/rinav/ros2_ws/install/husky_gazebo:/home/rinav/ros2_ws/src/husky/install/husky_desktop:/home/rinav/ros2_ws/src/husky/install/husky_viz:/home/rinav/ros2_ws/src/husky/install/husky_simulator:/home/rinav/ros2_ws/src/husky/install/husky_robot:/home/rinav/ros2_ws/src/husky/install/husky_bringup:/home/rinav/ros2_ws/src/husky/install/husky_base:/home/rinav/ros2_ws/src/husky/install/husky_msgs:/home/rinav/ros2_ws/src/husky/install/husky_gazebo:/home/rinav/ros2_ws/src/husky/install/husky_control:/home/rinav/ros2_ws/src/husky/install/husky_description:/home/rinav/ros2_ws/install/husky_bringup:/home/rinav/ros2_ws/install/husky_base:/home/rinav/ros2_ws/install/husky_msgs:/home/rinav/ros2_ws/install/husky_control:/home/rinav/ros2_ws/install/husky_description:/home/rinav/ros2_ws/install/trial_package:/home/rinav/ros2_ws/install/py_srvcli:/home/rinav/ros2_ws/install/py_pubsub:/home/rinav/ros2_ws/install/mobile_robotics:/opt/ros/humble LD_LIBRARY_PATH=/home/rinav/ros2_ws/install/ur_controllers/lib:/home/rinav/ros2_ws/install/ur_dashboard_msgs/lib:/home/rinav/ros2_ws/install/ur_robot_driver/lib:/home/rinav/ros2_ws/install/turtlesim/lib:/home/rinav/ros2_ws/install/robotis_manipulator/lib:/home/rinav/ros2_ws/src/husky/install/husky_base/lib:/home/rinav/ros2_ws/src/husky/install/husky_msgs/lib:/home/rinav/ros2_ws/install/husky_base/lib:/home/rinav/ros2_ws/install/husky_msgs/lib:/opt/ros/humble/opt/rviz_ogre_vendor/lib:/opt/ros/humble/lib/aarch64-linux-gnu:/opt/ros/humble/lib /usr/bin/cmake --install /home/rinav/ros2_ws/build/ur_robot_driver
[0.631s] -- Install configuration: "RelWithDebInfo"
[0.631s] -- Up-to-date: /home/rinav/ros2_ws/install/ur_robot_driver/share/ur_robot_driver/hardware_interface_plugin.xml
[0.632s] -- Up-to-date: /home/rinav/ros2_ws/install/ur_robot_driver/lib/ur_robot_driver/controller_stopper_node
[0.632s] -- Up-to-date: /home/rinav/ros2_ws/install/ur_robot_driver/lib/ur_robot_driver/dashboard_client
[0.632s] -- Up-to-date: /home/rinav/ros2_ws/install/ur_robot_driver/lib/ur_robot_driver/robot_state_helper
[0.632s] -- Up-to-date: /home/rinav/ros2_ws/install/ur_robot_driver/lib/ur_robot_driver/trajectory_until_node
[0.632s] -- Up-to-date: /home/rinav/ros2_ws/install/ur_robot_driver/lib/ur_robot_driver/ur_ros2_control_node
[0.632s] -- Up-to-date: /home/rinav/ros2_ws/install/ur_robot_driver/lib/ur_robot_driver/urscript_interface
[0.633s] -- Up-to-date: /home/rinav/ros2_ws/install/ur_robot_driver/lib/libur_robot_driver_plugin.so
[0.633s] -- Up-to-date: /home/rinav/ros2_ws/install/ur_robot_driver/include
[0.633s] -- Up-to-date: /home/rinav/ros2_ws/install/ur_robot_driver/include/ur_robot_driver
[0.633s] -- Up-to-date: /home/rinav/ros2_ws/install/ur_robot_driver/include/ur_robot_driver/dashboard_client_ros.hpp
[0.633s] -- Up-to-date: /home/rinav/ros2_ws/install/ur_robot_driver/include/ur_robot_driver/hardware_interface.hpp
[0.633s] -- Up-to-date: /home/rinav/ros2_ws/install/ur_robot_driver/include/ur_robot_driver/urcl_log_handler.hpp
[0.633s] -- Up-to-date: /home/rinav/ros2_ws/install/ur_robot_driver/include/ur_robot_driver/robot_state_helper.hpp
[0.633s] -- Up-to-date: /home/rinav/ros2_ws/install/ur_robot_driver/include/ur_robot_driver/controller_stopper.hpp
[0.633s] -- Up-to-date: /home/rinav/ros2_ws/install/ur_robot_driver/include/ur_robot_driver/trajectory_until_node.hpp
[0.633s] -- Up-to-date: /home/rinav/ros2_ws/install/ur_robot_driver/share/ur_robot_driver/environment/library_path.sh
[0.633s] -- Up-to-date: /home/rinav/ros2_ws/install/ur_robot_driver/share/ur_robot_driver/environment/library_path.dsv
[0.633s] -- Up-to-date: /home/rinav/ros2_ws/install/ur_robot_driver/share/ur_robot_driver/resources
[0.633s] -- Up-to-date: /home/rinav/ros2_ws/install/ur_robot_driver/share/ur_robot_driver/resources/externalcontrol-1.0.5.urcap
[0.633s] -- Up-to-date: /home/rinav/ros2_ws/install/ur_robot_driver/share/ur_robot_driver/resources/rtde_input_recipe.txt
[0.633s] -- Up-to-date: /home/rinav/ros2_ws/install/ur_robot_driver/share/ur_robot_driver/resources/ros_control.urscript
[0.633s] -- Up-to-date: /home/rinav/ros2_ws/install/ur_robot_driver/share/ur_robot_driver/resources/rtde_output_recipe.txt
[0.633s] -- Up-to-date: /home/rinav/ros2_ws/install/ur_robot_driver/share/ur_robot_driver/resources/rs485-1.0.urcap
[0.633s] -- Up-to-date: /home/rinav/ros2_ws/install/ur_robot_driver/include
[0.633s] -- Up-to-date: /home/rinav/ros2_ws/install/ur_robot_driver/include/ur_robot_driver
[0.634s] -- Up-to-date: /home/rinav/ros2_ws/install/ur_robot_driver/include/ur_robot_driver/dashboard_client_ros.hpp
[0.634s] -- Up-to-date: /home/rinav/ros2_ws/install/ur_robot_driver/include/ur_robot_driver/hardware_interface.hpp
[0.634s] -- Up-to-date: /home/rinav/ros2_ws/install/ur_robot_driver/include/ur_robot_driver/urcl_log_handler.hpp
[0.634s] -- Up-to-date: /home/rinav/ros2_ws/install/ur_robot_driver/include/ur_robot_driver/robot_state_helper.hpp
[0.634s] -- Up-to-date: /home/rinav/ros2_ws/install/ur_robot_driver/include/ur_robot_driver/controller_stopper.hpp
[0.634s] -- Up-to-date: /home/rinav/ros2_ws/install/ur_robot_driver/include/ur_robot_driver/trajectory_until_node.hpp
[0.634s] -- Up-to-date: /home/rinav/ros2_ws/install/ur_robot_driver/share/ur_robot_driver/environment/pythonpath.sh
[0.634s] -- Up-to-date: /home/rinav/ros2_ws/install/ur_robot_driver/share/ur_robot_driver/environment/pythonpath.dsv
[0.634s] -- Up-to-date: /home/rinav/ros2_ws/install/ur_robot_driver/local/lib/python3.10/dist-packages/ur_robot_driver-2.10.0-py3.10.egg-info
[0.634s] -- Installing: /home/rinav/ros2_ws/install/ur_robot_driver/local/lib/python3.10/dist-packages/ur_robot_driver-2.10.0-py3.10.egg-info/dependency_links.txt
[0.634s] -- Installing: /home/rinav/ros2_ws/install/ur_robot_driver/local/lib/python3.10/dist-packages/ur_robot_driver-2.10.0-py3.10.egg-info/PKG-INFO
[0.634s] -- Installing: /home/rinav/ros2_ws/install/ur_robot_driver/local/lib/python3.10/dist-packages/ur_robot_driver-2.10.0-py3.10.egg-info/top_level.txt
[0.634s] -- Installing: /home/rinav/ros2_ws/install/ur_robot_driver/local/lib/python3.10/dist-packages/ur_robot_driver-2.10.0-py3.10.egg-info/SOURCES.txt
[0.634s] -- Up-to-date: /home/rinav/ros2_ws/install/ur_robot_driver/local/lib/python3.10/dist-packages/ur_robot_driver
[0.634s] -- Up-to-date: /home/rinav/ros2_ws/install/ur_robot_driver/local/lib/python3.10/dist-packages/ur_robot_driver/__init__.py
[0.665s] Listing '/home/rinav/ros2_ws/install/ur_robot_driver/local/lib/python3.10/dist-packages/ur_robot_driver'...
[0.672s] -- Up-to-date: /home/rinav/ros2_ws/install/ur_robot_driver/lib/ur_robot_driver/tool_communication.py
[0.672s] -- Up-to-date: /home/rinav/ros2_ws/install/ur_robot_driver/lib/ur_robot_driver/example_move.py
[0.672s] -- Up-to-date: /home/rinav/ros2_ws/install/ur_robot_driver/lib/ur_robot_driver/start_ursim.sh
[0.672s] -- Up-to-date: /home/rinav/ros2_ws/install/ur_robot_driver/lib/ur_robot_driver/examples.py
[0.672s] -- Up-to-date: /home/rinav/ros2_ws/install/ur_robot_driver/lib/ur_robot_driver/force_mode.py
[0.672s] -- Up-to-date: /home/rinav/ros2_ws/install/ur_robot_driver/lib/ur_robot_driver/move_until_example.py
[0.672s] -- Up-to-date: /home/rinav/ros2_ws/install/ur_robot_driver/bin/wait_dashboard_server.sh
[0.672s] -- Up-to-date: /home/rinav/ros2_ws/install/ur_robot_driver/lib/ur_robot_driver/start_ursim.sh
[0.672s] -- Up-to-date: /home/rinav/ros2_ws/install/ur_robot_driver/share/ur_robot_driver/config
[0.672s] -- Up-to-date: /home/rinav/ros2_ws/install/ur_robot_driver/share/ur_robot_driver/config/test_velocity_goal_publishers_config.yaml
[0.672s] -- Up-to-date: /home/rinav/ros2_ws/install/ur_robot_driver/share/ur_robot_driver/config/test_goal_publishers_config.yaml
[0.672s] -- Up-to-date: /home/rinav/ros2_ws/install/ur_robot_driver/share/ur_robot_driver/config/ur20_update_rate.yaml
[0.672s] -- Up-to-date: /home/rinav/ros2_ws/install/ur_robot_driver/share/ur_robot_driver/config/ur_controllers.yaml
[0.672s] -- Up-to-date: /home/rinav/ros2_ws/install/ur_robot_driver/share/ur_robot_driver/config/ur5e_update_rate.yaml
[0.672s] -- Up-to-date: /home/rinav/ros2_ws/install/ur_robot_driver/share/ur_robot_driver/config/ur8long_update_rate.yaml
[0.672s] -- Up-to-date: /home/rinav/ros2_ws/install/ur_robot_driver/share/ur_robot_driver/config/ur16e_update_rate.yaml
[0.672s] -- Up-to-date: /home/rinav/ros2_ws/install/ur_robot_driver/share/ur_robot_driver/config/ur12e_update_rate.yaml
[0.673s] -- Up-to-date: /home/rinav/ros2_ws/install/ur_robot_driver/share/ur_robot_driver/config/ur3e_update_rate.yaml
[0.673s] -- Up-to-date: /home/rinav/ros2_ws/install/ur_robot_driver/share/ur_robot_driver/config/ur3_update_rate.yaml
[0.673s] -- Up-to-date: /home/rinav/ros2_ws/install/ur_robot_driver/share/ur_robot_driver/config/ur18_update_rate.yaml
[0.673s] -- Up-to-date: /home/rinav/ros2_ws/install/ur_robot_driver/share/ur_robot_driver/config/ur7e_update_rate.yaml
[0.673s] -- Up-to-date: /home/rinav/ros2_ws/install/ur_robot_driver/share/ur_robot_driver/config/ur5_update_rate.yaml
[0.673s] -- Up-to-date: /home/rinav/ros2_ws/install/ur_robot_driver/share/ur_robot_driver/config/ur10e_update_rate.yaml
[0.673s] -- Up-to-date: /home/rinav/ros2_ws/install/ur_robot_driver/share/ur_robot_driver/config/ur10_update_rate.yaml
[0.673s] -- Up-to-date: /home/rinav/ros2_ws/install/ur_robot_driver/share/ur_robot_driver/config/ur15_update_rate.yaml
[0.673s] -- Up-to-date: /home/rinav/ros2_ws/install/ur_robot_driver/share/ur_robot_driver/config/ur30_update_rate.yaml
[0.673s] -- Up-to-date: /home/rinav/ros2_ws/install/ur_robot_driver/share/ur_robot_driver/launch
[0.673s] -- Up-to-date: /home/rinav/ros2_ws/install/ur_robot_driver/share/ur_robot_driver/launch/ur16e.launch.py
[0.673s] -- Up-to-date: /home/rinav/ros2_ws/install/ur_robot_driver/share/ur_robot_driver/launch/ur7e.launch.py
[0.673s] -- Up-to-date: /home/rinav/ros2_ws/install/ur_robot_driver/share/ur_robot_driver/launch/ur10e.launch.py
[0.673s] -- Up-to-date: /home/rinav/ros2_ws/install/ur_robot_driver/share/ur_robot_driver/launch/ur20.launch.py
[0.673s] -- Up-to-date: /home/rinav/ros2_ws/install/ur_robot_driver/share/ur_robot_driver/launch/ur15.launch.py
[0.673s] -- Up-to-date: /home/rinav/ros2_ws/install/ur_robot_driver/share/ur_robot_driver/launch/test_joint_trajectory_controller.launch.py
[0.673s] -- Up-to-date: /home/rinav/ros2_ws/install/ur_robot_driver/share/ur_robot_driver/launch/ur18.launch.py
[0.673s] -- Up-to-date: /home/rinav/ros2_ws/install/ur_robot_driver/share/ur_robot_driver/launch/ur_dashboard_client.launch.py
[0.673s] -- Up-to-date: /home/rinav/ros2_ws/install/ur_robot_driver/share/ur_robot_driver/launch/ur5.launch.py
[0.673s] -- Up-to-date: /home/rinav/ros2_ws/install/ur_robot_driver/share/ur_robot_driver/launch/ur_control.launch.py
[0.673s] -- Up-to-date: /home/rinav/ros2_ws/install/ur_robot_driver/share/ur_robot_driver/launch/test_scaled_joint_trajectory_controller.launch.py
[0.673s] -- Up-to-date: /home/rinav/ros2_ws/install/ur_robot_driver/share/ur_robot_driver/launch/test_forward_velocity_controller.launch.py
[0.673s] -- Up-to-date: /home/rinav/ros2_ws/install/ur_robot_driver/share/ur_robot_driver/launch/ur10.launch.py
[0.673s] -- Up-to-date: /home/rinav/ros2_ws/install/ur_robot_driver/share/ur_robot_driver/launch/ur3.launch.py
[0.673s] -- Up-to-date: /home/rinav/ros2_ws/install/ur_robot_driver/share/ur_robot_driver/launch/ur3e.launch.py
[0.673s] -- Up-to-date: /home/rinav/ros2_ws/install/ur_robot_driver/share/ur_robot_driver/launch/ur30.launch.py
[0.673s] -- Up-to-date: /home/rinav/ros2_ws/install/ur_robot_driver/share/ur_robot_driver/launch/ur5e.launch.py
[0.673s] -- Up-to-date: /home/rinav/ros2_ws/install/ur_robot_driver/share/ur_robot_driver/launch/ur8long.launch.py
[0.673s] -- Up-to-date: /home/rinav/ros2_ws/install/ur_robot_driver/share/ur_robot_driver/launch/ur12e.launch.py
[0.673s] -- Up-to-date: /home/rinav/ros2_ws/install/ur_robot_driver/share/ament_index/resource_index/package_run_dependencies/ur_robot_driver
[0.673s] -- Up-to-date: /home/rinav/ros2_ws/install/ur_robot_driver/share/ament_index/resource_index/parent_prefix_path/ur_robot_driver
[0.673s] -- Up-to-date: /home/rinav/ros2_ws/install/ur_robot_driver/share/ur_robot_driver/environment/ament_prefix_path.sh
[0.673s] -- Up-to-date: /home/rinav/ros2_ws/install/ur_robot_driver/share/ur_robot_driver/environment/ament_prefix_path.dsv
[0.673s] -- Up-to-date: /home/rinav/ros2_ws/install/ur_robot_driver/share/ur_robot_driver/environment/path.sh
[0.673s] -- Up-to-date: /home/rinav/ros2_ws/install/ur_robot_driver/share/ur_robot_driver/environment/path.dsv
[0.673s] -- Up-to-date: /home/rinav/ros2_ws/install/ur_robot_driver/share/ur_robot_driver/local_setup.bash
[0.673s] -- Up-to-date: /home/rinav/ros2_ws/install/ur_robot_driver/share/ur_robot_driver/local_setup.sh
[0.674s] -- Up-to-date: /home/rinav/ros2_ws/install/ur_robot_driver/share/ur_robot_driver/local_setup.zsh
[0.674s] -- Up-to-date: /home/rinav/ros2_ws/install/ur_robot_driver/share/ur_robot_driver/local_setup.dsv
[0.674s] -- Installing: /home/rinav/ros2_ws/install/ur_robot_driver/share/ur_robot_driver/package.dsv
[0.674s] -- Up-to-date: /home/rinav/ros2_ws/install/ur_robot_driver/share/ament_index/resource_index/packages/ur_robot_driver
[0.674s] -- Up-to-date: /home/rinav/ros2_ws/install/ur_robot_driver/share/ament_index/resource_index/hardware_interface__pluginlib__plugin/ur_robot_driver
[0.674s] -- Up-to-date: /home/rinav/ros2_ws/install/ur_robot_driver/share/ur_robot_driver/cmake/ament_cmake_export_include_directories-extras.cmake
[0.674s] -- Up-to-date: /home/rinav/ros2_ws/install/ur_robot_driver/share/ur_robot_driver/cmake/ament_cmake_export_libraries-extras.cmake
[0.674s] -- Up-to-date: /home/rinav/ros2_ws/install/ur_robot_driver/share/ur_robot_driver/cmake/ament_cmake_export_dependencies-extras.cmake
[0.674s] -- Up-to-date: /home/rinav/ros2_ws/install/ur_robot_driver/share/ur_robot_driver/cmake/ur_robot_driverConfig.cmake
[0.674s] -- Up-to-date: /home/rinav/ros2_ws/install/ur_robot_driver/share/ur_robot_driver/cmake/ur_robot_driverConfig-version.cmake
[0.674s] -- Up-to-date: /home/rinav/ros2_ws/install/ur_robot_driver/share/ur_robot_driver/package.xml
[0.675s] Invoked command in '/home/rinav/ros2_ws/build/ur_robot_driver' returned '0': CMAKE_PREFIX_PATH=/home/rinav/ros2_ws/install/ur_controllers:/home/rinav/ros2_ws/install/ur_description:/home/rinav/ros2_ws/install/ur_dashboard_msgs:/home/rinav/ros2_ws/install/ur:/home/rinav/ros2_ws/install/ur_calibration:/home/rinav/ros2_ws/install/ur_robot_driver:/home/rinav/ros2_ws/install/ur_moveit_config:/home/rinav/ros2_ws/install/ur_bringup:/home/rinav/ros2_ws/install/turtlesim:/home/rinav/ros2_ws/install/robotis_manipulator:/home/rinav/ros2_ws/install/husky_desktop:/home/rinav/ros2_ws/install/husky_viz:/home/rinav/ros2_ws/install/husky_ur3_ignition:/home/rinav/ros2_ws/install/husky_simulator:/home/rinav/ros2_ws/install/husky_robot:/home/rinav/ros2_ws/install/husky_gazebo:/home/rinav/ros2_ws/src/husky/install/husky_desktop:/home/rinav/ros2_ws/src/husky/install/husky_viz:/home/rinav/ros2_ws/src/husky/install/husky_simulator:/home/rinav/ros2_ws/src/husky/install/husky_robot:/home/rinav/ros2_ws/src/husky/install/husky_bringup:/home/rinav/ros2_ws/src/husky/install/husky_base:/home/rinav/ros2_ws/src/husky/install/husky_msgs:/home/rinav/ros2_ws/src/husky/install/husky_gazebo:/home/rinav/ros2_ws/src/husky/install/husky_control:/home/rinav/ros2_ws/src/husky/install/husky_description:/home/rinav/ros2_ws/install/husky_bringup:/home/rinav/ros2_ws/install/husky_base:/home/rinav/ros2_ws/install/husky_msgs:/home/rinav/ros2_ws/install/husky_control:/home/rinav/ros2_ws/install/husky_description:/home/rinav/ros2_ws/install/trial_package:/home/rinav/ros2_ws/install/py_srvcli:/home/rinav/ros2_ws/install/py_pubsub:/home/rinav/ros2_ws/install/mobile_robotics:/opt/ros/humble LD_LIBRARY_PATH=/home/rinav/ros2_ws/install/ur_controllers/lib:/home/rinav/ros2_ws/install/ur_dashboard_msgs/lib:/home/rinav/ros2_ws/install/ur_robot_driver/lib:/home/rinav/ros2_ws/install/turtlesim/lib:/home/rinav/ros2_ws/install/robotis_manipulator/lib:/home/rinav/ros2_ws/src/husky/install/husky_base/lib:/home/rinav/ros2_ws/src/husky/install/husky_msgs/lib:/home/rinav/ros2_ws/install/husky_base/lib:/home/rinav/ros2_ws/install/husky_msgs/lib:/opt/ros/humble/opt/rviz_ogre_vendor/lib:/opt/ros/humble/lib/aarch64-linux-gnu:/opt/ros/humble/lib /usr/bin/cmake --install /home/rinav/ros2_ws/build/ur_robot_driver
