[0.917s] Invoking command in '/home/rinav/ros2_ws/src/py_pubsub': PYTHONPATH=/home/rinav/ros2_ws/build/py_pubsub/prefix_override:/usr/lib/python3/dist-packages/colcon_core/task/python/colcon_distutils_commands:/home/rinav/ros2_ws/install/py_pubsub/lib/python3.10/site-packages:${PYTHONPATH} /usr/bin/python3 -W ignore:setup.py install is deprecated -W ignore:easy_install command is deprecated setup.py egg_info --egg-base ../../build/py_pubsub build --build-base /home/rinav/ros2_ws/build/py_pubsub/build install --record /home/rinav/ros2_ws/build/py_pubsub/install.log --single-version-externally-managed install_data
[1.110s] running egg_info
[1.111s] writing ../../build/py_pubsub/py_pubsub.egg-info/PKG-INFO
[1.111s] writing dependency_links to ../../build/py_pubsub/py_pubsub.egg-info/dependency_links.txt
[1.111s] writing entry points to ../../build/py_pubsub/py_pubsub.egg-info/entry_points.txt
[1.111s] writing requirements to ../../build/py_pubsub/py_pubsub.egg-info/requires.txt
[1.111s] writing top-level names to ../../build/py_pubsub/py_pubsub.egg-info/top_level.txt
[1.112s] reading manifest file '../../build/py_pubsub/py_pubsub.egg-info/SOURCES.txt'
[1.113s] writing manifest file '../../build/py_pubsub/py_pubsub.egg-info/SOURCES.txt'
[1.113s] running build
[1.113s] running build_py
[1.113s] running install
[1.114s] running install_lib
[1.115s] running install_data
[1.115s] running install_egg_info
[1.116s] removing '/home/rinav/ros2_ws/install/py_pubsub/lib/python3.10/site-packages/py_pubsub-0.0.0-py3.10.egg-info' (and everything under it)
[1.117s] Copying ../../build/py_pubsub/py_pubsub.egg-info to /home/rinav/ros2_ws/install/py_pubsub/lib/python3.10/site-packages/py_pubsub-0.0.0-py3.10.egg-info
[1.117s] running install_scripts
[1.146s] Installing listener script to /home/rinav/ros2_ws/install/py_pubsub/lib/py_pubsub
[1.146s] Installing talker script to /home/rinav/ros2_ws/install/py_pubsub/lib/py_pubsub
[1.146s] writing list of installed files to '/home/rinav/ros2_ws/build/py_pubsub/install.log'
[1.171s] Invoked command in '/home/rinav/ros2_ws/src/py_pubsub' returned '0': PYTHONPATH=/home/rinav/ros2_ws/build/py_pubsub/prefix_override:/usr/lib/python3/dist-packages/colcon_core/task/python/colcon_distutils_commands:/home/rinav/ros2_ws/install/py_pubsub/lib/python3.10/site-packages:${PYTHONPATH} /usr/bin/python3 -W ignore:setup.py install is deprecated -W ignore:easy_install command is deprecated setup.py egg_info --egg-base ../../build/py_pubsub build --build-base /home/rinav/ros2_ws/build/py_pubsub/build install --record /home/rinav/ros2_ws/build/py_pubsub/install.log --single-version-externally-managed install_data
