[0.842s] Invoking command in '/home/rinav/ros2_ws/src/launch_param_builder': PYTHONPATH=/home/rinav/ros2_ws/build/launch_param_builder/prefix_override:/usr/lib/python3/dist-packages/colcon_core/task/python/colcon_distutils_commands:/home/rinav/ros2_ws/install/launch_param_builder/lib/python3.10/site-packages:${PYTHONPATH} /usr/bin/python3 -W ignore:setup.py install is deprecated -W ignore:easy_install command is deprecated setup.py egg_info --egg-base ../../build/launch_param_builder build --build-base /home/rinav/ros2_ws/build/launch_param_builder/build install --record /home/rinav/ros2_ws/build/launch_param_builder/install.log --single-version-externally-managed install_data
[1.067s] running egg_info
[1.068s] writing ../../build/launch_param_builder/launch_param_builder.egg-info/PKG-INFO
[1.068s] writing dependency_links to ../../build/launch_param_builder/launch_param_builder.egg-info/dependency_links.txt
[1.068s] writing entry points to ../../build/launch_param_builder/launch_param_builder.egg-info/entry_points.txt
[1.068s] writing requirements to ../../build/launch_param_builder/launch_param_builder.egg-info/requires.txt
[1.068s] writing top-level names to ../../build/launch_param_builder/launch_param_builder.egg-info/top_level.txt
[1.069s] reading manifest file '../../build/launch_param_builder/launch_param_builder.egg-info/SOURCES.txt'
[1.069s] adding license file 'LICENSE'
[1.070s] writing manifest file '../../build/launch_param_builder/launch_param_builder.egg-info/SOURCES.txt'
[1.070s] running build
[1.070s] running build_py
[1.070s] running install
[1.070s] running install_lib
[1.071s] running install_data
[1.071s] running install_egg_info
[1.072s] removing '/home/rinav/ros2_ws/install/launch_param_builder/lib/python3.10/site-packages/launch_param_builder-0.1.1-py3.10.egg-info' (and everything under it)
[1.072s] Copying ../../build/launch_param_builder/launch_param_builder.egg-info to /home/rinav/ros2_ws/install/launch_param_builder/lib/python3.10/site-packages/launch_param_builder-0.1.1-py3.10.egg-info
[1.072s] running install_scripts
[1.087s] writing list of installed files to '/home/rinav/ros2_ws/build/launch_param_builder/install.log'
[1.164s] Invoked command in '/home/rinav/ros2_ws/src/launch_param_builder' returned '0': PYTHONPATH=/home/rinav/ros2_ws/build/launch_param_builder/prefix_override:/usr/lib/python3/dist-packages/colcon_core/task/python/colcon_distutils_commands:/home/rinav/ros2_ws/install/launch_param_builder/lib/python3.10/site-packages:${PYTHONPATH} /usr/bin/python3 -W ignore:setup.py install is deprecated -W ignore:easy_install command is deprecated setup.py egg_info --egg-base ../../build/launch_param_builder build --build-base /home/rinav/ros2_ws/build/launch_param_builder/build install --record /home/rinav/ros2_ws/build/launch_param_builder/install.log --single-version-externally-managed install_data
