[0.066s] Invoking command in '/home/rinav/ros2_ws/build/husky_robot': AMENT_PREFIX_PATH=/home/rinav/ros2_ws/install/husky_bringup:/home/rinav/ros2_ws/install/husky_control:/home/rinav/ros2_ws/install/husky_base:/home/rinav/ros2_ws/install/husky_msgs:/home/rinav/ros2_ws/install/husky_description:${AMENT_PREFIX_PATH} CMAKE_PREFIX_PATH=/home/rinav/ros2_ws/install/husky_bringup:/home/rinav/ros2_ws/install/husky_control:/home/rinav/ros2_ws/install/husky_base:/home/rinav/ros2_ws/install/husky_msgs:/home/rinav/ros2_ws/install/husky_description:/opt/ros/humble LD_LIBRARY_PATH=/home/rinav/ros2_ws/install/husky_base/lib:/home/rinav/ros2_ws/install/husky_msgs/lib:${LD_LIBRARY_PATH} PYTHONPATH=/home/rinav/ros2_ws/install/husky_msgs/local/lib/python3.10/dist-packages:${PYTHONPATH} /usr/bin/cmake --build /home/rinav/ros2_ws/build/husky_robot -- -j8 -l8
[0.209s] Invoked command in '/home/rinav/ros2_ws/build/husky_robot' returned '0': AMENT_PREFIX_PATH=/home/rinav/ros2_ws/install/husky_bringup:/home/rinav/ros2_ws/install/husky_control:/home/rinav/ros2_ws/install/husky_base:/home/rinav/ros2_ws/install/husky_msgs:/home/rinav/ros2_ws/install/husky_description:${AMENT_PREFIX_PATH} CMAKE_PREFIX_PATH=/home/rinav/ros2_ws/install/husky_bringup:/home/rinav/ros2_ws/install/husky_control:/home/rinav/ros2_ws/install/husky_base:/home/rinav/ros2_ws/install/husky_msgs:/home/rinav/ros2_ws/install/husky_description:/opt/ros/humble LD_LIBRARY_PATH=/home/rinav/ros2_ws/install/husky_base/lib:/home/rinav/ros2_ws/install/husky_msgs/lib:${LD_LIBRARY_PATH} PYTHONPATH=/home/rinav/ros2_ws/install/husky_msgs/local/lib/python3.10/dist-packages:${PYTHONPATH} /usr/bin/cmake --build /home/rinav/ros2_ws/build/husky_robot -- -j8 -l8
[0.212s] Invoking command in '/home/rinav/ros2_ws/build/husky_robot': AMENT_PREFIX_PATH=/home/rinav/ros2_ws/install/husky_bringup:/home/rinav/ros2_ws/install/husky_control:/home/rinav/ros2_ws/install/husky_base:/home/rinav/ros2_ws/install/husky_msgs:/home/rinav/ros2_ws/install/husky_description:${AMENT_PREFIX_PATH} CMAKE_PREFIX_PATH=/home/rinav/ros2_ws/install/husky_bringup:/home/rinav/ros2_ws/install/husky_control:/home/rinav/ros2_ws/install/husky_base:/home/rinav/ros2_ws/install/husky_msgs:/home/rinav/ros2_ws/install/husky_description:/opt/ros/humble LD_LIBRARY_PATH=/home/rinav/ros2_ws/install/husky_base/lib:/home/rinav/ros2_ws/install/husky_msgs/lib:${LD_LIBRARY_PATH} PYTHONPATH=/home/rinav/ros2_ws/install/husky_msgs/local/lib/python3.10/dist-packages:${PYTHONPATH} /usr/bin/cmake --install /home/rinav/ros2_ws/build/husky_robot
[0.231s] -- Install configuration: ""
[0.234s] -- Up-to-date: /home/rinav/ros2_ws/install/husky_robot/share/ament_index/resource_index/package_run_dependencies/husky_robot
[0.234s] -- Up-to-date: /home/rinav/ros2_ws/install/husky_robot/share/ament_index/resource_index/parent_prefix_path/husky_robot
[0.234s] -- Up-to-date: /home/rinav/ros2_ws/install/husky_robot/share/husky_robot/environment/ament_prefix_path.sh
[0.234s] -- Up-to-date: /home/rinav/ros2_ws/install/husky_robot/share/husky_robot/environment/ament_prefix_path.dsv
[0.235s] -- Up-to-date: /home/rinav/ros2_ws/install/husky_robot/share/husky_robot/environment/path.sh
[0.235s] -- Up-to-date: /home/rinav/ros2_ws/install/husky_robot/share/husky_robot/environment/path.dsv
[0.235s] -- Up-to-date: /home/rinav/ros2_ws/install/husky_robot/share/husky_robot/local_setup.bash
[0.235s] -- Up-to-date: /home/rinav/ros2_ws/install/husky_robot/share/husky_robot/local_setup.sh
[0.235s] -- Up-to-date: /home/rinav/ros2_ws/install/husky_robot/share/husky_robot/local_setup.zsh
[0.235s] -- Up-to-date: /home/rinav/ros2_ws/install/husky_robot/share/husky_robot/local_setup.dsv
[0.235s] -- Installing: /home/rinav/ros2_ws/install/husky_robot/share/husky_robot/package.dsv
[0.235s] -- Up-to-date: /home/rinav/ros2_ws/install/husky_robot/share/ament_index/resource_index/packages/husky_robot
[0.235s] -- Up-to-date: /home/rinav/ros2_ws/install/husky_robot/share/husky_robot/cmake/husky_robotConfig.cmake
[0.235s] -- Up-to-date: /home/rinav/ros2_ws/install/husky_robot/share/husky_robot/cmake/husky_robotConfig-version.cmake
[0.235s] -- Up-to-date: /home/rinav/ros2_ws/install/husky_robot/share/husky_robot/package.xml
[0.281s] Invoked command in '/home/rinav/ros2_ws/build/husky_robot' returned '0': AMENT_PREFIX_PATH=/home/rinav/ros2_ws/install/husky_bringup:/home/rinav/ros2_ws/install/husky_control:/home/rinav/ros2_ws/install/husky_base:/home/rinav/ros2_ws/install/husky_msgs:/home/rinav/ros2_ws/install/husky_description:${AMENT_PREFIX_PATH} CMAKE_PREFIX_PATH=/home/rinav/ros2_ws/install/husky_bringup:/home/rinav/ros2_ws/install/husky_control:/home/rinav/ros2_ws/install/husky_base:/home/rinav/ros2_ws/install/husky_msgs:/home/rinav/ros2_ws/install/husky_description:/opt/ros/humble LD_LIBRARY_PATH=/home/rinav/ros2_ws/install/husky_base/lib:/home/rinav/ros2_ws/install/husky_msgs/lib:${LD_LIBRARY_PATH} PYTHONPATH=/home/rinav/ros2_ws/install/husky_msgs/local/lib/python3.10/dist-packages:${PYTHONPATH} /usr/bin/cmake --install /home/rinav/ros2_ws/build/husky_robot
