[0.044s] Invoking command in '/home/rinav/ros2_ws/build/husky_bringup': CMAKE_PREFIX_PATH=/home/rinav/ros2_ws/install/husky_control:/home/rinav/ros2_ws/install/husky_base:/home/rinav/ros2_ws/install/husky_msgs:/home/rinav/ros2_ws/install/husky_description:/home/rinav/ros2_ws/install/husky_bringup:/opt/ros/humble /usr/bin/cmake /home/rinav/ros2_ws/src/husky/husky_bringup -DCMAKE_INSTALL_PREFIX=/home/rinav/ros2_ws/install/husky_bringup
[0.052s] -- Found ament_cmake: 1.3.12 (/opt/ros/humble/share/ament_cmake/cmake)
[0.140s] -- Override CMake install command with custom implementation using symlinks instead of copying resources
[0.189s] -- Configuring done
[0.191s] -- Generating done
[0.192s] -- Build files have been written to: /home/rinav/ros2_ws/build/husky_bringup
[0.193s] Invoked command in '/home/rinav/ros2_ws/build/husky_bringup' returned '0': CMAKE_PREFIX_PATH=/home/rinav/ros2_ws/install/husky_control:/home/rinav/ros2_ws/install/husky_base:/home/rinav/ros2_ws/install/husky_msgs:/home/rinav/ros2_ws/install/husky_description:/home/rinav/ros2_ws/install/husky_bringup:/opt/ros/humble /usr/bin/cmake /home/rinav/ros2_ws/src/husky/husky_bringup -DCMAKE_INSTALL_PREFIX=/home/rinav/ros2_ws/install/husky_bringup
[0.194s] Invoking command in '/home/rinav/ros2_ws/build/husky_bringup': CMAKE_PREFIX_PATH=/home/rinav/ros2_ws/install/husky_control:/home/rinav/ros2_ws/install/husky_base:/home/rinav/ros2_ws/install/husky_msgs:/home/rinav/ros2_ws/install/husky_description:/home/rinav/ros2_ws/install/husky_bringup:/opt/ros/humble /usr/bin/cmake --build /home/rinav/ros2_ws/build/husky_bringup -- -j8 -l8
[0.282s] Invoked command in '/home/rinav/ros2_ws/build/husky_bringup' returned '0': CMAKE_PREFIX_PATH=/home/rinav/ros2_ws/install/husky_control:/home/rinav/ros2_ws/install/husky_base:/home/rinav/ros2_ws/install/husky_msgs:/home/rinav/ros2_ws/install/husky_description:/home/rinav/ros2_ws/install/husky_bringup:/opt/ros/humble /usr/bin/cmake --build /home/rinav/ros2_ws/build/husky_bringup -- -j8 -l8
[0.282s] Invoking command in '/home/rinav/ros2_ws/build/husky_bringup': CMAKE_PREFIX_PATH=/home/rinav/ros2_ws/install/husky_control:/home/rinav/ros2_ws/install/husky_base:/home/rinav/ros2_ws/install/husky_msgs:/home/rinav/ros2_ws/install/husky_description:/home/rinav/ros2_ws/install/husky_bringup:/opt/ros/humble /usr/bin/cmake --install /home/rinav/ros2_ws/build/husky_bringup
[0.297s] -- Install configuration: ""
[0.298s] -- Execute custom install script
[0.298s] -- Up-to-date symlink: /home/rinav/ros2_ws/install/husky_bringup/share/husky_bringup/config/mag_config_default.yaml
[0.298s] -- Up-to-date symlink: /home/rinav/ros2_ws/install/husky_bringup/share/husky_bringup/launch/accessories.launch.py
[0.298s] -- Up-to-date symlink: /home/rinav/ros2_ws/install/husky_bringup/share/husky_bringup/udev/10-microstrain.rules
[0.298s] -- Up-to-date symlink: /home/rinav/ros2_ws/install/husky_bringup/share/husky_bringup/udev/41-clearpath.rules
[0.298s] -- Up-to-date symlink: /home/rinav/ros2_ws/install/husky_bringup/share/husky_bringup/udev/41-hokuyo.rules
[0.298s] -- Up-to-date symlink: /home/rinav/ros2_ws/install/husky_bringup/share/husky_bringup/udev/41-logitech.rules
[0.298s] -- Up-to-date symlink: /home/rinav/ros2_ws/install/husky_bringup/share/husky_bringup/udev/52-ftdi.rules
[0.298s] -- Up-to-date symlink: /home/rinav/ros2_ws/install/husky_bringup/share/husky_bringup/udev/README.md
[0.298s] -- Up-to-date symlink: /home/rinav/ros2_ws/install/husky_bringup/lib/husky_bringup/install
[0.298s] -- Up-to-date symlink: /home/rinav/ros2_ws/install/husky_bringup/share/ament_index/resource_index/package_run_dependencies/husky_bringup
[0.298s] -- Up-to-date symlink: /home/rinav/ros2_ws/install/husky_bringup/share/ament_index/resource_index/parent_prefix_path/husky_bringup
[0.303s] -- Up-to-date symlink: /home/rinav/ros2_ws/install/husky_bringup/share/husky_bringup/environment/ament_prefix_path.sh
[0.303s] -- Up-to-date symlink: /home/rinav/ros2_ws/install/husky_bringup/share/husky_bringup/environment/ament_prefix_path.dsv
[0.303s] -- Up-to-date symlink: /home/rinav/ros2_ws/install/husky_bringup/share/husky_bringup/environment/path.sh
[0.303s] -- Up-to-date symlink: /home/rinav/ros2_ws/install/husky_bringup/share/husky_bringup/environment/path.dsv
[0.303s] -- Up-to-date symlink: /home/rinav/ros2_ws/install/husky_bringup/share/husky_bringup/local_setup.bash
[0.303s] -- Up-to-date symlink: /home/rinav/ros2_ws/install/husky_bringup/share/husky_bringup/local_setup.sh
[0.303s] -- Up-to-date symlink: /home/rinav/ros2_ws/install/husky_bringup/share/husky_bringup/local_setup.zsh
[0.304s] -- Up-to-date symlink: /home/rinav/ros2_ws/install/husky_bringup/share/husky_bringup/local_setup.dsv
[0.304s] -- Symlinking: /home/rinav/ros2_ws/install/husky_bringup/share/husky_bringup/package.dsv
[0.313s] -- Up-to-date symlink: /home/rinav/ros2_ws/install/husky_bringup/share/ament_index/resource_index/packages/husky_bringup
[0.313s] -- Up-to-date symlink: /home/rinav/ros2_ws/install/husky_bringup/share/husky_bringup/cmake/husky_bringupConfig.cmake
[0.313s] -- Up-to-date symlink: /home/rinav/ros2_ws/install/husky_bringup/share/husky_bringup/cmake/husky_bringupConfig-version.cmake
[0.313s] -- Up-to-date symlink: /home/rinav/ros2_ws/install/husky_bringup/share/husky_bringup/package.xml
[0.314s] Invoked command in '/home/rinav/ros2_ws/build/husky_bringup' returned '0': CMAKE_PREFIX_PATH=/home/rinav/ros2_ws/install/husky_control:/home/rinav/ros2_ws/install/husky_base:/home/rinav/ros2_ws/install/husky_msgs:/home/rinav/ros2_ws/install/husky_description:/home/rinav/ros2_ws/install/husky_bringup:/opt/ros/humble /usr/bin/cmake --install /home/rinav/ros2_ws/build/husky_bringup
