[0.141s] DEBUG:colcon:Command line arguments: ['/usr/bin/colcon', 'build', '--symlink-install', '--packages-skip', 'husky_gazebo', '--packages-select', 'husky_description', 'husky_control', 'husky_msgs', 'husky_bringup']
[0.141s] DEBUG:colcon:Parsed command line arguments: Namespace(log_base=None, log_level=None, verb_name='build', build_base='build', install_base='install', merge_install=False, symlink_install=True, test_result_base=None, continue_on_error=False, executor='parallel', parallel_workers=8, event_handlers=None, ignore_user_meta=False, metas=['./colcon.meta'], base_paths=['.'], packages_ignore=None, packages_ignore_regex=None, paths=None, packages_up_to=None, packages_up_to_regex=None, packages_above=None, packages_above_and_dependencies=None, packages_above_depth=None, packages_select_by_dep=None, packages_skip_by_dep=None, packages_skip_up_to=None, packages_select_build_failed=False, packages_skip_build_finished=False, packages_select_test_failures=False, packages_skip_test_passed=False, packages_select=['husky_description', 'husky_control', 'husky_msgs', 'husky_bringup'], packages_skip=['husky_gazebo'], packages_select_regex=None, packages_skip_regex=None, packages_start=None, packages_end=None, allow_overriding=[], cmake_args=None, cmake_target=None, cmake_target_skip_unavailable=False, cmake_clean_cache=False, cmake_clean_first=False, cmake_force_configure=False, ament_cmake_args=None, catkin_cmake_args=None, catkin_skip_building_tests=False, verb_parser=<colcon_defaults.argument_parser.defaults.DefaultArgumentsDecorator object at 0xffff7f5e0490>, verb_extension=<colcon_core.verb.build.BuildVerb object at 0xffff7f829d80>, main=<bound method BuildVerb.main of <colcon_core.verb.build.BuildVerb object at 0xffff7f829d80>>)
[0.257s] Level 1:colcon.colcon_core.package_discovery:discover_packages(colcon_meta) check parameters
[0.257s] Level 1:colcon.colcon_core.package_discovery:discover_packages(recursive) check parameters
[0.257s] Level 1:colcon.colcon_core.package_discovery:discover_packages(ignore) check parameters
[0.257s] Level 1:colcon.colcon_core.package_discovery:discover_packages(path) check parameters
[0.257s] Level 1:colcon.colcon_core.package_discovery:discover_packages(colcon_meta) discover
[0.257s] Level 1:colcon.colcon_core.package_discovery:discover_packages(recursive) discover
[0.257s] INFO:colcon.colcon_core.package_discovery:Crawling recursively for packages in '/home/rinav/ros2_ws'
[0.257s] Level 1:colcon.colcon_core.package_identification:_identify(.) by extensions ['ignore', 'ignore_ament_install']
[0.257s] Level 1:colcon.colcon_core.package_identification:_identify(.) by extension 'ignore'
[0.257s] Level 1:colcon.colcon_core.package_identification:_identify(.) by extension 'ignore_ament_install'
[0.257s] Level 1:colcon.colcon_core.package_identification:_identify(.) by extensions ['colcon_pkg']
[0.257s] Level 1:colcon.colcon_core.package_identification:_identify(.) by extension 'colcon_pkg'
[0.257s] Level 1:colcon.colcon_core.package_identification:_identify(.) by extensions ['colcon_meta']
[0.257s] Level 1:colcon.colcon_core.package_identification:_identify(.) by extension 'colcon_meta'
[0.257s] Level 1:colcon.colcon_core.package_identification:_identify(.) by extensions ['ros']
[0.257s] Level 1:colcon.colcon_core.package_identification:_identify(.) by extension 'ros'
[0.264s] Level 1:colcon.colcon_core.package_identification:_identify(.) by extensions ['cmake', 'python']
[0.264s] Level 1:colcon.colcon_core.package_identification:_identify(.) by extension 'cmake'
[0.264s] Level 1:colcon.colcon_core.package_identification:_identify(.) by extension 'python'
[0.264s] Level 1:colcon.colcon_core.package_identification:_identify(.) by extensions ['python_setup_py']
[0.264s] Level 1:colcon.colcon_core.package_identification:_identify(.) by extension 'python_setup_py'
[0.264s] Level 1:colcon.colcon_core.package_identification:_identify(build) by extensions ['ignore', 'ignore_ament_install']
[0.264s] Level 1:colcon.colcon_core.package_identification:_identify(build) by extension 'ignore'
[0.264s] Level 1:colcon.colcon_core.package_identification:_identify(build) ignored
[0.264s] Level 1:colcon.colcon_core.package_identification:_identify(install) by extensions ['ignore', 'ignore_ament_install']
[0.264s] Level 1:colcon.colcon_core.package_identification:_identify(install) by extension 'ignore'
[0.264s] Level 1:colcon.colcon_core.package_identification:_identify(install) ignored
[0.264s] Level 1:colcon.colcon_core.package_identification:_identify(log) by extensions ['ignore', 'ignore_ament_install']
[0.264s] Level 1:colcon.colcon_core.package_identification:_identify(log) by extension 'ignore'
[0.264s] Level 1:colcon.colcon_core.package_identification:_identify(log) ignored
[0.264s] Level 1:colcon.colcon_core.package_identification:_identify(src) by extensions ['ignore', 'ignore_ament_install']
[0.264s] Level 1:colcon.colcon_core.package_identification:_identify(src) by extension 'ignore'
[0.264s] Level 1:colcon.colcon_core.package_identification:_identify(src) by extension 'ignore_ament_install'
[0.264s] Level 1:colcon.colcon_core.package_identification:_identify(src) by extensions ['colcon_pkg']
[0.264s] Level 1:colcon.colcon_core.package_identification:_identify(src) by extension 'colcon_pkg'
[0.264s] Level 1:colcon.colcon_core.package_identification:_identify(src) by extensions ['colcon_meta']
[0.264s] Level 1:colcon.colcon_core.package_identification:_identify(src) by extension 'colcon_meta'
[0.264s] Level 1:colcon.colcon_core.package_identification:_identify(src) by extensions ['ros']
[0.264s] Level 1:colcon.colcon_core.package_identification:_identify(src) by extension 'ros'
[0.264s] Level 1:colcon.colcon_core.package_identification:_identify(src) by extensions ['cmake', 'python']
[0.264s] Level 1:colcon.colcon_core.package_identification:_identify(src) by extension 'cmake'
[0.264s] Level 1:colcon.colcon_core.package_identification:_identify(src) by extension 'python'
[0.264s] Level 1:colcon.colcon_core.package_identification:_identify(src) by extensions ['python_setup_py']
[0.264s] Level 1:colcon.colcon_core.package_identification:_identify(src) by extension 'python_setup_py'
[0.264s] Level 1:colcon.colcon_core.package_identification:_identify(src/husky) by extensions ['ignore', 'ignore_ament_install']
[0.264s] Level 1:colcon.colcon_core.package_identification:_identify(src/husky) by extension 'ignore'
[0.264s] Level 1:colcon.colcon_core.package_identification:_identify(src/husky) by extension 'ignore_ament_install'
[0.264s] Level 1:colcon.colcon_core.package_identification:_identify(src/husky) by extensions ['colcon_pkg']
[0.264s] Level 1:colcon.colcon_core.package_identification:_identify(src/husky) by extension 'colcon_pkg'
[0.264s] Level 1:colcon.colcon_core.package_identification:_identify(src/husky) by extensions ['colcon_meta']
[0.264s] Level 1:colcon.colcon_core.package_identification:_identify(src/husky) by extension 'colcon_meta'
[0.265s] Level 1:colcon.colcon_core.package_identification:_identify(src/husky) by extensions ['ros']
[0.265s] Level 1:colcon.colcon_core.package_identification:_identify(src/husky) by extension 'ros'
[0.265s] Level 1:colcon.colcon_core.package_identification:_identify(src/husky) by extensions ['cmake', 'python']
[0.265s] Level 1:colcon.colcon_core.package_identification:_identify(src/husky) by extension 'cmake'
[0.265s] Level 1:colcon.colcon_core.package_identification:_identify(src/husky) by extension 'python'
[0.265s] Level 1:colcon.colcon_core.package_identification:_identify(src/husky) by extensions ['python_setup_py']
[0.265s] Level 1:colcon.colcon_core.package_identification:_identify(src/husky) by extension 'python_setup_py'
[0.265s] Level 1:colcon.colcon_core.package_identification:_identify(src/husky/husky_base) by extensions ['ignore', 'ignore_ament_install']
[0.265s] Level 1:colcon.colcon_core.package_identification:_identify(src/husky/husky_base) by extension 'ignore'
[0.265s] Level 1:colcon.colcon_core.package_identification:_identify(src/husky/husky_base) by extension 'ignore_ament_install'
[0.265s] Level 1:colcon.colcon_core.package_identification:_identify(src/husky/husky_base) by extensions ['colcon_pkg']
[0.265s] Level 1:colcon.colcon_core.package_identification:_identify(src/husky/husky_base) by extension 'colcon_pkg'
[0.265s] Level 1:colcon.colcon_core.package_identification:_identify(src/husky/husky_base) by extensions ['colcon_meta']
[0.265s] Level 1:colcon.colcon_core.package_identification:_identify(src/husky/husky_base) by extension 'colcon_meta'
[0.265s] Level 1:colcon.colcon_core.package_identification:_identify(src/husky/husky_base) by extensions ['ros']
[0.265s] Level 1:colcon.colcon_core.package_identification:_identify(src/husky/husky_base) by extension 'ros'
[0.267s] DEBUG:colcon.colcon_core.package_identification:Package 'src/husky/husky_base' with type 'ros.ament_cmake' and name 'husky_base'
[0.267s] Level 1:colcon.colcon_core.package_identification:_identify(src/husky/husky_bringup) by extensions ['ignore', 'ignore_ament_install']
[0.267s] Level 1:colcon.colcon_core.package_identification:_identify(src/husky/husky_bringup) by extension 'ignore'
[0.267s] Level 1:colcon.colcon_core.package_identification:_identify(src/husky/husky_bringup) by extension 'ignore_ament_install'
[0.267s] Level 1:colcon.colcon_core.package_identification:_identify(src/husky/husky_bringup) by extensions ['colcon_pkg']
[0.267s] Level 1:colcon.colcon_core.package_identification:_identify(src/husky/husky_bringup) by extension 'colcon_pkg'
[0.267s] Level 1:colcon.colcon_core.package_identification:_identify(src/husky/husky_bringup) by extensions ['colcon_meta']
[0.267s] Level 1:colcon.colcon_core.package_identification:_identify(src/husky/husky_bringup) by extension 'colcon_meta'
[0.267s] Level 1:colcon.colcon_core.package_identification:_identify(src/husky/husky_bringup) by extensions ['ros']
[0.267s] Level 1:colcon.colcon_core.package_identification:_identify(src/husky/husky_bringup) by extension 'ros'
[0.268s] DEBUG:colcon.colcon_core.package_identification:Package 'src/husky/husky_bringup' with type 'ros.ament_cmake' and name 'husky_bringup'
[0.268s] Level 1:colcon.colcon_core.package_identification:_identify(src/husky/husky_control) by extensions ['ignore', 'ignore_ament_install']
[0.268s] Level 1:colcon.colcon_core.package_identification:_identify(src/husky/husky_control) by extension 'ignore'
[0.268s] Level 1:colcon.colcon_core.package_identification:_identify(src/husky/husky_control) by extension 'ignore_ament_install'
[0.268s] Level 1:colcon.colcon_core.package_identification:_identify(src/husky/husky_control) by extensions ['colcon_pkg']
[0.268s] Level 1:colcon.colcon_core.package_identification:_identify(src/husky/husky_control) by extension 'colcon_pkg'
[0.268s] Level 1:colcon.colcon_core.package_identification:_identify(src/husky/husky_control) by extensions ['colcon_meta']
[0.268s] Level 1:colcon.colcon_core.package_identification:_identify(src/husky/husky_control) by extension 'colcon_meta'
[0.268s] Level 1:colcon.colcon_core.package_identification:_identify(src/husky/husky_control) by extensions ['ros']
[0.268s] Level 1:colcon.colcon_core.package_identification:_identify(src/husky/husky_control) by extension 'ros'
[0.269s] DEBUG:colcon.colcon_core.package_identification:Package 'src/husky/husky_control' with type 'ros.ament_cmake' and name 'husky_control'
[0.269s] Level 1:colcon.colcon_core.package_identification:_identify(src/husky/husky_description) by extensions ['ignore', 'ignore_ament_install']
[0.269s] Level 1:colcon.colcon_core.package_identification:_identify(src/husky/husky_description) by extension 'ignore'
[0.269s] Level 1:colcon.colcon_core.package_identification:_identify(src/husky/husky_description) by extension 'ignore_ament_install'
[0.269s] Level 1:colcon.colcon_core.package_identification:_identify(src/husky/husky_description) by extensions ['colcon_pkg']
[0.269s] Level 1:colcon.colcon_core.package_identification:_identify(src/husky/husky_description) by extension 'colcon_pkg'
[0.269s] Level 1:colcon.colcon_core.package_identification:_identify(src/husky/husky_description) by extensions ['colcon_meta']
[0.269s] Level 1:colcon.colcon_core.package_identification:_identify(src/husky/husky_description) by extension 'colcon_meta'
[0.269s] Level 1:colcon.colcon_core.package_identification:_identify(src/husky/husky_description) by extensions ['ros']
[0.269s] Level 1:colcon.colcon_core.package_identification:_identify(src/husky/husky_description) by extension 'ros'
[0.270s] DEBUG:colcon.colcon_core.package_identification:Package 'src/husky/husky_description' with type 'ros.ament_cmake' and name 'husky_description'
[0.270s] Level 1:colcon.colcon_core.package_identification:_identify(src/husky/husky_desktop) by extensions ['ignore', 'ignore_ament_install']
[0.270s] Level 1:colcon.colcon_core.package_identification:_identify(src/husky/husky_desktop) by extension 'ignore'
[0.270s] Level 1:colcon.colcon_core.package_identification:_identify(src/husky/husky_desktop) by extension 'ignore_ament_install'
[0.270s] Level 1:colcon.colcon_core.package_identification:_identify(src/husky/husky_desktop) by extensions ['colcon_pkg']
[0.270s] Level 1:colcon.colcon_core.package_identification:_identify(src/husky/husky_desktop) by extension 'colcon_pkg'
[0.270s] Level 1:colcon.colcon_core.package_identification:_identify(src/husky/husky_desktop) by extensions ['colcon_meta']
[0.270s] Level 1:colcon.colcon_core.package_identification:_identify(src/husky/husky_desktop) by extension 'colcon_meta'
[0.270s] Level 1:colcon.colcon_core.package_identification:_identify(src/husky/husky_desktop) by extensions ['ros']
[0.270s] Level 1:colcon.colcon_core.package_identification:_identify(src/husky/husky_desktop) by extension 'ros'
[0.270s] DEBUG:colcon.colcon_core.package_identification:Package 'src/husky/husky_desktop' with type 'ros.ament_cmake' and name 'husky_desktop'
[0.270s] Level 1:colcon.colcon_core.package_identification:_identify(src/husky/husky_gazebo) by extensions ['ignore', 'ignore_ament_install']
[0.270s] Level 1:colcon.colcon_core.package_identification:_identify(src/husky/husky_gazebo) by extension 'ignore'
[0.270s] Level 1:colcon.colcon_core.package_identification:_identify(src/husky/husky_gazebo) by extension 'ignore_ament_install'
[0.270s] Level 1:colcon.colcon_core.package_identification:_identify(src/husky/husky_gazebo) by extensions ['colcon_pkg']
[0.270s] Level 1:colcon.colcon_core.package_identification:_identify(src/husky/husky_gazebo) by extension 'colcon_pkg'
[0.270s] Level 1:colcon.colcon_core.package_identification:_identify(src/husky/husky_gazebo) by extensions ['colcon_meta']
[0.270s] Level 1:colcon.colcon_core.package_identification:_identify(src/husky/husky_gazebo) by extension 'colcon_meta'
[0.270s] Level 1:colcon.colcon_core.package_identification:_identify(src/husky/husky_gazebo) by extensions ['ros']
[0.270s] Level 1:colcon.colcon_core.package_identification:_identify(src/husky/husky_gazebo) by extension 'ros'
[0.271s] DEBUG:colcon.colcon_core.package_identification:Package 'src/husky/husky_gazebo' with type 'ros.ament_cmake' and name 'husky_gazebo'
[0.271s] Level 1:colcon.colcon_core.package_identification:_identify(src/husky/husky_msgs) by extensions ['ignore', 'ignore_ament_install']
[0.271s] Level 1:colcon.colcon_core.package_identification:_identify(src/husky/husky_msgs) by extension 'ignore'
[0.271s] Level 1:colcon.colcon_core.package_identification:_identify(src/husky/husky_msgs) by extension 'ignore_ament_install'
[0.271s] Level 1:colcon.colcon_core.package_identification:_identify(src/husky/husky_msgs) by extensions ['colcon_pkg']
[0.271s] Level 1:colcon.colcon_core.package_identification:_identify(src/husky/husky_msgs) by extension 'colcon_pkg'
[0.271s] Level 1:colcon.colcon_core.package_identification:_identify(src/husky/husky_msgs) by extensions ['colcon_meta']
[0.271s] Level 1:colcon.colcon_core.package_identification:_identify(src/husky/husky_msgs) by extension 'colcon_meta'
[0.271s] Level 1:colcon.colcon_core.package_identification:_identify(src/husky/husky_msgs) by extensions ['ros']
[0.271s] Level 1:colcon.colcon_core.package_identification:_identify(src/husky/husky_msgs) by extension 'ros'
[0.272s] DEBUG:colcon.colcon_core.package_identification:Package 'src/husky/husky_msgs' with type 'ros.ament_cmake' and name 'husky_msgs'
[0.272s] Level 1:colcon.colcon_core.package_identification:_identify(src/husky/husky_navigation) by extensions ['ignore', 'ignore_ament_install']
[0.272s] Level 1:colcon.colcon_core.package_identification:_identify(src/husky/husky_navigation) by extension 'ignore'
[0.272s] Level 1:colcon.colcon_core.package_identification:_identify(src/husky/husky_navigation) ignored
[0.272s] Level 1:colcon.colcon_core.package_identification:_identify(src/husky/husky_robot) by extensions ['ignore', 'ignore_ament_install']
[0.272s] Level 1:colcon.colcon_core.package_identification:_identify(src/husky/husky_robot) by extension 'ignore'
[0.272s] Level 1:colcon.colcon_core.package_identification:_identify(src/husky/husky_robot) by extension 'ignore_ament_install'
[0.272s] Level 1:colcon.colcon_core.package_identification:_identify(src/husky/husky_robot) by extensions ['colcon_pkg']
[0.272s] Level 1:colcon.colcon_core.package_identification:_identify(src/husky/husky_robot) by extension 'colcon_pkg'
[0.272s] Level 1:colcon.colcon_core.package_identification:_identify(src/husky/husky_robot) by extensions ['colcon_meta']
[0.272s] Level 1:colcon.colcon_core.package_identification:_identify(src/husky/husky_robot) by extension 'colcon_meta'
[0.272s] Level 1:colcon.colcon_core.package_identification:_identify(src/husky/husky_robot) by extensions ['ros']
[0.272s] Level 1:colcon.colcon_core.package_identification:_identify(src/husky/husky_robot) by extension 'ros'
[0.272s] DEBUG:colcon.colcon_core.package_identification:Package 'src/husky/husky_robot' with type 'ros.ament_cmake' and name 'husky_robot'
[0.272s] Level 1:colcon.colcon_core.package_identification:_identify(src/husky/husky_simulator) by extensions ['ignore', 'ignore_ament_install']
[0.272s] Level 1:colcon.colcon_core.package_identification:_identify(src/husky/husky_simulator) by extension 'ignore'
[0.272s] Level 1:colcon.colcon_core.package_identification:_identify(src/husky/husky_simulator) by extension 'ignore_ament_install'
[0.272s] Level 1:colcon.colcon_core.package_identification:_identify(src/husky/husky_simulator) by extensions ['colcon_pkg']
[0.272s] Level 1:colcon.colcon_core.package_identification:_identify(src/husky/husky_simulator) by extension 'colcon_pkg'
[0.272s] Level 1:colcon.colcon_core.package_identification:_identify(src/husky/husky_simulator) by extensions ['colcon_meta']
[0.272s] Level 1:colcon.colcon_core.package_identification:_identify(src/husky/husky_simulator) by extension 'colcon_meta'
[0.272s] Level 1:colcon.colcon_core.package_identification:_identify(src/husky/husky_simulator) by extensions ['ros']
[0.272s] Level 1:colcon.colcon_core.package_identification:_identify(src/husky/husky_simulator) by extension 'ros'
[0.273s] DEBUG:colcon.colcon_core.package_identification:Package 'src/husky/husky_simulator' with type 'ros.ament_cmake' and name 'husky_simulator'
[0.273s] Level 1:colcon.colcon_core.package_identification:_identify(src/husky/husky_viz) by extensions ['ignore', 'ignore_ament_install']
[0.273s] Level 1:colcon.colcon_core.package_identification:_identify(src/husky/husky_viz) by extension 'ignore'
[0.273s] Level 1:colcon.colcon_core.package_identification:_identify(src/husky/husky_viz) by extension 'ignore_ament_install'
[0.273s] Level 1:colcon.colcon_core.package_identification:_identify(src/husky/husky_viz) by extensions ['colcon_pkg']
[0.273s] Level 1:colcon.colcon_core.package_identification:_identify(src/husky/husky_viz) by extension 'colcon_pkg'
[0.273s] Level 1:colcon.colcon_core.package_identification:_identify(src/husky/husky_viz) by extensions ['colcon_meta']
[0.273s] Level 1:colcon.colcon_core.package_identification:_identify(src/husky/husky_viz) by extension 'colcon_meta'
[0.273s] Level 1:colcon.colcon_core.package_identification:_identify(src/husky/husky_viz) by extensions ['ros']
[0.273s] Level 1:colcon.colcon_core.package_identification:_identify(src/husky/husky_viz) by extension 'ros'
[0.273s] DEBUG:colcon.colcon_core.package_identification:Package 'src/husky/husky_viz' with type 'ros.ament_cmake' and name 'husky_viz'
[0.273s] Level 1:colcon.colcon_core.package_identification:_identify(src/mobile_robotics) by extensions ['ignore', 'ignore_ament_install']
[0.273s] Level 1:colcon.colcon_core.package_identification:_identify(src/mobile_robotics) by extension 'ignore'
[0.273s] Level 1:colcon.colcon_core.package_identification:_identify(src/mobile_robotics) by extension 'ignore_ament_install'
[0.273s] Level 1:colcon.colcon_core.package_identification:_identify(src/mobile_robotics) by extensions ['colcon_pkg']
[0.273s] Level 1:colcon.colcon_core.package_identification:_identify(src/mobile_robotics) by extension 'colcon_pkg'
[0.273s] Level 1:colcon.colcon_core.package_identification:_identify(src/mobile_robotics) by extensions ['colcon_meta']
[0.273s] Level 1:colcon.colcon_core.package_identification:_identify(src/mobile_robotics) by extension 'colcon_meta'
[0.273s] Level 1:colcon.colcon_core.package_identification:_identify(src/mobile_robotics) by extensions ['ros']
[0.273s] Level 1:colcon.colcon_core.package_identification:_identify(src/mobile_robotics) by extension 'ros'
[0.274s] DEBUG:colcon.colcon_core.package_identification:Package 'src/mobile_robotics' with type 'ros.ament_python' and name 'mobile_robotics'
[0.274s] Level 1:colcon.colcon_core.package_identification:_identify(src/py_pubsub) by extensions ['ignore', 'ignore_ament_install']
[0.274s] Level 1:colcon.colcon_core.package_identification:_identify(src/py_pubsub) by extension 'ignore'
[0.274s] Level 1:colcon.colcon_core.package_identification:_identify(src/py_pubsub) by extension 'ignore_ament_install'
[0.274s] Level 1:colcon.colcon_core.package_identification:_identify(src/py_pubsub) by extensions ['colcon_pkg']
[0.274s] Level 1:colcon.colcon_core.package_identification:_identify(src/py_pubsub) by extension 'colcon_pkg'
[0.274s] Level 1:colcon.colcon_core.package_identification:_identify(src/py_pubsub) by extensions ['colcon_meta']
[0.274s] Level 1:colcon.colcon_core.package_identification:_identify(src/py_pubsub) by extension 'colcon_meta'
[0.274s] Level 1:colcon.colcon_core.package_identification:_identify(src/py_pubsub) by extensions ['ros']
[0.274s] Level 1:colcon.colcon_core.package_identification:_identify(src/py_pubsub) by extension 'ros'
[0.274s] DEBUG:colcon.colcon_core.package_identification:Package 'src/py_pubsub' with type 'ros.ament_python' and name 'py_pubsub'
[0.274s] Level 1:colcon.colcon_core.package_identification:_identify(src/py_srvcli) by extensions ['ignore', 'ignore_ament_install']
[0.274s] Level 1:colcon.colcon_core.package_identification:_identify(src/py_srvcli) by extension 'ignore'
[0.274s] Level 1:colcon.colcon_core.package_identification:_identify(src/py_srvcli) by extension 'ignore_ament_install'
[0.274s] Level 1:colcon.colcon_core.package_identification:_identify(src/py_srvcli) by extensions ['colcon_pkg']
[0.275s] Level 1:colcon.colcon_core.package_identification:_identify(src/py_srvcli) by extension 'colcon_pkg'
[0.275s] Level 1:colcon.colcon_core.package_identification:_identify(src/py_srvcli) by extensions ['colcon_meta']
[0.275s] Level 1:colcon.colcon_core.package_identification:_identify(src/py_srvcli) by extension 'colcon_meta'
[0.275s] Level 1:colcon.colcon_core.package_identification:_identify(src/py_srvcli) by extensions ['ros']
[0.275s] Level 1:colcon.colcon_core.package_identification:_identify(src/py_srvcli) by extension 'ros'
[0.275s] DEBUG:colcon.colcon_core.package_identification:Package 'src/py_srvcli' with type 'ros.ament_python' and name 'py_srvcli'
[0.275s] Level 1:colcon.colcon_core.package_identification:_identify(src/ros_tutorials) by extensions ['ignore', 'ignore_ament_install']
[0.275s] Level 1:colcon.colcon_core.package_identification:_identify(src/ros_tutorials) by extension 'ignore'
[0.275s] Level 1:colcon.colcon_core.package_identification:_identify(src/ros_tutorials) by extension 'ignore_ament_install'
[0.275s] Level 1:colcon.colcon_core.package_identification:_identify(src/ros_tutorials) by extensions ['colcon_pkg']
[0.275s] Level 1:colcon.colcon_core.package_identification:_identify(src/ros_tutorials) by extension 'colcon_pkg'
[0.275s] Level 1:colcon.colcon_core.package_identification:_identify(src/ros_tutorials) by extensions ['colcon_meta']
[0.275s] Level 1:colcon.colcon_core.package_identification:_identify(src/ros_tutorials) by extension 'colcon_meta'
[0.275s] Level 1:colcon.colcon_core.package_identification:_identify(src/ros_tutorials) by extensions ['ros']
[0.275s] Level 1:colcon.colcon_core.package_identification:_identify(src/ros_tutorials) by extension 'ros'
[0.275s] Level 1:colcon.colcon_core.package_identification:_identify(src/ros_tutorials) by extensions ['cmake', 'python']
[0.275s] Level 1:colcon.colcon_core.package_identification:_identify(src/ros_tutorials) by extension 'cmake'
[0.275s] Level 1:colcon.colcon_core.package_identification:_identify(src/ros_tutorials) by extension 'python'
[0.275s] Level 1:colcon.colcon_core.package_identification:_identify(src/ros_tutorials) by extensions ['python_setup_py']
[0.275s] Level 1:colcon.colcon_core.package_identification:_identify(src/ros_tutorials) by extension 'python_setup_py'
[0.275s] Level 1:colcon.colcon_core.package_identification:_identify(src/ros_tutorials/ros_tutorials) by extensions ['ignore', 'ignore_ament_install']
[0.275s] Level 1:colcon.colcon_core.package_identification:_identify(src/ros_tutorials/ros_tutorials) by extension 'ignore'
[0.275s] Level 1:colcon.colcon_core.package_identification:_identify(src/ros_tutorials/ros_tutorials) ignored
[0.275s] Level 1:colcon.colcon_core.package_identification:_identify(src/ros_tutorials/roscpp_tutorials) by extensions ['ignore', 'ignore_ament_install']
[0.275s] Level 1:colcon.colcon_core.package_identification:_identify(src/ros_tutorials/roscpp_tutorials) by extension 'ignore'
[0.275s] Level 1:colcon.colcon_core.package_identification:_identify(src/ros_tutorials/roscpp_tutorials) ignored
[0.276s] Level 1:colcon.colcon_core.package_identification:_identify(src/ros_tutorials/rospy_tutorials) by extensions ['ignore', 'ignore_ament_install']
[0.276s] Level 1:colcon.colcon_core.package_identification:_identify(src/ros_tutorials/rospy_tutorials) by extension 'ignore'
[0.276s] Level 1:colcon.colcon_core.package_identification:_identify(src/ros_tutorials/rospy_tutorials) ignored
[0.276s] Level 1:colcon.colcon_core.package_identification:_identify(src/ros_tutorials/turtlesim) by extensions ['ignore', 'ignore_ament_install']
[0.276s] Level 1:colcon.colcon_core.package_identification:_identify(src/ros_tutorials/turtlesim) by extension 'ignore'
[0.276s] Level 1:colcon.colcon_core.package_identification:_identify(src/ros_tutorials/turtlesim) by extension 'ignore_ament_install'
[0.276s] Level 1:colcon.colcon_core.package_identification:_identify(src/ros_tutorials/turtlesim) by extensions ['colcon_pkg']
[0.276s] Level 1:colcon.colcon_core.package_identification:_identify(src/ros_tutorials/turtlesim) by extension 'colcon_pkg'
[0.276s] Level 1:colcon.colcon_core.package_identification:_identify(src/ros_tutorials/turtlesim) by extensions ['colcon_meta']
[0.276s] Level 1:colcon.colcon_core.package_identification:_identify(src/ros_tutorials/turtlesim) by extension 'colcon_meta'
[0.276s] Level 1:colcon.colcon_core.package_identification:_identify(src/ros_tutorials/turtlesim) by extensions ['ros']
[0.276s] Level 1:colcon.colcon_core.package_identification:_identify(src/ros_tutorials/turtlesim) by extension 'ros'
[0.276s] DEBUG:colcon.colcon_core.package_identification:Package 'src/ros_tutorials/turtlesim' with type 'ros.ament_cmake' and name 'turtlesim'
[0.276s] Level 1:colcon.colcon_core.package_identification:_identify(src/trial_package) by extensions ['ignore', 'ignore_ament_install']
[0.276s] Level 1:colcon.colcon_core.package_identification:_identify(src/trial_package) by extension 'ignore'
[0.277s] Level 1:colcon.colcon_core.package_identification:_identify(src/trial_package) by extension 'ignore_ament_install'
[0.277s] Level 1:colcon.colcon_core.package_identification:_identify(src/trial_package) by extensions ['colcon_pkg']
[0.277s] Level 1:colcon.colcon_core.package_identification:_identify(src/trial_package) by extension 'colcon_pkg'
[0.277s] Level 1:colcon.colcon_core.package_identification:_identify(src/trial_package) by extensions ['colcon_meta']
[0.277s] Level 1:colcon.colcon_core.package_identification:_identify(src/trial_package) by extension 'colcon_meta'
[0.277s] Level 1:colcon.colcon_core.package_identification:_identify(src/trial_package) by extensions ['ros']
[0.277s] Level 1:colcon.colcon_core.package_identification:_identify(src/trial_package) by extension 'ros'
[0.277s] DEBUG:colcon.colcon_core.package_identification:Package 'src/trial_package' with type 'ros.ament_python' and name 'trial_package'
[0.277s] Level 1:colcon.colcon_core.package_discovery:discover_packages(recursive) using defaults
[0.277s] Level 1:colcon.colcon_core.package_discovery:discover_packages(ignore) discover
[0.277s] Level 1:colcon.colcon_core.package_discovery:discover_packages(ignore) using defaults
[0.277s] Level 1:colcon.colcon_core.package_discovery:discover_packages(path) discover
[0.277s] Level 1:colcon.colcon_core.package_discovery:discover_packages(path) using defaults
[0.304s] INFO:colcon.colcon_core.package_selection:Skipping not selected package 'mobile_robotics' in 'src/mobile_robotics'
[0.305s] INFO:colcon.colcon_core.package_selection:Skipping not selected package 'py_pubsub' in 'src/py_pubsub'
[0.305s] INFO:colcon.colcon_core.package_selection:Skipping not selected package 'py_srvcli' in 'src/py_srvcli'
[0.305s] INFO:colcon.colcon_core.package_selection:Skipping not selected package 'trial_package' in 'src/trial_package'
[0.305s] INFO:colcon.colcon_core.package_selection:Skipping not selected package 'turtlesim' in 'src/ros_tutorials/turtlesim'
[0.305s] INFO:colcon.colcon_core.package_selection:Skipping not selected package 'husky_base' in 'src/husky/husky_base'
[0.305s] INFO:colcon.colcon_core.package_selection:Skipping not selected package 'husky_viz' in 'src/husky/husky_viz'
[0.305s] INFO:colcon.colcon_core.package_selection:Skipping not selected package 'husky_desktop' in 'src/husky/husky_desktop'
[0.305s] INFO:colcon.colcon_core.package_selection:Skipping package 'husky_gazebo' in 'src/husky/husky_gazebo'
[0.305s] INFO:colcon.colcon_core.package_selection:Skipping not selected package 'husky_robot' in 'src/husky/husky_robot'
[0.305s] INFO:colcon.colcon_core.package_selection:Skipping not selected package 'husky_simulator' in 'src/husky/husky_simulator'
[0.305s] Level 1:colcon.colcon_core.package_discovery:discover_packages(prefix_path) check parameters
[0.305s] Level 1:colcon.colcon_core.package_discovery:discover_packages(prefix_path) discover
[0.307s] DEBUG:colcon.colcon_installed_package_information.package_discovery:Found 382 installed packages in /opt/ros/humble
[0.308s] Level 1:colcon.colcon_core.package_discovery:discover_packages(prefix_path) using defaults
[0.342s] Level 5:colcon.colcon_core.verb:set package 'husky_description' build argument 'cmake_args' from command line to 'None'
[0.342s] Level 5:colcon.colcon_core.verb:set package 'husky_description' build argument 'cmake_target' from command line to 'None'
[0.342s] Level 5:colcon.colcon_core.verb:set package 'husky_description' build argument 'cmake_target_skip_unavailable' from command line to 'False'
[0.342s] Level 5:colcon.colcon_core.verb:set package 'husky_description' build argument 'cmake_clean_cache' from command line to 'False'
[0.342s] Level 5:colcon.colcon_core.verb:set package 'husky_description' build argument 'cmake_clean_first' from command line to 'False'
[0.342s] Level 5:colcon.colcon_core.verb:set package 'husky_description' build argument 'cmake_force_configure' from command line to 'False'
[0.342s] Level 5:colcon.colcon_core.verb:set package 'husky_description' build argument 'ament_cmake_args' from command line to 'None'
[0.342s] Level 5:colcon.colcon_core.verb:set package 'husky_description' build argument 'catkin_cmake_args' from command line to 'None'
[0.342s] Level 5:colcon.colcon_core.verb:set package 'husky_description' build argument 'catkin_skip_building_tests' from command line to 'False'
[0.342s] DEBUG:colcon.colcon_core.verb:Building package 'husky_description' with the following arguments: {'ament_cmake_args': None, 'build_base': '/home/rinav/ros2_ws/build/husky_description', 'catkin_cmake_args': None, 'catkin_skip_building_tests': False, 'cmake_args': None, 'cmake_clean_cache': False, 'cmake_clean_first': False, 'cmake_force_configure': False, 'cmake_target': None, 'cmake_target_skip_unavailable': False, 'install_base': '/home/rinav/ros2_ws/install/husky_description', 'merge_install': False, 'path': '/home/rinav/ros2_ws/src/husky/husky_description', 'symlink_install': True, 'test_result_base': None}
[0.342s] Level 5:colcon.colcon_core.verb:set package 'husky_msgs' build argument 'cmake_args' from command line to 'None'
[0.342s] Level 5:colcon.colcon_core.verb:set package 'husky_msgs' build argument 'cmake_target' from command line to 'None'
[0.343s] Level 5:colcon.colcon_core.verb:set package 'husky_msgs' build argument 'cmake_target_skip_unavailable' from command line to 'False'
[0.343s] Level 5:colcon.colcon_core.verb:set package 'husky_msgs' build argument 'cmake_clean_cache' from command line to 'False'
[0.343s] Level 5:colcon.colcon_core.verb:set package 'husky_msgs' build argument 'cmake_clean_first' from command line to 'False'
[0.343s] Level 5:colcon.colcon_core.verb:set package 'husky_msgs' build argument 'cmake_force_configure' from command line to 'False'
[0.343s] Level 5:colcon.colcon_core.verb:set package 'husky_msgs' build argument 'ament_cmake_args' from command line to 'None'
[0.343s] Level 5:colcon.colcon_core.verb:set package 'husky_msgs' build argument 'catkin_cmake_args' from command line to 'None'
[0.343s] Level 5:colcon.colcon_core.verb:set package 'husky_msgs' build argument 'catkin_skip_building_tests' from command line to 'False'
[0.343s] DEBUG:colcon.colcon_core.verb:Building package 'husky_msgs' with the following arguments: {'ament_cmake_args': None, 'build_base': '/home/rinav/ros2_ws/build/husky_msgs', 'catkin_cmake_args': None, 'catkin_skip_building_tests': False, 'cmake_args': None, 'cmake_clean_cache': False, 'cmake_clean_first': False, 'cmake_force_configure': False, 'cmake_target': None, 'cmake_target_skip_unavailable': False, 'install_base': '/home/rinav/ros2_ws/install/husky_msgs', 'merge_install': False, 'path': '/home/rinav/ros2_ws/src/husky/husky_msgs', 'symlink_install': True, 'test_result_base': None}
[0.343s] Level 5:colcon.colcon_core.verb:set package 'husky_control' build argument 'cmake_args' from command line to 'None'
[0.343s] Level 5:colcon.colcon_core.verb:set package 'husky_control' build argument 'cmake_target' from command line to 'None'
[0.343s] Level 5:colcon.colcon_core.verb:set package 'husky_control' build argument 'cmake_target_skip_unavailable' from command line to 'False'
[0.343s] Level 5:colcon.colcon_core.verb:set package 'husky_control' build argument 'cmake_clean_cache' from command line to 'False'
[0.343s] Level 5:colcon.colcon_core.verb:set package 'husky_control' build argument 'cmake_clean_first' from command line to 'False'
[0.343s] Level 5:colcon.colcon_core.verb:set package 'husky_control' build argument 'cmake_force_configure' from command line to 'False'
[0.343s] Level 5:colcon.colcon_core.verb:set package 'husky_control' build argument 'ament_cmake_args' from command line to 'None'
[0.343s] Level 5:colcon.colcon_core.verb:set package 'husky_control' build argument 'catkin_cmake_args' from command line to 'None'
[0.343s] Level 5:colcon.colcon_core.verb:set package 'husky_control' build argument 'catkin_skip_building_tests' from command line to 'False'
[0.343s] DEBUG:colcon.colcon_core.verb:Building package 'husky_control' with the following arguments: {'ament_cmake_args': None, 'build_base': '/home/rinav/ros2_ws/build/husky_control', 'catkin_cmake_args': None, 'catkin_skip_building_tests': False, 'cmake_args': None, 'cmake_clean_cache': False, 'cmake_clean_first': False, 'cmake_force_configure': False, 'cmake_target': None, 'cmake_target_skip_unavailable': False, 'install_base': '/home/rinav/ros2_ws/install/husky_control', 'merge_install': False, 'path': '/home/rinav/ros2_ws/src/husky/husky_control', 'symlink_install': True, 'test_result_base': None}
[0.343s] Level 5:colcon.colcon_core.verb:set package 'husky_bringup' build argument 'cmake_args' from command line to 'None'
[0.343s] Level 5:colcon.colcon_core.verb:set package 'husky_bringup' build argument 'cmake_target' from command line to 'None'
[0.343s] Level 5:colcon.colcon_core.verb:set package 'husky_bringup' build argument 'cmake_target_skip_unavailable' from command line to 'False'
[0.343s] Level 5:colcon.colcon_core.verb:set package 'husky_bringup' build argument 'cmake_clean_cache' from command line to 'False'
[0.343s] Level 5:colcon.colcon_core.verb:set package 'husky_bringup' build argument 'cmake_clean_first' from command line to 'False'
[0.343s] Level 5:colcon.colcon_core.verb:set package 'husky_bringup' build argument 'cmake_force_configure' from command line to 'False'
[0.343s] Level 5:colcon.colcon_core.verb:set package 'husky_bringup' build argument 'ament_cmake_args' from command line to 'None'
[0.343s] Level 5:colcon.colcon_core.verb:set package 'husky_bringup' build argument 'catkin_cmake_args' from command line to 'None'
[0.343s] Level 5:colcon.colcon_core.verb:set package 'husky_bringup' build argument 'catkin_skip_building_tests' from command line to 'False'
[0.343s] DEBUG:colcon.colcon_core.verb:Building package 'husky_bringup' with the following arguments: {'ament_cmake_args': None, 'build_base': '/home/rinav/ros2_ws/build/husky_bringup', 'catkin_cmake_args': None, 'catkin_skip_building_tests': False, 'cmake_args': None, 'cmake_clean_cache': False, 'cmake_clean_first': False, 'cmake_force_configure': False, 'cmake_target': None, 'cmake_target_skip_unavailable': False, 'install_base': '/home/rinav/ros2_ws/install/husky_bringup', 'merge_install': False, 'path': '/home/rinav/ros2_ws/src/husky/husky_bringup', 'symlink_install': True, 'test_result_base': None}
[0.343s] INFO:colcon.colcon_core.executor:Executing jobs using 'parallel' executor
[0.344s] DEBUG:colcon.colcon_parallel_executor.executor.parallel:run_until_complete
[0.344s] INFO:colcon.colcon_ros.task.ament_cmake.build:Building ROS package in '/home/rinav/ros2_ws/src/husky/husky_description' with build type 'ament_cmake'
[0.344s] INFO:colcon.colcon_cmake.task.cmake.build:Building CMake package in '/home/rinav/ros2_ws/src/husky/husky_description'
[0.349s] INFO:colcon.colcon_core.plugin_system:Skipping extension 'colcon_core.shell.bat': Not used on non-Windows systems
[0.349s] INFO:colcon.colcon_core.shell:Skip shell extension 'powershell' for command environment: Not usable outside of PowerShell
[0.349s] DEBUG:colcon.colcon_core.shell:Skip shell extension 'dsv' for command environment
[0.352s] INFO:colcon.colcon_ros.task.ament_cmake.build:Building ROS package in '/home/rinav/ros2_ws/src/husky/husky_msgs' with build type 'ament_cmake'
[0.352s] INFO:colcon.colcon_cmake.task.cmake.build:Building CMake package in '/home/rinav/ros2_ws/src/husky/husky_msgs'
[0.352s] INFO:colcon.colcon_core.shell:Skip shell extension 'powershell' for command environment: Not usable outside of PowerShell
[0.352s] DEBUG:colcon.colcon_core.shell:Skip shell extension 'dsv' for command environment
[0.355s] DEBUG:colcon.colcon_core.event_handler.log_command:Invoking command in '/home/rinav/ros2_ws/build/husky_description': CMAKE_PREFIX_PATH=/opt/ros/humble /usr/bin/cmake /home/rinav/ros2_ws/src/husky/husky_description -DAMENT_CMAKE_SYMLINK_INSTALL=1 -DCMAKE_INSTALL_PREFIX=/home/rinav/ros2_ws/install/husky_description
[0.359s] DEBUG:colcon.colcon_core.event_handler.log_command:Invoking command in '/home/rinav/ros2_ws/build/husky_msgs': CMAKE_PREFIX_PATH=/opt/ros/humble /usr/bin/cmake /home/rinav/ros2_ws/src/husky/husky_msgs -DAMENT_CMAKE_SYMLINK_INSTALL=1 -DCMAKE_INSTALL_PREFIX=/home/rinav/ros2_ws/install/husky_msgs
[0.878s] DEBUG:colcon.colcon_core.event_handler.log_command:Invoked command in '/home/rinav/ros2_ws/build/husky_description' returned '0': CMAKE_PREFIX_PATH=/opt/ros/humble /usr/bin/cmake /home/rinav/ros2_ws/src/husky/husky_description -DAMENT_CMAKE_SYMLINK_INSTALL=1 -DCMAKE_INSTALL_PREFIX=/home/rinav/ros2_ws/install/husky_description
[0.879s] DEBUG:colcon.colcon_core.event_handler.log_command:Invoking command in '/home/rinav/ros2_ws/build/husky_description': CMAKE_PREFIX_PATH=/opt/ros/humble /usr/bin/cmake --build /home/rinav/ros2_ws/build/husky_description -- -j8 -l8
[0.896s] DEBUG:colcon.colcon_core.event_handler.log_command:Invoked command in '/home/rinav/ros2_ws/build/husky_description' returned '0': CMAKE_PREFIX_PATH=/opt/ros/humble /usr/bin/cmake --build /home/rinav/ros2_ws/build/husky_description -- -j8 -l8
[0.902s] DEBUG:colcon.colcon_core.event_handler.log_command:Invoking command in '/home/rinav/ros2_ws/build/husky_description': CMAKE_PREFIX_PATH=/opt/ros/humble /usr/bin/cmake --install /home/rinav/ros2_ws/build/husky_description
[1.087s] Level 1:colcon.colcon_core.environment:create_environment_scripts_only(husky_description)
[1.088s] DEBUG:colcon.colcon_core.event_handler.log_command:Invoked command in '/home/rinav/ros2_ws/build/husky_description' returned '0': CMAKE_PREFIX_PATH=/opt/ros/humble /usr/bin/cmake --install /home/rinav/ros2_ws/build/husky_description
[1.091s] Level 1:colcon.colcon_core.environment:checking '/home/rinav/ros2_ws/install/husky_description' for CMake module files
[1.091s] Level 1:colcon.colcon_core.environment:checking '/home/rinav/ros2_ws/install/husky_description' for CMake config files
[1.091s] Level 1:colcon.colcon_core.shell:create_environment_hook('husky_description', 'cmake_prefix_path')
[1.091s] INFO:colcon.colcon_core.shell:Creating environment hook '/home/rinav/ros2_ws/install/husky_description/share/husky_description/hook/cmake_prefix_path.ps1'
[1.092s] INFO:colcon.colcon_core.shell:Creating environment descriptor '/home/rinav/ros2_ws/install/husky_description/share/husky_description/hook/cmake_prefix_path.dsv'
[1.093s] INFO:colcon.colcon_core.shell:Creating environment hook '/home/rinav/ros2_ws/install/husky_description/share/husky_description/hook/cmake_prefix_path.sh'
[1.093s] Level 1:colcon.colcon_core.environment:checking '/home/rinav/ros2_ws/install/husky_description/bin'
[1.093s] Level 1:colcon.colcon_core.environment:checking '/home/rinav/ros2_ws/install/husky_description/lib/pkgconfig/husky_description.pc'
[1.093s] Level 1:colcon.colcon_core.environment:checking '/home/rinav/ros2_ws/install/husky_description/lib/python3.10/site-packages'
[1.093s] Level 1:colcon.colcon_core.environment:checking '/home/rinav/ros2_ws/install/husky_description/bin'
[1.093s] INFO:colcon.colcon_core.shell:Creating package script '/home/rinav/ros2_ws/install/husky_description/share/husky_description/package.ps1'
[1.094s] INFO:colcon.colcon_core.shell:Creating package descriptor '/home/rinav/ros2_ws/install/husky_description/share/husky_description/package.dsv'
[1.095s] INFO:colcon.colcon_core.shell:Creating package script '/home/rinav/ros2_ws/install/husky_description/share/husky_description/package.sh'
[1.095s] INFO:colcon.colcon_core.shell:Creating package script '/home/rinav/ros2_ws/install/husky_description/share/husky_description/package.bash'
[1.096s] INFO:colcon.colcon_core.shell:Creating package script '/home/rinav/ros2_ws/install/husky_description/share/husky_description/package.zsh'
[1.096s] Level 1:colcon.colcon_core.environment:create_file_with_runtime_dependencies(/home/rinav/ros2_ws/install/husky_description/share/colcon-core/packages/husky_description)
[1.096s] Level 1:colcon.colcon_core.environment:create_environment_scripts_only(husky_description)
[1.097s] Level 1:colcon.colcon_core.environment:checking '/home/rinav/ros2_ws/install/husky_description' for CMake module files
[1.097s] Level 1:colcon.colcon_core.environment:checking '/home/rinav/ros2_ws/install/husky_description' for CMake config files
[1.097s] Level 1:colcon.colcon_core.shell:create_environment_hook('husky_description', 'cmake_prefix_path')
[1.097s] INFO:colcon.colcon_core.shell:Creating environment hook '/home/rinav/ros2_ws/install/husky_description/share/husky_description/hook/cmake_prefix_path.ps1'
[1.098s] INFO:colcon.colcon_core.shell:Creating environment descriptor '/home/rinav/ros2_ws/install/husky_description/share/husky_description/hook/cmake_prefix_path.dsv'
[1.098s] INFO:colcon.colcon_core.shell:Creating environment hook '/home/rinav/ros2_ws/install/husky_description/share/husky_description/hook/cmake_prefix_path.sh'
[1.098s] Level 1:colcon.colcon_core.environment:checking '/home/rinav/ros2_ws/install/husky_description/bin'
[1.098s] Level 1:colcon.colcon_core.environment:checking '/home/rinav/ros2_ws/install/husky_description/lib/pkgconfig/husky_description.pc'
[1.098s] Level 1:colcon.colcon_core.environment:checking '/home/rinav/ros2_ws/install/husky_description/lib/python3.10/site-packages'
[1.098s] Level 1:colcon.colcon_core.environment:checking '/home/rinav/ros2_ws/install/husky_description/bin'
[1.098s] INFO:colcon.colcon_core.shell:Creating package script '/home/rinav/ros2_ws/install/husky_description/share/husky_description/package.ps1'
[1.099s] INFO:colcon.colcon_core.shell:Creating package descriptor '/home/rinav/ros2_ws/install/husky_description/share/husky_description/package.dsv'
[1.099s] INFO:colcon.colcon_core.shell:Creating package script '/home/rinav/ros2_ws/install/husky_description/share/husky_description/package.sh'
[1.099s] INFO:colcon.colcon_core.shell:Creating package script '/home/rinav/ros2_ws/install/husky_description/share/husky_description/package.bash'
[1.099s] INFO:colcon.colcon_core.shell:Creating package script '/home/rinav/ros2_ws/install/husky_description/share/husky_description/package.zsh'
[1.099s] Level 1:colcon.colcon_core.environment:create_file_with_runtime_dependencies(/home/rinav/ros2_ws/install/husky_description/share/colcon-core/packages/husky_description)
[1.100s] INFO:colcon.colcon_ros.task.ament_cmake.build:Building ROS package in '/home/rinav/ros2_ws/src/husky/husky_control' with build type 'ament_cmake'
[1.100s] INFO:colcon.colcon_cmake.task.cmake.build:Building CMake package in '/home/rinav/ros2_ws/src/husky/husky_control'
[1.100s] INFO:colcon.colcon_core.shell:Skip shell extension 'powershell' for command environment: Not usable outside of PowerShell
[1.100s] DEBUG:colcon.colcon_core.shell:Skip shell extension 'dsv' for command environment
[1.104s] DEBUG:colcon.colcon_core.event_handler.log_command:Invoking command in '/home/rinav/ros2_ws/build/husky_control': AMENT_PREFIX_PATH=/home/rinav/ros2_ws/install/husky_description:${AMENT_PREFIX_PATH} CMAKE_PREFIX_PATH=/home/rinav/ros2_ws/install/husky_description:/opt/ros/humble /usr/bin/cmake /home/rinav/ros2_ws/src/husky/husky_control -DAMENT_CMAKE_SYMLINK_INSTALL=1 -DCMAKE_INSTALL_PREFIX=/home/rinav/ros2_ws/install/husky_control
[1.436s] DEBUG:colcon.colcon_core.event_handler.log_command:Invoked command in '/home/rinav/ros2_ws/build/husky_control' returned '0': AMENT_PREFIX_PATH=/home/rinav/ros2_ws/install/husky_description:${AMENT_PREFIX_PATH} CMAKE_PREFIX_PATH=/home/rinav/ros2_ws/install/husky_description:/opt/ros/humble /usr/bin/cmake /home/rinav/ros2_ws/src/husky/husky_control -DAMENT_CMAKE_SYMLINK_INSTALL=1 -DCMAKE_INSTALL_PREFIX=/home/rinav/ros2_ws/install/husky_control
[1.437s] DEBUG:colcon.colcon_core.event_handler.log_command:Invoking command in '/home/rinav/ros2_ws/build/husky_control': AMENT_PREFIX_PATH=/home/rinav/ros2_ws/install/husky_description:${AMENT_PREFIX_PATH} CMAKE_PREFIX_PATH=/home/rinav/ros2_ws/install/husky_description:/opt/ros/humble /usr/bin/cmake --build /home/rinav/ros2_ws/build/husky_control -- -j8 -l8
[1.454s] DEBUG:colcon.colcon_core.event_handler.log_command:Invoked command in '/home/rinav/ros2_ws/build/husky_control' returned '0': AMENT_PREFIX_PATH=/home/rinav/ros2_ws/install/husky_description:${AMENT_PREFIX_PATH} CMAKE_PREFIX_PATH=/home/rinav/ros2_ws/install/husky_description:/opt/ros/humble /usr/bin/cmake --build /home/rinav/ros2_ws/build/husky_control -- -j8 -l8
[1.455s] DEBUG:colcon.colcon_core.event_handler.log_command:Invoking command in '/home/rinav/ros2_ws/build/husky_control': AMENT_PREFIX_PATH=/home/rinav/ros2_ws/install/husky_description:${AMENT_PREFIX_PATH} CMAKE_PREFIX_PATH=/home/rinav/ros2_ws/install/husky_description:/opt/ros/humble /usr/bin/cmake --install /home/rinav/ros2_ws/build/husky_control
[1.469s] DEBUG:colcon.colcon_core.event_handler.log_command:Invoked command in '/home/rinav/ros2_ws/build/husky_msgs' returned '0': CMAKE_PREFIX_PATH=/opt/ros/humble /usr/bin/cmake /home/rinav/ros2_ws/src/husky/husky_msgs -DAMENT_CMAKE_SYMLINK_INSTALL=1 -DCMAKE_INSTALL_PREFIX=/home/rinav/ros2_ws/install/husky_msgs
[1.470s] DEBUG:colcon.colcon_core.event_handler.log_command:Invoking command in '/home/rinav/ros2_ws/build/husky_msgs': CMAKE_PREFIX_PATH=/opt/ros/humble /usr/bin/cmake --build /home/rinav/ros2_ws/build/husky_msgs -- -j8 -l8
[1.578s] Level 1:colcon.colcon_core.environment:create_environment_scripts_only(husky_control)
[1.578s] DEBUG:colcon.colcon_core.event_handler.log_command:Invoked command in '/home/rinav/ros2_ws/build/husky_control' returned '0': AMENT_PREFIX_PATH=/home/rinav/ros2_ws/install/husky_description:${AMENT_PREFIX_PATH} CMAKE_PREFIX_PATH=/home/rinav/ros2_ws/install/husky_description:/opt/ros/humble /usr/bin/cmake --install /home/rinav/ros2_ws/build/husky_control
[1.579s] Level 1:colcon.colcon_core.environment:checking '/home/rinav/ros2_ws/install/husky_control' for CMake module files
[1.579s] Level 1:colcon.colcon_core.environment:checking '/home/rinav/ros2_ws/install/husky_control' for CMake config files
[1.579s] Level 1:colcon.colcon_core.shell:create_environment_hook('husky_control', 'cmake_prefix_path')
[1.579s] INFO:colcon.colcon_core.shell:Creating environment hook '/home/rinav/ros2_ws/install/husky_control/share/husky_control/hook/cmake_prefix_path.ps1'
[1.580s] INFO:colcon.colcon_core.shell:Creating environment descriptor '/home/rinav/ros2_ws/install/husky_control/share/husky_control/hook/cmake_prefix_path.dsv'
[1.580s] INFO:colcon.colcon_core.shell:Creating environment hook '/home/rinav/ros2_ws/install/husky_control/share/husky_control/hook/cmake_prefix_path.sh'
[1.580s] Level 1:colcon.colcon_core.environment:checking '/home/rinav/ros2_ws/install/husky_control/bin'
[1.580s] Level 1:colcon.colcon_core.environment:checking '/home/rinav/ros2_ws/install/husky_control/lib/pkgconfig/husky_control.pc'
[1.580s] Level 1:colcon.colcon_core.environment:checking '/home/rinav/ros2_ws/install/husky_control/lib/python3.10/site-packages'
[1.580s] Level 1:colcon.colcon_core.environment:checking '/home/rinav/ros2_ws/install/husky_control/bin'
[1.580s] INFO:colcon.colcon_core.shell:Creating package script '/home/rinav/ros2_ws/install/husky_control/share/husky_control/package.ps1'
[1.581s] INFO:colcon.colcon_core.shell:Creating package descriptor '/home/rinav/ros2_ws/install/husky_control/share/husky_control/package.dsv'
[1.581s] INFO:colcon.colcon_core.shell:Creating package script '/home/rinav/ros2_ws/install/husky_control/share/husky_control/package.sh'
[1.581s] INFO:colcon.colcon_core.shell:Creating package script '/home/rinav/ros2_ws/install/husky_control/share/husky_control/package.bash'
[1.581s] INFO:colcon.colcon_core.shell:Creating package script '/home/rinav/ros2_ws/install/husky_control/share/husky_control/package.zsh'
[1.581s] Level 1:colcon.colcon_core.environment:create_file_with_runtime_dependencies(/home/rinav/ros2_ws/install/husky_control/share/colcon-core/packages/husky_control)
[1.581s] Level 1:colcon.colcon_core.environment:create_environment_scripts_only(husky_control)
[1.582s] Level 1:colcon.colcon_core.environment:checking '/home/rinav/ros2_ws/install/husky_control' for CMake module files
[1.582s] Level 1:colcon.colcon_core.environment:checking '/home/rinav/ros2_ws/install/husky_control' for CMake config files
[1.582s] Level 1:colcon.colcon_core.shell:create_environment_hook('husky_control', 'cmake_prefix_path')
[1.582s] INFO:colcon.colcon_core.shell:Creating environment hook '/home/rinav/ros2_ws/install/husky_control/share/husky_control/hook/cmake_prefix_path.ps1'
[1.582s] INFO:colcon.colcon_core.shell:Creating environment descriptor '/home/rinav/ros2_ws/install/husky_control/share/husky_control/hook/cmake_prefix_path.dsv'
[1.582s] INFO:colcon.colcon_core.shell:Creating environment hook '/home/rinav/ros2_ws/install/husky_control/share/husky_control/hook/cmake_prefix_path.sh'
[1.582s] Level 1:colcon.colcon_core.environment:checking '/home/rinav/ros2_ws/install/husky_control/bin'
[1.582s] Level 1:colcon.colcon_core.environment:checking '/home/rinav/ros2_ws/install/husky_control/lib/pkgconfig/husky_control.pc'
[1.583s] Level 1:colcon.colcon_core.environment:checking '/home/rinav/ros2_ws/install/husky_control/lib/python3.10/site-packages'
[1.583s] Level 1:colcon.colcon_core.environment:checking '/home/rinav/ros2_ws/install/husky_control/bin'
[1.583s] INFO:colcon.colcon_core.shell:Creating package script '/home/rinav/ros2_ws/install/husky_control/share/husky_control/package.ps1'
[1.583s] INFO:colcon.colcon_core.shell:Creating package descriptor '/home/rinav/ros2_ws/install/husky_control/share/husky_control/package.dsv'
[1.583s] INFO:colcon.colcon_core.shell:Creating package script '/home/rinav/ros2_ws/install/husky_control/share/husky_control/package.sh'
[1.583s] INFO:colcon.colcon_core.shell:Creating package script '/home/rinav/ros2_ws/install/husky_control/share/husky_control/package.bash'
[1.584s] INFO:colcon.colcon_core.shell:Creating package script '/home/rinav/ros2_ws/install/husky_control/share/husky_control/package.zsh'
[1.584s] Level 1:colcon.colcon_core.environment:create_file_with_runtime_dependencies(/home/rinav/ros2_ws/install/husky_control/share/colcon-core/packages/husky_control)
[2.656s] DEBUG:colcon.colcon_core.event_handler.log_command:Invoked command in '/home/rinav/ros2_ws/build/husky_msgs' returned '0': CMAKE_PREFIX_PATH=/opt/ros/humble /usr/bin/cmake --build /home/rinav/ros2_ws/build/husky_msgs -- -j8 -l8
[2.657s] DEBUG:colcon.colcon_core.event_handler.log_command:Invoking command in '/home/rinav/ros2_ws/build/husky_msgs': CMAKE_PREFIX_PATH=/opt/ros/humble /usr/bin/cmake --install /home/rinav/ros2_ws/build/husky_msgs
[2.923s] Level 1:colcon.colcon_core.environment:create_environment_scripts_only(husky_msgs)
[2.923s] Level 1:colcon.colcon_core.environment:checking '/home/rinav/ros2_ws/install/husky_msgs' for CMake module files
[2.923s] DEBUG:colcon.colcon_core.event_handler.log_command:Invoked command in '/home/rinav/ros2_ws/build/husky_msgs' returned '0': CMAKE_PREFIX_PATH=/opt/ros/humble /usr/bin/cmake --install /home/rinav/ros2_ws/build/husky_msgs
[2.924s] Level 1:colcon.colcon_core.environment:checking '/home/rinav/ros2_ws/install/husky_msgs' for CMake config files
[2.924s] Level 1:colcon.colcon_core.shell:create_environment_hook('husky_msgs', 'cmake_prefix_path')
[2.924s] INFO:colcon.colcon_core.shell:Creating environment hook '/home/rinav/ros2_ws/install/husky_msgs/share/husky_msgs/hook/cmake_prefix_path.ps1'
[2.924s] INFO:colcon.colcon_core.shell:Creating environment descriptor '/home/rinav/ros2_ws/install/husky_msgs/share/husky_msgs/hook/cmake_prefix_path.dsv'
[2.925s] INFO:colcon.colcon_core.shell:Creating environment hook '/home/rinav/ros2_ws/install/husky_msgs/share/husky_msgs/hook/cmake_prefix_path.sh'
[2.925s] Level 1:colcon.colcon_core.environment:checking '/home/rinav/ros2_ws/install/husky_msgs/lib'
[2.925s] Level 1:colcon.colcon_core.shell:create_environment_hook('husky_msgs', 'ld_library_path_lib')
[2.925s] INFO:colcon.colcon_core.shell:Creating environment hook '/home/rinav/ros2_ws/install/husky_msgs/share/husky_msgs/hook/ld_library_path_lib.ps1'
[2.925s] INFO:colcon.colcon_core.shell:Creating environment descriptor '/home/rinav/ros2_ws/install/husky_msgs/share/husky_msgs/hook/ld_library_path_lib.dsv'
[2.925s] INFO:colcon.colcon_core.shell:Creating environment hook '/home/rinav/ros2_ws/install/husky_msgs/share/husky_msgs/hook/ld_library_path_lib.sh'
[2.925s] Level 1:colcon.colcon_core.environment:checking '/home/rinav/ros2_ws/install/husky_msgs/bin'
[2.925s] Level 1:colcon.colcon_core.environment:checking '/home/rinav/ros2_ws/install/husky_msgs/lib/pkgconfig/husky_msgs.pc'
[2.926s] Level 1:colcon.colcon_core.environment:checking '/home/rinav/ros2_ws/install/husky_msgs/lib/python3.10/site-packages'
[2.926s] Level 1:colcon.colcon_core.environment:checking '/home/rinav/ros2_ws/install/husky_msgs/bin'
[2.926s] INFO:colcon.colcon_core.shell:Creating package script '/home/rinav/ros2_ws/install/husky_msgs/share/husky_msgs/package.ps1'
[2.926s] INFO:colcon.colcon_core.shell:Creating package descriptor '/home/rinav/ros2_ws/install/husky_msgs/share/husky_msgs/package.dsv'
[2.926s] INFO:colcon.colcon_core.shell:Creating package script '/home/rinav/ros2_ws/install/husky_msgs/share/husky_msgs/package.sh'
[2.926s] INFO:colcon.colcon_core.shell:Creating package script '/home/rinav/ros2_ws/install/husky_msgs/share/husky_msgs/package.bash'
[2.926s] INFO:colcon.colcon_core.shell:Creating package script '/home/rinav/ros2_ws/install/husky_msgs/share/husky_msgs/package.zsh'
[2.927s] Level 1:colcon.colcon_core.environment:create_file_with_runtime_dependencies(/home/rinav/ros2_ws/install/husky_msgs/share/colcon-core/packages/husky_msgs)
[2.927s] Level 1:colcon.colcon_core.environment:create_environment_scripts_only(husky_msgs)
[2.927s] Level 1:colcon.colcon_core.environment:checking '/home/rinav/ros2_ws/install/husky_msgs' for CMake module files
[2.927s] Level 1:colcon.colcon_core.environment:checking '/home/rinav/ros2_ws/install/husky_msgs' for CMake config files
[2.928s] Level 1:colcon.colcon_core.shell:create_environment_hook('husky_msgs', 'cmake_prefix_path')
[2.928s] INFO:colcon.colcon_core.shell:Creating environment hook '/home/rinav/ros2_ws/install/husky_msgs/share/husky_msgs/hook/cmake_prefix_path.ps1'
[2.928s] INFO:colcon.colcon_core.shell:Creating environment descriptor '/home/rinav/ros2_ws/install/husky_msgs/share/husky_msgs/hook/cmake_prefix_path.dsv'
[2.928s] INFO:colcon.colcon_core.shell:Creating environment hook '/home/rinav/ros2_ws/install/husky_msgs/share/husky_msgs/hook/cmake_prefix_path.sh'
[2.928s] Level 1:colcon.colcon_core.environment:checking '/home/rinav/ros2_ws/install/husky_msgs/lib'
[2.928s] Level 1:colcon.colcon_core.shell:create_environment_hook('husky_msgs', 'ld_library_path_lib')
[2.928s] INFO:colcon.colcon_core.shell:Creating environment hook '/home/rinav/ros2_ws/install/husky_msgs/share/husky_msgs/hook/ld_library_path_lib.ps1'
[2.929s] INFO:colcon.colcon_core.shell:Creating environment descriptor '/home/rinav/ros2_ws/install/husky_msgs/share/husky_msgs/hook/ld_library_path_lib.dsv'
[2.929s] INFO:colcon.colcon_core.shell:Creating environment hook '/home/rinav/ros2_ws/install/husky_msgs/share/husky_msgs/hook/ld_library_path_lib.sh'
[2.929s] Level 1:colcon.colcon_core.environment:checking '/home/rinav/ros2_ws/install/husky_msgs/bin'
[2.929s] Level 1:colcon.colcon_core.environment:checking '/home/rinav/ros2_ws/install/husky_msgs/lib/pkgconfig/husky_msgs.pc'
[2.929s] Level 1:colcon.colcon_core.environment:checking '/home/rinav/ros2_ws/install/husky_msgs/lib/python3.10/site-packages'
[2.929s] Level 1:colcon.colcon_core.environment:checking '/home/rinav/ros2_ws/install/husky_msgs/bin'
[2.929s] INFO:colcon.colcon_core.shell:Creating package script '/home/rinav/ros2_ws/install/husky_msgs/share/husky_msgs/package.ps1'
[2.930s] INFO:colcon.colcon_core.shell:Creating package descriptor '/home/rinav/ros2_ws/install/husky_msgs/share/husky_msgs/package.dsv'
[2.930s] INFO:colcon.colcon_core.shell:Creating package script '/home/rinav/ros2_ws/install/husky_msgs/share/husky_msgs/package.sh'
[2.930s] INFO:colcon.colcon_core.shell:Creating package script '/home/rinav/ros2_ws/install/husky_msgs/share/husky_msgs/package.bash'
[2.930s] INFO:colcon.colcon_core.shell:Creating package script '/home/rinav/ros2_ws/install/husky_msgs/share/husky_msgs/package.zsh'
[2.930s] Level 1:colcon.colcon_core.environment:create_file_with_runtime_dependencies(/home/rinav/ros2_ws/install/husky_msgs/share/colcon-core/packages/husky_msgs)
[2.930s] INFO:colcon.colcon_ros.task.ament_cmake.build:Building ROS package in '/home/rinav/ros2_ws/src/husky/husky_bringup' with build type 'ament_cmake'
[2.931s] INFO:colcon.colcon_cmake.task.cmake.build:Building CMake package in '/home/rinav/ros2_ws/src/husky/husky_bringup'
[2.931s] INFO:colcon.colcon_core.shell:Skip shell extension 'powershell' for command environment: Not usable outside of PowerShell
[2.931s] DEBUG:colcon.colcon_core.shell:Skip shell extension 'dsv' for command environment
[2.932s] ERROR:colcon.colcon_cmake.task.cmake.build:Failed to find the following files:
- /home/rinav/ros2_ws/install/husky_base/share/husky_base/package.sh
Check that the following packages have been built:
- husky_base
[2.932s] Level 1:colcon.colcon_core.environment:create_environment_scripts_only(husky_bringup)
[2.932s] Level 1:colcon.colcon_core.environment:checking '/home/rinav/ros2_ws/install/husky_bringup' for CMake module files
[2.932s] Level 1:colcon.colcon_core.environment:checking '/home/rinav/ros2_ws/install/husky_bringup' for CMake config files
[2.932s] Level 1:colcon.colcon_core.environment:checking '/home/rinav/ros2_ws/install/husky_bringup/bin'
[2.932s] Level 1:colcon.colcon_core.environment:checking '/home/rinav/ros2_ws/install/husky_bringup/lib/pkgconfig/husky_bringup.pc'
[2.932s] Level 1:colcon.colcon_core.environment:checking '/home/rinav/ros2_ws/install/husky_bringup/lib/python3.10/site-packages'
[2.933s] Level 1:colcon.colcon_core.environment:checking '/home/rinav/ros2_ws/install/husky_bringup/bin'
[2.933s] INFO:colcon.colcon_core.shell:Creating package script '/home/rinav/ros2_ws/install/husky_bringup/share/husky_bringup/package.ps1'
[2.933s] INFO:colcon.colcon_core.shell:Creating package descriptor '/home/rinav/ros2_ws/install/husky_bringup/share/husky_bringup/package.dsv'
[2.933s] INFO:colcon.colcon_core.shell:Creating package script '/home/rinav/ros2_ws/install/husky_bringup/share/husky_bringup/package.sh'
[2.933s] INFO:colcon.colcon_core.shell:Creating package script '/home/rinav/ros2_ws/install/husky_bringup/share/husky_bringup/package.bash'
[2.933s] INFO:colcon.colcon_core.shell:Creating package script '/home/rinav/ros2_ws/install/husky_bringup/share/husky_bringup/package.zsh'
[2.933s] Level 1:colcon.colcon_core.environment:create_file_with_runtime_dependencies(/home/rinav/ros2_ws/install/husky_bringup/share/colcon-core/packages/husky_bringup)
[2.944s] DEBUG:colcon.colcon_parallel_executor.executor.parallel:closing loop
[2.944s] DEBUG:colcon.colcon_parallel_executor.executor.parallel:loop closed
[2.944s] DEBUG:colcon.colcon_parallel_executor.executor.parallel:run_until_complete finished with '1'
[2.944s] DEBUG:colcon.colcon_core.event_reactor:joining thread
[2.948s] INFO:colcon.colcon_core.plugin_system:Skipping extension 'colcon_notification.desktop_notification.terminal_notifier': Not used on non-Darwin systems
[2.948s] INFO:colcon.colcon_core.plugin_system:Skipping extension 'colcon_notification.desktop_notification.win32': Not used on non-Windows systems
[2.948s] INFO:colcon.colcon_notification.desktop_notification:Sending desktop notification using 'notify2'
[2.973s] DEBUG:colcon.colcon_core.event_reactor:joined thread
[2.973s] INFO:colcon.colcon_core.shell:Creating prefix script '/home/rinav/ros2_ws/install/local_setup.ps1'
[2.974s] INFO:colcon.colcon_core.shell:Creating prefix util module '/home/rinav/ros2_ws/install/_local_setup_util_ps1.py'
[2.975s] INFO:colcon.colcon_core.shell:Creating prefix chain script '/home/rinav/ros2_ws/install/setup.ps1'
[2.976s] INFO:colcon.colcon_core.shell:Creating prefix script '/home/rinav/ros2_ws/install/local_setup.sh'
[2.976s] INFO:colcon.colcon_core.shell:Creating prefix util module '/home/rinav/ros2_ws/install/_local_setup_util_sh.py'
[2.977s] INFO:colcon.colcon_core.shell:Creating prefix chain script '/home/rinav/ros2_ws/install/setup.sh'
[2.977s] INFO:colcon.colcon_core.shell:Creating prefix script '/home/rinav/ros2_ws/install/local_setup.bash'
[2.978s] INFO:colcon.colcon_core.shell:Creating prefix chain script '/home/rinav/ros2_ws/install/setup.bash'
[2.979s] INFO:colcon.colcon_core.shell:Creating prefix script '/home/rinav/ros2_ws/install/local_setup.zsh'
[2.979s] INFO:colcon.colcon_core.shell:Creating prefix chain script '/home/rinav/ros2_ws/install/setup.zsh'
