[0.013s] Invoking command in '/home/rinav/ros2_ws/build/ur_moveit_config': AMENT_PREFIX_PATH=/home/rinav/ros2_ws/install/ur_description:${AMENT_PREFIX_PATH} CMAKE_PREFIX_PATH=/home/rinav/ros2_ws/install/ur_description:/home/rinav/ros2_ws/install/husky_bringup:/home/rinav/ros2_ws/install/husky_base:/home/rinav/ros2_ws/install/husky_msgs:/home/rinav/ros2_ws/install/husky_control:/home/rinav/ros2_ws/install/husky_description:/opt/ros/humble /usr/bin/cmake /home/rinav/ros2_ws/src/Universal_Robots_ROS2_Driver/ur_moveit_config -DCMAKE_INSTALL_PREFIX=/home/rinav/ros2_ws/install/ur_moveit_config
[0.050s] -- The C compiler identification is GNU 11.4.0
[0.086s] -- The CXX compiler identification is GNU 11.4.0
[0.091s] -- Detecting C compiler ABI info
[0.138s] -- Detecting C compiler ABI info - done
[0.144s] -- Check for working C compiler: /usr/bin/cc - skipped
[0.144s] -- Detecting C compile features
[0.144s] -- Detecting C compile features - done
[0.147s] -- Detecting CXX compiler ABI info
[0.223s] -- Detecting CXX compiler ABI info - done
[0.229s] -- Check for working CXX compiler: /usr/bin/c++ - skipped
[0.229s] -- Detecting CXX compile features
[0.229s] -- Detecting CXX compile features - done
[0.232s] -- Found ament_cmake: 1.3.12 (/opt/ros/humble/share/ament_cmake/cmake)
[0.373s] -- Found Python3: /usr/bin/python3 (found version "3.10.12") found components: Interpreter 
[0.559s] -- Configuring done
[0.559s] -- Generating done
[0.559s] -- Build files have been written to: /home/rinav/ros2_ws/build/ur_moveit_config
[0.567s] Invoked command in '/home/rinav/ros2_ws/build/ur_moveit_config' returned '0': AMENT_PREFIX_PATH=/home/rinav/ros2_ws/install/ur_description:${AMENT_PREFIX_PATH} CMAKE_PREFIX_PATH=/home/rinav/ros2_ws/install/ur_description:/home/rinav/ros2_ws/install/husky_bringup:/home/rinav/ros2_ws/install/husky_base:/home/rinav/ros2_ws/install/husky_msgs:/home/rinav/ros2_ws/install/husky_control:/home/rinav/ros2_ws/install/husky_description:/opt/ros/humble /usr/bin/cmake /home/rinav/ros2_ws/src/Universal_Robots_ROS2_Driver/ur_moveit_config -DCMAKE_INSTALL_PREFIX=/home/rinav/ros2_ws/install/ur_moveit_config
[0.568s] Invoking command in '/home/rinav/ros2_ws/build/ur_moveit_config': AMENT_PREFIX_PATH=/home/rinav/ros2_ws/install/ur_description:${AMENT_PREFIX_PATH} CMAKE_PREFIX_PATH=/home/rinav/ros2_ws/install/ur_description:/home/rinav/ros2_ws/install/husky_bringup:/home/rinav/ros2_ws/install/husky_base:/home/rinav/ros2_ws/install/husky_msgs:/home/rinav/ros2_ws/install/husky_control:/home/rinav/ros2_ws/install/husky_description:/opt/ros/humble /usr/bin/cmake --build /home/rinav/ros2_ws/build/ur_moveit_config -- -j8 -l8
[0.610s] Built target ament_cmake_python_copy_ur_moveit_config
[0.809s] running egg_info
[0.809s] creating ur_moveit_config.egg-info
[0.809s] writing ur_moveit_config.egg-info/PKG-INFO
[0.810s] writing dependency_links to ur_moveit_config.egg-info/dependency_links.txt
[0.810s] writing top-level names to ur_moveit_config.egg-info/top_level.txt
[0.810s] writing manifest file 'ur_moveit_config.egg-info/SOURCES.txt'
[0.811s] reading manifest file 'ur_moveit_config.egg-info/SOURCES.txt'
[0.812s] writing manifest file 'ur_moveit_config.egg-info/SOURCES.txt'
[0.843s] Built target ament_cmake_python_build_ur_moveit_config_egg
[0.851s] Invoked command in '/home/rinav/ros2_ws/build/ur_moveit_config' returned '0': AMENT_PREFIX_PATH=/home/rinav/ros2_ws/install/ur_description:${AMENT_PREFIX_PATH} CMAKE_PREFIX_PATH=/home/rinav/ros2_ws/install/ur_description:/home/rinav/ros2_ws/install/husky_bringup:/home/rinav/ros2_ws/install/husky_base:/home/rinav/ros2_ws/install/husky_msgs:/home/rinav/ros2_ws/install/husky_control:/home/rinav/ros2_ws/install/husky_description:/opt/ros/humble /usr/bin/cmake --build /home/rinav/ros2_ws/build/ur_moveit_config -- -j8 -l8
[0.867s] Invoking command in '/home/rinav/ros2_ws/build/ur_moveit_config': AMENT_PREFIX_PATH=/home/rinav/ros2_ws/install/ur_description:${AMENT_PREFIX_PATH} CMAKE_PREFIX_PATH=/home/rinav/ros2_ws/install/ur_description:/home/rinav/ros2_ws/install/husky_bringup:/home/rinav/ros2_ws/install/husky_base:/home/rinav/ros2_ws/install/husky_msgs:/home/rinav/ros2_ws/install/husky_control:/home/rinav/ros2_ws/install/husky_description:/opt/ros/humble /usr/bin/cmake --install /home/rinav/ros2_ws/build/ur_moveit_config
[0.875s] -- Install configuration: ""
[0.875s] -- Installing: /home/rinav/ros2_ws/install/ur_moveit_config/share/ur_moveit_config/config
[0.875s] -- Installing: /home/rinav/ros2_ws/install/ur_moveit_config/share/ur_moveit_config/config/controllers.yaml
[0.875s] -- Installing: /home/rinav/ros2_ws/install/ur_moveit_config/share/ur_moveit_config/config/ompl_planning.yaml
[0.875s] -- Installing: /home/rinav/ros2_ws/install/ur_moveit_config/share/ur_moveit_config/config/joint_limits.yaml
[0.875s] -- Installing: /home/rinav/ros2_ws/install/ur_moveit_config/share/ur_moveit_config/config/kinematics.yaml
[0.875s] -- Installing: /home/rinav/ros2_ws/install/ur_moveit_config/share/ur_moveit_config/config/ur_servo.yaml
[0.875s] -- Installing: /home/rinav/ros2_ws/install/ur_moveit_config/share/ur_moveit_config/launch
[0.875s] -- Installing: /home/rinav/ros2_ws/install/ur_moveit_config/share/ur_moveit_config/launch/ur_moveit.launch.py
[0.875s] -- Installing: /home/rinav/ros2_ws/install/ur_moveit_config/share/ur_moveit_config/rviz
[0.875s] -- Installing: /home/rinav/ros2_ws/install/ur_moveit_config/share/ur_moveit_config/rviz/view_robot.rviz
[0.875s] -- Installing: /home/rinav/ros2_ws/install/ur_moveit_config/share/ur_moveit_config/srdf
[0.875s] -- Installing: /home/rinav/ros2_ws/install/ur_moveit_config/share/ur_moveit_config/srdf/ur_macro.srdf.xacro
[0.875s] -- Installing: /home/rinav/ros2_ws/install/ur_moveit_config/share/ur_moveit_config/srdf/ur.srdf.xacro
[0.875s] -- Installing: /home/rinav/ros2_ws/install/ur_moveit_config/share/ur_moveit_config/environment/pythonpath.sh
[0.875s] -- Installing: /home/rinav/ros2_ws/install/ur_moveit_config/share/ur_moveit_config/environment/pythonpath.dsv
[0.875s] -- Installing: /home/rinav/ros2_ws/install/ur_moveit_config/local/lib/python3.10/dist-packages/ur_moveit_config-2.10.0-py3.10.egg-info
[0.875s] -- Installing: /home/rinav/ros2_ws/install/ur_moveit_config/local/lib/python3.10/dist-packages/ur_moveit_config-2.10.0-py3.10.egg-info/dependency_links.txt
[0.876s] -- Installing: /home/rinav/ros2_ws/install/ur_moveit_config/local/lib/python3.10/dist-packages/ur_moveit_config-2.10.0-py3.10.egg-info/PKG-INFO
[0.876s] -- Installing: /home/rinav/ros2_ws/install/ur_moveit_config/local/lib/python3.10/dist-packages/ur_moveit_config-2.10.0-py3.10.egg-info/top_level.txt
[0.876s] -- Installing: /home/rinav/ros2_ws/install/ur_moveit_config/local/lib/python3.10/dist-packages/ur_moveit_config-2.10.0-py3.10.egg-info/SOURCES.txt
[0.876s] -- Installing: /home/rinav/ros2_ws/install/ur_moveit_config/local/lib/python3.10/dist-packages/ur_moveit_config
[0.876s] -- Installing: /home/rinav/ros2_ws/install/ur_moveit_config/local/lib/python3.10/dist-packages/ur_moveit_config/launch_common.py
[0.876s] -- Installing: /home/rinav/ros2_ws/install/ur_moveit_config/local/lib/python3.10/dist-packages/ur_moveit_config/__init__.py
[0.937s] Listing '/home/rinav/ros2_ws/install/ur_moveit_config/local/lib/python3.10/dist-packages/ur_moveit_config'...
[0.937s] Compiling '/home/rinav/ros2_ws/install/ur_moveit_config/local/lib/python3.10/dist-packages/ur_moveit_config/__init__.py'...
[0.937s] Compiling '/home/rinav/ros2_ws/install/ur_moveit_config/local/lib/python3.10/dist-packages/ur_moveit_config/launch_common.py'...
[0.940s] -- Installing: /home/rinav/ros2_ws/install/ur_moveit_config/local/lib/python3.10/dist-packages/launch_common.py
[1.003s] Compiling '/home/rinav/ros2_ws/install/ur_moveit_config/local/lib/python3.10/dist-packages/launch_common.py'...
[1.006s] -- Installing: /home/rinav/ros2_ws/install/ur_moveit_config/share/ament_index/resource_index/package_run_dependencies/ur_moveit_config
[1.006s] -- Installing: /home/rinav/ros2_ws/install/ur_moveit_config/share/ament_index/resource_index/parent_prefix_path/ur_moveit_config
[1.006s] -- Installing: /home/rinav/ros2_ws/install/ur_moveit_config/share/ur_moveit_config/environment/ament_prefix_path.sh
[1.006s] -- Installing: /home/rinav/ros2_ws/install/ur_moveit_config/share/ur_moveit_config/environment/ament_prefix_path.dsv
[1.006s] -- Installing: /home/rinav/ros2_ws/install/ur_moveit_config/share/ur_moveit_config/environment/path.sh
[1.006s] -- Installing: /home/rinav/ros2_ws/install/ur_moveit_config/share/ur_moveit_config/environment/path.dsv
[1.006s] -- Installing: /home/rinav/ros2_ws/install/ur_moveit_config/share/ur_moveit_config/local_setup.bash
[1.007s] -- Installing: /home/rinav/ros2_ws/install/ur_moveit_config/share/ur_moveit_config/local_setup.sh
[1.007s] -- Installing: /home/rinav/ros2_ws/install/ur_moveit_config/share/ur_moveit_config/local_setup.zsh
[1.007s] -- Installing: /home/rinav/ros2_ws/install/ur_moveit_config/share/ur_moveit_config/local_setup.dsv
[1.007s] -- Installing: /home/rinav/ros2_ws/install/ur_moveit_config/share/ur_moveit_config/package.dsv
[1.007s] -- Installing: /home/rinav/ros2_ws/install/ur_moveit_config/share/ament_index/resource_index/packages/ur_moveit_config
[1.007s] -- Installing: /home/rinav/ros2_ws/install/ur_moveit_config/share/ur_moveit_config/cmake/ur_moveit_configConfig.cmake
[1.007s] -- Installing: /home/rinav/ros2_ws/install/ur_moveit_config/share/ur_moveit_config/cmake/ur_moveit_configConfig-version.cmake
[1.007s] -- Installing: /home/rinav/ros2_ws/install/ur_moveit_config/share/ur_moveit_config/package.xml
[1.009s] Invoked command in '/home/rinav/ros2_ws/build/ur_moveit_config' returned '0': AMENT_PREFIX_PATH=/home/rinav/ros2_ws/install/ur_description:${AMENT_PREFIX_PATH} CMAKE_PREFIX_PATH=/home/rinav/ros2_ws/install/ur_description:/home/rinav/ros2_ws/install/husky_bringup:/home/rinav/ros2_ws/install/husky_base:/home/rinav/ros2_ws/install/husky_msgs:/home/rinav/ros2_ws/install/husky_control:/home/rinav/ros2_ws/install/husky_description:/opt/ros/humble /usr/bin/cmake --install /home/rinav/ros2_ws/build/ur_moveit_config
