[1.592s] Invoking command in '/home/rinav/ros2_ws/src/trial_package': PYTHONPATH=/home/rinav/ros2_ws/build/trial_package/prefix_override:/usr/lib/python3/dist-packages/colcon_core/task/python/colcon_distutils_commands:/home/rinav/ros2_ws/install/trial_package/lib/python3.10/site-packages:${PYTHONPATH} /usr/bin/python3 -W ignore:setup.py install is deprecated -W ignore:easy_install command is deprecated setup.py egg_info --egg-base ../../build/trial_package build --build-base /home/rinav/ros2_ws/build/trial_package/build install --record /home/rinav/ros2_ws/build/trial_package/install.log --single-version-externally-managed install_data
[2.035s] running egg_info
[2.036s] writing ../../build/trial_package/trial_package.egg-info/PKG-INFO
[2.037s] writing dependency_links to ../../build/trial_package/trial_package.egg-info/dependency_links.txt
[2.037s] writing entry points to ../../build/trial_package/trial_package.egg-info/entry_points.txt
[2.037s] writing requirements to ../../build/trial_package/trial_package.egg-info/requires.txt
[2.037s] writing top-level names to ../../build/trial_package/trial_package.egg-info/top_level.txt
[2.040s] reading manifest file '../../build/trial_package/trial_package.egg-info/SOURCES.txt'
[2.042s] writing manifest file '../../build/trial_package/trial_package.egg-info/SOURCES.txt'
[2.042s] running build
[2.043s] running build_py
[2.043s] running install
[2.043s] running install_lib
[2.045s] running install_data
[2.046s] running install_egg_info
[2.048s] removing '/home/rinav/ros2_ws/install/trial_package/lib/python3.10/site-packages/trial_package-0.0.0-py3.10.egg-info' (and everything under it)
[2.049s] Copying ../../build/trial_package/trial_package.egg-info to /home/rinav/ros2_ws/install/trial_package/lib/python3.10/site-packages/trial_package-0.0.0-py3.10.egg-info
[2.050s] running install_scripts
[2.083s] writing list of installed files to '/home/rinav/ros2_ws/build/trial_package/install.log'
[2.131s] Invoked command in '/home/rinav/ros2_ws/src/trial_package' returned '0': PYTHONPATH=/home/rinav/ros2_ws/build/trial_package/prefix_override:/usr/lib/python3/dist-packages/colcon_core/task/python/colcon_distutils_commands:/home/rinav/ros2_ws/install/trial_package/lib/python3.10/site-packages:${PYTHONPATH} /usr/bin/python3 -W ignore:setup.py install is deprecated -W ignore:easy_install command is deprecated setup.py egg_info --egg-base ../../build/trial_package build --build-base /home/rinav/ros2_ws/build/trial_package/build install --record /home/rinav/ros2_ws/build/trial_package/install.log --single-version-externally-managed install_data
