[0.038s] Invoking command in '/home/rinav/ros2_ws/build/moveit_common': CMAKE_PREFIX_PATH=${CMAKE_PREFIX_PATH}:/home/rinav/ros2_ws/install/trial_package:/home/rinav/ros2_ws/install/py_srvcli:/home/rinav/ros2_ws/install/py_pubsub:/home/rinav/ros2_ws/install/mobile_robotics:/opt/ros/humble /usr/bin/cmake /home/rinav/ros2_ws/src/moveit2/moveit_common -DCMAKE_INSTALL_PREFIX=/home/rinav/ros2_ws/install/moveit_common
[0.268s] -- Found ament_cmake: 1.3.12 (/opt/ros/humble/share/ament_cmake/cmake)
[0.268s] -- Found Python3: /usr/bin/python3 (found version "3.10.12") found components: Interpreter 
[0.368s] -- Found ament_lint_auto: 0.12.14 (/opt/ros/humble/share/ament_lint_auto/cmake)
[0.463s] -- Added test 'copyright' to check source files copyright and LICENSE
[0.470s] -- Added test 'lint_cmake' to check CMake code style
[0.470s] -- Added test 'xmllint' to check XML markup files
[0.470s] -- Configuring done
[0.470s] -- Generating done
[0.471s] -- Build files have been written to: /home/rinav/ros2_ws/build/moveit_common
[0.473s] Invoked command in '/home/rinav/ros2_ws/build/moveit_common' returned '0': CMAKE_PREFIX_PATH=${CMAKE_PREFIX_PATH}:/home/rinav/ros2_ws/install/trial_package:/home/rinav/ros2_ws/install/py_srvcli:/home/rinav/ros2_ws/install/py_pubsub:/home/rinav/ros2_ws/install/mobile_robotics:/opt/ros/humble /usr/bin/cmake /home/rinav/ros2_ws/src/moveit2/moveit_common -DCMAKE_INSTALL_PREFIX=/home/rinav/ros2_ws/install/moveit_common
[0.475s] Invoking command in '/home/rinav/ros2_ws/build/moveit_common': CMAKE_PREFIX_PATH=${CMAKE_PREFIX_PATH}:/home/rinav/ros2_ws/install/trial_package:/home/rinav/ros2_ws/install/py_srvcli:/home/rinav/ros2_ws/install/py_pubsub:/home/rinav/ros2_ws/install/mobile_robotics:/opt/ros/humble /usr/bin/cmake --build /home/rinav/ros2_ws/build/moveit_common -- -j8 -l8
[0.628s] Invoked command in '/home/rinav/ros2_ws/build/moveit_common' returned '0': CMAKE_PREFIX_PATH=${CMAKE_PREFIX_PATH}:/home/rinav/ros2_ws/install/trial_package:/home/rinav/ros2_ws/install/py_srvcli:/home/rinav/ros2_ws/install/py_pubsub:/home/rinav/ros2_ws/install/mobile_robotics:/opt/ros/humble /usr/bin/cmake --build /home/rinav/ros2_ws/build/moveit_common -- -j8 -l8
[0.630s] Invoking command in '/home/rinav/ros2_ws/build/moveit_common': CMAKE_PREFIX_PATH=${CMAKE_PREFIX_PATH}:/home/rinav/ros2_ws/install/trial_package:/home/rinav/ros2_ws/install/py_srvcli:/home/rinav/ros2_ws/install/py_pubsub:/home/rinav/ros2_ws/install/mobile_robotics:/opt/ros/humble /usr/bin/cmake --install /home/rinav/ros2_ws/build/moveit_common
[0.641s] -- Install configuration: ""
[0.642s] -- Installing: /home/rinav/ros2_ws/install/moveit_common/share/ament_index/resource_index/package_run_dependencies/moveit_common
[0.642s] -- Installing: /home/rinav/ros2_ws/install/moveit_common/share/ament_index/resource_index/parent_prefix_path/moveit_common
[0.642s] -- Installing: /home/rinav/ros2_ws/install/moveit_common/share/moveit_common/environment/ament_prefix_path.sh
[0.642s] -- Installing: /home/rinav/ros2_ws/install/moveit_common/share/moveit_common/environment/ament_prefix_path.dsv
[0.642s] -- Installing: /home/rinav/ros2_ws/install/moveit_common/share/moveit_common/environment/path.sh
[0.642s] -- Installing: /home/rinav/ros2_ws/install/moveit_common/share/moveit_common/environment/path.dsv
[0.642s] -- Installing: /home/rinav/ros2_ws/install/moveit_common/share/moveit_common/local_setup.bash
[0.642s] -- Installing: /home/rinav/ros2_ws/install/moveit_common/share/moveit_common/local_setup.sh
[0.642s] -- Installing: /home/rinav/ros2_ws/install/moveit_common/share/moveit_common/local_setup.zsh
[0.642s] -- Installing: /home/rinav/ros2_ws/install/moveit_common/share/moveit_common/local_setup.dsv
[0.644s] -- Installing: /home/rinav/ros2_ws/install/moveit_common/share/moveit_common/package.dsv
[0.645s] -- Installing: /home/rinav/ros2_ws/install/moveit_common/share/ament_index/resource_index/packages/moveit_common
[0.645s] -- Installing: /home/rinav/ros2_ws/install/moveit_common/share/moveit_common/cmake/moveit_common-extras.cmake
[0.645s] -- Installing: /home/rinav/ros2_ws/install/moveit_common/share/moveit_common/cmake/moveit_commonConfig.cmake
[0.645s] -- Installing: /home/rinav/ros2_ws/install/moveit_common/share/moveit_common/cmake/moveit_commonConfig-version.cmake
[0.645s] -- Installing: /home/rinav/ros2_ws/install/moveit_common/share/moveit_common/package.xml
[0.645s] -- Up-to-date: /home/rinav/ros2_ws/install/moveit_common/share/moveit_common/cmake
[0.645s] -- Installing: /home/rinav/ros2_ws/install/moveit_common/share/moveit_common/cmake/moveit_package.cmake
[0.646s] Invoked command in '/home/rinav/ros2_ws/build/moveit_common' returned '0': CMAKE_PREFIX_PATH=${CMAKE_PREFIX_PATH}:/home/rinav/ros2_ws/install/trial_package:/home/rinav/ros2_ws/install/py_srvcli:/home/rinav/ros2_ws/install/py_pubsub:/home/rinav/ros2_ws/install/mobile_robotics:/opt/ros/humble /usr/bin/cmake --install /home/rinav/ros2_ws/build/moveit_common
