[0.966s] Invoking command in '/home/rinav/ros2_ws/src/py_srvcli': PYTHONPATH=/home/rinav/ros2_ws/build/py_srvcli/prefix_override:/usr/lib/python3/dist-packages/colcon_core/task/python/colcon_distutils_commands:/home/rinav/ros2_ws/install/py_srvcli/lib/python3.10/site-packages:${PYTHONPATH} /usr/bin/python3 -W ignore:setup.py install is deprecated -W ignore:easy_install command is deprecated setup.py egg_info --egg-base ../../build/py_srvcli build --build-base /home/rinav/ros2_ws/build/py_srvcli/build install --record /home/rinav/ros2_ws/build/py_srvcli/install.log --single-version-externally-managed install_data
[1.150s] running egg_info
[1.150s] creating ../../build/py_srvcli/py_srvcli.egg-info
[1.150s] writing ../../build/py_srvcli/py_srvcli.egg-info/PKG-INFO
[1.150s] writing dependency_links to ../../build/py_srvcli/py_srvcli.egg-info/dependency_links.txt
[1.150s] writing entry points to ../../build/py_srvcli/py_srvcli.egg-info/entry_points.txt
[1.150s] writing requirements to ../../build/py_srvcli/py_srvcli.egg-info/requires.txt
[1.151s] writing top-level names to ../../build/py_srvcli/py_srvcli.egg-info/top_level.txt
[1.151s] writing manifest file '../../build/py_srvcli/py_srvcli.egg-info/SOURCES.txt'
[1.151s] reading manifest file '../../build/py_srvcli/py_srvcli.egg-info/SOURCES.txt'
[1.152s] writing manifest file '../../build/py_srvcli/py_srvcli.egg-info/SOURCES.txt'
[1.152s] running build
[1.152s] running build_py
[1.152s] creating /home/rinav/ros2_ws/build/py_srvcli/build
[1.152s] creating /home/rinav/ros2_ws/build/py_srvcli/build/lib
[1.152s] creating /home/rinav/ros2_ws/build/py_srvcli/build/lib/py_srvcli
[1.152s] copying py_srvcli/__init__.py -> /home/rinav/ros2_ws/build/py_srvcli/build/lib/py_srvcli
[1.153s] running install
[1.153s] running install_lib
[1.153s] creating /home/rinav/ros2_ws/install/py_srvcli/lib/python3.10/site-packages/py_srvcli
[1.153s] copying /home/rinav/ros2_ws/build/py_srvcli/build/lib/py_srvcli/__init__.py -> /home/rinav/ros2_ws/install/py_srvcli/lib/python3.10/site-packages/py_srvcli
[1.154s] byte-compiling /home/rinav/ros2_ws/install/py_srvcli/lib/python3.10/site-packages/py_srvcli/__init__.py to __init__.cpython-310.pyc
[1.154s] running install_data
[1.154s] creating /home/rinav/ros2_ws/install/py_srvcli/share/ament_index
[1.154s] creating /home/rinav/ros2_ws/install/py_srvcli/share/ament_index/resource_index
[1.154s] creating /home/rinav/ros2_ws/install/py_srvcli/share/ament_index/resource_index/packages
[1.154s] copying resource/py_srvcli -> /home/rinav/ros2_ws/install/py_srvcli/share/ament_index/resource_index/packages
[1.154s] copying package.xml -> /home/rinav/ros2_ws/install/py_srvcli/share/py_srvcli
[1.154s] running install_egg_info
[1.155s] Copying ../../build/py_srvcli/py_srvcli.egg-info to /home/rinav/ros2_ws/install/py_srvcli/lib/python3.10/site-packages/py_srvcli-0.0.0-py3.10.egg-info
[1.156s] running install_scripts
[1.170s] writing list of installed files to '/home/rinav/ros2_ws/build/py_srvcli/install.log'
[1.195s] Invoked command in '/home/rinav/ros2_ws/src/py_srvcli' returned '0': PYTHONPATH=/home/rinav/ros2_ws/build/py_srvcli/prefix_override:/usr/lib/python3/dist-packages/colcon_core/task/python/colcon_distutils_commands:/home/rinav/ros2_ws/install/py_srvcli/lib/python3.10/site-packages:${PYTHONPATH} /usr/bin/python3 -W ignore:setup.py install is deprecated -W ignore:easy_install command is deprecated setup.py egg_info --egg-base ../../build/py_srvcli build --build-base /home/rinav/ros2_ws/build/py_srvcli/build install --record /home/rinav/ros2_ws/build/py_srvcli/install.log --single-version-externally-managed install_data
