[0.089s] Invoking command in '/home/rinav/ros2_ws/build/husky_base': CMAKE_PREFIX_PATH=/home/rinav/ros2_ws/install/husky_msgs:/home/rinav/ros2_ws/install/ur:/home/rinav/ros2_ws/install/ur_calibration:/home/rinav/ros2_ws/install/ur_robot_driver:/home/rinav/ros2_ws/install/ur_moveit_config:/home/rinav/ros2_ws/install/ur_bringup:/home/rinav/ros2_ws/install/ur_description:/home/rinav/ros2_ws/install/ur_controllers:/home/rinav/ros2_ws/install/ur_dashboard_msgs:/home/rinav/ros2_ws/install/turtlesim:/home/rinav/ros2_ws/install/robotis_manipulator:/home/rinav/ros2_ws/install/husky_desktop:/home/rinav/ros2_ws/install/husky_viz:/home/rinav/ros2_ws/install/husky_ur3_ignition:/home/rinav/ros2_ws/install/husky_simulator:/home/rinav/ros2_ws/install/husky_robot:/home/rinav/ros2_ws/install/husky_gazebo:/home/rinav/ros2_ws/src/husky/install/husky_desktop:/home/rinav/ros2_ws/src/husky/install/husky_viz:/home/rinav/ros2_ws/src/husky/install/husky_simulator:/home/rinav/ros2_ws/src/husky/install/husky_robot:/home/rinav/ros2_ws/src/husky/install/husky_bringup:/home/rinav/ros2_ws/src/husky/install/husky_base:/home/rinav/ros2_ws/src/husky/install/husky_msgs:/home/rinav/ros2_ws/src/husky/install/husky_gazebo:/home/rinav/ros2_ws/src/husky/install/husky_control:/home/rinav/ros2_ws/src/husky/install/husky_description:/home/rinav/ros2_ws/install/husky_bringup:/home/rinav/ros2_ws/install/husky_base:/home/rinav/ros2_ws/install/husky_control:/home/rinav/ros2_ws/install/husky_description:/home/rinav/ros2_ws/install/trial_package:/home/rinav/ros2_ws/install/py_srvcli:/home/rinav/ros2_ws/install/py_pubsub:/home/rinav/ros2_ws/install/mobile_robotics:/opt/ros/humble LD_LIBRARY_PATH=/home/rinav/ros2_ws/install/husky_msgs/lib:/home/rinav/ros2_ws/install/ur_robot_driver/lib:/home/rinav/ros2_ws/install/ur_controllers/lib:/home/rinav/ros2_ws/install/ur_dashboard_msgs/lib:/home/rinav/ros2_ws/install/turtlesim/lib:/home/rinav/ros2_ws/install/robotis_manipulator/lib:/home/rinav/ros2_ws/src/husky/install/husky_base/lib:/home/rinav/ros2_ws/src/husky/install/husky_msgs/lib:/home/rinav/ros2_ws/install/husky_base/lib:/opt/ros/humble/opt/rviz_ogre_vendor/lib:/opt/ros/humble/lib/aarch64-linux-gnu:/opt/ros/humble/lib /usr/bin/cmake /home/rinav/ros2_ws/src/husky/husky_base -DCMAKE_INSTALL_PREFIX=/home/rinav/ros2_ws/install/husky_base
[0.265s] -- The C compiler identification is GNU 11.4.0
[0.361s] -- The CXX compiler identification is GNU 11.4.0
[0.380s] -- Detecting C compiler ABI info
[0.628s] -- Detecting C compiler ABI info - done
[0.634s] -- Check for working C compiler: /usr/bin/cc - skipped
[0.634s] -- Detecting C compile features
[0.634s] -- Detecting C compile features - done
[0.637s] -- Detecting CXX compiler ABI info
[0.889s] -- Detecting CXX compiler ABI info - done
[0.895s] -- Check for working CXX compiler: /usr/bin/c++ - skipped
[0.895s] -- Detecting CXX compile features
[0.895s] -- Detecting CXX compile features - done
[0.898s] -- Found ament_cmake: 1.3.12 (/opt/ros/humble/share/ament_cmake/cmake)
[1.251s] -- Found Python3: /usr/bin/python3 (found version "3.10.12") found components: Interpreter 
[1.464s] -- Found controller_interface: 2.52.0 (/opt/ros/humble/share/controller_interface/cmake)
[1.551s] -- Found rosidl_generator_c: 3.1.7 (/opt/ros/humble/share/rosidl_generator_c/cmake)
[1.557s] -- Found rosidl_adapter: 3.1.7 (/opt/ros/humble/share/rosidl_adapter/cmake)
[1.570s] -- Found rosidl_generator_cpp: 3.1.7 (/opt/ros/humble/share/rosidl_generator_cpp/cmake)
[1.584s] -- Using all available rosidl_typesupport_c: rosidl_typesupport_fastrtps_c;rosidl_typesupport_introspection_c
[1.600s] -- Using all available rosidl_typesupport_cpp: rosidl_typesupport_fastrtps_cpp;rosidl_typesupport_introspection_cpp
[2.055s] -- Found rmw_implementation_cmake: 6.1.2 (/opt/ros/humble/share/rmw_implementation_cmake/cmake)
[2.081s] -- Found rmw_fastrtps_cpp: 6.2.8 (/opt/ros/humble/share/rmw_fastrtps_cpp/cmake)
[2.149s] -- Found TinyXML2 via Config file: TinyXML2_DIR-NOTFOUND
[2.314s] -- Found OpenSSL: /usr/lib/aarch64-linux-gnu/libcrypto.so (found version "3.0.2")  
[2.316s] -- Found TinyXML2 via Config file: TinyXML2_DIR-NOTFOUND
[2.341s] -- Found FastRTPS: /opt/ros/humble/include  
[2.349s] -- Found TinyXML2 via Config file: TinyXML2_DIR-NOTFOUND
[2.368s] -- Found TinyXML2 via Config file: TinyXML2_DIR-NOTFOUND
[2.391s] -- Using RMW implementation 'rmw_fastrtps_cpp' as default
[2.404s] -- Looking for pthread.h
[2.478s] -- Looking for pthread.h - found
[2.479s] -- Performing Test CMAKE_HAVE_LIBC_PTHREAD
[2.659s] -- Performing Test CMAKE_HAVE_LIBC_PTHREAD - Success
[2.659s] -- Found Threads: TRUE  
[2.777s] -- Found controller_manager: 2.52.0 (/opt/ros/humble/share/controller_manager/cmake)
[2.854s] -- Found husky_msgs: 1.0.8 (/home/rinav/ros2_ws/install/husky_msgs/share/husky_msgs/cmake)
[2.924s] -- Found nav_msgs: 4.9.0 (/opt/ros/humble/share/nav_msgs/cmake)
[3.003s] -- Found std_srvs: 4.9.0 (/opt/ros/humble/share/std_srvs/cmake)
[3.041s] -- Found tf2: 0.25.16 (/opt/ros/humble/share/tf2/cmake)
[3.068s] -- Found tf2_ros: 0.25.16 (/opt/ros/humble/share/tf2_ros/cmake)
[3.331s] -- Configuring done
[3.359s] -- Generating done
[3.380s] -- Build files have been written to: /home/rinav/ros2_ws/build/husky_base
[3.390s] Invoked command in '/home/rinav/ros2_ws/build/husky_base' returned '0': CMAKE_PREFIX_PATH=/home/rinav/ros2_ws/install/husky_msgs:/home/rinav/ros2_ws/install/ur:/home/rinav/ros2_ws/install/ur_calibration:/home/rinav/ros2_ws/install/ur_robot_driver:/home/rinav/ros2_ws/install/ur_moveit_config:/home/rinav/ros2_ws/install/ur_bringup:/home/rinav/ros2_ws/install/ur_description:/home/rinav/ros2_ws/install/ur_controllers:/home/rinav/ros2_ws/install/ur_dashboard_msgs:/home/rinav/ros2_ws/install/turtlesim:/home/rinav/ros2_ws/install/robotis_manipulator:/home/rinav/ros2_ws/install/husky_desktop:/home/rinav/ros2_ws/install/husky_viz:/home/rinav/ros2_ws/install/husky_ur3_ignition:/home/rinav/ros2_ws/install/husky_simulator:/home/rinav/ros2_ws/install/husky_robot:/home/rinav/ros2_ws/install/husky_gazebo:/home/rinav/ros2_ws/src/husky/install/husky_desktop:/home/rinav/ros2_ws/src/husky/install/husky_viz:/home/rinav/ros2_ws/src/husky/install/husky_simulator:/home/rinav/ros2_ws/src/husky/install/husky_robot:/home/rinav/ros2_ws/src/husky/install/husky_bringup:/home/rinav/ros2_ws/src/husky/install/husky_base:/home/rinav/ros2_ws/src/husky/install/husky_msgs:/home/rinav/ros2_ws/src/husky/install/husky_gazebo:/home/rinav/ros2_ws/src/husky/install/husky_control:/home/rinav/ros2_ws/src/husky/install/husky_description:/home/rinav/ros2_ws/install/husky_bringup:/home/rinav/ros2_ws/install/husky_base:/home/rinav/ros2_ws/install/husky_control:/home/rinav/ros2_ws/install/husky_description:/home/rinav/ros2_ws/install/trial_package:/home/rinav/ros2_ws/install/py_srvcli:/home/rinav/ros2_ws/install/py_pubsub:/home/rinav/ros2_ws/install/mobile_robotics:/opt/ros/humble LD_LIBRARY_PATH=/home/rinav/ros2_ws/install/husky_msgs/lib:/home/rinav/ros2_ws/install/ur_robot_driver/lib:/home/rinav/ros2_ws/install/ur_controllers/lib:/home/rinav/ros2_ws/install/ur_dashboard_msgs/lib:/home/rinav/ros2_ws/install/turtlesim/lib:/home/rinav/ros2_ws/install/robotis_manipulator/lib:/home/rinav/ros2_ws/src/husky/install/husky_base/lib:/home/rinav/ros2_ws/src/husky/install/husky_msgs/lib:/home/rinav/ros2_ws/install/husky_base/lib:/opt/ros/humble/opt/rviz_ogre_vendor/lib:/opt/ros/humble/lib/aarch64-linux-gnu:/opt/ros/humble/lib /usr/bin/cmake /home/rinav/ros2_ws/src/husky/husky_base -DCMAKE_INSTALL_PREFIX=/home/rinav/ros2_ws/install/husky_base
[3.401s] Invoking command in '/home/rinav/ros2_ws/build/husky_base': CMAKE_PREFIX_PATH=/home/rinav/ros2_ws/install/husky_msgs:/home/rinav/ros2_ws/install/ur:/home/rinav/ros2_ws/install/ur_calibration:/home/rinav/ros2_ws/install/ur_robot_driver:/home/rinav/ros2_ws/install/ur_moveit_config:/home/rinav/ros2_ws/install/ur_bringup:/home/rinav/ros2_ws/install/ur_description:/home/rinav/ros2_ws/install/ur_controllers:/home/rinav/ros2_ws/install/ur_dashboard_msgs:/home/rinav/ros2_ws/install/turtlesim:/home/rinav/ros2_ws/install/robotis_manipulator:/home/rinav/ros2_ws/install/husky_desktop:/home/rinav/ros2_ws/install/husky_viz:/home/rinav/ros2_ws/install/husky_ur3_ignition:/home/rinav/ros2_ws/install/husky_simulator:/home/rinav/ros2_ws/install/husky_robot:/home/rinav/ros2_ws/install/husky_gazebo:/home/rinav/ros2_ws/src/husky/install/husky_desktop:/home/rinav/ros2_ws/src/husky/install/husky_viz:/home/rinav/ros2_ws/src/husky/install/husky_simulator:/home/rinav/ros2_ws/src/husky/install/husky_robot:/home/rinav/ros2_ws/src/husky/install/husky_bringup:/home/rinav/ros2_ws/src/husky/install/husky_base:/home/rinav/ros2_ws/src/husky/install/husky_msgs:/home/rinav/ros2_ws/src/husky/install/husky_gazebo:/home/rinav/ros2_ws/src/husky/install/husky_control:/home/rinav/ros2_ws/src/husky/install/husky_description:/home/rinav/ros2_ws/install/husky_bringup:/home/rinav/ros2_ws/install/husky_base:/home/rinav/ros2_ws/install/husky_control:/home/rinav/ros2_ws/install/husky_description:/home/rinav/ros2_ws/install/trial_package:/home/rinav/ros2_ws/install/py_srvcli:/home/rinav/ros2_ws/install/py_pubsub:/home/rinav/ros2_ws/install/mobile_robotics:/opt/ros/humble LD_LIBRARY_PATH=/home/rinav/ros2_ws/install/husky_msgs/lib:/home/rinav/ros2_ws/install/ur_robot_driver/lib:/home/rinav/ros2_ws/install/ur_controllers/lib:/home/rinav/ros2_ws/install/ur_dashboard_msgs/lib:/home/rinav/ros2_ws/install/turtlesim/lib:/home/rinav/ros2_ws/install/robotis_manipulator/lib:/home/rinav/ros2_ws/src/husky/install/husky_base/lib:/home/rinav/ros2_ws/src/husky/install/husky_msgs/lib:/home/rinav/ros2_ws/install/husky_base/lib:/opt/ros/humble/opt/rviz_ogre_vendor/lib:/opt/ros/humble/lib/aarch64-linux-gnu:/opt/ros/humble/lib /usr/bin/cmake --build /home/rinav/ros2_ws/build/husky_base -- -j8 -l8
[3.628s] [  8%] [32mBuilding CXX object CMakeFiles/husky_hardware.dir/src/husky_hardware.cpp.o[0m
[3.629s] [ 16%] [32mBuilding CXX object CMakeFiles/husky_hardware.dir/src/horizon_legacy_wrapper.cpp.o[0m
[3.640s] [ 25%] [32mBuilding CXX object CMakeFiles/husky_hardware.dir/src/horizon_legacy/crc.cpp.o[0m
[3.650s] [ 33%] [32mBuilding CXX object CMakeFiles/husky_hardware.dir/src/horizon_legacy/Logger.cpp.o[0m
[3.741s] [ 41%] [32mBuilding CXX object CMakeFiles/husky_hardware.dir/src/horizon_legacy/Message.cpp.o[0m
[3.749s] [ 50%] [32mBuilding CXX object CMakeFiles/husky_hardware.dir/src/horizon_legacy/Message_data.cpp.o[0m
[3.777s] [ 58%] [32mBuilding CXX object CMakeFiles/husky_hardware.dir/src/horizon_legacy/Message_request.cpp.o[0m
[3.832s] [ 66%] [32mBuilding CXX object CMakeFiles/husky_hardware.dir/src/horizon_legacy/Message_cmd.cpp.o[0m
[3.872s] [ 75%] [32mBuilding CXX object CMakeFiles/husky_hardware.dir/src/horizon_legacy/Transport.cpp.o[0m
[5.268s] [ 83%] [32mBuilding CXX object CMakeFiles/husky_hardware.dir/src/horizon_legacy/linux_serial.cpp.o[0m
[5.271s] [ 91%] [32mBuilding CXX object CMakeFiles/husky_hardware.dir/src/horizon_legacy/Number.cpp.o[0m
[10.320s] [100%] [32m[1mLinking CXX shared library libhusky_hardware.so[0m
[10.518s] [100%] Built target husky_hardware
[10.544s] Invoked command in '/home/rinav/ros2_ws/build/husky_base' returned '0': CMAKE_PREFIX_PATH=/home/rinav/ros2_ws/install/husky_msgs:/home/rinav/ros2_ws/install/ur:/home/rinav/ros2_ws/install/ur_calibration:/home/rinav/ros2_ws/install/ur_robot_driver:/home/rinav/ros2_ws/install/ur_moveit_config:/home/rinav/ros2_ws/install/ur_bringup:/home/rinav/ros2_ws/install/ur_description:/home/rinav/ros2_ws/install/ur_controllers:/home/rinav/ros2_ws/install/ur_dashboard_msgs:/home/rinav/ros2_ws/install/turtlesim:/home/rinav/ros2_ws/install/robotis_manipulator:/home/rinav/ros2_ws/install/husky_desktop:/home/rinav/ros2_ws/install/husky_viz:/home/rinav/ros2_ws/install/husky_ur3_ignition:/home/rinav/ros2_ws/install/husky_simulator:/home/rinav/ros2_ws/install/husky_robot:/home/rinav/ros2_ws/install/husky_gazebo:/home/rinav/ros2_ws/src/husky/install/husky_desktop:/home/rinav/ros2_ws/src/husky/install/husky_viz:/home/rinav/ros2_ws/src/husky/install/husky_simulator:/home/rinav/ros2_ws/src/husky/install/husky_robot:/home/rinav/ros2_ws/src/husky/install/husky_bringup:/home/rinav/ros2_ws/src/husky/install/husky_base:/home/rinav/ros2_ws/src/husky/install/husky_msgs:/home/rinav/ros2_ws/src/husky/install/husky_gazebo:/home/rinav/ros2_ws/src/husky/install/husky_control:/home/rinav/ros2_ws/src/husky/install/husky_description:/home/rinav/ros2_ws/install/husky_bringup:/home/rinav/ros2_ws/install/husky_base:/home/rinav/ros2_ws/install/husky_control:/home/rinav/ros2_ws/install/husky_description:/home/rinav/ros2_ws/install/trial_package:/home/rinav/ros2_ws/install/py_srvcli:/home/rinav/ros2_ws/install/py_pubsub:/home/rinav/ros2_ws/install/mobile_robotics:/opt/ros/humble LD_LIBRARY_PATH=/home/rinav/ros2_ws/install/husky_msgs/lib:/home/rinav/ros2_ws/install/ur_robot_driver/lib:/home/rinav/ros2_ws/install/ur_controllers/lib:/home/rinav/ros2_ws/install/ur_dashboard_msgs/lib:/home/rinav/ros2_ws/install/turtlesim/lib:/home/rinav/ros2_ws/install/robotis_manipulator/lib:/home/rinav/ros2_ws/src/husky/install/husky_base/lib:/home/rinav/ros2_ws/src/husky/install/husky_msgs/lib:/home/rinav/ros2_ws/install/husky_base/lib:/opt/ros/humble/opt/rviz_ogre_vendor/lib:/opt/ros/humble/lib/aarch64-linux-gnu:/opt/ros/humble/lib /usr/bin/cmake --build /home/rinav/ros2_ws/build/husky_base -- -j8 -l8
[10.552s] Invoking command in '/home/rinav/ros2_ws/build/husky_base': CMAKE_PREFIX_PATH=/home/rinav/ros2_ws/install/husky_msgs:/home/rinav/ros2_ws/install/ur:/home/rinav/ros2_ws/install/ur_calibration:/home/rinav/ros2_ws/install/ur_robot_driver:/home/rinav/ros2_ws/install/ur_moveit_config:/home/rinav/ros2_ws/install/ur_bringup:/home/rinav/ros2_ws/install/ur_description:/home/rinav/ros2_ws/install/ur_controllers:/home/rinav/ros2_ws/install/ur_dashboard_msgs:/home/rinav/ros2_ws/install/turtlesim:/home/rinav/ros2_ws/install/robotis_manipulator:/home/rinav/ros2_ws/install/husky_desktop:/home/rinav/ros2_ws/install/husky_viz:/home/rinav/ros2_ws/install/husky_ur3_ignition:/home/rinav/ros2_ws/install/husky_simulator:/home/rinav/ros2_ws/install/husky_robot:/home/rinav/ros2_ws/install/husky_gazebo:/home/rinav/ros2_ws/src/husky/install/husky_desktop:/home/rinav/ros2_ws/src/husky/install/husky_viz:/home/rinav/ros2_ws/src/husky/install/husky_simulator:/home/rinav/ros2_ws/src/husky/install/husky_robot:/home/rinav/ros2_ws/src/husky/install/husky_bringup:/home/rinav/ros2_ws/src/husky/install/husky_base:/home/rinav/ros2_ws/src/husky/install/husky_msgs:/home/rinav/ros2_ws/src/husky/install/husky_gazebo:/home/rinav/ros2_ws/src/husky/install/husky_control:/home/rinav/ros2_ws/src/husky/install/husky_description:/home/rinav/ros2_ws/install/husky_bringup:/home/rinav/ros2_ws/install/husky_base:/home/rinav/ros2_ws/install/husky_control:/home/rinav/ros2_ws/install/husky_description:/home/rinav/ros2_ws/install/trial_package:/home/rinav/ros2_ws/install/py_srvcli:/home/rinav/ros2_ws/install/py_pubsub:/home/rinav/ros2_ws/install/mobile_robotics:/opt/ros/humble LD_LIBRARY_PATH=/home/rinav/ros2_ws/install/husky_msgs/lib:/home/rinav/ros2_ws/install/ur_robot_driver/lib:/home/rinav/ros2_ws/install/ur_controllers/lib:/home/rinav/ros2_ws/install/ur_dashboard_msgs/lib:/home/rinav/ros2_ws/install/turtlesim/lib:/home/rinav/ros2_ws/install/robotis_manipulator/lib:/home/rinav/ros2_ws/src/husky/install/husky_base/lib:/home/rinav/ros2_ws/src/husky/install/husky_msgs/lib:/home/rinav/ros2_ws/install/husky_base/lib:/opt/ros/humble/opt/rviz_ogre_vendor/lib:/opt/ros/humble/lib/aarch64-linux-gnu:/opt/ros/humble/lib /usr/bin/cmake --install /home/rinav/ros2_ws/build/husky_base
[10.572s] -- Install configuration: ""
[10.572s] -- Installing: /home/rinav/ros2_ws/install/husky_base/share/husky_base/husky_hardware.xml
[10.572s] -- Installing: /home/rinav/ros2_ws/install/husky_base/lib/libhusky_hardware.so
[10.572s] -- Set runtime path of "/home/rinav/ros2_ws/install/husky_base/lib/libhusky_hardware.so" to ""
[10.572s] -- Installing: /home/rinav/ros2_ws/install/husky_base/include
[10.572s] -- Installing: /home/rinav/ros2_ws/install/husky_base/include/husky_base
[10.572s] -- Installing: /home/rinav/ros2_ws/install/husky_base/include/husky_base/horizon_legacy
[10.572s] -- Installing: /home/rinav/ros2_ws/install/husky_base/include/husky_base/horizon_legacy/Message_data.h
[10.572s] -- Installing: /home/rinav/ros2_ws/install/husky_base/include/husky_base/horizon_legacy/Message.h
[10.572s] -- Installing: /home/rinav/ros2_ws/install/husky_base/include/husky_base/horizon_legacy/crc.h
[10.572s] -- Installing: /home/rinav/ros2_ws/install/husky_base/include/husky_base/horizon_legacy/Message_request.h
[10.572s] -- Installing: /home/rinav/ros2_ws/install/husky_base/include/husky_base/horizon_legacy/Logger.h
[10.572s] -- Installing: /home/rinav/ros2_ws/install/husky_base/include/husky_base/horizon_legacy/clearpath.h
[10.572s] -- Installing: /home/rinav/ros2_ws/install/husky_base/include/husky_base/horizon_legacy/serial.h
[10.572s] -- Installing: /home/rinav/ros2_ws/install/husky_base/include/husky_base/horizon_legacy/Exception.h
[10.572s] -- Installing: /home/rinav/ros2_ws/install/husky_base/include/husky_base/horizon_legacy/Message_cmd.h
[10.572s] -- Installing: /home/rinav/ros2_ws/install/husky_base/include/husky_base/horizon_legacy/Number.h
[10.572s] -- Installing: /home/rinav/ros2_ws/install/husky_base/include/husky_base/horizon_legacy/Transport.h
[10.572s] -- Installing: /home/rinav/ros2_ws/install/husky_base/include/husky_base/husky_hardware.hpp
[10.572s] -- Installing: /home/rinav/ros2_ws/install/husky_base/include/husky_base/horizon_legacy_wrapper.h
[10.572s] -- Installing: /home/rinav/ros2_ws/install/husky_base/include/husky_base/husky_diagnostics.h
[10.573s] -- Installing: /home/rinav/ros2_ws/install/husky_base/share/husky_base/launch
[10.573s] -- Installing: /home/rinav/ros2_ws/install/husky_base/share/husky_base/launch/base.launch.py
[10.573s] -- Installing: /home/rinav/ros2_ws/install/husky_base/share/husky_base/environment/library_path.sh
[10.573s] -- Installing: /home/rinav/ros2_ws/install/husky_base/share/husky_base/environment/library_path.dsv
[10.573s] -- Installing: /home/rinav/ros2_ws/install/husky_base/share/ament_index/resource_index/package_run_dependencies/husky_base
[10.573s] -- Installing: /home/rinav/ros2_ws/install/husky_base/share/ament_index/resource_index/parent_prefix_path/husky_base
[10.573s] -- Installing: /home/rinav/ros2_ws/install/husky_base/share/husky_base/environment/ament_prefix_path.sh
[10.573s] -- Installing: /home/rinav/ros2_ws/install/husky_base/share/husky_base/environment/ament_prefix_path.dsv
[10.573s] -- Installing: /home/rinav/ros2_ws/install/husky_base/share/husky_base/environment/path.sh
[10.573s] -- Installing: /home/rinav/ros2_ws/install/husky_base/share/husky_base/environment/path.dsv
[10.573s] -- Installing: /home/rinav/ros2_ws/install/husky_base/share/husky_base/local_setup.bash
[10.573s] -- Installing: /home/rinav/ros2_ws/install/husky_base/share/husky_base/local_setup.sh
[10.573s] -- Installing: /home/rinav/ros2_ws/install/husky_base/share/husky_base/local_setup.zsh
[10.573s] -- Installing: /home/rinav/ros2_ws/install/husky_base/share/husky_base/local_setup.dsv
[10.573s] -- Installing: /home/rinav/ros2_ws/install/husky_base/share/husky_base/package.dsv
[10.573s] -- Installing: /home/rinav/ros2_ws/install/husky_base/share/ament_index/resource_index/packages/husky_base
[10.573s] -- Installing: /home/rinav/ros2_ws/install/husky_base/share/ament_index/resource_index/hardware_interface__pluginlib__plugin/husky_base
[10.573s] -- Installing: /home/rinav/ros2_ws/install/husky_base/share/husky_base/cmake/ament_cmake_export_include_directories-extras.cmake
[10.574s] -- Installing: /home/rinav/ros2_ws/install/husky_base/share/husky_base/cmake/ament_cmake_export_libraries-extras.cmake
[10.574s] -- Installing: /home/rinav/ros2_ws/install/husky_base/share/husky_base/cmake/ament_cmake_export_dependencies-extras.cmake
[10.574s] -- Installing: /home/rinav/ros2_ws/install/husky_base/share/husky_base/cmake/husky_baseConfig.cmake
[10.574s] -- Installing: /home/rinav/ros2_ws/install/husky_base/share/husky_base/cmake/husky_baseConfig-version.cmake
[10.574s] -- Installing: /home/rinav/ros2_ws/install/husky_base/share/husky_base/package.xml
[10.576s] Invoked command in '/home/rinav/ros2_ws/build/husky_base' returned '0': CMAKE_PREFIX_PATH=/home/rinav/ros2_ws/install/husky_msgs:/home/rinav/ros2_ws/install/ur:/home/rinav/ros2_ws/install/ur_calibration:/home/rinav/ros2_ws/install/ur_robot_driver:/home/rinav/ros2_ws/install/ur_moveit_config:/home/rinav/ros2_ws/install/ur_bringup:/home/rinav/ros2_ws/install/ur_description:/home/rinav/ros2_ws/install/ur_controllers:/home/rinav/ros2_ws/install/ur_dashboard_msgs:/home/rinav/ros2_ws/install/turtlesim:/home/rinav/ros2_ws/install/robotis_manipulator:/home/rinav/ros2_ws/install/husky_desktop:/home/rinav/ros2_ws/install/husky_viz:/home/rinav/ros2_ws/install/husky_ur3_ignition:/home/rinav/ros2_ws/install/husky_simulator:/home/rinav/ros2_ws/install/husky_robot:/home/rinav/ros2_ws/install/husky_gazebo:/home/rinav/ros2_ws/src/husky/install/husky_desktop:/home/rinav/ros2_ws/src/husky/install/husky_viz:/home/rinav/ros2_ws/src/husky/install/husky_simulator:/home/rinav/ros2_ws/src/husky/install/husky_robot:/home/rinav/ros2_ws/src/husky/install/husky_bringup:/home/rinav/ros2_ws/src/husky/install/husky_base:/home/rinav/ros2_ws/src/husky/install/husky_msgs:/home/rinav/ros2_ws/src/husky/install/husky_gazebo:/home/rinav/ros2_ws/src/husky/install/husky_control:/home/rinav/ros2_ws/src/husky/install/husky_description:/home/rinav/ros2_ws/install/husky_bringup:/home/rinav/ros2_ws/install/husky_base:/home/rinav/ros2_ws/install/husky_control:/home/rinav/ros2_ws/install/husky_description:/home/rinav/ros2_ws/install/trial_package:/home/rinav/ros2_ws/install/py_srvcli:/home/rinav/ros2_ws/install/py_pubsub:/home/rinav/ros2_ws/install/mobile_robotics:/opt/ros/humble LD_LIBRARY_PATH=/home/rinav/ros2_ws/install/husky_msgs/lib:/home/rinav/ros2_ws/install/ur_robot_driver/lib:/home/rinav/ros2_ws/install/ur_controllers/lib:/home/rinav/ros2_ws/install/ur_dashboard_msgs/lib:/home/rinav/ros2_ws/install/turtlesim/lib:/home/rinav/ros2_ws/install/robotis_manipulator/lib:/home/rinav/ros2_ws/src/husky/install/husky_base/lib:/home/rinav/ros2_ws/src/husky/install/husky_msgs/lib:/home/rinav/ros2_ws/install/husky_base/lib:/opt/ros/humble/opt/rviz_ogre_vendor/lib:/opt/ros/humble/lib/aarch64-linux-gnu:/opt/ros/humble/lib /usr/bin/cmake --install /home/rinav/ros2_ws/build/husky_base
