[0.019s] Invoking command in '/home/rinav/ros2_ws/build/ur_calibration': CMAKE_PREFIX_PATH=/home/rinav/ros2_ws/install/ur_robot_driver:/home/rinav/ros2_ws/install/ur_controllers:/home/rinav/ros2_ws/install/ur_description:/home/rinav/ros2_ws/install/ur_dashboard_msgs:/home/rinav/ros2_ws/install/ur:/home/rinav/ros2_ws/install/ur_calibration:/home/rinav/ros2_ws/install/ur_moveit_config:/home/rinav/ros2_ws/install/ur_bringup:/home/rinav/ros2_ws/install/turtlesim:/home/rinav/ros2_ws/install/robotis_manipulator:/home/rinav/ros2_ws/install/husky_desktop:/home/rinav/ros2_ws/install/husky_viz:/home/rinav/ros2_ws/install/husky_ur3_ignition:/home/rinav/ros2_ws/install/husky_simulator:/home/rinav/ros2_ws/install/husky_robot:/home/rinav/ros2_ws/install/husky_gazebo:/home/rinav/ros2_ws/src/husky/install/husky_desktop:/home/rinav/ros2_ws/src/husky/install/husky_viz:/home/rinav/ros2_ws/src/husky/install/husky_simulator:/home/rinav/ros2_ws/src/husky/install/husky_robot:/home/rinav/ros2_ws/src/husky/install/husky_bringup:/home/rinav/ros2_ws/src/husky/install/husky_base:/home/rinav/ros2_ws/src/husky/install/husky_msgs:/home/rinav/ros2_ws/src/husky/install/husky_gazebo:/home/rinav/ros2_ws/src/husky/install/husky_control:/home/rinav/ros2_ws/src/husky/install/husky_description:/home/rinav/ros2_ws/install/husky_bringup:/home/rinav/ros2_ws/install/husky_base:/home/rinav/ros2_ws/install/husky_msgs:/home/rinav/ros2_ws/install/husky_control:/home/rinav/ros2_ws/install/husky_description:/home/rinav/ros2_ws/install/trial_package:/home/rinav/ros2_ws/install/py_srvcli:/home/rinav/ros2_ws/install/py_pubsub:/home/rinav/ros2_ws/install/mobile_robotics:/opt/ros/humble /usr/bin/cmake --build /home/rinav/ros2_ws/build/ur_calibration -- -j8 -l8
[0.069s] [35m[1mConsolidate compiler generated dependencies of target gmock[0m
[0.070s] [35m[1mConsolidate compiler generated dependencies of target gmock_main[0m
[0.077s] [35m[1mConsolidate compiler generated dependencies of target calibration[0m
[0.098s] [ 25%] Built target gmock
[0.106s] [ 41%] Built target gmock_main
[0.111s] [ 66%] Built target calibration
[0.119s] [35m[1mConsolidate compiler generated dependencies of target calibration_test[0m
[0.119s] [35m[1mConsolidate compiler generated dependencies of target calibration_correction[0m
[0.152s] [ 83%] Built target calibration_correction
[0.154s] [100%] Built target calibration_test
[0.164s] Invoked command in '/home/rinav/ros2_ws/build/ur_calibration' returned '0': CMAKE_PREFIX_PATH=/home/rinav/ros2_ws/install/ur_robot_driver:/home/rinav/ros2_ws/install/ur_controllers:/home/rinav/ros2_ws/install/ur_description:/home/rinav/ros2_ws/install/ur_dashboard_msgs:/home/rinav/ros2_ws/install/ur:/home/rinav/ros2_ws/install/ur_calibration:/home/rinav/ros2_ws/install/ur_moveit_config:/home/rinav/ros2_ws/install/ur_bringup:/home/rinav/ros2_ws/install/turtlesim:/home/rinav/ros2_ws/install/robotis_manipulator:/home/rinav/ros2_ws/install/husky_desktop:/home/rinav/ros2_ws/install/husky_viz:/home/rinav/ros2_ws/install/husky_ur3_ignition:/home/rinav/ros2_ws/install/husky_simulator:/home/rinav/ros2_ws/install/husky_robot:/home/rinav/ros2_ws/install/husky_gazebo:/home/rinav/ros2_ws/src/husky/install/husky_desktop:/home/rinav/ros2_ws/src/husky/install/husky_viz:/home/rinav/ros2_ws/src/husky/install/husky_simulator:/home/rinav/ros2_ws/src/husky/install/husky_robot:/home/rinav/ros2_ws/src/husky/install/husky_bringup:/home/rinav/ros2_ws/src/husky/install/husky_base:/home/rinav/ros2_ws/src/husky/install/husky_msgs:/home/rinav/ros2_ws/src/husky/install/husky_gazebo:/home/rinav/ros2_ws/src/husky/install/husky_control:/home/rinav/ros2_ws/src/husky/install/husky_description:/home/rinav/ros2_ws/install/husky_bringup:/home/rinav/ros2_ws/install/husky_base:/home/rinav/ros2_ws/install/husky_msgs:/home/rinav/ros2_ws/install/husky_control:/home/rinav/ros2_ws/install/husky_description:/home/rinav/ros2_ws/install/trial_package:/home/rinav/ros2_ws/install/py_srvcli:/home/rinav/ros2_ws/install/py_pubsub:/home/rinav/ros2_ws/install/mobile_robotics:/opt/ros/humble /usr/bin/cmake --build /home/rinav/ros2_ws/build/ur_calibration -- -j8 -l8
[0.164s] Invoking command in '/home/rinav/ros2_ws/build/ur_calibration': CMAKE_PREFIX_PATH=/home/rinav/ros2_ws/install/ur_robot_driver:/home/rinav/ros2_ws/install/ur_controllers:/home/rinav/ros2_ws/install/ur_description:/home/rinav/ros2_ws/install/ur_dashboard_msgs:/home/rinav/ros2_ws/install/ur:/home/rinav/ros2_ws/install/ur_calibration:/home/rinav/ros2_ws/install/ur_moveit_config:/home/rinav/ros2_ws/install/ur_bringup:/home/rinav/ros2_ws/install/turtlesim:/home/rinav/ros2_ws/install/robotis_manipulator:/home/rinav/ros2_ws/install/husky_desktop:/home/rinav/ros2_ws/install/husky_viz:/home/rinav/ros2_ws/install/husky_ur3_ignition:/home/rinav/ros2_ws/install/husky_simulator:/home/rinav/ros2_ws/install/husky_robot:/home/rinav/ros2_ws/install/husky_gazebo:/home/rinav/ros2_ws/src/husky/install/husky_desktop:/home/rinav/ros2_ws/src/husky/install/husky_viz:/home/rinav/ros2_ws/src/husky/install/husky_simulator:/home/rinav/ros2_ws/src/husky/install/husky_robot:/home/rinav/ros2_ws/src/husky/install/husky_bringup:/home/rinav/ros2_ws/src/husky/install/husky_base:/home/rinav/ros2_ws/src/husky/install/husky_msgs:/home/rinav/ros2_ws/src/husky/install/husky_gazebo:/home/rinav/ros2_ws/src/husky/install/husky_control:/home/rinav/ros2_ws/src/husky/install/husky_description:/home/rinav/ros2_ws/install/husky_bringup:/home/rinav/ros2_ws/install/husky_base:/home/rinav/ros2_ws/install/husky_msgs:/home/rinav/ros2_ws/install/husky_control:/home/rinav/ros2_ws/install/husky_description:/home/rinav/ros2_ws/install/trial_package:/home/rinav/ros2_ws/install/py_srvcli:/home/rinav/ros2_ws/install/py_pubsub:/home/rinav/ros2_ws/install/mobile_robotics:/opt/ros/humble /usr/bin/cmake --install /home/rinav/ros2_ws/build/ur_calibration
[0.178s] -- Install configuration: "RelWithDebInfo"
[0.179s] -- Up-to-date: /home/rinav/ros2_ws/install/ur_calibration/lib/ur_calibration/calibration_correction
[0.179s] -- Up-to-date: /home/rinav/ros2_ws/install/ur_calibration/include
[0.179s] -- Up-to-date: /home/rinav/ros2_ws/install/ur_calibration/include/ur_calibration
[0.179s] -- Up-to-date: /home/rinav/ros2_ws/install/ur_calibration/include/ur_calibration/calibration.hpp
[0.179s] -- Up-to-date: /home/rinav/ros2_ws/install/ur_calibration/include/ur_calibration/calibration_consumer.hpp
[0.179s] -- Up-to-date: /home/rinav/ros2_ws/install/ur_calibration/share/ur_calibration/launch
[0.179s] -- Up-to-date: /home/rinav/ros2_ws/install/ur_calibration/share/ur_calibration/launch/calibration_correction.launch.py
[0.179s] -- Up-to-date: /home/rinav/ros2_ws/install/ur_calibration/share/ament_index/resource_index/package_run_dependencies/ur_calibration
[0.179s] -- Up-to-date: /home/rinav/ros2_ws/install/ur_calibration/share/ament_index/resource_index/parent_prefix_path/ur_calibration
[0.179s] -- Up-to-date: /home/rinav/ros2_ws/install/ur_calibration/share/ur_calibration/environment/ament_prefix_path.sh
[0.179s] -- Up-to-date: /home/rinav/ros2_ws/install/ur_calibration/share/ur_calibration/environment/ament_prefix_path.dsv
[0.179s] -- Up-to-date: /home/rinav/ros2_ws/install/ur_calibration/share/ur_calibration/environment/path.sh
[0.179s] -- Up-to-date: /home/rinav/ros2_ws/install/ur_calibration/share/ur_calibration/environment/path.dsv
[0.180s] -- Up-to-date: /home/rinav/ros2_ws/install/ur_calibration/share/ur_calibration/local_setup.bash
[0.180s] -- Up-to-date: /home/rinav/ros2_ws/install/ur_calibration/share/ur_calibration/local_setup.sh
[0.180s] -- Up-to-date: /home/rinav/ros2_ws/install/ur_calibration/share/ur_calibration/local_setup.zsh
[0.180s] -- Up-to-date: /home/rinav/ros2_ws/install/ur_calibration/share/ur_calibration/local_setup.dsv
[0.180s] -- Installing: /home/rinav/ros2_ws/install/ur_calibration/share/ur_calibration/package.dsv
[0.180s] -- Up-to-date: /home/rinav/ros2_ws/install/ur_calibration/share/ament_index/resource_index/packages/ur_calibration
[0.180s] -- Up-to-date: /home/rinav/ros2_ws/install/ur_calibration/share/ur_calibration/cmake/ament_cmake_export_include_directories-extras.cmake
[0.180s] -- Up-to-date: /home/rinav/ros2_ws/install/ur_calibration/share/ur_calibration/cmake/ament_cmake_export_dependencies-extras.cmake
[0.180s] -- Up-to-date: /home/rinav/ros2_ws/install/ur_calibration/share/ur_calibration/cmake/ur_calibrationConfig.cmake
[0.180s] -- Up-to-date: /home/rinav/ros2_ws/install/ur_calibration/share/ur_calibration/cmake/ur_calibrationConfig-version.cmake
[0.180s] -- Up-to-date: /home/rinav/ros2_ws/install/ur_calibration/share/ur_calibration/package.xml
[0.186s] Invoked command in '/home/rinav/ros2_ws/build/ur_calibration' returned '0': CMAKE_PREFIX_PATH=/home/rinav/ros2_ws/install/ur_robot_driver:/home/rinav/ros2_ws/install/ur_controllers:/home/rinav/ros2_ws/install/ur_description:/home/rinav/ros2_ws/install/ur_dashboard_msgs:/home/rinav/ros2_ws/install/ur:/home/rinav/ros2_ws/install/ur_calibration:/home/rinav/ros2_ws/install/ur_moveit_config:/home/rinav/ros2_ws/install/ur_bringup:/home/rinav/ros2_ws/install/turtlesim:/home/rinav/ros2_ws/install/robotis_manipulator:/home/rinav/ros2_ws/install/husky_desktop:/home/rinav/ros2_ws/install/husky_viz:/home/rinav/ros2_ws/install/husky_ur3_ignition:/home/rinav/ros2_ws/install/husky_simulator:/home/rinav/ros2_ws/install/husky_robot:/home/rinav/ros2_ws/install/husky_gazebo:/home/rinav/ros2_ws/src/husky/install/husky_desktop:/home/rinav/ros2_ws/src/husky/install/husky_viz:/home/rinav/ros2_ws/src/husky/install/husky_simulator:/home/rinav/ros2_ws/src/husky/install/husky_robot:/home/rinav/ros2_ws/src/husky/install/husky_bringup:/home/rinav/ros2_ws/src/husky/install/husky_base:/home/rinav/ros2_ws/src/husky/install/husky_msgs:/home/rinav/ros2_ws/src/husky/install/husky_gazebo:/home/rinav/ros2_ws/src/husky/install/husky_control:/home/rinav/ros2_ws/src/husky/install/husky_description:/home/rinav/ros2_ws/install/husky_bringup:/home/rinav/ros2_ws/install/husky_base:/home/rinav/ros2_ws/install/husky_msgs:/home/rinav/ros2_ws/install/husky_control:/home/rinav/ros2_ws/install/husky_description:/home/rinav/ros2_ws/install/trial_package:/home/rinav/ros2_ws/install/py_srvcli:/home/rinav/ros2_ws/install/py_pubsub:/home/rinav/ros2_ws/install/mobile_robotics:/opt/ros/humble /usr/bin/cmake --install /home/rinav/ros2_ws/build/ur_calibration
