[1.229s] Invoking command in '/home/rinav/ros2_ws/src/py_pubsub': PYTHONPATH=/home/rinav/ros2_ws/build/py_pubsub/prefix_override:/usr/lib/python3/dist-packages/colcon_core/task/python/colcon_distutils_commands:/home/rinav/ros2_ws/install/py_pubsub/lib/python3.10/site-packages:${PYTHONPATH} /usr/bin/python3 -W ignore:setup.py install is deprecated -W ignore:easy_install command is deprecated setup.py egg_info --egg-base ../../build/py_pubsub build --build-base /home/rinav/ros2_ws/build/py_pubsub/build install --record /home/rinav/ros2_ws/build/py_pubsub/install.log --single-version-externally-managed install_data
[1.438s] running egg_info
[1.438s] creating ../../build/py_pubsub/py_pubsub.egg-info
[1.438s] writing ../../build/py_pubsub/py_pubsub.egg-info/PKG-INFO
[1.438s] writing dependency_links to ../../build/py_pubsub/py_pubsub.egg-info/dependency_links.txt
[1.438s] writing entry points to ../../build/py_pubsub/py_pubsub.egg-info/entry_points.txt
[1.438s] writing requirements to ../../build/py_pubsub/py_pubsub.egg-info/requires.txt
[1.439s] writing top-level names to ../../build/py_pubsub/py_pubsub.egg-info/top_level.txt
[1.439s] writing manifest file '../../build/py_pubsub/py_pubsub.egg-info/SOURCES.txt'
[1.440s] reading manifest file '../../build/py_pubsub/py_pubsub.egg-info/SOURCES.txt'
[1.440s] writing manifest file '../../build/py_pubsub/py_pubsub.egg-info/SOURCES.txt'
[1.440s] running build
[1.440s] running build_py
[1.440s] creating /home/rinav/ros2_ws/build/py_pubsub/build
[1.440s] creating /home/rinav/ros2_ws/build/py_pubsub/build/lib
[1.440s] creating /home/rinav/ros2_ws/build/py_pubsub/build/lib/py_pubsub
[1.440s] copying py_pubsub/subscriber_member_function.py -> /home/rinav/ros2_ws/build/py_pubsub/build/lib/py_pubsub
[1.440s] copying py_pubsub/publisher_member_function.py -> /home/rinav/ros2_ws/build/py_pubsub/build/lib/py_pubsub
[1.440s] copying py_pubsub/__init__.py -> /home/rinav/ros2_ws/build/py_pubsub/build/lib/py_pubsub
[1.440s] running install
[1.440s] running install_lib
[1.441s] creating /home/rinav/ros2_ws/install/py_pubsub/lib/python3.10/site-packages/py_pubsub
[1.441s] copying /home/rinav/ros2_ws/build/py_pubsub/build/lib/py_pubsub/subscriber_member_function.py -> /home/rinav/ros2_ws/install/py_pubsub/lib/python3.10/site-packages/py_pubsub
[1.441s] copying /home/rinav/ros2_ws/build/py_pubsub/build/lib/py_pubsub/publisher_member_function.py -> /home/rinav/ros2_ws/install/py_pubsub/lib/python3.10/site-packages/py_pubsub
[1.441s] copying /home/rinav/ros2_ws/build/py_pubsub/build/lib/py_pubsub/__init__.py -> /home/rinav/ros2_ws/install/py_pubsub/lib/python3.10/site-packages/py_pubsub
[1.442s] byte-compiling /home/rinav/ros2_ws/install/py_pubsub/lib/python3.10/site-packages/py_pubsub/subscriber_member_function.py to subscriber_member_function.cpython-310.pyc
[1.442s] byte-compiling /home/rinav/ros2_ws/install/py_pubsub/lib/python3.10/site-packages/py_pubsub/publisher_member_function.py to publisher_member_function.cpython-310.pyc
[1.442s] byte-compiling /home/rinav/ros2_ws/install/py_pubsub/lib/python3.10/site-packages/py_pubsub/__init__.py to __init__.cpython-310.pyc
[1.442s] running install_data
[1.443s] creating /home/rinav/ros2_ws/install/py_pubsub/share/ament_index
[1.443s] creating /home/rinav/ros2_ws/install/py_pubsub/share/ament_index/resource_index
[1.443s] creating /home/rinav/ros2_ws/install/py_pubsub/share/ament_index/resource_index/packages
[1.443s] copying resource/py_pubsub -> /home/rinav/ros2_ws/install/py_pubsub/share/ament_index/resource_index/packages
[1.443s] copying package.xml -> /home/rinav/ros2_ws/install/py_pubsub/share/py_pubsub
[1.443s] running install_egg_info
[1.444s] Copying ../../build/py_pubsub/py_pubsub.egg-info to /home/rinav/ros2_ws/install/py_pubsub/lib/python3.10/site-packages/py_pubsub-0.0.0-py3.10.egg-info
[1.444s] running install_scripts
[1.460s] Installing listener script to /home/rinav/ros2_ws/install/py_pubsub/lib/py_pubsub
[1.460s] Installing talker script to /home/rinav/ros2_ws/install/py_pubsub/lib/py_pubsub
[1.460s] writing list of installed files to '/home/rinav/ros2_ws/build/py_pubsub/install.log'
[1.500s] Invoked command in '/home/rinav/ros2_ws/src/py_pubsub' returned '0': PYTHONPATH=/home/rinav/ros2_ws/build/py_pubsub/prefix_override:/usr/lib/python3/dist-packages/colcon_core/task/python/colcon_distutils_commands:/home/rinav/ros2_ws/install/py_pubsub/lib/python3.10/site-packages:${PYTHONPATH} /usr/bin/python3 -W ignore:setup.py install is deprecated -W ignore:easy_install command is deprecated setup.py egg_info --egg-base ../../build/py_pubsub build --build-base /home/rinav/ros2_ws/build/py_pubsub/build install --record /home/rinav/ros2_ws/build/py_pubsub/install.log --single-version-externally-managed install_data
