[0.010s] Invoking command in '/home/rinav/ros2_ws/src/husky/build/husky_control': AMENT_PREFIX_PATH=/home/rinav/ros2_ws/src/husky/install/husky_description:${AMENT_PREFIX_PATH} CMAKE_PREFIX_PATH=/home/rinav/ros2_ws/src/husky/install/husky_description:/home/rinav/ros2_ws/install/husky_bringup:/home/rinav/ros2_ws/install/husky_base:/home/rinav/ros2_ws/install/husky_msgs:/home/rinav/ros2_ws/install/husky_control:/home/rinav/ros2_ws/install/husky_description:/opt/ros/humble /usr/bin/cmake /home/rinav/ros2_ws/src/husky/husky_control -DCMAKE_INSTALL_PREFIX=/home/rinav/ros2_ws/src/husky/install/husky_control
[0.054s] -- The C compiler identification is GNU 11.4.0
[0.088s] -- The CXX compiler identification is GNU 11.4.0
[0.092s] -- Detecting C compiler ABI info
[0.152s] -- Detecting C compiler ABI info - done
[0.157s] -- Check for working C compiler: /usr/bin/cc - skipped
[0.158s] -- Detecting C compile features
[0.158s] -- Detecting C compile features - done
[0.160s] -- Detecting CXX compiler ABI info
[0.210s] -- Detecting CXX compiler ABI info - done
[0.216s] -- Check for working CXX compiler: /usr/bin/c++ - skipped
[0.216s] -- Detecting CXX compile features
[0.216s] -- Detecting CXX compile features - done
[0.219s] -- Found ament_cmake: 1.3.12 (/opt/ros/humble/share/ament_cmake/cmake)
[0.307s] -- Found Python3: /usr/bin/python3 (found version "3.10.12") found components: Interpreter 
[0.405s] -- Configuring done
[0.407s] -- Generating done
[0.407s] -- Build files have been written to: /home/rinav/ros2_ws/src/husky/build/husky_control
[0.411s] Invoked command in '/home/rinav/ros2_ws/src/husky/build/husky_control' returned '0': AMENT_PREFIX_PATH=/home/rinav/ros2_ws/src/husky/install/husky_description:${AMENT_PREFIX_PATH} CMAKE_PREFIX_PATH=/home/rinav/ros2_ws/src/husky/install/husky_description:/home/rinav/ros2_ws/install/husky_bringup:/home/rinav/ros2_ws/install/husky_base:/home/rinav/ros2_ws/install/husky_msgs:/home/rinav/ros2_ws/install/husky_control:/home/rinav/ros2_ws/install/husky_description:/opt/ros/humble /usr/bin/cmake /home/rinav/ros2_ws/src/husky/husky_control -DCMAKE_INSTALL_PREFIX=/home/rinav/ros2_ws/src/husky/install/husky_control
[0.411s] Invoking command in '/home/rinav/ros2_ws/src/husky/build/husky_control': AMENT_PREFIX_PATH=/home/rinav/ros2_ws/src/husky/install/husky_description:${AMENT_PREFIX_PATH} CMAKE_PREFIX_PATH=/home/rinav/ros2_ws/src/husky/install/husky_description:/home/rinav/ros2_ws/install/husky_bringup:/home/rinav/ros2_ws/install/husky_base:/home/rinav/ros2_ws/install/husky_msgs:/home/rinav/ros2_ws/install/husky_control:/home/rinav/ros2_ws/install/husky_description:/opt/ros/humble /usr/bin/cmake --build /home/rinav/ros2_ws/src/husky/build/husky_control -- -j8 -l8
[0.435s] Invoked command in '/home/rinav/ros2_ws/src/husky/build/husky_control' returned '0': AMENT_PREFIX_PATH=/home/rinav/ros2_ws/src/husky/install/husky_description:${AMENT_PREFIX_PATH} CMAKE_PREFIX_PATH=/home/rinav/ros2_ws/src/husky/install/husky_description:/home/rinav/ros2_ws/install/husky_bringup:/home/rinav/ros2_ws/install/husky_base:/home/rinav/ros2_ws/install/husky_msgs:/home/rinav/ros2_ws/install/husky_control:/home/rinav/ros2_ws/install/husky_description:/opt/ros/humble /usr/bin/cmake --build /home/rinav/ros2_ws/src/husky/build/husky_control -- -j8 -l8
[0.436s] Invoking command in '/home/rinav/ros2_ws/src/husky/build/husky_control': AMENT_PREFIX_PATH=/home/rinav/ros2_ws/src/husky/install/husky_description:${AMENT_PREFIX_PATH} CMAKE_PREFIX_PATH=/home/rinav/ros2_ws/src/husky/install/husky_description:/home/rinav/ros2_ws/install/husky_bringup:/home/rinav/ros2_ws/install/husky_base:/home/rinav/ros2_ws/install/husky_msgs:/home/rinav/ros2_ws/install/husky_control:/home/rinav/ros2_ws/install/husky_description:/opt/ros/humble /usr/bin/cmake --install /home/rinav/ros2_ws/src/husky/build/husky_control
[0.439s] -- Install configuration: ""
[0.439s] -- Installing: /home/rinav/ros2_ws/src/husky/install/husky_control/share/husky_control/config
[0.439s] -- Installing: /home/rinav/ros2_ws/src/husky/install/husky_control/share/husky_control/config/gazebo_interface.yaml
[0.439s] -- Installing: /home/rinav/ros2_ws/src/husky/install/husky_control/share/husky_control/config/twist_mux.yaml
[0.439s] -- Installing: /home/rinav/ros2_ws/src/husky/install/husky_control/share/husky_control/config/teleop_ps4.yaml
[0.439s] -- Installing: /home/rinav/ros2_ws/src/husky/install/husky_control/share/husky_control/config/localization.yaml
[0.439s] -- Installing: /home/rinav/ros2_ws/src/husky/install/husky_control/share/husky_control/config/teleop_interactive_markers.yaml
[0.440s] -- Installing: /home/rinav/ros2_ws/src/husky/install/husky_control/share/husky_control/config/empty.yaml
[0.440s] -- Installing: /home/rinav/ros2_ws/src/husky/install/husky_control/share/husky_control/config/public_interface.yaml
[0.440s] -- Installing: /home/rinav/ros2_ws/src/husky/install/husky_control/share/husky_control/config/imu_filter.yaml
[0.440s] -- Installing: /home/rinav/ros2_ws/src/husky/install/husky_control/share/husky_control/config/control.yaml
[0.440s] -- Installing: /home/rinav/ros2_ws/src/husky/install/husky_control/share/husky_control/config/teleop_logitech.yaml
[0.440s] -- Installing: /home/rinav/ros2_ws/src/husky/install/husky_control/share/husky_control/launch
[0.440s] -- Installing: /home/rinav/ros2_ws/src/husky/install/husky_control/share/husky_control/launch/control.launch.py
[0.440s] -- Installing: /home/rinav/ros2_ws/src/husky/install/husky_control/share/husky_control/launch/teleop.launch
[0.440s] -- Installing: /home/rinav/ros2_ws/src/husky/install/husky_control/share/husky_control/launch/control.launch
[0.440s] -- Installing: /home/rinav/ros2_ws/src/husky/install/husky_control/share/husky_control/launch/teleop_base.launch.py
[0.440s] -- Installing: /home/rinav/ros2_ws/src/husky/install/husky_control/share/husky_control/launch/teleop_joy.launch.py
[0.440s] -- Installing: /home/rinav/ros2_ws/src/husky/install/husky_control/share/ament_index/resource_index/package_run_dependencies/husky_control
[0.440s] -- Installing: /home/rinav/ros2_ws/src/husky/install/husky_control/share/ament_index/resource_index/parent_prefix_path/husky_control
[0.440s] -- Installing: /home/rinav/ros2_ws/src/husky/install/husky_control/share/husky_control/environment/ament_prefix_path.sh
[0.440s] -- Installing: /home/rinav/ros2_ws/src/husky/install/husky_control/share/husky_control/environment/ament_prefix_path.dsv
[0.440s] -- Installing: /home/rinav/ros2_ws/src/husky/install/husky_control/share/husky_control/environment/path.sh
[0.441s] -- Installing: /home/rinav/ros2_ws/src/husky/install/husky_control/share/husky_control/environment/path.dsv
[0.441s] -- Installing: /home/rinav/ros2_ws/src/husky/install/husky_control/share/husky_control/local_setup.bash
[0.441s] -- Installing: /home/rinav/ros2_ws/src/husky/install/husky_control/share/husky_control/local_setup.sh
[0.441s] -- Installing: /home/rinav/ros2_ws/src/husky/install/husky_control/share/husky_control/local_setup.zsh
[0.441s] -- Installing: /home/rinav/ros2_ws/src/husky/install/husky_control/share/husky_control/local_setup.dsv
[0.441s] -- Installing: /home/rinav/ros2_ws/src/husky/install/husky_control/share/husky_control/package.dsv
[0.441s] -- Installing: /home/rinav/ros2_ws/src/husky/install/husky_control/share/ament_index/resource_index/packages/husky_control
[0.441s] -- Installing: /home/rinav/ros2_ws/src/husky/install/husky_control/share/husky_control/cmake/husky_controlConfig.cmake
[0.441s] -- Installing: /home/rinav/ros2_ws/src/husky/install/husky_control/share/husky_control/cmake/husky_controlConfig-version.cmake
[0.441s] -- Installing: /home/rinav/ros2_ws/src/husky/install/husky_control/share/husky_control/package.xml
[0.443s] Invoked command in '/home/rinav/ros2_ws/src/husky/build/husky_control' returned '0': AMENT_PREFIX_PATH=/home/rinav/ros2_ws/src/husky/install/husky_description:${AMENT_PREFIX_PATH} CMAKE_PREFIX_PATH=/home/rinav/ros2_ws/src/husky/install/husky_description:/home/rinav/ros2_ws/install/husky_bringup:/home/rinav/ros2_ws/install/husky_base:/home/rinav/ros2_ws/install/husky_msgs:/home/rinav/ros2_ws/install/husky_control:/home/rinav/ros2_ws/install/husky_description:/opt/ros/humble /usr/bin/cmake --install /home/rinav/ros2_ws/src/husky/build/husky_control
