[0.045s] Invoking command in '/home/rinav/ros2_ws/build/moveit_kinematics': AMENT_PREFIX_PATH=/home/rinav/ros2_ws/install/moveit_ros_planning:/home/rinav/ros2_ws/install/moveit_ros_occupancy_map_monitor:/home/rinav/ros2_ws/install/moveit_core:/home/rinav/ros2_ws/install/moveit_resources_panda_moveit_config:/home/rinav/ros2_ws/install/moveit_resources_fanuc_moveit_config:/home/rinav/ros2_ws/install/moveit_configs_utils:/home/rinav/ros2_ws/install/srdfdom:/home/rinav/ros2_ws/install/moveit_resources_pr2_description:/home/rinav/ros2_ws/install/moveit_resources_panda_description:/home/rinav/ros2_ws/install/moveit_resources_fanuc_description:/home/rinav/ros2_ws/install/moveit_common:/home/rinav/ros2_ws/install/launch_param_builder:${AMENT_PREFIX_PATH} CMAKE_PREFIX_PATH=/home/rinav/ros2_ws/install/moveit_ros_planning:/home/rinav/ros2_ws/install/moveit_ros_occupancy_map_monitor:/home/rinav/ros2_ws/install/moveit_core:/home/rinav/ros2_ws/install/moveit_resources_panda_moveit_config:/home/rinav/ros2_ws/install/moveit_resources_fanuc_moveit_config:/home/rinav/ros2_ws/install/srdfdom:/home/rinav/ros2_ws/install/moveit_resources_pr2_description:/home/rinav/ros2_ws/install/moveit_resources_panda_description:/home/rinav/ros2_ws/install/moveit_resources_fanuc_description:/home/rinav/ros2_ws/install/moveit_common:/home/rinav/ros2_ws/install/rviz_visual_testing_framework:/home/rinav/ros2_ws/install/rviz_rendering_tests:/home/rinav/ros2_ws/install/rviz2:/home/rinav/ros2_ws/install/rviz_default_plugins:/home/rinav/ros2_ws/install/rviz_common:/home/rinav/ros2_ws/install/rviz_rendering:/home/rinav/ros2_ws/install/rviz_ogre_vendor:/home/rinav/ros2_ws/install/rviz_assimp_vendor:/home/rinav/ros2_ws/src/rviz/install:/home/rinav/ros2_ws/install/husky_ur3_moveit_config:/home/rinav/ros2_ws/install/ur:/home/rinav/ros2_ws/install/ur_calibration:/home/rinav/ros2_ws/install/ur_robot_driver:/home/rinav/ros2_ws/install/ur_moveit_config:/home/rinav/ros2_ws/install/ur_bringup:/home/rinav/ros2_ws/install/ur_description:/home/rinav/ros2_ws/install/ur_controllers:/home/rinav/ros2_ws/install/ur_dashboard_msgs:/home/rinav/ros2_ws/install/turtlesim:/home/rinav/ros2_ws/install/robotis_manipulator:/home/rinav/ros2_ws/install/husky_desktop:/home/rinav/ros2_ws/install/husky_viz:/home/rinav/ros2_ws/install/husky_ur3_ignition:/home/rinav/ros2_ws/install/husky_simulator:/home/rinav/ros2_ws/install/husky_robot:/home/rinav/ros2_ws/install/husky_bringup:/home/rinav/ros2_ws/install/husky_base:/home/rinav/ros2_ws/install/husky_msgs:/home/rinav/ros2_ws/install/husky_gazebo:/home/rinav/ros2_ws/install/husky_control:/home/rinav/ros2_ws/install/husky_description:/home/rinav/ros2_ws/install/trial_package:/home/rinav/ros2_ws/install/py_srvcli:/home/rinav/ros2_ws/install/py_pubsub:/home/rinav/ros2_ws/install/mobile_robotics:/opt/ros/humble LD_LIBRARY_PATH=/home/rinav/ros2_ws/install/moveit_ros_planning/lib:/home/rinav/ros2_ws/install/moveit_ros_occupancy_map_monitor/lib:/home/rinav/ros2_ws/install/moveit_core/lib:/home/rinav/ros2_ws/install/srdfdom/lib:${LD_LIBRARY_PATH} PATH=/home/rinav/ros2_ws/install/moveit_core/bin:${PATH} PYTHONPATH=/home/rinav/ros2_ws/install/moveit_configs_utils/lib/python3.10/site-packages:/home/rinav/ros2_ws/install/srdfdom/local/lib/python3.10/dist-packages:/home/rinav/ros2_ws/install/launch_param_builder/lib/python3.10/site-packages:${PYTHONPATH} /usr/bin/cmake /home/rinav/ros2_ws/src/moveit2/moveit_kinematics -DCMAKE_INSTALL_PREFIX=/home/rinav/ros2_ws/install/moveit_kinematics
[0.109s] -- The C compiler identification is GNU 11.4.0
[0.154s] -- The CXX compiler identification is GNU 11.4.0
[0.160s] -- Detecting C compiler ABI info
[0.216s] -- Detecting C compiler ABI info - done
[0.226s] -- Check for working C compiler: /usr/bin/cc - skipped
[0.226s] -- Detecting C compile features
[0.226s] -- Detecting C compile features - done
[0.228s] -- Detecting CXX compiler ABI info
[0.290s] -- Detecting CXX compiler ABI info - done
[0.297s] -- Check for working CXX compiler: /usr/bin/c++ - skipped
[0.297s] -- Detecting CXX compile features
[0.297s] -- Detecting CXX compile features - done
[0.299s] -- Found moveit_common: 2.5.9 (/home/rinav/ros2_ws/install/moveit_common/share/moveit_common/cmake)
[0.306s] -- Found ament_cmake: 1.3.12 (/opt/ros/humble/share/ament_cmake/cmake)
[0.442s] -- Found Python3: /usr/bin/python3 (found version "3.10.12") found components: Interpreter 
[0.615s] [0mmoveit_kinematics: You did not request a specific build type: Choosing 'Release' for maximum performance[0m
[0.635s] -- Found tf2_kdl: 0.25.16 (/opt/ros/humble/share/tf2_kdl/cmake)
[0.712s] -- Found rosidl_generator_c: 3.1.7 (/opt/ros/humble/share/rosidl_generator_c/cmake)
[0.723s] -- Found rosidl_adapter: 3.1.7 (/opt/ros/humble/share/rosidl_adapter/cmake)
[0.739s] -- Found rosidl_generator_cpp: 3.1.7 (/opt/ros/humble/share/rosidl_generator_cpp/cmake)
[0.759s] -- Using all available rosidl_typesupport_c: rosidl_typesupport_fastrtps_c;rosidl_typesupport_introspection_c
[0.786s] -- Using all available rosidl_typesupport_cpp: rosidl_typesupport_fastrtps_cpp;rosidl_typesupport_introspection_cpp
[0.852s] -- Found eigen3_cmake_module: 0.1.1 (/opt/ros/humble/share/eigen3_cmake_module/cmake)
[0.853s] -- Found Eigen3: TRUE (found version "3.4.0") 
[0.853s] -- Ensuring Eigen3 include directory is part of orocos-kdl CMake target
[0.981s] -- Found rmw_implementation_cmake: 6.1.2 (/opt/ros/humble/share/rmw_implementation_cmake/cmake)
[0.988s] -- Found rmw_fastrtps_cpp: 6.2.8 (/opt/ros/humble/share/rmw_fastrtps_cpp/cmake)
[1.089s] -- Found OpenSSL: /usr/lib/aarch64-linux-gnu/libcrypto.so (found version "3.0.2")  
[1.123s] -- Found FastRTPS: /opt/ros/humble/include  
[1.172s] -- Using RMW implementation 'rmw_fastrtps_cpp' as default
[1.189s] -- Looking for pthread.h
[1.265s] -- Looking for pthread.h - found
[1.265s] -- Performing Test CMAKE_HAVE_LIBC_PTHREAD
[1.342s] -- Performing Test CMAKE_HAVE_LIBC_PTHREAD - Success
[1.343s] -- Found Threads: TRUE  
[1.476s] -- Found kdl_parser: 2.6.4 (/opt/ros/humble/share/kdl_parser/cmake)
[1.486s] -- Found random_numbers: 2.0.1 (/opt/ros/humble/share/random_numbers/cmake)
[1.505s] -- Found pluginlib: 5.1.0 (/opt/ros/humble/share/pluginlib/cmake)
[1.528s] -- Found moveit_core: 2.5.9 (/home/rinav/ros2_ws/install/moveit_core/share/moveit_core/cmake)
[1.587s] -- Found Boost: /usr/lib/aarch64-linux-gnu/cmake/Boost-1.74.0/BoostConfig.cmake (found version "1.74.0") found components: chrono date_time filesystem iostreams program_options regex serialization system thread 
[1.651s] -- Found parameter_traits: 0.5.0 (/opt/ros/humble/share/parameter_traits/cmake)
[1.674s] -- Found rclcpp_lifecycle: 16.0.15 (/opt/ros/humble/share/rclcpp_lifecycle/cmake)
[1.706s] -- Found Boost: /usr/lib/aarch64-linux-gnu/cmake/Boost-1.74.0/BoostConfig.cmake (found version "1.74.0") found components: filesystem 
[1.791s] -- library: /usr/lib/aarch64-linux-gnu/libcurl.so
[2.002s] -- Found moveit_ros_planning: 2.5.9 (/home/rinav/ros2_ws/install/moveit_ros_planning/share/moveit_ros_planning/cmake)
[2.007s] -- Found Boost: /usr/lib/aarch64-linux-gnu/cmake/Boost-1.74.0/BoostConfig.cmake (found version "1.74.0") found components: system filesystem date_time program_options thread chrono 
[2.033s] -- Found Boost: /usr/lib/aarch64-linux-gnu/cmake/Boost-1.74.0/BoostConfig.cmake (found version "1.74.0") found components: program_options system 
[2.138s] -- Found ament_cmake_gtest: 1.3.12 (/opt/ros/humble/share/ament_cmake_gtest/cmake)
[2.142s] -- Found ros_testing: 0.4.0 (/opt/ros/humble/share/ros_testing/cmake)
[2.147s] -- Found launch_testing_ament_cmake: 1.0.10 (/opt/ros/humble/share/launch_testing_ament_cmake/cmake)
[2.152s] -- Found python_cmake_module: 0.10.0 (/opt/ros/humble/share/python_cmake_module/cmake)
[2.172s] -- Found PythonInterp: /usr/bin/python3 (found suitable version "3.10.12", minimum required is "3.6") 
[2.179s] -- Found PythonLibs: /usr/lib/aarch64-linux-gnu/libpython3.10.so (found suitable version "3.10.12", minimum required is "3.5") 
[2.179s] -- Using PYTHON_EXECUTABLE: /usr/bin/python3
[2.179s] -- Using PYTHON_INCLUDE_DIRS: /usr/include/python3.10
[2.179s] -- Using PYTHON_LIBRARIES: /usr/lib/aarch64-linux-gnu/libpython3.10.so
[2.201s] -- Found PythonExtra: .so  
[2.203s] -- Found moveit_resources_fanuc_description: 2.0.7 (/home/rinav/ros2_ws/install/moveit_resources_fanuc_description/share/moveit_resources_fanuc_description/cmake)
[2.203s] -- Found moveit_resources_fanuc_moveit_config: 2.0.7 (/home/rinav/ros2_ws/install/moveit_resources_fanuc_moveit_config/share/moveit_resources_fanuc_moveit_config/cmake)
[2.205s] -- Found moveit_resources_panda_description: 2.0.7 (/home/rinav/ros2_ws/install/moveit_resources_panda_description/share/moveit_resources_panda_description/cmake)
[2.205s] -- Found moveit_resources_panda_moveit_config: 2.0.7 (/home/rinav/ros2_ws/install/moveit_resources_panda_moveit_config/share/moveit_resources_panda_moveit_config/cmake)
[2.211s] -- Found gtest sources under '/opt/ros/humble/src/gtest_vendor': C++ tests using 'Google Test' will be built
[2.238s] -- Found ament_lint_auto: 0.12.14 (/opt/ros/humble/share/ament_lint_auto/cmake)
[2.256s] -- Found launch_testing_ament_cmake: 1.0.10 (/opt/ros/humble/share/launch_testing_ament_cmake/cmake)
[2.257s] -- Found python_cmake_module: 0.10.0 (/opt/ros/humble/share/python_cmake_module/cmake)
[2.276s] -- Using PYTHON_EXECUTABLE: /usr/bin/python3
[2.277s] -- Using PYTHON_INCLUDE_DIRS: /usr/include/python3.10
[2.277s] -- Using PYTHON_LIBRARIES: /usr/lib/aarch64-linux-gnu/libpython3.10.so
[2.315s] -- Added test 'cppcheck' to perform static code analysis on C / C++ code
[2.315s] -- Configured cppcheck include dirs: /home/rinav/ros2_ws/src/moveit2/moveit_kinematics/kdl_kinematics_plugin/include;/home/rinav/ros2_ws/src/moveit2/moveit_kinematics/lma_kinematics_plugin/include;/home/rinav/ros2_ws/src/moveit2/moveit_kinematics/srv_kinematics_plugin/include;/home/rinav/ros2_ws/src/moveit2/moveit_kinematics/cached_ik_kinematics_plugin/include
[2.315s] -- Configured cppcheck exclude dirs and/or files: 
[2.317s] -- Added test 'lint_cmake' to check CMake code style
[2.319s] -- Configuring done
[2.418s] -- Generating done
[2.449s] -- Build files have been written to: /home/rinav/ros2_ws/build/moveit_kinematics
[2.464s] Invoked command in '/home/rinav/ros2_ws/build/moveit_kinematics' returned '0': AMENT_PREFIX_PATH=/home/rinav/ros2_ws/install/moveit_ros_planning:/home/rinav/ros2_ws/install/moveit_ros_occupancy_map_monitor:/home/rinav/ros2_ws/install/moveit_core:/home/rinav/ros2_ws/install/moveit_resources_panda_moveit_config:/home/rinav/ros2_ws/install/moveit_resources_fanuc_moveit_config:/home/rinav/ros2_ws/install/moveit_configs_utils:/home/rinav/ros2_ws/install/srdfdom:/home/rinav/ros2_ws/install/moveit_resources_pr2_description:/home/rinav/ros2_ws/install/moveit_resources_panda_description:/home/rinav/ros2_ws/install/moveit_resources_fanuc_description:/home/rinav/ros2_ws/install/moveit_common:/home/rinav/ros2_ws/install/launch_param_builder:${AMENT_PREFIX_PATH} CMAKE_PREFIX_PATH=/home/rinav/ros2_ws/install/moveit_ros_planning:/home/rinav/ros2_ws/install/moveit_ros_occupancy_map_monitor:/home/rinav/ros2_ws/install/moveit_core:/home/rinav/ros2_ws/install/moveit_resources_panda_moveit_config:/home/rinav/ros2_ws/install/moveit_resources_fanuc_moveit_config:/home/rinav/ros2_ws/install/srdfdom:/home/rinav/ros2_ws/install/moveit_resources_pr2_description:/home/rinav/ros2_ws/install/moveit_resources_panda_description:/home/rinav/ros2_ws/install/moveit_resources_fanuc_description:/home/rinav/ros2_ws/install/moveit_common:/home/rinav/ros2_ws/install/rviz_visual_testing_framework:/home/rinav/ros2_ws/install/rviz_rendering_tests:/home/rinav/ros2_ws/install/rviz2:/home/rinav/ros2_ws/install/rviz_default_plugins:/home/rinav/ros2_ws/install/rviz_common:/home/rinav/ros2_ws/install/rviz_rendering:/home/rinav/ros2_ws/install/rviz_ogre_vendor:/home/rinav/ros2_ws/install/rviz_assimp_vendor:/home/rinav/ros2_ws/src/rviz/install:/home/rinav/ros2_ws/install/husky_ur3_moveit_config:/home/rinav/ros2_ws/install/ur:/home/rinav/ros2_ws/install/ur_calibration:/home/rinav/ros2_ws/install/ur_robot_driver:/home/rinav/ros2_ws/install/ur_moveit_config:/home/rinav/ros2_ws/install/ur_bringup:/home/rinav/ros2_ws/install/ur_description:/home/rinav/ros2_ws/install/ur_controllers:/home/rinav/ros2_ws/install/ur_dashboard_msgs:/home/rinav/ros2_ws/install/turtlesim:/home/rinav/ros2_ws/install/robotis_manipulator:/home/rinav/ros2_ws/install/husky_desktop:/home/rinav/ros2_ws/install/husky_viz:/home/rinav/ros2_ws/install/husky_ur3_ignition:/home/rinav/ros2_ws/install/husky_simulator:/home/rinav/ros2_ws/install/husky_robot:/home/rinav/ros2_ws/install/husky_bringup:/home/rinav/ros2_ws/install/husky_base:/home/rinav/ros2_ws/install/husky_msgs:/home/rinav/ros2_ws/install/husky_gazebo:/home/rinav/ros2_ws/install/husky_control:/home/rinav/ros2_ws/install/husky_description:/home/rinav/ros2_ws/install/trial_package:/home/rinav/ros2_ws/install/py_srvcli:/home/rinav/ros2_ws/install/py_pubsub:/home/rinav/ros2_ws/install/mobile_robotics:/opt/ros/humble LD_LIBRARY_PATH=/home/rinav/ros2_ws/install/moveit_ros_planning/lib:/home/rinav/ros2_ws/install/moveit_ros_occupancy_map_monitor/lib:/home/rinav/ros2_ws/install/moveit_core/lib:/home/rinav/ros2_ws/install/srdfdom/lib:${LD_LIBRARY_PATH} PATH=/home/rinav/ros2_ws/install/moveit_core/bin:${PATH} PYTHONPATH=/home/rinav/ros2_ws/install/moveit_configs_utils/lib/python3.10/site-packages:/home/rinav/ros2_ws/install/srdfdom/local/lib/python3.10/dist-packages:/home/rinav/ros2_ws/install/launch_param_builder/lib/python3.10/site-packages:${PYTHONPATH} /usr/bin/cmake /home/rinav/ros2_ws/src/moveit2/moveit_kinematics -DCMAKE_INSTALL_PREFIX=/home/rinav/ros2_ws/install/moveit_kinematics
[2.465s] Invoking command in '/home/rinav/ros2_ws/build/moveit_kinematics': AMENT_PREFIX_PATH=/home/rinav/ros2_ws/install/moveit_ros_planning:/home/rinav/ros2_ws/install/moveit_ros_occupancy_map_monitor:/home/rinav/ros2_ws/install/moveit_core:/home/rinav/ros2_ws/install/moveit_resources_panda_moveit_config:/home/rinav/ros2_ws/install/moveit_resources_fanuc_moveit_config:/home/rinav/ros2_ws/install/moveit_configs_utils:/home/rinav/ros2_ws/install/srdfdom:/home/rinav/ros2_ws/install/moveit_resources_pr2_description:/home/rinav/ros2_ws/install/moveit_resources_panda_description:/home/rinav/ros2_ws/install/moveit_resources_fanuc_description:/home/rinav/ros2_ws/install/moveit_common:/home/rinav/ros2_ws/install/launch_param_builder:${AMENT_PREFIX_PATH} CMAKE_PREFIX_PATH=/home/rinav/ros2_ws/install/moveit_ros_planning:/home/rinav/ros2_ws/install/moveit_ros_occupancy_map_monitor:/home/rinav/ros2_ws/install/moveit_core:/home/rinav/ros2_ws/install/moveit_resources_panda_moveit_config:/home/rinav/ros2_ws/install/moveit_resources_fanuc_moveit_config:/home/rinav/ros2_ws/install/srdfdom:/home/rinav/ros2_ws/install/moveit_resources_pr2_description:/home/rinav/ros2_ws/install/moveit_resources_panda_description:/home/rinav/ros2_ws/install/moveit_resources_fanuc_description:/home/rinav/ros2_ws/install/moveit_common:/home/rinav/ros2_ws/install/rviz_visual_testing_framework:/home/rinav/ros2_ws/install/rviz_rendering_tests:/home/rinav/ros2_ws/install/rviz2:/home/rinav/ros2_ws/install/rviz_default_plugins:/home/rinav/ros2_ws/install/rviz_common:/home/rinav/ros2_ws/install/rviz_rendering:/home/rinav/ros2_ws/install/rviz_ogre_vendor:/home/rinav/ros2_ws/install/rviz_assimp_vendor:/home/rinav/ros2_ws/src/rviz/install:/home/rinav/ros2_ws/install/husky_ur3_moveit_config:/home/rinav/ros2_ws/install/ur:/home/rinav/ros2_ws/install/ur_calibration:/home/rinav/ros2_ws/install/ur_robot_driver:/home/rinav/ros2_ws/install/ur_moveit_config:/home/rinav/ros2_ws/install/ur_bringup:/home/rinav/ros2_ws/install/ur_description:/home/rinav/ros2_ws/install/ur_controllers:/home/rinav/ros2_ws/install/ur_dashboard_msgs:/home/rinav/ros2_ws/install/turtlesim:/home/rinav/ros2_ws/install/robotis_manipulator:/home/rinav/ros2_ws/install/husky_desktop:/home/rinav/ros2_ws/install/husky_viz:/home/rinav/ros2_ws/install/husky_ur3_ignition:/home/rinav/ros2_ws/install/husky_simulator:/home/rinav/ros2_ws/install/husky_robot:/home/rinav/ros2_ws/install/husky_bringup:/home/rinav/ros2_ws/install/husky_base:/home/rinav/ros2_ws/install/husky_msgs:/home/rinav/ros2_ws/install/husky_gazebo:/home/rinav/ros2_ws/install/husky_control:/home/rinav/ros2_ws/install/husky_description:/home/rinav/ros2_ws/install/trial_package:/home/rinav/ros2_ws/install/py_srvcli:/home/rinav/ros2_ws/install/py_pubsub:/home/rinav/ros2_ws/install/mobile_robotics:/opt/ros/humble LD_LIBRARY_PATH=/home/rinav/ros2_ws/install/moveit_ros_planning/lib:/home/rinav/ros2_ws/install/moveit_ros_occupancy_map_monitor/lib:/home/rinav/ros2_ws/install/moveit_core/lib:/home/rinav/ros2_ws/install/srdfdom/lib:${LD_LIBRARY_PATH} PATH=/home/rinav/ros2_ws/install/moveit_core/bin:${PATH} PYTHONPATH=/home/rinav/ros2_ws/install/moveit_configs_utils/lib/python3.10/site-packages:/home/rinav/ros2_ws/install/srdfdom/local/lib/python3.10/dist-packages:/home/rinav/ros2_ws/install/launch_param_builder/lib/python3.10/site-packages:${PYTHONPATH} /usr/bin/cmake --build /home/rinav/ros2_ws/build/moveit_kinematics -- -j8 -l8
[2.541s] [  5%] [32mBuilding CXX object srv_kinematics_plugin/CMakeFiles/moveit_srv_kinematics_plugin.dir/src/srv_kinematics_plugin.cpp.o[0m
[2.578s] [ 10%] [32mBuilding CXX object kdl_kinematics_plugin/CMakeFiles/moveit_kdl_kinematics_plugin.dir/src/kdl_kinematics_plugin.cpp.o[0m
[2.582s] [ 15%] [32mBuilding CXX object cached_ik_kinematics_plugin/CMakeFiles/moveit_cached_ik_kinematics_base.dir/src/ik_cache.cpp.o[0m
[2.593s] [ 21%] [32mBuilding CXX object kdl_kinematics_plugin/CMakeFiles/moveit_kdl_kinematics_plugin.dir/src/chainiksolver_vel_mimic_svd.cpp.o[0m
[2.606s] [ 26%] [32mBuilding CXX object gtest/CMakeFiles/gtest_main.dir/src/gtest_main.cc.o[0m
[2.661s] [ 31%] [32mBuilding CXX object lma_kinematics_plugin/CMakeFiles/moveit_lma_kinematics_plugin.dir/src/lma_kinematics_plugin.cpp.o[0m
[2.667s] [ 36%] [32mBuilding CXX object gtest/CMakeFiles/gtest.dir/src/gtest-all.cc.o[0m
[2.690s] [ 42%] [32mBuilding CXX object test/CMakeFiles/benchmark_ik.dir/benchmark_ik.cpp.o[0m
[5.781s] [ 47%] [32m[1mLinking CXX static library libgtest_main.a[0m
[6.042s] [ 47%] Built target gtest_main
