[0.006s] Invoking command in '/home/rinav/ros2_ws/build/husky_simulator': AMENT_PREFIX_PATH=/home/rinav/ros2_ws/install/husky_gazebo:${AMENT_PREFIX_PATH} CMAKE_PREFIX_PATH=/home/rinav/ros2_ws/install/husky_gazebo:/home/rinav/ros2_ws/install/husky_control:/home/rinav/ros2_ws/install/husky_description:/home/rinav/ros2_ws/install/husky_bringup:/home/rinav/ros2_ws/install/husky_base:/home/rinav/ros2_ws/install/husky_msgs:/opt/ros/humble /usr/bin/cmake /home/rinav/ros2_ws/src/husky/husky_simulator -DCMAKE_INSTALL_PREFIX=/home/rinav/ros2_ws/install/husky_simulator
[0.044s] -- The C compiler identification is GNU 11.4.0
[0.086s] -- The CXX compiler identification is GNU 11.4.0
[0.091s] -- Detecting C compiler ABI info
[0.245s] -- Detecting C compiler ABI info - done
[0.251s] -- Check for working C compiler: /usr/bin/cc - skipped
[0.251s] -- Detecting C compile features
[0.251s] -- Detecting C compile features - done
[0.253s] -- Detecting CXX compiler ABI info
[0.390s] -- Detecting CXX compiler ABI info - done
[0.396s] -- Check for working CXX compiler: /usr/bin/c++ - skipped
[0.396s] -- Detecting CXX compile features
[0.396s] -- Detecting CXX compile features - done
[0.399s] -- Found ament_cmake: 1.3.12 (/opt/ros/humble/share/ament_cmake/cmake)
[0.547s] -- Found Python3: /usr/bin/python3 (found version "3.10.12") found components: Interpreter 
[0.707s] -- Configuring done
[0.709s] -- Generating done
[0.710s] -- Build files have been written to: /home/rinav/ros2_ws/build/husky_simulator
[0.715s] Invoked command in '/home/rinav/ros2_ws/build/husky_simulator' returned '0': AMENT_PREFIX_PATH=/home/rinav/ros2_ws/install/husky_gazebo:${AMENT_PREFIX_PATH} CMAKE_PREFIX_PATH=/home/rinav/ros2_ws/install/husky_gazebo:/home/rinav/ros2_ws/install/husky_control:/home/rinav/ros2_ws/install/husky_description:/home/rinav/ros2_ws/install/husky_bringup:/home/rinav/ros2_ws/install/husky_base:/home/rinav/ros2_ws/install/husky_msgs:/opt/ros/humble /usr/bin/cmake /home/rinav/ros2_ws/src/husky/husky_simulator -DCMAKE_INSTALL_PREFIX=/home/rinav/ros2_ws/install/husky_simulator
[0.720s] Invoking command in '/home/rinav/ros2_ws/build/husky_simulator': AMENT_PREFIX_PATH=/home/rinav/ros2_ws/install/husky_gazebo:${AMENT_PREFIX_PATH} CMAKE_PREFIX_PATH=/home/rinav/ros2_ws/install/husky_gazebo:/home/rinav/ros2_ws/install/husky_control:/home/rinav/ros2_ws/install/husky_description:/home/rinav/ros2_ws/install/husky_bringup:/home/rinav/ros2_ws/install/husky_base:/home/rinav/ros2_ws/install/husky_msgs:/opt/ros/humble /usr/bin/cmake --build /home/rinav/ros2_ws/build/husky_simulator -- -j8 -l8
[0.772s] Invoked command in '/home/rinav/ros2_ws/build/husky_simulator' returned '0': AMENT_PREFIX_PATH=/home/rinav/ros2_ws/install/husky_gazebo:${AMENT_PREFIX_PATH} CMAKE_PREFIX_PATH=/home/rinav/ros2_ws/install/husky_gazebo:/home/rinav/ros2_ws/install/husky_control:/home/rinav/ros2_ws/install/husky_description:/home/rinav/ros2_ws/install/husky_bringup:/home/rinav/ros2_ws/install/husky_base:/home/rinav/ros2_ws/install/husky_msgs:/opt/ros/humble /usr/bin/cmake --build /home/rinav/ros2_ws/build/husky_simulator -- -j8 -l8
[0.773s] Invoking command in '/home/rinav/ros2_ws/build/husky_simulator': AMENT_PREFIX_PATH=/home/rinav/ros2_ws/install/husky_gazebo:${AMENT_PREFIX_PATH} CMAKE_PREFIX_PATH=/home/rinav/ros2_ws/install/husky_gazebo:/home/rinav/ros2_ws/install/husky_control:/home/rinav/ros2_ws/install/husky_description:/home/rinav/ros2_ws/install/husky_bringup:/home/rinav/ros2_ws/install/husky_base:/home/rinav/ros2_ws/install/husky_msgs:/opt/ros/humble /usr/bin/cmake --install /home/rinav/ros2_ws/build/husky_simulator
[0.789s] -- Install configuration: ""
[0.790s] -- Installing: /home/rinav/ros2_ws/install/husky_simulator/share/ament_index/resource_index/package_run_dependencies/husky_simulator
[0.790s] -- Installing: /home/rinav/ros2_ws/install/husky_simulator/share/ament_index/resource_index/parent_prefix_path/husky_simulator
[0.790s] -- Installing: /home/rinav/ros2_ws/install/husky_simulator/share/husky_simulator/environment/ament_prefix_path.sh
[0.790s] -- Installing: /home/rinav/ros2_ws/install/husky_simulator/share/husky_simulator/environment/ament_prefix_path.dsv
[0.790s] -- Installing: /home/rinav/ros2_ws/install/husky_simulator/share/husky_simulator/environment/path.sh
[0.790s] -- Installing: /home/rinav/ros2_ws/install/husky_simulator/share/husky_simulator/environment/path.dsv
[0.791s] -- Installing: /home/rinav/ros2_ws/install/husky_simulator/share/husky_simulator/local_setup.bash
[0.791s] -- Installing: /home/rinav/ros2_ws/install/husky_simulator/share/husky_simulator/local_setup.sh
[0.791s] -- Installing: /home/rinav/ros2_ws/install/husky_simulator/share/husky_simulator/local_setup.zsh
[0.791s] -- Installing: /home/rinav/ros2_ws/install/husky_simulator/share/husky_simulator/local_setup.dsv
[0.791s] -- Installing: /home/rinav/ros2_ws/install/husky_simulator/share/husky_simulator/package.dsv
[0.791s] -- Installing: /home/rinav/ros2_ws/install/husky_simulator/share/ament_index/resource_index/packages/husky_simulator
[0.791s] -- Installing: /home/rinav/ros2_ws/install/husky_simulator/share/husky_simulator/cmake/husky_simulatorConfig.cmake
[0.791s] -- Installing: /home/rinav/ros2_ws/install/husky_simulator/share/husky_simulator/cmake/husky_simulatorConfig-version.cmake
[0.791s] -- Installing: /home/rinav/ros2_ws/install/husky_simulator/share/husky_simulator/package.xml
[0.791s] Invoked command in '/home/rinav/ros2_ws/build/husky_simulator' returned '0': AMENT_PREFIX_PATH=/home/rinav/ros2_ws/install/husky_gazebo:${AMENT_PREFIX_PATH} CMAKE_PREFIX_PATH=/home/rinav/ros2_ws/install/husky_gazebo:/home/rinav/ros2_ws/install/husky_control:/home/rinav/ros2_ws/install/husky_description:/home/rinav/ros2_ws/install/husky_bringup:/home/rinav/ros2_ws/install/husky_base:/home/rinav/ros2_ws/install/husky_msgs:/opt/ros/humble /usr/bin/cmake --install /home/rinav/ros2_ws/build/husky_simulator
