[0.610s] Invoking command in '/home/rinav/ros2_ws/src/trial_package': PYTHONPATH=/home/rinav/ros2_ws/build/trial_package/prefix_override:/usr/lib/python3/dist-packages/colcon_core/task/python/colcon_distutils_commands:/home/rinav/ros2_ws/install/trial_package/lib/python3.10/site-packages:${PYTHONPATH} /usr/bin/python3 -W ignore:setup.py install is deprecated -W ignore:easy_install command is deprecated setup.py egg_info --egg-base ../../build/trial_package build --build-base /home/rinav/ros2_ws/build/trial_package/build install --record /home/rinav/ros2_ws/build/trial_package/install.log --single-version-externally-managed install_data
[0.803s] running egg_info
[0.803s] writing ../../build/trial_package/trial_package.egg-info/PKG-INFO
[0.803s] writing dependency_links to ../../build/trial_package/trial_package.egg-info/dependency_links.txt
[0.803s] writing entry points to ../../build/trial_package/trial_package.egg-info/entry_points.txt
[0.803s] writing requirements to ../../build/trial_package/trial_package.egg-info/requires.txt
[0.803s] writing top-level names to ../../build/trial_package/trial_package.egg-info/top_level.txt
[0.805s] reading manifest file '../../build/trial_package/trial_package.egg-info/SOURCES.txt'
[0.805s] writing manifest file '../../build/trial_package/trial_package.egg-info/SOURCES.txt'
[0.805s] running build
[0.805s] running build_py
[0.806s] running install
[0.806s] running install_lib
[0.807s] running install_data
[0.807s] running install_egg_info
[0.808s] removing '/home/rinav/ros2_ws/install/trial_package/lib/python3.10/site-packages/trial_package-0.0.0-py3.10.egg-info' (and everything under it)
[0.809s] Copying ../../build/trial_package/trial_package.egg-info to /home/rinav/ros2_ws/install/trial_package/lib/python3.10/site-packages/trial_package-0.0.0-py3.10.egg-info
[0.809s] running install_scripts
[0.824s] writing list of installed files to '/home/rinav/ros2_ws/build/trial_package/install.log'
[0.843s] Invoked command in '/home/rinav/ros2_ws/src/trial_package' returned '0': PYTHONPATH=/home/rinav/ros2_ws/build/trial_package/prefix_override:/usr/lib/python3/dist-packages/colcon_core/task/python/colcon_distutils_commands:/home/rinav/ros2_ws/install/trial_package/lib/python3.10/site-packages:${PYTHONPATH} /usr/bin/python3 -W ignore:setup.py install is deprecated -W ignore:easy_install command is deprecated setup.py egg_info --egg-base ../../build/trial_package build --build-base /home/rinav/ros2_ws/build/trial_package/build install --record /home/rinav/ros2_ws/build/trial_package/install.log --single-version-externally-managed install_data
