[0.020s] Invoking command in '/home/rinav/ros2_ws/build/rviz_default_plugins': CMAKE_PREFIX_PATH=/home/rinav/ros2_ws/install/rviz_visual_testing_framework:/home/rinav/ros2_ws/install/rviz_rendering_tests:/home/rinav/ros2_ws/install/rviz_common:/home/rinav/ros2_ws/install/rviz_rendering:/home/rinav/ros2_ws/install/rviz_ogre_vendor:/home/rinav/ros2_ws/install/rviz_assimp_vendor:/home/rinav/ros2_ws/install/ur:/home/rinav/ros2_ws/install/ur_calibration:/home/rinav/ros2_ws/install/ur_robot_driver:/home/rinav/ros2_ws/install/ur_moveit_config:/home/rinav/ros2_ws/install/ur_bringup:/home/rinav/ros2_ws/install/ur_description:/home/rinav/ros2_ws/install/ur_controllers:/home/rinav/ros2_ws/install/ur_dashboard_msgs:/home/rinav/ros2_ws/install/turtlesim:/home/rinav/ros2_ws/install/srdfdom:/home/rinav/ros2_ws/install/husky_desktop:/home/rinav/ros2_ws/install/husky_viz:/home/rinav/ros2_ws/install/husky_ur3_moveit_config:/home/rinav/ros2_ws/install/rviz2:/home/rinav/ros2_ws/install/rviz_default_plugins:/home/rinav/ros2_ws/install/rosparam_shortcuts:/home/rinav/ros2_ws/install/robotis_manipulator:/home/rinav/ros2_ws/install/husky_ur3_ignition:/home/rinav/ros2_ws/install/husky_simulator:/home/rinav/ros2_ws/install/husky_robot:/home/rinav/ros2_ws/install/husky_bringup:/home/rinav/ros2_ws/install/husky_base:/home/rinav/ros2_ws/install/husky_msgs:/home/rinav/ros2_ws/install/husky_gazebo:/home/rinav/ros2_ws/install/husky_control:/home/rinav/ros2_ws/install/husky_description:/home/rinav/ros2_ws/install/trial_package:/home/rinav/ros2_ws/install/py_srvcli:/home/rinav/ros2_ws/install/py_pubsub:/home/rinav/ros2_ws/install/mobile_robotics:/home/rinav/ros2_ws/install/launch_param_builder:/opt/ros/humble LD_LIBRARY_PATH=/home/rinav/ros2_ws/install/rviz_common/lib:/home/rinav/ros2_ws/install/rviz_rendering/lib:/home/rinav/ros2_ws/install/ur_robot_driver/lib:/home/rinav/ros2_ws/install/ur_controllers/lib:/home/rinav/ros2_ws/install/ur_dashboard_msgs/lib:/home/rinav/ros2_ws/install/turtlesim/lib:/home/rinav/ros2_ws/install/srdfdom/lib:/home/rinav/ros2_ws/install/rviz_default_plugins/lib:/home/rinav/ros2_ws/install/rviz_ogre_vendor/opt/rviz_ogre_vendor/lib:/home/rinav/ros2_ws/install/rosparam_shortcuts/lib:/home/rinav/ros2_ws/install/robotis_manipulator/lib:/home/rinav/ros2_ws/install/husky_base/lib:/home/rinav/ros2_ws/install/husky_msgs/lib:/opt/ros/humble/opt/rviz_ogre_vendor/lib:/opt/ros/humble/lib/aarch64-linux-gnu:/opt/ros/humble/lib /usr/bin/cmake --build /home/rinav/ros2_ws/build/rviz_default_plugins -- -j8 -l8
[0.159s] [  2%] Built target point_cloud_common_page_object
[0.159s] [  2%] Built target gmock
[0.161s] [  3%] Built target pointcloud_messages
[0.168s] [  3%] Built target gmock_main
[0.178s] [  4%] Built target gtest_main
[0.180s] [  5%] Built target gtest
[0.201s] [  6%] Built target display_test_fixture
[0.259s] [  7%] Built target effort_display_visual_test
[0.260s] [  7%] Built target accel_display_visual_test
[0.267s] [  8%] Built target twist_display_visual_test
[0.269s] [  9%] Built target depth_cloud_display_visual_test
[0.471s] [ 61%] Built target rviz_default_plugins
[0.506s] [ 62%] Built target fps_view_controller_test
[0.506s] [ 63%] Built target get_transport_from_topic_test
[0.518s] [ 63%] Built target frame_info_test
[0.522s] [ 63%] Built target frame_view_controller_test
[0.566s] [ 64%] Built target marker_common_test
[0.578s] [ 64%] Built target measure_tool_test
[0.579s] [ 65%] Built target odometry_display_test
[0.587s] [ 66%] Built target odometry_ogre_helper_test
[0.601s] [ 69%] Built target marker_test
[0.610s] [ 70%] Built target palette_builder_test
[0.632s] [ 71%] Built target orbit_view_controller_test
[0.636s] [ 71%] Built target ortho_view_controller_test
[0.644s] [ 71%] Built target path_display_test
[0.665s] [ 71%] Built target point_cloud2_display_test
[0.672s] [ 71%] Built target point_cloud_common_test
[0.680s] [ 71%] Built target point_cloud_scalar_display_test
[0.695s] [ 72%] Built target point_display_test
[0.705s] [ 73%] Built target image_display_test
[0.711s] [ 75%] Built target point_cloud_transformers_test
[0.729s] [ 76%] Built target map_display_test
[0.743s] [ 77%] Built target pose_array_display_test
[0.743s] [ 78%] Built target grid_cells_display_test
[0.749s] [ 78%] Built target range_display_test
[0.763s] [ 79%] Built target pose_tool_test
[0.785s] [ 79%] Built target robot_test
[0.789s] [ 79%] Built target selection_tool_test
[0.791s] [ 80%] Built target xy_orbit_view_controller_test
[0.796s] [ 81%] Built target frame_transformer_tf_test
[0.811s] [ 81%] Built target transformer_guard_test
[0.828s] [ 82%] Built target axes_display_visual_test
[0.840s] [ 83%] Built target ros_image_texture_test
[0.856s] [ 84%] Built target camera_display_visual_test
[0.856s] [ 84%] Built target illuminance_display_visual_test
[0.892s] [ 84%] Built target image_display_visual_test
[0.893s] [ 85%] Built target interactive_marker_namespace_property_test
[0.917s] [ 86%] Built target map_display_visual_test
[0.937s] [ 86%] Built target laser_scan_display_visual_test
[0.939s] [ 87%] Built target marker_array_display_visual_test
[0.943s] [ 88%] Built target marker_display_visual_test
[0.986s] [ 88%] Built target odometry_display_visual_test
[0.998s] [ 89%] Built target point_cloud_display_visual_test
[1.003s] [ 90%] Built target path_display_visual_test
[1.009s] [ 90%] Built target point_display_visual_test
[1.056s] [ 90%] Built target pose_display_visual_test
[1.070s] [ 91%] Built target pose_array_display_visual_test
[1.072s] [ 92%] Built target point_cloud2_display_visual_test
[1.081s] [ 93%] Built target pose_with_covariance_display_visual_test
[1.109s] [ 94%] Built target relative_humidity_display_visual_test
[1.111s] [ 95%] Built target range_display_visual_test
[1.134s] [ 96%] Built target robot_model_display_visual_test
[1.137s] [ 97%] Built target temperature_display_visual_test
[1.168s] [ 98%] Built target tf_display_visual_test
[1.184s] [ 99%] Built target grid_cells_display_visual_test
[1.188s] [100%] Built target wrench_display_visual_test
[1.206s] [100%] Built target grid_display_visual_test
[1.229s] [100%] Built target fluid_pressure_display_visual_test
[1.238s] Invoked command in '/home/rinav/ros2_ws/build/rviz_default_plugins' returned '0': CMAKE_PREFIX_PATH=/home/rinav/ros2_ws/install/rviz_visual_testing_framework:/home/rinav/ros2_ws/install/rviz_rendering_tests:/home/rinav/ros2_ws/install/rviz_common:/home/rinav/ros2_ws/install/rviz_rendering:/home/rinav/ros2_ws/install/rviz_ogre_vendor:/home/rinav/ros2_ws/install/rviz_assimp_vendor:/home/rinav/ros2_ws/install/ur:/home/rinav/ros2_ws/install/ur_calibration:/home/rinav/ros2_ws/install/ur_robot_driver:/home/rinav/ros2_ws/install/ur_moveit_config:/home/rinav/ros2_ws/install/ur_bringup:/home/rinav/ros2_ws/install/ur_description:/home/rinav/ros2_ws/install/ur_controllers:/home/rinav/ros2_ws/install/ur_dashboard_msgs:/home/rinav/ros2_ws/install/turtlesim:/home/rinav/ros2_ws/install/srdfdom:/home/rinav/ros2_ws/install/husky_desktop:/home/rinav/ros2_ws/install/husky_viz:/home/rinav/ros2_ws/install/husky_ur3_moveit_config:/home/rinav/ros2_ws/install/rviz2:/home/rinav/ros2_ws/install/rviz_default_plugins:/home/rinav/ros2_ws/install/rosparam_shortcuts:/home/rinav/ros2_ws/install/robotis_manipulator:/home/rinav/ros2_ws/install/husky_ur3_ignition:/home/rinav/ros2_ws/install/husky_simulator:/home/rinav/ros2_ws/install/husky_robot:/home/rinav/ros2_ws/install/husky_bringup:/home/rinav/ros2_ws/install/husky_base:/home/rinav/ros2_ws/install/husky_msgs:/home/rinav/ros2_ws/install/husky_gazebo:/home/rinav/ros2_ws/install/husky_control:/home/rinav/ros2_ws/install/husky_description:/home/rinav/ros2_ws/install/trial_package:/home/rinav/ros2_ws/install/py_srvcli:/home/rinav/ros2_ws/install/py_pubsub:/home/rinav/ros2_ws/install/mobile_robotics:/home/rinav/ros2_ws/install/launch_param_builder:/opt/ros/humble LD_LIBRARY_PATH=/home/rinav/ros2_ws/install/rviz_common/lib:/home/rinav/ros2_ws/install/rviz_rendering/lib:/home/rinav/ros2_ws/install/ur_robot_driver/lib:/home/rinav/ros2_ws/install/ur_controllers/lib:/home/rinav/ros2_ws/install/ur_dashboard_msgs/lib:/home/rinav/ros2_ws/install/turtlesim/lib:/home/rinav/ros2_ws/install/srdfdom/lib:/home/rinav/ros2_ws/install/rviz_default_plugins/lib:/home/rinav/ros2_ws/install/rviz_ogre_vendor/opt/rviz_ogre_vendor/lib:/home/rinav/ros2_ws/install/rosparam_shortcuts/lib:/home/rinav/ros2_ws/install/robotis_manipulator/lib:/home/rinav/ros2_ws/install/husky_base/lib:/home/rinav/ros2_ws/install/husky_msgs/lib:/opt/ros/humble/opt/rviz_ogre_vendor/lib:/opt/ros/humble/lib/aarch64-linux-gnu:/opt/ros/humble/lib /usr/bin/cmake --build /home/rinav/ros2_ws/build/rviz_default_plugins -- -j8 -l8
[1.241s] Invoking command in '/home/rinav/ros2_ws/build/rviz_default_plugins': CMAKE_PREFIX_PATH=/home/rinav/ros2_ws/install/rviz_visual_testing_framework:/home/rinav/ros2_ws/install/rviz_rendering_tests:/home/rinav/ros2_ws/install/rviz_common:/home/rinav/ros2_ws/install/rviz_rendering:/home/rinav/ros2_ws/install/rviz_ogre_vendor:/home/rinav/ros2_ws/install/rviz_assimp_vendor:/home/rinav/ros2_ws/install/ur:/home/rinav/ros2_ws/install/ur_calibration:/home/rinav/ros2_ws/install/ur_robot_driver:/home/rinav/ros2_ws/install/ur_moveit_config:/home/rinav/ros2_ws/install/ur_bringup:/home/rinav/ros2_ws/install/ur_description:/home/rinav/ros2_ws/install/ur_controllers:/home/rinav/ros2_ws/install/ur_dashboard_msgs:/home/rinav/ros2_ws/install/turtlesim:/home/rinav/ros2_ws/install/srdfdom:/home/rinav/ros2_ws/install/husky_desktop:/home/rinav/ros2_ws/install/husky_viz:/home/rinav/ros2_ws/install/husky_ur3_moveit_config:/home/rinav/ros2_ws/install/rviz2:/home/rinav/ros2_ws/install/rviz_default_plugins:/home/rinav/ros2_ws/install/rosparam_shortcuts:/home/rinav/ros2_ws/install/robotis_manipulator:/home/rinav/ros2_ws/install/husky_ur3_ignition:/home/rinav/ros2_ws/install/husky_simulator:/home/rinav/ros2_ws/install/husky_robot:/home/rinav/ros2_ws/install/husky_bringup:/home/rinav/ros2_ws/install/husky_base:/home/rinav/ros2_ws/install/husky_msgs:/home/rinav/ros2_ws/install/husky_gazebo:/home/rinav/ros2_ws/install/husky_control:/home/rinav/ros2_ws/install/husky_description:/home/rinav/ros2_ws/install/trial_package:/home/rinav/ros2_ws/install/py_srvcli:/home/rinav/ros2_ws/install/py_pubsub:/home/rinav/ros2_ws/install/mobile_robotics:/home/rinav/ros2_ws/install/launch_param_builder:/opt/ros/humble LD_LIBRARY_PATH=/home/rinav/ros2_ws/install/rviz_common/lib:/home/rinav/ros2_ws/install/rviz_rendering/lib:/home/rinav/ros2_ws/install/ur_robot_driver/lib:/home/rinav/ros2_ws/install/ur_controllers/lib:/home/rinav/ros2_ws/install/ur_dashboard_msgs/lib:/home/rinav/ros2_ws/install/turtlesim/lib:/home/rinav/ros2_ws/install/srdfdom/lib:/home/rinav/ros2_ws/install/rviz_default_plugins/lib:/home/rinav/ros2_ws/install/rviz_ogre_vendor/opt/rviz_ogre_vendor/lib:/home/rinav/ros2_ws/install/rosparam_shortcuts/lib:/home/rinav/ros2_ws/install/robotis_manipulator/lib:/home/rinav/ros2_ws/install/husky_base/lib:/home/rinav/ros2_ws/install/husky_msgs/lib:/opt/ros/humble/opt/rviz_ogre_vendor/lib:/opt/ros/humble/lib/aarch64-linux-gnu:/opt/ros/humble/lib /usr/bin/cmake --install /home/rinav/ros2_ws/build/rviz_default_plugins
[1.254s] -- Install configuration: ""
[1.254s] -- Up-to-date: /home/rinav/ros2_ws/install/rviz_default_plugins/share/rviz_default_plugins/plugins_description.xml
[1.254s] -- Up-to-date: /home/rinav/ros2_ws/install/rviz_default_plugins/share/rviz_default_plugins/environment/library_path.sh
[1.254s] -- Up-to-date: /home/rinav/ros2_ws/install/rviz_default_plugins/share/rviz_default_plugins/environment/library_path.dsv
[1.254s] -- Up-to-date: /home/rinav/ros2_ws/install/rviz_default_plugins/lib/librviz_default_plugins.so
[1.254s] -- Up-to-date: /home/rinav/ros2_ws/install/rviz_default_plugins/include/rviz_default_plugins
[1.254s] -- Up-to-date: /home/rinav/ros2_ws/install/rviz_default_plugins/include/rviz_default_plugins/rviz_default_plugins
[1.254s] -- Up-to-date: /home/rinav/ros2_ws/install/rviz_default_plugins/include/rviz_default_plugins/rviz_default_plugins/visibility_control.hpp
[1.254s] -- Up-to-date: /home/rinav/ros2_ws/install/rviz_default_plugins/include/rviz_default_plugins/rviz_default_plugins/displays
[1.254s] -- Up-to-date: /home/rinav/ros2_ws/install/rviz_default_plugins/include/rviz_default_plugins/rviz_default_plugins/displays/pose_array
[1.255s] -- Up-to-date: /home/rinav/ros2_ws/install/rviz_default_plugins/include/rviz_default_plugins/rviz_default_plugins/displays/pose_array/flat_arrows_array.hpp
[1.255s] -- Up-to-date: /home/rinav/ros2_ws/install/rviz_default_plugins/include/rviz_default_plugins/rviz_default_plugins/displays/pose_array/pose_array_display.hpp
[1.255s] -- Up-to-date: /home/rinav/ros2_ws/install/rviz_default_plugins/include/rviz_default_plugins/rviz_default_plugins/displays/marker
[1.255s] -- Up-to-date: /home/rinav/ros2_ws/install/rviz_default_plugins/include/rviz_default_plugins/rviz_default_plugins/displays/marker/markers
[1.255s] -- Up-to-date: /home/rinav/ros2_ws/install/rviz_default_plugins/include/rviz_default_plugins/rviz_default_plugins/displays/marker/markers/shape_marker.hpp
[1.255s] -- Up-to-date: /home/rinav/ros2_ws/install/rviz_default_plugins/include/rviz_default_plugins/rviz_default_plugins/displays/marker/markers/marker_selection_handler.hpp
[1.255s] -- Up-to-date: /home/rinav/ros2_ws/install/rviz_default_plugins/include/rviz_default_plugins/rviz_default_plugins/displays/marker/markers/text_view_facing_marker.hpp
[1.255s] -- Up-to-date: /home/rinav/ros2_ws/install/rviz_default_plugins/include/rviz_default_plugins/rviz_default_plugins/displays/marker/markers/points_marker.hpp
[1.255s] -- Up-to-date: /home/rinav/ros2_ws/install/rviz_default_plugins/include/rviz_default_plugins/rviz_default_plugins/displays/marker/markers/line_strip_marker.hpp
[1.255s] -- Up-to-date: /home/rinav/ros2_ws/install/rviz_default_plugins/include/rviz_default_plugins/rviz_default_plugins/displays/marker/markers/marker_base.hpp
[1.255s] -- Up-to-date: /home/rinav/ros2_ws/install/rviz_default_plugins/include/rviz_default_plugins/rviz_default_plugins/displays/marker/markers/line_marker_base.hpp
[1.255s] -- Up-to-date: /home/rinav/ros2_ws/install/rviz_default_plugins/include/rviz_default_plugins/rviz_default_plugins/displays/marker/markers/line_list_marker.hpp
[1.255s] -- Up-to-date: /home/rinav/ros2_ws/install/rviz_default_plugins/include/rviz_default_plugins/rviz_default_plugins/displays/marker/markers/marker_factory.hpp
[1.255s] -- Up-to-date: /home/rinav/ros2_ws/install/rviz_default_plugins/include/rviz_default_plugins/rviz_default_plugins/displays/marker/markers/arrow_marker.hpp
[1.256s] -- Up-to-date: /home/rinav/ros2_ws/install/rviz_default_plugins/include/rviz_default_plugins/rviz_default_plugins/displays/marker/markers/mesh_resource_marker.hpp
[1.256s] -- Up-to-date: /home/rinav/ros2_ws/install/rviz_default_plugins/include/rviz_default_plugins/rviz_default_plugins/displays/marker/markers/triangle_list_marker.hpp
[1.256s] -- Up-to-date: /home/rinav/ros2_ws/install/rviz_default_plugins/include/rviz_default_plugins/rviz_default_plugins/displays/marker/marker_common.hpp
[1.256s] -- Up-to-date: /home/rinav/ros2_ws/install/rviz_default_plugins/include/rviz_default_plugins/rviz_default_plugins/displays/marker/marker_display.hpp
[1.256s] -- Up-to-date: /home/rinav/ros2_ws/install/rviz_default_plugins/include/rviz_default_plugins/rviz_default_plugins/displays/image
[1.256s] -- Up-to-date: /home/rinav/ros2_ws/install/rviz_default_plugins/include/rviz_default_plugins/rviz_default_plugins/displays/image/ros_image_texture.hpp
[1.256s] -- Up-to-date: /home/rinav/ros2_ws/install/rviz_default_plugins/include/rviz_default_plugins/rviz_default_plugins/displays/image/image_display.hpp
[1.256s] -- Up-to-date: /home/rinav/ros2_ws/install/rviz_default_plugins/include/rviz_default_plugins/rviz_default_plugins/displays/image/image_transport_display.hpp
[1.256s] -- Up-to-date: /home/rinav/ros2_ws/install/rviz_default_plugins/include/rviz_default_plugins/rviz_default_plugins/displays/image/get_transport_from_topic.hpp
[1.256s] -- Up-to-date: /home/rinav/ros2_ws/install/rviz_default_plugins/include/rviz_default_plugins/rviz_default_plugins/displays/image/ros_image_texture_iface.hpp
[1.256s] -- Up-to-date: /home/rinav/ros2_ws/install/rviz_default_plugins/include/rviz_default_plugins/rviz_default_plugins/displays/laser_scan
[1.256s] -- Up-to-date: /home/rinav/ros2_ws/install/rviz_default_plugins/include/rviz_default_plugins/rviz_default_plugins/displays/laser_scan/laser_scan_display.hpp
[1.256s] -- Up-to-date: /home/rinav/ros2_ws/install/rviz_default_plugins/include/rviz_default_plugins/rviz_default_plugins/displays/path
[1.256s] -- Up-to-date: /home/rinav/ros2_ws/install/rviz_default_plugins/include/rviz_default_plugins/rviz_default_plugins/displays/path/path_display.hpp
[1.256s] -- Up-to-date: /home/rinav/ros2_ws/install/rviz_default_plugins/include/rviz_default_plugins/rviz_default_plugins/displays/accel
[1.257s] -- Up-to-date: /home/rinav/ros2_ws/install/rviz_default_plugins/include/rviz_default_plugins/rviz_default_plugins/displays/accel/accel_display.hpp
[1.257s] -- Up-to-date: /home/rinav/ros2_ws/install/rviz_default_plugins/include/rviz_default_plugins/rviz_default_plugins/displays/twist
[1.257s] -- Up-to-date: /home/rinav/ros2_ws/install/rviz_default_plugins/include/rviz_default_plugins/rviz_default_plugins/displays/twist/twist_display.hpp
[1.257s] -- Up-to-date: /home/rinav/ros2_ws/install/rviz_default_plugins/include/rviz_default_plugins/rviz_default_plugins/displays/illuminance
[1.257s] -- Up-to-date: /home/rinav/ros2_ws/install/rviz_default_plugins/include/rviz_default_plugins/rviz_default_plugins/displays/illuminance/illuminance_display.hpp
[1.257s] -- Up-to-date: /home/rinav/ros2_ws/install/rviz_default_plugins/include/rviz_default_plugins/rviz_default_plugins/displays/wrench
[1.257s] -- Up-to-date: /home/rinav/ros2_ws/install/rviz_default_plugins/include/rviz_default_plugins/rviz_default_plugins/displays/wrench/wrench_display.hpp
[1.257s] -- Up-to-date: /home/rinav/ros2_ws/install/rviz_default_plugins/include/rviz_default_plugins/rviz_default_plugins/displays/camera
[1.257s] -- Up-to-date: /home/rinav/ros2_ws/install/rviz_default_plugins/include/rviz_default_plugins/rviz_default_plugins/displays/camera/camera_display.hpp
[1.257s] -- Up-to-date: /home/rinav/ros2_ws/install/rviz_default_plugins/include/rviz_default_plugins/rviz_default_plugins/displays/grid_cells
[1.257s] -- Up-to-date: /home/rinav/ros2_ws/install/rviz_default_plugins/include/rviz_default_plugins/rviz_default_plugins/displays/grid_cells/grid_cells_display.hpp
[1.257s] -- Up-to-date: /home/rinav/ros2_ws/install/rviz_default_plugins/include/rviz_default_plugins/rviz_default_plugins/displays/depth_cloud
[1.257s] -- Up-to-date: /home/rinav/ros2_ws/install/rviz_default_plugins/include/rviz_default_plugins/rviz_default_plugins/displays/depth_cloud/depth_cloud_display.hpp
[1.257s] -- Up-to-date: /home/rinav/ros2_ws/install/rviz_default_plugins/include/rviz_default_plugins/rviz_default_plugins/displays/fluid_pressure
[1.257s] -- Up-to-date: /home/rinav/ros2_ws/install/rviz_default_plugins/include/rviz_default_plugins/rviz_default_plugins/displays/fluid_pressure/fluid_pressure_display.hpp
[1.258s] -- Up-to-date: /home/rinav/ros2_ws/install/rviz_default_plugins/include/rviz_default_plugins/rviz_default_plugins/displays/polygon
[1.258s] -- Up-to-date: /home/rinav/ros2_ws/install/rviz_default_plugins/include/rviz_default_plugins/rviz_default_plugins/displays/polygon/polygon_display.hpp
[1.258s] -- Up-to-date: /home/rinav/ros2_ws/install/rviz_default_plugins/include/rviz_default_plugins/rviz_default_plugins/displays/screw
[1.258s] -- Up-to-date: /home/rinav/ros2_ws/install/rviz_default_plugins/include/rviz_default_plugins/rviz_default_plugins/displays/screw/screw_display.hpp
[1.258s] -- Up-to-date: /home/rinav/ros2_ws/install/rviz_default_plugins/include/rviz_default_plugins/rviz_default_plugins/displays/pose_covariance
[1.258s] -- Up-to-date: /home/rinav/ros2_ws/install/rviz_default_plugins/include/rviz_default_plugins/rviz_default_plugins/displays/pose_covariance/pose_with_covariance_display.hpp
[1.258s] -- Up-to-date: /home/rinav/ros2_ws/install/rviz_default_plugins/include/rviz_default_plugins/rviz_default_plugins/displays/axes
[1.258s] -- Up-to-date: /home/rinav/ros2_ws/install/rviz_default_plugins/include/rviz_default_plugins/rviz_default_plugins/displays/axes/axes_display.hpp
[1.258s] -- Up-to-date: /home/rinav/ros2_ws/install/rviz_default_plugins/include/rviz_default_plugins/rviz_default_plugins/displays/point
[1.258s] -- Up-to-date: /home/rinav/ros2_ws/install/rviz_default_plugins/include/rviz_default_plugins/rviz_default_plugins/displays/point/point_stamped_display.hpp
[1.258s] -- Up-to-date: /home/rinav/ros2_ws/install/rviz_default_plugins/include/rviz_default_plugins/rviz_default_plugins/displays/temperature
[1.258s] -- Up-to-date: /home/rinav/ros2_ws/install/rviz_default_plugins/include/rviz_default_plugins/rviz_default_plugins/displays/temperature/temperature_display.hpp
[1.258s] -- Up-to-date: /home/rinav/ros2_ws/install/rviz_default_plugins/include/rviz_default_plugins/rviz_default_plugins/displays/pose
[1.258s] -- Up-to-date: /home/rinav/ros2_ws/install/rviz_default_plugins/include/rviz_default_plugins/rviz_default_plugins/displays/pose/pose_display.hpp
[1.258s] -- Up-to-date: /home/rinav/ros2_ws/install/rviz_default_plugins/include/rviz_default_plugins/rviz_default_plugins/displays/pose/pose_display_selection_handler.hpp
[1.259s] -- Up-to-date: /home/rinav/ros2_ws/install/rviz_default_plugins/include/rviz_default_plugins/rviz_default_plugins/displays/robot_model
[1.259s] -- Up-to-date: /home/rinav/ros2_ws/install/rviz_default_plugins/include/rviz_default_plugins/rviz_default_plugins/displays/robot_model/robot_model_display.hpp
[1.259s] -- Up-to-date: /home/rinav/ros2_ws/install/rviz_default_plugins/include/rviz_default_plugins/rviz_default_plugins/displays/tf
[1.259s] -- Up-to-date: /home/rinav/ros2_ws/install/rviz_default_plugins/include/rviz_default_plugins/rviz_default_plugins/displays/tf/frame_selection_handler.hpp
[1.259s] -- Up-to-date: /home/rinav/ros2_ws/install/rviz_default_plugins/include/rviz_default_plugins/rviz_default_plugins/displays/tf/tf_display.hpp
[1.259s] -- Up-to-date: /home/rinav/ros2_ws/install/rviz_default_plugins/include/rviz_default_plugins/rviz_default_plugins/displays/tf/frame_info.hpp
[1.259s] -- Up-to-date: /home/rinav/ros2_ws/install/rviz_default_plugins/include/rviz_default_plugins/rviz_default_plugins/displays/odometry
[1.259s] -- Up-to-date: /home/rinav/ros2_ws/install/rviz_default_plugins/include/rviz_default_plugins/rviz_default_plugins/displays/odometry/odometry_display.hpp
[1.259s] -- Up-to-date: /home/rinav/ros2_ws/install/rviz_default_plugins/include/rviz_default_plugins/rviz_default_plugins/displays/map
[1.259s] -- Up-to-date: /home/rinav/ros2_ws/install/rviz_default_plugins/include/rviz_default_plugins/rviz_default_plugins/displays/map/palette_builder.hpp
[1.259s] -- Up-to-date: /home/rinav/ros2_ws/install/rviz_default_plugins/include/rviz_default_plugins/rviz_default_plugins/displays/map/map_display.hpp
[1.259s] -- Up-to-date: /home/rinav/ros2_ws/install/rviz_default_plugins/include/rviz_default_plugins/rviz_default_plugins/displays/map/swatch.hpp
[1.259s] -- Up-to-date: /home/rinav/ros2_ws/install/rviz_default_plugins/include/rviz_default_plugins/rviz_default_plugins/displays/range
[1.259s] -- Up-to-date: /home/rinav/ros2_ws/install/rviz_default_plugins/include/rviz_default_plugins/rviz_default_plugins/displays/range/range_display.hpp
[1.260s] -- Up-to-date: /home/rinav/ros2_ws/install/rviz_default_plugins/include/rviz_default_plugins/rviz_default_plugins/displays/effort
[1.260s] -- Up-to-date: /home/rinav/ros2_ws/install/rviz_default_plugins/include/rviz_default_plugins/rviz_default_plugins/displays/effort/effort_display.hpp
[1.260s] -- Up-to-date: /home/rinav/ros2_ws/install/rviz_default_plugins/include/rviz_default_plugins/rviz_default_plugins/displays/grid
[1.260s] -- Up-to-date: /home/rinav/ros2_ws/install/rviz_default_plugins/include/rviz_default_plugins/rviz_default_plugins/displays/grid/grid_display.hpp
[1.260s] -- Up-to-date: /home/rinav/ros2_ws/install/rviz_default_plugins/include/rviz_default_plugins/rviz_default_plugins/displays/interactive_markers
[1.260s] -- Up-to-date: /home/rinav/ros2_ws/install/rviz_default_plugins/include/rviz_default_plugins/rviz_default_plugins/displays/interactive_markers/interactive_marker_namespace_property.hpp
[1.260s] -- Up-to-date: /home/rinav/ros2_ws/install/rviz_default_plugins/include/rviz_default_plugins/rviz_default_plugins/displays/interactive_markers/interactive_marker_display.hpp
[1.260s] -- Up-to-date: /home/rinav/ros2_ws/install/rviz_default_plugins/include/rviz_default_plugins/rviz_default_plugins/displays/interactive_markers/integer_action.hpp
[1.260s] -- Up-to-date: /home/rinav/ros2_ws/install/rviz_default_plugins/include/rviz_default_plugins/rviz_default_plugins/displays/interactive_markers/interactive_marker_control.hpp
[1.260s] -- Up-to-date: /home/rinav/ros2_ws/install/rviz_default_plugins/include/rviz_default_plugins/rviz_default_plugins/displays/interactive_markers/interactive_marker.hpp
[1.260s] -- Up-to-date: /home/rinav/ros2_ws/install/rviz_default_plugins/include/rviz_default_plugins/rviz_default_plugins/displays/marker_array
[1.260s] -- Up-to-date: /home/rinav/ros2_ws/install/rviz_default_plugins/include/rviz_default_plugins/rviz_default_plugins/displays/marker_array/marker_array_display.hpp
[1.260s] -- Up-to-date: /home/rinav/ros2_ws/install/rviz_default_plugins/include/rviz_default_plugins/rviz_default_plugins/displays/pointcloud
[1.260s] -- Up-to-date: /home/rinav/ros2_ws/install/rviz_default_plugins/include/rviz_default_plugins/rviz_default_plugins/displays/pointcloud/point_cloud2_display.hpp
[1.260s] -- Up-to-date: /home/rinav/ros2_ws/install/rviz_default_plugins/include/rviz_default_plugins/rviz_default_plugins/displays/pointcloud/point_cloud_to_point_cloud2.hpp
[1.260s] -- Up-to-date: /home/rinav/ros2_ws/install/rviz_default_plugins/include/rviz_default_plugins/rviz_default_plugins/displays/pointcloud/point_cloud_scalar_display.hpp
[1.260s] -- Up-to-date: /home/rinav/ros2_ws/install/rviz_default_plugins/include/rviz_default_plugins/rviz_default_plugins/displays/pointcloud/point_cloud_display.hpp
[1.260s] -- Up-to-date: /home/rinav/ros2_ws/install/rviz_default_plugins/include/rviz_default_plugins/rviz_default_plugins/displays/pointcloud/point_cloud_transformer_factory.hpp
[1.260s] -- Up-to-date: /home/rinav/ros2_ws/install/rviz_default_plugins/include/rviz_default_plugins/rviz_default_plugins/displays/pointcloud/point_cloud_selection_handler.hpp
[1.261s] -- Up-to-date: /home/rinav/ros2_ws/install/rviz_default_plugins/include/rviz_default_plugins/rviz_default_plugins/displays/pointcloud/transformers
[1.261s] -- Up-to-date: /home/rinav/ros2_ws/install/rviz_default_plugins/include/rviz_default_plugins/rviz_default_plugins/displays/pointcloud/transformers/axis_color_pc_transformer.hpp
[1.261s] -- Up-to-date: /home/rinav/ros2_ws/install/rviz_default_plugins/include/rviz_default_plugins/rviz_default_plugins/displays/pointcloud/transformers/flat_color_pc_transformer.hpp
[1.261s] -- Up-to-date: /home/rinav/ros2_ws/install/rviz_default_plugins/include/rviz_default_plugins/rviz_default_plugins/displays/pointcloud/transformers/xyz_pc_transformer.hpp
[1.261s] -- Up-to-date: /home/rinav/ros2_ws/install/rviz_default_plugins/include/rviz_default_plugins/rviz_default_plugins/displays/pointcloud/transformers/rgbf32_pc_transformer.hpp
[1.261s] -- Up-to-date: /home/rinav/ros2_ws/install/rviz_default_plugins/include/rviz_default_plugins/rviz_default_plugins/displays/pointcloud/transformers/rgb8_pc_transformer.hpp
[1.261s] -- Up-to-date: /home/rinav/ros2_ws/install/rviz_default_plugins/include/rviz_default_plugins/rviz_default_plugins/displays/pointcloud/transformers/intensity_pc_transformer.hpp
[1.261s] -- Up-to-date: /home/rinav/ros2_ws/install/rviz_default_plugins/include/rviz_default_plugins/rviz_default_plugins/displays/pointcloud/point_cloud_helpers.hpp
[1.261s] -- Up-to-date: /home/rinav/ros2_ws/install/rviz_default_plugins/include/rviz_default_plugins/rviz_default_plugins/displays/pointcloud/point_cloud_common.hpp
[1.261s] -- Up-to-date: /home/rinav/ros2_ws/install/rviz_default_plugins/include/rviz_default_plugins/rviz_default_plugins/displays/pointcloud/point_cloud_transformer.hpp
[1.261s] -- Up-to-date: /home/rinav/ros2_ws/install/rviz_default_plugins/include/rviz_default_plugins/rviz_default_plugins/displays/relative_humidity
[1.261s] -- Up-to-date: /home/rinav/ros2_ws/install/rviz_default_plugins/include/rviz_default_plugins/rviz_default_plugins/displays/relative_humidity/relative_humidity_display.hpp
[1.261s] -- Up-to-date: /home/rinav/ros2_ws/install/rviz_default_plugins/include/rviz_default_plugins/rviz_default_plugins/tools
[1.261s] -- Up-to-date: /home/rinav/ros2_ws/install/rviz_default_plugins/include/rviz_default_plugins/rviz_default_plugins/tools/move
[1.261s] -- Up-to-date: /home/rinav/ros2_ws/install/rviz_default_plugins/include/rviz_default_plugins/rviz_default_plugins/tools/move/move_tool.hpp
[1.261s] -- Up-to-date: /home/rinav/ros2_ws/install/rviz_default_plugins/include/rviz_default_plugins/rviz_default_plugins/tools/goal_pose
[1.261s] -- Up-to-date: /home/rinav/ros2_ws/install/rviz_default_plugins/include/rviz_default_plugins/rviz_default_plugins/tools/goal_pose/goal_tool.hpp
[1.261s] -- Up-to-date: /home/rinav/ros2_ws/install/rviz_default_plugins/include/rviz_default_plugins/rviz_default_plugins/tools/measure
[1.261s] -- Up-to-date: /home/rinav/ros2_ws/install/rviz_default_plugins/include/rviz_default_plugins/rviz_default_plugins/tools/measure/measure_tool.hpp
[1.261s] -- Up-to-date: /home/rinav/ros2_ws/install/rviz_default_plugins/include/rviz_default_plugins/rviz_default_plugins/tools/point
[1.261s] -- Up-to-date: /home/rinav/ros2_ws/install/rviz_default_plugins/include/rviz_default_plugins/rviz_default_plugins/tools/point/point_tool.hpp
[1.261s] -- Up-to-date: /home/rinav/ros2_ws/install/rviz_default_plugins/include/rviz_default_plugins/rviz_default_plugins/tools/pose_estimate
[1.261s] -- Up-to-date: /home/rinav/ros2_ws/install/rviz_default_plugins/include/rviz_default_plugins/rviz_default_plugins/tools/pose_estimate/initial_pose_tool.hpp
[1.261s] -- Up-to-date: /home/rinav/ros2_ws/install/rviz_default_plugins/include/rviz_default_plugins/rviz_default_plugins/tools/pose
[1.262s] -- Up-to-date: /home/rinav/ros2_ws/install/rviz_default_plugins/include/rviz_default_plugins/rviz_default_plugins/tools/pose/pose_tool.hpp
[1.262s] -- Up-to-date: /home/rinav/ros2_ws/install/rviz_default_plugins/include/rviz_default_plugins/rviz_default_plugins/tools/select
[1.262s] -- Up-to-date: /home/rinav/ros2_ws/install/rviz_default_plugins/include/rviz_default_plugins/rviz_default_plugins/tools/select/selection_tool.hpp
[1.262s] -- Up-to-date: /home/rinav/ros2_ws/install/rviz_default_plugins/include/rviz_default_plugins/rviz_default_plugins/tools/focus
[1.262s] -- Up-to-date: /home/rinav/ros2_ws/install/rviz_default_plugins/include/rviz_default_plugins/rviz_default_plugins/tools/focus/focus_tool.hpp
[1.262s] -- Up-to-date: /home/rinav/ros2_ws/install/rviz_default_plugins/include/rviz_default_plugins/rviz_default_plugins/tools/interaction
[1.262s] -- Up-to-date: /home/rinav/ros2_ws/install/rviz_default_plugins/include/rviz_default_plugins/rviz_default_plugins/tools/interaction/interaction_tool.hpp
[1.262s] -- Up-to-date: /home/rinav/ros2_ws/install/rviz_default_plugins/include/rviz_default_plugins/rviz_default_plugins/view_controllers
[1.262s] -- Up-to-date: /home/rinav/ros2_ws/install/rviz_default_plugins/include/rviz_default_plugins/rviz_default_plugins/view_controllers/orbit
[1.262s] -- Up-to-date: /home/rinav/ros2_ws/install/rviz_default_plugins/include/rviz_default_plugins/rviz_default_plugins/view_controllers/orbit/orbit_view_controller.hpp
[1.262s] -- Up-to-date: /home/rinav/ros2_ws/install/rviz_default_plugins/include/rviz_default_plugins/rviz_default_plugins/view_controllers/frame
[1.262s] -- Up-to-date: /home/rinav/ros2_ws/install/rviz_default_plugins/include/rviz_default_plugins/rviz_default_plugins/view_controllers/frame/frame_view_controller.hpp
[1.262s] -- Up-to-date: /home/rinav/ros2_ws/install/rviz_default_plugins/include/rviz_default_plugins/rviz_default_plugins/view_controllers/follower
[1.262s] -- Up-to-date: /home/rinav/ros2_ws/install/rviz_default_plugins/include/rviz_default_plugins/rviz_default_plugins/view_controllers/follower/third_person_follower_view_controller.hpp
[1.262s] -- Up-to-date: /home/rinav/ros2_ws/install/rviz_default_plugins/include/rviz_default_plugins/rviz_default_plugins/view_controllers/ortho
[1.262s] -- Up-to-date: /home/rinav/ros2_ws/install/rviz_default_plugins/include/rviz_default_plugins/rviz_default_plugins/view_controllers/ortho/fixed_orientation_ortho_view_controller.hpp
[1.262s] -- Up-to-date: /home/rinav/ros2_ws/install/rviz_default_plugins/include/rviz_default_plugins/rviz_default_plugins/view_controllers/xy_orbit
[1.262s] -- Up-to-date: /home/rinav/ros2_ws/install/rviz_default_plugins/include/rviz_default_plugins/rviz_default_plugins/view_controllers/xy_orbit/xy_orbit_view_controller.hpp
[1.262s] -- Up-to-date: /home/rinav/ros2_ws/install/rviz_default_plugins/include/rviz_default_plugins/rviz_default_plugins/view_controllers/fps
[1.262s] -- Up-to-date: /home/rinav/ros2_ws/install/rviz_default_plugins/include/rviz_default_plugins/rviz_default_plugins/view_controllers/fps/fps_view_controller.hpp
[1.262s] -- Up-to-date: /home/rinav/ros2_ws/install/rviz_default_plugins/include/rviz_default_plugins/rviz_default_plugins/robot
[1.262s] -- Up-to-date: /home/rinav/ros2_ws/install/rviz_default_plugins/include/rviz_default_plugins/rviz_default_plugins/robot/robot_joint.hpp
[1.262s] -- Up-to-date: /home/rinav/ros2_ws/install/rviz_default_plugins/include/rviz_default_plugins/rviz_default_plugins/robot/link_updater.hpp
[1.262s] -- Up-to-date: /home/rinav/ros2_ws/install/rviz_default_plugins/include/rviz_default_plugins/rviz_default_plugins/robot/robot_element_base_class.hpp
[1.262s] -- Up-to-date: /home/rinav/ros2_ws/install/rviz_default_plugins/include/rviz_default_plugins/rviz_default_plugins/robot/tf_link_updater.hpp
[1.262s] -- Up-to-date: /home/rinav/ros2_ws/install/rviz_default_plugins/include/rviz_default_plugins/rviz_default_plugins/robot/robot_link.hpp
[1.263s] -- Up-to-date: /home/rinav/ros2_ws/install/rviz_default_plugins/include/rviz_default_plugins/rviz_default_plugins/robot/robot.hpp
[1.263s] -- Up-to-date: /home/rinav/ros2_ws/install/rviz_default_plugins/include/rviz_default_plugins/rviz_default_plugins/transformation
[1.263s] -- Up-to-date: /home/rinav/ros2_ws/install/rviz_default_plugins/include/rviz_default_plugins/rviz_default_plugins/transformation/transformer_guard.hpp
[1.263s] -- Up-to-date: /home/rinav/ros2_ws/install/rviz_default_plugins/include/rviz_default_plugins/rviz_default_plugins/transformation/tf_frame_transformer.hpp
[1.263s] -- Up-to-date: /home/rinav/ros2_ws/install/rviz_default_plugins/include/rviz_default_plugins/rviz_default_plugins/transformation/tf_wrapper.hpp
[1.263s] -- Up-to-date: /home/rinav/ros2_ws/install/rviz_default_plugins/share/rviz_default_plugins/icons
[1.264s] -- Up-to-date: /home/rinav/ros2_ws/install/rviz_default_plugins/share/rviz_default_plugins/icons/classes
[1.264s] -- Up-to-date: /home/rinav/ros2_ws/install/rviz_default_plugins/share/rviz_default_plugins/icons/classes/PoseArray.png
[1.264s] -- Up-to-date: /home/rinav/ros2_ws/install/rviz_default_plugins/share/rviz_default_plugins/icons/classes/Temperature.png
[1.265s] -- Up-to-date: /home/rinav/ros2_ws/install/rviz_default_plugins/share/rviz_default_plugins/icons/classes/RobotLinkNoGeom.png
[1.265s] -- Up-to-date: /home/rinav/ros2_ws/install/rviz_default_plugins/share/rviz_default_plugins/icons/classes/RobotLink.png
[1.265s] -- Up-to-date: /home/rinav/ros2_ws/install/rviz_default_plugins/share/rviz_default_plugins/icons/classes/PointCloud.png
[1.265s] -- Up-to-date: /home/rinav/ros2_ws/install/rviz_default_plugins/share/rviz_default_plugins/icons/classes/Illuminance.png
[1.265s] -- Up-to-date: /home/rinav/ros2_ws/install/rviz_default_plugins/share/rviz_default_plugins/icons/classes/LaserScan.png
[1.265s] -- Up-to-date: /home/rinav/ros2_ws/install/rviz_default_plugins/share/rviz_default_plugins/icons/classes/Wrench.png
[1.265s] -- Up-to-date: /home/rinav/ros2_ws/install/rviz_default_plugins/share/rviz_default_plugins/icons/classes/PoseWithCovariance.png
[1.265s] -- Up-to-date: /home/rinav/ros2_ws/install/rviz_default_plugins/share/rviz_default_plugins/icons/classes/Pose.png
[1.266s] -- Up-to-date: /home/rinav/ros2_ws/install/rviz_default_plugins/share/rviz_default_plugins/icons/classes/RobotJoint.png
[1.266s] -- Up-to-date: /home/rinav/ros2_ws/install/rviz_default_plugins/share/rviz_default_plugins/icons/classes/Odometry.png
[1.266s] -- Up-to-date: /home/rinav/ros2_ws/install/rviz_default_plugins/share/rviz_default_plugins/icons/classes/Grid.png
[1.266s] -- Up-to-date: /home/rinav/ros2_ws/install/rviz_default_plugins/share/rviz_default_plugins/icons/classes/SetGoal.png
[1.266s] -- Up-to-date: /home/rinav/ros2_ws/install/rviz_default_plugins/share/rviz_default_plugins/icons/classes/Camera.png
[1.266s] -- Up-to-date: /home/rinav/ros2_ws/install/rviz_default_plugins/share/rviz_default_plugins/icons/classes/Select.png
[1.266s] -- Up-to-date: /home/rinav/ros2_ws/install/rviz_default_plugins/share/rviz_default_plugins/icons/classes/Map.png
[1.266s] -- Up-to-date: /home/rinav/ros2_ws/install/rviz_default_plugins/share/rviz_default_plugins/icons/classes/Path.png
[1.266s] -- Up-to-date: /home/rinav/ros2_ws/install/rviz_default_plugins/share/rviz_default_plugins/icons/classes/AccelStamped.png
[1.266s] -- Up-to-date: /home/rinav/ros2_ws/install/rviz_default_plugins/share/rviz_default_plugins/icons/classes/DepthCloud.png
[1.266s] -- Up-to-date: /home/rinav/ros2_ws/install/rviz_default_plugins/share/rviz_default_plugins/icons/classes/TF.png
[1.266s] -- Up-to-date: /home/rinav/ros2_ws/install/rviz_default_plugins/share/rviz_default_plugins/icons/classes/PointStamped.png
[1.267s] -- Up-to-date: /home/rinav/ros2_ws/install/rviz_default_plugins/share/rviz_default_plugins/icons/classes/Effort.png
[1.267s] -- Up-to-date: /home/rinav/ros2_ws/install/rviz_default_plugins/share/rviz_default_plugins/icons/classes/PointCloud2.png
[1.267s] -- Up-to-date: /home/rinav/ros2_ws/install/rviz_default_plugins/share/rviz_default_plugins/icons/classes/Axes.png
[1.267s] -- Up-to-date: /home/rinav/ros2_ws/install/rviz_default_plugins/share/rviz_default_plugins/icons/classes/Interact.png
[1.267s] -- Up-to-date: /home/rinav/ros2_ws/install/rviz_default_plugins/share/rviz_default_plugins/icons/classes/Range.png
[1.267s] -- Up-to-date: /home/rinav/ros2_ws/install/rviz_default_plugins/share/rviz_default_plugins/icons/classes/TwistStamped.png
[1.267s] -- Up-to-date: /home/rinav/ros2_ws/install/rviz_default_plugins/share/rviz_default_plugins/icons/classes/MarkerArray.png
[1.267s] -- Up-to-date: /home/rinav/ros2_ws/install/rviz_default_plugins/share/rviz_default_plugins/icons/classes/RelativeHumidity.png
[1.267s] -- Up-to-date: /home/rinav/ros2_ws/install/rviz_default_plugins/share/rviz_default_plugins/icons/classes/SetInitialPose.png
[1.267s] -- Up-to-date: /home/rinav/ros2_ws/install/rviz_default_plugins/share/rviz_default_plugins/icons/classes/RobotModel.png
[1.268s] -- Up-to-date: /home/rinav/ros2_ws/install/rviz_default_plugins/share/rviz_default_plugins/icons/classes/Image.png
[1.268s] -- Up-to-date: /home/rinav/ros2_ws/install/rviz_default_plugins/share/rviz_default_plugins/icons/classes/FluidPressure.png
[1.268s] -- Up-to-date: /home/rinav/ros2_ws/install/rviz_default_plugins/share/rviz_default_plugins/icons/classes/InteractiveMarkers.png
[1.268s] -- Up-to-date: /home/rinav/ros2_ws/install/rviz_default_plugins/share/rviz_default_plugins/icons/classes/Measure.svg
[1.268s] -- Up-to-date: /home/rinav/ros2_ws/install/rviz_default_plugins/share/rviz_default_plugins/icons/classes/src
[1.268s] -- Up-to-date: /home/rinav/ros2_ws/install/rviz_default_plugins/share/rviz_default_plugins/icons/classes/src/RobotModel.xcf
[1.268s] -- Up-to-date: /home/rinav/ros2_ws/install/rviz_default_plugins/share/rviz_default_plugins/icons/classes/src/Arrow.xcf
[1.268s] -- Up-to-date: /home/rinav/ros2_ws/install/rviz_default_plugins/share/rviz_default_plugins/icons/classes/src/Poly.xcf
[1.268s] -- Up-to-date: /home/rinav/ros2_ws/install/rviz_default_plugins/share/rviz_default_plugins/icons/classes/src/TF.xcf
[1.268s] -- Up-to-date: /home/rinav/ros2_ws/install/rviz_default_plugins/share/rviz_default_plugins/icons/classes/src/MarkerArray.xcf
[1.268s] -- Up-to-date: /home/rinav/ros2_ws/install/rviz_default_plugins/share/rviz_default_plugins/icons/classes/src/Map.xcf
[1.268s] -- Up-to-date: /home/rinav/ros2_ws/install/rviz_default_plugins/share/rviz_default_plugins/icons/classes/src/Axes.xcf
[1.268s] -- Up-to-date: /home/rinav/ros2_ws/install/rviz_default_plugins/share/rviz_default_plugins/icons/classes/src/Polygon.xcf
[1.268s] -- Up-to-date: /home/rinav/ros2_ws/install/rviz_default_plugins/share/rviz_default_plugins/icons/classes/src/PoseArray.xcf
[1.268s] -- Up-to-date: /home/rinav/ros2_ws/install/rviz_default_plugins/share/rviz_default_plugins/icons/classes/src/Range.xcf
[1.268s] -- Up-to-date: /home/rinav/ros2_ws/install/rviz_default_plugins/share/rviz_default_plugins/icons/classes/src/InteractiveMarker.xcf
[1.268s] -- Up-to-date: /home/rinav/ros2_ws/install/rviz_default_plugins/share/rviz_default_plugins/icons/classes/src/GridCells.xcf
[1.269s] -- Up-to-date: /home/rinav/ros2_ws/install/rviz_default_plugins/share/rviz_default_plugins/icons/classes/GridCells.png
[1.269s] -- Up-to-date: /home/rinav/ros2_ws/install/rviz_default_plugins/share/rviz_default_plugins/icons/classes/MoveCamera.png
[1.269s] -- Up-to-date: /home/rinav/ros2_ws/install/rviz_default_plugins/share/rviz_default_plugins/icons/classes/Marker.png
[1.269s] -- Up-to-date: /home/rinav/ros2_ws/install/rviz_default_plugins/share/rviz_default_plugins/icons/classes/PublishPoint.svg
[1.269s] -- Up-to-date: /home/rinav/ros2_ws/install/rviz_default_plugins/share/rviz_default_plugins/icons/classes/FocusCamera.svg
[1.269s] -- Up-to-date: /home/rinav/ros2_ws/install/rviz_default_plugins/share/rviz_default_plugins/icons/classes/Polygon.png
[1.269s] -- Up-to-date: /home/rinav/ros2_ws/install/rviz_default_plugins/share/rviz_default_plugins/icons/visibility.svg
[1.269s] -- Up-to-date: /home/rinav/ros2_ws/install/rviz_default_plugins/share/rviz_default_plugins/test_meshes
[1.269s] -- Up-to-date: /home/rinav/ros2_ws/install/rviz_default_plugins/share/rviz_default_plugins/test_meshes/pr2-base.dae
[1.269s] -- Up-to-date: /home/rinav/ros2_ws/install/rviz_default_plugins/share/rviz_default_plugins/test_meshes/base_normals.png
[1.269s] -- Up-to-date: /home/rinav/ros2_ws/install/rviz_default_plugins/share/rviz_default_plugins/test_meshes/base_color.png
[1.269s] -- Up-to-date: /home/rinav/ros2_ws/install/rviz_default_plugins/share/rviz_default_plugins/test_meshes/test.urdf
[1.269s] -- Up-to-date: /home/rinav/ros2_ws/install/rviz_default_plugins/share/rviz_default_plugins/test_meshes/pr2-base_large.dae
[1.269s] -- Up-to-date: /home/rinav/ros2_ws/install/rviz_default_plugins/share/ament_index/resource_index/package_run_dependencies/rviz_default_plugins
[1.269s] -- Up-to-date: /home/rinav/ros2_ws/install/rviz_default_plugins/share/ament_index/resource_index/parent_prefix_path/rviz_default_plugins
[1.269s] -- Up-to-date: /home/rinav/ros2_ws/install/rviz_default_plugins/share/rviz_default_plugins/environment/ament_prefix_path.sh
[1.269s] -- Up-to-date: /home/rinav/ros2_ws/install/rviz_default_plugins/share/rviz_default_plugins/environment/ament_prefix_path.dsv
[1.269s] -- Up-to-date: /home/rinav/ros2_ws/install/rviz_default_plugins/share/rviz_default_plugins/environment/path.sh
[1.270s] -- Up-to-date: /home/rinav/ros2_ws/install/rviz_default_plugins/share/rviz_default_plugins/environment/path.dsv
[1.270s] -- Up-to-date: /home/rinav/ros2_ws/install/rviz_default_plugins/share/rviz_default_plugins/local_setup.bash
[1.270s] -- Up-to-date: /home/rinav/ros2_ws/install/rviz_default_plugins/share/rviz_default_plugins/local_setup.sh
[1.270s] -- Up-to-date: /home/rinav/ros2_ws/install/rviz_default_plugins/share/rviz_default_plugins/local_setup.zsh
[1.270s] -- Up-to-date: /home/rinav/ros2_ws/install/rviz_default_plugins/share/rviz_default_plugins/local_setup.dsv
[1.270s] -- Installing: /home/rinav/ros2_ws/install/rviz_default_plugins/share/rviz_default_plugins/package.dsv
[1.270s] -- Up-to-date: /home/rinav/ros2_ws/install/rviz_default_plugins/share/ament_index/resource_index/packages/rviz_default_plugins
[1.270s] -- Up-to-date: /home/rinav/ros2_ws/install/rviz_default_plugins/share/ament_index/resource_index/rviz_common__pluginlib__plugin/rviz_default_plugins
[1.270s] -- Up-to-date: /home/rinav/ros2_ws/install/rviz_default_plugins/share/rviz_default_plugins/cmake/rviz_default_pluginsExport.cmake
[1.270s] -- Up-to-date: /home/rinav/ros2_ws/install/rviz_default_plugins/share/rviz_default_plugins/cmake/rviz_default_pluginsExport-noconfig.cmake
[1.270s] -- Up-to-date: /home/rinav/ros2_ws/install/rviz_default_plugins/share/rviz_default_plugins/cmake/rviz_default_plugins-extras.cmake
[1.270s] -- Up-to-date: /home/rinav/ros2_ws/install/rviz_default_plugins/share/rviz_default_plugins/cmake/ament_cmake_export_include_directories-extras.cmake
[1.270s] -- Up-to-date: /home/rinav/ros2_ws/install/rviz_default_plugins/share/rviz_default_plugins/cmake/ament_cmake_export_targets-extras.cmake
[1.270s] -- Up-to-date: /home/rinav/ros2_ws/install/rviz_default_plugins/share/rviz_default_plugins/cmake/ament_cmake_export_dependencies-extras.cmake
[1.270s] -- Up-to-date: /home/rinav/ros2_ws/install/rviz_default_plugins/share/rviz_default_plugins/cmake/rviz_default_pluginsConfig.cmake
[1.271s] -- Up-to-date: /home/rinav/ros2_ws/install/rviz_default_plugins/share/rviz_default_plugins/cmake/rviz_default_pluginsConfig-version.cmake
[1.271s] -- Up-to-date: /home/rinav/ros2_ws/install/rviz_default_plugins/share/rviz_default_plugins/package.xml
[1.271s] Invoked command in '/home/rinav/ros2_ws/build/rviz_default_plugins' returned '0': CMAKE_PREFIX_PATH=/home/rinav/ros2_ws/install/rviz_visual_testing_framework:/home/rinav/ros2_ws/install/rviz_rendering_tests:/home/rinav/ros2_ws/install/rviz_common:/home/rinav/ros2_ws/install/rviz_rendering:/home/rinav/ros2_ws/install/rviz_ogre_vendor:/home/rinav/ros2_ws/install/rviz_assimp_vendor:/home/rinav/ros2_ws/install/ur:/home/rinav/ros2_ws/install/ur_calibration:/home/rinav/ros2_ws/install/ur_robot_driver:/home/rinav/ros2_ws/install/ur_moveit_config:/home/rinav/ros2_ws/install/ur_bringup:/home/rinav/ros2_ws/install/ur_description:/home/rinav/ros2_ws/install/ur_controllers:/home/rinav/ros2_ws/install/ur_dashboard_msgs:/home/rinav/ros2_ws/install/turtlesim:/home/rinav/ros2_ws/install/srdfdom:/home/rinav/ros2_ws/install/husky_desktop:/home/rinav/ros2_ws/install/husky_viz:/home/rinav/ros2_ws/install/husky_ur3_moveit_config:/home/rinav/ros2_ws/install/rviz2:/home/rinav/ros2_ws/install/rviz_default_plugins:/home/rinav/ros2_ws/install/rosparam_shortcuts:/home/rinav/ros2_ws/install/robotis_manipulator:/home/rinav/ros2_ws/install/husky_ur3_ignition:/home/rinav/ros2_ws/install/husky_simulator:/home/rinav/ros2_ws/install/husky_robot:/home/rinav/ros2_ws/install/husky_bringup:/home/rinav/ros2_ws/install/husky_base:/home/rinav/ros2_ws/install/husky_msgs:/home/rinav/ros2_ws/install/husky_gazebo:/home/rinav/ros2_ws/install/husky_control:/home/rinav/ros2_ws/install/husky_description:/home/rinav/ros2_ws/install/trial_package:/home/rinav/ros2_ws/install/py_srvcli:/home/rinav/ros2_ws/install/py_pubsub:/home/rinav/ros2_ws/install/mobile_robotics:/home/rinav/ros2_ws/install/launch_param_builder:/opt/ros/humble LD_LIBRARY_PATH=/home/rinav/ros2_ws/install/rviz_common/lib:/home/rinav/ros2_ws/install/rviz_rendering/lib:/home/rinav/ros2_ws/install/ur_robot_driver/lib:/home/rinav/ros2_ws/install/ur_controllers/lib:/home/rinav/ros2_ws/install/ur_dashboard_msgs/lib:/home/rinav/ros2_ws/install/turtlesim/lib:/home/rinav/ros2_ws/install/srdfdom/lib:/home/rinav/ros2_ws/install/rviz_default_plugins/lib:/home/rinav/ros2_ws/install/rviz_ogre_vendor/opt/rviz_ogre_vendor/lib:/home/rinav/ros2_ws/install/rosparam_shortcuts/lib:/home/rinav/ros2_ws/install/robotis_manipulator/lib:/home/rinav/ros2_ws/install/husky_base/lib:/home/rinav/ros2_ws/install/husky_msgs/lib:/opt/ros/humble/opt/rviz_ogre_vendor/lib:/opt/ros/humble/lib/aarch64-linux-gnu:/opt/ros/humble/lib /usr/bin/cmake --install /home/rinav/ros2_ws/build/rviz_default_plugins
