[0.038s] Invoking command in '/home/rinav/ros2_ws/build/rviz_assimp_vendor': CMAKE_PREFIX_PATH=${CMAKE_PREFIX_PATH}:/home/rinav/ros2_ws/install/trial_package:/home/rinav/ros2_ws/install/py_srvcli:/home/rinav/ros2_ws/install/py_pubsub:/home/rinav/ros2_ws/install/mobile_robotics:/opt/ros/humble /usr/bin/cmake /home/rinav/ros2_ws/src/rviz/rviz_assimp_vendor -DCMAKE_INSTALL_PREFIX=/home/rinav/ros2_ws/install/rviz_assimp_vendor
[0.342s] -- The C compiler identification is GNU 11.4.0
[0.342s] -- The CXX compiler identification is GNU 11.4.0
[0.342s] -- Detecting C compiler ABI info
[0.342s] -- Detecting C compiler ABI info - done
[0.342s] -- Check for working C compiler: /usr/bin/cc - skipped
[0.342s] -- Detecting C compile features
[0.343s] -- Detecting C compile features - done
[0.343s] -- Detecting CXX compiler ABI info
[0.357s] -- Detecting CXX compiler ABI info - done
[0.364s] -- Check for working CXX compiler: /usr/bin/c++ - skipped
[0.364s] -- Detecting CXX compile features
[0.365s] -- Detecting CXX compile features - done
[0.369s] -- Found ament_cmake: 1.3.12 (/opt/ros/humble/share/ament_cmake/cmake)
[0.504s] -- Found Python3: /usr/bin/python3 (found version "3.10.12") found components: Interpreter 
[0.647s] -- Found ament_lint_auto: 0.12.14 (/opt/ros/humble/share/ament_lint_auto/cmake)
[0.713s] -- Added test 'lint_cmake' to check CMake code style
[0.714s] -- Added test 'xmllint' to check XML markup files
[0.716s] -- Configuring done
[0.718s] -- Generating done
[0.725s] -- Build files have been written to: /home/rinav/ros2_ws/build/rviz_assimp_vendor
[0.956s] Invoked command in '/home/rinav/ros2_ws/build/rviz_assimp_vendor' returned '0': CMAKE_PREFIX_PATH=${CMAKE_PREFIX_PATH}:/home/rinav/ros2_ws/install/trial_package:/home/rinav/ros2_ws/install/py_srvcli:/home/rinav/ros2_ws/install/py_pubsub:/home/rinav/ros2_ws/install/mobile_robotics:/opt/ros/humble /usr/bin/cmake /home/rinav/ros2_ws/src/rviz/rviz_assimp_vendor -DCMAKE_INSTALL_PREFIX=/home/rinav/ros2_ws/install/rviz_assimp_vendor
[0.957s] Invoking command in '/home/rinav/ros2_ws/build/rviz_assimp_vendor': CMAKE_PREFIX_PATH=${CMAKE_PREFIX_PATH}:/home/rinav/ros2_ws/install/trial_package:/home/rinav/ros2_ws/install/py_srvcli:/home/rinav/ros2_ws/install/py_pubsub:/home/rinav/ros2_ws/install/mobile_robotics:/opt/ros/humble /usr/bin/cmake --build /home/rinav/ros2_ws/build/rviz_assimp_vendor -- -j8 -l8
[0.998s] Invoked command in '/home/rinav/ros2_ws/build/rviz_assimp_vendor' returned '0': CMAKE_PREFIX_PATH=${CMAKE_PREFIX_PATH}:/home/rinav/ros2_ws/install/trial_package:/home/rinav/ros2_ws/install/py_srvcli:/home/rinav/ros2_ws/install/py_pubsub:/home/rinav/ros2_ws/install/mobile_robotics:/opt/ros/humble /usr/bin/cmake --build /home/rinav/ros2_ws/build/rviz_assimp_vendor -- -j8 -l8
[1.000s] Invoking command in '/home/rinav/ros2_ws/build/rviz_assimp_vendor': CMAKE_PREFIX_PATH=${CMAKE_PREFIX_PATH}:/home/rinav/ros2_ws/install/trial_package:/home/rinav/ros2_ws/install/py_srvcli:/home/rinav/ros2_ws/install/py_pubsub:/home/rinav/ros2_ws/install/mobile_robotics:/opt/ros/humble /usr/bin/cmake --install /home/rinav/ros2_ws/build/rviz_assimp_vendor
[1.004s] -- Install configuration: ""
[1.004s] -- Installing: /home/rinav/ros2_ws/install/rviz_assimp_vendor/share/ament_index/resource_index/package_run_dependencies/rviz_assimp_vendor
[1.005s] -- Installing: /home/rinav/ros2_ws/install/rviz_assimp_vendor/share/ament_index/resource_index/parent_prefix_path/rviz_assimp_vendor
[1.005s] -- Installing: /home/rinav/ros2_ws/install/rviz_assimp_vendor/share/rviz_assimp_vendor/environment/ament_prefix_path.sh
[1.005s] -- Installing: /home/rinav/ros2_ws/install/rviz_assimp_vendor/share/rviz_assimp_vendor/environment/ament_prefix_path.dsv
[1.005s] -- Installing: /home/rinav/ros2_ws/install/rviz_assimp_vendor/share/rviz_assimp_vendor/environment/path.sh
[1.005s] -- Installing: /home/rinav/ros2_ws/install/rviz_assimp_vendor/share/rviz_assimp_vendor/environment/path.dsv
[1.005s] -- Installing: /home/rinav/ros2_ws/install/rviz_assimp_vendor/share/rviz_assimp_vendor/local_setup.bash
[1.006s] -- Installing: /home/rinav/ros2_ws/install/rviz_assimp_vendor/share/rviz_assimp_vendor/local_setup.sh
[1.006s] -- Installing: /home/rinav/ros2_ws/install/rviz_assimp_vendor/share/rviz_assimp_vendor/local_setup.zsh
[1.006s] -- Installing: /home/rinav/ros2_ws/install/rviz_assimp_vendor/share/rviz_assimp_vendor/local_setup.dsv
[1.006s] -- Installing: /home/rinav/ros2_ws/install/rviz_assimp_vendor/share/rviz_assimp_vendor/package.dsv
[1.006s] -- Installing: /home/rinav/ros2_ws/install/rviz_assimp_vendor/share/ament_index/resource_index/packages/rviz_assimp_vendor
[1.006s] -- Installing: /home/rinav/ros2_ws/install/rviz_assimp_vendor/share/rviz_assimp_vendor/cmake/rviz_assimp_vendor-extras.cmake
[1.006s] -- Installing: /home/rinav/ros2_ws/install/rviz_assimp_vendor/share/rviz_assimp_vendor/cmake/rviz_assimp_vendorConfig.cmake
[1.006s] -- Installing: /home/rinav/ros2_ws/install/rviz_assimp_vendor/share/rviz_assimp_vendor/cmake/rviz_assimp_vendorConfig-version.cmake
[1.007s] -- Installing: /home/rinav/ros2_ws/install/rviz_assimp_vendor/share/rviz_assimp_vendor/package.xml
[1.008s] Invoked command in '/home/rinav/ros2_ws/build/rviz_assimp_vendor' returned '0': CMAKE_PREFIX_PATH=${CMAKE_PREFIX_PATH}:/home/rinav/ros2_ws/install/trial_package:/home/rinav/ros2_ws/install/py_srvcli:/home/rinav/ros2_ws/install/py_pubsub:/home/rinav/ros2_ws/install/mobile_robotics:/opt/ros/humble /usr/bin/cmake --install /home/rinav/ros2_ws/build/rviz_assimp_vendor
