[0.953s] Invoking command in '/home/rinav/ros2_ws/src/py_pubsub': PYTHONPATH=/home/rinav/ros2_ws/build/py_pubsub/prefix_override:/usr/lib/python3/dist-packages/colcon_core/task/python/colcon_distutils_commands:/home/rinav/ros2_ws/install/py_pubsub/lib/python3.10/site-packages:${PYTHONPATH} /usr/bin/python3 -W ignore:setup.py install is deprecated -W ignore:easy_install command is deprecated setup.py egg_info --egg-base ../../build/py_pubsub build --build-base /home/rinav/ros2_ws/build/py_pubsub/build install --record /home/rinav/ros2_ws/build/py_pubsub/install.log --single-version-externally-managed install_data
[1.162s] running egg_info
[1.163s] creating ../../build/py_pubsub/py_pubsub.egg-info
[1.163s] writing ../../build/py_pubsub/py_pubsub.egg-info/PKG-INFO
[1.163s] writing dependency_links to ../../build/py_pubsub/py_pubsub.egg-info/dependency_links.txt
[1.163s] writing entry points to ../../build/py_pubsub/py_pubsub.egg-info/entry_points.txt
[1.163s] writing requirements to ../../build/py_pubsub/py_pubsub.egg-info/requires.txt
[1.163s] writing top-level names to ../../build/py_pubsub/py_pubsub.egg-info/top_level.txt
[1.163s] writing manifest file '../../build/py_pubsub/py_pubsub.egg-info/SOURCES.txt'
[1.164s] reading manifest file '../../build/py_pubsub/py_pubsub.egg-info/SOURCES.txt'
[1.165s] writing manifest file '../../build/py_pubsub/py_pubsub.egg-info/SOURCES.txt'
[1.165s] running build
[1.165s] running build_py
[1.165s] creating /home/rinav/ros2_ws/build/py_pubsub/build
[1.165s] creating /home/rinav/ros2_ws/build/py_pubsub/build/lib
[1.165s] creating /home/rinav/ros2_ws/build/py_pubsub/build/lib/py_pubsub
[1.165s] copying py_pubsub/subscriber_member_function.py -> /home/rinav/ros2_ws/build/py_pubsub/build/lib/py_pubsub
[1.165s] copying py_pubsub/publisher_member_function.py -> /home/rinav/ros2_ws/build/py_pubsub/build/lib/py_pubsub
[1.166s] copying py_pubsub/__init__.py -> /home/rinav/ros2_ws/build/py_pubsub/build/lib/py_pubsub
[1.166s] running install
[1.166s] running install_lib
[1.167s] creating /home/rinav/ros2_ws/install/py_pubsub/lib/python3.10/site-packages/py_pubsub
[1.167s] copying /home/rinav/ros2_ws/build/py_pubsub/build/lib/py_pubsub/subscriber_member_function.py -> /home/rinav/ros2_ws/install/py_pubsub/lib/python3.10/site-packages/py_pubsub
[1.167s] copying /home/rinav/ros2_ws/build/py_pubsub/build/lib/py_pubsub/publisher_member_function.py -> /home/rinav/ros2_ws/install/py_pubsub/lib/python3.10/site-packages/py_pubsub
[1.167s] copying /home/rinav/ros2_ws/build/py_pubsub/build/lib/py_pubsub/__init__.py -> /home/rinav/ros2_ws/install/py_pubsub/lib/python3.10/site-packages/py_pubsub
[1.167s] byte-compiling /home/rinav/ros2_ws/install/py_pubsub/lib/python3.10/site-packages/py_pubsub/subscriber_member_function.py to subscriber_member_function.cpython-310.pyc
[1.168s] byte-compiling /home/rinav/ros2_ws/install/py_pubsub/lib/python3.10/site-packages/py_pubsub/publisher_member_function.py to publisher_member_function.cpython-310.pyc
[1.168s] byte-compiling /home/rinav/ros2_ws/install/py_pubsub/lib/python3.10/site-packages/py_pubsub/__init__.py to __init__.cpython-310.pyc
[1.168s] running install_data
[1.168s] creating /home/rinav/ros2_ws/install/py_pubsub/share/ament_index
[1.168s] creating /home/rinav/ros2_ws/install/py_pubsub/share/ament_index/resource_index
[1.168s] creating /home/rinav/ros2_ws/install/py_pubsub/share/ament_index/resource_index/packages
[1.168s] copying resource/py_pubsub -> /home/rinav/ros2_ws/install/py_pubsub/share/ament_index/resource_index/packages
[1.168s] copying package.xml -> /home/rinav/ros2_ws/install/py_pubsub/share/py_pubsub
[1.168s] running install_egg_info
[1.169s] Copying ../../build/py_pubsub/py_pubsub.egg-info to /home/rinav/ros2_ws/install/py_pubsub/lib/python3.10/site-packages/py_pubsub-0.0.0-py3.10.egg-info
[1.170s] running install_scripts
[1.184s] Installing listener script to /home/rinav/ros2_ws/install/py_pubsub/lib/py_pubsub
[1.184s] Installing talker script to /home/rinav/ros2_ws/install/py_pubsub/lib/py_pubsub
[1.184s] writing list of installed files to '/home/rinav/ros2_ws/build/py_pubsub/install.log'
[1.225s] Invoked command in '/home/rinav/ros2_ws/src/py_pubsub' returned '0': PYTHONPATH=/home/rinav/ros2_ws/build/py_pubsub/prefix_override:/usr/lib/python3/dist-packages/colcon_core/task/python/colcon_distutils_commands:/home/rinav/ros2_ws/install/py_pubsub/lib/python3.10/site-packages:${PYTHONPATH} /usr/bin/python3 -W ignore:setup.py install is deprecated -W ignore:easy_install command is deprecated setup.py egg_info --egg-base ../../build/py_pubsub build --build-base /home/rinav/ros2_ws/build/py_pubsub/build install --record /home/rinav/ros2_ws/build/py_pubsub/install.log --single-version-externally-managed install_data
