[0.006s] Invoking command in '/home/rinav/ros2_ws/build/husky_bringup': AMENT_PREFIX_PATH=/home/rinav/ros2_ws/install/husky_control:/home/rinav/ros2_ws/install/husky_base:/home/rinav/ros2_ws/install/husky_msgs:/home/rinav/ros2_ws/install/husky_description:${AMENT_PREFIX_PATH} CMAKE_PREFIX_PATH=/home/rinav/ros2_ws/install/husky_control:/home/rinav/ros2_ws/install/husky_base:/home/rinav/ros2_ws/install/husky_msgs:/home/rinav/ros2_ws/install/husky_description:/opt/ros/humble LD_LIBRARY_PATH=/home/rinav/ros2_ws/install/husky_base/lib:/home/rinav/ros2_ws/install/husky_msgs/lib:${LD_LIBRARY_PATH} PYTHONPATH=/home/rinav/ros2_ws/install/husky_msgs/local/lib/python3.10/dist-packages:${PYTHONPATH} /usr/bin/cmake /home/rinav/ros2_ws/src/husky/husky_bringup -DAMENT_CMAKE_SYMLINK_INSTALL=1 -DCMAKE_INSTALL_PREFIX=/home/rinav/ros2_ws/install/husky_bringup
[0.039s] -- The C compiler identification is GNU 11.4.0
[0.071s] -- The CXX compiler identification is GNU 11.4.0
[0.075s] -- Detecting C compiler ABI info
[0.110s] -- Detecting C compiler ABI info - done
[0.115s] -- Check for working C compiler: /usr/bin/cc - skipped
[0.115s] -- Detecting C compile features
[0.115s] -- Detecting C compile features - done
[0.117s] -- Detecting CXX compiler ABI info
[0.160s] -- Detecting CXX compiler ABI info - done
[0.165s] -- Check for working CXX compiler: /usr/bin/c++ - skipped
[0.165s] -- Detecting CXX compile features
[0.165s] -- Detecting CXX compile features - done
[0.167s] -- Found ament_cmake: 1.3.12 (/opt/ros/humble/share/ament_cmake/cmake)
[0.248s] -- Found Python3: /usr/bin/python3 (found version "3.10.12") found components: Interpreter 
[0.281s] -- Override CMake install command with custom implementation using symlinks instead of copying resources
[0.333s] -- Configuring done
[0.334s] -- Generating done
[0.335s] -- Build files have been written to: /home/rinav/ros2_ws/build/husky_bringup
[0.338s] Invoked command in '/home/rinav/ros2_ws/build/husky_bringup' returned '0': AMENT_PREFIX_PATH=/home/rinav/ros2_ws/install/husky_control:/home/rinav/ros2_ws/install/husky_base:/home/rinav/ros2_ws/install/husky_msgs:/home/rinav/ros2_ws/install/husky_description:${AMENT_PREFIX_PATH} CMAKE_PREFIX_PATH=/home/rinav/ros2_ws/install/husky_control:/home/rinav/ros2_ws/install/husky_base:/home/rinav/ros2_ws/install/husky_msgs:/home/rinav/ros2_ws/install/husky_description:/opt/ros/humble LD_LIBRARY_PATH=/home/rinav/ros2_ws/install/husky_base/lib:/home/rinav/ros2_ws/install/husky_msgs/lib:${LD_LIBRARY_PATH} PYTHONPATH=/home/rinav/ros2_ws/install/husky_msgs/local/lib/python3.10/dist-packages:${PYTHONPATH} /usr/bin/cmake /home/rinav/ros2_ws/src/husky/husky_bringup -DAMENT_CMAKE_SYMLINK_INSTALL=1 -DCMAKE_INSTALL_PREFIX=/home/rinav/ros2_ws/install/husky_bringup
[0.339s] Invoking command in '/home/rinav/ros2_ws/build/husky_bringup': AMENT_PREFIX_PATH=/home/rinav/ros2_ws/install/husky_control:/home/rinav/ros2_ws/install/husky_base:/home/rinav/ros2_ws/install/husky_msgs:/home/rinav/ros2_ws/install/husky_description:${AMENT_PREFIX_PATH} CMAKE_PREFIX_PATH=/home/rinav/ros2_ws/install/husky_control:/home/rinav/ros2_ws/install/husky_base:/home/rinav/ros2_ws/install/husky_msgs:/home/rinav/ros2_ws/install/husky_description:/opt/ros/humble LD_LIBRARY_PATH=/home/rinav/ros2_ws/install/husky_base/lib:/home/rinav/ros2_ws/install/husky_msgs/lib:${LD_LIBRARY_PATH} PYTHONPATH=/home/rinav/ros2_ws/install/husky_msgs/local/lib/python3.10/dist-packages:${PYTHONPATH} /usr/bin/cmake --build /home/rinav/ros2_ws/build/husky_bringup -- -j8 -l8
[0.356s] Invoked command in '/home/rinav/ros2_ws/build/husky_bringup' returned '0': AMENT_PREFIX_PATH=/home/rinav/ros2_ws/install/husky_control:/home/rinav/ros2_ws/install/husky_base:/home/rinav/ros2_ws/install/husky_msgs:/home/rinav/ros2_ws/install/husky_description:${AMENT_PREFIX_PATH} CMAKE_PREFIX_PATH=/home/rinav/ros2_ws/install/husky_control:/home/rinav/ros2_ws/install/husky_base:/home/rinav/ros2_ws/install/husky_msgs:/home/rinav/ros2_ws/install/husky_description:/opt/ros/humble LD_LIBRARY_PATH=/home/rinav/ros2_ws/install/husky_base/lib:/home/rinav/ros2_ws/install/husky_msgs/lib:${LD_LIBRARY_PATH} PYTHONPATH=/home/rinav/ros2_ws/install/husky_msgs/local/lib/python3.10/dist-packages:${PYTHONPATH} /usr/bin/cmake --build /home/rinav/ros2_ws/build/husky_bringup -- -j8 -l8
[0.357s] Invoking command in '/home/rinav/ros2_ws/build/husky_bringup': AMENT_PREFIX_PATH=/home/rinav/ros2_ws/install/husky_control:/home/rinav/ros2_ws/install/husky_base:/home/rinav/ros2_ws/install/husky_msgs:/home/rinav/ros2_ws/install/husky_description:${AMENT_PREFIX_PATH} CMAKE_PREFIX_PATH=/home/rinav/ros2_ws/install/husky_control:/home/rinav/ros2_ws/install/husky_base:/home/rinav/ros2_ws/install/husky_msgs:/home/rinav/ros2_ws/install/husky_description:/opt/ros/humble LD_LIBRARY_PATH=/home/rinav/ros2_ws/install/husky_base/lib:/home/rinav/ros2_ws/install/husky_msgs/lib:${LD_LIBRARY_PATH} PYTHONPATH=/home/rinav/ros2_ws/install/husky_msgs/local/lib/python3.10/dist-packages:${PYTHONPATH} /usr/bin/cmake --install /home/rinav/ros2_ws/build/husky_bringup
[0.360s] -- Install configuration: ""
[0.361s] -- Execute custom install script
[0.361s] -- Symlinking: /home/rinav/ros2_ws/install/husky_bringup/share/husky_bringup/config/mag_config_default.yaml
[0.364s] -- Symlinking: /home/rinav/ros2_ws/install/husky_bringup/share/husky_bringup/launch/accessories.launch.py
[0.368s] -- Symlinking: /home/rinav/ros2_ws/install/husky_bringup/share/husky_bringup/udev/10-microstrain.rules
[0.372s] -- Symlinking: /home/rinav/ros2_ws/install/husky_bringup/share/husky_bringup/udev/41-clearpath.rules
[0.375s] -- Symlinking: /home/rinav/ros2_ws/install/husky_bringup/share/husky_bringup/udev/41-hokuyo.rules
[0.379s] -- Symlinking: /home/rinav/ros2_ws/install/husky_bringup/share/husky_bringup/udev/41-logitech.rules
[0.382s] -- Symlinking: /home/rinav/ros2_ws/install/husky_bringup/share/husky_bringup/udev/52-ftdi.rules
[0.386s] -- Symlinking: /home/rinav/ros2_ws/install/husky_bringup/share/husky_bringup/udev/README.md
[0.389s] -- Symlinking: /home/rinav/ros2_ws/install/husky_bringup/lib/husky_bringup/install
[0.393s] -- Symlinking: /home/rinav/ros2_ws/install/husky_bringup/share/ament_index/resource_index/package_run_dependencies/husky_bringup
[0.397s] -- Symlinking: /home/rinav/ros2_ws/install/husky_bringup/share/ament_index/resource_index/parent_prefix_path/husky_bringup
[0.400s] -- Symlinking: /home/rinav/ros2_ws/install/husky_bringup/share/husky_bringup/environment/ament_prefix_path.sh
[0.404s] -- Symlinking: /home/rinav/ros2_ws/install/husky_bringup/share/husky_bringup/environment/ament_prefix_path.dsv
[0.407s] -- Symlinking: /home/rinav/ros2_ws/install/husky_bringup/share/husky_bringup/environment/path.sh
[0.411s] -- Symlinking: /home/rinav/ros2_ws/install/husky_bringup/share/husky_bringup/environment/path.dsv
[0.415s] -- Symlinking: /home/rinav/ros2_ws/install/husky_bringup/share/husky_bringup/local_setup.bash
[0.418s] -- Symlinking: /home/rinav/ros2_ws/install/husky_bringup/share/husky_bringup/local_setup.sh
[0.422s] -- Symlinking: /home/rinav/ros2_ws/install/husky_bringup/share/husky_bringup/local_setup.zsh
[0.425s] -- Symlinking: /home/rinav/ros2_ws/install/husky_bringup/share/husky_bringup/local_setup.dsv
[0.429s] -- Symlinking: /home/rinav/ros2_ws/install/husky_bringup/share/husky_bringup/package.dsv
[0.433s] -- Symlinking: /home/rinav/ros2_ws/install/husky_bringup/share/ament_index/resource_index/packages/husky_bringup
[0.437s] -- Symlinking: /home/rinav/ros2_ws/install/husky_bringup/share/husky_bringup/cmake/husky_bringupConfig.cmake
[0.441s] -- Symlinking: /home/rinav/ros2_ws/install/husky_bringup/share/husky_bringup/cmake/husky_bringupConfig-version.cmake
[0.445s] -- Symlinking: /home/rinav/ros2_ws/install/husky_bringup/share/husky_bringup/package.xml
[0.450s] Invoked command in '/home/rinav/ros2_ws/build/husky_bringup' returned '0': AMENT_PREFIX_PATH=/home/rinav/ros2_ws/install/husky_control:/home/rinav/ros2_ws/install/husky_base:/home/rinav/ros2_ws/install/husky_msgs:/home/rinav/ros2_ws/install/husky_description:${AMENT_PREFIX_PATH} CMAKE_PREFIX_PATH=/home/rinav/ros2_ws/install/husky_control:/home/rinav/ros2_ws/install/husky_base:/home/rinav/ros2_ws/install/husky_msgs:/home/rinav/ros2_ws/install/husky_description:/opt/ros/humble LD_LIBRARY_PATH=/home/rinav/ros2_ws/install/husky_base/lib:/home/rinav/ros2_ws/install/husky_msgs/lib:${LD_LIBRARY_PATH} PYTHONPATH=/home/rinav/ros2_ws/install/husky_msgs/local/lib/python3.10/dist-packages:${PYTHONPATH} /usr/bin/cmake --install /home/rinav/ros2_ws/build/husky_bringup
