[0.036s] Invoking command in '/home/rinav/ros2_ws/build/husky_ur3_ignition': /usr/bin/cmake --build /home/rinav/ros2_ws/build/husky_ur3_ignition -- -j8 -l8
[0.509s] Invoked command in '/home/rinav/ros2_ws/build/husky_ur3_ignition' returned '0': /usr/bin/cmake --build /home/rinav/ros2_ws/build/husky_ur3_ignition -- -j8 -l8
[0.509s] Invoking command in '/home/rinav/ros2_ws/build/husky_ur3_ignition': /usr/bin/cmake --install /home/rinav/ros2_ws/build/husky_ur3_ignition
[0.541s] -- Install configuration: ""
[0.541s] -- Up-to-date: /home/rinav/ros2_ws/install/husky_ur3_ignition/share/ament_index/resource_index/package_run_dependencies/husky_ur3_ignition
[0.542s] -- Up-to-date: /home/rinav/ros2_ws/install/husky_ur3_ignition/share/ament_index/resource_index/parent_prefix_path/husky_ur3_ignition
[0.542s] -- Up-to-date: /home/rinav/ros2_ws/install/husky_ur3_ignition/share/husky_ur3_ignition/environment/ament_prefix_path.sh
[0.542s] -- Up-to-date: /home/rinav/ros2_ws/install/husky_ur3_ignition/share/husky_ur3_ignition/environment/ament_prefix_path.dsv
[0.542s] -- Up-to-date: /home/rinav/ros2_ws/install/husky_ur3_ignition/share/husky_ur3_ignition/environment/path.sh
[0.542s] -- Up-to-date: /home/rinav/ros2_ws/install/husky_ur3_ignition/share/husky_ur3_ignition/environment/path.dsv
[0.542s] -- Up-to-date: /home/rinav/ros2_ws/install/husky_ur3_ignition/share/husky_ur3_ignition/local_setup.bash
[0.543s] -- Up-to-date: /home/rinav/ros2_ws/install/husky_ur3_ignition/share/husky_ur3_ignition/local_setup.sh
[0.543s] -- Up-to-date: /home/rinav/ros2_ws/install/husky_ur3_ignition/share/husky_ur3_ignition/local_setup.zsh
[0.543s] -- Up-to-date: /home/rinav/ros2_ws/install/husky_ur3_ignition/share/husky_ur3_ignition/local_setup.dsv
[0.543s] -- Installing: /home/rinav/ros2_ws/install/husky_ur3_ignition/share/husky_ur3_ignition/package.dsv
[0.544s] -- Up-to-date: /home/rinav/ros2_ws/install/husky_ur3_ignition/share/ament_index/resource_index/packages/husky_ur3_ignition
[0.544s] -- Up-to-date: /home/rinav/ros2_ws/install/husky_ur3_ignition/share/husky_ur3_ignition/cmake/husky_ur3_ignitionConfig.cmake
[0.545s] -- Up-to-date: /home/rinav/ros2_ws/install/husky_ur3_ignition/share/husky_ur3_ignition/cmake/husky_ur3_ignitionConfig-version.cmake
[0.545s] -- Up-to-date: /home/rinav/ros2_ws/install/husky_ur3_ignition/share/husky_ur3_ignition/package.xml
[0.610s] Invoked command in '/home/rinav/ros2_ws/build/husky_ur3_ignition' returned '0': /usr/bin/cmake --install /home/rinav/ros2_ws/build/husky_ur3_ignition
