[0.009s] Invoking command in '/home/rinav/ros2_ws/build/robotis_manipulator': CMAKE_PREFIX_PATH=${CMAKE_PREFIX_PATH}:/opt/ros/humble:/home/rinav/ros2_ws/install/trial_package:/home/rinav/ros2_ws/install/py_srvcli:/home/rinav/ros2_ws/install/py_pubsub:/home/rinav/ros2_ws/install/mobile_robotics:/home/rinav/ros2_ws/install/launch_param_builder /usr/bin/cmake /home/rinav/ros2_ws/src/robotis_manipulator -DCMAKE_INSTALL_PREFIX=/home/rinav/ros2_ws/install/robotis_manipulator
[0.076s] -- The C compiler identification is GNU 11.4.0
[0.123s] -- The CXX compiler identification is GNU 11.4.0
[0.130s] -- Detecting C compiler ABI info
[0.237s] -- Detecting C compiler ABI info - done
[0.239s] -- Check for working C compiler: /usr/bin/cc - skipped
[0.239s] -- Detecting C compile features
[0.239s] -- Detecting C compile features - done
[0.241s] -- Detecting CXX compiler ABI info
[0.303s] -- Detecting CXX compiler ABI info - done
[0.309s] -- Check for working CXX compiler: /usr/bin/c++ - skipped
[0.309s] -- Detecting CXX compile features
[0.309s] -- Detecting CXX compile features - done
[0.319s] -- Found ament_cmake: 1.3.12 (/opt/ros/humble/share/ament_cmake/cmake)
[0.432s] -- Found Python3: /usr/bin/python3 (found version "3.10.12") found components: Interpreter 
[0.498s] -- Found rclcpp: 16.0.15 (/opt/ros/humble/share/rclcpp/cmake)
[0.537s] -- Found rosidl_generator_c: 3.1.7 (/opt/ros/humble/share/rosidl_generator_c/cmake)
[0.543s] -- Found rosidl_adapter: 3.1.7 (/opt/ros/humble/share/rosidl_adapter/cmake)
[0.549s] -- Found rosidl_generator_cpp: 3.1.7 (/opt/ros/humble/share/rosidl_generator_cpp/cmake)
[0.560s] -- Using all available rosidl_typesupport_c: rosidl_typesupport_fastrtps_c;rosidl_typesupport_introspection_c
[0.574s] -- Using all available rosidl_typesupport_cpp: rosidl_typesupport_fastrtps_cpp;rosidl_typesupport_introspection_cpp
[0.619s] -- Found rmw_implementation_cmake: 6.1.2 (/opt/ros/humble/share/rmw_implementation_cmake/cmake)
[0.622s] -- Found rmw_fastrtps_cpp: 6.2.8 (/opt/ros/humble/share/rmw_fastrtps_cpp/cmake)
[0.695s] -- Found OpenSSL: /usr/lib/aarch64-linux-gnu/libcrypto.so (found version "3.0.2")  
[0.721s] -- Found FastRTPS: /opt/ros/humble/include  
[0.758s] -- Using RMW implementation 'rmw_fastrtps_cpp' as default
[0.767s] -- Looking for pthread.h
[0.882s] -- Looking for pthread.h - found
[0.882s] -- Performing Test CMAKE_HAVE_LIBC_PTHREAD
[1.041s] -- Performing Test CMAKE_HAVE_LIBC_PTHREAD - Success
[1.042s] -- Found Threads: TRUE  
[1.146s] -- Configuring done
[1.153s] -- Generating done
[1.156s] -- Build files have been written to: /home/rinav/ros2_ws/build/robotis_manipulator
[1.167s] Invoked command in '/home/rinav/ros2_ws/build/robotis_manipulator' returned '0': CMAKE_PREFIX_PATH=${CMAKE_PREFIX_PATH}:/opt/ros/humble:/home/rinav/ros2_ws/install/trial_package:/home/rinav/ros2_ws/install/py_srvcli:/home/rinav/ros2_ws/install/py_pubsub:/home/rinav/ros2_ws/install/mobile_robotics:/home/rinav/ros2_ws/install/launch_param_builder /usr/bin/cmake /home/rinav/ros2_ws/src/robotis_manipulator -DCMAKE_INSTALL_PREFIX=/home/rinav/ros2_ws/install/robotis_manipulator
[1.176s] Invoking command in '/home/rinav/ros2_ws/build/robotis_manipulator': CMAKE_PREFIX_PATH=${CMAKE_PREFIX_PATH}:/opt/ros/humble:/home/rinav/ros2_ws/install/trial_package:/home/rinav/ros2_ws/install/py_srvcli:/home/rinav/ros2_ws/install/py_pubsub:/home/rinav/ros2_ws/install/mobile_robotics:/home/rinav/ros2_ws/install/launch_param_builder /usr/bin/cmake --build /home/rinav/ros2_ws/build/robotis_manipulator -- -j8 -l8
[2.119s] [ 14%] [32mBuilding CXX object CMakeFiles/robotis_manipulator.dir/src/robotis_manipulator/robotis_manipulator_math.cpp.o[0m
[2.119s] [ 28%] [32mBuilding CXX object CMakeFiles/robotis_manipulator.dir/src/robotis_manipulator/robotis_manipulator.cpp.o[0m
[2.119s] [ 42%] [32mBuilding CXX object CMakeFiles/robotis_manipulator.dir/src/robotis_manipulator/robotis_manipulator_trajectory_generator.cpp.o[0m
[2.119s] [ 57%] [32mBuilding CXX object CMakeFiles/robotis_manipulator.dir/src/robotis_manipulator/robotis_manipulator_manager.cpp.o[0m
[2.138s] [ 71%] [32mBuilding CXX object CMakeFiles/robotis_manipulator.dir/src/robotis_manipulator/robotis_manipulator_common.cpp.o[0m
[2.138s] [ 85%] [32mBuilding CXX object CMakeFiles/robotis_manipulator.dir/src/robotis_manipulator/robotis_manipulator_log.cpp.o[0m
[13.857s] [100%] [32m[1mLinking CXX shared library librobotis_manipulator.so[0m
[14.598s] [100%] Built target robotis_manipulator
[14.629s] Invoked command in '/home/rinav/ros2_ws/build/robotis_manipulator' returned '0': CMAKE_PREFIX_PATH=${CMAKE_PREFIX_PATH}:/opt/ros/humble:/home/rinav/ros2_ws/install/trial_package:/home/rinav/ros2_ws/install/py_srvcli:/home/rinav/ros2_ws/install/py_pubsub:/home/rinav/ros2_ws/install/mobile_robotics:/home/rinav/ros2_ws/install/launch_param_builder /usr/bin/cmake --build /home/rinav/ros2_ws/build/robotis_manipulator -- -j8 -l8
[14.642s] Invoking command in '/home/rinav/ros2_ws/build/robotis_manipulator': CMAKE_PREFIX_PATH=${CMAKE_PREFIX_PATH}:/opt/ros/humble:/home/rinav/ros2_ws/install/trial_package:/home/rinav/ros2_ws/install/py_srvcli:/home/rinav/ros2_ws/install/py_pubsub:/home/rinav/ros2_ws/install/mobile_robotics:/home/rinav/ros2_ws/install/launch_param_builder /usr/bin/cmake --install /home/rinav/ros2_ws/build/robotis_manipulator
[14.689s] -- Install configuration: ""
[14.690s] -- Installing: /home/rinav/ros2_ws/install/robotis_manipulator/lib/librobotis_manipulator.so
[14.690s] -- Set runtime path of "/home/rinav/ros2_ws/install/robotis_manipulator/lib/librobotis_manipulator.so" to ""
[14.690s] -- Installing: /home/rinav/ros2_ws/install/robotis_manipulator/include/
[14.690s] -- Installing: /home/rinav/ros2_ws/install/robotis_manipulator/include//robotis_manipulator
[14.690s] -- Installing: /home/rinav/ros2_ws/install/robotis_manipulator/include//robotis_manipulator/robotis_manipulator_log.h
[14.690s] -- Installing: /home/rinav/ros2_ws/install/robotis_manipulator/include//robotis_manipulator/robotis_manipulator_manager.h
[14.690s] -- Installing: /home/rinav/ros2_ws/install/robotis_manipulator/include//robotis_manipulator/robotis_manipulator.h
[14.690s] -- Installing: /home/rinav/ros2_ws/install/robotis_manipulator/include//robotis_manipulator/robotis_manipulator_trajectory_generator.h
[14.690s] -- Installing: /home/rinav/ros2_ws/install/robotis_manipulator/include//robotis_manipulator/robotis_manipulator_math.h
[14.690s] -- Installing: /home/rinav/ros2_ws/install/robotis_manipulator/include//robotis_manipulator/robotis_manipulator_common.h
[14.690s] -- Installing: /home/rinav/ros2_ws/install/robotis_manipulator/share/robotis_manipulator/environment/library_path.sh
[14.690s] -- Installing: /home/rinav/ros2_ws/install/robotis_manipulator/share/robotis_manipulator/environment/library_path.dsv
[14.690s] -- Installing: /home/rinav/ros2_ws/install/robotis_manipulator/share/ament_index/resource_index/package_run_dependencies/robotis_manipulator
[14.690s] -- Installing: /home/rinav/ros2_ws/install/robotis_manipulator/share/ament_index/resource_index/parent_prefix_path/robotis_manipulator
[14.690s] -- Installing: /home/rinav/ros2_ws/install/robotis_manipulator/share/robotis_manipulator/environment/ament_prefix_path.sh
[14.690s] -- Installing: /home/rinav/ros2_ws/install/robotis_manipulator/share/robotis_manipulator/environment/ament_prefix_path.dsv
[14.690s] -- Installing: /home/rinav/ros2_ws/install/robotis_manipulator/share/robotis_manipulator/environment/path.sh
[14.691s] -- Installing: /home/rinav/ros2_ws/install/robotis_manipulator/share/robotis_manipulator/environment/path.dsv
[14.691s] -- Installing: /home/rinav/ros2_ws/install/robotis_manipulator/share/robotis_manipulator/local_setup.bash
[14.691s] -- Installing: /home/rinav/ros2_ws/install/robotis_manipulator/share/robotis_manipulator/local_setup.sh
[14.691s] -- Installing: /home/rinav/ros2_ws/install/robotis_manipulator/share/robotis_manipulator/local_setup.zsh
[14.691s] -- Installing: /home/rinav/ros2_ws/install/robotis_manipulator/share/robotis_manipulator/local_setup.dsv
[14.691s] -- Installing: /home/rinav/ros2_ws/install/robotis_manipulator/share/robotis_manipulator/package.dsv
[14.691s] -- Installing: /home/rinav/ros2_ws/install/robotis_manipulator/share/ament_index/resource_index/packages/robotis_manipulator
[14.691s] -- Installing: /home/rinav/ros2_ws/install/robotis_manipulator/share/robotis_manipulator/cmake/ament_cmake_export_include_directories-extras.cmake
[14.691s] -- Installing: /home/rinav/ros2_ws/install/robotis_manipulator/share/robotis_manipulator/cmake/ament_cmake_export_dependencies-extras.cmake
[14.691s] -- Installing: /home/rinav/ros2_ws/install/robotis_manipulator/share/robotis_manipulator/cmake/ament_cmake_export_libraries-extras.cmake
[14.704s] -- Installing: /home/rinav/ros2_ws/install/robotis_manipulator/share/robotis_manipulator/cmake/robotis_manipulatorConfig.cmake
[14.704s] -- Installing: /home/rinav/ros2_ws/install/robotis_manipulator/share/robotis_manipulator/cmake/robotis_manipulatorConfig-version.cmake
[14.704s] -- Installing: /home/rinav/ros2_ws/install/robotis_manipulator/share/robotis_manipulator/package.xml
[14.713s] Invoked command in '/home/rinav/ros2_ws/build/robotis_manipulator' returned '0': CMAKE_PREFIX_PATH=${CMAKE_PREFIX_PATH}:/opt/ros/humble:/home/rinav/ros2_ws/install/trial_package:/home/rinav/ros2_ws/install/py_srvcli:/home/rinav/ros2_ws/install/py_pubsub:/home/rinav/ros2_ws/install/mobile_robotics:/home/rinav/ros2_ws/install/launch_param_builder /usr/bin/cmake --install /home/rinav/ros2_ws/build/robotis_manipulator
