[0.803s] Invoking command in '/home/rinav/ros2_ws/src/mobile_robotics': PYTHONPATH=/home/rinav/ros2_ws/build/mobile_robotics/prefix_override:/usr/lib/python3/dist-packages/colcon_core/task/python/colcon_distutils_commands:/home/rinav/ros2_ws/install/mobile_robotics/lib/python3.10/site-packages:${PYTHONPATH} /usr/bin/python3 -W ignore:setup.py install is deprecated -W ignore:easy_install command is deprecated setup.py egg_info --egg-base ../../build/mobile_robotics build --build-base /home/rinav/ros2_ws/build/mobile_robotics/build install --record /home/rinav/ros2_ws/build/mobile_robotics/install.log --single-version-externally-managed install_data
[0.989s] running egg_info
[0.989s] writing ../../build/mobile_robotics/mobile_robotics.egg-info/PKG-INFO
[0.989s] writing dependency_links to ../../build/mobile_robotics/mobile_robotics.egg-info/dependency_links.txt
[0.990s] writing entry points to ../../build/mobile_robotics/mobile_robotics.egg-info/entry_points.txt
[0.990s] writing requirements to ../../build/mobile_robotics/mobile_robotics.egg-info/requires.txt
[0.990s] writing top-level names to ../../build/mobile_robotics/mobile_robotics.egg-info/top_level.txt
[0.991s] reading manifest file '../../build/mobile_robotics/mobile_robotics.egg-info/SOURCES.txt'
[0.992s] writing manifest file '../../build/mobile_robotics/mobile_robotics.egg-info/SOURCES.txt'
[0.992s] running build
[0.992s] running build_py
[0.992s] running install
[0.992s] running install_lib
[0.993s] running install_data
[0.993s] running install_egg_info
[0.994s] removing '/home/rinav/ros2_ws/install/mobile_robotics/lib/python3.10/site-packages/mobile_robotics-0.0.0-py3.10.egg-info' (and everything under it)
[0.995s] Copying ../../build/mobile_robotics/mobile_robotics.egg-info to /home/rinav/ros2_ws/install/mobile_robotics/lib/python3.10/site-packages/mobile_robotics-0.0.0-py3.10.egg-info
[0.995s] running install_scripts
[1.010s] Installing ex2 script to /home/rinav/ros2_ws/install/mobile_robotics/lib/mobile_robotics
[1.010s] Installing part1 script to /home/rinav/ros2_ws/install/mobile_robotics/lib/mobile_robotics
[1.010s] Installing part2 script to /home/rinav/ros2_ws/install/mobile_robotics/lib/mobile_robotics
[1.011s] writing list of installed files to '/home/rinav/ros2_ws/build/mobile_robotics/install.log'
[1.068s] Invoked command in '/home/rinav/ros2_ws/src/mobile_robotics' returned '0': PYTHONPATH=/home/rinav/ros2_ws/build/mobile_robotics/prefix_override:/usr/lib/python3/dist-packages/colcon_core/task/python/colcon_distutils_commands:/home/rinav/ros2_ws/install/mobile_robotics/lib/python3.10/site-packages:${PYTHONPATH} /usr/bin/python3 -W ignore:setup.py install is deprecated -W ignore:easy_install command is deprecated setup.py egg_info --egg-base ../../build/mobile_robotics build --build-base /home/rinav/ros2_ws/build/mobile_robotics/build install --record /home/rinav/ros2_ws/build/mobile_robotics/install.log --single-version-externally-managed install_data
