[0.915s] Invoking command in '/home/rinav/ros2_ws/src/launch_param_builder': PYTHONPATH=/home/rinav/ros2_ws/build/launch_param_builder/prefix_override:/usr/lib/python3/dist-packages/colcon_core/task/python/colcon_distutils_commands:/home/rinav/ros2_ws/install/launch_param_builder/lib/python3.10/site-packages:${PYTHONPATH} /usr/bin/python3 -W ignore:setup.py install is deprecated -W ignore:easy_install command is deprecated setup.py egg_info --egg-base ../../build/launch_param_builder build --build-base /home/rinav/ros2_ws/build/launch_param_builder/build install --record /home/rinav/ros2_ws/build/launch_param_builder/install.log --single-version-externally-managed install_data
[1.136s] running egg_info
[1.137s] creating ../../build/launch_param_builder/launch_param_builder.egg-info
[1.137s] writing ../../build/launch_param_builder/launch_param_builder.egg-info/PKG-INFO
[1.137s] writing dependency_links to ../../build/launch_param_builder/launch_param_builder.egg-info/dependency_links.txt
[1.137s] writing entry points to ../../build/launch_param_builder/launch_param_builder.egg-info/entry_points.txt
[1.137s] writing requirements to ../../build/launch_param_builder/launch_param_builder.egg-info/requires.txt
[1.137s] writing top-level names to ../../build/launch_param_builder/launch_param_builder.egg-info/top_level.txt
[1.137s] writing manifest file '../../build/launch_param_builder/launch_param_builder.egg-info/SOURCES.txt'
[1.138s] reading manifest file '../../build/launch_param_builder/launch_param_builder.egg-info/SOURCES.txt'
[1.138s] adding license file 'LICENSE'
[1.139s] writing manifest file '../../build/launch_param_builder/launch_param_builder.egg-info/SOURCES.txt'
[1.139s] running build
[1.139s] running build_py
[1.139s] creating /home/rinav/ros2_ws/build/launch_param_builder/build
[1.139s] creating /home/rinav/ros2_ws/build/launch_param_builder/build/lib
[1.139s] creating /home/rinav/ros2_ws/build/launch_param_builder/build/lib/launch_param_builder
[1.139s] copying launch_param_builder/launch_param_builder.py -> /home/rinav/ros2_ws/build/launch_param_builder/build/lib/launch_param_builder
[1.141s] copying launch_param_builder/__init__.py -> /home/rinav/ros2_ws/build/launch_param_builder/build/lib/launch_param_builder
[1.141s] copying launch_param_builder/utils.py -> /home/rinav/ros2_ws/build/launch_param_builder/build/lib/launch_param_builder
[1.141s] running install
[1.141s] running install_lib
[1.142s] creating /home/rinav/ros2_ws/install/launch_param_builder/lib/python3.10/site-packages/launch_param_builder
[1.142s] copying /home/rinav/ros2_ws/build/launch_param_builder/build/lib/launch_param_builder/launch_param_builder.py -> /home/rinav/ros2_ws/install/launch_param_builder/lib/python3.10/site-packages/launch_param_builder
[1.142s] copying /home/rinav/ros2_ws/build/launch_param_builder/build/lib/launch_param_builder/__init__.py -> /home/rinav/ros2_ws/install/launch_param_builder/lib/python3.10/site-packages/launch_param_builder
[1.142s] copying /home/rinav/ros2_ws/build/launch_param_builder/build/lib/launch_param_builder/utils.py -> /home/rinav/ros2_ws/install/launch_param_builder/lib/python3.10/site-packages/launch_param_builder
[1.142s] byte-compiling /home/rinav/ros2_ws/install/launch_param_builder/lib/python3.10/site-packages/launch_param_builder/launch_param_builder.py to launch_param_builder.cpython-310.pyc
[1.143s] byte-compiling /home/rinav/ros2_ws/install/launch_param_builder/lib/python3.10/site-packages/launch_param_builder/__init__.py to __init__.cpython-310.pyc
[1.143s] byte-compiling /home/rinav/ros2_ws/install/launch_param_builder/lib/python3.10/site-packages/launch_param_builder/utils.py to utils.cpython-310.pyc
[1.143s] running install_data
[1.143s] creating /home/rinav/ros2_ws/install/launch_param_builder/share/ament_index
[1.143s] creating /home/rinav/ros2_ws/install/launch_param_builder/share/ament_index/resource_index
[1.143s] creating /home/rinav/ros2_ws/install/launch_param_builder/share/ament_index/resource_index/packages
[1.143s] copying resource/launch_param_builder -> /home/rinav/ros2_ws/install/launch_param_builder/share/ament_index/resource_index/packages
[1.143s] creating /home/rinav/ros2_ws/install/launch_param_builder/share/launch_param_builder/launch
[1.143s] copying example/launch_param_builder_example.launch.py -> /home/rinav/ros2_ws/install/launch_param_builder/share/launch_param_builder/launch
[1.144s] creating /home/rinav/ros2_ws/install/launch_param_builder/share/launch_param_builder/config
[1.144s] copying test/data/parameter.xacro -> /home/rinav/ros2_ws/install/launch_param_builder/share/launch_param_builder/config
[1.144s] copying test/data/parameter_file -> /home/rinav/ros2_ws/install/launch_param_builder/share/launch_param_builder/config
[1.144s] copying test/data/parameters_injection.yaml -> /home/rinav/ros2_ws/install/launch_param_builder/share/launch_param_builder/config
[1.145s] copying test/data/param_file_to_inject.yaml -> /home/rinav/ros2_ws/install/launch_param_builder/share/launch_param_builder/config
[1.145s] copying test/data/parameters.yaml -> /home/rinav/ros2_ws/install/launch_param_builder/share/launch_param_builder/config
[1.145s] copying package.xml -> /home/rinav/ros2_ws/install/launch_param_builder/share/launch_param_builder
[1.145s] creating /home/rinav/ros2_ws/install/launch_param_builder/lib/launch_param_builder
[1.145s] copying example/example_node.py -> /home/rinav/ros2_ws/install/launch_param_builder/lib/launch_param_builder
[1.145s] running install_egg_info
[1.146s] Copying ../../build/launch_param_builder/launch_param_builder.egg-info to /home/rinav/ros2_ws/install/launch_param_builder/lib/python3.10/site-packages/launch_param_builder-0.1.1-py3.10.egg-info
[1.147s] running install_scripts
[1.173s] writing list of installed files to '/home/rinav/ros2_ws/build/launch_param_builder/install.log'
[1.264s] Invoked command in '/home/rinav/ros2_ws/src/launch_param_builder' returned '0': PYTHONPATH=/home/rinav/ros2_ws/build/launch_param_builder/prefix_override:/usr/lib/python3/dist-packages/colcon_core/task/python/colcon_distutils_commands:/home/rinav/ros2_ws/install/launch_param_builder/lib/python3.10/site-packages:${PYTHONPATH} /usr/bin/python3 -W ignore:setup.py install is deprecated -W ignore:easy_install command is deprecated setup.py egg_info --egg-base ../../build/launch_param_builder build --build-base /home/rinav/ros2_ws/build/launch_param_builder/build install --record /home/rinav/ros2_ws/build/launch_param_builder/install.log --single-version-externally-managed install_data
