[0.034s] Invoking command in '/home/rinav/ros2_ws/build/husky_desktop': AMENT_PREFIX_PATH=/home/rinav/ros2_ws/install/husky_viz:${AMENT_PREFIX_PATH} CMAKE_PREFIX_PATH=/home/rinav/ros2_ws/install/husky_viz:/home/rinav/ros2_ws/install/husky_msgs:/home/rinav/ros2_ws/install/husky_description:/home/rinav/ros2_ws/install/husky_bringup:/home/rinav/ros2_ws/install/husky_base:/home/rinav/ros2_ws/install/husky_control:/home/rinav/ros2_ws/install/mobile_robotics:/opt/ros/humble LD_LIBRARY_PATH=/home/rinav/ros2_ws/install/husky_msgs/lib:/home/rinav/ros2_ws/install/husky_base/lib:/opt/ros/humble/opt/rviz_ogre_vendor/lib:/opt/ros/humble/lib/aarch64-linux-gnu:/opt/ros/humble/lib /usr/bin/cmake --build /home/rinav/ros2_ws/build/husky_desktop -- -j8 -l8
[0.077s] Invoked command in '/home/rinav/ros2_ws/build/husky_desktop' returned '0': AMENT_PREFIX_PATH=/home/rinav/ros2_ws/install/husky_viz:${AMENT_PREFIX_PATH} CMAKE_PREFIX_PATH=/home/rinav/ros2_ws/install/husky_viz:/home/rinav/ros2_ws/install/husky_msgs:/home/rinav/ros2_ws/install/husky_description:/home/rinav/ros2_ws/install/husky_bringup:/home/rinav/ros2_ws/install/husky_base:/home/rinav/ros2_ws/install/husky_control:/home/rinav/ros2_ws/install/mobile_robotics:/opt/ros/humble LD_LIBRARY_PATH=/home/rinav/ros2_ws/install/husky_msgs/lib:/home/rinav/ros2_ws/install/husky_base/lib:/opt/ros/humble/opt/rviz_ogre_vendor/lib:/opt/ros/humble/lib/aarch64-linux-gnu:/opt/ros/humble/lib /usr/bin/cmake --build /home/rinav/ros2_ws/build/husky_desktop -- -j8 -l8
[0.079s] Invoking command in '/home/rinav/ros2_ws/build/husky_desktop': AMENT_PREFIX_PATH=/home/rinav/ros2_ws/install/husky_viz:${AMENT_PREFIX_PATH} CMAKE_PREFIX_PATH=/home/rinav/ros2_ws/install/husky_viz:/home/rinav/ros2_ws/install/husky_msgs:/home/rinav/ros2_ws/install/husky_description:/home/rinav/ros2_ws/install/husky_bringup:/home/rinav/ros2_ws/install/husky_base:/home/rinav/ros2_ws/install/husky_control:/home/rinav/ros2_ws/install/mobile_robotics:/opt/ros/humble LD_LIBRARY_PATH=/home/rinav/ros2_ws/install/husky_msgs/lib:/home/rinav/ros2_ws/install/husky_base/lib:/opt/ros/humble/opt/rviz_ogre_vendor/lib:/opt/ros/humble/lib/aarch64-linux-gnu:/opt/ros/humble/lib /usr/bin/cmake --install /home/rinav/ros2_ws/build/husky_desktop
[0.097s] -- Install configuration: ""
[0.097s] -- Up-to-date: /home/rinav/ros2_ws/install/husky_desktop/share/ament_index/resource_index/package_run_dependencies/husky_desktop
[0.097s] -- Up-to-date: /home/rinav/ros2_ws/install/husky_desktop/share/ament_index/resource_index/parent_prefix_path/husky_desktop
[0.097s] -- Up-to-date: /home/rinav/ros2_ws/install/husky_desktop/share/husky_desktop/environment/ament_prefix_path.sh
[0.097s] -- Up-to-date: /home/rinav/ros2_ws/install/husky_desktop/share/husky_desktop/environment/ament_prefix_path.dsv
[0.097s] -- Up-to-date: /home/rinav/ros2_ws/install/husky_desktop/share/husky_desktop/environment/path.sh
[0.097s] -- Up-to-date: /home/rinav/ros2_ws/install/husky_desktop/share/husky_desktop/environment/path.dsv
[0.097s] -- Up-to-date: /home/rinav/ros2_ws/install/husky_desktop/share/husky_desktop/local_setup.bash
[0.097s] -- Up-to-date: /home/rinav/ros2_ws/install/husky_desktop/share/husky_desktop/local_setup.sh
[0.097s] -- Up-to-date: /home/rinav/ros2_ws/install/husky_desktop/share/husky_desktop/local_setup.zsh
[0.097s] -- Up-to-date: /home/rinav/ros2_ws/install/husky_desktop/share/husky_desktop/local_setup.dsv
[0.097s] -- Up-to-date: /home/rinav/ros2_ws/install/husky_desktop/share/husky_desktop/package.dsv
[0.097s] -- Up-to-date: /home/rinav/ros2_ws/install/husky_desktop/share/ament_index/resource_index/packages/husky_desktop
[0.097s] -- Up-to-date: /home/rinav/ros2_ws/install/husky_desktop/share/husky_desktop/cmake/husky_desktopConfig.cmake
[0.097s] -- Up-to-date: /home/rinav/ros2_ws/install/husky_desktop/share/husky_desktop/cmake/husky_desktopConfig-version.cmake
[0.097s] -- Up-to-date: /home/rinav/ros2_ws/install/husky_desktop/share/husky_desktop/package.xml
[0.111s] Invoked command in '/home/rinav/ros2_ws/build/husky_desktop' returned '0': AMENT_PREFIX_PATH=/home/rinav/ros2_ws/install/husky_viz:${AMENT_PREFIX_PATH} CMAKE_PREFIX_PATH=/home/rinav/ros2_ws/install/husky_viz:/home/rinav/ros2_ws/install/husky_msgs:/home/rinav/ros2_ws/install/husky_description:/home/rinav/ros2_ws/install/husky_bringup:/home/rinav/ros2_ws/install/husky_base:/home/rinav/ros2_ws/install/husky_control:/home/rinav/ros2_ws/install/mobile_robotics:/opt/ros/humble LD_LIBRARY_PATH=/home/rinav/ros2_ws/install/husky_msgs/lib:/home/rinav/ros2_ws/install/husky_base/lib:/opt/ros/humble/opt/rviz_ogre_vendor/lib:/opt/ros/humble/lib/aarch64-linux-gnu:/opt/ros/humble/lib /usr/bin/cmake --install /home/rinav/ros2_ws/build/husky_desktop
