[0.012s] Invoking command in '/home/rinav/ros2_ws/build/rviz_common': CMAKE_PREFIX_PATH=/home/rinav/ros2_ws/install/rviz_rendering:/home/rinav/ros2_ws/install/rviz_ogre_vendor:/home/rinav/ros2_ws/install/rviz_assimp_vendor:/home/rinav/ros2_ws/install/ur:/home/rinav/ros2_ws/install/ur_calibration:/home/rinav/ros2_ws/install/ur_robot_driver:/home/rinav/ros2_ws/install/ur_moveit_config:/home/rinav/ros2_ws/install/ur_bringup:/home/rinav/ros2_ws/install/ur_description:/home/rinav/ros2_ws/install/ur_controllers:/home/rinav/ros2_ws/install/ur_dashboard_msgs:/home/rinav/ros2_ws/install/turtlesim:/home/rinav/ros2_ws/install/pilz_industrial_motion_planner_testutils:/home/rinav/ros2_ws/install/moveit_ros_control_interface:/home/rinav/ros2_ws/install/moveit_plugins:/home/rinav/ros2_ws/install/husky_ur3_moveit_config:/home/rinav/ros2_ws/install/moveit_simple_controller_manager:/home/rinav/ros2_ws/install/moveit_ros_planning:/home/rinav/ros2_ws/install/moveit_ros_occupancy_map_monitor:/home/rinav/ros2_ws/install/moveit_resources_prbt_ikfast_manipulator_plugin:/home/rinav/ros2_ws/install/moveit_planners_chomp:/home/rinav/ros2_ws/install/moveit_chomp_optimizer_adapter:/home/rinav/ros2_ws/install/chomp_motion_planner:/home/rinav/ros2_ws/install/moveit_core:/home/rinav/ros2_ws/install/srdfdom:/home/rinav/ros2_ws/install/rviz_visual_testing_framework:/home/rinav/ros2_ws/install/rviz_rendering_tests:/home/rinav/ros2_ws/install/husky_desktop:/home/rinav/ros2_ws/install/husky_viz:/home/rinav/ros2_ws/install/rviz2:/home/rinav/ros2_ws/install/rviz_default_plugins:/home/rinav/ros2_ws/install/rviz_common:/home/rinav/ros2_ws/install/rviz_marker_tools:/home/rinav/ros2_ws/install/rosparam_shortcuts:/home/rinav/ros2_ws/install/robotis_manipulator:/home/rinav/ros2_ws/install/moveit_task_constructor_msgs:/home/rinav/ros2_ws/install/moveit_resources_prbt_support:/home/rinav/ros2_ws/install/moveit_resources:/home/rinav/ros2_ws/install/moveit_resources_pr2_description:/home/rinav/ros2_ws/install/moveit_resources_panda_moveit_config:/home/rinav/ros2_ws/install/moveit_resources_panda_description:/home/rinav/ros2_ws/install/moveit_resources_fanuc_moveit_config:/home/rinav/ros2_ws/install/moveit_resources_fanuc_description:/home/rinav/ros2_ws/install/moveit_common:/home/rinav/ros2_ws/install/husky_ur3_ignition:/home/rinav/ros2_ws/install/husky_simulator:/home/rinav/ros2_ws/install/husky_robot:/home/rinav/ros2_ws/install/husky_bringup:/home/rinav/ros2_ws/install/husky_base:/home/rinav/ros2_ws/install/husky_msgs:/home/rinav/ros2_ws/install/husky_gazebo:/home/rinav/ros2_ws/install/husky_control:/home/rinav/ros2_ws/install/husky_description:/home/rinav/ros2_ws/src/rviz/install:/home/rinav/ros2_ws/install/trial_package:/home/rinav/ros2_ws/install/moveit_configs_utils:/home/rinav/ros2_ws/install/py_srvcli:/home/rinav/ros2_ws/install/py_pubsub:/home/rinav/ros2_ws/install/mobile_robotics:/home/rinav/ros2_ws/install/launch_param_builder:/opt/ros/humble LD_LIBRARY_PATH=/home/rinav/ros2_ws/install/rviz_rendering/lib:/home/rinav/ros2_ws/install/ur_robot_driver/lib:/home/rinav/ros2_ws/install/ur_controllers/lib:/home/rinav/ros2_ws/install/ur_dashboard_msgs/lib:/home/rinav/ros2_ws/install/turtlesim/lib:/home/rinav/ros2_ws/install/pilz_industrial_motion_planner_testutils/lib:/home/rinav/ros2_ws/install/moveit_ros_control_interface/lib:/home/rinav/ros2_ws/install/moveit_simple_controller_manager/lib:/home/rinav/ros2_ws/install/moveit_ros_planning/lib:/home/rinav/ros2_ws/install/moveit_ros_occupancy_map_monitor/lib:/home/rinav/ros2_ws/install/moveit_resources_prbt_ikfast_manipulator_plugin/lib:/home/rinav/ros2_ws/install/moveit_planners_chomp/lib:/home/rinav/ros2_ws/install/moveit_chomp_optimizer_adapter/lib:/home/rinav/ros2_ws/install/chomp_motion_planner/lib:/home/rinav/ros2_ws/install/moveit_core/lib:/home/rinav/ros2_ws/install/srdfdom/lib:/home/rinav/ros2_ws/install/rviz_default_plugins/lib:/home/rinav/ros2_ws/install/rviz_common/lib:/home/rinav/ros2_ws/install/rviz_ogre_vendor/opt/rviz_ogre_vendor/lib:/home/rinav/ros2_ws/install/rviz_marker_tools/lib:/home/rinav/ros2_ws/install/rosparam_shortcuts/lib:/home/rinav/ros2_ws/install/robotis_manipulator/lib:/home/rinav/ros2_ws/install/moveit_task_constructor_msgs/lib:/home/rinav/ros2_ws/install/husky_base/lib:/home/rinav/ros2_ws/install/husky_msgs/lib:/home/rinav/ros2_ws/src/rviz/install/opt/rviz_ogre_vendor/lib:/home/rinav/ros2_ws/src/rviz/install/lib:/opt/ros/humble/opt/rviz_ogre_vendor/lib:/opt/ros/humble/lib/aarch64-linux-gnu:/opt/ros/humble/lib /usr/bin/cmake /home/rinav/ros2_ws/src/rviz/rviz_common -DCMAKE_INSTALL_PREFIX=/home/rinav/ros2_ws/install/rviz_common
[0.066s] -- The C compiler identification is GNU 11.4.0
[0.108s] -- The CXX compiler identification is GNU 11.4.0
[0.113s] -- Detecting C compiler ABI info
[0.199s] -- Detecting C compiler ABI info - done
[0.201s] -- Check for working C compiler: /usr/bin/cc - skipped
[0.201s] -- Detecting C compile features
[0.201s] -- Detecting C compile features - done
[0.203s] -- Detecting CXX compiler ABI info
[0.280s] -- Detecting CXX compiler ABI info - done
[0.285s] -- Check for working CXX compiler: /usr/bin/c++ - skipped
[0.285s] -- Detecting CXX compile features
[0.285s] -- Detecting CXX compile features - done
[0.286s] -- Enabling tests requiring a display
[0.290s] -- Found ament_cmake: 1.3.12 (/opt/ros/humble/share/ament_cmake/cmake)
[0.425s] -- Found Python3: /usr/bin/python3 (found version "3.10.12") found components: Interpreter 
[0.508s] -- Found rviz_ogre_vendor: 11.2.18 (/home/rinav/ros2_ws/install/rviz_ogre_vendor/share/rviz_ogre_vendor/cmake)
[0.509s] -- Setting OGRE_DIR to: '/home/rinav/ros2_ws/install/rviz_ogre_vendor/share/rviz_ogre_vendor/cmake/../../../opt/rviz_ogre_vendor/lib/OGRE/cmake'
[0.510s] -- Found OGRE
[0.510s] --   static     : OFF
[0.510s] --   components : HLMS;MeshLodGenerator;Overlay;Paging;Property;RTShaderSystem;Terrain;Volume
[0.510s] --   plugins    : Plugin_BSPSceneManager;Plugin_OctreeSceneManager;Plugin_PCZSceneManager;Plugin_ParticleFX;RenderSystem_GL;RenderSystem_GL3Plus;Codec_STBI;Codec_EXR
[0.510s] --   media      : /home/rinav/ros2_ws/install/rviz_ogre_vendor/opt/rviz_ogre_vendor/share/OGRE/Media
[0.510s] -- OGRE_LIBRARIES: OgreHLMS;OgreMeshLodGenerator;OgreOverlay;OgrePaging;OgreProperty;OgreRTShaderSystem;OgreTerrain;OgreVolume;OgreMain
[0.510s] -- OGRE_LIBRARY_DIRS: /home/rinav/ros2_ws/install/rviz_ogre_vendor/opt/rviz_ogre_vendor/lib
[0.510s] -- OGRE_PLUGINS: Plugin_BSPSceneManager;Plugin_OctreeSceneManager;Plugin_PCZSceneManager;Plugin_ParticleFX;RenderSystem_GL;RenderSystem_GL3Plus;Codec_STBI;Codec_EXR
[0.510s] -- OGRE_PLUGIN_DIR: /home/rinav/ros2_ws/install/rviz_ogre_vendor/opt/rviz_ogre_vendor/lib/OGRE
[0.510s] -- rviz_ogre_vendor::OgreOverlay for IMPORTED_LOCATION_RELEASE: /home/rinav/ros2_ws/install/rviz_ogre_vendor/opt/rviz_ogre_vendor/lib/libOgreOverlay.so
[0.510s] -- rviz_ogre_vendor::OgreOverlay for IMPORTED_LOCATION_DEBUG: /home/rinav/ros2_ws/install/rviz_ogre_vendor/opt/rviz_ogre_vendor/lib/libOgreOverlay.so
[0.511s] -- rviz_ogre_vendor::OgreMain for IMPORTED_LOCATION_RELEASE: /home/rinav/ros2_ws/install/rviz_ogre_vendor/opt/rviz_ogre_vendor/lib/libOgreMain.so
[0.511s] -- rviz_ogre_vendor::OgreMain for IMPORTED_LOCATION_DEBUG: /home/rinav/ros2_ws/install/rviz_ogre_vendor/opt/rviz_ogre_vendor/lib/libOgreMain.so
[0.523s] -- Could not find freeimage library
[0.550s] -- Found ZLIB: /usr/lib/aarch64-linux-gnu/libz.so (found version "1.2.11") 
[0.557s] -- Found OpenGL: /usr/lib/aarch64-linux-gnu/libOpenGL.so   
[0.668s] -- Found X11: /usr/include   
[0.668s] -- Looking for XOpenDisplay in /usr/lib/aarch64-linux-gnu/libX11.so;/usr/lib/aarch64-linux-gnu/libXext.so
[30.886s] -- Looking for XOpenDisplay in /usr/lib/aarch64-linux-gnu/libX11.so;/usr/lib/aarch64-linux-gnu/libXext.so - found
[30.887s] -- Looking for gethostbyname
[30.951s] -- Looking for gethostbyname - found
[30.951s] -- Looking for connect
[31.010s] -- Looking for connect - found
[31.010s] -- Looking for remove
[31.085s] -- Looking for remove - found
[31.085s] -- Looking for shmat
[31.156s] -- Looking for shmat - found
[31.160s] -- Looking for IceConnectionNumber in ICE
[31.217s] -- Looking for IceConnectionNumber in ICE - found
[31.239s] -- Found geometry_msgs: 4.9.0 (/opt/ros/humble/share/geometry_msgs/cmake)
[31.281s] -- Found rosidl_generator_c: 3.1.7 (/opt/ros/humble/share/rosidl_generator_c/cmake)
[31.288s] -- Found rosidl_adapter: 3.1.7 (/opt/ros/humble/share/rosidl_adapter/cmake)
[31.298s] -- Found rosidl_generator_cpp: 3.1.7 (/opt/ros/humble/share/rosidl_generator_cpp/cmake)
[31.314s] -- Using all available rosidl_typesupport_c: rosidl_typesupport_fastrtps_c;rosidl_typesupport_introspection_c
[31.333s] -- Using all available rosidl_typesupport_cpp: rosidl_typesupport_fastrtps_cpp;rosidl_typesupport_introspection_cpp
[31.372s] -- Found pluginlib: 5.1.0 (/opt/ros/humble/share/pluginlib/cmake)
[31.407s] -- Found rclcpp: 16.0.15 (/opt/ros/humble/share/rclcpp/cmake)
[31.453s] -- Found rmw_implementation_cmake: 6.1.2 (/opt/ros/humble/share/rmw_implementation_cmake/cmake)
[31.459s] -- Found rmw_fastrtps_cpp: 6.2.8 (/opt/ros/humble/share/rmw_fastrtps_cpp/cmake)
[31.487s] -- Found TinyXML2 via Config file: TinyXML2_DIR-NOTFOUND
[31.552s] -- Found OpenSSL: /usr/lib/aarch64-linux-gnu/libcrypto.so (found version "3.0.2")  
[31.554s] -- Found TinyXML2 via Config file: TinyXML2_DIR-NOTFOUND
[31.566s] -- Found FastRTPS: /opt/ros/humble/include  
[31.569s] -- Found TinyXML2 via Config file: TinyXML2_DIR-NOTFOUND
[31.575s] -- Found TinyXML2 via Config file: TinyXML2_DIR-NOTFOUND
[31.593s] -- Using RMW implementation 'rmw_fastrtps_cpp' as default
[31.606s] -- Looking for pthread.h
[31.692s] -- Looking for pthread.h - found
[31.692s] -- Performing Test CMAKE_HAVE_LIBC_PTHREAD
[31.776s] -- Performing Test CMAKE_HAVE_LIBC_PTHREAD - Success
[31.777s] -- Found Threads: TRUE  
[31.832s] -- Found resource_retriever: 3.1.3 (/opt/ros/humble/share/resource_retriever/cmake)
[31.957s] -- library: /usr/lib/aarch64-linux-gnu/libcurl.so
[31.959s] -- Found rviz_rendering: 11.2.18 (/home/rinav/ros2_ws/install/rviz_rendering/share/rviz_rendering/cmake)
[31.960s] -- Setting assimp_DIR to: '/home/rinav/ros2_ws/install/rviz_assimp_vendor/share/rviz_assimp_vendor/cmake/../../../opt/rviz_assimp_vendor/lib/cmake/assimp-4.1'
[31.984s] -- Found sensor_msgs: 4.9.0 (/opt/ros/humble/share/sensor_msgs/cmake)
[32.023s] -- Found tf2: 0.25.16 (/opt/ros/humble/share/tf2/cmake)
[32.029s] -- Found tf2_geometry_msgs: 0.25.16 (/opt/ros/humble/share/tf2_geometry_msgs/cmake)
[32.056s] -- Found Eigen3: TRUE (found version "3.4.0") 
[32.056s] -- Ensuring Eigen3 include directory is part of orocos-kdl CMake target
[32.173s] -- Found urdf: 2.6.1 (/opt/ros/humble/share/urdf/cmake)
[32.205s] -- Found yaml_cpp_vendor: 8.0.2 (/opt/ros/humble/share/yaml_cpp_vendor/cmake)
[32.211s] -- Found TinyXML2 via Config file: TinyXML2_DIR-NOTFOUND
[32.295s] -- Found ament_lint_auto: 0.12.14 (/opt/ros/humble/share/ament_lint_auto/cmake)
[32.343s] -- Found gmock sources under '/opt/ros/humble/src/gmock_vendor': C++ tests using 'Google Mock' will be built
[32.351s] -- Found gtest sources under '/opt/ros/humble/src/gtest_vendor': C++ tests using 'Google Test' will be built
[32.373s] -- Added test 'cppcheck' to perform static code analysis on C / C++ code
[32.373s] -- Configured cppcheck include dirs: $<BUILD_INTERFACE:/home/rinav/ros2_ws/src/rviz/rviz_common/include>
[32.373s] -- Configured cppcheck exclude dirs and/or files: 
[32.380s] -- Added test 'cpplint' to check C / C++ code against the Google style
[32.380s] -- Configured cpplint exclude dirs and/or files: 
[32.383s] -- Added test 'lint_cmake' to check CMake code style
[32.390s] -- Added test 'uncrustify' to check C / C++ code style
[32.390s] -- Configured uncrustify additional arguments: 
[32.391s] -- Added test 'xmllint' to check XML markup files
[32.395s] -- Configuring done
[32.519s] -- Generating done
[32.553s] -- Build files have been written to: /home/rinav/ros2_ws/build/rviz_common
[32.561s] Invoked command in '/home/rinav/ros2_ws/build/rviz_common' returned '0': CMAKE_PREFIX_PATH=/home/rinav/ros2_ws/install/rviz_rendering:/home/rinav/ros2_ws/install/rviz_ogre_vendor:/home/rinav/ros2_ws/install/rviz_assimp_vendor:/home/rinav/ros2_ws/install/ur:/home/rinav/ros2_ws/install/ur_calibration:/home/rinav/ros2_ws/install/ur_robot_driver:/home/rinav/ros2_ws/install/ur_moveit_config:/home/rinav/ros2_ws/install/ur_bringup:/home/rinav/ros2_ws/install/ur_description:/home/rinav/ros2_ws/install/ur_controllers:/home/rinav/ros2_ws/install/ur_dashboard_msgs:/home/rinav/ros2_ws/install/turtlesim:/home/rinav/ros2_ws/install/pilz_industrial_motion_planner_testutils:/home/rinav/ros2_ws/install/moveit_ros_control_interface:/home/rinav/ros2_ws/install/moveit_plugins:/home/rinav/ros2_ws/install/husky_ur3_moveit_config:/home/rinav/ros2_ws/install/moveit_simple_controller_manager:/home/rinav/ros2_ws/install/moveit_ros_planning:/home/rinav/ros2_ws/install/moveit_ros_occupancy_map_monitor:/home/rinav/ros2_ws/install/moveit_resources_prbt_ikfast_manipulator_plugin:/home/rinav/ros2_ws/install/moveit_planners_chomp:/home/rinav/ros2_ws/install/moveit_chomp_optimizer_adapter:/home/rinav/ros2_ws/install/chomp_motion_planner:/home/rinav/ros2_ws/install/moveit_core:/home/rinav/ros2_ws/install/srdfdom:/home/rinav/ros2_ws/install/rviz_visual_testing_framework:/home/rinav/ros2_ws/install/rviz_rendering_tests:/home/rinav/ros2_ws/install/husky_desktop:/home/rinav/ros2_ws/install/husky_viz:/home/rinav/ros2_ws/install/rviz2:/home/rinav/ros2_ws/install/rviz_default_plugins:/home/rinav/ros2_ws/install/rviz_common:/home/rinav/ros2_ws/install/rviz_marker_tools:/home/rinav/ros2_ws/install/rosparam_shortcuts:/home/rinav/ros2_ws/install/robotis_manipulator:/home/rinav/ros2_ws/install/moveit_task_constructor_msgs:/home/rinav/ros2_ws/install/moveit_resources_prbt_support:/home/rinav/ros2_ws/install/moveit_resources:/home/rinav/ros2_ws/install/moveit_resources_pr2_description:/home/rinav/ros2_ws/install/moveit_resources_panda_moveit_config:/home/rinav/ros2_ws/install/moveit_resources_panda_description:/home/rinav/ros2_ws/install/moveit_resources_fanuc_moveit_config:/home/rinav/ros2_ws/install/moveit_resources_fanuc_description:/home/rinav/ros2_ws/install/moveit_common:/home/rinav/ros2_ws/install/husky_ur3_ignition:/home/rinav/ros2_ws/install/husky_simulator:/home/rinav/ros2_ws/install/husky_robot:/home/rinav/ros2_ws/install/husky_bringup:/home/rinav/ros2_ws/install/husky_base:/home/rinav/ros2_ws/install/husky_msgs:/home/rinav/ros2_ws/install/husky_gazebo:/home/rinav/ros2_ws/install/husky_control:/home/rinav/ros2_ws/install/husky_description:/home/rinav/ros2_ws/src/rviz/install:/home/rinav/ros2_ws/install/trial_package:/home/rinav/ros2_ws/install/moveit_configs_utils:/home/rinav/ros2_ws/install/py_srvcli:/home/rinav/ros2_ws/install/py_pubsub:/home/rinav/ros2_ws/install/mobile_robotics:/home/rinav/ros2_ws/install/launch_param_builder:/opt/ros/humble LD_LIBRARY_PATH=/home/rinav/ros2_ws/install/rviz_rendering/lib:/home/rinav/ros2_ws/install/ur_robot_driver/lib:/home/rinav/ros2_ws/install/ur_controllers/lib:/home/rinav/ros2_ws/install/ur_dashboard_msgs/lib:/home/rinav/ros2_ws/install/turtlesim/lib:/home/rinav/ros2_ws/install/pilz_industrial_motion_planner_testutils/lib:/home/rinav/ros2_ws/install/moveit_ros_control_interface/lib:/home/rinav/ros2_ws/install/moveit_simple_controller_manager/lib:/home/rinav/ros2_ws/install/moveit_ros_planning/lib:/home/rinav/ros2_ws/install/moveit_ros_occupancy_map_monitor/lib:/home/rinav/ros2_ws/install/moveit_resources_prbt_ikfast_manipulator_plugin/lib:/home/rinav/ros2_ws/install/moveit_planners_chomp/lib:/home/rinav/ros2_ws/install/moveit_chomp_optimizer_adapter/lib:/home/rinav/ros2_ws/install/chomp_motion_planner/lib:/home/rinav/ros2_ws/install/moveit_core/lib:/home/rinav/ros2_ws/install/srdfdom/lib:/home/rinav/ros2_ws/install/rviz_default_plugins/lib:/home/rinav/ros2_ws/install/rviz_common/lib:/home/rinav/ros2_ws/install/rviz_ogre_vendor/opt/rviz_ogre_vendor/lib:/home/rinav/ros2_ws/install/rviz_marker_tools/lib:/home/rinav/ros2_ws/install/rosparam_shortcuts/lib:/home/rinav/ros2_ws/install/robotis_manipulator/lib:/home/rinav/ros2_ws/install/moveit_task_constructor_msgs/lib:/home/rinav/ros2_ws/install/husky_base/lib:/home/rinav/ros2_ws/install/husky_msgs/lib:/home/rinav/ros2_ws/src/rviz/install/opt/rviz_ogre_vendor/lib:/home/rinav/ros2_ws/src/rviz/install/lib:/opt/ros/humble/opt/rviz_ogre_vendor/lib:/opt/ros/humble/lib/aarch64-linux-gnu:/opt/ros/humble/lib /usr/bin/cmake /home/rinav/ros2_ws/src/rviz/rviz_common -DCMAKE_INSTALL_PREFIX=/home/rinav/ros2_ws/install/rviz_common
[32.566s] Invoking command in '/home/rinav/ros2_ws/build/rviz_common': CMAKE_PREFIX_PATH=/home/rinav/ros2_ws/install/rviz_rendering:/home/rinav/ros2_ws/install/rviz_ogre_vendor:/home/rinav/ros2_ws/install/rviz_assimp_vendor:/home/rinav/ros2_ws/install/ur:/home/rinav/ros2_ws/install/ur_calibration:/home/rinav/ros2_ws/install/ur_robot_driver:/home/rinav/ros2_ws/install/ur_moveit_config:/home/rinav/ros2_ws/install/ur_bringup:/home/rinav/ros2_ws/install/ur_description:/home/rinav/ros2_ws/install/ur_controllers:/home/rinav/ros2_ws/install/ur_dashboard_msgs:/home/rinav/ros2_ws/install/turtlesim:/home/rinav/ros2_ws/install/pilz_industrial_motion_planner_testutils:/home/rinav/ros2_ws/install/moveit_ros_control_interface:/home/rinav/ros2_ws/install/moveit_plugins:/home/rinav/ros2_ws/install/husky_ur3_moveit_config:/home/rinav/ros2_ws/install/moveit_simple_controller_manager:/home/rinav/ros2_ws/install/moveit_ros_planning:/home/rinav/ros2_ws/install/moveit_ros_occupancy_map_monitor:/home/rinav/ros2_ws/install/moveit_resources_prbt_ikfast_manipulator_plugin:/home/rinav/ros2_ws/install/moveit_planners_chomp:/home/rinav/ros2_ws/install/moveit_chomp_optimizer_adapter:/home/rinav/ros2_ws/install/chomp_motion_planner:/home/rinav/ros2_ws/install/moveit_core:/home/rinav/ros2_ws/install/srdfdom:/home/rinav/ros2_ws/install/rviz_visual_testing_framework:/home/rinav/ros2_ws/install/rviz_rendering_tests:/home/rinav/ros2_ws/install/husky_desktop:/home/rinav/ros2_ws/install/husky_viz:/home/rinav/ros2_ws/install/rviz2:/home/rinav/ros2_ws/install/rviz_default_plugins:/home/rinav/ros2_ws/install/rviz_common:/home/rinav/ros2_ws/install/rviz_marker_tools:/home/rinav/ros2_ws/install/rosparam_shortcuts:/home/rinav/ros2_ws/install/robotis_manipulator:/home/rinav/ros2_ws/install/moveit_task_constructor_msgs:/home/rinav/ros2_ws/install/moveit_resources_prbt_support:/home/rinav/ros2_ws/install/moveit_resources:/home/rinav/ros2_ws/install/moveit_resources_pr2_description:/home/rinav/ros2_ws/install/moveit_resources_panda_moveit_config:/home/rinav/ros2_ws/install/moveit_resources_panda_description:/home/rinav/ros2_ws/install/moveit_resources_fanuc_moveit_config:/home/rinav/ros2_ws/install/moveit_resources_fanuc_description:/home/rinav/ros2_ws/install/moveit_common:/home/rinav/ros2_ws/install/husky_ur3_ignition:/home/rinav/ros2_ws/install/husky_simulator:/home/rinav/ros2_ws/install/husky_robot:/home/rinav/ros2_ws/install/husky_bringup:/home/rinav/ros2_ws/install/husky_base:/home/rinav/ros2_ws/install/husky_msgs:/home/rinav/ros2_ws/install/husky_gazebo:/home/rinav/ros2_ws/install/husky_control:/home/rinav/ros2_ws/install/husky_description:/home/rinav/ros2_ws/src/rviz/install:/home/rinav/ros2_ws/install/trial_package:/home/rinav/ros2_ws/install/moveit_configs_utils:/home/rinav/ros2_ws/install/py_srvcli:/home/rinav/ros2_ws/install/py_pubsub:/home/rinav/ros2_ws/install/mobile_robotics:/home/rinav/ros2_ws/install/launch_param_builder:/opt/ros/humble LD_LIBRARY_PATH=/home/rinav/ros2_ws/install/rviz_rendering/lib:/home/rinav/ros2_ws/install/ur_robot_driver/lib:/home/rinav/ros2_ws/install/ur_controllers/lib:/home/rinav/ros2_ws/install/ur_dashboard_msgs/lib:/home/rinav/ros2_ws/install/turtlesim/lib:/home/rinav/ros2_ws/install/pilz_industrial_motion_planner_testutils/lib:/home/rinav/ros2_ws/install/moveit_ros_control_interface/lib:/home/rinav/ros2_ws/install/moveit_simple_controller_manager/lib:/home/rinav/ros2_ws/install/moveit_ros_planning/lib:/home/rinav/ros2_ws/install/moveit_ros_occupancy_map_monitor/lib:/home/rinav/ros2_ws/install/moveit_resources_prbt_ikfast_manipulator_plugin/lib:/home/rinav/ros2_ws/install/moveit_planners_chomp/lib:/home/rinav/ros2_ws/install/moveit_chomp_optimizer_adapter/lib:/home/rinav/ros2_ws/install/chomp_motion_planner/lib:/home/rinav/ros2_ws/install/moveit_core/lib:/home/rinav/ros2_ws/install/srdfdom/lib:/home/rinav/ros2_ws/install/rviz_default_plugins/lib:/home/rinav/ros2_ws/install/rviz_common/lib:/home/rinav/ros2_ws/install/rviz_ogre_vendor/opt/rviz_ogre_vendor/lib:/home/rinav/ros2_ws/install/rviz_marker_tools/lib:/home/rinav/ros2_ws/install/rosparam_shortcuts/lib:/home/rinav/ros2_ws/install/robotis_manipulator/lib:/home/rinav/ros2_ws/install/moveit_task_constructor_msgs/lib:/home/rinav/ros2_ws/install/husky_base/lib:/home/rinav/ros2_ws/install/husky_msgs/lib:/home/rinav/ros2_ws/src/rviz/install/opt/rviz_ogre_vendor/lib:/home/rinav/ros2_ws/src/rviz/install/lib:/opt/ros/humble/opt/rviz_ogre_vendor/lib:/opt/ros/humble/lib/aarch64-linux-gnu:/opt/ros/humble/lib /usr/bin/cmake --build /home/rinav/ros2_ws/build/rviz_common -- -j8 -l8
[32.626s] [  0%] [34m[1mGenerating include/rviz_common/interaction/moc_selection_manager_iface.cpp[0m
[32.627s] [  1%] [34m[1mGenerating include/rviz_common/interaction/moc_selection_manager.cpp[0m
[32.636s] [  1%] [34m[1mGenerating include/rviz_common/moc_display.cpp[0m
[32.638s] [  2%] [34m[1mGenerating include/rviz_common/moc_display_context.cpp[0m
[32.641s] [  2%] [34m[1mGenerating src/rviz_common/moc_widget_geometry_change_detector.cpp[0m
[32.642s] [  2%] [32mBuilding CXX object gmock/CMakeFiles/gmock.dir/opt/ros/humble/src/gtest_vendor/src/gtest-all.cc.o[0m
[32.647s] [  2%] [32mBuilding CXX object gmock/CMakeFiles/gmock_main.dir/src/gmock_main.cc.o[0m
[32.648s] [  2%] [34m[1mGenerating include/rviz_common/moc_frame_manager_iface.cpp[0m
[32.662s] [  2%] [34m[1mGenerating include/rviz_common/moc_frame_position_tracking_view_controller.cpp[0m
[32.667s] [  3%] [34m[1mGenerating include/rviz_common/moc_display_group.cpp[0m
[32.668s] [  3%] [32mBuilding CXX object gmock/CMakeFiles/gmock.dir/src/gmock-all.cc.o[0m
[32.671s] [  3%] [34m[1mGenerating include/rviz_common/moc_panel.cpp[0m
[32.674s] [  4%] [34m[1mGenerating include/rviz_common/moc_panel_dock_widget.cpp[0m
[32.683s] [  4%] [34m[1mGenerating include/rviz_common/moc_render_panel.cpp[0m
[32.685s] [  5%] [34m[1mGenerating include/rviz_common/moc_ros_topic_display.cpp[0m
[32.696s] [  5%] [34m[1mGenerating include/rviz_common/moc_tool.cpp[0m
[32.701s] [  5%] [34m[1mGenerating include/rviz_common/moc_tool_manager.cpp[0m
[32.718s] [  5%] [34m[1mGenerating include/rviz_common/moc_view_controller.cpp[0m
[32.727s] [  5%] [34m[1mGenerating include/rviz_common/moc_view_manager.cpp[0m
[32.753s] [  5%] [34m[1mGenerating include/rviz_common/moc_visualization_manager.cpp[0m
[32.762s] [  5%] [34m[1mGenerating include/rviz_common/moc_visualization_frame.cpp[0m
[32.778s] [  6%] [34m[1mGenerating include/rviz_common/moc_visualizer_app.cpp[0m
[32.783s] [  6%] [34m[1mGenerating include/rviz_common/properties/moc_color_editor.cpp[0m
[32.817s] [  6%] [34m[1mGenerating include/rviz_common/properties/moc_bool_property.cpp[0m
[32.833s] [  7%] [34m[1mGenerating include/rviz_common/properties/moc_color_property.cpp[0m
[32.843s] [  7%] [34m[1mGenerating include/rviz_common/properties/moc_combo_box.cpp[0m
[32.846s] [  7%] [34m[1mGenerating include/rviz_common/properties/moc_covariance_property.cpp[0m
[32.884s] [  8%] [34m[1mGenerating include/rviz_common/properties/moc_display_group_visibility_property.cpp[0m
[32.892s] [  8%] [34m[1mGenerating include/rviz_common/properties/moc_display_visibility_property.cpp[0m
[32.893s] [  9%] [34m[1mGenerating include/rviz_common/properties/moc_editable_combo_box.cpp[0m
[32.899s] [  9%] [34m[1mGenerating include/rviz_common/properties/moc_editable_enum_property.cpp[0m
[32.914s] [  9%] [34m[1mGenerating include/rviz_common/properties/moc_float_edit.cpp[0m
[32.925s] [ 10%] [34m[1mGenerating include/rviz_common/properties/moc_enum_property.cpp[0m
[32.955s] [ 11%] [34m[1mGenerating include/rviz_common/properties/moc_float_property.cpp[0m
[32.966s] [ 12%] [34m[1mGenerating include/rviz_common/properties/moc_line_edit_with_button.cpp[0m
[32.975s] [ 12%] [34m[1mGenerating include/rviz_common/properties/moc_int_property.cpp[0m
[32.986s] [ 12%] [34m[1mGenerating include/rviz_common/properties/moc_property.cpp[0m
[33.025s] [ 12%] [34m[1mGenerating include/rviz_common/properties/moc_property_tree_delegate.cpp[0m
[33.070s] [ 13%] [34m[1mGenerating include/rviz_common/properties/moc_property_tree_model.cpp[0m
[33.085s] [ 13%] [34m[1mGenerating include/rviz_common/properties/moc_property_tree_widget.cpp[0m
[33.108s] [ 13%] [34m[1mGenerating include/rviz_common/properties/moc_property_tree_with_help.cpp[0m
[33.126s] [ 13%] [34m[1mGenerating include/rviz_common/properties/moc_qos_profile_property.cpp[0m
[33.144s] [ 14%] [34m[1mGenerating include/rviz_common/properties/moc_ros_topic_property.cpp[0m
[33.149s] [ 14%] [34m[1mGenerating include/rviz_common/properties/moc_quaternion_property.cpp[0m
[33.188s] [ 14%] [34m[1mGenerating include/rviz_common/properties/moc_splitter_handle.cpp[0m
[33.193s] [ 14%] [32m[1mLinking CXX static library libgmock_main.a[0m
[33.198s] [ 15%] [34m[1mGenerating include/rviz_common/properties/moc_status_list.cpp[0m
[33.198s] [ 15%] [34m[1mGenerating include/rviz_common/properties/moc_status_property.cpp[0m
[33.214s] [ 15%] [34m[1mGenerating include/rviz_common/properties/moc_string_property.cpp[0m
[33.216s] [ 15%] [34m[1mGenerating include/rviz_common/properties/moc_tf_frame_property.cpp[0m
[33.226s] [ 15%] [34m[1mGenerating include/rviz_common/transformation/moc_transformation_manager.cpp[0m
[33.232s] [ 15%] Built target gmock_main
[33.232s] [ 16%] [34m[1mGenerating src/rviz_common/moc_add_display_dialog.cpp[0m
[33.234s] [ 17%] [34m[1mGenerating include/rviz_common/properties/moc_vector_property.cpp[0m
[33.241s] [ 17%] [34m[1mGenerating src/rviz_common/moc_displays_panel.cpp[0m
[33.260s] [ 17%] [34m[1mGenerating src/rviz_common/moc_failed_panel.cpp[0m
[33.261s] [ 18%] [34m[1mGenerating src/rviz_common/moc_frame_manager.cpp[0m
[33.269s] [ 18%] [34m[1mGenerating src/rviz_common/moc_help_panel.cpp[0m
[33.277s] [ 19%] [32mBuilding CXX object gtest/CMakeFiles/gtest.dir/src/gtest-all.cc.o[0m
[33.302s] [ 20%] [34m[1mGenerating src/rviz_common/moc_new_object_dialog.cpp[0m
[33.302s] [ 21%] [34m[1mGenerating src/rviz_common/moc_scaled_image_widget.cpp[0m
[33.307s] [ 21%] [34m[1mGenerating src/rviz_common/moc_loading_dialog.cpp[0m
[33.318s] [ 21%] [34m[1mGenerating src/rviz_common/moc_screenshot_dialog.cpp[0m
[33.324s] [ 21%] [34m[1mGenerating src/rviz_common/moc_splash_screen.cpp[0m
[33.352s] [ 22%] [34m[1mGenerating src/rviz_common/moc_time_panel.cpp[0m
[33.361s] [ 23%] [34m[1mGenerating src/rviz_common/moc_tool_properties_panel.cpp[0m
[33.369s] [ 24%] [34m[1mGenerating src/rviz_common/moc_views_panel.cpp[0m
[33.381s] [ 25%] [34m[1mGenerating src/rviz_common/moc_transformation_panel.cpp[0m
[33.430s] [ 25%] [32mBuilding CXX object CMakeFiles/rviz_common.dir/src/rviz_common/moc_add_display_dialog.cpp.o[0m
[33.446s] [ 26%] [32mBuilding CXX object CMakeFiles/rviz_common.dir/src/rviz_common/moc_help_panel.cpp.o[0m
[33.457s] [ 26%] [32mBuilding CXX object CMakeFiles/rviz_common.dir/include/rviz_common/properties/moc_enum_property.cpp.o[0m
[35.111s] [ 27%] [32m[1mLinking CXX static library libgmock.a[0m
[35.172s] [ 27%] Built target gmock
[35.680s] [ 27%] [32m[1mLinking CXX static library libgtest.a[0m
[35.740s] [ 27%] Built target gtest
[36.141s] [ 27%] [32mBuilding CXX object CMakeFiles/rviz_common.dir/include/rviz_common/moc_visualizer_app.cpp.o[0m
[38.673s] [ 28%] [32mBuilding CXX object CMakeFiles/rviz_common.dir/include/rviz_common/moc_display.cpp.o[0m
[39.451s] [ 28%] [32mBuilding CXX object CMakeFiles/rviz_common.dir/include/rviz_common/moc_display_context.cpp.o[0m
[41.506s] [ 28%] [32mBuilding CXX object CMakeFiles/rviz_common.dir/src/rviz_common/moc_displays_panel.cpp.o[0m
[43.903s] [ 29%] [32mBuilding CXX object CMakeFiles/rviz_common.dir/src/rviz_common/moc_failed_panel.cpp.o[0m
[44.564s] [ 29%] [32mBuilding CXX object CMakeFiles/rviz_common.dir/src/rviz_common/moc_frame_manager.cpp.o[0m
[46.728s] [ 29%] [32mBuilding CXX object CMakeFiles/rviz_common.dir/include/rviz_common/moc_frame_manager_iface.cpp.o[0m
[49.092s] [ 30%] [32mBuilding CXX object CMakeFiles/rviz_common.dir/src/rviz_common/moc_loading_dialog.cpp.o[0m
[49.745s] [ 30%] [32mBuilding CXX object CMakeFiles/rviz_common.dir/src/rviz_common/moc_new_object_dialog.cpp.o[0m
[50.437s] [ 31%] [32mBuilding CXX object CMakeFiles/rviz_common.dir/include/rviz_common/moc_panel.cpp.o[0m
[51.172s] [ 31%] [32mBuilding CXX object CMakeFiles/rviz_common.dir/include/rviz_common/moc_panel_dock_widget.cpp.o[0m
[51.904s] [ 31%] [32mBuilding CXX object CMakeFiles/rviz_common.dir/include/rviz_common/properties/moc_bool_property.cpp.o[0m
[52.576s] [ 32%] [32mBuilding CXX object CMakeFiles/rviz_common.dir/include/rviz_common/properties/moc_color_editor.cpp.o[0m
[53.311s] [ 32%] [32mBuilding CXX object CMakeFiles/rviz_common.dir/include/rviz_common/properties/moc_color_property.cpp.o[0m
[54.205s] [ 33%] [32mBuilding CXX object CMakeFiles/rviz_common.dir/include/rviz_common/properties/moc_covariance_property.cpp.o[0m
[55.030s] [ 33%] [32mBuilding CXX object CMakeFiles/rviz_common.dir/include/rviz_common/properties/moc_combo_box.cpp.o[0m
[55.859s] [ 33%] [32mBuilding CXX object CMakeFiles/rviz_common.dir/include/rviz_common/properties/moc_display_group_visibility_property.cpp.o[0m
[56.565s] [ 34%] [32mBuilding CXX object CMakeFiles/rviz_common.dir/include/rviz_common/properties/moc_display_visibility_property.cpp.o[0m
[57.209s] [ 34%] [32mBuilding CXX object CMakeFiles/rviz_common.dir/include/rviz_common/properties/moc_editable_combo_box.cpp.o[0m
[57.988s] [ 34%] [32mBuilding CXX object CMakeFiles/rviz_common.dir/include/rviz_common/properties/moc_editable_enum_property.cpp.o[0m
[58.676s] [ 35%] [32mBuilding CXX object CMakeFiles/rviz_common.dir/include/rviz_common/properties/moc_float_edit.cpp.o[0m
[59.365s] [ 35%] [32mBuilding CXX object CMakeFiles/rviz_common.dir/include/rviz_common/properties/moc_float_property.cpp.o[0m
[60.015s] [ 36%] [32mBuilding CXX object CMakeFiles/rviz_common.dir/include/rviz_common/properties/moc_int_property.cpp.o[0m
[60.626s] [ 36%] [32mBuilding CXX object CMakeFiles/rviz_common.dir/include/rviz_common/properties/moc_line_edit_with_button.cpp.o[0m
[61.576s] [ 36%] [32mBuilding CXX object CMakeFiles/rviz_common.dir/include/rviz_common/properties/moc_property.cpp.o[0m
[62.221s] [ 37%] [32mBuilding CXX object CMakeFiles/rviz_common.dir/include/rviz_common/properties/moc_property_tree_delegate.cpp.o[0m
[63.039s] [ 37%] [32mBuilding CXX object CMakeFiles/rviz_common.dir/include/rviz_common/properties/moc_property_tree_model.cpp.o[0m
[63.600s] [ 38%] [32mBuilding CXX object CMakeFiles/rviz_common.dir/include/rviz_common/properties/moc_quaternion_property.cpp.o[0m
[63.601s] [ 38%] [32mBuilding CXX object CMakeFiles/rviz_common.dir/include/rviz_common/properties/moc_property_tree_with_help.cpp.o[0m
[64.283s] [ 39%] [32mBuilding CXX object CMakeFiles/rviz_common.dir/include/rviz_common/properties/moc_qos_profile_property.cpp.o[0m
[64.436s] [ 39%] [32mBuilding CXX object CMakeFiles/rviz_common.dir/include/rviz_common/properties/moc_ros_topic_property.cpp.o[0m
[64.443s] [ 39%] [32mBuilding CXX object CMakeFiles/rviz_common.dir/include/rviz_common/moc_frame_position_tracking_view_controller.cpp.o[0m
[65.131s] [ 40%] [32mBuilding CXX object CMakeFiles/rviz_common.dir/include/rviz_common/properties/moc_status_list.cpp.o[0m
[65.348s] [ 40%] [32mBuilding CXX object CMakeFiles/rviz_common.dir/include/rviz_common/properties/moc_status_property.cpp.o[0m
[65.761s] [ 40%] [32mBuilding CXX object CMakeFiles/rviz_common.dir/include/rviz_common/properties/moc_string_property.cpp.o[0m
[66.118s] [ 41%] [32mBuilding CXX object CMakeFiles/rviz_common.dir/include/rviz_common/properties/moc_tf_frame_property.cpp.o[0m
[66.403s] [ 41%] [32mBuilding CXX object CMakeFiles/rviz_common.dir/include/rviz_common/properties/moc_vector_property.cpp.o[0m
[66.410s] [ 41%] [32mBuilding CXX object CMakeFiles/rviz_common.dir/include/rviz_common/moc_render_panel.cpp.o[0m
[66.891s] [ 41%] [32mBuilding CXX object CMakeFiles/rviz_common.dir/include/rviz_common/moc_display_group.cpp.o[0m
[67.277s] [ 42%] [32mBuilding CXX object CMakeFiles/rviz_common.dir/include/rviz_common/moc_visualization_manager.cpp.o[0m
[67.491s] [ 42%] [32mBuilding CXX object CMakeFiles/rviz_common.dir/src/rviz_common/moc_scaled_image_widget.cpp.o[0m
[67.507s] [ 43%] [32mBuilding CXX object CMakeFiles/rviz_common.dir/include/rviz_common/properties/moc_splitter_handle.cpp.o[0m
[67.869s] [ 44%] [32mBuilding CXX object CMakeFiles/rviz_common.dir/src/rviz_common/moc_screenshot_dialog.cpp.o[0m
[68.141s] [ 44%] [32mBuilding CXX object CMakeFiles/rviz_common.dir/include/rviz_common/interaction/moc_selection_manager.cpp.o[0m
[68.451s] [ 44%] [32mBuilding CXX object CMakeFiles/rviz_common.dir/include/rviz_common/interaction/moc_selection_manager_iface.cpp.o[0m
[68.663s] [ 45%] [32mBuilding CXX object CMakeFiles/rviz_common.dir/src/rviz_common/moc_splash_screen.cpp.o[0m
[68.721s] [ 45%] [32mBuilding CXX object CMakeFiles/rviz_common.dir/src/rviz_common/moc_time_panel.cpp.o[0m
[69.434s] [ 45%] [32mBuilding CXX object CMakeFiles/rviz_common.dir/include/rviz_common/moc_tool.cpp.o[0m
[69.807s] [ 46%] [32mBuilding CXX object CMakeFiles/rviz_common.dir/include/rviz_common/moc_tool_manager.cpp.o[0m
[69.881s] [ 46%] [32mBuilding CXX object CMakeFiles/rviz_common.dir/src/rviz_common/moc_tool_properties_panel.cpp.o[0m
[70.275s] [ 47%] [32mBuilding CXX object CMakeFiles/rviz_common.dir/include/rviz_common/transformation/moc_transformation_manager.cpp.o[0m
[70.695s] [ 47%] [32mBuilding CXX object CMakeFiles/rviz_common.dir/src/rviz_common/moc_transformation_panel.cpp.o[0m
[71.119s] [ 47%] [32mBuilding CXX object CMakeFiles/rviz_common.dir/include/rviz_common/moc_view_controller.cpp.o[0m
[71.705s] [ 48%] [32mBuilding CXX object CMakeFiles/rviz_common.dir/include/rviz_common/moc_view_manager.cpp.o[0m
[71.753s] [ 48%] [32mBuilding CXX object CMakeFiles/rviz_common.dir/src/rviz_common/moc_views_panel.cpp.o[0m
[72.055s] [ 48%] [32mBuilding CXX object CMakeFiles/rviz_common.dir/include/rviz_common/moc_visualization_frame.cpp.o[0m
[72.583s] [ 49%] [32mBuilding CXX object CMakeFiles/rviz_common.dir/src/rviz_common/moc_widget_geometry_change_detector.cpp.o[0m
[72.704s] [ 49%] [32mBuilding CXX object CMakeFiles/rviz_common.dir/include/rviz_common/moc_ros_topic_display.cpp.o[0m
[73.345s] [ 50%] [32mBuilding CXX object CMakeFiles/rviz_common.dir/src/rviz_common/env_config.cpp.o[0m
[76.395s] [ 50%] [32mBuilding CXX object CMakeFiles/rviz_common.dir/src/rviz_common/display_factory.cpp.o[0m
[78.679s] [ 51%] [32mBuilding CXX object CMakeFiles/rviz_common.dir/src/rviz_common/display_group.cpp.o[0m
[81.331s] [ 51%] [32mBuilding CXX object CMakeFiles/rviz_common.dir/src/rviz_common/display.cpp.o[0m
[84.240s] [ 52%] [32mBuilding CXX object CMakeFiles/rviz_common.dir/src/rviz_common/displays_panel.cpp.o[0m
[87.246s] [ 52%] [32mBuilding CXX object CMakeFiles/rviz_common.dir/src/rviz_common/failed_display.cpp.o[0m
[88.039s] [ 52%] [32mBuilding CXX object CMakeFiles/rviz_common.dir/src/rviz_common/failed_panel.cpp.o[0m
[88.780s] [ 53%] [32mBuilding CXX object CMakeFiles/rviz_common.dir/src/rviz_common/failed_tool.cpp.o[0m
[91.006s] [ 53%] [32mBuilding CXX object CMakeFiles/rviz_common.dir/src/rviz_common/failed_view_controller.cpp.o[0m
[93.264s] [ 54%] [32mBuilding CXX object CMakeFiles/rviz_common.dir/src/rviz_common/frame_manager.cpp.o[0m
[95.488s] [ 54%] [32mBuilding CXX object CMakeFiles/rviz_common.dir/src/rviz_common/frame_position_tracking_view_controller.cpp.o[0m
[98.489s] [ 54%] [32mBuilding CXX object CMakeFiles/rviz_common.dir/src/rviz_common/help_panel.cpp.o[0m
[99.497s] [ 55%] [32mBuilding CXX object CMakeFiles/rviz_common.dir/src/rviz_common/load_resource.cpp.o[0m
[99.497s] [ 55%] [32mBuilding CXX object CMakeFiles/rviz_common.dir/src/rviz_common/depth_cloud_mld.cpp.o[0m
[100.180s] [ 56%] [32mBuilding CXX object CMakeFiles/rviz_common.dir/src/rviz_common/config.cpp.o[0m
[100.835s] [ 56%] [32mBuilding CXX object CMakeFiles/rviz_common.dir/src/rviz_common/bit_allocator.cpp.o[0m
[100.838s] [ 56%] [32mBuilding CXX object CMakeFiles/rviz_common.dir/src/rviz_common/loading_dialog.cpp.o[0m
[100.880s] [ 56%] [32mBuilding CXX object CMakeFiles/rviz_common.dir/src/rviz_common/logging.cpp.o[0m
[100.960s] [ 57%] [32mBuilding CXX object CMakeFiles/rviz_common.dir/src/rviz_common/new_object_dialog.cpp.o[0m
[101.241s] [ 57%] [32mBuilding CXX object CMakeFiles/rviz_common.dir/src/rviz_common/panel_dock_widget.cpp.o[0m
[101.604s] [ 58%] [32mBuilding CXX object CMakeFiles/rviz_common.dir/src/rviz_common/panel_factory.cpp.o[0m
[101.604s] [ 58%] [32mBuilding CXX object CMakeFiles/rviz_common.dir/src/rviz_common/add_display_dialog.cpp.o[0m
[101.639s] [ 58%] [32mBuilding CXX object CMakeFiles/rviz_common.dir/src/rviz_common/panel.cpp.o[0m
[101.996s] [ 58%] [32mBuilding CXX object CMakeFiles/rviz_common.dir/src/rviz_common/properties/bool_property.cpp.o[0m
[102.090s] [ 59%] [32mBuilding CXX object CMakeFiles/rviz_common.dir/src/rviz_common/properties/color_editor.cpp.o[0m
[102.838s] [ 59%] [32mBuilding CXX object CMakeFiles/rviz_common.dir/src/rviz_common/properties/color_property.cpp.o[0m
[102.866s] [ 59%] [32mBuilding CXX object CMakeFiles/rviz_common.dir/include/rviz_common/properties/moc_property_tree_widget.cpp.o[0m
[103.077s] [ 59%] [32mBuilding CXX object CMakeFiles/rviz_common.dir/src/rviz_common/properties/combo_box.cpp.o[0m
[103.754s] [ 59%] [32mBuilding CXX object CMakeFiles/rviz_common.dir/src/rviz_common/properties/display_group_visibility_property.cpp.o[0m
[103.760s] [ 60%] [32mBuilding CXX object CMakeFiles/rviz_common.dir/src/rviz_common/properties/covariance_property.cpp.o[0m
[103.906s] [ 61%] [32mBuilding CXX object CMakeFiles/rviz_common.dir/src/rviz_common/properties/display_visibility_property.cpp.o[0m
[104.230s] [ 61%] [32mBuilding CXX object CMakeFiles/rviz_common.dir/src/rviz_common/properties/editable_combo_box.cpp.o[0m
[105.060s] [ 61%] [32mBuilding CXX object CMakeFiles/rviz_common.dir/src/rviz_common/properties/editable_enum_property.cpp.o[0m
[105.438s] [ 62%] [32mBuilding CXX object CMakeFiles/rviz_common.dir/src/rviz_common/properties/enum_property.cpp.o[0m
[105.554s] [ 62%] [32mBuilding CXX object CMakeFiles/rviz_common.dir/src/rviz_common/properties/file_picker.cpp.o[0m
[106.170s] [ 62%] [32mBuilding CXX object CMakeFiles/rviz_common.dir/src/rviz_common/properties/file_picker_property.cpp.o[0m
[106.422s] [ 63%] [32mBuilding CXX object CMakeFiles/rviz_common.dir/src/rviz_common/properties/float_edit.cpp.o[0m
[106.712s] [ 63%] [32mBuilding CXX object CMakeFiles/rviz_common.dir/src/rviz_common/properties/float_property.cpp.o[0m
[106.900s] [ 64%] [32mBuilding CXX object CMakeFiles/rviz_common.dir/src/rviz_common/properties/grouped_checkbox_property.cpp.o[0m
[107.139s] [ 64%] [32mBuilding CXX object CMakeFiles/rviz_common.dir/src/rviz_common/properties/grouped_checkbox_property_group.cpp.o[0m
[107.284s] [ 64%] [32mBuilding CXX object CMakeFiles/rviz_common.dir/src/rviz_common/properties/int_property.cpp.o[0m
[107.405s] [ 65%] [32mBuilding CXX object CMakeFiles/rviz_common.dir/src/rviz_common/properties/line_edit_with_button.cpp.o[0m
[107.514s] [ 65%] [32mBuilding CXX object CMakeFiles/rviz_common.dir/src/rviz_common/properties/parse_color.cpp.o[0m
[107.581s] [ 65%] [32mBuilding CXX object CMakeFiles/rviz_common.dir/src/rviz_common/properties/property_tree_delegate.cpp.o[0m
[107.641s] [ 66%] [32mBuilding CXX object CMakeFiles/rviz_common.dir/src/rviz_common/properties/property_tree_model.cpp.o[0m
[108.015s] [ 66%] [32mBuilding CXX object CMakeFiles/rviz_common.dir/src/rviz_common/properties/property_tree_widget.cpp.o[0m
[108.192s] [ 67%] [32mBuilding CXX object CMakeFiles/rviz_common.dir/src/rviz_common/properties/property_tree_with_help.cpp.o[0m
[108.264s] [ 67%] [32mBuilding CXX object CMakeFiles/rviz_common.dir/src/rviz_common/properties/property.cpp.o[0m
[108.361s] [ 67%] [32mBuilding CXX object CMakeFiles/rviz_common.dir/src/rviz_common/properties/ros_topic_property.cpp.o[0m
[108.388s] [ 68%] [32mBuilding CXX object CMakeFiles/rviz_common.dir/src/rviz_common/properties/quaternion_property.cpp.o[0m
[108.627s] [ 68%] [32mBuilding CXX object CMakeFiles/rviz_common.dir/src/rviz_common/properties/qos_profile_property.cpp.o[0m
[108.689s] [ 68%] [32mBuilding CXX object CMakeFiles/rviz_common.dir/src/rviz_common/properties/splitter_handle.cpp.o[0m
[109.285s] [ 69%] [32mBuilding CXX object CMakeFiles/rviz_common.dir/src/rviz_common/properties/status_list.cpp.o[0m
[109.330s] [ 69%] [32mBuilding CXX object CMakeFiles/rviz_common.dir/src/rviz_common/properties/status_property.cpp.o[0m
[109.454s] [ 70%] [32mBuilding CXX object CMakeFiles/rviz_common.dir/src/rviz_common/properties/string_property.cpp.o[0m
[109.496s] [ 70%] [32mBuilding CXX object CMakeFiles/rviz_common.dir/src/rviz_common/properties/tf_frame_property.cpp.o[0m
[109.933s] [ 70%] [32mBuilding CXX object CMakeFiles/rviz_common.dir/src/rviz_common/properties/vector_property.cpp.o[0m
[109.934s] [ 71%] [32mBuilding CXX object CMakeFiles/rviz_common.dir/src/rviz_common/render_panel.cpp.o[0m
[110.119s] [ 71%] [32mBuilding CXX object CMakeFiles/rviz_common.dir/src/rviz_common/ros_integration/ros_client_abstraction.cpp.o[0m
[110.179s] [ 71%] [32mBuilding CXX object CMakeFiles/rviz_common.dir/src/rviz_common/ros_integration/ros_node_abstraction.cpp.o[0m
[110.299s] [ 72%] [32mBuilding CXX object CMakeFiles/rviz_common.dir/src/rviz_common/scaled_image_widget.cpp.o[0m
[111.052s] [ 72%] [32mBuilding CXX object CMakeFiles/rviz_common.dir/src/rviz_common/screenshot_dialog.cpp.o[0m
[111.112s] [ 73%] [32mBuilding CXX object CMakeFiles/rviz_common.dir/src/rviz_common/selection_panel.cpp.o[0m
[111.933s] [ 73%] [32mBuilding CXX object CMakeFiles/rviz_common.dir/src/rviz_common/interaction/handler_manager.cpp.o[0m
[112.171s] [ 73%] [32mBuilding CXX object CMakeFiles/rviz_common.dir/src/rviz_common/interaction/selection_handler.cpp.o[0m
[112.619s] [ 74%] [32mBuilding CXX object CMakeFiles/rviz_common.dir/src/rviz_common/interaction/selection_manager.cpp.o[0m
[112.671s] [ 74%] [32mBuilding CXX object CMakeFiles/rviz_common.dir/src/rviz_common/interaction/selection_renderer.cpp.o[0m
[112.927s] [ 75%] [32mBuilding CXX object CMakeFiles/rviz_common.dir/src/rviz_common/interaction/view_picker.cpp.o[0m
[113.440s] [ 75%] [32mBuilding CXX object CMakeFiles/rviz_common.dir/src/rviz_common/splash_screen.cpp.o[0m
[114.499s] [ 75%] [32mBuilding CXX object CMakeFiles/rviz_common.dir/src/rviz_common/time_panel.cpp.o[0m
[114.663s] [ 76%] [32mBuilding CXX object CMakeFiles/rviz_common.dir/src/rviz_common/transformation/identity_frame_transformer.cpp.o[0m
[115.799s] [ 76%] [32mBuilding CXX object CMakeFiles/rviz_common.dir/src/rviz_common/tool_manager.cpp.o[0m
[118.396s] [ 76%] [32mBuilding CXX object CMakeFiles/rviz_common.dir/src/rviz_common/tool_properties_panel.cpp.o[0m
[118.448s] [ 77%] [32mBuilding CXX object CMakeFiles/rviz_common.dir/src/rviz_common/tool.cpp.o[0m
[121.864s] [ 77%] [32mBuilding CXX object CMakeFiles/rviz_common.dir/src/rviz_common/views_panel.cpp.o[0m
[124.998s] [ 77%] [32mBuilding CXX object CMakeFiles/rviz_common.dir/src/rviz_common/viewport_mouse_event.cpp.o[0m
[126.005s] [ 78%] [32mBuilding CXX object CMakeFiles/rviz_common.dir/src/rviz_common/visualization_frame.cpp.o[0m
[129.739s] [ 78%] [32mBuilding CXX object CMakeFiles/rviz_common.dir/src/rviz_common/visualization_manager.cpp.o[0m
[133.751s] [ 79%] [32mBuilding CXX object CMakeFiles/rviz_common.dir/src/rviz_common/view_manager.cpp.o[0m
[133.753s] [ 80%] [32mBuilding CXX object CMakeFiles/rviz_common.dir/src/rviz_common/visualizer_app.cpp.o[0m
[133.944s] [ 80%] [32mBuilding CXX object CMakeFiles/rviz_common.dir/src/rviz_common/view_controller.cpp.o[0m
[134.952s] [ 80%] [32mBuilding CXX object CMakeFiles/rviz_common.dir/src/rviz_common/widget_geometry_change_detector.cpp.o[0m
[135.557s] [ 81%] [32mBuilding CXX object CMakeFiles/rviz_common.dir/src/rviz_common/transformation/transformation_manager.cpp.o[0m
[135.560s] [ 81%] [32mBuilding CXX object CMakeFiles/rviz_common.dir/src/rviz_common/uniform_string_stream.cpp.o[0m
[135.843s] [ 81%] [32mBuilding CXX object CMakeFiles/rviz_common.dir/src/rviz_common/yaml_config_reader.cpp.o[0m
[136.410s] [ 82%] [32mBuilding CXX object CMakeFiles/rviz_common.dir/src/rviz_common/yaml_config_writer.cpp.o[0m
[136.891s] [ 82%] [32mBuilding CXX object CMakeFiles/rviz_common.dir/src/rviz_common/transformation_panel.cpp.o[0m
[140.818s] [ 82%] [32m[1mLinking CXX shared library librviz_common.so[0m
[142.687s] [ 82%] Built target rviz_common
[142.712s] [ 82%] [32mBuilding CXX object CMakeFiles/display_factory_test.dir/test/display_factory_test.cpp.o[0m
[142.713s] [ 82%] [32mBuilding CXX object CMakeFiles/qos_profile_property_test.dir/test/properties/qos_profile_property_test.cpp.o[0m
[142.713s] [ 83%] [32mBuilding CXX object gtest/CMakeFiles/gtest_main.dir/src/gtest_main.cc.o[0m
[142.720s] [ 83%] [32mBuilding CXX object CMakeFiles/frame_manager_test.dir/test/frame_manager_test.cpp.o[0m
[143.109s] [ 83%] [32m[1mLinking CXX static library libgtest_main.a[0m
[143.157s] [ 83%] Built target gtest_main
[143.163s] [ 84%] [32mBuilding CXX object CMakeFiles/frame_manager_test.dir/src/rviz_common/frame_manager.cpp.o[0m
[143.193s] [ 84%] [32mBuilding CXX object CMakeFiles/selection_manager_test.dir/test/interaction/selection_manager_test.cpp.o[0m
[144.234s] [ 85%] [32mBuilding CXX object CMakeFiles/rviz_common_ros_node_abstraction_test.dir/test/ros_node_abstraction_test.cpp.o[0m
[144.244s] [ 85%] [32mBuilding CXX object CMakeFiles/identity_transformer_test.dir/test/transformation/identity_frame_transformer_test.cpp.o[0m
[144.739s] [ 85%] [32m[1mLinking CXX executable qos_profile_property_test[0m
[145.348s] [ 85%] [32mBuilding CXX object CMakeFiles/rviz_common_visualizer_app_test.dir/test/visualizer_app_test.cpp.o[0m
[145.523s] [ 85%] [32mBuilding CXX object CMakeFiles/display_factory_test.dir/src/rviz_common/display_factory.cpp.o[0m
[145.754s] [ 85%] Built target qos_profile_property_test
[145.881s] [ 86%] [32mBuilding CXX object CMakeFiles/selection_handler_test.dir/test/interaction/selection_handler_test.cpp.o[0m
[146.111s] [ 86%] [32mBuilding CXX object CMakeFiles/frame_manager_test.dir/src/rviz_common/moc_frame_manager.cpp.o[0m
[148.831s] [ 86%] [32m[1mLinking CXX executable rviz_common_ros_node_abstraction_test[0m
[149.101s] [ 86%] [32mBuilding CXX object CMakeFiles/selection_handler_test.dir/test/display_context_fixture.cpp.o[0m
[149.260s] [ 87%] [32m[1mLinking CXX executable identity_transformer_test[0m
[149.684s] [ 88%] [32m[1mLinking CXX executable display_factory_test[0m
[149.894s] [ 88%] Built target rviz_common_ros_node_abstraction_test
[149.908s] [ 89%] [34m[1mGenerating test/moc_mock_property_change_receiver.cpp[0m
[149.926s] [ 89%] [34m[1mGenerating test/moc_mock_display.cpp[0m
[149.989s] [ 89%] [32mBuilding CXX object CMakeFiles/rviz_common_display_test.dir/test/moc_mock_display.cpp.o[0m
[150.304s] [ 89%] Built target identity_transformer_test
[150.342s] [ 90%] [32mBuilding CXX object CMakeFiles/selection_handler_test.dir/test/ogre_testing_environment.cpp.o[0m
[150.399s] [ 91%] [32m[1mLinking CXX executable frame_manager_test[0m
[151.135s] [ 91%] Built target display_factory_test
[151.172s] [ 91%] [32mBuilding CXX object CMakeFiles/rviz_common_config_test.dir/test/config_test.cpp.o[0m
[151.469s] [ 91%] [32mBuilding CXX object CMakeFiles/rviz_common_display_test.dir/test/moc_mock_property_change_receiver.cpp.o[0m
[151.497s] [ 91%] [32m[1mLinking CXX executable rviz_common_visualizer_app_test[0m
[151.999s] [ 91%] Built target frame_manager_test
[152.033s] [ 92%] [32mBuilding CXX object CMakeFiles/selection_manager_test.dir/test/display_context_fixture.cpp.o[0m
[152.041s] [ 92%] [32mBuilding CXX object CMakeFiles/rviz_common_uniform_string_stream_test.dir/test/uniform_string_stream_test.cpp.o[0m
[152.131s] [ 92%] Built target rviz_common_visualizer_app_test
[152.183s] [ 92%] [32mBuilding CXX object CMakeFiles/rviz_common_property_test.dir/test/moc_mock_display.cpp.o[0m
[152.569s] [ 93%] [32mBuilding CXX object CMakeFiles/rviz_common_display_test.dir/test/display_test.cpp.o[0m
[152.844s] [ 94%] [32mBuilding CXX object CMakeFiles/rviz_common_property_test.dir/test/moc_mock_property_change_receiver.cpp.o[0m
[152.917s] [ 95%] [32m[1mLinking CXX executable rviz_common_config_test[0m
[153.354s] [ 96%] [32m[1mLinking CXX executable rviz_common_uniform_string_stream_test[0m
[153.438s] [ 96%] [32mBuilding CXX object CMakeFiles/rviz_common_property_test.dir/test/property_test.cpp.o[0m
[153.997s] [ 96%] Built target rviz_common_uniform_string_stream_test
[154.424s] [ 96%] Built target rviz_common_config_test
[154.434s] [ 96%] [32mBuilding CXX object CMakeFiles/rviz_common_display_test.dir/test/mock_display.cpp.o[0m
[155.205s] [ 97%] [32mBuilding CXX object CMakeFiles/rviz_common_property_test.dir/test/mock_property_change_receiver.cpp.o[0m
[155.521s] [ 98%] [32mBuilding CXX object CMakeFiles/rviz_common_display_test.dir/test/mock_property_change_receiver.cpp.o[0m
[155.947s] [ 98%] [32mBuilding CXX object CMakeFiles/rviz_common_property_test.dir/test/mock_display.cpp.o[0m
[156.327s] [ 98%] [32mBuilding CXX object CMakeFiles/rviz_common_display_test.dir/test/mock_display_group.cpp.o[0m
[156.910s] [ 98%] [32m[1mLinking CXX executable rviz_common_property_test[0m
[157.472s] [ 98%] [32m[1mLinking CXX executable rviz_common_display_test[0m
[157.514s] [ 98%] [32m[1mLinking CXX executable selection_handler_test[0m
[158.173s] [ 99%] Built target rviz_common_property_test
[158.688s] [ 99%] Built target rviz_common_display_test
[158.972s] [ 99%] Built target selection_handler_test
[159.626s] [ 99%] [32mBuilding CXX object CMakeFiles/selection_manager_test.dir/test/ogre_testing_environment.cpp.o[0m
[161.023s] [100%] [32m[1mLinking CXX executable selection_manager_test[0m
[162.017s] [100%] Built target selection_manager_test
[162.029s] Invoked command in '/home/rinav/ros2_ws/build/rviz_common' returned '0': CMAKE_PREFIX_PATH=/home/rinav/ros2_ws/install/rviz_rendering:/home/rinav/ros2_ws/install/rviz_ogre_vendor:/home/rinav/ros2_ws/install/rviz_assimp_vendor:/home/rinav/ros2_ws/install/ur:/home/rinav/ros2_ws/install/ur_calibration:/home/rinav/ros2_ws/install/ur_robot_driver:/home/rinav/ros2_ws/install/ur_moveit_config:/home/rinav/ros2_ws/install/ur_bringup:/home/rinav/ros2_ws/install/ur_description:/home/rinav/ros2_ws/install/ur_controllers:/home/rinav/ros2_ws/install/ur_dashboard_msgs:/home/rinav/ros2_ws/install/turtlesim:/home/rinav/ros2_ws/install/pilz_industrial_motion_planner_testutils:/home/rinav/ros2_ws/install/moveit_ros_control_interface:/home/rinav/ros2_ws/install/moveit_plugins:/home/rinav/ros2_ws/install/husky_ur3_moveit_config:/home/rinav/ros2_ws/install/moveit_simple_controller_manager:/home/rinav/ros2_ws/install/moveit_ros_planning:/home/rinav/ros2_ws/install/moveit_ros_occupancy_map_monitor:/home/rinav/ros2_ws/install/moveit_resources_prbt_ikfast_manipulator_plugin:/home/rinav/ros2_ws/install/moveit_planners_chomp:/home/rinav/ros2_ws/install/moveit_chomp_optimizer_adapter:/home/rinav/ros2_ws/install/chomp_motion_planner:/home/rinav/ros2_ws/install/moveit_core:/home/rinav/ros2_ws/install/srdfdom:/home/rinav/ros2_ws/install/rviz_visual_testing_framework:/home/rinav/ros2_ws/install/rviz_rendering_tests:/home/rinav/ros2_ws/install/husky_desktop:/home/rinav/ros2_ws/install/husky_viz:/home/rinav/ros2_ws/install/rviz2:/home/rinav/ros2_ws/install/rviz_default_plugins:/home/rinav/ros2_ws/install/rviz_common:/home/rinav/ros2_ws/install/rviz_marker_tools:/home/rinav/ros2_ws/install/rosparam_shortcuts:/home/rinav/ros2_ws/install/robotis_manipulator:/home/rinav/ros2_ws/install/moveit_task_constructor_msgs:/home/rinav/ros2_ws/install/moveit_resources_prbt_support:/home/rinav/ros2_ws/install/moveit_resources:/home/rinav/ros2_ws/install/moveit_resources_pr2_description:/home/rinav/ros2_ws/install/moveit_resources_panda_moveit_config:/home/rinav/ros2_ws/install/moveit_resources_panda_description:/home/rinav/ros2_ws/install/moveit_resources_fanuc_moveit_config:/home/rinav/ros2_ws/install/moveit_resources_fanuc_description:/home/rinav/ros2_ws/install/moveit_common:/home/rinav/ros2_ws/install/husky_ur3_ignition:/home/rinav/ros2_ws/install/husky_simulator:/home/rinav/ros2_ws/install/husky_robot:/home/rinav/ros2_ws/install/husky_bringup:/home/rinav/ros2_ws/install/husky_base:/home/rinav/ros2_ws/install/husky_msgs:/home/rinav/ros2_ws/install/husky_gazebo:/home/rinav/ros2_ws/install/husky_control:/home/rinav/ros2_ws/install/husky_description:/home/rinav/ros2_ws/src/rviz/install:/home/rinav/ros2_ws/install/trial_package:/home/rinav/ros2_ws/install/moveit_configs_utils:/home/rinav/ros2_ws/install/py_srvcli:/home/rinav/ros2_ws/install/py_pubsub:/home/rinav/ros2_ws/install/mobile_robotics:/home/rinav/ros2_ws/install/launch_param_builder:/opt/ros/humble LD_LIBRARY_PATH=/home/rinav/ros2_ws/install/rviz_rendering/lib:/home/rinav/ros2_ws/install/ur_robot_driver/lib:/home/rinav/ros2_ws/install/ur_controllers/lib:/home/rinav/ros2_ws/install/ur_dashboard_msgs/lib:/home/rinav/ros2_ws/install/turtlesim/lib:/home/rinav/ros2_ws/install/pilz_industrial_motion_planner_testutils/lib:/home/rinav/ros2_ws/install/moveit_ros_control_interface/lib:/home/rinav/ros2_ws/install/moveit_simple_controller_manager/lib:/home/rinav/ros2_ws/install/moveit_ros_planning/lib:/home/rinav/ros2_ws/install/moveit_ros_occupancy_map_monitor/lib:/home/rinav/ros2_ws/install/moveit_resources_prbt_ikfast_manipulator_plugin/lib:/home/rinav/ros2_ws/install/moveit_planners_chomp/lib:/home/rinav/ros2_ws/install/moveit_chomp_optimizer_adapter/lib:/home/rinav/ros2_ws/install/chomp_motion_planner/lib:/home/rinav/ros2_ws/install/moveit_core/lib:/home/rinav/ros2_ws/install/srdfdom/lib:/home/rinav/ros2_ws/install/rviz_default_plugins/lib:/home/rinav/ros2_ws/install/rviz_common/lib:/home/rinav/ros2_ws/install/rviz_ogre_vendor/opt/rviz_ogre_vendor/lib:/home/rinav/ros2_ws/install/rviz_marker_tools/lib:/home/rinav/ros2_ws/install/rosparam_shortcuts/lib:/home/rinav/ros2_ws/install/robotis_manipulator/lib:/home/rinav/ros2_ws/install/moveit_task_constructor_msgs/lib:/home/rinav/ros2_ws/install/husky_base/lib:/home/rinav/ros2_ws/install/husky_msgs/lib:/home/rinav/ros2_ws/src/rviz/install/opt/rviz_ogre_vendor/lib:/home/rinav/ros2_ws/src/rviz/install/lib:/opt/ros/humble/opt/rviz_ogre_vendor/lib:/opt/ros/humble/lib/aarch64-linux-gnu:/opt/ros/humble/lib /usr/bin/cmake --build /home/rinav/ros2_ws/build/rviz_common -- -j8 -l8
[162.031s] Invoking command in '/home/rinav/ros2_ws/build/rviz_common': CMAKE_PREFIX_PATH=/home/rinav/ros2_ws/install/rviz_rendering:/home/rinav/ros2_ws/install/rviz_ogre_vendor:/home/rinav/ros2_ws/install/rviz_assimp_vendor:/home/rinav/ros2_ws/install/ur:/home/rinav/ros2_ws/install/ur_calibration:/home/rinav/ros2_ws/install/ur_robot_driver:/home/rinav/ros2_ws/install/ur_moveit_config:/home/rinav/ros2_ws/install/ur_bringup:/home/rinav/ros2_ws/install/ur_description:/home/rinav/ros2_ws/install/ur_controllers:/home/rinav/ros2_ws/install/ur_dashboard_msgs:/home/rinav/ros2_ws/install/turtlesim:/home/rinav/ros2_ws/install/pilz_industrial_motion_planner_testutils:/home/rinav/ros2_ws/install/moveit_ros_control_interface:/home/rinav/ros2_ws/install/moveit_plugins:/home/rinav/ros2_ws/install/husky_ur3_moveit_config:/home/rinav/ros2_ws/install/moveit_simple_controller_manager:/home/rinav/ros2_ws/install/moveit_ros_planning:/home/rinav/ros2_ws/install/moveit_ros_occupancy_map_monitor:/home/rinav/ros2_ws/install/moveit_resources_prbt_ikfast_manipulator_plugin:/home/rinav/ros2_ws/install/moveit_planners_chomp:/home/rinav/ros2_ws/install/moveit_chomp_optimizer_adapter:/home/rinav/ros2_ws/install/chomp_motion_planner:/home/rinav/ros2_ws/install/moveit_core:/home/rinav/ros2_ws/install/srdfdom:/home/rinav/ros2_ws/install/rviz_visual_testing_framework:/home/rinav/ros2_ws/install/rviz_rendering_tests:/home/rinav/ros2_ws/install/husky_desktop:/home/rinav/ros2_ws/install/husky_viz:/home/rinav/ros2_ws/install/rviz2:/home/rinav/ros2_ws/install/rviz_default_plugins:/home/rinav/ros2_ws/install/rviz_common:/home/rinav/ros2_ws/install/rviz_marker_tools:/home/rinav/ros2_ws/install/rosparam_shortcuts:/home/rinav/ros2_ws/install/robotis_manipulator:/home/rinav/ros2_ws/install/moveit_task_constructor_msgs:/home/rinav/ros2_ws/install/moveit_resources_prbt_support:/home/rinav/ros2_ws/install/moveit_resources:/home/rinav/ros2_ws/install/moveit_resources_pr2_description:/home/rinav/ros2_ws/install/moveit_resources_panda_moveit_config:/home/rinav/ros2_ws/install/moveit_resources_panda_description:/home/rinav/ros2_ws/install/moveit_resources_fanuc_moveit_config:/home/rinav/ros2_ws/install/moveit_resources_fanuc_description:/home/rinav/ros2_ws/install/moveit_common:/home/rinav/ros2_ws/install/husky_ur3_ignition:/home/rinav/ros2_ws/install/husky_simulator:/home/rinav/ros2_ws/install/husky_robot:/home/rinav/ros2_ws/install/husky_bringup:/home/rinav/ros2_ws/install/husky_base:/home/rinav/ros2_ws/install/husky_msgs:/home/rinav/ros2_ws/install/husky_gazebo:/home/rinav/ros2_ws/install/husky_control:/home/rinav/ros2_ws/install/husky_description:/home/rinav/ros2_ws/src/rviz/install:/home/rinav/ros2_ws/install/trial_package:/home/rinav/ros2_ws/install/moveit_configs_utils:/home/rinav/ros2_ws/install/py_srvcli:/home/rinav/ros2_ws/install/py_pubsub:/home/rinav/ros2_ws/install/mobile_robotics:/home/rinav/ros2_ws/install/launch_param_builder:/opt/ros/humble LD_LIBRARY_PATH=/home/rinav/ros2_ws/install/rviz_rendering/lib:/home/rinav/ros2_ws/install/ur_robot_driver/lib:/home/rinav/ros2_ws/install/ur_controllers/lib:/home/rinav/ros2_ws/install/ur_dashboard_msgs/lib:/home/rinav/ros2_ws/install/turtlesim/lib:/home/rinav/ros2_ws/install/pilz_industrial_motion_planner_testutils/lib:/home/rinav/ros2_ws/install/moveit_ros_control_interface/lib:/home/rinav/ros2_ws/install/moveit_simple_controller_manager/lib:/home/rinav/ros2_ws/install/moveit_ros_planning/lib:/home/rinav/ros2_ws/install/moveit_ros_occupancy_map_monitor/lib:/home/rinav/ros2_ws/install/moveit_resources_prbt_ikfast_manipulator_plugin/lib:/home/rinav/ros2_ws/install/moveit_planners_chomp/lib:/home/rinav/ros2_ws/install/moveit_chomp_optimizer_adapter/lib:/home/rinav/ros2_ws/install/chomp_motion_planner/lib:/home/rinav/ros2_ws/install/moveit_core/lib:/home/rinav/ros2_ws/install/srdfdom/lib:/home/rinav/ros2_ws/install/rviz_default_plugins/lib:/home/rinav/ros2_ws/install/rviz_common/lib:/home/rinav/ros2_ws/install/rviz_ogre_vendor/opt/rviz_ogre_vendor/lib:/home/rinav/ros2_ws/install/rviz_marker_tools/lib:/home/rinav/ros2_ws/install/rosparam_shortcuts/lib:/home/rinav/ros2_ws/install/robotis_manipulator/lib:/home/rinav/ros2_ws/install/moveit_task_constructor_msgs/lib:/home/rinav/ros2_ws/install/husky_base/lib:/home/rinav/ros2_ws/install/husky_msgs/lib:/home/rinav/ros2_ws/src/rviz/install/opt/rviz_ogre_vendor/lib:/home/rinav/ros2_ws/src/rviz/install/lib:/opt/ros/humble/opt/rviz_ogre_vendor/lib:/opt/ros/humble/lib/aarch64-linux-gnu:/opt/ros/humble/lib /usr/bin/cmake --install /home/rinav/ros2_ws/build/rviz_common
[162.038s] -- Install configuration: ""
[162.038s] -- Installing: /home/rinav/ros2_ws/install/rviz_common/share/rviz_common/environment/library_path.sh
[162.038s] -- Installing: /home/rinav/ros2_ws/install/rviz_common/share/rviz_common/environment/library_path.dsv
[162.038s] -- Installing: /home/rinav/ros2_ws/install/rviz_common/lib/librviz_common.so
[162.044s] -- Set runtime path of "/home/rinav/ros2_ws/install/rviz_common/lib/librviz_common.so" to ""
[162.044s] -- Installing: /home/rinav/ros2_ws/install/rviz_common/include/rviz_common
[162.045s] -- Installing: /home/rinav/ros2_ws/install/rviz_common/include/rviz_common/rviz_common
[162.045s] -- Installing: /home/rinav/ros2_ws/install/rviz_common/include/rviz_common/rviz_common/logging.hpp
[162.045s] -- Installing: /home/rinav/ros2_ws/install/rviz_common/include/rviz_common/rviz_common/viewport_mouse_event.hpp
[162.045s] -- Installing: /home/rinav/ros2_ws/install/rviz_common/include/rviz_common/rviz_common/render_panel.hpp
[162.045s] -- Installing: /home/rinav/ros2_ws/install/rviz_common/include/rviz_common/rviz_common/visualizer_app.hpp
[162.045s] -- Installing: /home/rinav/ros2_ws/install/rviz_common/include/rviz_common/rviz_common/view_controller.hpp
[162.045s] -- Installing: /home/rinav/ros2_ws/install/rviz_common/include/rviz_common/rviz_common/uniform_string_stream.hpp
[162.045s] -- Installing: /home/rinav/ros2_ws/install/rviz_common/include/rviz_common/rviz_common/factory
[162.045s] -- Installing: /home/rinav/ros2_ws/install/rviz_common/include/rviz_common/rviz_common/factory/class_id_recording_factory.hpp
[162.045s] -- Installing: /home/rinav/ros2_ws/install/rviz_common/include/rviz_common/rviz_common/factory/factory.hpp
[162.045s] -- Installing: /home/rinav/ros2_ws/install/rviz_common/include/rviz_common/rviz_common/factory/pluginlib_factory.hpp
[162.045s] -- Installing: /home/rinav/ros2_ws/install/rviz_common/include/rviz_common/rviz_common/tool.hpp
[162.045s] -- Installing: /home/rinav/ros2_ws/install/rviz_common/include/rviz_common/rviz_common/display.hpp
[162.045s] -- Installing: /home/rinav/ros2_ws/install/rviz_common/include/rviz_common/rviz_common/message_filter_display.hpp
[162.046s] -- Installing: /home/rinav/ros2_ws/install/rviz_common/include/rviz_common/rviz_common/ros_topic_display.hpp
[162.046s] -- Installing: /home/rinav/ros2_ws/install/rviz_common/include/rviz_common/rviz_common/panel_dock_widget.hpp
[162.046s] -- Installing: /home/rinav/ros2_ws/install/rviz_common/include/rviz_common/rviz_common/bit_allocator.hpp
[162.046s] -- Installing: /home/rinav/ros2_ws/install/rviz_common/include/rviz_common/rviz_common/config.hpp
[162.046s] -- Installing: /home/rinav/ros2_ws/install/rviz_common/include/rviz_common/rviz_common/display_group.hpp
[162.046s] -- Installing: /home/rinav/ros2_ws/install/rviz_common/include/rviz_common/rviz_common/view_manager.hpp
[162.046s] -- Installing: /home/rinav/ros2_ws/install/rviz_common/include/rviz_common/rviz_common/load_resource.hpp
[162.046s] -- Installing: /home/rinav/ros2_ws/install/rviz_common/include/rviz_common/rviz_common/msg_conversions.hpp
[162.046s] -- Installing: /home/rinav/ros2_ws/install/rviz_common/include/rviz_common/rviz_common/ros_integration
[162.046s] -- Installing: /home/rinav/ros2_ws/install/rviz_common/include/rviz_common/rviz_common/ros_integration/ros_client_abstraction.hpp
[162.046s] -- Installing: /home/rinav/ros2_ws/install/rviz_common/include/rviz_common/rviz_common/ros_integration/ros_client_abstraction_iface.hpp
[162.047s] -- Installing: /home/rinav/ros2_ws/install/rviz_common/include/rviz_common/rviz_common/ros_integration/ros_node_abstraction_iface.hpp
[162.047s] -- Installing: /home/rinav/ros2_ws/install/rviz_common/include/rviz_common/rviz_common/ros_integration/ros_node_abstraction.hpp
[162.047s] -- Installing: /home/rinav/ros2_ws/install/rviz_common/include/rviz_common/rviz_common/frame_manager_iface.hpp
[162.047s] -- Installing: /home/rinav/ros2_ws/install/rviz_common/include/rviz_common/rviz_common/interactive_object.hpp
[162.047s] -- Installing: /home/rinav/ros2_ws/install/rviz_common/include/rviz_common/rviz_common/panel.hpp
[162.047s] -- Installing: /home/rinav/ros2_ws/install/rviz_common/include/rviz_common/rviz_common/properties
[162.047s] -- Installing: /home/rinav/ros2_ws/install/rviz_common/include/rviz_common/rviz_common/properties/splitter_handle.hpp
[162.047s] -- Installing: /home/rinav/ros2_ws/install/rviz_common/include/rviz_common/rviz_common/properties/int_property.hpp
[162.047s] -- Installing: /home/rinav/ros2_ws/install/rviz_common/include/rviz_common/rviz_common/properties/parse_color.hpp
[162.047s] -- Installing: /home/rinav/ros2_ws/install/rviz_common/include/rviz_common/rviz_common/properties/status_property.hpp
[162.047s] -- Installing: /home/rinav/ros2_ws/install/rviz_common/include/rviz_common/rviz_common/properties/covariance_property.hpp
[162.047s] -- Installing: /home/rinav/ros2_ws/install/rviz_common/include/rviz_common/rviz_common/properties/combo_box.hpp
[162.047s] -- Installing: /home/rinav/ros2_ws/install/rviz_common/include/rviz_common/rviz_common/properties/editable_enum_property.hpp
[162.047s] -- Installing: /home/rinav/ros2_ws/install/rviz_common/include/rviz_common/rviz_common/properties/bool_property.hpp
[162.047s] -- Installing: /home/rinav/ros2_ws/install/rviz_common/include/rviz_common/rviz_common/properties/line_edit_with_button.hpp
[162.047s] -- Installing: /home/rinav/ros2_ws/install/rviz_common/include/rviz_common/rviz_common/properties/editable_combo_box.hpp
[162.047s] -- Installing: /home/rinav/ros2_ws/install/rviz_common/include/rviz_common/rviz_common/properties/property_tree_widget.hpp
[162.047s] -- Installing: /home/rinav/ros2_ws/install/rviz_common/include/rviz_common/rviz_common/properties/tf_frame_property.hpp
[162.048s] -- Installing: /home/rinav/ros2_ws/install/rviz_common/include/rviz_common/rviz_common/properties/vector_property.hpp
[162.048s] -- Installing: /home/rinav/ros2_ws/install/rviz_common/include/rviz_common/rviz_common/properties/color_property.hpp
[162.048s] -- Installing: /home/rinav/ros2_ws/install/rviz_common/include/rviz_common/rviz_common/properties/property_tree_delegate.hpp
[162.048s] -- Installing: /home/rinav/ros2_ws/install/rviz_common/include/rviz_common/rviz_common/properties/display_visibility_property.hpp
[162.048s] -- Installing: /home/rinav/ros2_ws/install/rviz_common/include/rviz_common/rviz_common/properties/float_property.hpp
[162.048s] -- Installing: /home/rinav/ros2_ws/install/rviz_common/include/rviz_common/rviz_common/properties/grouped_checkbox_property.hpp
[162.048s] -- Installing: /home/rinav/ros2_ws/install/rviz_common/include/rviz_common/rviz_common/properties/grouped_checkbox_property_group.hpp
[162.048s] -- Installing: /home/rinav/ros2_ws/install/rviz_common/include/rviz_common/rviz_common/properties/property_tree_with_help.hpp
[162.048s] -- Installing: /home/rinav/ros2_ws/install/rviz_common/include/rviz_common/rviz_common/properties/qos_profile_property.hpp
[162.048s] -- Installing: /home/rinav/ros2_ws/install/rviz_common/include/rviz_common/rviz_common/properties/string_property.hpp
[162.048s] -- Installing: /home/rinav/ros2_ws/install/rviz_common/include/rviz_common/rviz_common/properties/property.hpp
[162.048s] -- Installing: /home/rinav/ros2_ws/install/rviz_common/include/rviz_common/rviz_common/properties/color_editor.hpp
[162.048s] -- Installing: /home/rinav/ros2_ws/install/rviz_common/include/rviz_common/rviz_common/properties/display_group_visibility_property.hpp
[162.048s] -- Installing: /home/rinav/ros2_ws/install/rviz_common/include/rviz_common/rviz_common/properties/enum_property.hpp
[162.048s] -- Installing: /home/rinav/ros2_ws/install/rviz_common/include/rviz_common/rviz_common/properties/ros_topic_property.hpp
[162.048s] -- Installing: /home/rinav/ros2_ws/install/rviz_common/include/rviz_common/rviz_common/properties/float_edit.hpp
[162.049s] -- Installing: /home/rinav/ros2_ws/install/rviz_common/include/rviz_common/rviz_common/properties/status_list.hpp
[162.049s] -- Installing: /home/rinav/ros2_ws/install/rviz_common/include/rviz_common/rviz_common/properties/file_picker_property.hpp
[162.049s] -- Installing: /home/rinav/ros2_ws/install/rviz_common/include/rviz_common/rviz_common/properties/quaternion_property.hpp
[162.049s] -- Installing: /home/rinav/ros2_ws/install/rviz_common/include/rviz_common/rviz_common/properties/property_tree_model.hpp
[162.049s] -- Installing: /home/rinav/ros2_ws/install/rviz_common/include/rviz_common/rviz_common/visualization_frame.hpp
[162.049s] -- Installing: /home/rinav/ros2_ws/install/rviz_common/include/rviz_common/rviz_common/interaction
[162.049s] -- Installing: /home/rinav/ros2_ws/install/rviz_common/include/rviz_common/rviz_common/interaction/selection_manager_iface.hpp
[162.049s] -- Installing: /home/rinav/ros2_ws/install/rviz_common/include/rviz_common/rviz_common/interaction/handler_manager.hpp
[162.049s] -- Installing: /home/rinav/ros2_ws/install/rviz_common/include/rviz_common/rviz_common/interaction/selection_handler.hpp
[162.049s] -- Installing: /home/rinav/ros2_ws/install/rviz_common/include/rviz_common/rviz_common/interaction/view_picker_iface.hpp
[162.049s] -- Installing: /home/rinav/ros2_ws/install/rviz_common/include/rviz_common/rviz_common/interaction/forwards.hpp
[162.049s] -- Installing: /home/rinav/ros2_ws/install/rviz_common/include/rviz_common/rviz_common/interaction/selection_renderer.hpp
[162.049s] -- Installing: /home/rinav/ros2_ws/install/rviz_common/include/rviz_common/rviz_common/interaction/handler_manager_listener.hpp
[162.049s] -- Installing: /home/rinav/ros2_ws/install/rviz_common/include/rviz_common/rviz_common/interaction/handler_manager_iface.hpp
[162.049s] -- Installing: /home/rinav/ros2_ws/install/rviz_common/include/rviz_common/rviz_common/interaction/selection_manager.hpp
[162.050s] -- Installing: /home/rinav/ros2_ws/install/rviz_common/include/rviz_common/rviz_common/interaction/view_picker.hpp
[162.050s] -- Installing: /home/rinav/ros2_ws/install/rviz_common/include/rviz_common/rviz_common/yaml_config_reader.hpp
[162.050s] -- Installing: /home/rinav/ros2_ws/install/rviz_common/include/rviz_common/rviz_common/frame_position_tracking_view_controller.hpp
[162.050s] -- Installing: /home/rinav/ros2_ws/install/rviz_common/include/rviz_common/rviz_common/display_context.hpp
[162.050s] -- Installing: /home/rinav/ros2_ws/install/rviz_common/include/rviz_common/rviz_common/visibility_control.hpp
[162.050s] -- Installing: /home/rinav/ros2_ws/install/rviz_common/include/rviz_common/rviz_common/yaml_config_writer.hpp
[162.050s] -- Installing: /home/rinav/ros2_ws/install/rviz_common/include/rviz_common/rviz_common/visualization_manager.hpp
[162.050s] -- Installing: /home/rinav/ros2_ws/install/rviz_common/include/rviz_common/rviz_common/validate_floats.hpp
[162.050s] -- Installing: /home/rinav/ros2_ws/install/rviz_common/include/rviz_common/rviz_common/tool_manager.hpp
[162.050s] -- Installing: /home/rinav/ros2_ws/install/rviz_common/include/rviz_common/rviz_common/transformation
[162.050s] -- Installing: /home/rinav/ros2_ws/install/rviz_common/include/rviz_common/rviz_common/transformation/tf2_helpers
[162.051s] -- Installing: /home/rinav/ros2_ws/install/rviz_common/include/rviz_common/rviz_common/transformation/tf2_helpers/tf2_conversion_helpers.hpp
[162.051s] -- Installing: /home/rinav/ros2_ws/install/rviz_common/include/rviz_common/rviz_common/transformation/frame_transformer.hpp
[162.051s] -- Installing: /home/rinav/ros2_ws/install/rviz_common/include/rviz_common/rviz_common/transformation/transformation_manager.hpp
[162.051s] -- Installing: /home/rinav/ros2_ws/install/rviz_common/include/rviz_common/rviz_common/window_manager_interface.hpp
[162.051s] -- Installing: /home/rinav/ros2_ws/install/rviz_common/include/rviz_common/rviz_common/depth_cloud_mld.hpp
[162.051s] -- Installing: /home/rinav/ros2_ws/install/rviz_common/share/rviz_common/default.rviz
[162.051s] -- Installing: /home/rinav/ros2_ws/install/rviz_common/share/rviz_common/icons
[162.051s] -- Installing: /home/rinav/ros2_ws/install/rviz_common/share/rviz_common/icons/right_dock.svg
[162.052s] -- Installing: /home/rinav/ros2_ws/install/rviz_common/share/rviz_common/icons/move_z.svg
[162.052s] -- Installing: /home/rinav/ros2_ws/install/rviz_common/share/rviz_common/icons/left_dock.svg
[162.052s] -- Installing: /home/rinav/ros2_ws/install/rviz_common/share/rviz_common/icons/zoom.svg
[162.052s] -- Installing: /home/rinav/ros2_ws/install/rviz_common/share/rviz_common/icons/cursor.svg
[162.052s] -- Installing: /home/rinav/ros2_ws/install/rviz_common/share/rviz_common/icons/move2d.svg
[162.053s] -- Installing: /home/rinav/ros2_ws/install/rviz_common/share/rviz_common/icons/rotate.svg
[162.053s] -- Installing: /home/rinav/ros2_ws/install/rviz_common/share/rviz_common/icons/moverotate.svg
[162.053s] -- Installing: /home/rinav/ros2_ws/install/rviz_common/share/rviz_common/icons/rotate_cam.svg
[162.053s] -- Installing: /home/rinav/ros2_ws/install/rviz_common/share/rviz_common/icons/error.png
[162.053s] -- Installing: /home/rinav/ros2_ws/install/rviz_common/share/rviz_common/icons/move1d.svg
[162.053s] -- Installing: /home/rinav/ros2_ws/install/rviz_common/share/rviz_common/icons/close.png
[162.054s] -- Installing: /home/rinav/ros2_ws/install/rviz_common/share/rviz_common/icons/forbidden.svg
[162.054s] -- Installing: /home/rinav/ros2_ws/install/rviz_common/share/rviz_common/icons/options.png
[162.054s] -- Installing: /home/rinav/ros2_ws/install/rviz_common/share/rviz_common/icons/crosshair.svg
[162.054s] -- Installing: /home/rinav/ros2_ws/install/rviz_common/share/rviz_common/icons/ok.png
[162.054s] -- Installing: /home/rinav/ros2_ws/install/rviz_common/share/rviz_common/icons/classes
[162.054s] -- Installing: /home/rinav/ros2_ws/install/rviz_common/share/rviz_common/icons/classes/Views.svg
[162.055s] -- Installing: /home/rinav/ros2_ws/install/rviz_common/share/rviz_common/icons/classes/Selection.png
[162.055s] -- Installing: /home/rinav/ros2_ws/install/rviz_common/share/rviz_common/icons/classes/Transformation.png
[162.055s] -- Installing: /home/rinav/ros2_ws/install/rviz_common/share/rviz_common/icons/classes/Group.png
[162.055s] -- Installing: /home/rinav/ros2_ws/install/rviz_common/share/rviz_common/icons/classes/Displays.svg
[162.055s] -- Installing: /home/rinav/ros2_ws/install/rviz_common/share/rviz_common/icons/classes/Help.svg
[162.055s] -- Installing: /home/rinav/ros2_ws/install/rviz_common/share/rviz_common/icons/classes/Time.png
[162.056s] -- Installing: /home/rinav/ros2_ws/install/rviz_common/share/rviz_common/icons/classes/Tool Properties.png
[162.056s] -- Installing: /home/rinav/ros2_ws/install/rviz_common/share/rviz_common/icons/default_package_icon.png
[162.056s] -- Installing: /home/rinav/ros2_ws/install/rviz_common/share/rviz_common/icons/menu.svg
[162.056s] -- Installing: /home/rinav/ros2_ws/install/rviz_common/share/rviz_common/icons/warning.png
[162.056s] -- Installing: /home/rinav/ros2_ws/install/rviz_common/share/rviz_common/icons/minus.png
[162.056s] -- Installing: /home/rinav/ros2_ws/install/rviz_common/share/rviz_common/icons/default_class_icon.png
[162.056s] -- Installing: /home/rinav/ros2_ws/install/rviz_common/share/rviz_common/icons/package.png
[162.056s] -- Installing: /home/rinav/ros2_ws/install/rviz_common/share/rviz_common/icons/plus.png
[162.057s] -- Installing: /home/rinav/ros2_ws/install/rviz_common/share/rviz_common/images
[162.057s] -- Installing: /home/rinav/ros2_ws/install/rviz_common/share/rviz_common/images/splash_overlay.png
[162.057s] -- Installing: /home/rinav/ros2_ws/install/rviz_common/share/rviz_common/images/splash.png
[162.057s] -- Installing: /home/rinav/ros2_ws/install/rviz_common/share/rviz_common/help
[162.057s] -- Installing: /home/rinav/ros2_ws/install/rviz_common/share/rviz_common/help/help.html
[162.057s] -- Installing: /home/rinav/ros2_ws/install/rviz_common/share/ament_index/resource_index/package_run_dependencies/rviz_common
[162.058s] -- Installing: /home/rinav/ros2_ws/install/rviz_common/share/ament_index/resource_index/parent_prefix_path/rviz_common
[162.058s] -- Installing: /home/rinav/ros2_ws/install/rviz_common/share/rviz_common/environment/ament_prefix_path.sh
[162.058s] -- Installing: /home/rinav/ros2_ws/install/rviz_common/share/rviz_common/environment/ament_prefix_path.dsv
[162.058s] -- Installing: /home/rinav/ros2_ws/install/rviz_common/share/rviz_common/environment/path.sh
[162.058s] -- Installing: /home/rinav/ros2_ws/install/rviz_common/share/rviz_common/environment/path.dsv
[162.058s] -- Installing: /home/rinav/ros2_ws/install/rviz_common/share/rviz_common/local_setup.bash
[162.058s] -- Installing: /home/rinav/ros2_ws/install/rviz_common/share/rviz_common/local_setup.sh
[162.058s] -- Installing: /home/rinav/ros2_ws/install/rviz_common/share/rviz_common/local_setup.zsh
[162.058s] -- Installing: /home/rinav/ros2_ws/install/rviz_common/share/rviz_common/local_setup.dsv
[162.058s] -- Installing: /home/rinav/ros2_ws/install/rviz_common/share/rviz_common/package.dsv
[162.058s] -- Installing: /home/rinav/ros2_ws/install/rviz_common/share/ament_index/resource_index/packages/rviz_common
[162.059s] -- Installing: /home/rinav/ros2_ws/install/rviz_common/share/rviz_common/cmake/rviz_commonExport.cmake
[162.059s] -- Installing: /home/rinav/ros2_ws/install/rviz_common/share/rviz_common/cmake/rviz_commonExport-noconfig.cmake
[162.059s] -- Installing: /home/rinav/ros2_ws/install/rviz_common/share/rviz_common/cmake/rviz_common-extras.cmake
[162.059s] -- Installing: /home/rinav/ros2_ws/install/rviz_common/share/rviz_common/cmake/ament_cmake_export_dependencies-extras.cmake
[162.059s] -- Installing: /home/rinav/ros2_ws/install/rviz_common/share/rviz_common/cmake/ament_cmake_export_include_directories-extras.cmake
[162.059s] -- Installing: /home/rinav/ros2_ws/install/rviz_common/share/rviz_common/cmake/ament_cmake_export_libraries-extras.cmake
[162.059s] -- Installing: /home/rinav/ros2_ws/install/rviz_common/share/rviz_common/cmake/ament_cmake_export_targets-extras.cmake
[162.059s] -- Installing: /home/rinav/ros2_ws/install/rviz_common/share/rviz_common/cmake/rviz_commonConfig.cmake
[162.059s] -- Installing: /home/rinav/ros2_ws/install/rviz_common/share/rviz_common/cmake/rviz_commonConfig-version.cmake
[162.060s] -- Installing: /home/rinav/ros2_ws/install/rviz_common/share/rviz_common/package.xml
[162.062s] Invoked command in '/home/rinav/ros2_ws/build/rviz_common' returned '0': CMAKE_PREFIX_PATH=/home/rinav/ros2_ws/install/rviz_rendering:/home/rinav/ros2_ws/install/rviz_ogre_vendor:/home/rinav/ros2_ws/install/rviz_assimp_vendor:/home/rinav/ros2_ws/install/ur:/home/rinav/ros2_ws/install/ur_calibration:/home/rinav/ros2_ws/install/ur_robot_driver:/home/rinav/ros2_ws/install/ur_moveit_config:/home/rinav/ros2_ws/install/ur_bringup:/home/rinav/ros2_ws/install/ur_description:/home/rinav/ros2_ws/install/ur_controllers:/home/rinav/ros2_ws/install/ur_dashboard_msgs:/home/rinav/ros2_ws/install/turtlesim:/home/rinav/ros2_ws/install/pilz_industrial_motion_planner_testutils:/home/rinav/ros2_ws/install/moveit_ros_control_interface:/home/rinav/ros2_ws/install/moveit_plugins:/home/rinav/ros2_ws/install/husky_ur3_moveit_config:/home/rinav/ros2_ws/install/moveit_simple_controller_manager:/home/rinav/ros2_ws/install/moveit_ros_planning:/home/rinav/ros2_ws/install/moveit_ros_occupancy_map_monitor:/home/rinav/ros2_ws/install/moveit_resources_prbt_ikfast_manipulator_plugin:/home/rinav/ros2_ws/install/moveit_planners_chomp:/home/rinav/ros2_ws/install/moveit_chomp_optimizer_adapter:/home/rinav/ros2_ws/install/chomp_motion_planner:/home/rinav/ros2_ws/install/moveit_core:/home/rinav/ros2_ws/install/srdfdom:/home/rinav/ros2_ws/install/rviz_visual_testing_framework:/home/rinav/ros2_ws/install/rviz_rendering_tests:/home/rinav/ros2_ws/install/husky_desktop:/home/rinav/ros2_ws/install/husky_viz:/home/rinav/ros2_ws/install/rviz2:/home/rinav/ros2_ws/install/rviz_default_plugins:/home/rinav/ros2_ws/install/rviz_common:/home/rinav/ros2_ws/install/rviz_marker_tools:/home/rinav/ros2_ws/install/rosparam_shortcuts:/home/rinav/ros2_ws/install/robotis_manipulator:/home/rinav/ros2_ws/install/moveit_task_constructor_msgs:/home/rinav/ros2_ws/install/moveit_resources_prbt_support:/home/rinav/ros2_ws/install/moveit_resources:/home/rinav/ros2_ws/install/moveit_resources_pr2_description:/home/rinav/ros2_ws/install/moveit_resources_panda_moveit_config:/home/rinav/ros2_ws/install/moveit_resources_panda_description:/home/rinav/ros2_ws/install/moveit_resources_fanuc_moveit_config:/home/rinav/ros2_ws/install/moveit_resources_fanuc_description:/home/rinav/ros2_ws/install/moveit_common:/home/rinav/ros2_ws/install/husky_ur3_ignition:/home/rinav/ros2_ws/install/husky_simulator:/home/rinav/ros2_ws/install/husky_robot:/home/rinav/ros2_ws/install/husky_bringup:/home/rinav/ros2_ws/install/husky_base:/home/rinav/ros2_ws/install/husky_msgs:/home/rinav/ros2_ws/install/husky_gazebo:/home/rinav/ros2_ws/install/husky_control:/home/rinav/ros2_ws/install/husky_description:/home/rinav/ros2_ws/src/rviz/install:/home/rinav/ros2_ws/install/trial_package:/home/rinav/ros2_ws/install/moveit_configs_utils:/home/rinav/ros2_ws/install/py_srvcli:/home/rinav/ros2_ws/install/py_pubsub:/home/rinav/ros2_ws/install/mobile_robotics:/home/rinav/ros2_ws/install/launch_param_builder:/opt/ros/humble LD_LIBRARY_PATH=/home/rinav/ros2_ws/install/rviz_rendering/lib:/home/rinav/ros2_ws/install/ur_robot_driver/lib:/home/rinav/ros2_ws/install/ur_controllers/lib:/home/rinav/ros2_ws/install/ur_dashboard_msgs/lib:/home/rinav/ros2_ws/install/turtlesim/lib:/home/rinav/ros2_ws/install/pilz_industrial_motion_planner_testutils/lib:/home/rinav/ros2_ws/install/moveit_ros_control_interface/lib:/home/rinav/ros2_ws/install/moveit_simple_controller_manager/lib:/home/rinav/ros2_ws/install/moveit_ros_planning/lib:/home/rinav/ros2_ws/install/moveit_ros_occupancy_map_monitor/lib:/home/rinav/ros2_ws/install/moveit_resources_prbt_ikfast_manipulator_plugin/lib:/home/rinav/ros2_ws/install/moveit_planners_chomp/lib:/home/rinav/ros2_ws/install/moveit_chomp_optimizer_adapter/lib:/home/rinav/ros2_ws/install/chomp_motion_planner/lib:/home/rinav/ros2_ws/install/moveit_core/lib:/home/rinav/ros2_ws/install/srdfdom/lib:/home/rinav/ros2_ws/install/rviz_default_plugins/lib:/home/rinav/ros2_ws/install/rviz_common/lib:/home/rinav/ros2_ws/install/rviz_ogre_vendor/opt/rviz_ogre_vendor/lib:/home/rinav/ros2_ws/install/rviz_marker_tools/lib:/home/rinav/ros2_ws/install/rosparam_shortcuts/lib:/home/rinav/ros2_ws/install/robotis_manipulator/lib:/home/rinav/ros2_ws/install/moveit_task_constructor_msgs/lib:/home/rinav/ros2_ws/install/husky_base/lib:/home/rinav/ros2_ws/install/husky_msgs/lib:/home/rinav/ros2_ws/src/rviz/install/opt/rviz_ogre_vendor/lib:/home/rinav/ros2_ws/src/rviz/install/lib:/opt/ros/humble/opt/rviz_ogre_vendor/lib:/opt/ros/humble/lib/aarch64-linux-gnu:/opt/ros/humble/lib /usr/bin/cmake --install /home/rinav/ros2_ws/build/rviz_common
