[0.013s] Invoking command in '/home/rinav/ros2_ws/build/rviz_common': AMENT_PREFIX_PATH=/home/rinav/ros2_ws/install/rviz_rendering:/home/rinav/ros2_ws/install/rviz_ogre_vendor:/home/rinav/ros2_ws/install/rviz_assimp_vendor:${AMENT_PREFIX_PATH} CMAKE_PREFIX_PATH=/home/rinav/ros2_ws/install/rviz_rendering:/home/rinav/ros2_ws/install/rviz_ogre_vendor:/home/rinav/ros2_ws/install/rviz_assimp_vendor:/home/rinav/ros2_ws/src/rviz/install:/home/rinav/ros2_ws/install/husky_ur3_moveit_config:/home/rinav/ros2_ws/install/ur:/home/rinav/ros2_ws/install/ur_calibration:/home/rinav/ros2_ws/install/ur_robot_driver:/home/rinav/ros2_ws/install/ur_moveit_config:/home/rinav/ros2_ws/install/ur_bringup:/home/rinav/ros2_ws/install/ur_description:/home/rinav/ros2_ws/install/ur_controllers:/home/rinav/ros2_ws/install/ur_dashboard_msgs:/home/rinav/ros2_ws/install/turtlesim:/home/rinav/ros2_ws/install/robotis_manipulator:/home/rinav/ros2_ws/install/husky_desktop:/home/rinav/ros2_ws/install/husky_viz:/home/rinav/ros2_ws/install/husky_ur3_ignition:/home/rinav/ros2_ws/install/husky_simulator:/home/rinav/ros2_ws/install/husky_robot:/home/rinav/ros2_ws/install/husky_bringup:/home/rinav/ros2_ws/install/husky_base:/home/rinav/ros2_ws/install/husky_msgs:/home/rinav/ros2_ws/install/husky_gazebo:/home/rinav/ros2_ws/install/husky_control:/home/rinav/ros2_ws/install/husky_description:/home/rinav/ros2_ws/install/trial_package:/home/rinav/ros2_ws/install/py_srvcli:/home/rinav/ros2_ws/install/py_pubsub:/home/rinav/ros2_ws/install/mobile_robotics:/opt/ros/humble LD_LIBRARY_PATH=/home/rinav/ros2_ws/install/rviz_rendering/lib:/home/rinav/ros2_ws/install/rviz_ogre_vendor/opt/rviz_ogre_vendor/lib:${LD_LIBRARY_PATH} /usr/bin/cmake /home/rinav/ros2_ws/src/rviz/rviz_common -DCMAKE_INSTALL_PREFIX=/home/rinav/ros2_ws/install/rviz_common
[0.060s] -- The C compiler identification is GNU 11.4.0
[0.108s] -- The CXX compiler identification is GNU 11.4.0
[0.114s] -- Detecting C compiler ABI info
[0.171s] -- Detecting C compiler ABI info - done
[0.179s] -- Check for working C compiler: /usr/bin/cc - skipped
[0.179s] -- Detecting C compile features
[0.179s] -- Detecting C compile features - done
[0.182s] -- Detecting CXX compiler ABI info
[0.247s] -- Detecting CXX compiler ABI info - done
[0.254s] -- Check for working CXX compiler: /usr/bin/c++ - skipped
[0.254s] -- Detecting CXX compile features
[0.255s] -- Detecting CXX compile features - done
[0.255s] -- Enabling tests requiring a display
[0.260s] -- Found ament_cmake: 1.3.12 (/opt/ros/humble/share/ament_cmake/cmake)
[0.399s] -- Found Python3: /usr/bin/python3 (found version "3.10.12") found components: Interpreter 
[0.504s] -- Found rviz_ogre_vendor: 11.2.18 (/home/rinav/ros2_ws/install/rviz_ogre_vendor/share/rviz_ogre_vendor/cmake)
[0.504s] -- Setting OGRE_DIR to: '/home/rinav/ros2_ws/install/rviz_ogre_vendor/share/rviz_ogre_vendor/cmake/../../../opt/rviz_ogre_vendor/lib/OGRE/cmake'
[0.505s] -- Found OGRE
[0.506s] --   static     : OFF
[0.506s] --   components : HLMS;MeshLodGenerator;Overlay;Paging;Property;RTShaderSystem;Terrain;Volume
[0.506s] --   plugins    : Plugin_BSPSceneManager;Plugin_OctreeSceneManager;Plugin_PCZSceneManager;Plugin_ParticleFX;RenderSystem_GL;RenderSystem_GL3Plus;Codec_STBI;Codec_EXR
[0.506s] --   media      : /home/rinav/ros2_ws/install/rviz_ogre_vendor/opt/rviz_ogre_vendor/share/OGRE/Media
[0.506s] -- OGRE_LIBRARIES: OgreHLMS;OgreMeshLodGenerator;OgreOverlay;OgrePaging;OgreProperty;OgreRTShaderSystem;OgreTerrain;OgreVolume;OgreMain
[0.506s] -- OGRE_LIBRARY_DIRS: /home/rinav/ros2_ws/install/rviz_ogre_vendor/opt/rviz_ogre_vendor/lib
[0.506s] -- OGRE_PLUGINS: Plugin_BSPSceneManager;Plugin_OctreeSceneManager;Plugin_PCZSceneManager;Plugin_ParticleFX;RenderSystem_GL;RenderSystem_GL3Plus;Codec_STBI;Codec_EXR
[0.506s] -- OGRE_PLUGIN_DIR: /home/rinav/ros2_ws/install/rviz_ogre_vendor/opt/rviz_ogre_vendor/lib/OGRE
[0.506s] -- rviz_ogre_vendor::OgreOverlay for IMPORTED_LOCATION_RELEASE: /home/rinav/ros2_ws/install/rviz_ogre_vendor/opt/rviz_ogre_vendor/lib/libOgreOverlay.so
[0.506s] -- rviz_ogre_vendor::OgreOverlay for IMPORTED_LOCATION_DEBUG: /home/rinav/ros2_ws/install/rviz_ogre_vendor/opt/rviz_ogre_vendor/lib/libOgreOverlay.so
[0.506s] -- rviz_ogre_vendor::OgreMain for IMPORTED_LOCATION_RELEASE: /home/rinav/ros2_ws/install/rviz_ogre_vendor/opt/rviz_ogre_vendor/lib/libOgreMain.so
[0.506s] -- rviz_ogre_vendor::OgreMain for IMPORTED_LOCATION_DEBUG: /home/rinav/ros2_ws/install/rviz_ogre_vendor/opt/rviz_ogre_vendor/lib/libOgreMain.so
[0.519s] -- Could not find freeimage library
[0.548s] -- Found ZLIB: /usr/lib/aarch64-linux-gnu/libz.so (found version "1.2.11") 
[0.555s] -- Found OpenGL: /usr/lib/aarch64-linux-gnu/libOpenGL.so   
[0.656s] -- Found X11: /usr/include   
[0.656s] -- Looking for XOpenDisplay in /usr/lib/aarch64-linux-gnu/libX11.so;/usr/lib/aarch64-linux-gnu/libXext.so
[0.718s] -- Looking for XOpenDisplay in /usr/lib/aarch64-linux-gnu/libX11.so;/usr/lib/aarch64-linux-gnu/libXext.so - found
[0.719s] -- Looking for gethostbyname
[0.778s] -- Looking for gethostbyname - found
[0.778s] -- Looking for connect
[0.832s] -- Looking for connect - found
[0.832s] -- Looking for remove
[0.887s] -- Looking for remove - found
[0.887s] -- Looking for shmat
[0.938s] -- Looking for shmat - found
[0.938s] -- Looking for IceConnectionNumber in ICE
[0.990s] -- Looking for IceConnectionNumber in ICE - found
[1.007s] -- Found geometry_msgs: 4.9.0 (/opt/ros/humble/share/geometry_msgs/cmake)
[1.062s] -- Found rosidl_generator_c: 3.1.7 (/opt/ros/humble/share/rosidl_generator_c/cmake)
[1.072s] -- Found rosidl_adapter: 3.1.7 (/opt/ros/humble/share/rosidl_adapter/cmake)
[1.086s] -- Found rosidl_generator_cpp: 3.1.7 (/opt/ros/humble/share/rosidl_generator_cpp/cmake)
[1.104s] -- Using all available rosidl_typesupport_c: rosidl_typesupport_fastrtps_c;rosidl_typesupport_introspection_c
[1.128s] -- Using all available rosidl_typesupport_cpp: rosidl_typesupport_fastrtps_cpp;rosidl_typesupport_introspection_cpp
[1.175s] -- Found pluginlib: 5.1.0 (/opt/ros/humble/share/pluginlib/cmake)
[1.218s] -- Found rclcpp: 16.0.15 (/opt/ros/humble/share/rclcpp/cmake)
[1.275s] -- Found rmw_implementation_cmake: 6.1.2 (/opt/ros/humble/share/rmw_implementation_cmake/cmake)
[1.281s] -- Found rmw_fastrtps_cpp: 6.2.8 (/opt/ros/humble/share/rmw_fastrtps_cpp/cmake)
[1.318s] -- Found TinyXML2 via Config file: TinyXML2_DIR-NOTFOUND
[1.362s] -- Found OpenSSL: /usr/lib/aarch64-linux-gnu/libcrypto.so (found version "3.0.2")  
[1.364s] -- Found TinyXML2 via Config file: TinyXML2_DIR-NOTFOUND
[1.377s] -- Found FastRTPS: /opt/ros/humble/include  
[1.379s] -- Found TinyXML2 via Config file: TinyXML2_DIR-NOTFOUND
[1.387s] -- Found TinyXML2 via Config file: TinyXML2_DIR-NOTFOUND
[1.397s] -- Using RMW implementation 'rmw_fastrtps_cpp' as default
[1.414s] -- Looking for pthread.h
[1.473s] -- Looking for pthread.h - found
[1.473s] -- Performing Test CMAKE_HAVE_LIBC_PTHREAD
[1.537s] -- Performing Test CMAKE_HAVE_LIBC_PTHREAD - Success
[1.538s] -- Found Threads: TRUE  
[1.591s] -- Found resource_retriever: 3.1.3 (/opt/ros/humble/share/resource_retriever/cmake)
[1.680s] -- library: /usr/lib/aarch64-linux-gnu/libcurl.so
[1.681s] -- Found rviz_rendering: 11.2.18 (/home/rinav/ros2_ws/install/rviz_rendering/share/rviz_rendering/cmake)
[1.683s] -- Setting assimp_DIR to: '/home/rinav/ros2_ws/install/rviz_assimp_vendor/share/rviz_assimp_vendor/cmake/../../../opt/rviz_assimp_vendor/lib/cmake/assimp-4.1'
[1.715s] -- Found sensor_msgs: 4.9.0 (/opt/ros/humble/share/sensor_msgs/cmake)
[1.740s] -- Found tf2: 0.25.16 (/opt/ros/humble/share/tf2/cmake)
[1.748s] -- Found tf2_geometry_msgs: 0.25.16 (/opt/ros/humble/share/tf2_geometry_msgs/cmake)
[1.762s] -- Found Eigen3: TRUE (found version "3.4.0") 
[1.762s] -- Ensuring Eigen3 include directory is part of orocos-kdl CMake target
[1.881s] -- Found urdf: 2.6.1 (/opt/ros/humble/share/urdf/cmake)
[1.900s] -- Found yaml_cpp_vendor: 8.0.2 (/opt/ros/humble/share/yaml_cpp_vendor/cmake)
[1.904s] -- Found TinyXML2 via Config file: TinyXML2_DIR-NOTFOUND
[1.983s] -- Found ament_lint_auto: 0.12.14 (/opt/ros/humble/share/ament_lint_auto/cmake)
[2.017s] -- Found gmock sources under '/opt/ros/humble/src/gmock_vendor': C++ tests using 'Google Mock' will be built
[2.024s] -- Found gtest sources under '/opt/ros/humble/src/gtest_vendor': C++ tests using 'Google Test' will be built
[2.047s] -- Added test 'cppcheck' to perform static code analysis on C / C++ code
[2.047s] -- Configured cppcheck include dirs: $<BUILD_INTERFACE:/home/rinav/ros2_ws/src/rviz/rviz_common/include>
[2.047s] -- Configured cppcheck exclude dirs and/or files: 
[2.055s] -- Added test 'cpplint' to check C / C++ code against the Google style
[2.055s] -- Configured cpplint exclude dirs and/or files: 
[2.057s] -- Added test 'lint_cmake' to check CMake code style
[2.065s] -- Added test 'uncrustify' to check C / C++ code style
[2.065s] -- Configured uncrustify additional arguments: 
[2.066s] -- Added test 'xmllint' to check XML markup files
[2.069s] -- Configuring done
[2.199s] -- Generating done
[2.229s] -- Build files have been written to: /home/rinav/ros2_ws/build/rviz_common
[2.243s] Invoked command in '/home/rinav/ros2_ws/build/rviz_common' returned '0': AMENT_PREFIX_PATH=/home/rinav/ros2_ws/install/rviz_rendering:/home/rinav/ros2_ws/install/rviz_ogre_vendor:/home/rinav/ros2_ws/install/rviz_assimp_vendor:${AMENT_PREFIX_PATH} CMAKE_PREFIX_PATH=/home/rinav/ros2_ws/install/rviz_rendering:/home/rinav/ros2_ws/install/rviz_ogre_vendor:/home/rinav/ros2_ws/install/rviz_assimp_vendor:/home/rinav/ros2_ws/src/rviz/install:/home/rinav/ros2_ws/install/husky_ur3_moveit_config:/home/rinav/ros2_ws/install/ur:/home/rinav/ros2_ws/install/ur_calibration:/home/rinav/ros2_ws/install/ur_robot_driver:/home/rinav/ros2_ws/install/ur_moveit_config:/home/rinav/ros2_ws/install/ur_bringup:/home/rinav/ros2_ws/install/ur_description:/home/rinav/ros2_ws/install/ur_controllers:/home/rinav/ros2_ws/install/ur_dashboard_msgs:/home/rinav/ros2_ws/install/turtlesim:/home/rinav/ros2_ws/install/robotis_manipulator:/home/rinav/ros2_ws/install/husky_desktop:/home/rinav/ros2_ws/install/husky_viz:/home/rinav/ros2_ws/install/husky_ur3_ignition:/home/rinav/ros2_ws/install/husky_simulator:/home/rinav/ros2_ws/install/husky_robot:/home/rinav/ros2_ws/install/husky_bringup:/home/rinav/ros2_ws/install/husky_base:/home/rinav/ros2_ws/install/husky_msgs:/home/rinav/ros2_ws/install/husky_gazebo:/home/rinav/ros2_ws/install/husky_control:/home/rinav/ros2_ws/install/husky_description:/home/rinav/ros2_ws/install/trial_package:/home/rinav/ros2_ws/install/py_srvcli:/home/rinav/ros2_ws/install/py_pubsub:/home/rinav/ros2_ws/install/mobile_robotics:/opt/ros/humble LD_LIBRARY_PATH=/home/rinav/ros2_ws/install/rviz_rendering/lib:/home/rinav/ros2_ws/install/rviz_ogre_vendor/opt/rviz_ogre_vendor/lib:${LD_LIBRARY_PATH} /usr/bin/cmake /home/rinav/ros2_ws/src/rviz/rviz_common -DCMAKE_INSTALL_PREFIX=/home/rinav/ros2_ws/install/rviz_common
[2.243s] Invoking command in '/home/rinav/ros2_ws/build/rviz_common': AMENT_PREFIX_PATH=/home/rinav/ros2_ws/install/rviz_rendering:/home/rinav/ros2_ws/install/rviz_ogre_vendor:/home/rinav/ros2_ws/install/rviz_assimp_vendor:${AMENT_PREFIX_PATH} CMAKE_PREFIX_PATH=/home/rinav/ros2_ws/install/rviz_rendering:/home/rinav/ros2_ws/install/rviz_ogre_vendor:/home/rinav/ros2_ws/install/rviz_assimp_vendor:/home/rinav/ros2_ws/src/rviz/install:/home/rinav/ros2_ws/install/husky_ur3_moveit_config:/home/rinav/ros2_ws/install/ur:/home/rinav/ros2_ws/install/ur_calibration:/home/rinav/ros2_ws/install/ur_robot_driver:/home/rinav/ros2_ws/install/ur_moveit_config:/home/rinav/ros2_ws/install/ur_bringup:/home/rinav/ros2_ws/install/ur_description:/home/rinav/ros2_ws/install/ur_controllers:/home/rinav/ros2_ws/install/ur_dashboard_msgs:/home/rinav/ros2_ws/install/turtlesim:/home/rinav/ros2_ws/install/robotis_manipulator:/home/rinav/ros2_ws/install/husky_desktop:/home/rinav/ros2_ws/install/husky_viz:/home/rinav/ros2_ws/install/husky_ur3_ignition:/home/rinav/ros2_ws/install/husky_simulator:/home/rinav/ros2_ws/install/husky_robot:/home/rinav/ros2_ws/install/husky_bringup:/home/rinav/ros2_ws/install/husky_base:/home/rinav/ros2_ws/install/husky_msgs:/home/rinav/ros2_ws/install/husky_gazebo:/home/rinav/ros2_ws/install/husky_control:/home/rinav/ros2_ws/install/husky_description:/home/rinav/ros2_ws/install/trial_package:/home/rinav/ros2_ws/install/py_srvcli:/home/rinav/ros2_ws/install/py_pubsub:/home/rinav/ros2_ws/install/mobile_robotics:/opt/ros/humble LD_LIBRARY_PATH=/home/rinav/ros2_ws/install/rviz_rendering/lib:/home/rinav/ros2_ws/install/rviz_ogre_vendor/opt/rviz_ogre_vendor/lib:${LD_LIBRARY_PATH} /usr/bin/cmake --build /home/rinav/ros2_ws/build/rviz_common -- -j8 -l8
[2.287s] [  0%] [34m[1mGenerating src/rviz_common/moc_widget_geometry_change_detector.cpp[0m
[2.288s] [  0%] [34m[1mGenerating include/rviz_common/interaction/moc_selection_manager_iface.cpp[0m
[2.290s] [  1%] [34m[1mGenerating include/rviz_common/interaction/moc_selection_manager.cpp[0m
[2.293s] [  1%] [34m[1mGenerating include/rviz_common/moc_display.cpp[0m
[2.293s] [  1%] [32mBuilding CXX object gmock/CMakeFiles/gmock_main.dir/src/gmock_main.cc.o[0m
[2.299s] [  2%] [32mBuilding CXX object gtest/CMakeFiles/gtest_main.dir/src/gtest_main.cc.o[0m
[2.301s] [  3%] [34m[1mGenerating include/rviz_common/moc_display_context.cpp[0m
[2.302s] [  4%] [34m[1mGenerating include/rviz_common/moc_display_group.cpp[0m
[2.302s] [  4%] [32mBuilding CXX object gmock/CMakeFiles/gmock.dir/opt/ros/humble/src/gtest_vendor/src/gtest-all.cc.o[0m
[2.306s] [  4%] [34m[1mGenerating include/rviz_common/moc_frame_manager_iface.cpp[0m
[2.307s] [  5%] [32mBuilding CXX object gtest/CMakeFiles/gtest.dir/src/gtest-all.cc.o[0m
[2.312s] [  5%] [34m[1mGenerating include/rviz_common/moc_frame_position_tracking_view_controller.cpp[0m
[2.313s] [  5%] [34m[1mGenerating include/rviz_common/moc_panel.cpp[0m
[2.341s] [  6%] [34m[1mGenerating include/rviz_common/moc_panel_dock_widget.cpp[0m
[2.357s] [  6%] [34m[1mGenerating include/rviz_common/moc_render_panel.cpp[0m
[2.362s] [  6%] [32mBuilding CXX object gmock/CMakeFiles/gmock.dir/src/gmock-all.cc.o[0m
[2.385s] [  7%] [34m[1mGenerating include/rviz_common/moc_ros_topic_display.cpp[0m
[2.433s] [  7%] [34m[1mGenerating include/rviz_common/moc_tool_manager.cpp[0m
[2.442s] [  7%] [34m[1mGenerating include/rviz_common/moc_view_controller.cpp[0m
[2.444s] [  7%] [34m[1mGenerating include/rviz_common/moc_tool.cpp[0m
[2.459s] [  7%] [34m[1mGenerating include/rviz_common/moc_visualization_frame.cpp[0m
[2.469s] [  7%] [34m[1mGenerating include/rviz_common/moc_view_manager.cpp[0m
[2.478s] [  7%] [34m[1mGenerating include/rviz_common/moc_visualization_manager.cpp[0m
[2.496s] [  8%] [34m[1mGenerating include/rviz_common/moc_visualizer_app.cpp[0m
[2.503s] [  8%] [34m[1mGenerating include/rviz_common/properties/moc_bool_property.cpp[0m
[2.511s] [  8%] [34m[1mGenerating include/rviz_common/properties/moc_color_editor.cpp[0m
[2.545s] [  9%] [34m[1mGenerating include/rviz_common/properties/moc_color_property.cpp[0m
[2.583s] [  9%] [34m[1mGenerating include/rviz_common/properties/moc_combo_box.cpp[0m
[2.602s] [  9%] [34m[1mGenerating include/rviz_common/properties/moc_covariance_property.cpp[0m
[2.634s] [ 10%] [34m[1mGenerating include/rviz_common/properties/moc_display_group_visibility_property.cpp[0m
[2.644s] [ 10%] [34m[1mGenerating include/rviz_common/properties/moc_display_visibility_property.cpp[0m
[2.656s] [ 11%] [34m[1mGenerating include/rviz_common/properties/moc_editable_combo_box.cpp[0m
[2.664s] [ 11%] [34m[1mGenerating include/rviz_common/properties/moc_editable_enum_property.cpp[0m
[2.674s] [ 12%] [34m[1mGenerating include/rviz_common/properties/moc_enum_property.cpp[0m
[2.680s] [ 13%] [34m[1mGenerating include/rviz_common/properties/moc_float_property.cpp[0m
[2.684s] [ 13%] [34m[1mGenerating include/rviz_common/properties/moc_float_edit.cpp[0m
[2.690s] [ 13%] [34m[1mGenerating include/rviz_common/properties/moc_int_property.cpp[0m
[2.702s] [ 14%] [34m[1mGenerating include/rviz_common/properties/moc_line_edit_with_button.cpp[0m
[2.706s] [ 14%] [34m[1mGenerating include/rviz_common/properties/moc_property.cpp[0m
[2.713s] [ 14%] [34m[1mGenerating include/rviz_common/properties/moc_property_tree_delegate.cpp[0m
[2.725s] [ 15%] [34m[1mGenerating include/rviz_common/properties/moc_property_tree_model.cpp[0m
[2.734s] [ 15%] [34m[1mGenerating include/rviz_common/properties/moc_property_tree_widget.cpp[0m
[2.746s] [ 15%] [34m[1mGenerating include/rviz_common/properties/moc_property_tree_with_help.cpp[0m
[2.757s] [ 15%] [34m[1mGenerating include/rviz_common/properties/moc_quaternion_property.cpp[0m
[2.764s] [ 16%] [34m[1mGenerating include/rviz_common/properties/moc_ros_topic_property.cpp[0m
[2.769s] [ 16%] [34m[1mGenerating include/rviz_common/properties/moc_qos_profile_property.cpp[0m
[2.780s] [ 16%] [34m[1mGenerating include/rviz_common/properties/moc_splitter_handle.cpp[0m
[2.786s] [ 16%] [32m[1mLinking CXX static library libgtest_main.a[0m
[2.786s] [ 16%] [34m[1mGenerating include/rviz_common/properties/moc_status_list.cpp[0m
[2.793s] [ 17%] [34m[1mGenerating include/rviz_common/properties/moc_status_property.cpp[0m
[2.796s] [ 17%] [34m[1mGenerating include/rviz_common/properties/moc_string_property.cpp[0m
[2.803s] [ 17%] [34m[1mGenerating include/rviz_common/properties/moc_tf_frame_property.cpp[0m
[2.813s] [ 18%] [34m[1mGenerating include/rviz_common/properties/moc_vector_property.cpp[0m
[2.821s] [ 18%] [34m[1mGenerating include/rviz_common/transformation/moc_transformation_manager.cpp[0m
[2.821s] [ 19%] [34m[1mGenerating src/rviz_common/moc_add_display_dialog.cpp[0m
[2.832s] [ 19%] Built target gtest_main
[2.838s] [ 20%] [34m[1mGenerating src/rviz_common/moc_frame_manager.cpp[0m
[2.845s] [ 20%] [34m[1mGenerating src/rviz_common/moc_failed_panel.cpp[0m
[2.852s] [ 20%] [34m[1mGenerating src/rviz_common/moc_displays_panel.cpp[0m
[2.852s] [ 20%] [34m[1mGenerating src/rviz_common/moc_help_panel.cpp[0m
[2.879s] [ 20%] [34m[1mGenerating src/rviz_common/moc_loading_dialog.cpp[0m
[2.888s] [ 20%] [34m[1mGenerating src/rviz_common/moc_screenshot_dialog.cpp[0m
[2.897s] [ 21%] [34m[1mGenerating src/rviz_common/moc_new_object_dialog.cpp[0m
[2.898s] [ 21%] [34m[1mGenerating src/rviz_common/moc_splash_screen.cpp[0m
[2.898s] [ 22%] [34m[1mGenerating src/rviz_common/moc_scaled_image_widget.cpp[0m
[2.908s] [ 23%] [34m[1mGenerating src/rviz_common/moc_time_panel.cpp[0m
[2.908s] [ 24%] [34m[1mGenerating src/rviz_common/moc_tool_properties_panel.cpp[0m
[2.911s] [ 24%] [32m[1mLinking CXX static library libgmock_main.a[0m
[2.914s] [ 26%] [34m[1mGenerating src/rviz_common/moc_transformation_panel.cpp[0m
[2.914s] [ 26%] [34m[1mGenerating src/rviz_common/moc_views_panel.cpp[0m
[2.945s] [ 26%] [32mBuilding CXX object CMakeFiles/rviz_common.dir/src/rviz_common/moc_add_display_dialog.cpp.o[0m
[2.945s] [ 27%] [32mBuilding CXX object CMakeFiles/rviz_common.dir/src/rviz_common/moc_help_panel.cpp.o[0m
[2.946s] [ 27%] [32mBuilding CXX object CMakeFiles/rviz_common.dir/include/rviz_common/properties/moc_property_tree_widget.cpp.o[0m
[2.951s] [ 27%] [32mBuilding CXX object CMakeFiles/rviz_common.dir/include/rviz_common/properties/moc_enum_property.cpp.o[0m
[2.952s] [ 27%] Built target gmock_main
[3.001s] [ 28%] [32mBuilding CXX object CMakeFiles/rviz_common.dir/include/rviz_common/properties/moc_splitter_handle.cpp.o[0m
[3.860s] [ 28%] [32mBuilding CXX object CMakeFiles/rviz_common.dir/include/rviz_common/moc_display_group.cpp.o[0m
[3.939s] [ 28%] [32mBuilding CXX object CMakeFiles/rviz_common.dir/include/rviz_common/moc_frame_position_tracking_view_controller.cpp.o[0m
[4.066s] [ 29%] [32mBuilding CXX object CMakeFiles/rviz_common.dir/include/rviz_common/properties/moc_quaternion_property.cpp.o[0m
[4.165s] [ 29%] [32mBuilding CXX object CMakeFiles/rviz_common.dir/include/rviz_common/moc_visualizer_app.cpp.o[0m
[4.292s] [ 30%] [32mBuilding CXX object CMakeFiles/rviz_common.dir/include/rviz_common/moc_display.cpp.o[0m
[4.969s] [ 30%] [32mBuilding CXX object CMakeFiles/rviz_common.dir/include/rviz_common/moc_display_context.cpp.o[0m
[5.090s] [ 30%] [32m[1mLinking CXX static library libgtest.a[0m
[5.266s] [ 30%] Built target gtest
[5.293s] [ 30%] [32mBuilding CXX object CMakeFiles/rviz_common.dir/src/rviz_common/moc_displays_panel.cpp.o[0m
[5.401s] [ 31%] [32m[1mLinking CXX static library libgmock.a[0m
[5.510s] [ 32%] [32mBuilding CXX object CMakeFiles/rviz_common.dir/src/rviz_common/moc_failed_panel.cpp.o[0m
[5.533s] [ 32%] Built target gmock
[5.547s] [ 32%] [32mBuilding CXX object CMakeFiles/rviz_common.dir/src/rviz_common/moc_frame_manager.cpp.o[0m
[5.558s] [ 32%] [32mBuilding CXX object CMakeFiles/rviz_common.dir/include/rviz_common/moc_frame_manager_iface.cpp.o[0m
[5.578s] [ 33%] [32mBuilding CXX object CMakeFiles/rviz_common.dir/src/rviz_common/moc_loading_dialog.cpp.o[0m
[6.558s] [ 33%] [32mBuilding CXX object CMakeFiles/rviz_common.dir/src/rviz_common/moc_new_object_dialog.cpp.o[0m
[6.701s] [ 34%] [32mBuilding CXX object CMakeFiles/rviz_common.dir/include/rviz_common/moc_panel.cpp.o[0m
[7.626s] [ 34%] [32mBuilding CXX object CMakeFiles/rviz_common.dir/include/rviz_common/moc_panel_dock_widget.cpp.o[0m
[7.632s] [ 34%] [32mBuilding CXX object CMakeFiles/rviz_common.dir/include/rviz_common/properties/moc_bool_property.cpp.o[0m
[7.752s] [ 35%] [32mBuilding CXX object CMakeFiles/rviz_common.dir/include/rviz_common/properties/moc_color_editor.cpp.o[0m
[7.787s] [ 35%] [32mBuilding CXX object CMakeFiles/rviz_common.dir/include/rviz_common/properties/moc_color_property.cpp.o[0m
[8.510s] [ 36%] [32mBuilding CXX object CMakeFiles/rviz_common.dir/include/rviz_common/properties/moc_covariance_property.cpp.o[0m
[8.534s] [ 36%] [32mBuilding CXX object CMakeFiles/rviz_common.dir/include/rviz_common/properties/moc_combo_box.cpp.o[0m
[8.543s] [ 36%] [32mBuilding CXX object CMakeFiles/rviz_common.dir/include/rviz_common/properties/moc_display_group_visibility_property.cpp.o[0m
[8.663s] [ 37%] [32mBuilding CXX object CMakeFiles/rviz_common.dir/include/rviz_common/properties/moc_display_visibility_property.cpp.o[0m
[8.700s] [ 37%] [32mBuilding CXX object CMakeFiles/rviz_common.dir/include/rviz_common/properties/moc_editable_combo_box.cpp.o[0m
[8.820s] [ 37%] [32mBuilding CXX object CMakeFiles/rviz_common.dir/include/rviz_common/properties/moc_editable_enum_property.cpp.o[0m
[8.824s] [ 38%] [32mBuilding CXX object CMakeFiles/rviz_common.dir/include/rviz_common/properties/moc_float_edit.cpp.o[0m
[8.858s] [ 38%] [32mBuilding CXX object CMakeFiles/rviz_common.dir/include/rviz_common/properties/moc_float_property.cpp.o[0m
[9.353s] [ 39%] [32mBuilding CXX object CMakeFiles/rviz_common.dir/include/rviz_common/properties/moc_int_property.cpp.o[0m
[9.510s] [ 39%] [32mBuilding CXX object CMakeFiles/rviz_common.dir/include/rviz_common/properties/moc_line_edit_with_button.cpp.o[0m
[9.547s] [ 39%] [32mBuilding CXX object CMakeFiles/rviz_common.dir/include/rviz_common/properties/moc_property.cpp.o[0m
[9.575s] [ 40%] [32mBuilding CXX object CMakeFiles/rviz_common.dir/include/rviz_common/properties/moc_property_tree_delegate.cpp.o[0m
[9.704s] [ 40%] [32mBuilding CXX object CMakeFiles/rviz_common.dir/include/rviz_common/properties/moc_property_tree_model.cpp.o[0m
[9.709s] [ 40%] [32mBuilding CXX object CMakeFiles/rviz_common.dir/include/rviz_common/properties/moc_property_tree_with_help.cpp.o[0m
[9.755s] [ 41%] [32mBuilding CXX object CMakeFiles/rviz_common.dir/include/rviz_common/properties/moc_qos_profile_property.cpp.o[0m
[9.806s] [ 41%] [32mBuilding CXX object CMakeFiles/rviz_common.dir/include/rviz_common/properties/moc_ros_topic_property.cpp.o[0m
[10.164s] [ 42%] [32mBuilding CXX object CMakeFiles/rviz_common.dir/include/rviz_common/properties/moc_status_list.cpp.o[0m
[10.337s] [ 42%] [32mBuilding CXX object CMakeFiles/rviz_common.dir/include/rviz_common/properties/moc_status_property.cpp.o[0m
[10.384s] [ 42%] [32mBuilding CXX object CMakeFiles/rviz_common.dir/include/rviz_common/properties/moc_string_property.cpp.o[0m
[10.425s] [ 43%] [32mBuilding CXX object CMakeFiles/rviz_common.dir/include/rviz_common/properties/moc_tf_frame_property.cpp.o[0m
[10.437s] [ 43%] [32mBuilding CXX object CMakeFiles/rviz_common.dir/include/rviz_common/properties/moc_vector_property.cpp.o[0m
[10.471s] [ 43%] [32mBuilding CXX object CMakeFiles/rviz_common.dir/include/rviz_common/moc_render_panel.cpp.o[0m
[10.478s] [ 44%] [32mBuilding CXX object CMakeFiles/rviz_common.dir/include/rviz_common/moc_visualization_manager.cpp.o[0m
[10.929s] [ 44%] [32mBuilding CXX object CMakeFiles/rviz_common.dir/src/rviz_common/moc_scaled_image_widget.cpp.o[0m
[11.081s] [ 45%] [32mBuilding CXX object CMakeFiles/rviz_common.dir/src/rviz_common/moc_screenshot_dialog.cpp.o[0m
[11.183s] [ 45%] [32mBuilding CXX object CMakeFiles/rviz_common.dir/include/rviz_common/interaction/moc_selection_manager.cpp.o[0m
[11.462s] [ 45%] [32mBuilding CXX object CMakeFiles/rviz_common.dir/include/rviz_common/interaction/moc_selection_manager_iface.cpp.o[0m
[11.471s] [ 46%] [32mBuilding CXX object CMakeFiles/rviz_common.dir/src/rviz_common/moc_splash_screen.cpp.o[0m
[11.791s] [ 46%] [32mBuilding CXX object CMakeFiles/rviz_common.dir/src/rviz_common/moc_time_panel.cpp.o[0m
[11.833s] [ 46%] [32mBuilding CXX object CMakeFiles/rviz_common.dir/include/rviz_common/moc_tool.cpp.o[0m
[12.205s] [ 47%] [32mBuilding CXX object CMakeFiles/rviz_common.dir/include/rviz_common/moc_tool_manager.cpp.o[0m
[12.586s] [ 47%] [32mBuilding CXX object CMakeFiles/rviz_common.dir/src/rviz_common/moc_tool_properties_panel.cpp.o[0m
[12.601s] [ 48%] [32mBuilding CXX object CMakeFiles/rviz_common.dir/include/rviz_common/transformation/moc_transformation_manager.cpp.o[0m
[12.687s] [ 48%] [32mBuilding CXX object CMakeFiles/rviz_common.dir/src/rviz_common/moc_transformation_panel.cpp.o[0m
[12.796s] [ 48%] [32mBuilding CXX object CMakeFiles/rviz_common.dir/include/rviz_common/moc_view_controller.cpp.o[0m
[13.285s] [ 49%] [32mBuilding CXX object CMakeFiles/rviz_common.dir/include/rviz_common/moc_view_manager.cpp.o[0m
[13.329s] [ 49%] [32mBuilding CXX object CMakeFiles/rviz_common.dir/src/rviz_common/moc_views_panel.cpp.o[0m
[13.427s] [ 49%] [32mBuilding CXX object CMakeFiles/rviz_common.dir/include/rviz_common/moc_visualization_frame.cpp.o[0m
[13.791s] [ 50%] [32mBuilding CXX object CMakeFiles/rviz_common.dir/src/rviz_common/moc_widget_geometry_change_detector.cpp.o[0m
[13.801s] [ 50%] [32mBuilding CXX object CMakeFiles/rviz_common.dir/include/rviz_common/moc_ros_topic_display.cpp.o[0m
[14.226s] [ 51%] [32mBuilding CXX object CMakeFiles/rviz_common.dir/src/rviz_common/env_config.cpp.o[0m
[14.350s] [ 51%] [32mBuilding CXX object CMakeFiles/rviz_common.dir/src/rviz_common/add_display_dialog.cpp.o[0m
[14.408s] [ 51%] [32mBuilding CXX object CMakeFiles/rviz_common.dir/src/rviz_common/bit_allocator.cpp.o[0m
[14.497s] [ 52%] [32mBuilding CXX object CMakeFiles/rviz_common.dir/src/rviz_common/config.cpp.o[0m
[14.569s] [ 52%] [32mBuilding CXX object CMakeFiles/rviz_common.dir/src/rviz_common/depth_cloud_mld.cpp.o[0m
[14.752s] [ 52%] [32mBuilding CXX object CMakeFiles/rviz_common.dir/src/rviz_common/display_factory.cpp.o[0m
[15.855s] [ 53%] [32mBuilding CXX object CMakeFiles/rviz_common.dir/src/rviz_common/display_group.cpp.o[0m
[16.839s] [ 53%] [32mBuilding CXX object CMakeFiles/rviz_common.dir/src/rviz_common/display.cpp.o[0m
[16.889s] [ 54%] [32mBuilding CXX object CMakeFiles/rviz_common.dir/src/rviz_common/displays_panel.cpp.o[0m
[17.669s] [ 54%] [32mBuilding CXX object CMakeFiles/rviz_common.dir/src/rviz_common/failed_display.cpp.o[0m
[17.916s] [ 54%] [32mBuilding CXX object CMakeFiles/rviz_common.dir/src/rviz_common/failed_panel.cpp.o[0m
[18.569s] [ 55%] [32mBuilding CXX object CMakeFiles/rviz_common.dir/src/rviz_common/failed_tool.cpp.o[0m
[18.625s] [ 55%] [32mBuilding CXX object CMakeFiles/rviz_common.dir/src/rviz_common/failed_view_controller.cpp.o[0m
[18.770s] [ 56%] [32mBuilding CXX object CMakeFiles/rviz_common.dir/src/rviz_common/frame_manager.cpp.o[0m
[18.835s] [ 56%] [32mBuilding CXX object CMakeFiles/rviz_common.dir/src/rviz_common/frame_position_tracking_view_controller.cpp.o[0m
[19.110s] [ 56%] [32mBuilding CXX object CMakeFiles/rviz_common.dir/src/rviz_common/help_panel.cpp.o[0m
[19.847s] [ 57%] [32mBuilding CXX object CMakeFiles/rviz_common.dir/src/rviz_common/load_resource.cpp.o[0m
[20.798s] [ 57%] [32mBuilding CXX object CMakeFiles/rviz_common.dir/src/rviz_common/loading_dialog.cpp.o[0m
[21.051s] [ 57%] [32mBuilding CXX object CMakeFiles/rviz_common.dir/src/rviz_common/logging.cpp.o[0m
[21.278s] [ 58%] [32mBuilding CXX object CMakeFiles/rviz_common.dir/src/rviz_common/new_object_dialog.cpp.o[0m
[21.533s] [ 58%] [32mBuilding CXX object CMakeFiles/rviz_common.dir/src/rviz_common/panel_dock_widget.cpp.o[0m
[21.798s] [ 59%] [32mBuilding CXX object CMakeFiles/rviz_common.dir/src/rviz_common/panel_factory.cpp.o[0m
[21.963s] [ 59%] [32mBuilding CXX object CMakeFiles/rviz_common.dir/src/rviz_common/panel.cpp.o[0m
[22.147s] [ 59%] [32mBuilding CXX object CMakeFiles/rviz_common.dir/src/rviz_common/properties/bool_property.cpp.o[0m
[22.225s] [ 60%] [32mBuilding CXX object CMakeFiles/rviz_common.dir/src/rviz_common/properties/color_editor.cpp.o[0m
[22.538s] [ 60%] [32mBuilding CXX object CMakeFiles/rviz_common.dir/src/rviz_common/properties/color_property.cpp.o[0m
[22.580s] [ 60%] [32mBuilding CXX object CMakeFiles/rviz_common.dir/src/rviz_common/properties/combo_box.cpp.o[0m
[22.674s] [ 61%] [32mBuilding CXX object CMakeFiles/rviz_common.dir/src/rviz_common/properties/covariance_property.cpp.o[0m
[22.990s] [ 61%] [32mBuilding CXX object CMakeFiles/rviz_common.dir/src/rviz_common/properties/display_group_visibility_property.cpp.o[0m
[23.476s] [ 62%] [32mBuilding CXX object CMakeFiles/rviz_common.dir/src/rviz_common/properties/display_visibility_property.cpp.o[0m
[23.577s] [ 62%] [32mBuilding CXX object CMakeFiles/rviz_common.dir/src/rviz_common/properties/editable_combo_box.cpp.o[0m
[23.705s] [ 62%] [32mBuilding CXX object CMakeFiles/rviz_common.dir/src/rviz_common/properties/editable_enum_property.cpp.o[0m
[23.803s] [ 63%] [32mBuilding CXX object CMakeFiles/rviz_common.dir/src/rviz_common/properties/enum_property.cpp.o[0m
[24.671s] [ 63%] [32mBuilding CXX object CMakeFiles/rviz_common.dir/src/rviz_common/properties/file_picker.cpp.o[0m
[24.872s] [ 63%] [32mBuilding CXX object CMakeFiles/rviz_common.dir/src/rviz_common/properties/file_picker_property.cpp.o[0m
[24.887s] [ 64%] [32mBuilding CXX object CMakeFiles/rviz_common.dir/src/rviz_common/properties/float_edit.cpp.o[0m
[25.343s] [ 64%] [32mBuilding CXX object CMakeFiles/rviz_common.dir/src/rviz_common/properties/float_property.cpp.o[0m
[25.649s] [ 65%] [32mBuilding CXX object CMakeFiles/rviz_common.dir/src/rviz_common/properties/grouped_checkbox_property.cpp.o[0m
[25.665s] [ 65%] [32mBuilding CXX object CMakeFiles/rviz_common.dir/src/rviz_common/properties/grouped_checkbox_property_group.cpp.o[0m
[25.685s] [ 65%] [32mBuilding CXX object CMakeFiles/rviz_common.dir/src/rviz_common/properties/int_property.cpp.o[0m
[25.754s] [ 66%] [32mBuilding CXX object CMakeFiles/rviz_common.dir/src/rviz_common/properties/line_edit_with_button.cpp.o[0m
[26.117s] [ 66%] [32mBuilding CXX object CMakeFiles/rviz_common.dir/src/rviz_common/properties/parse_color.cpp.o[0m
[26.214s] [ 66%] [32mBuilding CXX object CMakeFiles/rviz_common.dir/src/rviz_common/properties/property_tree_delegate.cpp.o[0m
[26.441s] [ 67%] [32mBuilding CXX object CMakeFiles/rviz_common.dir/src/rviz_common/properties/property_tree_model.cpp.o[0m
[26.454s] [ 67%] [32mBuilding CXX object CMakeFiles/rviz_common.dir/src/rviz_common/properties/property_tree_widget.cpp.o[0m
[26.501s] [ 68%] [32mBuilding CXX object CMakeFiles/rviz_common.dir/src/rviz_common/properties/property_tree_with_help.cpp.o[0m
[26.607s] [ 68%] [32mBuilding CXX object CMakeFiles/rviz_common.dir/src/rviz_common/properties/property.cpp.o[0m
[26.685s] [ 68%] [32mBuilding CXX object CMakeFiles/rviz_common.dir/src/rviz_common/properties/ros_topic_property.cpp.o[0m
[26.942s] [ 69%] [32mBuilding CXX object CMakeFiles/rviz_common.dir/src/rviz_common/properties/quaternion_property.cpp.o[0m
[27.166s] [ 69%] [32mBuilding CXX object CMakeFiles/rviz_common.dir/src/rviz_common/properties/qos_profile_property.cpp.o[0m
[27.192s] [ 69%] [32mBuilding CXX object CMakeFiles/rviz_common.dir/src/rviz_common/properties/splitter_handle.cpp.o[0m
[27.297s] [ 70%] [32mBuilding CXX object CMakeFiles/rviz_common.dir/src/rviz_common/properties/status_list.cpp.o[0m
[27.423s] [ 70%] [32mBuilding CXX object CMakeFiles/rviz_common.dir/src/rviz_common/properties/status_property.cpp.o[0m
[27.464s] [ 71%] [32mBuilding CXX object CMakeFiles/rviz_common.dir/src/rviz_common/properties/string_property.cpp.o[0m
[27.595s] [ 71%] [32mBuilding CXX object CMakeFiles/rviz_common.dir/src/rviz_common/properties/tf_frame_property.cpp.o[0m
[28.071s] [ 71%] [32mBuilding CXX object CMakeFiles/rviz_common.dir/src/rviz_common/properties/vector_property.cpp.o[0m
[28.156s] [ 72%] [32mBuilding CXX object CMakeFiles/rviz_common.dir/src/rviz_common/render_panel.cpp.o[0m
[28.179s] [ 72%] [32mBuilding CXX object CMakeFiles/rviz_common.dir/src/rviz_common/ros_integration/ros_client_abstraction.cpp.o[0m
[28.230s] [ 72%] [32mBuilding CXX object CMakeFiles/rviz_common.dir/src/rviz_common/ros_integration/ros_node_abstraction.cpp.o[0m
[28.258s] [ 73%] [32mBuilding CXX object CMakeFiles/rviz_common.dir/src/rviz_common/scaled_image_widget.cpp.o[0m
[28.360s] [ 73%] [32mBuilding CXX object CMakeFiles/rviz_common.dir/src/rviz_common/screenshot_dialog.cpp.o[0m
[28.981s] [ 74%] [32mBuilding CXX object CMakeFiles/rviz_common.dir/src/rviz_common/selection_panel.cpp.o[0m
[29.049s] [ 74%] [32mBuilding CXX object CMakeFiles/rviz_common.dir/src/rviz_common/interaction/handler_manager.cpp.o[0m
[29.312s] [ 74%] [32mBuilding CXX object CMakeFiles/rviz_common.dir/src/rviz_common/interaction/selection_handler.cpp.o[0m
[29.505s] [ 75%] [32mBuilding CXX object CMakeFiles/rviz_common.dir/src/rviz_common/interaction/selection_manager.cpp.o[0m
[30.327s] [ 75%] [32mBuilding CXX object CMakeFiles/rviz_common.dir/src/rviz_common/interaction/selection_renderer.cpp.o[0m
[30.410s] [ 76%] [32mBuilding CXX object CMakeFiles/rviz_common.dir/src/rviz_common/interaction/view_picker.cpp.o[0m
[30.413s] [ 76%] [32mBuilding CXX object CMakeFiles/rviz_common.dir/src/rviz_common/splash_screen.cpp.o[0m
[30.709s] [ 76%] [32mBuilding CXX object CMakeFiles/rviz_common.dir/src/rviz_common/time_panel.cpp.o[0m
[31.351s] [ 77%] [32mBuilding CXX object CMakeFiles/rviz_common.dir/src/rviz_common/transformation/identity_frame_transformer.cpp.o[0m
[32.079s] [ 77%] [32mBuilding CXX object CMakeFiles/rviz_common.dir/src/rviz_common/tool_manager.cpp.o[0m
[33.502s] [ 77%] [32mBuilding CXX object CMakeFiles/rviz_common.dir/src/rviz_common/tool_properties_panel.cpp.o[0m
[34.848s] [ 78%] [32mBuilding CXX object CMakeFiles/rviz_common.dir/src/rviz_common/tool.cpp.o[0m
[34.991s] [ 78%] [32mBuilding CXX object CMakeFiles/rviz_common.dir/src/rviz_common/transformation_panel.cpp.o[0m
[35.321s] [ 79%] [32mBuilding CXX object CMakeFiles/rviz_common.dir/src/rviz_common/transformation/transformation_manager.cpp.o[0m
[35.327s] [ 79%] [32mBuilding CXX object CMakeFiles/rviz_common.dir/src/rviz_common/uniform_string_stream.cpp.o[0m
[35.596s] [ 79%] [32mBuilding CXX object CMakeFiles/rviz_common.dir/src/rviz_common/view_controller.cpp.o[0m
[35.639s] [ 80%] [32mBuilding CXX object CMakeFiles/rviz_common.dir/src/rviz_common/view_manager.cpp.o[0m
[35.710s] [ 80%] [32mBuilding CXX object CMakeFiles/rviz_common.dir/src/rviz_common/views_panel.cpp.o[0m
[37.920s] [ 80%] [32mBuilding CXX object CMakeFiles/rviz_common.dir/src/rviz_common/viewport_mouse_event.cpp.o[0m
[38.208s] [ 81%] [32mBuilding CXX object CMakeFiles/rviz_common.dir/src/rviz_common/visualization_frame.cpp.o[0m
[38.293s] [ 81%] [32mBuilding CXX object CMakeFiles/rviz_common.dir/src/rviz_common/visualization_manager.cpp.o[0m
[38.854s] [ 82%] [32mBuilding CXX object CMakeFiles/rviz_common.dir/src/rviz_common/visualizer_app.cpp.o[0m
[39.406s] [ 82%] [32mBuilding CXX object CMakeFiles/rviz_common.dir/src/rviz_common/widget_geometry_change_detector.cpp.o[0m
[39.620s] [ 82%] [32mBuilding CXX object CMakeFiles/rviz_common.dir/src/rviz_common/yaml_config_reader.cpp.o[0m
[39.813s] [ 83%] [32mBuilding CXX object CMakeFiles/rviz_common.dir/src/rviz_common/yaml_config_writer.cpp.o[0m
[43.413s] [ 83%] [32m[1mLinking CXX shared library librviz_common.so[0m
[45.345s] [ 83%] Built target rviz_common
[45.353s] [ 83%] [34m[1mGenerating test/moc_mock_property_change_receiver.cpp[0m
[45.361s] [ 83%] [32mBuilding CXX object CMakeFiles/frame_manager_test.dir/test/frame_manager_test.cpp.o[0m
[45.361s] [ 83%] [32mBuilding CXX object CMakeFiles/display_factory_test.dir/test/display_factory_test.cpp.o[0m
[45.361s] [ 83%] [32mBuilding CXX object CMakeFiles/rviz_common_config_test.dir/test/config_test.cpp.o[0m
[45.361s] [ 83%] [32mBuilding CXX object CMakeFiles/rviz_common_uniform_string_stream_test.dir/test/uniform_string_stream_test.cpp.o[0m
[45.363s] [ 84%] [34m[1mGenerating test/moc_mock_display.cpp[0m
[45.378s] [ 84%] [32mBuilding CXX object CMakeFiles/rviz_common_property_test.dir/test/moc_mock_display.cpp.o[0m
[46.139s] [ 85%] [32m[1mLinking CXX executable rviz_common_uniform_string_stream_test[0m
[46.356s] [ 86%] [32mBuilding CXX object CMakeFiles/rviz_common_property_test.dir/test/moc_mock_property_change_receiver.cpp.o[0m
[46.389s] [ 86%] [32mBuilding CXX object CMakeFiles/rviz_common_visualizer_app_test.dir/test/visualizer_app_test.cpp.o[0m
[46.389s] [ 86%] [32mBuilding CXX object CMakeFiles/qos_profile_property_test.dir/test/properties/qos_profile_property_test.cpp.o[0m
[46.389s] [ 87%] [32mBuilding CXX object CMakeFiles/rviz_common_ros_node_abstraction_test.dir/test/ros_node_abstraction_test.cpp.o[0m
[46.551s] [ 88%] [32m[1mLinking CXX executable rviz_common_config_test[0m
[46.755s] [ 88%] Built target rviz_common_uniform_string_stream_test
[46.773s] [ 88%] [32mBuilding CXX object CMakeFiles/identity_transformer_test.dir/test/transformation/identity_frame_transformer_test.cpp.o[0m
[47.310s] [ 88%] [32mBuilding CXX object CMakeFiles/rviz_common_property_test.dir/test/property_test.cpp.o[0m
[47.417s] [ 88%] Built target rviz_common_config_test
[47.436s] [ 88%] [32mBuilding CXX object CMakeFiles/selection_manager_test.dir/test/interaction/selection_manager_test.cpp.o[0m
[47.938s] [ 88%] [32mBuilding CXX object CMakeFiles/display_factory_test.dir/src/rviz_common/display_factory.cpp.o[0m
[48.598s] [ 88%] [32m[1mLinking CXX executable qos_profile_property_test[0m
[49.247s] [ 88%] [32mBuilding CXX object CMakeFiles/rviz_common_property_test.dir/test/mock_display.cpp.o[0m
[49.511s] [ 88%] Built target qos_profile_property_test
[49.534s] [ 89%] [32mBuilding CXX object CMakeFiles/selection_handler_test.dir/test/interaction/selection_handler_test.cpp.o[0m
[49.689s] [ 89%] [32m[1mLinking CXX executable rviz_common_ros_node_abstraction_test[0m
[50.410s] [ 89%] Built target rviz_common_ros_node_abstraction_test
[50.427s] [ 89%] [32mBuilding CXX object CMakeFiles/rviz_common_display_test.dir/test/moc_mock_display.cpp.o[0m
[50.444s] [ 90%] [32mBuilding CXX object CMakeFiles/rviz_common_property_test.dir/test/mock_property_change_receiver.cpp.o[0m
[50.485s] [ 91%] [32m[1mLinking CXX executable identity_transformer_test[0m
[50.885s] [ 92%] [32m[1mLinking CXX executable display_factory_test[0m
[51.114s] [ 93%] [32mBuilding CXX object CMakeFiles/frame_manager_test.dir/src/rviz_common/frame_manager.cpp.o[0m
[51.288s] [ 93%] [32m[1mLinking CXX executable rviz_common_property_test[0m
[51.362s] [ 93%] Built target identity_transformer_test
[51.369s] [ 93%] [32mBuilding CXX object CMakeFiles/frame_manager_test.dir/src/rviz_common/moc_frame_manager.cpp.o[0m
[51.576s] [ 93%] [32m[1mLinking CXX executable rviz_common_visualizer_app_test[0m
[51.623s] [ 93%] [32mBuilding CXX object CMakeFiles/rviz_common_display_test.dir/test/moc_mock_property_change_receiver.cpp.o[0m
[52.305s] [ 93%] Built target display_factory_test
[52.314s] [ 94%] [32mBuilding CXX object CMakeFiles/selection_manager_test.dir/test/display_context_fixture.cpp.o[0m
[52.472s] [ 94%] Built target rviz_common_visualizer_app_test
[52.479s] [ 94%] [32mBuilding CXX object CMakeFiles/selection_manager_test.dir/test/ogre_testing_environment.cpp.o[0m
[52.483s] [ 95%] [32mBuilding CXX object CMakeFiles/rviz_common_display_test.dir/test/display_test.cpp.o[0m
[52.665s] [ 95%] Built target rviz_common_property_test
[52.678s] [ 95%] [32mBuilding CXX object CMakeFiles/rviz_common_display_test.dir/test/mock_display.cpp.o[0m
[53.966s] [ 95%] [32mBuilding CXX object CMakeFiles/rviz_common_display_test.dir/test/mock_display_group.cpp.o[0m
[54.242s] [ 96%] [32mBuilding CXX object CMakeFiles/rviz_common_display_test.dir/test/mock_property_change_receiver.cpp.o[0m
[54.431s] [ 96%] [32mBuilding CXX object CMakeFiles/selection_handler_test.dir/test/display_context_fixture.cpp.o[0m
[54.619s] [ 97%] [32mBuilding CXX object CMakeFiles/selection_handler_test.dir/test/ogre_testing_environment.cpp.o[0m
[54.711s] [ 98%] [32m[1mLinking CXX executable frame_manager_test[0m
[55.322s] [ 98%] [32m[1mLinking CXX executable rviz_common_display_test[0m
[55.908s] [ 98%] Built target frame_manager_test
[56.511s] [ 99%] Built target rviz_common_display_test
[59.802s] [100%] [32m[1mLinking CXX executable selection_manager_test[0m
[60.919s] [100%] Built target selection_manager_test
[61.453s] [100%] [32m[1mLinking CXX executable selection_handler_test[0m
[62.643s] [100%] Built target selection_handler_test
[62.658s] Invoked command in '/home/rinav/ros2_ws/build/rviz_common' returned '0': AMENT_PREFIX_PATH=/home/rinav/ros2_ws/install/rviz_rendering:/home/rinav/ros2_ws/install/rviz_ogre_vendor:/home/rinav/ros2_ws/install/rviz_assimp_vendor:${AMENT_PREFIX_PATH} CMAKE_PREFIX_PATH=/home/rinav/ros2_ws/install/rviz_rendering:/home/rinav/ros2_ws/install/rviz_ogre_vendor:/home/rinav/ros2_ws/install/rviz_assimp_vendor:/home/rinav/ros2_ws/src/rviz/install:/home/rinav/ros2_ws/install/husky_ur3_moveit_config:/home/rinav/ros2_ws/install/ur:/home/rinav/ros2_ws/install/ur_calibration:/home/rinav/ros2_ws/install/ur_robot_driver:/home/rinav/ros2_ws/install/ur_moveit_config:/home/rinav/ros2_ws/install/ur_bringup:/home/rinav/ros2_ws/install/ur_description:/home/rinav/ros2_ws/install/ur_controllers:/home/rinav/ros2_ws/install/ur_dashboard_msgs:/home/rinav/ros2_ws/install/turtlesim:/home/rinav/ros2_ws/install/robotis_manipulator:/home/rinav/ros2_ws/install/husky_desktop:/home/rinav/ros2_ws/install/husky_viz:/home/rinav/ros2_ws/install/husky_ur3_ignition:/home/rinav/ros2_ws/install/husky_simulator:/home/rinav/ros2_ws/install/husky_robot:/home/rinav/ros2_ws/install/husky_bringup:/home/rinav/ros2_ws/install/husky_base:/home/rinav/ros2_ws/install/husky_msgs:/home/rinav/ros2_ws/install/husky_gazebo:/home/rinav/ros2_ws/install/husky_control:/home/rinav/ros2_ws/install/husky_description:/home/rinav/ros2_ws/install/trial_package:/home/rinav/ros2_ws/install/py_srvcli:/home/rinav/ros2_ws/install/py_pubsub:/home/rinav/ros2_ws/install/mobile_robotics:/opt/ros/humble LD_LIBRARY_PATH=/home/rinav/ros2_ws/install/rviz_rendering/lib:/home/rinav/ros2_ws/install/rviz_ogre_vendor/opt/rviz_ogre_vendor/lib:${LD_LIBRARY_PATH} /usr/bin/cmake --build /home/rinav/ros2_ws/build/rviz_common -- -j8 -l8
[62.664s] Invoking command in '/home/rinav/ros2_ws/build/rviz_common': AMENT_PREFIX_PATH=/home/rinav/ros2_ws/install/rviz_rendering:/home/rinav/ros2_ws/install/rviz_ogre_vendor:/home/rinav/ros2_ws/install/rviz_assimp_vendor:${AMENT_PREFIX_PATH} CMAKE_PREFIX_PATH=/home/rinav/ros2_ws/install/rviz_rendering:/home/rinav/ros2_ws/install/rviz_ogre_vendor:/home/rinav/ros2_ws/install/rviz_assimp_vendor:/home/rinav/ros2_ws/src/rviz/install:/home/rinav/ros2_ws/install/husky_ur3_moveit_config:/home/rinav/ros2_ws/install/ur:/home/rinav/ros2_ws/install/ur_calibration:/home/rinav/ros2_ws/install/ur_robot_driver:/home/rinav/ros2_ws/install/ur_moveit_config:/home/rinav/ros2_ws/install/ur_bringup:/home/rinav/ros2_ws/install/ur_description:/home/rinav/ros2_ws/install/ur_controllers:/home/rinav/ros2_ws/install/ur_dashboard_msgs:/home/rinav/ros2_ws/install/turtlesim:/home/rinav/ros2_ws/install/robotis_manipulator:/home/rinav/ros2_ws/install/husky_desktop:/home/rinav/ros2_ws/install/husky_viz:/home/rinav/ros2_ws/install/husky_ur3_ignition:/home/rinav/ros2_ws/install/husky_simulator:/home/rinav/ros2_ws/install/husky_robot:/home/rinav/ros2_ws/install/husky_bringup:/home/rinav/ros2_ws/install/husky_base:/home/rinav/ros2_ws/install/husky_msgs:/home/rinav/ros2_ws/install/husky_gazebo:/home/rinav/ros2_ws/install/husky_control:/home/rinav/ros2_ws/install/husky_description:/home/rinav/ros2_ws/install/trial_package:/home/rinav/ros2_ws/install/py_srvcli:/home/rinav/ros2_ws/install/py_pubsub:/home/rinav/ros2_ws/install/mobile_robotics:/opt/ros/humble LD_LIBRARY_PATH=/home/rinav/ros2_ws/install/rviz_rendering/lib:/home/rinav/ros2_ws/install/rviz_ogre_vendor/opt/rviz_ogre_vendor/lib:${LD_LIBRARY_PATH} /usr/bin/cmake --install /home/rinav/ros2_ws/build/rviz_common
[62.668s] -- Install configuration: ""
[62.669s] -- Installing: /home/rinav/ros2_ws/install/rviz_common/share/rviz_common/environment/library_path.sh
[62.669s] -- Installing: /home/rinav/ros2_ws/install/rviz_common/share/rviz_common/environment/library_path.dsv
[62.669s] -- Installing: /home/rinav/ros2_ws/install/rviz_common/lib/librviz_common.so
[62.681s] -- Set runtime path of "/home/rinav/ros2_ws/install/rviz_common/lib/librviz_common.so" to ""
[62.681s] -- Installing: /home/rinav/ros2_ws/install/rviz_common/include/rviz_common
[62.681s] -- Installing: /home/rinav/ros2_ws/install/rviz_common/include/rviz_common/rviz_common
[62.681s] -- Installing: /home/rinav/ros2_ws/install/rviz_common/include/rviz_common/rviz_common/logging.hpp
[62.681s] -- Installing: /home/rinav/ros2_ws/install/rviz_common/include/rviz_common/rviz_common/viewport_mouse_event.hpp
[62.681s] -- Installing: /home/rinav/ros2_ws/install/rviz_common/include/rviz_common/rviz_common/render_panel.hpp
[62.681s] -- Installing: /home/rinav/ros2_ws/install/rviz_common/include/rviz_common/rviz_common/visualizer_app.hpp
[62.681s] -- Installing: /home/rinav/ros2_ws/install/rviz_common/include/rviz_common/rviz_common/view_controller.hpp
[62.682s] -- Installing: /home/rinav/ros2_ws/install/rviz_common/include/rviz_common/rviz_common/uniform_string_stream.hpp
[62.682s] -- Installing: /home/rinav/ros2_ws/install/rviz_common/include/rviz_common/rviz_common/factory
[62.682s] -- Installing: /home/rinav/ros2_ws/install/rviz_common/include/rviz_common/rviz_common/factory/class_id_recording_factory.hpp
[62.682s] -- Installing: /home/rinav/ros2_ws/install/rviz_common/include/rviz_common/rviz_common/factory/factory.hpp
[62.682s] -- Installing: /home/rinav/ros2_ws/install/rviz_common/include/rviz_common/rviz_common/factory/pluginlib_factory.hpp
[62.682s] -- Installing: /home/rinav/ros2_ws/install/rviz_common/include/rviz_common/rviz_common/tool.hpp
[62.682s] -- Installing: /home/rinav/ros2_ws/install/rviz_common/include/rviz_common/rviz_common/display.hpp
[62.682s] -- Installing: /home/rinav/ros2_ws/install/rviz_common/include/rviz_common/rviz_common/message_filter_display.hpp
[62.683s] -- Installing: /home/rinav/ros2_ws/install/rviz_common/include/rviz_common/rviz_common/ros_topic_display.hpp
[62.683s] -- Installing: /home/rinav/ros2_ws/install/rviz_common/include/rviz_common/rviz_common/panel_dock_widget.hpp
[62.683s] -- Installing: /home/rinav/ros2_ws/install/rviz_common/include/rviz_common/rviz_common/bit_allocator.hpp
[62.683s] -- Installing: /home/rinav/ros2_ws/install/rviz_common/include/rviz_common/rviz_common/config.hpp
[62.683s] -- Installing: /home/rinav/ros2_ws/install/rviz_common/include/rviz_common/rviz_common/display_group.hpp
[62.683s] -- Installing: /home/rinav/ros2_ws/install/rviz_common/include/rviz_common/rviz_common/view_manager.hpp
[62.683s] -- Installing: /home/rinav/ros2_ws/install/rviz_common/include/rviz_common/rviz_common/load_resource.hpp
[62.683s] -- Installing: /home/rinav/ros2_ws/install/rviz_common/include/rviz_common/rviz_common/msg_conversions.hpp
[62.683s] -- Installing: /home/rinav/ros2_ws/install/rviz_common/include/rviz_common/rviz_common/ros_integration
[62.683s] -- Installing: /home/rinav/ros2_ws/install/rviz_common/include/rviz_common/rviz_common/ros_integration/ros_client_abstraction.hpp
[62.683s] -- Installing: /home/rinav/ros2_ws/install/rviz_common/include/rviz_common/rviz_common/ros_integration/ros_client_abstraction_iface.hpp
[62.684s] -- Installing: /home/rinav/ros2_ws/install/rviz_common/include/rviz_common/rviz_common/ros_integration/ros_node_abstraction_iface.hpp
[62.684s] -- Installing: /home/rinav/ros2_ws/install/rviz_common/include/rviz_common/rviz_common/ros_integration/ros_node_abstraction.hpp
[62.684s] -- Installing: /home/rinav/ros2_ws/install/rviz_common/include/rviz_common/rviz_common/frame_manager_iface.hpp
[62.684s] -- Installing: /home/rinav/ros2_ws/install/rviz_common/include/rviz_common/rviz_common/interactive_object.hpp
[62.684s] -- Installing: /home/rinav/ros2_ws/install/rviz_common/include/rviz_common/rviz_common/panel.hpp
[62.684s] -- Installing: /home/rinav/ros2_ws/install/rviz_common/include/rviz_common/rviz_common/properties
[62.684s] -- Installing: /home/rinav/ros2_ws/install/rviz_common/include/rviz_common/rviz_common/properties/splitter_handle.hpp
[62.684s] -- Installing: /home/rinav/ros2_ws/install/rviz_common/include/rviz_common/rviz_common/properties/int_property.hpp
[62.684s] -- Installing: /home/rinav/ros2_ws/install/rviz_common/include/rviz_common/rviz_common/properties/parse_color.hpp
[62.684s] -- Installing: /home/rinav/ros2_ws/install/rviz_common/include/rviz_common/rviz_common/properties/status_property.hpp
[62.684s] -- Installing: /home/rinav/ros2_ws/install/rviz_common/include/rviz_common/rviz_common/properties/covariance_property.hpp
[62.684s] -- Installing: /home/rinav/ros2_ws/install/rviz_common/include/rviz_common/rviz_common/properties/combo_box.hpp
[62.685s] -- Installing: /home/rinav/ros2_ws/install/rviz_common/include/rviz_common/rviz_common/properties/editable_enum_property.hpp
[62.685s] -- Installing: /home/rinav/ros2_ws/install/rviz_common/include/rviz_common/rviz_common/properties/bool_property.hpp
[62.685s] -- Installing: /home/rinav/ros2_ws/install/rviz_common/include/rviz_common/rviz_common/properties/line_edit_with_button.hpp
[62.685s] -- Installing: /home/rinav/ros2_ws/install/rviz_common/include/rviz_common/rviz_common/properties/editable_combo_box.hpp
[62.685s] -- Installing: /home/rinav/ros2_ws/install/rviz_common/include/rviz_common/rviz_common/properties/property_tree_widget.hpp
[62.685s] -- Installing: /home/rinav/ros2_ws/install/rviz_common/include/rviz_common/rviz_common/properties/tf_frame_property.hpp
[62.685s] -- Installing: /home/rinav/ros2_ws/install/rviz_common/include/rviz_common/rviz_common/properties/vector_property.hpp
[62.685s] -- Installing: /home/rinav/ros2_ws/install/rviz_common/include/rviz_common/rviz_common/properties/color_property.hpp
[62.685s] -- Installing: /home/rinav/ros2_ws/install/rviz_common/include/rviz_common/rviz_common/properties/property_tree_delegate.hpp
[62.685s] -- Installing: /home/rinav/ros2_ws/install/rviz_common/include/rviz_common/rviz_common/properties/display_visibility_property.hpp
[62.685s] -- Installing: /home/rinav/ros2_ws/install/rviz_common/include/rviz_common/rviz_common/properties/float_property.hpp
[62.685s] -- Installing: /home/rinav/ros2_ws/install/rviz_common/include/rviz_common/rviz_common/properties/grouped_checkbox_property.hpp
[62.685s] -- Installing: /home/rinav/ros2_ws/install/rviz_common/include/rviz_common/rviz_common/properties/grouped_checkbox_property_group.hpp
[62.686s] -- Installing: /home/rinav/ros2_ws/install/rviz_common/include/rviz_common/rviz_common/properties/property_tree_with_help.hpp
[62.686s] -- Installing: /home/rinav/ros2_ws/install/rviz_common/include/rviz_common/rviz_common/properties/qos_profile_property.hpp
[62.686s] -- Installing: /home/rinav/ros2_ws/install/rviz_common/include/rviz_common/rviz_common/properties/string_property.hpp
[62.686s] -- Installing: /home/rinav/ros2_ws/install/rviz_common/include/rviz_common/rviz_common/properties/property.hpp
[62.686s] -- Installing: /home/rinav/ros2_ws/install/rviz_common/include/rviz_common/rviz_common/properties/color_editor.hpp
[62.686s] -- Installing: /home/rinav/ros2_ws/install/rviz_common/include/rviz_common/rviz_common/properties/display_group_visibility_property.hpp
[62.686s] -- Installing: /home/rinav/ros2_ws/install/rviz_common/include/rviz_common/rviz_common/properties/enum_property.hpp
[62.686s] -- Installing: /home/rinav/ros2_ws/install/rviz_common/include/rviz_common/rviz_common/properties/ros_topic_property.hpp
[62.686s] -- Installing: /home/rinav/ros2_ws/install/rviz_common/include/rviz_common/rviz_common/properties/float_edit.hpp
[62.686s] -- Installing: /home/rinav/ros2_ws/install/rviz_common/include/rviz_common/rviz_common/properties/status_list.hpp
[62.686s] -- Installing: /home/rinav/ros2_ws/install/rviz_common/include/rviz_common/rviz_common/properties/file_picker_property.hpp
[62.686s] -- Installing: /home/rinav/ros2_ws/install/rviz_common/include/rviz_common/rviz_common/properties/quaternion_property.hpp
[62.686s] -- Installing: /home/rinav/ros2_ws/install/rviz_common/include/rviz_common/rviz_common/properties/property_tree_model.hpp
[62.687s] -- Installing: /home/rinav/ros2_ws/install/rviz_common/include/rviz_common/rviz_common/visualization_frame.hpp
[62.687s] -- Installing: /home/rinav/ros2_ws/install/rviz_common/include/rviz_common/rviz_common/interaction
[62.687s] -- Installing: /home/rinav/ros2_ws/install/rviz_common/include/rviz_common/rviz_common/interaction/selection_manager_iface.hpp
[62.687s] -- Installing: /home/rinav/ros2_ws/install/rviz_common/include/rviz_common/rviz_common/interaction/handler_manager.hpp
[62.687s] -- Installing: /home/rinav/ros2_ws/install/rviz_common/include/rviz_common/rviz_common/interaction/selection_handler.hpp
[62.687s] -- Installing: /home/rinav/ros2_ws/install/rviz_common/include/rviz_common/rviz_common/interaction/view_picker_iface.hpp
[62.687s] -- Installing: /home/rinav/ros2_ws/install/rviz_common/include/rviz_common/rviz_common/interaction/forwards.hpp
[62.687s] -- Installing: /home/rinav/ros2_ws/install/rviz_common/include/rviz_common/rviz_common/interaction/selection_renderer.hpp
[62.687s] -- Installing: /home/rinav/ros2_ws/install/rviz_common/include/rviz_common/rviz_common/interaction/handler_manager_listener.hpp
[62.687s] -- Installing: /home/rinav/ros2_ws/install/rviz_common/include/rviz_common/rviz_common/interaction/handler_manager_iface.hpp
[62.687s] -- Installing: /home/rinav/ros2_ws/install/rviz_common/include/rviz_common/rviz_common/interaction/selection_manager.hpp
[62.687s] -- Installing: /home/rinav/ros2_ws/install/rviz_common/include/rviz_common/rviz_common/interaction/view_picker.hpp
[62.687s] -- Installing: /home/rinav/ros2_ws/install/rviz_common/include/rviz_common/rviz_common/yaml_config_reader.hpp
[62.688s] -- Installing: /home/rinav/ros2_ws/install/rviz_common/include/rviz_common/rviz_common/frame_position_tracking_view_controller.hpp
[62.688s] -- Installing: /home/rinav/ros2_ws/install/rviz_common/include/rviz_common/rviz_common/display_context.hpp
[62.688s] -- Installing: /home/rinav/ros2_ws/install/rviz_common/include/rviz_common/rviz_common/visibility_control.hpp
[62.688s] -- Installing: /home/rinav/ros2_ws/install/rviz_common/include/rviz_common/rviz_common/yaml_config_writer.hpp
[62.688s] -- Installing: /home/rinav/ros2_ws/install/rviz_common/include/rviz_common/rviz_common/visualization_manager.hpp
[62.688s] -- Installing: /home/rinav/ros2_ws/install/rviz_common/include/rviz_common/rviz_common/validate_floats.hpp
[62.689s] -- Installing: /home/rinav/ros2_ws/install/rviz_common/include/rviz_common/rviz_common/tool_manager.hpp
[62.689s] -- Installing: /home/rinav/ros2_ws/install/rviz_common/include/rviz_common/rviz_common/transformation
[62.689s] -- Installing: /home/rinav/ros2_ws/install/rviz_common/include/rviz_common/rviz_common/transformation/tf2_helpers
[62.689s] -- Installing: /home/rinav/ros2_ws/install/rviz_common/include/rviz_common/rviz_common/transformation/tf2_helpers/tf2_conversion_helpers.hpp
[62.689s] -- Installing: /home/rinav/ros2_ws/install/rviz_common/include/rviz_common/rviz_common/transformation/frame_transformer.hpp
[62.689s] -- Installing: /home/rinav/ros2_ws/install/rviz_common/include/rviz_common/rviz_common/transformation/transformation_manager.hpp
[62.689s] -- Installing: /home/rinav/ros2_ws/install/rviz_common/include/rviz_common/rviz_common/window_manager_interface.hpp
[62.689s] -- Installing: /home/rinav/ros2_ws/install/rviz_common/include/rviz_common/rviz_common/depth_cloud_mld.hpp
[62.689s] -- Installing: /home/rinav/ros2_ws/install/rviz_common/share/rviz_common/default.rviz
[62.689s] -- Installing: /home/rinav/ros2_ws/install/rviz_common/share/rviz_common/icons
[62.689s] -- Installing: /home/rinav/ros2_ws/install/rviz_common/share/rviz_common/icons/right_dock.svg
[62.690s] -- Installing: /home/rinav/ros2_ws/install/rviz_common/share/rviz_common/icons/move_z.svg
[62.690s] -- Installing: /home/rinav/ros2_ws/install/rviz_common/share/rviz_common/icons/left_dock.svg
[62.690s] -- Installing: /home/rinav/ros2_ws/install/rviz_common/share/rviz_common/icons/zoom.svg
[62.691s] -- Installing: /home/rinav/ros2_ws/install/rviz_common/share/rviz_common/icons/cursor.svg
[62.691s] -- Installing: /home/rinav/ros2_ws/install/rviz_common/share/rviz_common/icons/move2d.svg
[62.691s] -- Installing: /home/rinav/ros2_ws/install/rviz_common/share/rviz_common/icons/rotate.svg
[62.691s] -- Installing: /home/rinav/ros2_ws/install/rviz_common/share/rviz_common/icons/moverotate.svg
[62.691s] -- Installing: /home/rinav/ros2_ws/install/rviz_common/share/rviz_common/icons/rotate_cam.svg
[62.692s] -- Installing: /home/rinav/ros2_ws/install/rviz_common/share/rviz_common/icons/error.png
[62.692s] -- Installing: /home/rinav/ros2_ws/install/rviz_common/share/rviz_common/icons/move1d.svg
[62.692s] -- Installing: /home/rinav/ros2_ws/install/rviz_common/share/rviz_common/icons/close.png
[62.692s] -- Installing: /home/rinav/ros2_ws/install/rviz_common/share/rviz_common/icons/forbidden.svg
[62.692s] -- Installing: /home/rinav/ros2_ws/install/rviz_common/share/rviz_common/icons/options.png
[62.692s] -- Installing: /home/rinav/ros2_ws/install/rviz_common/share/rviz_common/icons/crosshair.svg
[62.693s] -- Installing: /home/rinav/ros2_ws/install/rviz_common/share/rviz_common/icons/ok.png
[62.693s] -- Installing: /home/rinav/ros2_ws/install/rviz_common/share/rviz_common/icons/classes
[62.693s] -- Installing: /home/rinav/ros2_ws/install/rviz_common/share/rviz_common/icons/classes/Views.svg
[62.693s] -- Installing: /home/rinav/ros2_ws/install/rviz_common/share/rviz_common/icons/classes/Selection.png
[62.693s] -- Installing: /home/rinav/ros2_ws/install/rviz_common/share/rviz_common/icons/classes/Transformation.png
[62.693s] -- Installing: /home/rinav/ros2_ws/install/rviz_common/share/rviz_common/icons/classes/Group.png
[62.693s] -- Installing: /home/rinav/ros2_ws/install/rviz_common/share/rviz_common/icons/classes/Displays.svg
[62.694s] -- Installing: /home/rinav/ros2_ws/install/rviz_common/share/rviz_common/icons/classes/Help.svg
[62.694s] -- Installing: /home/rinav/ros2_ws/install/rviz_common/share/rviz_common/icons/classes/Time.png
[62.694s] -- Installing: /home/rinav/ros2_ws/install/rviz_common/share/rviz_common/icons/classes/Tool Properties.png
[62.694s] -- Installing: /home/rinav/ros2_ws/install/rviz_common/share/rviz_common/icons/default_package_icon.png
[62.694s] -- Installing: /home/rinav/ros2_ws/install/rviz_common/share/rviz_common/icons/menu.svg
[62.694s] -- Installing: /home/rinav/ros2_ws/install/rviz_common/share/rviz_common/icons/warning.png
[62.694s] -- Installing: /home/rinav/ros2_ws/install/rviz_common/share/rviz_common/icons/minus.png
[62.694s] -- Installing: /home/rinav/ros2_ws/install/rviz_common/share/rviz_common/icons/default_class_icon.png
[62.695s] -- Installing: /home/rinav/ros2_ws/install/rviz_common/share/rviz_common/icons/package.png
[62.695s] -- Installing: /home/rinav/ros2_ws/install/rviz_common/share/rviz_common/icons/plus.png
[62.695s] -- Installing: /home/rinav/ros2_ws/install/rviz_common/share/rviz_common/images
[62.695s] -- Installing: /home/rinav/ros2_ws/install/rviz_common/share/rviz_common/images/splash_overlay.png
[62.695s] -- Installing: /home/rinav/ros2_ws/install/rviz_common/share/rviz_common/images/splash.png
[62.696s] -- Installing: /home/rinav/ros2_ws/install/rviz_common/share/rviz_common/help
[62.696s] -- Installing: /home/rinav/ros2_ws/install/rviz_common/share/rviz_common/help/help.html
[62.696s] -- Installing: /home/rinav/ros2_ws/install/rviz_common/share/ament_index/resource_index/package_run_dependencies/rviz_common
[62.696s] -- Installing: /home/rinav/ros2_ws/install/rviz_common/share/ament_index/resource_index/parent_prefix_path/rviz_common
[62.697s] -- Installing: /home/rinav/ros2_ws/install/rviz_common/share/rviz_common/environment/ament_prefix_path.sh
[62.697s] -- Installing: /home/rinav/ros2_ws/install/rviz_common/share/rviz_common/environment/ament_prefix_path.dsv
[62.697s] -- Installing: /home/rinav/ros2_ws/install/rviz_common/share/rviz_common/environment/path.sh
[62.697s] -- Installing: /home/rinav/ros2_ws/install/rviz_common/share/rviz_common/environment/path.dsv
[62.697s] -- Installing: /home/rinav/ros2_ws/install/rviz_common/share/rviz_common/local_setup.bash
[62.697s] -- Installing: /home/rinav/ros2_ws/install/rviz_common/share/rviz_common/local_setup.sh
[62.697s] -- Installing: /home/rinav/ros2_ws/install/rviz_common/share/rviz_common/local_setup.zsh
[62.697s] -- Installing: /home/rinav/ros2_ws/install/rviz_common/share/rviz_common/local_setup.dsv
[62.697s] -- Installing: /home/rinav/ros2_ws/install/rviz_common/share/rviz_common/package.dsv
[62.698s] -- Installing: /home/rinav/ros2_ws/install/rviz_common/share/ament_index/resource_index/packages/rviz_common
[62.698s] -- Installing: /home/rinav/ros2_ws/install/rviz_common/share/rviz_common/cmake/rviz_commonExport.cmake
[62.698s] -- Installing: /home/rinav/ros2_ws/install/rviz_common/share/rviz_common/cmake/rviz_commonExport-noconfig.cmake
[62.698s] -- Installing: /home/rinav/ros2_ws/install/rviz_common/share/rviz_common/cmake/rviz_common-extras.cmake
[62.698s] -- Installing: /home/rinav/ros2_ws/install/rviz_common/share/rviz_common/cmake/ament_cmake_export_dependencies-extras.cmake
[62.698s] -- Installing: /home/rinav/ros2_ws/install/rviz_common/share/rviz_common/cmake/ament_cmake_export_include_directories-extras.cmake
[62.698s] -- Installing: /home/rinav/ros2_ws/install/rviz_common/share/rviz_common/cmake/ament_cmake_export_libraries-extras.cmake
[62.698s] -- Installing: /home/rinav/ros2_ws/install/rviz_common/share/rviz_common/cmake/ament_cmake_export_targets-extras.cmake
[62.699s] -- Installing: /home/rinav/ros2_ws/install/rviz_common/share/rviz_common/cmake/rviz_commonConfig.cmake
[62.699s] -- Installing: /home/rinav/ros2_ws/install/rviz_common/share/rviz_common/cmake/rviz_commonConfig-version.cmake
[62.699s] -- Installing: /home/rinav/ros2_ws/install/rviz_common/share/rviz_common/package.xml
[62.701s] Invoked command in '/home/rinav/ros2_ws/build/rviz_common' returned '0': AMENT_PREFIX_PATH=/home/rinav/ros2_ws/install/rviz_rendering:/home/rinav/ros2_ws/install/rviz_ogre_vendor:/home/rinav/ros2_ws/install/rviz_assimp_vendor:${AMENT_PREFIX_PATH} CMAKE_PREFIX_PATH=/home/rinav/ros2_ws/install/rviz_rendering:/home/rinav/ros2_ws/install/rviz_ogre_vendor:/home/rinav/ros2_ws/install/rviz_assimp_vendor:/home/rinav/ros2_ws/src/rviz/install:/home/rinav/ros2_ws/install/husky_ur3_moveit_config:/home/rinav/ros2_ws/install/ur:/home/rinav/ros2_ws/install/ur_calibration:/home/rinav/ros2_ws/install/ur_robot_driver:/home/rinav/ros2_ws/install/ur_moveit_config:/home/rinav/ros2_ws/install/ur_bringup:/home/rinav/ros2_ws/install/ur_description:/home/rinav/ros2_ws/install/ur_controllers:/home/rinav/ros2_ws/install/ur_dashboard_msgs:/home/rinav/ros2_ws/install/turtlesim:/home/rinav/ros2_ws/install/robotis_manipulator:/home/rinav/ros2_ws/install/husky_desktop:/home/rinav/ros2_ws/install/husky_viz:/home/rinav/ros2_ws/install/husky_ur3_ignition:/home/rinav/ros2_ws/install/husky_simulator:/home/rinav/ros2_ws/install/husky_robot:/home/rinav/ros2_ws/install/husky_bringup:/home/rinav/ros2_ws/install/husky_base:/home/rinav/ros2_ws/install/husky_msgs:/home/rinav/ros2_ws/install/husky_gazebo:/home/rinav/ros2_ws/install/husky_control:/home/rinav/ros2_ws/install/husky_description:/home/rinav/ros2_ws/install/trial_package:/home/rinav/ros2_ws/install/py_srvcli:/home/rinav/ros2_ws/install/py_pubsub:/home/rinav/ros2_ws/install/mobile_robotics:/opt/ros/humble LD_LIBRARY_PATH=/home/rinav/ros2_ws/install/rviz_rendering/lib:/home/rinav/ros2_ws/install/rviz_ogre_vendor/opt/rviz_ogre_vendor/lib:${LD_LIBRARY_PATH} /usr/bin/cmake --install /home/rinav/ros2_ws/build/rviz_common
