-- Found ament_cmake: 1.3.12 (/opt/ros/humble/share/ament_cmake/cmake)
-- Configuring done
-- Generating done
-- Build files have been written to: /home/rinav/ros2_ws/build/husky_robot
-- Install configuration: ""
-- Up-to-date: /home/rinav/ros2_ws/install/husky_robot/share/ament_index/resource_index/package_run_dependencies/husky_robot
-- Installing: /home/rinav/ros2_ws/install/husky_robot/share/ament_index/resource_index/parent_prefix_path/husky_robot
-- Up-to-date: /home/rinav/ros2_ws/install/husky_robot/share/husky_robot/environment/ament_prefix_path.sh
-- Installing: /home/rinav/ros2_ws/install/husky_robot/share/husky_robot/environment/ament_prefix_path.dsv
-- Up-to-date: /home/rinav/ros2_ws/install/husky_robot/share/husky_robot/environment/path.sh
-- Installing: /home/rinav/ros2_ws/install/husky_robot/share/husky_robot/environment/path.dsv
-- Up-to-date: /home/rinav/ros2_ws/install/husky_robot/share/husky_robot/local_setup.bash
-- Up-to-date: /home/rinav/ros2_ws/install/husky_robot/share/husky_robot/local_setup.sh
-- Up-to-date: /home/rinav/ros2_ws/install/husky_robot/share/husky_robot/local_setup.zsh
-- Installing: /home/rinav/ros2_ws/install/husky_robot/share/husky_robot/local_setup.dsv
-- Installing: /home/rinav/ros2_ws/install/husky_robot/share/husky_robot/package.dsv
-- Up-to-date: /home/rinav/ros2_ws/install/husky_robot/share/ament_index/resource_index/packages/husky_robot
-- Up-to-date: /home/rinav/ros2_ws/install/husky_robot/share/husky_robot/cmake/husky_robotConfig.cmake
-- Up-to-date: /home/rinav/ros2_ws/install/husky_robot/share/husky_robot/cmake/husky_robotConfig-version.cmake
-- Installing: /home/rinav/ros2_ws/install/husky_robot/share/husky_robot/package.xml
