[0.015s] Invoking command in '/home/rinav/ros2_ws/build/srdfdom': CMAKE_PREFIX_PATH=${CMAKE_PREFIX_PATH}:/home/rinav/ros2_ws/install/trial_package:/home/rinav/ros2_ws/install/moveit_configs_utils:/home/rinav/ros2_ws/install/py_srvcli:/home/rinav/ros2_ws/install/py_pubsub:/home/rinav/ros2_ws/install/mobile_robotics:/home/rinav/ros2_ws/install/launch_param_builder:/opt/ros/humble /usr/bin/cmake --build /home/rinav/ros2_ws/build/srdfdom -- -j8 -l8
[0.061s] [35m[1mConsolidate compiler generated dependencies of target srdfdom[0m
[0.083s] [ 27%] Built target srdfdom
[0.092s] [35m[1mConsolidate compiler generated dependencies of target gtest[0m
[0.102s] [ 45%] Built target gtest
[0.111s] [35m[1mConsolidate compiler generated dependencies of target gtest_main[0m
[0.120s] [ 63%] Built target gtest_main
[0.143s] [ 63%] Built target ament_cmake_python_copy_srdfdom
[0.159s] [35m[1mConsolidate compiler generated dependencies of target test_cpp_nl_NL.UTF-8[0m
[0.170s] [ 81%] Built target test_cpp_nl_NL.UTF-8
[0.353s] running egg_info
[0.353s] writing srdfdom.egg-info/PKG-INFO
[0.353s] writing dependency_links to srdfdom.egg-info/dependency_links.txt
[0.353s] writing top-level names to srdfdom.egg-info/top_level.txt
[0.355s] reading manifest file 'srdfdom.egg-info/SOURCES.txt'
[0.355s] writing manifest file 'srdfdom.egg-info/SOURCES.txt'
[0.378s] [ 81%] Built target ament_cmake_python_build_srdfdom_egg
[0.389s] [35m[1mConsolidate compiler generated dependencies of target test_cpp_C[0m
[0.401s] [100%] Built target test_cpp_C
[0.409s] Invoked command in '/home/rinav/ros2_ws/build/srdfdom' returned '0': CMAKE_PREFIX_PATH=${CMAKE_PREFIX_PATH}:/home/rinav/ros2_ws/install/trial_package:/home/rinav/ros2_ws/install/moveit_configs_utils:/home/rinav/ros2_ws/install/py_srvcli:/home/rinav/ros2_ws/install/py_pubsub:/home/rinav/ros2_ws/install/mobile_robotics:/home/rinav/ros2_ws/install/launch_param_builder:/opt/ros/humble /usr/bin/cmake --build /home/rinav/ros2_ws/build/srdfdom -- -j8 -l8
[0.411s] Invoking command in '/home/rinav/ros2_ws/build/srdfdom': CMAKE_PREFIX_PATH=${CMAKE_PREFIX_PATH}:/home/rinav/ros2_ws/install/trial_package:/home/rinav/ros2_ws/install/moveit_configs_utils:/home/rinav/ros2_ws/install/py_srvcli:/home/rinav/ros2_ws/install/py_pubsub:/home/rinav/ros2_ws/install/mobile_robotics:/home/rinav/ros2_ws/install/launch_param_builder:/opt/ros/humble /usr/bin/cmake --install /home/rinav/ros2_ws/build/srdfdom
[0.416s] -- Install configuration: ""
[0.417s] -- Up-to-date: /home/rinav/ros2_ws/install/srdfdom/lib/libsrdfdom.so.2.0.8
[0.417s] -- Up-to-date: /home/rinav/ros2_ws/install/srdfdom/lib/libsrdfdom.so
[0.417s] -- Up-to-date: /home/rinav/ros2_ws/install/srdfdom/include/srdfdom
[0.417s] -- Up-to-date: /home/rinav/ros2_ws/install/srdfdom/include/srdfdom/srdfdom
[0.417s] -- Up-to-date: /home/rinav/ros2_ws/install/srdfdom/include/srdfdom/srdfdom/model.h
[0.417s] -- Up-to-date: /home/rinav/ros2_ws/install/srdfdom/include/srdfdom/srdfdom/srdf_writer.h
[0.417s] -- Up-to-date: /home/rinav/ros2_ws/install/srdfdom/include/srdfdom/srdfdom/visibility_control.h
[0.417s] -- Up-to-date: /home/rinav/ros2_ws/install/srdfdom/lib/srdfdom/display_srdf
[0.417s] -- Up-to-date: /home/rinav/ros2_ws/install/srdfdom/share/srdfdom/environment/pythonpath.sh
[0.417s] -- Up-to-date: /home/rinav/ros2_ws/install/srdfdom/share/srdfdom/environment/pythonpath.dsv
[0.418s] -- Up-to-date: /home/rinav/ros2_ws/install/srdfdom/local/lib/python3.10/dist-packages/srdfdom-2.0.8-py3.10.egg-info
[0.418s] -- Installing: /home/rinav/ros2_ws/install/srdfdom/local/lib/python3.10/dist-packages/srdfdom-2.0.8-py3.10.egg-info/dependency_links.txt
[0.418s] -- Installing: /home/rinav/ros2_ws/install/srdfdom/local/lib/python3.10/dist-packages/srdfdom-2.0.8-py3.10.egg-info/PKG-INFO
[0.418s] -- Installing: /home/rinav/ros2_ws/install/srdfdom/local/lib/python3.10/dist-packages/srdfdom-2.0.8-py3.10.egg-info/top_level.txt
[0.418s] -- Installing: /home/rinav/ros2_ws/install/srdfdom/local/lib/python3.10/dist-packages/srdfdom-2.0.8-py3.10.egg-info/SOURCES.txt
[0.418s] -- Up-to-date: /home/rinav/ros2_ws/install/srdfdom/local/lib/python3.10/dist-packages/srdfdom
[0.418s] -- Up-to-date: /home/rinav/ros2_ws/install/srdfdom/local/lib/python3.10/dist-packages/srdfdom/srdf.py
[0.418s] -- Up-to-date: /home/rinav/ros2_ws/install/srdfdom/local/lib/python3.10/dist-packages/srdfdom/__init__.py
[0.441s] Listing '/home/rinav/ros2_ws/install/srdfdom/local/lib/python3.10/dist-packages/srdfdom'...
[0.444s] -- Up-to-date: /home/rinav/ros2_ws/install/srdfdom/share/srdfdom/environment/library_path.sh
[0.444s] -- Up-to-date: /home/rinav/ros2_ws/install/srdfdom/share/srdfdom/environment/library_path.dsv
[0.444s] -- Up-to-date: /home/rinav/ros2_ws/install/srdfdom/share/ament_index/resource_index/package_run_dependencies/srdfdom
[0.444s] -- Up-to-date: /home/rinav/ros2_ws/install/srdfdom/share/ament_index/resource_index/parent_prefix_path/srdfdom
[0.444s] -- Up-to-date: /home/rinav/ros2_ws/install/srdfdom/share/srdfdom/environment/ament_prefix_path.sh
[0.445s] -- Up-to-date: /home/rinav/ros2_ws/install/srdfdom/share/srdfdom/environment/ament_prefix_path.dsv
[0.445s] -- Up-to-date: /home/rinav/ros2_ws/install/srdfdom/share/srdfdom/environment/path.sh
[0.445s] -- Up-to-date: /home/rinav/ros2_ws/install/srdfdom/share/srdfdom/environment/path.dsv
[0.445s] -- Up-to-date: /home/rinav/ros2_ws/install/srdfdom/share/srdfdom/local_setup.bash
[0.445s] -- Up-to-date: /home/rinav/ros2_ws/install/srdfdom/share/srdfdom/local_setup.sh
[0.445s] -- Up-to-date: /home/rinav/ros2_ws/install/srdfdom/share/srdfdom/local_setup.zsh
[0.445s] -- Up-to-date: /home/rinav/ros2_ws/install/srdfdom/share/srdfdom/local_setup.dsv
[0.445s] -- Installing: /home/rinav/ros2_ws/install/srdfdom/share/srdfdom/package.dsv
[0.445s] -- Up-to-date: /home/rinav/ros2_ws/install/srdfdom/share/ament_index/resource_index/packages/srdfdom
[0.446s] -- Up-to-date: /home/rinav/ros2_ws/install/srdfdom/share/srdfdom/cmake/srdfdomTargetsExport.cmake
[0.446s] -- Up-to-date: /home/rinav/ros2_ws/install/srdfdom/share/srdfdom/cmake/srdfdomTargetsExport-noconfig.cmake
[0.446s] -- Up-to-date: /home/rinav/ros2_ws/install/srdfdom/share/srdfdom/cmake/ament_cmake_export_targets-extras.cmake
[0.446s] -- Up-to-date: /home/rinav/ros2_ws/install/srdfdom/share/srdfdom/cmake/ament_cmake_export_dependencies-extras.cmake
[0.446s] -- Up-to-date: /home/rinav/ros2_ws/install/srdfdom/share/srdfdom/cmake/srdfdomConfig.cmake
[0.446s] -- Up-to-date: /home/rinav/ros2_ws/install/srdfdom/share/srdfdom/cmake/srdfdomConfig-version.cmake
[0.446s] -- Up-to-date: /home/rinav/ros2_ws/install/srdfdom/share/srdfdom/package.xml
[0.447s] Invoked command in '/home/rinav/ros2_ws/build/srdfdom' returned '0': CMAKE_PREFIX_PATH=${CMAKE_PREFIX_PATH}:/home/rinav/ros2_ws/install/trial_package:/home/rinav/ros2_ws/install/moveit_configs_utils:/home/rinav/ros2_ws/install/py_srvcli:/home/rinav/ros2_ws/install/py_pubsub:/home/rinav/ros2_ws/install/mobile_robotics:/home/rinav/ros2_ws/install/launch_param_builder:/opt/ros/humble /usr/bin/cmake --install /home/rinav/ros2_ws/build/srdfdom
