[0.012s] Invoking command in '/home/rinav/ros2_ws/build/ur_robot_driver': CMAKE_PREFIX_PATH=/home/rinav/ros2_ws/install/ur_controllers:/home/rinav/ros2_ws/install/ur_description:/home/rinav/ros2_ws/install/ur_dashboard_msgs:/home/rinav/ros2_ws/src/husky/install/husky_desktop:/home/rinav/ros2_ws/src/husky/install/husky_viz:/home/rinav/ros2_ws/src/husky/install/husky_simulator:/home/rinav/ros2_ws/src/husky/install/husky_robot:/home/rinav/ros2_ws/src/husky/install/husky_bringup:/home/rinav/ros2_ws/src/husky/install/husky_base:/home/rinav/ros2_ws/src/husky/install/husky_msgs:/home/rinav/ros2_ws/src/husky/install/husky_gazebo:/home/rinav/ros2_ws/src/husky/install/husky_control:/home/rinav/ros2_ws/src/husky/install/husky_description:/home/rinav/ros2_ws/install/ur:/home/rinav/ros2_ws/install/ur_calibration:/home/rinav/ros2_ws/install/ur_robot_driver:/home/rinav/ros2_ws/install/ur_moveit_config:/home/rinav/ros2_ws/install/ur_bringup:/home/rinav/ros2_ws/install/turtlesim:/home/rinav/ros2_ws/install/robotis_manipulator:/home/rinav/ros2_ws/install/husky_desktop:/home/rinav/ros2_ws/install/husky_viz:/home/rinav/ros2_ws/install/husky_ur3_ignition:/home/rinav/ros2_ws/install/husky_simulator:/home/rinav/ros2_ws/install/husky_robot:/home/rinav/ros2_ws/install/husky_gazebo:/home/rinav/ros2_ws/install/husky_bringup:/home/rinav/ros2_ws/install/husky_base:/home/rinav/ros2_ws/install/husky_msgs:/home/rinav/ros2_ws/install/husky_control:/home/rinav/ros2_ws/install/husky_description:/home/rinav/ros2_ws/install/trial_package:/home/rinav/ros2_ws/install/py_srvcli:/home/rinav/ros2_ws/install/py_pubsub:/home/rinav/ros2_ws/install/mobile_robotics:/opt/ros/humble LD_LIBRARY_PATH=/home/rinav/ros2_ws/install/ur_controllers/lib:/home/rinav/ros2_ws/install/ur_dashboard_msgs/lib:/home/rinav/ros2_ws/src/husky/install/husky_base/lib:/home/rinav/ros2_ws/src/husky/install/husky_msgs/lib:/home/rinav/ros2_ws/install/ur_robot_driver/lib:/home/rinav/ros2_ws/install/turtlesim/lib:/home/rinav/ros2_ws/install/robotis_manipulator/lib:/home/rinav/ros2_ws/install/husky_base/lib:/home/rinav/ros2_ws/install/husky_msgs/lib:/opt/ros/humble/opt/rviz_ogre_vendor/lib:/opt/ros/humble/lib/aarch64-linux-gnu:/opt/ros/humble/lib /usr/bin/cmake /home/rinav/ros2_ws/src/Universal_Robots_ROS2_Driver/ur_robot_driver -DCMAKE_INSTALL_PREFIX=/home/rinav/ros2_ws/install/ur_robot_driver
[0.055s] -- The C compiler identification is GNU 11.4.0
[0.098s] -- The CXX compiler identification is GNU 11.4.0
[0.104s] -- Detecting C compiler ABI info
[0.151s] -- Detecting C compiler ABI info - done
[0.158s] -- Check for working C compiler: /usr/bin/cc - skipped
[0.158s] -- Detecting C compile features
[0.158s] -- Detecting C compile features - done
[0.161s] -- Detecting CXX compiler ABI info
[0.217s] -- Detecting CXX compiler ABI info - done
[0.225s] -- Check for working CXX compiler: /usr/bin/c++ - skipped
[0.225s] -- Detecting CXX compile features
[0.226s] -- Detecting CXX compile features - done
[0.226s] [0mur_robot_driver: You did not request a specific build type: selecting 'RelWithDebInfo'.[0m
[0.231s] -- Found ament_cmake: 1.3.12 (/opt/ros/humble/share/ament_cmake/cmake)
[0.356s] -- Found Python3: /usr/bin/python3 (found version "3.10.12") found components: Interpreter 
[0.462s] -- Found controller_manager: 2.52.0 (/opt/ros/humble/share/controller_manager/cmake)
[0.540s] -- Found rosidl_generator_c: 3.1.7 (/opt/ros/humble/share/rosidl_generator_c/cmake)
[0.549s] -- Found rosidl_adapter: 3.1.7 (/opt/ros/humble/share/rosidl_adapter/cmake)
[0.562s] -- Found rosidl_generator_cpp: 3.1.7 (/opt/ros/humble/share/rosidl_generator_cpp/cmake)
[0.579s] -- Using all available rosidl_typesupport_c: rosidl_typesupport_fastrtps_c;rosidl_typesupport_introspection_c
[0.602s] -- Using all available rosidl_typesupport_cpp: rosidl_typesupport_fastrtps_cpp;rosidl_typesupport_introspection_cpp
[0.846s] -- Found rmw_implementation_cmake: 6.1.2 (/opt/ros/humble/share/rmw_implementation_cmake/cmake)
[0.852s] -- Found rmw_fastrtps_cpp: 6.2.8 (/opt/ros/humble/share/rmw_fastrtps_cpp/cmake)
[0.886s] -- Found TinyXML2 via Config file: TinyXML2_DIR-NOTFOUND
[0.924s] -- Found OpenSSL: /usr/lib/aarch64-linux-gnu/libcrypto.so (found version "3.0.2")  
[0.926s] -- Found TinyXML2 via Config file: TinyXML2_DIR-NOTFOUND
[0.941s] -- Found FastRTPS: /opt/ros/humble/include  
[0.943s] -- Found TinyXML2 via Config file: TinyXML2_DIR-NOTFOUND
[0.950s] -- Found TinyXML2 via Config file: TinyXML2_DIR-NOTFOUND
[0.960s] -- Using RMW implementation 'rmw_fastrtps_cpp' as default
[0.974s] -- Looking for pthread.h
[1.044s] -- Looking for pthread.h - found
[1.044s] -- Performing Test CMAKE_HAVE_LIBC_PTHREAD
[1.115s] -- Performing Test CMAKE_HAVE_LIBC_PTHREAD - Success
[1.116s] -- Found Threads: TRUE  
[1.215s] -- Found rclpy: 3.3.17 (/opt/ros/humble/share/rclpy/cmake)
[1.219s] -- Found std_srvs: 4.9.0 (/opt/ros/humble/share/std_srvs/cmake)
[1.231s] -- Found tf2_geometry_msgs: 0.25.16 (/opt/ros/humble/share/tf2_geometry_msgs/cmake)
[1.253s] -- Found eigen3_cmake_module: 0.1.1 (/opt/ros/humble/share/eigen3_cmake_module/cmake)
[1.254s] -- Found Eigen3: TRUE (found version "3.4.0") 
[1.254s] -- Ensuring Eigen3 include directory is part of orocos-kdl CMake target
[1.325s] -- Found ur_dashboard_msgs: 2.10.0 (/home/rinav/ros2_ws/install/ur_dashboard_msgs/share/ur_dashboard_msgs/cmake)
[1.343s] -- Found ur_msgs: 2.3.0 (/opt/ros/humble/share/ur_msgs/cmake)
[1.545s] -- Found ur_controllers: 2.10.0 (/home/rinav/ros2_ws/install/ur_controllers/share/ur_controllers/cmake)
[1.653s] -- Found ur_description: 2.8.0 (/home/rinav/ros2_ws/install/ur_description/share/ur_description/cmake)
[1.656s] -- Found launch_testing_ament_cmake: 1.0.10 (/opt/ros/humble/share/launch_testing_ament_cmake/cmake)
[1.660s] -- Found python_cmake_module: 0.10.0 (/opt/ros/humble/share/python_cmake_module/cmake)
[1.677s] -- Found PythonInterp: /usr/bin/python3 (found suitable version "3.10.12", minimum required is "3.6") 
[1.684s] -- Found PythonLibs: /usr/lib/aarch64-linux-gnu/libpython3.10.so (found suitable version "3.10.12", minimum required is "3.5") 
[1.684s] -- Using PYTHON_EXECUTABLE: /usr/bin/python3
[1.684s] -- Using PYTHON_INCLUDE_DIRS: /usr/include/python3.10
[1.684s] -- Using PYTHON_LIBRARIES: /usr/lib/aarch64-linux-gnu/libpython3.10.so
[1.701s] -- Found PythonExtra: .so  
[1.702s] -- Configuring done
[1.749s] -- Generating done
[1.768s] -- Build files have been written to: /home/rinav/ros2_ws/build/ur_robot_driver
[1.777s] Invoked command in '/home/rinav/ros2_ws/build/ur_robot_driver' returned '0': CMAKE_PREFIX_PATH=/home/rinav/ros2_ws/install/ur_controllers:/home/rinav/ros2_ws/install/ur_description:/home/rinav/ros2_ws/install/ur_dashboard_msgs:/home/rinav/ros2_ws/src/husky/install/husky_desktop:/home/rinav/ros2_ws/src/husky/install/husky_viz:/home/rinav/ros2_ws/src/husky/install/husky_simulator:/home/rinav/ros2_ws/src/husky/install/husky_robot:/home/rinav/ros2_ws/src/husky/install/husky_bringup:/home/rinav/ros2_ws/src/husky/install/husky_base:/home/rinav/ros2_ws/src/husky/install/husky_msgs:/home/rinav/ros2_ws/src/husky/install/husky_gazebo:/home/rinav/ros2_ws/src/husky/install/husky_control:/home/rinav/ros2_ws/src/husky/install/husky_description:/home/rinav/ros2_ws/install/ur:/home/rinav/ros2_ws/install/ur_calibration:/home/rinav/ros2_ws/install/ur_robot_driver:/home/rinav/ros2_ws/install/ur_moveit_config:/home/rinav/ros2_ws/install/ur_bringup:/home/rinav/ros2_ws/install/turtlesim:/home/rinav/ros2_ws/install/robotis_manipulator:/home/rinav/ros2_ws/install/husky_desktop:/home/rinav/ros2_ws/install/husky_viz:/home/rinav/ros2_ws/install/husky_ur3_ignition:/home/rinav/ros2_ws/install/husky_simulator:/home/rinav/ros2_ws/install/husky_robot:/home/rinav/ros2_ws/install/husky_gazebo:/home/rinav/ros2_ws/install/husky_bringup:/home/rinav/ros2_ws/install/husky_base:/home/rinav/ros2_ws/install/husky_msgs:/home/rinav/ros2_ws/install/husky_control:/home/rinav/ros2_ws/install/husky_description:/home/rinav/ros2_ws/install/trial_package:/home/rinav/ros2_ws/install/py_srvcli:/home/rinav/ros2_ws/install/py_pubsub:/home/rinav/ros2_ws/install/mobile_robotics:/opt/ros/humble LD_LIBRARY_PATH=/home/rinav/ros2_ws/install/ur_controllers/lib:/home/rinav/ros2_ws/install/ur_dashboard_msgs/lib:/home/rinav/ros2_ws/src/husky/install/husky_base/lib:/home/rinav/ros2_ws/src/husky/install/husky_msgs/lib:/home/rinav/ros2_ws/install/ur_robot_driver/lib:/home/rinav/ros2_ws/install/turtlesim/lib:/home/rinav/ros2_ws/install/robotis_manipulator/lib:/home/rinav/ros2_ws/install/husky_base/lib:/home/rinav/ros2_ws/install/husky_msgs/lib:/opt/ros/humble/opt/rviz_ogre_vendor/lib:/opt/ros/humble/lib/aarch64-linux-gnu:/opt/ros/humble/lib /usr/bin/cmake /home/rinav/ros2_ws/src/Universal_Robots_ROS2_Driver/ur_robot_driver -DCMAKE_INSTALL_PREFIX=/home/rinav/ros2_ws/install/ur_robot_driver
[1.779s] Invoking command in '/home/rinav/ros2_ws/build/ur_robot_driver': CMAKE_PREFIX_PATH=/home/rinav/ros2_ws/install/ur_controllers:/home/rinav/ros2_ws/install/ur_description:/home/rinav/ros2_ws/install/ur_dashboard_msgs:/home/rinav/ros2_ws/src/husky/install/husky_desktop:/home/rinav/ros2_ws/src/husky/install/husky_viz:/home/rinav/ros2_ws/src/husky/install/husky_simulator:/home/rinav/ros2_ws/src/husky/install/husky_robot:/home/rinav/ros2_ws/src/husky/install/husky_bringup:/home/rinav/ros2_ws/src/husky/install/husky_base:/home/rinav/ros2_ws/src/husky/install/husky_msgs:/home/rinav/ros2_ws/src/husky/install/husky_gazebo:/home/rinav/ros2_ws/src/husky/install/husky_control:/home/rinav/ros2_ws/src/husky/install/husky_description:/home/rinav/ros2_ws/install/ur:/home/rinav/ros2_ws/install/ur_calibration:/home/rinav/ros2_ws/install/ur_robot_driver:/home/rinav/ros2_ws/install/ur_moveit_config:/home/rinav/ros2_ws/install/ur_bringup:/home/rinav/ros2_ws/install/turtlesim:/home/rinav/ros2_ws/install/robotis_manipulator:/home/rinav/ros2_ws/install/husky_desktop:/home/rinav/ros2_ws/install/husky_viz:/home/rinav/ros2_ws/install/husky_ur3_ignition:/home/rinav/ros2_ws/install/husky_simulator:/home/rinav/ros2_ws/install/husky_robot:/home/rinav/ros2_ws/install/husky_gazebo:/home/rinav/ros2_ws/install/husky_bringup:/home/rinav/ros2_ws/install/husky_base:/home/rinav/ros2_ws/install/husky_msgs:/home/rinav/ros2_ws/install/husky_control:/home/rinav/ros2_ws/install/husky_description:/home/rinav/ros2_ws/install/trial_package:/home/rinav/ros2_ws/install/py_srvcli:/home/rinav/ros2_ws/install/py_pubsub:/home/rinav/ros2_ws/install/mobile_robotics:/opt/ros/humble LD_LIBRARY_PATH=/home/rinav/ros2_ws/install/ur_controllers/lib:/home/rinav/ros2_ws/install/ur_dashboard_msgs/lib:/home/rinav/ros2_ws/src/husky/install/husky_base/lib:/home/rinav/ros2_ws/src/husky/install/husky_msgs/lib:/home/rinav/ros2_ws/install/ur_robot_driver/lib:/home/rinav/ros2_ws/install/turtlesim/lib:/home/rinav/ros2_ws/install/robotis_manipulator/lib:/home/rinav/ros2_ws/install/husky_base/lib:/home/rinav/ros2_ws/install/husky_msgs/lib:/opt/ros/humble/opt/rviz_ogre_vendor/lib:/opt/ros/humble/lib/aarch64-linux-gnu:/opt/ros/humble/lib /usr/bin/cmake --build /home/rinav/ros2_ws/build/ur_robot_driver -- -j8 -l8
[1.816s] [  4%] [32mBuilding CXX object CMakeFiles/ur_robot_driver_plugin.dir/src/dashboard_client_ros.cpp.o[0m
[1.816s] [ 13%] [32mBuilding CXX object CMakeFiles/ur_ros2_control_node.dir/src/ur_ros2_control_node.cpp.o[0m
[1.817s] [ 13%] [32mBuilding CXX object CMakeFiles/urscript_interface.dir/src/urscript_interface.cpp.o[0m
[1.817s] [ 18%] [32mBuilding CXX object CMakeFiles/trajectory_until_node.dir/src/trajectory_until_node.cpp.o[0m
[1.817s] [ 22%] [32mBuilding CXX object CMakeFiles/controller_stopper_node.dir/src/controller_stopper.cpp.o[0m
[1.819s] [ 27%] [32mBuilding CXX object CMakeFiles/robot_state_helper.dir/src/robot_state_helper.cpp.o[0m
[1.820s] [ 31%] [32mBuilding CXX object CMakeFiles/dashboard_client.dir/src/dashboard_client_ros.cpp.o[0m
[1.826s] [ 31%] Built target ament_cmake_python_copy_ur_robot_driver
[1.832s] [ 36%] [32mBuilding CXX object CMakeFiles/dashboard_client.dir/src/dashboard_client_node.cpp.o[0m
[6.962s] [ 40%] [32m[1mLinking CXX executable ur_ros2_control_node[0m
[7.173s] [ 40%] Built target ur_ros2_control_node
[7.441s] running egg_info
[7.442s] creating ur_robot_driver.egg-info
[7.442s] writing ur_robot_driver.egg-info/PKG-INFO
[7.442s] writing dependency_links to ur_robot_driver.egg-info/dependency_links.txt
[7.442s] writing top-level names to ur_robot_driver.egg-info/top_level.txt
[7.443s] writing manifest file 'ur_robot_driver.egg-info/SOURCES.txt'
[7.444s] reading manifest file 'ur_robot_driver.egg-info/SOURCES.txt'
[7.445s] writing manifest file 'ur_robot_driver.egg-info/SOURCES.txt'
[7.471s] [ 40%] Built target ament_cmake_python_build_ur_robot_driver_egg
[7.478s] [ 45%] [32mBuilding CXX object CMakeFiles/dashboard_client.dir/src/urcl_log_handler.cpp.o[0m
[7.807s] [ 50%] [32mBuilding CXX object CMakeFiles/robot_state_helper.dir/src/robot_state_helper_node.cpp.o[0m
[8.266s] [ 54%] [32mBuilding CXX object CMakeFiles/robot_state_helper.dir/src/urcl_log_handler.cpp.o[0m
[9.159s] [ 59%] [32mBuilding CXX object CMakeFiles/controller_stopper_node.dir/src/controller_stopper_node.cpp.o[0m
[13.752s] [ 63%] [32mBuilding CXX object CMakeFiles/ur_robot_driver_plugin.dir/src/hardware_interface.cpp.o[0m
[15.125s] [ 68%] [32mBuilding CXX object CMakeFiles/ur_robot_driver_plugin.dir/src/urcl_log_handler.cpp.o[0m
[15.336s] [ 72%] [32m[1mLinking CXX executable trajectory_until_node[0m
[15.556s] [ 72%] Built target trajectory_until_node
[15.563s] [ 77%] [32mBuilding CXX object CMakeFiles/ur_robot_driver_plugin.dir/src/robot_state_helper.cpp.o[0m
[17.912s] [ 81%] [32m[1mLinking CXX executable urscript_interface[0m
[18.204s] [ 81%] Built target urscript_interface
[21.532s] [ 86%] [32m[1mLinking CXX executable controller_stopper_node[0m
[21.835s] [ 86%] Built target controller_stopper_node
[26.415s] [ 90%] [32m[1mLinking CXX executable dashboard_client[0m
[26.739s] [ 90%] Built target dashboard_client
[31.628s] [ 95%] [32m[1mLinking CXX executable robot_state_helper[0m
[32.078s] [ 95%] Built target robot_state_helper
[40.459s] [100%] [32m[1mLinking CXX shared library libur_robot_driver_plugin.so[0m
[41.155s] [100%] Built target ur_robot_driver_plugin
[41.167s] Invoked command in '/home/rinav/ros2_ws/build/ur_robot_driver' returned '0': CMAKE_PREFIX_PATH=/home/rinav/ros2_ws/install/ur_controllers:/home/rinav/ros2_ws/install/ur_description:/home/rinav/ros2_ws/install/ur_dashboard_msgs:/home/rinav/ros2_ws/src/husky/install/husky_desktop:/home/rinav/ros2_ws/src/husky/install/husky_viz:/home/rinav/ros2_ws/src/husky/install/husky_simulator:/home/rinav/ros2_ws/src/husky/install/husky_robot:/home/rinav/ros2_ws/src/husky/install/husky_bringup:/home/rinav/ros2_ws/src/husky/install/husky_base:/home/rinav/ros2_ws/src/husky/install/husky_msgs:/home/rinav/ros2_ws/src/husky/install/husky_gazebo:/home/rinav/ros2_ws/src/husky/install/husky_control:/home/rinav/ros2_ws/src/husky/install/husky_description:/home/rinav/ros2_ws/install/ur:/home/rinav/ros2_ws/install/ur_calibration:/home/rinav/ros2_ws/install/ur_robot_driver:/home/rinav/ros2_ws/install/ur_moveit_config:/home/rinav/ros2_ws/install/ur_bringup:/home/rinav/ros2_ws/install/turtlesim:/home/rinav/ros2_ws/install/robotis_manipulator:/home/rinav/ros2_ws/install/husky_desktop:/home/rinav/ros2_ws/install/husky_viz:/home/rinav/ros2_ws/install/husky_ur3_ignition:/home/rinav/ros2_ws/install/husky_simulator:/home/rinav/ros2_ws/install/husky_robot:/home/rinav/ros2_ws/install/husky_gazebo:/home/rinav/ros2_ws/install/husky_bringup:/home/rinav/ros2_ws/install/husky_base:/home/rinav/ros2_ws/install/husky_msgs:/home/rinav/ros2_ws/install/husky_control:/home/rinav/ros2_ws/install/husky_description:/home/rinav/ros2_ws/install/trial_package:/home/rinav/ros2_ws/install/py_srvcli:/home/rinav/ros2_ws/install/py_pubsub:/home/rinav/ros2_ws/install/mobile_robotics:/opt/ros/humble LD_LIBRARY_PATH=/home/rinav/ros2_ws/install/ur_controllers/lib:/home/rinav/ros2_ws/install/ur_dashboard_msgs/lib:/home/rinav/ros2_ws/src/husky/install/husky_base/lib:/home/rinav/ros2_ws/src/husky/install/husky_msgs/lib:/home/rinav/ros2_ws/install/ur_robot_driver/lib:/home/rinav/ros2_ws/install/turtlesim/lib:/home/rinav/ros2_ws/install/robotis_manipulator/lib:/home/rinav/ros2_ws/install/husky_base/lib:/home/rinav/ros2_ws/install/husky_msgs/lib:/opt/ros/humble/opt/rviz_ogre_vendor/lib:/opt/ros/humble/lib/aarch64-linux-gnu:/opt/ros/humble/lib /usr/bin/cmake --build /home/rinav/ros2_ws/build/ur_robot_driver -- -j8 -l8
[41.174s] Invoking command in '/home/rinav/ros2_ws/build/ur_robot_driver': CMAKE_PREFIX_PATH=/home/rinav/ros2_ws/install/ur_controllers:/home/rinav/ros2_ws/install/ur_description:/home/rinav/ros2_ws/install/ur_dashboard_msgs:/home/rinav/ros2_ws/src/husky/install/husky_desktop:/home/rinav/ros2_ws/src/husky/install/husky_viz:/home/rinav/ros2_ws/src/husky/install/husky_simulator:/home/rinav/ros2_ws/src/husky/install/husky_robot:/home/rinav/ros2_ws/src/husky/install/husky_bringup:/home/rinav/ros2_ws/src/husky/install/husky_base:/home/rinav/ros2_ws/src/husky/install/husky_msgs:/home/rinav/ros2_ws/src/husky/install/husky_gazebo:/home/rinav/ros2_ws/src/husky/install/husky_control:/home/rinav/ros2_ws/src/husky/install/husky_description:/home/rinav/ros2_ws/install/ur:/home/rinav/ros2_ws/install/ur_calibration:/home/rinav/ros2_ws/install/ur_robot_driver:/home/rinav/ros2_ws/install/ur_moveit_config:/home/rinav/ros2_ws/install/ur_bringup:/home/rinav/ros2_ws/install/turtlesim:/home/rinav/ros2_ws/install/robotis_manipulator:/home/rinav/ros2_ws/install/husky_desktop:/home/rinav/ros2_ws/install/husky_viz:/home/rinav/ros2_ws/install/husky_ur3_ignition:/home/rinav/ros2_ws/install/husky_simulator:/home/rinav/ros2_ws/install/husky_robot:/home/rinav/ros2_ws/install/husky_gazebo:/home/rinav/ros2_ws/install/husky_bringup:/home/rinav/ros2_ws/install/husky_base:/home/rinav/ros2_ws/install/husky_msgs:/home/rinav/ros2_ws/install/husky_control:/home/rinav/ros2_ws/install/husky_description:/home/rinav/ros2_ws/install/trial_package:/home/rinav/ros2_ws/install/py_srvcli:/home/rinav/ros2_ws/install/py_pubsub:/home/rinav/ros2_ws/install/mobile_robotics:/opt/ros/humble LD_LIBRARY_PATH=/home/rinav/ros2_ws/install/ur_controllers/lib:/home/rinav/ros2_ws/install/ur_dashboard_msgs/lib:/home/rinav/ros2_ws/src/husky/install/husky_base/lib:/home/rinav/ros2_ws/src/husky/install/husky_msgs/lib:/home/rinav/ros2_ws/install/ur_robot_driver/lib:/home/rinav/ros2_ws/install/turtlesim/lib:/home/rinav/ros2_ws/install/robotis_manipulator/lib:/home/rinav/ros2_ws/install/husky_base/lib:/home/rinav/ros2_ws/install/husky_msgs/lib:/opt/ros/humble/opt/rviz_ogre_vendor/lib:/opt/ros/humble/lib/aarch64-linux-gnu:/opt/ros/humble/lib /usr/bin/cmake --install /home/rinav/ros2_ws/build/ur_robot_driver
[41.179s] -- Install configuration: "RelWithDebInfo"
[41.179s] -- Installing: /home/rinav/ros2_ws/install/ur_robot_driver/share/ur_robot_driver/hardware_interface_plugin.xml
[41.180s] -- Installing: /home/rinav/ros2_ws/install/ur_robot_driver/lib/ur_robot_driver/controller_stopper_node
[41.192s] -- Set runtime path of "/home/rinav/ros2_ws/install/ur_robot_driver/lib/ur_robot_driver/controller_stopper_node" to ""
[41.192s] -- Installing: /home/rinav/ros2_ws/install/ur_robot_driver/lib/ur_robot_driver/dashboard_client
[41.209s] -- Set runtime path of "/home/rinav/ros2_ws/install/ur_robot_driver/lib/ur_robot_driver/dashboard_client" to ""
[41.209s] -- Installing: /home/rinav/ros2_ws/install/ur_robot_driver/lib/ur_robot_driver/robot_state_helper
[41.233s] -- Set runtime path of "/home/rinav/ros2_ws/install/ur_robot_driver/lib/ur_robot_driver/robot_state_helper" to ""
[41.233s] -- Installing: /home/rinav/ros2_ws/install/ur_robot_driver/lib/ur_robot_driver/trajectory_until_node
[41.239s] -- Set runtime path of "/home/rinav/ros2_ws/install/ur_robot_driver/lib/ur_robot_driver/trajectory_until_node" to ""
[41.239s] -- Installing: /home/rinav/ros2_ws/install/ur_robot_driver/lib/ur_robot_driver/ur_ros2_control_node
[41.240s] -- Set runtime path of "/home/rinav/ros2_ws/install/ur_robot_driver/lib/ur_robot_driver/ur_ros2_control_node" to ""
[41.240s] -- Installing: /home/rinav/ros2_ws/install/ur_robot_driver/lib/ur_robot_driver/urscript_interface
[41.249s] -- Set runtime path of "/home/rinav/ros2_ws/install/ur_robot_driver/lib/ur_robot_driver/urscript_interface" to ""
[41.249s] -- Installing: /home/rinav/ros2_ws/install/ur_robot_driver/lib/libur_robot_driver_plugin.so
[41.286s] -- Set runtime path of "/home/rinav/ros2_ws/install/ur_robot_driver/lib/libur_robot_driver_plugin.so" to ""
[41.286s] -- Installing: /home/rinav/ros2_ws/install/ur_robot_driver/include
[41.286s] -- Installing: /home/rinav/ros2_ws/install/ur_robot_driver/include/ur_robot_driver
[41.286s] -- Installing: /home/rinav/ros2_ws/install/ur_robot_driver/include/ur_robot_driver/dashboard_client_ros.hpp
[41.286s] -- Installing: /home/rinav/ros2_ws/install/ur_robot_driver/include/ur_robot_driver/hardware_interface.hpp
[41.286s] -- Installing: /home/rinav/ros2_ws/install/ur_robot_driver/include/ur_robot_driver/urcl_log_handler.hpp
[41.286s] -- Installing: /home/rinav/ros2_ws/install/ur_robot_driver/include/ur_robot_driver/robot_state_helper.hpp
[41.286s] -- Installing: /home/rinav/ros2_ws/install/ur_robot_driver/include/ur_robot_driver/controller_stopper.hpp
[41.287s] -- Installing: /home/rinav/ros2_ws/install/ur_robot_driver/include/ur_robot_driver/trajectory_until_node.hpp
[41.287s] -- Installing: /home/rinav/ros2_ws/install/ur_robot_driver/share/ur_robot_driver/environment/library_path.sh
[41.287s] -- Installing: /home/rinav/ros2_ws/install/ur_robot_driver/share/ur_robot_driver/environment/library_path.dsv
[41.287s] -- Installing: /home/rinav/ros2_ws/install/ur_robot_driver/share/ur_robot_driver/resources
[41.287s] -- Installing: /home/rinav/ros2_ws/install/ur_robot_driver/share/ur_robot_driver/resources/externalcontrol-1.0.5.urcap
[41.287s] -- Installing: /home/rinav/ros2_ws/install/ur_robot_driver/share/ur_robot_driver/resources/rtde_input_recipe.txt
[41.287s] -- Installing: /home/rinav/ros2_ws/install/ur_robot_driver/share/ur_robot_driver/resources/ros_control.urscript
[41.287s] -- Installing: /home/rinav/ros2_ws/install/ur_robot_driver/share/ur_robot_driver/resources/rtde_output_recipe.txt
[41.287s] -- Installing: /home/rinav/ros2_ws/install/ur_robot_driver/share/ur_robot_driver/resources/rs485-1.0.urcap
[41.289s] -- Up-to-date: /home/rinav/ros2_ws/install/ur_robot_driver/include
[41.289s] -- Up-to-date: /home/rinav/ros2_ws/install/ur_robot_driver/include/ur_robot_driver
[41.289s] -- Up-to-date: /home/rinav/ros2_ws/install/ur_robot_driver/include/ur_robot_driver/dashboard_client_ros.hpp
[41.289s] -- Up-to-date: /home/rinav/ros2_ws/install/ur_robot_driver/include/ur_robot_driver/hardware_interface.hpp
[41.289s] -- Up-to-date: /home/rinav/ros2_ws/install/ur_robot_driver/include/ur_robot_driver/urcl_log_handler.hpp
[41.290s] -- Up-to-date: /home/rinav/ros2_ws/install/ur_robot_driver/include/ur_robot_driver/robot_state_helper.hpp
[41.290s] -- Up-to-date: /home/rinav/ros2_ws/install/ur_robot_driver/include/ur_robot_driver/controller_stopper.hpp
[41.290s] -- Up-to-date: /home/rinav/ros2_ws/install/ur_robot_driver/include/ur_robot_driver/trajectory_until_node.hpp
[41.290s] -- Installing: /home/rinav/ros2_ws/install/ur_robot_driver/share/ur_robot_driver/environment/pythonpath.sh
[41.290s] -- Installing: /home/rinav/ros2_ws/install/ur_robot_driver/share/ur_robot_driver/environment/pythonpath.dsv
[41.290s] -- Installing: /home/rinav/ros2_ws/install/ur_robot_driver/local/lib/python3.10/dist-packages/ur_robot_driver-2.10.0-py3.10.egg-info
[41.290s] -- Installing: /home/rinav/ros2_ws/install/ur_robot_driver/local/lib/python3.10/dist-packages/ur_robot_driver-2.10.0-py3.10.egg-info/dependency_links.txt
[41.290s] -- Installing: /home/rinav/ros2_ws/install/ur_robot_driver/local/lib/python3.10/dist-packages/ur_robot_driver-2.10.0-py3.10.egg-info/PKG-INFO
[41.290s] -- Installing: /home/rinav/ros2_ws/install/ur_robot_driver/local/lib/python3.10/dist-packages/ur_robot_driver-2.10.0-py3.10.egg-info/top_level.txt
[41.290s] -- Installing: /home/rinav/ros2_ws/install/ur_robot_driver/local/lib/python3.10/dist-packages/ur_robot_driver-2.10.0-py3.10.egg-info/SOURCES.txt
[41.290s] -- Installing: /home/rinav/ros2_ws/install/ur_robot_driver/local/lib/python3.10/dist-packages/ur_robot_driver
[41.290s] -- Installing: /home/rinav/ros2_ws/install/ur_robot_driver/local/lib/python3.10/dist-packages/ur_robot_driver/__init__.py
[41.320s] Listing '/home/rinav/ros2_ws/install/ur_robot_driver/local/lib/python3.10/dist-packages/ur_robot_driver'...
[41.320s] Compiling '/home/rinav/ros2_ws/install/ur_robot_driver/local/lib/python3.10/dist-packages/ur_robot_driver/__init__.py'...
[41.324s] -- Installing: /home/rinav/ros2_ws/install/ur_robot_driver/lib/ur_robot_driver/tool_communication.py
[41.324s] -- Installing: /home/rinav/ros2_ws/install/ur_robot_driver/lib/ur_robot_driver/example_move.py
[41.324s] -- Installing: /home/rinav/ros2_ws/install/ur_robot_driver/lib/ur_robot_driver/start_ursim.sh
[41.324s] -- Installing: /home/rinav/ros2_ws/install/ur_robot_driver/lib/ur_robot_driver/examples.py
[41.324s] -- Installing: /home/rinav/ros2_ws/install/ur_robot_driver/lib/ur_robot_driver/force_mode.py
[41.324s] -- Installing: /home/rinav/ros2_ws/install/ur_robot_driver/lib/ur_robot_driver/move_until_example.py
[41.324s] -- Installing: /home/rinav/ros2_ws/install/ur_robot_driver/bin/wait_dashboard_server.sh
[41.324s] -- Up-to-date: /home/rinav/ros2_ws/install/ur_robot_driver/lib/ur_robot_driver/start_ursim.sh
[41.324s] -- Installing: /home/rinav/ros2_ws/install/ur_robot_driver/share/ur_robot_driver/config
[41.325s] -- Installing: /home/rinav/ros2_ws/install/ur_robot_driver/share/ur_robot_driver/config/test_velocity_goal_publishers_config.yaml
[41.325s] -- Installing: /home/rinav/ros2_ws/install/ur_robot_driver/share/ur_robot_driver/config/test_goal_publishers_config.yaml
[41.325s] -- Installing: /home/rinav/ros2_ws/install/ur_robot_driver/share/ur_robot_driver/config/ur20_update_rate.yaml
[41.325s] -- Installing: /home/rinav/ros2_ws/install/ur_robot_driver/share/ur_robot_driver/config/ur_controllers.yaml
[41.325s] -- Installing: /home/rinav/ros2_ws/install/ur_robot_driver/share/ur_robot_driver/config/ur5e_update_rate.yaml
[41.325s] -- Installing: /home/rinav/ros2_ws/install/ur_robot_driver/share/ur_robot_driver/config/ur8long_update_rate.yaml
[41.325s] -- Installing: /home/rinav/ros2_ws/install/ur_robot_driver/share/ur_robot_driver/config/ur16e_update_rate.yaml
[41.325s] -- Installing: /home/rinav/ros2_ws/install/ur_robot_driver/share/ur_robot_driver/config/ur12e_update_rate.yaml
[41.325s] -- Installing: /home/rinav/ros2_ws/install/ur_robot_driver/share/ur_robot_driver/config/ur3e_update_rate.yaml
[41.325s] -- Installing: /home/rinav/ros2_ws/install/ur_robot_driver/share/ur_robot_driver/config/ur3_update_rate.yaml
[41.326s] -- Installing: /home/rinav/ros2_ws/install/ur_robot_driver/share/ur_robot_driver/config/ur18_update_rate.yaml
[41.326s] -- Installing: /home/rinav/ros2_ws/install/ur_robot_driver/share/ur_robot_driver/config/ur7e_update_rate.yaml
[41.326s] -- Installing: /home/rinav/ros2_ws/install/ur_robot_driver/share/ur_robot_driver/config/ur5_update_rate.yaml
[41.326s] -- Installing: /home/rinav/ros2_ws/install/ur_robot_driver/share/ur_robot_driver/config/ur10e_update_rate.yaml
[41.326s] -- Installing: /home/rinav/ros2_ws/install/ur_robot_driver/share/ur_robot_driver/config/ur10_update_rate.yaml
[41.326s] -- Installing: /home/rinav/ros2_ws/install/ur_robot_driver/share/ur_robot_driver/config/ur15_update_rate.yaml
[41.326s] -- Installing: /home/rinav/ros2_ws/install/ur_robot_driver/share/ur_robot_driver/config/ur30_update_rate.yaml
[41.326s] -- Installing: /home/rinav/ros2_ws/install/ur_robot_driver/share/ur_robot_driver/launch
[41.326s] -- Installing: /home/rinav/ros2_ws/install/ur_robot_driver/share/ur_robot_driver/launch/ur16e.launch.py
[41.326s] -- Installing: /home/rinav/ros2_ws/install/ur_robot_driver/share/ur_robot_driver/launch/ur7e.launch.py
[41.326s] -- Installing: /home/rinav/ros2_ws/install/ur_robot_driver/share/ur_robot_driver/launch/ur10e.launch.py
[41.327s] -- Installing: /home/rinav/ros2_ws/install/ur_robot_driver/share/ur_robot_driver/launch/ur20.launch.py
[41.327s] -- Installing: /home/rinav/ros2_ws/install/ur_robot_driver/share/ur_robot_driver/launch/ur15.launch.py
[41.327s] -- Installing: /home/rinav/ros2_ws/install/ur_robot_driver/share/ur_robot_driver/launch/test_joint_trajectory_controller.launch.py
[41.327s] -- Installing: /home/rinav/ros2_ws/install/ur_robot_driver/share/ur_robot_driver/launch/ur18.launch.py
[41.327s] -- Installing: /home/rinav/ros2_ws/install/ur_robot_driver/share/ur_robot_driver/launch/ur_dashboard_client.launch.py
[41.327s] -- Installing: /home/rinav/ros2_ws/install/ur_robot_driver/share/ur_robot_driver/launch/ur5.launch.py
[41.327s] -- Installing: /home/rinav/ros2_ws/install/ur_robot_driver/share/ur_robot_driver/launch/ur_control.launch.py
[41.327s] -- Installing: /home/rinav/ros2_ws/install/ur_robot_driver/share/ur_robot_driver/launch/test_scaled_joint_trajectory_controller.launch.py
[41.327s] -- Installing: /home/rinav/ros2_ws/install/ur_robot_driver/share/ur_robot_driver/launch/test_forward_velocity_controller.launch.py
[41.328s] -- Installing: /home/rinav/ros2_ws/install/ur_robot_driver/share/ur_robot_driver/launch/ur10.launch.py
[41.328s] -- Installing: /home/rinav/ros2_ws/install/ur_robot_driver/share/ur_robot_driver/launch/ur3.launch.py
[41.328s] -- Installing: /home/rinav/ros2_ws/install/ur_robot_driver/share/ur_robot_driver/launch/ur3e.launch.py
[41.328s] -- Installing: /home/rinav/ros2_ws/install/ur_robot_driver/share/ur_robot_driver/launch/ur30.launch.py
[41.328s] -- Installing: /home/rinav/ros2_ws/install/ur_robot_driver/share/ur_robot_driver/launch/ur5e.launch.py
[41.328s] -- Installing: /home/rinav/ros2_ws/install/ur_robot_driver/share/ur_robot_driver/launch/ur8long.launch.py
[41.328s] -- Installing: /home/rinav/ros2_ws/install/ur_robot_driver/share/ur_robot_driver/launch/ur12e.launch.py
[41.328s] -- Installing: /home/rinav/ros2_ws/install/ur_robot_driver/share/ament_index/resource_index/package_run_dependencies/ur_robot_driver
[41.328s] -- Installing: /home/rinav/ros2_ws/install/ur_robot_driver/share/ament_index/resource_index/parent_prefix_path/ur_robot_driver
[41.328s] -- Installing: /home/rinav/ros2_ws/install/ur_robot_driver/share/ur_robot_driver/environment/ament_prefix_path.sh
[41.329s] -- Installing: /home/rinav/ros2_ws/install/ur_robot_driver/share/ur_robot_driver/environment/ament_prefix_path.dsv
[41.329s] -- Installing: /home/rinav/ros2_ws/install/ur_robot_driver/share/ur_robot_driver/environment/path.sh
[41.329s] -- Installing: /home/rinav/ros2_ws/install/ur_robot_driver/share/ur_robot_driver/environment/path.dsv
[41.329s] -- Installing: /home/rinav/ros2_ws/install/ur_robot_driver/share/ur_robot_driver/local_setup.bash
[41.329s] -- Installing: /home/rinav/ros2_ws/install/ur_robot_driver/share/ur_robot_driver/local_setup.sh
[41.329s] -- Installing: /home/rinav/ros2_ws/install/ur_robot_driver/share/ur_robot_driver/local_setup.zsh
[41.329s] -- Installing: /home/rinav/ros2_ws/install/ur_robot_driver/share/ur_robot_driver/local_setup.dsv
[41.329s] -- Installing: /home/rinav/ros2_ws/install/ur_robot_driver/share/ur_robot_driver/package.dsv
[41.329s] -- Installing: /home/rinav/ros2_ws/install/ur_robot_driver/share/ament_index/resource_index/packages/ur_robot_driver
[41.330s] -- Installing: /home/rinav/ros2_ws/install/ur_robot_driver/share/ament_index/resource_index/hardware_interface__pluginlib__plugin/ur_robot_driver
[41.330s] -- Installing: /home/rinav/ros2_ws/install/ur_robot_driver/share/ur_robot_driver/cmake/ament_cmake_export_include_directories-extras.cmake
[41.330s] -- Installing: /home/rinav/ros2_ws/install/ur_robot_driver/share/ur_robot_driver/cmake/ament_cmake_export_libraries-extras.cmake
[41.330s] -- Installing: /home/rinav/ros2_ws/install/ur_robot_driver/share/ur_robot_driver/cmake/ament_cmake_export_dependencies-extras.cmake
[41.330s] -- Installing: /home/rinav/ros2_ws/install/ur_robot_driver/share/ur_robot_driver/cmake/ur_robot_driverConfig.cmake
[41.330s] -- Installing: /home/rinav/ros2_ws/install/ur_robot_driver/share/ur_robot_driver/cmake/ur_robot_driverConfig-version.cmake
[41.330s] -- Installing: /home/rinav/ros2_ws/install/ur_robot_driver/share/ur_robot_driver/package.xml
[41.335s] Invoked command in '/home/rinav/ros2_ws/build/ur_robot_driver' returned '0': CMAKE_PREFIX_PATH=/home/rinav/ros2_ws/install/ur_controllers:/home/rinav/ros2_ws/install/ur_description:/home/rinav/ros2_ws/install/ur_dashboard_msgs:/home/rinav/ros2_ws/src/husky/install/husky_desktop:/home/rinav/ros2_ws/src/husky/install/husky_viz:/home/rinav/ros2_ws/src/husky/install/husky_simulator:/home/rinav/ros2_ws/src/husky/install/husky_robot:/home/rinav/ros2_ws/src/husky/install/husky_bringup:/home/rinav/ros2_ws/src/husky/install/husky_base:/home/rinav/ros2_ws/src/husky/install/husky_msgs:/home/rinav/ros2_ws/src/husky/install/husky_gazebo:/home/rinav/ros2_ws/src/husky/install/husky_control:/home/rinav/ros2_ws/src/husky/install/husky_description:/home/rinav/ros2_ws/install/ur:/home/rinav/ros2_ws/install/ur_calibration:/home/rinav/ros2_ws/install/ur_robot_driver:/home/rinav/ros2_ws/install/ur_moveit_config:/home/rinav/ros2_ws/install/ur_bringup:/home/rinav/ros2_ws/install/turtlesim:/home/rinav/ros2_ws/install/robotis_manipulator:/home/rinav/ros2_ws/install/husky_desktop:/home/rinav/ros2_ws/install/husky_viz:/home/rinav/ros2_ws/install/husky_ur3_ignition:/home/rinav/ros2_ws/install/husky_simulator:/home/rinav/ros2_ws/install/husky_robot:/home/rinav/ros2_ws/install/husky_gazebo:/home/rinav/ros2_ws/install/husky_bringup:/home/rinav/ros2_ws/install/husky_base:/home/rinav/ros2_ws/install/husky_msgs:/home/rinav/ros2_ws/install/husky_control:/home/rinav/ros2_ws/install/husky_description:/home/rinav/ros2_ws/install/trial_package:/home/rinav/ros2_ws/install/py_srvcli:/home/rinav/ros2_ws/install/py_pubsub:/home/rinav/ros2_ws/install/mobile_robotics:/opt/ros/humble LD_LIBRARY_PATH=/home/rinav/ros2_ws/install/ur_controllers/lib:/home/rinav/ros2_ws/install/ur_dashboard_msgs/lib:/home/rinav/ros2_ws/src/husky/install/husky_base/lib:/home/rinav/ros2_ws/src/husky/install/husky_msgs/lib:/home/rinav/ros2_ws/install/ur_robot_driver/lib:/home/rinav/ros2_ws/install/turtlesim/lib:/home/rinav/ros2_ws/install/robotis_manipulator/lib:/home/rinav/ros2_ws/install/husky_base/lib:/home/rinav/ros2_ws/install/husky_msgs/lib:/opt/ros/humble/opt/rviz_ogre_vendor/lib:/opt/ros/humble/lib/aarch64-linux-gnu:/opt/ros/humble/lib /usr/bin/cmake --install /home/rinav/ros2_ws/build/ur_robot_driver
