[0.029s] Invoking command in '/home/rinav/ros2_ws/build/husky_gazebo': CMAKE_PREFIX_PATH=/home/rinav/ros2_ws/install/husky_control:/home/rinav/ros2_ws/install/husky_description:/home/rinav/ros2_ws/src/husky/install/husky_desktop:/home/rinav/ros2_ws/src/husky/install/husky_viz:/home/rinav/ros2_ws/src/husky/install/husky_simulator:/home/rinav/ros2_ws/src/husky/install/husky_robot:/home/rinav/ros2_ws/src/husky/install/husky_bringup:/home/rinav/ros2_ws/src/husky/install/husky_base:/home/rinav/ros2_ws/src/husky/install/husky_msgs:/home/rinav/ros2_ws/src/husky/install/husky_gazebo:/home/rinav/ros2_ws/src/husky/install/husky_control:/home/rinav/ros2_ws/src/husky/install/husky_description:/home/rinav/ros2_ws/install/ur:/home/rinav/ros2_ws/install/ur_calibration:/home/rinav/ros2_ws/install/ur_robot_driver:/home/rinav/ros2_ws/install/ur_moveit_config:/home/rinav/ros2_ws/install/ur_bringup:/home/rinav/ros2_ws/install/ur_description:/home/rinav/ros2_ws/install/ur_controllers:/home/rinav/ros2_ws/install/ur_dashboard_msgs:/home/rinav/ros2_ws/install/turtlesim:/home/rinav/ros2_ws/install/robotis_manipulator:/home/rinav/ros2_ws/install/husky_desktop:/home/rinav/ros2_ws/install/husky_viz:/home/rinav/ros2_ws/install/husky_ur3_ignition:/home/rinav/ros2_ws/install/husky_simulator:/home/rinav/ros2_ws/install/husky_robot:/home/rinav/ros2_ws/install/husky_gazebo:/home/rinav/ros2_ws/install/husky_bringup:/home/rinav/ros2_ws/install/husky_base:/home/rinav/ros2_ws/install/husky_msgs:/home/rinav/ros2_ws/install/trial_package:/home/rinav/ros2_ws/install/py_srvcli:/home/rinav/ros2_ws/install/py_pubsub:/home/rinav/ros2_ws/install/mobile_robotics:/opt/ros/humble /usr/bin/cmake /home/rinav/ros2_ws/src/husky/husky_gazebo -DCMAKE_INSTALL_PREFIX=/home/rinav/ros2_ws/install/husky_gazebo
[0.084s] -- The C compiler identification is GNU 11.4.0
[0.224s] -- The CXX compiler identification is GNU 11.4.0
[0.233s] -- Detecting C compiler ABI info
[0.399s] -- Detecting C compiler ABI info - done
[0.407s] -- Check for working C compiler: /usr/bin/cc - skipped
[0.407s] -- Detecting C compile features
[0.407s] -- Detecting C compile features - done
[0.415s] -- Detecting CXX compiler ABI info
[0.567s] -- Detecting CXX compiler ABI info - done
[0.568s] -- Check for working CXX compiler: /usr/bin/c++ - skipped
[0.568s] -- Detecting CXX compile features
[0.568s] -- Detecting CXX compile features - done
[0.572s] -- Found ament_cmake: 1.3.12 (/opt/ros/humble/share/ament_cmake/cmake)
[0.846s] -- Found Python3: /usr/bin/python3 (found version "3.10.12") found components: Interpreter 
[1.041s] -- Found urdf: 2.6.1 (/opt/ros/humble/share/urdf/cmake)
[1.134s] -- Found xacro: 2.1.1 (/opt/ros/humble/share/xacro/cmake)
[1.207s] -- Configuring done
[1.209s] -- Generating done
[1.210s] -- Build files have been written to: /home/rinav/ros2_ws/build/husky_gazebo
[1.216s] Invoked command in '/home/rinav/ros2_ws/build/husky_gazebo' returned '0': CMAKE_PREFIX_PATH=/home/rinav/ros2_ws/install/husky_control:/home/rinav/ros2_ws/install/husky_description:/home/rinav/ros2_ws/src/husky/install/husky_desktop:/home/rinav/ros2_ws/src/husky/install/husky_viz:/home/rinav/ros2_ws/src/husky/install/husky_simulator:/home/rinav/ros2_ws/src/husky/install/husky_robot:/home/rinav/ros2_ws/src/husky/install/husky_bringup:/home/rinav/ros2_ws/src/husky/install/husky_base:/home/rinav/ros2_ws/src/husky/install/husky_msgs:/home/rinav/ros2_ws/src/husky/install/husky_gazebo:/home/rinav/ros2_ws/src/husky/install/husky_control:/home/rinav/ros2_ws/src/husky/install/husky_description:/home/rinav/ros2_ws/install/ur:/home/rinav/ros2_ws/install/ur_calibration:/home/rinav/ros2_ws/install/ur_robot_driver:/home/rinav/ros2_ws/install/ur_moveit_config:/home/rinav/ros2_ws/install/ur_bringup:/home/rinav/ros2_ws/install/ur_description:/home/rinav/ros2_ws/install/ur_controllers:/home/rinav/ros2_ws/install/ur_dashboard_msgs:/home/rinav/ros2_ws/install/turtlesim:/home/rinav/ros2_ws/install/robotis_manipulator:/home/rinav/ros2_ws/install/husky_desktop:/home/rinav/ros2_ws/install/husky_viz:/home/rinav/ros2_ws/install/husky_ur3_ignition:/home/rinav/ros2_ws/install/husky_simulator:/home/rinav/ros2_ws/install/husky_robot:/home/rinav/ros2_ws/install/husky_gazebo:/home/rinav/ros2_ws/install/husky_bringup:/home/rinav/ros2_ws/install/husky_base:/home/rinav/ros2_ws/install/husky_msgs:/home/rinav/ros2_ws/install/trial_package:/home/rinav/ros2_ws/install/py_srvcli:/home/rinav/ros2_ws/install/py_pubsub:/home/rinav/ros2_ws/install/mobile_robotics:/opt/ros/humble /usr/bin/cmake /home/rinav/ros2_ws/src/husky/husky_gazebo -DCMAKE_INSTALL_PREFIX=/home/rinav/ros2_ws/install/husky_gazebo
[1.223s] Invoking command in '/home/rinav/ros2_ws/build/husky_gazebo': CMAKE_PREFIX_PATH=/home/rinav/ros2_ws/install/husky_control:/home/rinav/ros2_ws/install/husky_description:/home/rinav/ros2_ws/src/husky/install/husky_desktop:/home/rinav/ros2_ws/src/husky/install/husky_viz:/home/rinav/ros2_ws/src/husky/install/husky_simulator:/home/rinav/ros2_ws/src/husky/install/husky_robot:/home/rinav/ros2_ws/src/husky/install/husky_bringup:/home/rinav/ros2_ws/src/husky/install/husky_base:/home/rinav/ros2_ws/src/husky/install/husky_msgs:/home/rinav/ros2_ws/src/husky/install/husky_gazebo:/home/rinav/ros2_ws/src/husky/install/husky_control:/home/rinav/ros2_ws/src/husky/install/husky_description:/home/rinav/ros2_ws/install/ur:/home/rinav/ros2_ws/install/ur_calibration:/home/rinav/ros2_ws/install/ur_robot_driver:/home/rinav/ros2_ws/install/ur_moveit_config:/home/rinav/ros2_ws/install/ur_bringup:/home/rinav/ros2_ws/install/ur_description:/home/rinav/ros2_ws/install/ur_controllers:/home/rinav/ros2_ws/install/ur_dashboard_msgs:/home/rinav/ros2_ws/install/turtlesim:/home/rinav/ros2_ws/install/robotis_manipulator:/home/rinav/ros2_ws/install/husky_desktop:/home/rinav/ros2_ws/install/husky_viz:/home/rinav/ros2_ws/install/husky_ur3_ignition:/home/rinav/ros2_ws/install/husky_simulator:/home/rinav/ros2_ws/install/husky_robot:/home/rinav/ros2_ws/install/husky_gazebo:/home/rinav/ros2_ws/install/husky_bringup:/home/rinav/ros2_ws/install/husky_base:/home/rinav/ros2_ws/install/husky_msgs:/home/rinav/ros2_ws/install/trial_package:/home/rinav/ros2_ws/install/py_srvcli:/home/rinav/ros2_ws/install/py_pubsub:/home/rinav/ros2_ws/install/mobile_robotics:/opt/ros/humble /usr/bin/cmake --build /home/rinav/ros2_ws/build/husky_gazebo -- -j8 -l8
[1.311s] Invoked command in '/home/rinav/ros2_ws/build/husky_gazebo' returned '0': CMAKE_PREFIX_PATH=/home/rinav/ros2_ws/install/husky_control:/home/rinav/ros2_ws/install/husky_description:/home/rinav/ros2_ws/src/husky/install/husky_desktop:/home/rinav/ros2_ws/src/husky/install/husky_viz:/home/rinav/ros2_ws/src/husky/install/husky_simulator:/home/rinav/ros2_ws/src/husky/install/husky_robot:/home/rinav/ros2_ws/src/husky/install/husky_bringup:/home/rinav/ros2_ws/src/husky/install/husky_base:/home/rinav/ros2_ws/src/husky/install/husky_msgs:/home/rinav/ros2_ws/src/husky/install/husky_gazebo:/home/rinav/ros2_ws/src/husky/install/husky_control:/home/rinav/ros2_ws/src/husky/install/husky_description:/home/rinav/ros2_ws/install/ur:/home/rinav/ros2_ws/install/ur_calibration:/home/rinav/ros2_ws/install/ur_robot_driver:/home/rinav/ros2_ws/install/ur_moveit_config:/home/rinav/ros2_ws/install/ur_bringup:/home/rinav/ros2_ws/install/ur_description:/home/rinav/ros2_ws/install/ur_controllers:/home/rinav/ros2_ws/install/ur_dashboard_msgs:/home/rinav/ros2_ws/install/turtlesim:/home/rinav/ros2_ws/install/robotis_manipulator:/home/rinav/ros2_ws/install/husky_desktop:/home/rinav/ros2_ws/install/husky_viz:/home/rinav/ros2_ws/install/husky_ur3_ignition:/home/rinav/ros2_ws/install/husky_simulator:/home/rinav/ros2_ws/install/husky_robot:/home/rinav/ros2_ws/install/husky_gazebo:/home/rinav/ros2_ws/install/husky_bringup:/home/rinav/ros2_ws/install/husky_base:/home/rinav/ros2_ws/install/husky_msgs:/home/rinav/ros2_ws/install/trial_package:/home/rinav/ros2_ws/install/py_srvcli:/home/rinav/ros2_ws/install/py_pubsub:/home/rinav/ros2_ws/install/mobile_robotics:/opt/ros/humble /usr/bin/cmake --build /home/rinav/ros2_ws/build/husky_gazebo -- -j8 -l8
[1.318s] Invoking command in '/home/rinav/ros2_ws/build/husky_gazebo': CMAKE_PREFIX_PATH=/home/rinav/ros2_ws/install/husky_control:/home/rinav/ros2_ws/install/husky_description:/home/rinav/ros2_ws/src/husky/install/husky_desktop:/home/rinav/ros2_ws/src/husky/install/husky_viz:/home/rinav/ros2_ws/src/husky/install/husky_simulator:/home/rinav/ros2_ws/src/husky/install/husky_robot:/home/rinav/ros2_ws/src/husky/install/husky_bringup:/home/rinav/ros2_ws/src/husky/install/husky_base:/home/rinav/ros2_ws/src/husky/install/husky_msgs:/home/rinav/ros2_ws/src/husky/install/husky_gazebo:/home/rinav/ros2_ws/src/husky/install/husky_control:/home/rinav/ros2_ws/src/husky/install/husky_description:/home/rinav/ros2_ws/install/ur:/home/rinav/ros2_ws/install/ur_calibration:/home/rinav/ros2_ws/install/ur_robot_driver:/home/rinav/ros2_ws/install/ur_moveit_config:/home/rinav/ros2_ws/install/ur_bringup:/home/rinav/ros2_ws/install/ur_description:/home/rinav/ros2_ws/install/ur_controllers:/home/rinav/ros2_ws/install/ur_dashboard_msgs:/home/rinav/ros2_ws/install/turtlesim:/home/rinav/ros2_ws/install/robotis_manipulator:/home/rinav/ros2_ws/install/husky_desktop:/home/rinav/ros2_ws/install/husky_viz:/home/rinav/ros2_ws/install/husky_ur3_ignition:/home/rinav/ros2_ws/install/husky_simulator:/home/rinav/ros2_ws/install/husky_robot:/home/rinav/ros2_ws/install/husky_gazebo:/home/rinav/ros2_ws/install/husky_bringup:/home/rinav/ros2_ws/install/husky_base:/home/rinav/ros2_ws/install/husky_msgs:/home/rinav/ros2_ws/install/trial_package:/home/rinav/ros2_ws/install/py_srvcli:/home/rinav/ros2_ws/install/py_pubsub:/home/rinav/ros2_ws/install/mobile_robotics:/opt/ros/humble /usr/bin/cmake --install /home/rinav/ros2_ws/build/husky_gazebo
[1.331s] -- Install configuration: ""
[1.331s] -- Installing: /home/rinav/ros2_ws/install/husky_gazebo/share/husky_gazebo/launch
[1.331s] -- Installing: /home/rinav/ros2_ws/install/husky_gazebo/share/husky_gazebo/launch/multi_husky_playpen.launch
[1.331s] -- Installing: /home/rinav/ros2_ws/install/husky_gazebo/share/husky_gazebo/launch/spawn_husky.launch
[1.332s] -- Installing: /home/rinav/ros2_ws/install/husky_gazebo/share/husky_gazebo/launch/husky_playpen.launch.py
[1.332s] -- Installing: /home/rinav/ros2_ws/install/husky_gazebo/share/husky_gazebo/launch/husky_playpen.launch
[1.332s] -- Installing: /home/rinav/ros2_ws/install/husky_gazebo/share/husky_gazebo/launch/realsense.launch
[1.332s] -- Installing: /home/rinav/ros2_ws/install/husky_gazebo/share/husky_gazebo/launch/gazebo.launch.py
[1.332s] -- Installing: /home/rinav/ros2_ws/install/husky_gazebo/share/husky_gazebo/launch/husky_empty_world.launch
[1.332s] -- Installing: /home/rinav/ros2_ws/install/husky_gazebo/share/husky_gazebo/launch/playpen.launch
[1.332s] -- Installing: /home/rinav/ros2_ws/install/husky_gazebo/share/husky_gazebo/worlds
[1.333s] -- Installing: /home/rinav/ros2_ws/install/husky_gazebo/share/husky_gazebo/worlds/clearpath_playpen.world
[1.333s] -- Installing: /home/rinav/ros2_ws/install/husky_gazebo/share/husky_gazebo/worlds/clearpath_playpen.sdf
[1.333s] -- Installing: /home/rinav/ros2_ws/install/husky_gazebo/share/ament_index/resource_index/package_run_dependencies/husky_gazebo
[1.333s] -- Installing: /home/rinav/ros2_ws/install/husky_gazebo/share/ament_index/resource_index/parent_prefix_path/husky_gazebo
[1.333s] -- Installing: /home/rinav/ros2_ws/install/husky_gazebo/share/husky_gazebo/environment/ament_prefix_path.sh
[1.333s] -- Installing: /home/rinav/ros2_ws/install/husky_gazebo/share/husky_gazebo/environment/ament_prefix_path.dsv
[1.333s] -- Installing: /home/rinav/ros2_ws/install/husky_gazebo/share/husky_gazebo/environment/path.sh
[1.333s] -- Installing: /home/rinav/ros2_ws/install/husky_gazebo/share/husky_gazebo/environment/path.dsv
[1.333s] -- Installing: /home/rinav/ros2_ws/install/husky_gazebo/share/husky_gazebo/local_setup.bash
[1.333s] -- Installing: /home/rinav/ros2_ws/install/husky_gazebo/share/husky_gazebo/local_setup.sh
[1.333s] -- Installing: /home/rinav/ros2_ws/install/husky_gazebo/share/husky_gazebo/local_setup.zsh
[1.333s] -- Installing: /home/rinav/ros2_ws/install/husky_gazebo/share/husky_gazebo/local_setup.dsv
[1.333s] -- Installing: /home/rinav/ros2_ws/install/husky_gazebo/share/husky_gazebo/package.dsv
[1.333s] -- Installing: /home/rinav/ros2_ws/install/husky_gazebo/share/ament_index/resource_index/packages/husky_gazebo
[1.334s] -- Installing: /home/rinav/ros2_ws/install/husky_gazebo/share/husky_gazebo/cmake/husky_gazeboConfig.cmake
[1.334s] -- Installing: /home/rinav/ros2_ws/install/husky_gazebo/share/husky_gazebo/cmake/husky_gazeboConfig-version.cmake
[1.334s] -- Installing: /home/rinav/ros2_ws/install/husky_gazebo/share/husky_gazebo/package.xml
[1.334s] Invoked command in '/home/rinav/ros2_ws/build/husky_gazebo' returned '0': CMAKE_PREFIX_PATH=/home/rinav/ros2_ws/install/husky_control:/home/rinav/ros2_ws/install/husky_description:/home/rinav/ros2_ws/src/husky/install/husky_desktop:/home/rinav/ros2_ws/src/husky/install/husky_viz:/home/rinav/ros2_ws/src/husky/install/husky_simulator:/home/rinav/ros2_ws/src/husky/install/husky_robot:/home/rinav/ros2_ws/src/husky/install/husky_bringup:/home/rinav/ros2_ws/src/husky/install/husky_base:/home/rinav/ros2_ws/src/husky/install/husky_msgs:/home/rinav/ros2_ws/src/husky/install/husky_gazebo:/home/rinav/ros2_ws/src/husky/install/husky_control:/home/rinav/ros2_ws/src/husky/install/husky_description:/home/rinav/ros2_ws/install/ur:/home/rinav/ros2_ws/install/ur_calibration:/home/rinav/ros2_ws/install/ur_robot_driver:/home/rinav/ros2_ws/install/ur_moveit_config:/home/rinav/ros2_ws/install/ur_bringup:/home/rinav/ros2_ws/install/ur_description:/home/rinav/ros2_ws/install/ur_controllers:/home/rinav/ros2_ws/install/ur_dashboard_msgs:/home/rinav/ros2_ws/install/turtlesim:/home/rinav/ros2_ws/install/robotis_manipulator:/home/rinav/ros2_ws/install/husky_desktop:/home/rinav/ros2_ws/install/husky_viz:/home/rinav/ros2_ws/install/husky_ur3_ignition:/home/rinav/ros2_ws/install/husky_simulator:/home/rinav/ros2_ws/install/husky_robot:/home/rinav/ros2_ws/install/husky_gazebo:/home/rinav/ros2_ws/install/husky_bringup:/home/rinav/ros2_ws/install/husky_base:/home/rinav/ros2_ws/install/husky_msgs:/home/rinav/ros2_ws/install/trial_package:/home/rinav/ros2_ws/install/py_srvcli:/home/rinav/ros2_ws/install/py_pubsub:/home/rinav/ros2_ws/install/mobile_robotics:/opt/ros/humble /usr/bin/cmake --install /home/rinav/ros2_ws/build/husky_gazebo
