[0.014s] Invoking command in '/home/rinav/ros2_ws/build/ur_controllers': AMENT_PREFIX_PATH=/home/rinav/ros2_ws/install/ur_dashboard_msgs:${AMENT_PREFIX_PATH} CMAKE_PREFIX_PATH=/home/rinav/ros2_ws/install/ur_dashboard_msgs:/home/rinav/ros2_ws/install/husky_bringup:/home/rinav/ros2_ws/install/husky_base:/home/rinav/ros2_ws/install/husky_msgs:/home/rinav/ros2_ws/install/husky_control:/home/rinav/ros2_ws/install/husky_description:/home/rinav/ros2_ws/install/mobile_robotics:/opt/ros/humble LD_LIBRARY_PATH=/home/rinav/ros2_ws/install/ur_dashboard_msgs/lib:${LD_LIBRARY_PATH} PYTHONPATH=/home/rinav/ros2_ws/install/ur_dashboard_msgs/local/lib/python3.10/dist-packages:${PYTHONPATH} /usr/bin/cmake --build /home/rinav/ros2_ws/build/ur_controllers -- -j8 -l8
[0.060s] [  5%] Built target tool_contact_controller_parameters
[0.067s] [ 11%] Built target speed_scaling_state_broadcaster_parameters
[0.067s] [ 23%] Built target scaled_joint_trajectory_controller_parameters
[0.067s] [ 23%] Built target force_mode_controller_parameters
[0.070s] [ 29%] Built target freedrive_mode_controller_parameters
[0.071s] [ 35%] Built target gpio_controller_parameters
[0.076s] [35m[1mConsolidate compiler generated dependencies of target gmock[0m
[0.079s] [35m[1mConsolidate compiler generated dependencies of target gmock_main[0m
[0.080s] [ 41%] Built target passthrough_trajectory_controller_parameters
[0.087s] [ 50%] Built target gmock
[0.088s] [ 55%] Built target ur_configuration_controller_parameters
[0.091s] [ 61%] Built target gmock_main
[0.107s] [35m[1mConsolidate compiler generated dependencies of target ur_controllers[0m
[0.136s] [ 88%] Built target ur_controllers
[0.143s] [35m[1mConsolidate compiler generated dependencies of target test_load_force_mode_controller[0m
[0.155s] [ 94%] Built target test_load_force_mode_controller
[0.161s] [35m[1mConsolidate compiler generated dependencies of target test_load_freedrive_mode_controller[0m
[0.174s] [100%] Built target test_load_freedrive_mode_controller
[0.298s] Invoked command in '/home/rinav/ros2_ws/build/ur_controllers' returned '0': AMENT_PREFIX_PATH=/home/rinav/ros2_ws/install/ur_dashboard_msgs:${AMENT_PREFIX_PATH} CMAKE_PREFIX_PATH=/home/rinav/ros2_ws/install/ur_dashboard_msgs:/home/rinav/ros2_ws/install/husky_bringup:/home/rinav/ros2_ws/install/husky_base:/home/rinav/ros2_ws/install/husky_msgs:/home/rinav/ros2_ws/install/husky_control:/home/rinav/ros2_ws/install/husky_description:/home/rinav/ros2_ws/install/mobile_robotics:/opt/ros/humble LD_LIBRARY_PATH=/home/rinav/ros2_ws/install/ur_dashboard_msgs/lib:${LD_LIBRARY_PATH} PYTHONPATH=/home/rinav/ros2_ws/install/ur_dashboard_msgs/local/lib/python3.10/dist-packages:${PYTHONPATH} /usr/bin/cmake --build /home/rinav/ros2_ws/build/ur_controllers -- -j8 -l8
[0.300s] Invoking command in '/home/rinav/ros2_ws/build/ur_controllers': AMENT_PREFIX_PATH=/home/rinav/ros2_ws/install/ur_dashboard_msgs:${AMENT_PREFIX_PATH} CMAKE_PREFIX_PATH=/home/rinav/ros2_ws/install/ur_dashboard_msgs:/home/rinav/ros2_ws/install/husky_bringup:/home/rinav/ros2_ws/install/husky_base:/home/rinav/ros2_ws/install/husky_msgs:/home/rinav/ros2_ws/install/husky_control:/home/rinav/ros2_ws/install/husky_description:/home/rinav/ros2_ws/install/mobile_robotics:/opt/ros/humble LD_LIBRARY_PATH=/home/rinav/ros2_ws/install/ur_dashboard_msgs/lib:${LD_LIBRARY_PATH} PYTHONPATH=/home/rinav/ros2_ws/install/ur_dashboard_msgs/local/lib/python3.10/dist-packages:${PYTHONPATH} /usr/bin/cmake --install /home/rinav/ros2_ws/build/ur_controllers
[0.306s] -- Install configuration: ""
[0.306s] -- Up-to-date: /home/rinav/ros2_ws/install/ur_controllers/include/ur_controllers
[0.306s] -- Up-to-date: /home/rinav/ros2_ws/install/ur_controllers/include/ur_controllers/force_mode_controller_parameters.hpp
[0.306s] -- Up-to-date: /home/rinav/ros2_ws/install/ur_controllers/include/ur_controllers/ur_configuration_controller_parameters.hpp
[0.306s] -- Up-to-date: /home/rinav/ros2_ws/install/ur_controllers/include/ur_controllers/speed_scaling_state_broadcaster_parameters.hpp
[0.306s] -- Up-to-date: /home/rinav/ros2_ws/install/ur_controllers/include/ur_controllers/passthrough_trajectory_controller_parameters.hpp
[0.306s] -- Up-to-date: /home/rinav/ros2_ws/install/ur_controllers/include/ur_controllers/gpio_controller_parameters.hpp
[0.306s] -- Up-to-date: /home/rinav/ros2_ws/install/ur_controllers/include/ur_controllers/scaled_joint_trajectory_controller_parameters.hpp
[0.306s] -- Up-to-date: /home/rinav/ros2_ws/install/ur_controllers/include/ur_controllers/freedrive_mode_controller_parameters.hpp
[0.306s] -- Up-to-date: /home/rinav/ros2_ws/install/ur_controllers/include/ur_controllers/tool_contact_controller_parameters.hpp
[0.306s] -- Up-to-date: /home/rinav/ros2_ws/install/ur_controllers/include/ur_controllers
[0.306s] -- Up-to-date: /home/rinav/ros2_ws/install/ur_controllers/include/ur_controllers/force_mode_controller_parameters.hpp
[0.307s] -- Up-to-date: /home/rinav/ros2_ws/install/ur_controllers/include/ur_controllers/ur_configuration_controller_parameters.hpp
[0.307s] -- Up-to-date: /home/rinav/ros2_ws/install/ur_controllers/include/ur_controllers/speed_scaling_state_broadcaster_parameters.hpp
[0.307s] -- Up-to-date: /home/rinav/ros2_ws/install/ur_controllers/include/ur_controllers/passthrough_trajectory_controller_parameters.hpp
[0.307s] -- Up-to-date: /home/rinav/ros2_ws/install/ur_controllers/include/ur_controllers/gpio_controller_parameters.hpp
[0.307s] -- Up-to-date: /home/rinav/ros2_ws/install/ur_controllers/include/ur_controllers/scaled_joint_trajectory_controller_parameters.hpp
[0.307s] -- Up-to-date: /home/rinav/ros2_ws/install/ur_controllers/include/ur_controllers/freedrive_mode_controller_parameters.hpp
[0.307s] -- Up-to-date: /home/rinav/ros2_ws/install/ur_controllers/include/ur_controllers/tool_contact_controller_parameters.hpp
[0.307s] -- Up-to-date: /home/rinav/ros2_ws/install/ur_controllers/include/ur_controllers
[0.307s] -- Up-to-date: /home/rinav/ros2_ws/install/ur_controllers/include/ur_controllers/force_mode_controller_parameters.hpp
[0.307s] -- Up-to-date: /home/rinav/ros2_ws/install/ur_controllers/include/ur_controllers/ur_configuration_controller_parameters.hpp
[0.307s] -- Up-to-date: /home/rinav/ros2_ws/install/ur_controllers/include/ur_controllers/speed_scaling_state_broadcaster_parameters.hpp
[0.307s] -- Up-to-date: /home/rinav/ros2_ws/install/ur_controllers/include/ur_controllers/passthrough_trajectory_controller_parameters.hpp
[0.307s] -- Up-to-date: /home/rinav/ros2_ws/install/ur_controllers/include/ur_controllers/gpio_controller_parameters.hpp
[0.307s] -- Up-to-date: /home/rinav/ros2_ws/install/ur_controllers/include/ur_controllers/scaled_joint_trajectory_controller_parameters.hpp
[0.307s] -- Up-to-date: /home/rinav/ros2_ws/install/ur_controllers/include/ur_controllers/freedrive_mode_controller_parameters.hpp
[0.307s] -- Up-to-date: /home/rinav/ros2_ws/install/ur_controllers/include/ur_controllers/tool_contact_controller_parameters.hpp
[0.307s] -- Up-to-date: /home/rinav/ros2_ws/install/ur_controllers/include/ur_controllers
[0.307s] -- Up-to-date: /home/rinav/ros2_ws/install/ur_controllers/include/ur_controllers/force_mode_controller_parameters.hpp
[0.307s] -- Up-to-date: /home/rinav/ros2_ws/install/ur_controllers/include/ur_controllers/ur_configuration_controller_parameters.hpp
[0.307s] -- Up-to-date: /home/rinav/ros2_ws/install/ur_controllers/include/ur_controllers/speed_scaling_state_broadcaster_parameters.hpp
[0.308s] -- Up-to-date: /home/rinav/ros2_ws/install/ur_controllers/include/ur_controllers/passthrough_trajectory_controller_parameters.hpp
[0.308s] -- Up-to-date: /home/rinav/ros2_ws/install/ur_controllers/include/ur_controllers/gpio_controller_parameters.hpp
[0.308s] -- Up-to-date: /home/rinav/ros2_ws/install/ur_controllers/include/ur_controllers/scaled_joint_trajectory_controller_parameters.hpp
[0.308s] -- Up-to-date: /home/rinav/ros2_ws/install/ur_controllers/include/ur_controllers/freedrive_mode_controller_parameters.hpp
[0.308s] -- Up-to-date: /home/rinav/ros2_ws/install/ur_controllers/include/ur_controllers/tool_contact_controller_parameters.hpp
[0.308s] -- Up-to-date: /home/rinav/ros2_ws/install/ur_controllers/include/ur_controllers
[0.308s] -- Up-to-date: /home/rinav/ros2_ws/install/ur_controllers/include/ur_controllers/force_mode_controller_parameters.hpp
[0.308s] -- Up-to-date: /home/rinav/ros2_ws/install/ur_controllers/include/ur_controllers/ur_configuration_controller_parameters.hpp
[0.308s] -- Up-to-date: /home/rinav/ros2_ws/install/ur_controllers/include/ur_controllers/speed_scaling_state_broadcaster_parameters.hpp
[0.308s] -- Up-to-date: /home/rinav/ros2_ws/install/ur_controllers/include/ur_controllers/passthrough_trajectory_controller_parameters.hpp
[0.308s] -- Up-to-date: /home/rinav/ros2_ws/install/ur_controllers/include/ur_controllers/gpio_controller_parameters.hpp
[0.308s] -- Up-to-date: /home/rinav/ros2_ws/install/ur_controllers/include/ur_controllers/scaled_joint_trajectory_controller_parameters.hpp
[0.308s] -- Up-to-date: /home/rinav/ros2_ws/install/ur_controllers/include/ur_controllers/freedrive_mode_controller_parameters.hpp
[0.308s] -- Up-to-date: /home/rinav/ros2_ws/install/ur_controllers/include/ur_controllers/tool_contact_controller_parameters.hpp
[0.308s] -- Up-to-date: /home/rinav/ros2_ws/install/ur_controllers/include/ur_controllers
[0.308s] -- Up-to-date: /home/rinav/ros2_ws/install/ur_controllers/include/ur_controllers/force_mode_controller_parameters.hpp
[0.308s] -- Up-to-date: /home/rinav/ros2_ws/install/ur_controllers/include/ur_controllers/ur_configuration_controller_parameters.hpp
[0.308s] -- Up-to-date: /home/rinav/ros2_ws/install/ur_controllers/include/ur_controllers/speed_scaling_state_broadcaster_parameters.hpp
[0.308s] -- Up-to-date: /home/rinav/ros2_ws/install/ur_controllers/include/ur_controllers/passthrough_trajectory_controller_parameters.hpp
[0.308s] -- Up-to-date: /home/rinav/ros2_ws/install/ur_controllers/include/ur_controllers/gpio_controller_parameters.hpp
[0.308s] -- Up-to-date: /home/rinav/ros2_ws/install/ur_controllers/include/ur_controllers/scaled_joint_trajectory_controller_parameters.hpp
[0.308s] -- Up-to-date: /home/rinav/ros2_ws/install/ur_controllers/include/ur_controllers/freedrive_mode_controller_parameters.hpp
[0.308s] -- Up-to-date: /home/rinav/ros2_ws/install/ur_controllers/include/ur_controllers/tool_contact_controller_parameters.hpp
[0.308s] -- Up-to-date: /home/rinav/ros2_ws/install/ur_controllers/include/ur_controllers
[0.308s] -- Up-to-date: /home/rinav/ros2_ws/install/ur_controllers/include/ur_controllers/force_mode_controller_parameters.hpp
[0.308s] -- Up-to-date: /home/rinav/ros2_ws/install/ur_controllers/include/ur_controllers/ur_configuration_controller_parameters.hpp
[0.308s] -- Up-to-date: /home/rinav/ros2_ws/install/ur_controllers/include/ur_controllers/speed_scaling_state_broadcaster_parameters.hpp
[0.308s] -- Up-to-date: /home/rinav/ros2_ws/install/ur_controllers/include/ur_controllers/passthrough_trajectory_controller_parameters.hpp
[0.308s] -- Up-to-date: /home/rinav/ros2_ws/install/ur_controllers/include/ur_controllers/gpio_controller_parameters.hpp
[0.308s] -- Up-to-date: /home/rinav/ros2_ws/install/ur_controllers/include/ur_controllers/scaled_joint_trajectory_controller_parameters.hpp
[0.308s] -- Up-to-date: /home/rinav/ros2_ws/install/ur_controllers/include/ur_controllers/freedrive_mode_controller_parameters.hpp
[0.308s] -- Up-to-date: /home/rinav/ros2_ws/install/ur_controllers/include/ur_controllers/tool_contact_controller_parameters.hpp
[0.308s] -- Up-to-date: /home/rinav/ros2_ws/install/ur_controllers/include/ur_controllers
[0.308s] -- Up-to-date: /home/rinav/ros2_ws/install/ur_controllers/include/ur_controllers/force_mode_controller_parameters.hpp
[0.308s] -- Up-to-date: /home/rinav/ros2_ws/install/ur_controllers/include/ur_controllers/ur_configuration_controller_parameters.hpp
[0.308s] -- Up-to-date: /home/rinav/ros2_ws/install/ur_controllers/include/ur_controllers/speed_scaling_state_broadcaster_parameters.hpp
[0.308s] -- Up-to-date: /home/rinav/ros2_ws/install/ur_controllers/include/ur_controllers/passthrough_trajectory_controller_parameters.hpp
[0.309s] -- Up-to-date: /home/rinav/ros2_ws/install/ur_controllers/include/ur_controllers/gpio_controller_parameters.hpp
[0.309s] -- Up-to-date: /home/rinav/ros2_ws/install/ur_controllers/include/ur_controllers/scaled_joint_trajectory_controller_parameters.hpp
[0.309s] -- Up-to-date: /home/rinav/ros2_ws/install/ur_controllers/include/ur_controllers/freedrive_mode_controller_parameters.hpp
[0.309s] -- Up-to-date: /home/rinav/ros2_ws/install/ur_controllers/include/ur_controllers/tool_contact_controller_parameters.hpp
[0.309s] -- Up-to-date: /home/rinav/ros2_ws/install/ur_controllers/share/ur_controllers/controller_plugins.xml
[0.309s] -- Up-to-date: /home/rinav/ros2_ws/install/ur_controllers/lib/libur_controllers.so
[0.309s] -- Up-to-date: /home/rinav/ros2_ws/install/ur_controllers/include
[0.309s] -- Up-to-date: /home/rinav/ros2_ws/install/ur_controllers/include/ur_controllers
[0.309s] -- Up-to-date: /home/rinav/ros2_ws/install/ur_controllers/include/ur_controllers/gpio_controller.hpp
[0.309s] -- Up-to-date: /home/rinav/ros2_ws/install/ur_controllers/include/ur_controllers/scaled_joint_trajectory_controller.hpp
[0.309s] -- Up-to-date: /home/rinav/ros2_ws/install/ur_controllers/include/ur_controllers/ur_configuration_controller.hpp
[0.309s] -- Up-to-date: /home/rinav/ros2_ws/install/ur_controllers/include/ur_controllers/freedrive_mode_controller.hpp
[0.309s] -- Up-to-date: /home/rinav/ros2_ws/install/ur_controllers/include/ur_controllers/tool_contact_controller.hpp
[0.309s] -- Up-to-date: /home/rinav/ros2_ws/install/ur_controllers/include/ur_controllers/force_mode_controller.hpp
[0.309s] -- Up-to-date: /home/rinav/ros2_ws/install/ur_controllers/include/ur_controllers/speed_scaling_state_broadcaster.hpp
[0.309s] -- Up-to-date: /home/rinav/ros2_ws/install/ur_controllers/include/ur_controllers/passthrough_trajectory_controller.hpp
[0.309s] -- Up-to-date: /home/rinav/ros2_ws/install/ur_controllers/share/ur_controllers/controller_plugins.xml
[0.309s] -- Up-to-date: /home/rinav/ros2_ws/install/ur_controllers/share/ur_controllers/environment/library_path.sh
[0.309s] -- Up-to-date: /home/rinav/ros2_ws/install/ur_controllers/share/ur_controllers/environment/library_path.dsv
[0.309s] -- Up-to-date: /home/rinav/ros2_ws/install/ur_controllers/share/ament_index/resource_index/package_run_dependencies/ur_controllers
[0.309s] -- Up-to-date: /home/rinav/ros2_ws/install/ur_controllers/share/ament_index/resource_index/parent_prefix_path/ur_controllers
[0.309s] -- Up-to-date: /home/rinav/ros2_ws/install/ur_controllers/share/ur_controllers/environment/ament_prefix_path.sh
[0.309s] -- Up-to-date: /home/rinav/ros2_ws/install/ur_controllers/share/ur_controllers/environment/ament_prefix_path.dsv
[0.309s] -- Up-to-date: /home/rinav/ros2_ws/install/ur_controllers/share/ur_controllers/environment/path.sh
[0.309s] -- Up-to-date: /home/rinav/ros2_ws/install/ur_controllers/share/ur_controllers/environment/path.dsv
[0.309s] -- Up-to-date: /home/rinav/ros2_ws/install/ur_controllers/share/ur_controllers/local_setup.bash
[0.309s] -- Up-to-date: /home/rinav/ros2_ws/install/ur_controllers/share/ur_controllers/local_setup.sh
[0.309s] -- Up-to-date: /home/rinav/ros2_ws/install/ur_controllers/share/ur_controllers/local_setup.zsh
[0.309s] -- Up-to-date: /home/rinav/ros2_ws/install/ur_controllers/share/ur_controllers/local_setup.dsv
[0.309s] -- Installing: /home/rinav/ros2_ws/install/ur_controllers/share/ur_controllers/package.dsv
[0.312s] -- Up-to-date: /home/rinav/ros2_ws/install/ur_controllers/share/ament_index/resource_index/packages/ur_controllers
[0.312s] -- Up-to-date: /home/rinav/ros2_ws/install/ur_controllers/share/ament_index/resource_index/controller_interface__pluginlib__plugin/ur_controllers
[0.312s] -- Up-to-date: /home/rinav/ros2_ws/install/ur_controllers/share/ur_controllers/cmake/ament_cmake_export_dependencies-extras.cmake
[0.312s] -- Up-to-date: /home/rinav/ros2_ws/install/ur_controllers/share/ur_controllers/cmake/ament_cmake_export_include_directories-extras.cmake
[0.312s] -- Up-to-date: /home/rinav/ros2_ws/install/ur_controllers/share/ur_controllers/cmake/ament_cmake_export_libraries-extras.cmake
[0.312s] -- Up-to-date: /home/rinav/ros2_ws/install/ur_controllers/share/ur_controllers/cmake/ur_controllersConfig.cmake
[0.312s] -- Up-to-date: /home/rinav/ros2_ws/install/ur_controllers/share/ur_controllers/cmake/ur_controllersConfig-version.cmake
[0.312s] -- Up-to-date: /home/rinav/ros2_ws/install/ur_controllers/share/ur_controllers/package.xml
[0.324s] Invoked command in '/home/rinav/ros2_ws/build/ur_controllers' returned '0': AMENT_PREFIX_PATH=/home/rinav/ros2_ws/install/ur_dashboard_msgs:${AMENT_PREFIX_PATH} CMAKE_PREFIX_PATH=/home/rinav/ros2_ws/install/ur_dashboard_msgs:/home/rinav/ros2_ws/install/husky_bringup:/home/rinav/ros2_ws/install/husky_base:/home/rinav/ros2_ws/install/husky_msgs:/home/rinav/ros2_ws/install/husky_control:/home/rinav/ros2_ws/install/husky_description:/home/rinav/ros2_ws/install/mobile_robotics:/opt/ros/humble LD_LIBRARY_PATH=/home/rinav/ros2_ws/install/ur_dashboard_msgs/lib:${LD_LIBRARY_PATH} PYTHONPATH=/home/rinav/ros2_ws/install/ur_dashboard_msgs/local/lib/python3.10/dist-packages:${PYTHONPATH} /usr/bin/cmake --install /home/rinav/ros2_ws/build/ur_controllers
