[0.037s] Invoking command in '/home/rinav/ros2_ws/build/ur_moveit_config': AMENT_PREFIX_PATH=/home/rinav/ros2_ws/install/ur_description:${AMENT_PREFIX_PATH} CMAKE_PREFIX_PATH=/home/rinav/ros2_ws/install/ur_description:/home/rinav/ros2_ws/install/husky_bringup:/home/rinav/ros2_ws/install/husky_base:/home/rinav/ros2_ws/install/husky_msgs:/home/rinav/ros2_ws/install/husky_control:/home/rinav/ros2_ws/install/husky_description:/home/rinav/ros2_ws/install/mobile_robotics:/opt/ros/humble /usr/bin/cmake --build /home/rinav/ros2_ws/build/ur_moveit_config -- -j8 -l8
[0.081s] Built target ament_cmake_python_copy_ur_moveit_config
[0.219s] running egg_info
[0.219s] writing ur_moveit_config.egg-info/PKG-INFO
[0.219s] writing dependency_links to ur_moveit_config.egg-info/dependency_links.txt
[0.219s] writing top-level names to ur_moveit_config.egg-info/top_level.txt
[0.221s] reading manifest file 'ur_moveit_config.egg-info/SOURCES.txt'
[0.221s] writing manifest file 'ur_moveit_config.egg-info/SOURCES.txt'
[0.240s] Built target ament_cmake_python_build_ur_moveit_config_egg
[0.265s] Invoked command in '/home/rinav/ros2_ws/build/ur_moveit_config' returned '0': AMENT_PREFIX_PATH=/home/rinav/ros2_ws/install/ur_description:${AMENT_PREFIX_PATH} CMAKE_PREFIX_PATH=/home/rinav/ros2_ws/install/ur_description:/home/rinav/ros2_ws/install/husky_bringup:/home/rinav/ros2_ws/install/husky_base:/home/rinav/ros2_ws/install/husky_msgs:/home/rinav/ros2_ws/install/husky_control:/home/rinav/ros2_ws/install/husky_description:/home/rinav/ros2_ws/install/mobile_robotics:/opt/ros/humble /usr/bin/cmake --build /home/rinav/ros2_ws/build/ur_moveit_config -- -j8 -l8
[0.266s] Invoking command in '/home/rinav/ros2_ws/build/ur_moveit_config': AMENT_PREFIX_PATH=/home/rinav/ros2_ws/install/ur_description:${AMENT_PREFIX_PATH} CMAKE_PREFIX_PATH=/home/rinav/ros2_ws/install/ur_description:/home/rinav/ros2_ws/install/husky_bringup:/home/rinav/ros2_ws/install/husky_base:/home/rinav/ros2_ws/install/husky_msgs:/home/rinav/ros2_ws/install/husky_control:/home/rinav/ros2_ws/install/husky_description:/home/rinav/ros2_ws/install/mobile_robotics:/opt/ros/humble /usr/bin/cmake --install /home/rinav/ros2_ws/build/ur_moveit_config
[0.282s] -- Install configuration: ""
[0.282s] -- Up-to-date: /home/rinav/ros2_ws/install/ur_moveit_config/share/ur_moveit_config/config
[0.282s] -- Up-to-date: /home/rinav/ros2_ws/install/ur_moveit_config/share/ur_moveit_config/config/controllers.yaml
[0.282s] -- Up-to-date: /home/rinav/ros2_ws/install/ur_moveit_config/share/ur_moveit_config/config/ompl_planning.yaml
[0.282s] -- Up-to-date: /home/rinav/ros2_ws/install/ur_moveit_config/share/ur_moveit_config/config/joint_limits.yaml
[0.282s] -- Up-to-date: /home/rinav/ros2_ws/install/ur_moveit_config/share/ur_moveit_config/config/kinematics.yaml
[0.282s] -- Up-to-date: /home/rinav/ros2_ws/install/ur_moveit_config/share/ur_moveit_config/config/ur_servo.yaml
[0.282s] -- Up-to-date: /home/rinav/ros2_ws/install/ur_moveit_config/share/ur_moveit_config/launch
[0.282s] -- Up-to-date: /home/rinav/ros2_ws/install/ur_moveit_config/share/ur_moveit_config/launch/ur_moveit.launch.py
[0.282s] -- Up-to-date: /home/rinav/ros2_ws/install/ur_moveit_config/share/ur_moveit_config/rviz
[0.282s] -- Up-to-date: /home/rinav/ros2_ws/install/ur_moveit_config/share/ur_moveit_config/rviz/view_robot.rviz
[0.282s] -- Up-to-date: /home/rinav/ros2_ws/install/ur_moveit_config/share/ur_moveit_config/srdf
[0.282s] -- Up-to-date: /home/rinav/ros2_ws/install/ur_moveit_config/share/ur_moveit_config/srdf/ur_macro.srdf.xacro
[0.282s] -- Up-to-date: /home/rinav/ros2_ws/install/ur_moveit_config/share/ur_moveit_config/srdf/ur.srdf.xacro
[0.282s] -- Up-to-date: /home/rinav/ros2_ws/install/ur_moveit_config/share/ur_moveit_config/environment/pythonpath.sh
[0.283s] -- Up-to-date: /home/rinav/ros2_ws/install/ur_moveit_config/share/ur_moveit_config/environment/pythonpath.dsv
[0.283s] -- Up-to-date: /home/rinav/ros2_ws/install/ur_moveit_config/local/lib/python3.10/dist-packages/ur_moveit_config-2.10.0-py3.10.egg-info
[0.283s] -- Installing: /home/rinav/ros2_ws/install/ur_moveit_config/local/lib/python3.10/dist-packages/ur_moveit_config-2.10.0-py3.10.egg-info/dependency_links.txt
[0.283s] -- Installing: /home/rinav/ros2_ws/install/ur_moveit_config/local/lib/python3.10/dist-packages/ur_moveit_config-2.10.0-py3.10.egg-info/PKG-INFO
[0.283s] -- Installing: /home/rinav/ros2_ws/install/ur_moveit_config/local/lib/python3.10/dist-packages/ur_moveit_config-2.10.0-py3.10.egg-info/top_level.txt
[0.283s] -- Installing: /home/rinav/ros2_ws/install/ur_moveit_config/local/lib/python3.10/dist-packages/ur_moveit_config-2.10.0-py3.10.egg-info/SOURCES.txt
[0.283s] -- Up-to-date: /home/rinav/ros2_ws/install/ur_moveit_config/local/lib/python3.10/dist-packages/ur_moveit_config
[0.283s] -- Up-to-date: /home/rinav/ros2_ws/install/ur_moveit_config/local/lib/python3.10/dist-packages/ur_moveit_config/launch_common.py
[0.283s] -- Up-to-date: /home/rinav/ros2_ws/install/ur_moveit_config/local/lib/python3.10/dist-packages/ur_moveit_config/__init__.py
[0.287s] Listing '/home/rinav/ros2_ws/install/ur_moveit_config/local/lib/python3.10/dist-packages/ur_moveit_config'...
[0.290s] -- Up-to-date: /home/rinav/ros2_ws/install/ur_moveit_config/local/lib/python3.10/dist-packages/launch_common.py
[0.311s] -- Up-to-date: /home/rinav/ros2_ws/install/ur_moveit_config/share/ament_index/resource_index/package_run_dependencies/ur_moveit_config
[0.311s] -- Up-to-date: /home/rinav/ros2_ws/install/ur_moveit_config/share/ament_index/resource_index/parent_prefix_path/ur_moveit_config
[0.312s] -- Up-to-date: /home/rinav/ros2_ws/install/ur_moveit_config/share/ur_moveit_config/environment/ament_prefix_path.sh
[0.312s] -- Up-to-date: /home/rinav/ros2_ws/install/ur_moveit_config/share/ur_moveit_config/environment/ament_prefix_path.dsv
[0.312s] -- Up-to-date: /home/rinav/ros2_ws/install/ur_moveit_config/share/ur_moveit_config/environment/path.sh
[0.312s] -- Up-to-date: /home/rinav/ros2_ws/install/ur_moveit_config/share/ur_moveit_config/environment/path.dsv
[0.313s] -- Up-to-date: /home/rinav/ros2_ws/install/ur_moveit_config/share/ur_moveit_config/local_setup.bash
[0.313s] -- Up-to-date: /home/rinav/ros2_ws/install/ur_moveit_config/share/ur_moveit_config/local_setup.sh
[0.313s] -- Up-to-date: /home/rinav/ros2_ws/install/ur_moveit_config/share/ur_moveit_config/local_setup.zsh
[0.313s] -- Up-to-date: /home/rinav/ros2_ws/install/ur_moveit_config/share/ur_moveit_config/local_setup.dsv
[0.313s] -- Up-to-date: /home/rinav/ros2_ws/install/ur_moveit_config/share/ur_moveit_config/package.dsv
[0.313s] -- Up-to-date: /home/rinav/ros2_ws/install/ur_moveit_config/share/ament_index/resource_index/packages/ur_moveit_config
[0.313s] -- Up-to-date: /home/rinav/ros2_ws/install/ur_moveit_config/share/ur_moveit_config/cmake/ur_moveit_configConfig.cmake
[0.313s] -- Up-to-date: /home/rinav/ros2_ws/install/ur_moveit_config/share/ur_moveit_config/cmake/ur_moveit_configConfig-version.cmake
[0.313s] -- Up-to-date: /home/rinav/ros2_ws/install/ur_moveit_config/share/ur_moveit_config/package.xml
[0.318s] Invoked command in '/home/rinav/ros2_ws/build/ur_moveit_config' returned '0': AMENT_PREFIX_PATH=/home/rinav/ros2_ws/install/ur_description:${AMENT_PREFIX_PATH} CMAKE_PREFIX_PATH=/home/rinav/ros2_ws/install/ur_description:/home/rinav/ros2_ws/install/husky_bringup:/home/rinav/ros2_ws/install/husky_base:/home/rinav/ros2_ws/install/husky_msgs:/home/rinav/ros2_ws/install/husky_control:/home/rinav/ros2_ws/install/husky_description:/home/rinav/ros2_ws/install/mobile_robotics:/opt/ros/humble /usr/bin/cmake --install /home/rinav/ros2_ws/build/ur_moveit_config
