[0.066s] Invoking command in '/home/rinav/ros2_ws/build/husky_ur3_ignition': CMAKE_PREFIX_PATH=/opt/ros/humble /usr/bin/cmake --build /home/rinav/ros2_ws/build/husky_ur3_ignition -- -j8 -l8
[1.118s] Invoked command in '/home/rinav/ros2_ws/build/husky_ur3_ignition' returned '0': CMAKE_PREFIX_PATH=/opt/ros/humble /usr/bin/cmake --build /home/rinav/ros2_ws/build/husky_ur3_ignition -- -j8 -l8
[1.119s] Invoking command in '/home/rinav/ros2_ws/build/husky_ur3_ignition': CMAKE_PREFIX_PATH=/opt/ros/humble /usr/bin/cmake --install /home/rinav/ros2_ws/build/husky_ur3_ignition
[1.136s] -- Install configuration: ""
[1.136s] -- Up-to-date: /home/rinav/ros2_ws/install/husky_ur3_ignition/share/ament_index/resource_index/package_run_dependencies/husky_ur3_ignition
[1.136s] -- Up-to-date: /home/rinav/ros2_ws/install/husky_ur3_ignition/share/ament_index/resource_index/parent_prefix_path/husky_ur3_ignition
[1.136s] -- Up-to-date: /home/rinav/ros2_ws/install/husky_ur3_ignition/share/husky_ur3_ignition/environment/ament_prefix_path.sh
[1.136s] -- Up-to-date: /home/rinav/ros2_ws/install/husky_ur3_ignition/share/husky_ur3_ignition/environment/ament_prefix_path.dsv
[1.136s] -- Up-to-date: /home/rinav/ros2_ws/install/husky_ur3_ignition/share/husky_ur3_ignition/environment/path.sh
[1.136s] -- Up-to-date: /home/rinav/ros2_ws/install/husky_ur3_ignition/share/husky_ur3_ignition/environment/path.dsv
[1.136s] -- Up-to-date: /home/rinav/ros2_ws/install/husky_ur3_ignition/share/husky_ur3_ignition/local_setup.bash
[1.136s] -- Up-to-date: /home/rinav/ros2_ws/install/husky_ur3_ignition/share/husky_ur3_ignition/local_setup.sh
[1.153s] -- Up-to-date: /home/rinav/ros2_ws/install/husky_ur3_ignition/share/husky_ur3_ignition/local_setup.zsh
[1.153s] -- Up-to-date: /home/rinav/ros2_ws/install/husky_ur3_ignition/share/husky_ur3_ignition/local_setup.dsv
[1.153s] -- Installing: /home/rinav/ros2_ws/install/husky_ur3_ignition/share/husky_ur3_ignition/package.dsv
[1.153s] -- Up-to-date: /home/rinav/ros2_ws/install/husky_ur3_ignition/share/ament_index/resource_index/packages/husky_ur3_ignition
[1.153s] -- Up-to-date: /home/rinav/ros2_ws/install/husky_ur3_ignition/share/husky_ur3_ignition/cmake/husky_ur3_ignitionConfig.cmake
[1.153s] -- Up-to-date: /home/rinav/ros2_ws/install/husky_ur3_ignition/share/husky_ur3_ignition/cmake/husky_ur3_ignitionConfig-version.cmake
[1.153s] -- Up-to-date: /home/rinav/ros2_ws/install/husky_ur3_ignition/share/husky_ur3_ignition/package.xml
[1.303s] Invoked command in '/home/rinav/ros2_ws/build/husky_ur3_ignition' returned '0': CMAKE_PREFIX_PATH=/opt/ros/humble /usr/bin/cmake --install /home/rinav/ros2_ws/build/husky_ur3_ignition
