[0.254s] Invoking command in '/home/rinav/ros2_ws/build/robotis_manipulator': CMAKE_PREFIX_PATH=${CMAKE_PREFIX_PATH}:/home/rinav/ros2_ws/install/trial_package:/home/rinav/ros2_ws/install/moveit_configs_utils:/home/rinav/ros2_ws/install/py_srvcli:/home/rinav/ros2_ws/install/py_pubsub:/home/rinav/ros2_ws/install/mobile_robotics:/home/rinav/ros2_ws/install/launch_param_builder:/opt/ros/humble /usr/bin/cmake /home/rinav/ros2_ws/src/robotis_manipulator -DCMAKE_INSTALL_PREFIX=/home/rinav/ros2_ws/install/robotis_manipulator
[0.375s] -- The C compiler identification is GNU 11.4.0
[0.434s] -- The CXX compiler identification is GNU 11.4.0
[0.439s] -- Detecting C compiler ABI info
[0.537s] -- Detecting C compiler ABI info - done
[0.542s] -- Check for working C compiler: /usr/bin/cc - skipped
[0.542s] -- Detecting C compile features
[0.542s] -- Detecting C compile features - done
[0.548s] -- Detecting CXX compiler ABI info
[0.671s] -- Detecting CXX compiler ABI info - done
[0.672s] -- Check for working CXX compiler: /usr/bin/c++ - skipped
[0.672s] -- Detecting CXX compile features
[0.672s] -- Detecting CXX compile features - done
[0.683s] -- Found ament_cmake: 1.3.12 (/opt/ros/humble/share/ament_cmake/cmake)
[0.844s] -- Found Python3: /usr/bin/python3 (found version "3.10.12") found components: Interpreter 
[0.994s] -- Found rclcpp: 16.0.15 (/opt/ros/humble/share/rclcpp/cmake)
[1.115s] -- Found rosidl_generator_c: 3.1.7 (/opt/ros/humble/share/rosidl_generator_c/cmake)
[1.121s] -- Found rosidl_adapter: 3.1.7 (/opt/ros/humble/share/rosidl_adapter/cmake)
[1.131s] -- Found rosidl_generator_cpp: 3.1.7 (/opt/ros/humble/share/rosidl_generator_cpp/cmake)
[1.144s] -- Using all available rosidl_typesupport_c: rosidl_typesupport_fastrtps_c;rosidl_typesupport_introspection_c
[1.173s] -- Using all available rosidl_typesupport_cpp: rosidl_typesupport_fastrtps_cpp;rosidl_typesupport_introspection_cpp
[1.258s] -- Found rmw_implementation_cmake: 6.1.2 (/opt/ros/humble/share/rmw_implementation_cmake/cmake)
[1.264s] -- Found rmw_fastrtps_cpp: 6.2.8 (/opt/ros/humble/share/rmw_fastrtps_cpp/cmake)
[1.492s] -- Found OpenSSL: /usr/lib/aarch64-linux-gnu/libcrypto.so (found version "3.0.2")  
[1.539s] -- Found FastRTPS: /opt/ros/humble/include  
[1.641s] -- Using RMW implementation 'rmw_fastrtps_cpp' as default
[1.669s] -- Looking for pthread.h
[1.976s] -- Looking for pthread.h - found
[1.976s] -- Performing Test CMAKE_HAVE_LIBC_PTHREAD
[2.129s] -- Performing Test CMAKE_HAVE_LIBC_PTHREAD - Success
[2.129s] -- Found Threads: TRUE  
[2.279s] -- Configuring done
[2.285s] -- Generating done
[2.292s] -- Build files have been written to: /home/rinav/ros2_ws/build/robotis_manipulator
[2.308s] Invoked command in '/home/rinav/ros2_ws/build/robotis_manipulator' returned '0': CMAKE_PREFIX_PATH=${CMAKE_PREFIX_PATH}:/home/rinav/ros2_ws/install/trial_package:/home/rinav/ros2_ws/install/moveit_configs_utils:/home/rinav/ros2_ws/install/py_srvcli:/home/rinav/ros2_ws/install/py_pubsub:/home/rinav/ros2_ws/install/mobile_robotics:/home/rinav/ros2_ws/install/launch_param_builder:/opt/ros/humble /usr/bin/cmake /home/rinav/ros2_ws/src/robotis_manipulator -DCMAKE_INSTALL_PREFIX=/home/rinav/ros2_ws/install/robotis_manipulator
[2.308s] Invoking command in '/home/rinav/ros2_ws/build/robotis_manipulator': CMAKE_PREFIX_PATH=${CMAKE_PREFIX_PATH}:/home/rinav/ros2_ws/install/trial_package:/home/rinav/ros2_ws/install/moveit_configs_utils:/home/rinav/ros2_ws/install/py_srvcli:/home/rinav/ros2_ws/install/py_pubsub:/home/rinav/ros2_ws/install/mobile_robotics:/home/rinav/ros2_ws/install/launch_param_builder:/opt/ros/humble /usr/bin/cmake --build /home/rinav/ros2_ws/build/robotis_manipulator -- -j8 -l8
[2.739s] [ 14%] [32mBuilding CXX object CMakeFiles/robotis_manipulator.dir/src/robotis_manipulator/robotis_manipulator.cpp.o[0m
[2.739s] [ 28%] [32mBuilding CXX object CMakeFiles/robotis_manipulator.dir/src/robotis_manipulator/robotis_manipulator_common.cpp.o[0m
[2.739s] [ 42%] [32mBuilding CXX object CMakeFiles/robotis_manipulator.dir/src/robotis_manipulator/robotis_manipulator_log.cpp.o[0m
[2.739s] [ 57%] [32mBuilding CXX object CMakeFiles/robotis_manipulator.dir/src/robotis_manipulator/robotis_manipulator_manager.cpp.o[0m
[2.739s] [ 71%] [32mBuilding CXX object CMakeFiles/robotis_manipulator.dir/src/robotis_manipulator/robotis_manipulator_trajectory_generator.cpp.o[0m
[2.739s] [ 85%] [32mBuilding CXX object CMakeFiles/robotis_manipulator.dir/src/robotis_manipulator/robotis_manipulator_math.cpp.o[0m
[13.113s] [100%] [32m[1mLinking CXX shared library librobotis_manipulator.so[0m
[13.461s] [100%] Built target robotis_manipulator
[13.479s] Invoked command in '/home/rinav/ros2_ws/build/robotis_manipulator' returned '0': CMAKE_PREFIX_PATH=${CMAKE_PREFIX_PATH}:/home/rinav/ros2_ws/install/trial_package:/home/rinav/ros2_ws/install/moveit_configs_utils:/home/rinav/ros2_ws/install/py_srvcli:/home/rinav/ros2_ws/install/py_pubsub:/home/rinav/ros2_ws/install/mobile_robotics:/home/rinav/ros2_ws/install/launch_param_builder:/opt/ros/humble /usr/bin/cmake --build /home/rinav/ros2_ws/build/robotis_manipulator -- -j8 -l8
[13.479s] Invoking command in '/home/rinav/ros2_ws/build/robotis_manipulator': CMAKE_PREFIX_PATH=${CMAKE_PREFIX_PATH}:/home/rinav/ros2_ws/install/trial_package:/home/rinav/ros2_ws/install/moveit_configs_utils:/home/rinav/ros2_ws/install/py_srvcli:/home/rinav/ros2_ws/install/py_pubsub:/home/rinav/ros2_ws/install/mobile_robotics:/home/rinav/ros2_ws/install/launch_param_builder:/opt/ros/humble /usr/bin/cmake --install /home/rinav/ros2_ws/build/robotis_manipulator
[13.484s] -- Install configuration: ""
[13.484s] -- Installing: /home/rinav/ros2_ws/install/robotis_manipulator/lib/librobotis_manipulator.so
[13.488s] -- Set runtime path of "/home/rinav/ros2_ws/install/robotis_manipulator/lib/librobotis_manipulator.so" to ""
[13.488s] -- Installing: /home/rinav/ros2_ws/install/robotis_manipulator/include/
[13.488s] -- Installing: /home/rinav/ros2_ws/install/robotis_manipulator/include//robotis_manipulator
[13.488s] -- Installing: /home/rinav/ros2_ws/install/robotis_manipulator/include//robotis_manipulator/robotis_manipulator_log.h
[13.488s] -- Installing: /home/rinav/ros2_ws/install/robotis_manipulator/include//robotis_manipulator/robotis_manipulator_manager.h
[13.489s] -- Installing: /home/rinav/ros2_ws/install/robotis_manipulator/include//robotis_manipulator/robotis_manipulator.h
[13.489s] -- Installing: /home/rinav/ros2_ws/install/robotis_manipulator/include//robotis_manipulator/robotis_manipulator_trajectory_generator.h
[13.489s] -- Installing: /home/rinav/ros2_ws/install/robotis_manipulator/include//robotis_manipulator/robotis_manipulator_math.h
[13.489s] -- Installing: /home/rinav/ros2_ws/install/robotis_manipulator/include//robotis_manipulator/robotis_manipulator_common.h
[13.489s] -- Installing: /home/rinav/ros2_ws/install/robotis_manipulator/share/robotis_manipulator/environment/library_path.sh
[13.489s] -- Installing: /home/rinav/ros2_ws/install/robotis_manipulator/share/robotis_manipulator/environment/library_path.dsv
[13.489s] -- Installing: /home/rinav/ros2_ws/install/robotis_manipulator/share/ament_index/resource_index/package_run_dependencies/robotis_manipulator
[13.489s] -- Installing: /home/rinav/ros2_ws/install/robotis_manipulator/share/ament_index/resource_index/parent_prefix_path/robotis_manipulator
[13.489s] -- Installing: /home/rinav/ros2_ws/install/robotis_manipulator/share/robotis_manipulator/environment/ament_prefix_path.sh
[13.489s] -- Installing: /home/rinav/ros2_ws/install/robotis_manipulator/share/robotis_manipulator/environment/ament_prefix_path.dsv
[13.489s] -- Installing: /home/rinav/ros2_ws/install/robotis_manipulator/share/robotis_manipulator/environment/path.sh
[13.489s] -- Installing: /home/rinav/ros2_ws/install/robotis_manipulator/share/robotis_manipulator/environment/path.dsv
[13.489s] -- Installing: /home/rinav/ros2_ws/install/robotis_manipulator/share/robotis_manipulator/local_setup.bash
[13.489s] -- Installing: /home/rinav/ros2_ws/install/robotis_manipulator/share/robotis_manipulator/local_setup.sh
[13.489s] -- Installing: /home/rinav/ros2_ws/install/robotis_manipulator/share/robotis_manipulator/local_setup.zsh
[13.490s] -- Installing: /home/rinav/ros2_ws/install/robotis_manipulator/share/robotis_manipulator/local_setup.dsv
[13.490s] -- Installing: /home/rinav/ros2_ws/install/robotis_manipulator/share/robotis_manipulator/package.dsv
[13.490s] -- Installing: /home/rinav/ros2_ws/install/robotis_manipulator/share/ament_index/resource_index/packages/robotis_manipulator
[13.490s] -- Installing: /home/rinav/ros2_ws/install/robotis_manipulator/share/robotis_manipulator/cmake/ament_cmake_export_include_directories-extras.cmake
[13.490s] -- Installing: /home/rinav/ros2_ws/install/robotis_manipulator/share/robotis_manipulator/cmake/ament_cmake_export_dependencies-extras.cmake
[13.490s] -- Installing: /home/rinav/ros2_ws/install/robotis_manipulator/share/robotis_manipulator/cmake/ament_cmake_export_libraries-extras.cmake
[13.490s] -- Installing: /home/rinav/ros2_ws/install/robotis_manipulator/share/robotis_manipulator/cmake/robotis_manipulatorConfig.cmake
[13.490s] -- Installing: /home/rinav/ros2_ws/install/robotis_manipulator/share/robotis_manipulator/cmake/robotis_manipulatorConfig-version.cmake
[13.490s] -- Installing: /home/rinav/ros2_ws/install/robotis_manipulator/share/robotis_manipulator/package.xml
[13.492s] Invoked command in '/home/rinav/ros2_ws/build/robotis_manipulator' returned '0': CMAKE_PREFIX_PATH=${CMAKE_PREFIX_PATH}:/home/rinav/ros2_ws/install/trial_package:/home/rinav/ros2_ws/install/moveit_configs_utils:/home/rinav/ros2_ws/install/py_srvcli:/home/rinav/ros2_ws/install/py_pubsub:/home/rinav/ros2_ws/install/mobile_robotics:/home/rinav/ros2_ws/install/launch_param_builder:/opt/ros/humble /usr/bin/cmake --install /home/rinav/ros2_ws/build/robotis_manipulator
