[0.036s] Invoking command in '/home/rinav/ros2_ws/build/husky_msgs': CMAKE_PREFIX_PATH=${CMAKE_PREFIX_PATH}:/home/rinav/ros2_ws/install/trial_package:/home/rinav/ros2_ws/install/mobile_robotics:/home/rinav/ros2_ws/install/launch_param_builder:/opt/ros/humble /usr/bin/cmake --build /home/rinav/ros2_ws/build/husky_msgs -- -j8 -l8
[0.256s] -- Found ament_cmake: 1.3.12 (/opt/ros/humble/share/ament_cmake/cmake)
[0.257s] -- Found std_msgs: 4.9.0 (/opt/ros/humble/share/std_msgs/cmake)
[0.257s] -- Found rosidl_generator_c: 3.1.7 (/opt/ros/humble/share/rosidl_generator_c/cmake)
[0.258s] -- Found rosidl_adapter: 3.1.7 (/opt/ros/humble/share/rosidl_adapter/cmake)
[0.264s] -- Found rosidl_generator_cpp: 3.1.7 (/opt/ros/humble/share/rosidl_generator_cpp/cmake)
[0.281s] -- Using all available rosidl_typesupport_c: rosidl_typesupport_fastrtps_c;rosidl_typesupport_introspection_c
[0.302s] -- Using all available rosidl_typesupport_cpp: rosidl_typesupport_fastrtps_cpp;rosidl_typesupport_introspection_cpp
[0.343s] -- Found rosidl_default_generators: 1.2.0 (/opt/ros/humble/share/rosidl_default_generators/cmake)
[0.606s] -- Found ament_cmake_ros: 0.10.0 (/opt/ros/humble/share/ament_cmake_ros/cmake)
[0.985s] -- Using all available rosidl_typesupport_c: rosidl_typesupport_fastrtps_c;rosidl_typesupport_introspection_c
[1.111s] -- Using all available rosidl_typesupport_cpp: rosidl_typesupport_fastrtps_cpp;rosidl_typesupport_introspection_cpp
[1.133s] -- Found python_cmake_module: 0.10.0 (/opt/ros/humble/share/python_cmake_module/cmake)
[1.156s] -- Using PYTHON_EXECUTABLE: /usr/bin/python3
[1.156s] -- Using PYTHON_INCLUDE_DIRS: /usr/include/python3.10
[1.156s] -- Using PYTHON_LIBRARIES: /usr/lib/aarch64-linux-gnu/libpython3.10.so
[1.203s] -- Configuring done
[1.235s] -- Generating done
[1.244s] -- Build files have been written to: /home/rinav/ros2_ws/build/husky_msgs
[1.268s] [35m[1mConsolidate compiler generated dependencies of target husky_msgs__rosidl_generator_c[0m
[1.279s] [  9%] Built target husky_msgs__rosidl_generator_c
[1.279s] [ 12%] Built target husky_msgs__cpp
[1.289s] [ 12%] Built target ament_cmake_python_copy_husky_msgs
[1.290s] [35m[1mConsolidate compiler generated dependencies of target husky_msgs__rosidl_typesupport_c[0m
[1.291s] [35m[1mConsolidate compiler generated dependencies of target husky_msgs__rosidl_typesupport_fastrtps_c[0m
[1.294s] [35m[1mConsolidate compiler generated dependencies of target husky_msgs__rosidl_typesupport_introspection_c[0m
[1.298s] [35m[1mConsolidate compiler generated dependencies of target husky_msgs__rosidl_typesupport_cpp[0m
[1.303s] [35m[1mConsolidate compiler generated dependencies of target husky_msgs__rosidl_typesupport_fastrtps_cpp[0m
[1.306s] [ 22%] Built target husky_msgs__rosidl_typesupport_fastrtps_c
[1.312s] [35m[1mConsolidate compiler generated dependencies of target husky_msgs__rosidl_typesupport_introspection_cpp[0m
[1.315s] [ 32%] Built target husky_msgs__rosidl_typesupport_introspection_c
[1.321s] [ 41%] Built target husky_msgs__rosidl_typesupport_c
[1.331s] [ 51%] Built target husky_msgs__rosidl_typesupport_cpp
[1.351s] [ 61%] Built target husky_msgs__rosidl_typesupport_introspection_cpp
[1.354s] [ 70%] Built target husky_msgs__rosidl_typesupport_fastrtps_cpp
[1.394s] [ 70%] Built target husky_msgs
[1.433s] [ 74%] Built target husky_msgs__py
[1.442s] [35m[1mConsolidate compiler generated dependencies of target husky_msgs__rosidl_generator_py[0m
[1.455s] [ 80%] Built target husky_msgs__rosidl_generator_py
[1.479s] [35m[1mConsolidate compiler generated dependencies of target husky_msgs__rosidl_typesupport_introspection_c__pyext[0m
[1.482s] [35m[1mConsolidate compiler generated dependencies of target husky_msgs__rosidl_typesupport_fastrtps_c__pyext[0m
[1.485s] [35m[1mConsolidate compiler generated dependencies of target husky_msgs__rosidl_typesupport_c__pyext[0m
[1.500s] [ 87%] Built target husky_msgs__rosidl_typesupport_introspection_c__pyext
[1.510s] [ 93%] Built target husky_msgs__rosidl_typesupport_fastrtps_c__pyext
[1.513s] running egg_info
[1.513s] writing husky_msgs.egg-info/PKG-INFO
[1.514s] writing dependency_links to husky_msgs.egg-info/dependency_links.txt
[1.514s] writing top-level names to husky_msgs.egg-info/top_level.txt
[1.516s] reading manifest file 'husky_msgs.egg-info/SOURCES.txt'
[1.516s] writing manifest file 'husky_msgs.egg-info/SOURCES.txt'
[1.518s] [100%] Built target husky_msgs__rosidl_typesupport_c__pyext
[1.541s] [100%] Built target ament_cmake_python_build_husky_msgs_egg
[1.551s] Invoked command in '/home/rinav/ros2_ws/build/husky_msgs' returned '0': CMAKE_PREFIX_PATH=${CMAKE_PREFIX_PATH}:/home/rinav/ros2_ws/install/trial_package:/home/rinav/ros2_ws/install/mobile_robotics:/home/rinav/ros2_ws/install/launch_param_builder:/opt/ros/humble /usr/bin/cmake --build /home/rinav/ros2_ws/build/husky_msgs -- -j8 -l8
[1.558s] Invoking command in '/home/rinav/ros2_ws/build/husky_msgs': CMAKE_PREFIX_PATH=${CMAKE_PREFIX_PATH}:/home/rinav/ros2_ws/install/trial_package:/home/rinav/ros2_ws/install/mobile_robotics:/home/rinav/ros2_ws/install/launch_param_builder:/opt/ros/humble /usr/bin/cmake --install /home/rinav/ros2_ws/build/husky_msgs
[1.564s] -- Install configuration: ""
[1.564s] -- Up-to-date: /home/rinav/ros2_ws/install/husky_msgs/share/ament_index/resource_index/rosidl_interfaces/husky_msgs
[1.564s] -- Up-to-date: /home/rinav/ros2_ws/install/husky_msgs/include/husky_msgs/husky_msgs
[1.564s] -- Up-to-date: /home/rinav/ros2_ws/install/husky_msgs/include/husky_msgs/husky_msgs/msg
[1.564s] -- Up-to-date: /home/rinav/ros2_ws/install/husky_msgs/include/husky_msgs/husky_msgs/msg/detail
[1.564s] -- Up-to-date: /home/rinav/ros2_ws/install/husky_msgs/include/husky_msgs/husky_msgs/msg/detail/husky_status__struct.h
[1.564s] -- Up-to-date: /home/rinav/ros2_ws/install/husky_msgs/include/husky_msgs/husky_msgs/msg/detail/husky_status__functions.h
[1.565s] -- Up-to-date: /home/rinav/ros2_ws/install/husky_msgs/include/husky_msgs/husky_msgs/msg/detail/husky_status__functions.c
[1.565s] -- Up-to-date: /home/rinav/ros2_ws/install/husky_msgs/include/husky_msgs/husky_msgs/msg/detail/husky_status__type_support.h
[1.565s] -- Up-to-date: /home/rinav/ros2_ws/install/husky_msgs/include/husky_msgs/husky_msgs/msg/rosidl_generator_c__visibility_control.h
[1.565s] -- Up-to-date: /home/rinav/ros2_ws/install/husky_msgs/include/husky_msgs/husky_msgs/msg/husky_status.h
[1.565s] -- Up-to-date: /home/rinav/ros2_ws/install/husky_msgs/share/husky_msgs/environment/library_path.sh
[1.565s] -- Installing: /home/rinav/ros2_ws/install/husky_msgs/share/husky_msgs/environment/library_path.dsv
[1.566s] -- Up-to-date: /home/rinav/ros2_ws/install/husky_msgs/lib/libhusky_msgs__rosidl_generator_c.so
[1.566s] -- Up-to-date: /home/rinav/ros2_ws/install/husky_msgs/include/husky_msgs/husky_msgs
[1.566s] -- Up-to-date: /home/rinav/ros2_ws/install/husky_msgs/include/husky_msgs/husky_msgs/msg
[1.566s] -- Up-to-date: /home/rinav/ros2_ws/install/husky_msgs/include/husky_msgs/husky_msgs/msg/detail
[1.566s] -- Up-to-date: /home/rinav/ros2_ws/install/husky_msgs/include/husky_msgs/husky_msgs/msg/detail/husky_status__rosidl_typesupport_fastrtps_c.h
[1.566s] -- Up-to-date: /home/rinav/ros2_ws/install/husky_msgs/include/husky_msgs/husky_msgs/msg/rosidl_typesupport_fastrtps_c__visibility_control.h
[1.566s] -- Up-to-date: /home/rinav/ros2_ws/install/husky_msgs/lib/libhusky_msgs__rosidl_typesupport_fastrtps_c.so
[1.566s] -- Up-to-date: /home/rinav/ros2_ws/install/husky_msgs/include/husky_msgs/husky_msgs
[1.566s] -- Up-to-date: /home/rinav/ros2_ws/install/husky_msgs/include/husky_msgs/husky_msgs/msg
[1.566s] -- Up-to-date: /home/rinav/ros2_ws/install/husky_msgs/include/husky_msgs/husky_msgs/msg/detail
[1.566s] -- Up-to-date: /home/rinav/ros2_ws/install/husky_msgs/include/husky_msgs/husky_msgs/msg/detail/husky_status__struct.hpp
[1.566s] -- Up-to-date: /home/rinav/ros2_ws/install/husky_msgs/include/husky_msgs/husky_msgs/msg/detail/husky_status__builder.hpp
[1.567s] -- Up-to-date: /home/rinav/ros2_ws/install/husky_msgs/include/husky_msgs/husky_msgs/msg/detail/husky_status__traits.hpp
[1.567s] -- Up-to-date: /home/rinav/ros2_ws/install/husky_msgs/include/husky_msgs/husky_msgs/msg/detail/husky_status__type_support.hpp
[1.567s] -- Up-to-date: /home/rinav/ros2_ws/install/husky_msgs/include/husky_msgs/husky_msgs/msg/husky_status.hpp
[1.567s] -- Up-to-date: /home/rinav/ros2_ws/install/husky_msgs/include/husky_msgs/husky_msgs/msg/rosidl_generator_cpp__visibility_control.hpp
[1.567s] -- Up-to-date: /home/rinav/ros2_ws/install/husky_msgs/include/husky_msgs/husky_msgs
[1.567s] -- Up-to-date: /home/rinav/ros2_ws/install/husky_msgs/include/husky_msgs/husky_msgs/msg
[1.567s] -- Up-to-date: /home/rinav/ros2_ws/install/husky_msgs/include/husky_msgs/husky_msgs/msg/detail
[1.567s] -- Up-to-date: /home/rinav/ros2_ws/install/husky_msgs/include/husky_msgs/husky_msgs/msg/detail/husky_status__rosidl_typesupport_fastrtps_cpp.hpp
[1.567s] -- Up-to-date: /home/rinav/ros2_ws/install/husky_msgs/include/husky_msgs/husky_msgs/msg/detail/dds_fastrtps
[1.567s] -- Up-to-date: /home/rinav/ros2_ws/install/husky_msgs/include/husky_msgs/husky_msgs/msg/rosidl_typesupport_fastrtps_cpp__visibility_control.h
[1.567s] -- Up-to-date: /home/rinav/ros2_ws/install/husky_msgs/lib/libhusky_msgs__rosidl_typesupport_fastrtps_cpp.so
[1.567s] -- Up-to-date: /home/rinav/ros2_ws/install/husky_msgs/include/husky_msgs/husky_msgs
[1.567s] -- Up-to-date: /home/rinav/ros2_ws/install/husky_msgs/include/husky_msgs/husky_msgs/msg
[1.567s] -- Up-to-date: /home/rinav/ros2_ws/install/husky_msgs/include/husky_msgs/husky_msgs/msg/detail
[1.567s] -- Up-to-date: /home/rinav/ros2_ws/install/husky_msgs/include/husky_msgs/husky_msgs/msg/detail/husky_status__type_support.c
[1.567s] -- Up-to-date: /home/rinav/ros2_ws/install/husky_msgs/include/husky_msgs/husky_msgs/msg/detail/husky_status__rosidl_typesupport_introspection_c.h
[1.568s] -- Up-to-date: /home/rinav/ros2_ws/install/husky_msgs/include/husky_msgs/husky_msgs/msg/rosidl_typesupport_introspection_c__visibility_control.h
[1.568s] -- Up-to-date: /home/rinav/ros2_ws/install/husky_msgs/lib/libhusky_msgs__rosidl_typesupport_introspection_c.so
[1.568s] -- Up-to-date: /home/rinav/ros2_ws/install/husky_msgs/lib/libhusky_msgs__rosidl_typesupport_c.so
[1.568s] -- Up-to-date: /home/rinav/ros2_ws/install/husky_msgs/include/husky_msgs/husky_msgs
[1.568s] -- Up-to-date: /home/rinav/ros2_ws/install/husky_msgs/include/husky_msgs/husky_msgs/msg
[1.568s] -- Up-to-date: /home/rinav/ros2_ws/install/husky_msgs/include/husky_msgs/husky_msgs/msg/detail
[1.568s] -- Up-to-date: /home/rinav/ros2_ws/install/husky_msgs/include/husky_msgs/husky_msgs/msg/detail/husky_status__rosidl_typesupport_introspection_cpp.hpp
[1.568s] -- Up-to-date: /home/rinav/ros2_ws/install/husky_msgs/include/husky_msgs/husky_msgs/msg/detail/husky_status__type_support.cpp
[1.568s] -- Up-to-date: /home/rinav/ros2_ws/install/husky_msgs/lib/libhusky_msgs__rosidl_typesupport_introspection_cpp.so
[1.568s] -- Up-to-date: /home/rinav/ros2_ws/install/husky_msgs/lib/libhusky_msgs__rosidl_typesupport_cpp.so
[1.568s] -- Up-to-date: /home/rinav/ros2_ws/install/husky_msgs/share/husky_msgs/environment/pythonpath.sh
[1.568s] -- Installing: /home/rinav/ros2_ws/install/husky_msgs/share/husky_msgs/environment/pythonpath.dsv
[1.568s] -- Up-to-date: /home/rinav/ros2_ws/install/husky_msgs/local/lib/python3.10/dist-packages/husky_msgs-1.0.8-py3.10.egg-info
[1.569s] -- Installing: /home/rinav/ros2_ws/install/husky_msgs/local/lib/python3.10/dist-packages/husky_msgs-1.0.8-py3.10.egg-info/dependency_links.txt
[1.569s] -- Installing: /home/rinav/ros2_ws/install/husky_msgs/local/lib/python3.10/dist-packages/husky_msgs-1.0.8-py3.10.egg-info/PKG-INFO
[1.569s] -- Installing: /home/rinav/ros2_ws/install/husky_msgs/local/lib/python3.10/dist-packages/husky_msgs-1.0.8-py3.10.egg-info/top_level.txt
[1.569s] -- Installing: /home/rinav/ros2_ws/install/husky_msgs/local/lib/python3.10/dist-packages/husky_msgs-1.0.8-py3.10.egg-info/SOURCES.txt
[1.569s] -- Up-to-date: /home/rinav/ros2_ws/install/husky_msgs/local/lib/python3.10/dist-packages/husky_msgs
[1.569s] -- Up-to-date: /home/rinav/ros2_ws/install/husky_msgs/local/lib/python3.10/dist-packages/husky_msgs/_husky_msgs_s.ep.rosidl_typesupport_c.c
[1.569s] -- Up-to-date: /home/rinav/ros2_ws/install/husky_msgs/local/lib/python3.10/dist-packages/husky_msgs/_husky_msgs_s.ep.rosidl_typesupport_introspection_c.c
[1.569s] -- Up-to-date: /home/rinav/ros2_ws/install/husky_msgs/local/lib/python3.10/dist-packages/husky_msgs/husky_msgs_s__rosidl_typesupport_introspection_c.cpython-310-aarch64-linux-gnu.so
[1.569s] -- Up-to-date: /home/rinav/ros2_ws/install/husky_msgs/local/lib/python3.10/dist-packages/husky_msgs/msg
[1.569s] -- Up-to-date: /home/rinav/ros2_ws/install/husky_msgs/local/lib/python3.10/dist-packages/husky_msgs/msg/_husky_status_s.c
[1.569s] -- Up-to-date: /home/rinav/ros2_ws/install/husky_msgs/local/lib/python3.10/dist-packages/husky_msgs/msg/_husky_status.py
[1.569s] -- Up-to-date: /home/rinav/ros2_ws/install/husky_msgs/local/lib/python3.10/dist-packages/husky_msgs/msg/__init__.py
[1.569s] -- Up-to-date: /home/rinav/ros2_ws/install/husky_msgs/local/lib/python3.10/dist-packages/husky_msgs/husky_msgs_s__rosidl_typesupport_fastrtps_c.cpython-310-aarch64-linux-gnu.so
[1.569s] -- Up-to-date: /home/rinav/ros2_ws/install/husky_msgs/local/lib/python3.10/dist-packages/husky_msgs/libhusky_msgs__rosidl_generator_py.so
[1.569s] -- Installing: /home/rinav/ros2_ws/install/husky_msgs/local/lib/python3.10/dist-packages/husky_msgs/__init__.py
[1.569s] -- Up-to-date: /home/rinav/ros2_ws/install/husky_msgs/local/lib/python3.10/dist-packages/husky_msgs/_husky_msgs_s.ep.rosidl_typesupport_fastrtps_c.c
[1.569s] -- Up-to-date: /home/rinav/ros2_ws/install/husky_msgs/local/lib/python3.10/dist-packages/husky_msgs/husky_msgs_s__rosidl_typesupport_c.cpython-310-aarch64-linux-gnu.so
[1.605s] Listing '/home/rinav/ros2_ws/install/husky_msgs/local/lib/python3.10/dist-packages/husky_msgs'...
[1.605s] Compiling '/home/rinav/ros2_ws/install/husky_msgs/local/lib/python3.10/dist-packages/husky_msgs/__init__.py'...
[1.605s] Listing '/home/rinav/ros2_ws/install/husky_msgs/local/lib/python3.10/dist-packages/husky_msgs/msg'...
[1.612s] -- Up-to-date: /home/rinav/ros2_ws/install/husky_msgs/local/lib/python3.10/dist-packages/husky_msgs/husky_msgs_s__rosidl_typesupport_fastrtps_c.cpython-310-aarch64-linux-gnu.so
[1.612s] -- Up-to-date: /home/rinav/ros2_ws/install/husky_msgs/local/lib/python3.10/dist-packages/husky_msgs/husky_msgs_s__rosidl_typesupport_introspection_c.cpython-310-aarch64-linux-gnu.so
[1.612s] -- Up-to-date: /home/rinav/ros2_ws/install/husky_msgs/local/lib/python3.10/dist-packages/husky_msgs/husky_msgs_s__rosidl_typesupport_c.cpython-310-aarch64-linux-gnu.so
[1.613s] -- Up-to-date: /home/rinav/ros2_ws/install/husky_msgs/lib/libhusky_msgs__rosidl_generator_py.so
[1.613s] -- Up-to-date: /home/rinav/ros2_ws/install/husky_msgs/share/husky_msgs/msg/HuskyStatus.idl
[1.613s] -- Installing: /home/rinav/ros2_ws/install/husky_msgs/share/husky_msgs/msg/HuskyStatus.msg
[1.613s] -- Up-to-date: /home/rinav/ros2_ws/install/husky_msgs/share/ament_index/resource_index/package_run_dependencies/husky_msgs
[1.613s] -- Installing: /home/rinav/ros2_ws/install/husky_msgs/share/ament_index/resource_index/parent_prefix_path/husky_msgs
[1.613s] -- Up-to-date: /home/rinav/ros2_ws/install/husky_msgs/share/husky_msgs/environment/ament_prefix_path.sh
[1.613s] -- Installing: /home/rinav/ros2_ws/install/husky_msgs/share/husky_msgs/environment/ament_prefix_path.dsv
[1.613s] -- Up-to-date: /home/rinav/ros2_ws/install/husky_msgs/share/husky_msgs/environment/path.sh
[1.613s] -- Installing: /home/rinav/ros2_ws/install/husky_msgs/share/husky_msgs/environment/path.dsv
[1.613s] -- Up-to-date: /home/rinav/ros2_ws/install/husky_msgs/share/husky_msgs/local_setup.bash
[1.613s] -- Up-to-date: /home/rinav/ros2_ws/install/husky_msgs/share/husky_msgs/local_setup.sh
[1.613s] -- Up-to-date: /home/rinav/ros2_ws/install/husky_msgs/share/husky_msgs/local_setup.zsh
[1.613s] -- Installing: /home/rinav/ros2_ws/install/husky_msgs/share/husky_msgs/local_setup.dsv
[1.613s] -- Installing: /home/rinav/ros2_ws/install/husky_msgs/share/husky_msgs/package.dsv
[1.613s] -- Up-to-date: /home/rinav/ros2_ws/install/husky_msgs/share/ament_index/resource_index/packages/husky_msgs
[1.613s] -- Up-to-date: /home/rinav/ros2_ws/install/husky_msgs/share/husky_msgs/cmake/export_husky_msgs__rosidl_generator_cExport.cmake
[1.613s] -- Up-to-date: /home/rinav/ros2_ws/install/husky_msgs/share/husky_msgs/cmake/export_husky_msgs__rosidl_generator_cExport-noconfig.cmake
[1.614s] -- Up-to-date: /home/rinav/ros2_ws/install/husky_msgs/share/husky_msgs/cmake/export_husky_msgs__rosidl_typesupport_fastrtps_cExport.cmake
[1.614s] -- Up-to-date: /home/rinav/ros2_ws/install/husky_msgs/share/husky_msgs/cmake/export_husky_msgs__rosidl_typesupport_fastrtps_cExport-noconfig.cmake
[1.614s] -- Up-to-date: /home/rinav/ros2_ws/install/husky_msgs/share/husky_msgs/cmake/export_husky_msgs__rosidl_generator_cppExport.cmake
[1.614s] -- Up-to-date: /home/rinav/ros2_ws/install/husky_msgs/share/husky_msgs/cmake/export_husky_msgs__rosidl_typesupport_fastrtps_cppExport.cmake
[1.614s] -- Up-to-date: /home/rinav/ros2_ws/install/husky_msgs/share/husky_msgs/cmake/export_husky_msgs__rosidl_typesupport_fastrtps_cppExport-noconfig.cmake
[1.614s] -- Up-to-date: /home/rinav/ros2_ws/install/husky_msgs/share/husky_msgs/cmake/husky_msgs__rosidl_typesupport_introspection_cExport.cmake
[1.614s] -- Up-to-date: /home/rinav/ros2_ws/install/husky_msgs/share/husky_msgs/cmake/husky_msgs__rosidl_typesupport_introspection_cExport-noconfig.cmake
[1.614s] -- Up-to-date: /home/rinav/ros2_ws/install/husky_msgs/share/husky_msgs/cmake/husky_msgs__rosidl_typesupport_cExport.cmake
[1.614s] -- Up-to-date: /home/rinav/ros2_ws/install/husky_msgs/share/husky_msgs/cmake/husky_msgs__rosidl_typesupport_cExport-noconfig.cmake
[1.614s] -- Up-to-date: /home/rinav/ros2_ws/install/husky_msgs/share/husky_msgs/cmake/husky_msgs__rosidl_typesupport_introspection_cppExport.cmake
[1.614s] -- Up-to-date: /home/rinav/ros2_ws/install/husky_msgs/share/husky_msgs/cmake/husky_msgs__rosidl_typesupport_introspection_cppExport-noconfig.cmake
[1.614s] -- Up-to-date: /home/rinav/ros2_ws/install/husky_msgs/share/husky_msgs/cmake/husky_msgs__rosidl_typesupport_cppExport.cmake
[1.614s] -- Up-to-date: /home/rinav/ros2_ws/install/husky_msgs/share/husky_msgs/cmake/husky_msgs__rosidl_typesupport_cppExport-noconfig.cmake
[1.614s] -- Up-to-date: /home/rinav/ros2_ws/install/husky_msgs/share/husky_msgs/cmake/export_husky_msgs__rosidl_generator_pyExport.cmake
[1.614s] -- Up-to-date: /home/rinav/ros2_ws/install/husky_msgs/share/husky_msgs/cmake/export_husky_msgs__rosidl_generator_pyExport-noconfig.cmake
[1.615s] -- Up-to-date: /home/rinav/ros2_ws/install/husky_msgs/share/husky_msgs/cmake/rosidl_cmake-extras.cmake
[1.615s] -- Up-to-date: /home/rinav/ros2_ws/install/husky_msgs/share/husky_msgs/cmake/ament_cmake_export_dependencies-extras.cmake
[1.615s] -- Up-to-date: /home/rinav/ros2_ws/install/husky_msgs/share/husky_msgs/cmake/ament_cmake_export_include_directories-extras.cmake
[1.615s] -- Up-to-date: /home/rinav/ros2_ws/install/husky_msgs/share/husky_msgs/cmake/ament_cmake_export_libraries-extras.cmake
[1.615s] -- Up-to-date: /home/rinav/ros2_ws/install/husky_msgs/share/husky_msgs/cmake/ament_cmake_export_targets-extras.cmake
[1.615s] -- Up-to-date: /home/rinav/ros2_ws/install/husky_msgs/share/husky_msgs/cmake/rosidl_cmake_export_typesupport_targets-extras.cmake
[1.615s] -- Up-to-date: /home/rinav/ros2_ws/install/husky_msgs/share/husky_msgs/cmake/rosidl_cmake_export_typesupport_libraries-extras.cmake
[1.615s] -- Up-to-date: /home/rinav/ros2_ws/install/husky_msgs/share/husky_msgs/cmake/husky_msgsConfig.cmake
[1.615s] -- Up-to-date: /home/rinav/ros2_ws/install/husky_msgs/share/husky_msgs/cmake/husky_msgsConfig-version.cmake
[1.615s] -- Installing: /home/rinav/ros2_ws/install/husky_msgs/share/husky_msgs/package.xml
[1.617s] Invoked command in '/home/rinav/ros2_ws/build/husky_msgs' returned '0': CMAKE_PREFIX_PATH=${CMAKE_PREFIX_PATH}:/home/rinav/ros2_ws/install/trial_package:/home/rinav/ros2_ws/install/mobile_robotics:/home/rinav/ros2_ws/install/launch_param_builder:/opt/ros/humble /usr/bin/cmake --install /home/rinav/ros2_ws/build/husky_msgs
