[0.017s] Invoking command in '/home/rinav/ros2_ws/build/ur_calibration': AMENT_PREFIX_PATH=/home/rinav/ros2_ws/install/ur_robot_driver:/home/rinav/ros2_ws/install/ur_controllers:/home/rinav/ros2_ws/install/ur_description:/home/rinav/ros2_ws/install/ur_dashboard_msgs:${AMENT_PREFIX_PATH} CMAKE_PREFIX_PATH=/home/rinav/ros2_ws/install/ur_robot_driver:/home/rinav/ros2_ws/install/ur_controllers:/home/rinav/ros2_ws/install/ur_description:/home/rinav/ros2_ws/install/ur_dashboard_msgs:/home/rinav/ros2_ws/install/husky_bringup:/home/rinav/ros2_ws/install/husky_base:/home/rinav/ros2_ws/install/husky_msgs:/home/rinav/ros2_ws/install/husky_control:/home/rinav/ros2_ws/install/husky_description:/home/rinav/ros2_ws/install/mobile_robotics:/opt/ros/humble LD_LIBRARY_PATH=/home/rinav/ros2_ws/install/ur_robot_driver/lib:/home/rinav/ros2_ws/install/ur_controllers/lib:/home/rinav/ros2_ws/install/ur_dashboard_msgs/lib:${LD_LIBRARY_PATH} PATH=/home/rinav/ros2_ws/install/ur_robot_driver/bin:${PATH} PYTHONPATH=/home/rinav/ros2_ws/install/ur_robot_driver/local/lib/python3.10/dist-packages:/home/rinav/ros2_ws/install/ur_dashboard_msgs/local/lib/python3.10/dist-packages:${PYTHONPATH} /usr/bin/cmake --build /home/rinav/ros2_ws/build/ur_calibration -- -j8 -l8
[0.047s] [ 25%] Built target gmock
[0.049s] [ 41%] Built target gmock_main
[0.057s] [ 66%] Built target calibration
[0.076s] [100%] Built target calibration_test
[0.077s] [100%] Built target calibration_correction
[0.083s] Invoked command in '/home/rinav/ros2_ws/build/ur_calibration' returned '0': AMENT_PREFIX_PATH=/home/rinav/ros2_ws/install/ur_robot_driver:/home/rinav/ros2_ws/install/ur_controllers:/home/rinav/ros2_ws/install/ur_description:/home/rinav/ros2_ws/install/ur_dashboard_msgs:${AMENT_PREFIX_PATH} CMAKE_PREFIX_PATH=/home/rinav/ros2_ws/install/ur_robot_driver:/home/rinav/ros2_ws/install/ur_controllers:/home/rinav/ros2_ws/install/ur_description:/home/rinav/ros2_ws/install/ur_dashboard_msgs:/home/rinav/ros2_ws/install/husky_bringup:/home/rinav/ros2_ws/install/husky_base:/home/rinav/ros2_ws/install/husky_msgs:/home/rinav/ros2_ws/install/husky_control:/home/rinav/ros2_ws/install/husky_description:/home/rinav/ros2_ws/install/mobile_robotics:/opt/ros/humble LD_LIBRARY_PATH=/home/rinav/ros2_ws/install/ur_robot_driver/lib:/home/rinav/ros2_ws/install/ur_controllers/lib:/home/rinav/ros2_ws/install/ur_dashboard_msgs/lib:${LD_LIBRARY_PATH} PATH=/home/rinav/ros2_ws/install/ur_robot_driver/bin:${PATH} PYTHONPATH=/home/rinav/ros2_ws/install/ur_robot_driver/local/lib/python3.10/dist-packages:/home/rinav/ros2_ws/install/ur_dashboard_msgs/local/lib/python3.10/dist-packages:${PYTHONPATH} /usr/bin/cmake --build /home/rinav/ros2_ws/build/ur_calibration -- -j8 -l8
[0.084s] Invoking command in '/home/rinav/ros2_ws/build/ur_calibration': AMENT_PREFIX_PATH=/home/rinav/ros2_ws/install/ur_robot_driver:/home/rinav/ros2_ws/install/ur_controllers:/home/rinav/ros2_ws/install/ur_description:/home/rinav/ros2_ws/install/ur_dashboard_msgs:${AMENT_PREFIX_PATH} CMAKE_PREFIX_PATH=/home/rinav/ros2_ws/install/ur_robot_driver:/home/rinav/ros2_ws/install/ur_controllers:/home/rinav/ros2_ws/install/ur_description:/home/rinav/ros2_ws/install/ur_dashboard_msgs:/home/rinav/ros2_ws/install/husky_bringup:/home/rinav/ros2_ws/install/husky_base:/home/rinav/ros2_ws/install/husky_msgs:/home/rinav/ros2_ws/install/husky_control:/home/rinav/ros2_ws/install/husky_description:/home/rinav/ros2_ws/install/mobile_robotics:/opt/ros/humble LD_LIBRARY_PATH=/home/rinav/ros2_ws/install/ur_robot_driver/lib:/home/rinav/ros2_ws/install/ur_controllers/lib:/home/rinav/ros2_ws/install/ur_dashboard_msgs/lib:${LD_LIBRARY_PATH} PATH=/home/rinav/ros2_ws/install/ur_robot_driver/bin:${PATH} PYTHONPATH=/home/rinav/ros2_ws/install/ur_robot_driver/local/lib/python3.10/dist-packages:/home/rinav/ros2_ws/install/ur_dashboard_msgs/local/lib/python3.10/dist-packages:${PYTHONPATH} /usr/bin/cmake --install /home/rinav/ros2_ws/build/ur_calibration
[0.089s] -- Install configuration: "RelWithDebInfo"
[0.089s] -- Up-to-date: /home/rinav/ros2_ws/install/ur_calibration/lib/ur_calibration/calibration_correction
[0.089s] -- Up-to-date: /home/rinav/ros2_ws/install/ur_calibration/include
[0.089s] -- Up-to-date: /home/rinav/ros2_ws/install/ur_calibration/include/ur_calibration
[0.089s] -- Up-to-date: /home/rinav/ros2_ws/install/ur_calibration/include/ur_calibration/calibration.hpp
[0.089s] -- Up-to-date: /home/rinav/ros2_ws/install/ur_calibration/include/ur_calibration/calibration_consumer.hpp
[0.089s] -- Up-to-date: /home/rinav/ros2_ws/install/ur_calibration/share/ur_calibration/launch
[0.089s] -- Up-to-date: /home/rinav/ros2_ws/install/ur_calibration/share/ur_calibration/launch/calibration_correction.launch.py
[0.089s] -- Up-to-date: /home/rinav/ros2_ws/install/ur_calibration/share/ament_index/resource_index/package_run_dependencies/ur_calibration
[0.089s] -- Up-to-date: /home/rinav/ros2_ws/install/ur_calibration/share/ament_index/resource_index/parent_prefix_path/ur_calibration
[0.089s] -- Up-to-date: /home/rinav/ros2_ws/install/ur_calibration/share/ur_calibration/environment/ament_prefix_path.sh
[0.089s] -- Up-to-date: /home/rinav/ros2_ws/install/ur_calibration/share/ur_calibration/environment/ament_prefix_path.dsv
[0.089s] -- Up-to-date: /home/rinav/ros2_ws/install/ur_calibration/share/ur_calibration/environment/path.sh
[0.089s] -- Up-to-date: /home/rinav/ros2_ws/install/ur_calibration/share/ur_calibration/environment/path.dsv
[0.090s] -- Up-to-date: /home/rinav/ros2_ws/install/ur_calibration/share/ur_calibration/local_setup.bash
[0.090s] -- Up-to-date: /home/rinav/ros2_ws/install/ur_calibration/share/ur_calibration/local_setup.sh
[0.090s] -- Up-to-date: /home/rinav/ros2_ws/install/ur_calibration/share/ur_calibration/local_setup.zsh
[0.090s] -- Up-to-date: /home/rinav/ros2_ws/install/ur_calibration/share/ur_calibration/local_setup.dsv
[0.090s] -- Installing: /home/rinav/ros2_ws/install/ur_calibration/share/ur_calibration/package.dsv
[0.090s] -- Up-to-date: /home/rinav/ros2_ws/install/ur_calibration/share/ament_index/resource_index/packages/ur_calibration
[0.090s] -- Up-to-date: /home/rinav/ros2_ws/install/ur_calibration/share/ur_calibration/cmake/ament_cmake_export_include_directories-extras.cmake
[0.090s] -- Up-to-date: /home/rinav/ros2_ws/install/ur_calibration/share/ur_calibration/cmake/ament_cmake_export_dependencies-extras.cmake
[0.090s] -- Up-to-date: /home/rinav/ros2_ws/install/ur_calibration/share/ur_calibration/cmake/ur_calibrationConfig.cmake
[0.090s] -- Up-to-date: /home/rinav/ros2_ws/install/ur_calibration/share/ur_calibration/cmake/ur_calibrationConfig-version.cmake
[0.090s] -- Up-to-date: /home/rinav/ros2_ws/install/ur_calibration/share/ur_calibration/package.xml
[0.094s] Invoked command in '/home/rinav/ros2_ws/build/ur_calibration' returned '0': AMENT_PREFIX_PATH=/home/rinav/ros2_ws/install/ur_robot_driver:/home/rinav/ros2_ws/install/ur_controllers:/home/rinav/ros2_ws/install/ur_description:/home/rinav/ros2_ws/install/ur_dashboard_msgs:${AMENT_PREFIX_PATH} CMAKE_PREFIX_PATH=/home/rinav/ros2_ws/install/ur_robot_driver:/home/rinav/ros2_ws/install/ur_controllers:/home/rinav/ros2_ws/install/ur_description:/home/rinav/ros2_ws/install/ur_dashboard_msgs:/home/rinav/ros2_ws/install/husky_bringup:/home/rinav/ros2_ws/install/husky_base:/home/rinav/ros2_ws/install/husky_msgs:/home/rinav/ros2_ws/install/husky_control:/home/rinav/ros2_ws/install/husky_description:/home/rinav/ros2_ws/install/mobile_robotics:/opt/ros/humble LD_LIBRARY_PATH=/home/rinav/ros2_ws/install/ur_robot_driver/lib:/home/rinav/ros2_ws/install/ur_controllers/lib:/home/rinav/ros2_ws/install/ur_dashboard_msgs/lib:${LD_LIBRARY_PATH} PATH=/home/rinav/ros2_ws/install/ur_robot_driver/bin:${PATH} PYTHONPATH=/home/rinav/ros2_ws/install/ur_robot_driver/local/lib/python3.10/dist-packages:/home/rinav/ros2_ws/install/ur_dashboard_msgs/local/lib/python3.10/dist-packages:${PYTHONPATH} /usr/bin/cmake --install /home/rinav/ros2_ws/build/ur_calibration
