[0.075s] Invoking command in '/home/rinav/ros2_ws/build/husky_gazebo': AMENT_PREFIX_PATH=/home/rinav/ros2_ws/install/husky_control:/home/rinav/ros2_ws/install/husky_description:${AMENT_PREFIX_PATH} CMAKE_PREFIX_PATH=/home/rinav/ros2_ws/install/husky_control:/home/rinav/ros2_ws/install/husky_description:/opt/ros/humble /usr/bin/cmake --build /home/rinav/ros2_ws/build/husky_gazebo -- -j8 -l8
[0.251s] Invoked command in '/home/rinav/ros2_ws/build/husky_gazebo' returned '0': AMENT_PREFIX_PATH=/home/rinav/ros2_ws/install/husky_control:/home/rinav/ros2_ws/install/husky_description:${AMENT_PREFIX_PATH} CMAKE_PREFIX_PATH=/home/rinav/ros2_ws/install/husky_control:/home/rinav/ros2_ws/install/husky_description:/opt/ros/humble /usr/bin/cmake --build /home/rinav/ros2_ws/build/husky_gazebo -- -j8 -l8
[0.251s] Invoking command in '/home/rinav/ros2_ws/build/husky_gazebo': AMENT_PREFIX_PATH=/home/rinav/ros2_ws/install/husky_control:/home/rinav/ros2_ws/install/husky_description:${AMENT_PREFIX_PATH} CMAKE_PREFIX_PATH=/home/rinav/ros2_ws/install/husky_control:/home/rinav/ros2_ws/install/husky_description:/opt/ros/humble /usr/bin/cmake --install /home/rinav/ros2_ws/build/husky_gazebo
[0.268s] -- Install configuration: ""
[0.268s] -- Up-to-date: /home/rinav/ros2_ws/install/husky_gazebo/share/husky_gazebo/launch
[0.269s] -- Up-to-date: /home/rinav/ros2_ws/install/husky_gazebo/share/husky_gazebo/launch/multi_husky_playpen.launch
[0.269s] -- Up-to-date: /home/rinav/ros2_ws/install/husky_gazebo/share/husky_gazebo/launch/spawn_husky.launch
[0.269s] -- Up-to-date: /home/rinav/ros2_ws/install/husky_gazebo/share/husky_gazebo/launch/husky_ur3.launch.py
[0.269s] -- Up-to-date: /home/rinav/ros2_ws/install/husky_gazebo/share/husky_gazebo/launch/husky_playpen.launch.py
[0.269s] -- Up-to-date: /home/rinav/ros2_ws/install/husky_gazebo/share/husky_gazebo/launch/husky_playpen.launch
[0.269s] -- Up-to-date: /home/rinav/ros2_ws/install/husky_gazebo/share/husky_gazebo/launch/realsense.launch
[0.269s] -- Up-to-date: /home/rinav/ros2_ws/install/husky_gazebo/share/husky_gazebo/launch/gazebo.launch.py
[0.269s] -- Up-to-date: /home/rinav/ros2_ws/install/husky_gazebo/share/husky_gazebo/launch/husky_empty_world.launch
[0.269s] -- Up-to-date: /home/rinav/ros2_ws/install/husky_gazebo/share/husky_gazebo/launch/playpen.launch
[0.269s] -- Up-to-date: /home/rinav/ros2_ws/install/husky_gazebo/share/husky_gazebo/worlds
[0.269s] -- Up-to-date: /home/rinav/ros2_ws/install/husky_gazebo/share/husky_gazebo/worlds/clearpath_playpen.world
[0.269s] -- Up-to-date: /home/rinav/ros2_ws/install/husky_gazebo/share/husky_gazebo/worlds/clearpath_playpen.sdf
[0.270s] -- Up-to-date: /home/rinav/ros2_ws/install/husky_gazebo/share/ament_index/resource_index/package_run_dependencies/husky_gazebo
[0.273s] -- Up-to-date: /home/rinav/ros2_ws/install/husky_gazebo/share/ament_index/resource_index/parent_prefix_path/husky_gazebo
[0.273s] -- Up-to-date: /home/rinav/ros2_ws/install/husky_gazebo/share/husky_gazebo/environment/ament_prefix_path.sh
[0.274s] -- Up-to-date: /home/rinav/ros2_ws/install/husky_gazebo/share/husky_gazebo/environment/ament_prefix_path.dsv
[0.274s] -- Up-to-date: /home/rinav/ros2_ws/install/husky_gazebo/share/husky_gazebo/environment/path.sh
[0.274s] -- Up-to-date: /home/rinav/ros2_ws/install/husky_gazebo/share/husky_gazebo/environment/path.dsv
[0.274s] -- Up-to-date: /home/rinav/ros2_ws/install/husky_gazebo/share/husky_gazebo/local_setup.bash
[0.274s] -- Up-to-date: /home/rinav/ros2_ws/install/husky_gazebo/share/husky_gazebo/local_setup.sh
[0.274s] -- Up-to-date: /home/rinav/ros2_ws/install/husky_gazebo/share/husky_gazebo/local_setup.zsh
[0.274s] -- Up-to-date: /home/rinav/ros2_ws/install/husky_gazebo/share/husky_gazebo/local_setup.dsv
[0.274s] -- Installing: /home/rinav/ros2_ws/install/husky_gazebo/share/husky_gazebo/package.dsv
[0.289s] -- Up-to-date: /home/rinav/ros2_ws/install/husky_gazebo/share/ament_index/resource_index/packages/husky_gazebo
[0.290s] -- Up-to-date: /home/rinav/ros2_ws/install/husky_gazebo/share/husky_gazebo/cmake/husky_gazeboConfig.cmake
[0.290s] -- Up-to-date: /home/rinav/ros2_ws/install/husky_gazebo/share/husky_gazebo/cmake/husky_gazeboConfig-version.cmake
[0.291s] -- Up-to-date: /home/rinav/ros2_ws/install/husky_gazebo/share/husky_gazebo/package.xml
[0.397s] Invoked command in '/home/rinav/ros2_ws/build/husky_gazebo' returned '0': AMENT_PREFIX_PATH=/home/rinav/ros2_ws/install/husky_control:/home/rinav/ros2_ws/install/husky_description:${AMENT_PREFIX_PATH} CMAKE_PREFIX_PATH=/home/rinav/ros2_ws/install/husky_control:/home/rinav/ros2_ws/install/husky_description:/opt/ros/humble /usr/bin/cmake --install /home/rinav/ros2_ws/build/husky_gazebo
