[  1%] Built target pointcloud_messages
[  2%] Built target gmock
[  3%] Built target gtest
[  4%] Built target gtest_main
[  5%] Built target point_cloud_common_page_object
[  5%] Built target gmock_main
[  6%] Built target display_test_fixture
[  6%] Built target accel_display_visual_test
[  7%] Built target twist_display_visual_test
[  8%] Built target depth_cloud_display_visual_test
[  9%] Built target effort_display_visual_test
[ 61%] Built target rviz_default_plugins
[ 62%] Built target get_transport_from_topic_test
[ 62%] Built target frame_view_controller_test
[ 63%] Built target grid_cells_display_test
[ 64%] Built target fps_view_controller_test
[ 65%] Built target marker_common_test
[ 66%] Built target image_display_test
[ 66%] Built target frame_info_test
[ 69%] Built target marker_test
[ 70%] Built target orbit_view_controller_test
[ 70%] Built target measure_tool_test
[ 71%] Built target odometry_display_test
[ 72%] Built target map_display_test
[ 73%] Built target odometry_ogre_helper_test
[ 73%] Built target ortho_view_controller_test
[ 74%] Built target palette_builder_test
[ 74%] Built target path_display_test
[ 74%] Built target point_cloud2_display_test
[ 74%] Built target point_cloud_common_test
[ 75%] Built target point_display_test
[ 75%] Built target point_cloud_scalar_display_test
[ 76%] Built target pose_array_display_test
[ 78%] Built target point_cloud_transformers_test
[ 79%] Built target pose_tool_test
[ 79%] Built target range_display_test
[ 79%] Built target robot_test
[ 80%] Built target ros_image_texture_test
[ 80%] Built target selection_tool_test
[ 81%] Built target frame_transformer_tf_test
[ 82%] Built target xy_orbit_view_controller_test
[ 82%] Built target transformer_guard_test
[ 83%] Built target axes_display_visual_test
[ 84%] Built target camera_display_visual_test
[ 84%] Built target fluid_pressure_display_visual_test
[ 85%] Built target grid_cells_display_visual_test
[ 85%] Built target illuminance_display_visual_test
[ 85%] Built target grid_display_visual_test
[ 85%] Built target image_display_visual_test
[ 86%] Built target interactive_marker_namespace_property_test
[ 87%] Built target map_display_visual_test
[ 87%] Built target laser_scan_display_visual_test
[ 88%] Built target marker_array_display_visual_test
[ 89%] Built target marker_display_visual_test
[ 89%] Built target odometry_display_visual_test
[ 90%] Built target path_display_visual_test
[ 90%] Built target point_display_visual_test
[ 91%] Built target point_cloud_display_visual_test
[ 92%] Built target pose_array_display_visual_test
[ 92%] Built target pose_display_visual_test
[ 93%] Built target point_cloud2_display_visual_test
[ 94%] Built target range_display_visual_test
[ 95%] Built target pose_with_covariance_display_visual_test
[ 96%] Built target temperature_display_visual_test
[ 97%] Built target robot_model_display_visual_test
[ 98%] Built target relative_humidity_display_visual_test
[ 99%] Built target tf_display_visual_test
[100%] Built target wrench_display_visual_test
-- Install configuration: ""
-- Up-to-date: /home/rinav/ros2_ws/install/rviz_default_plugins/share/rviz_default_plugins/plugins_description.xml
-- Up-to-date: /home/rinav/ros2_ws/install/rviz_default_plugins/share/rviz_default_plugins/environment/library_path.sh
-- Up-to-date: /home/rinav/ros2_ws/install/rviz_default_plugins/share/rviz_default_plugins/environment/library_path.dsv
-- Up-to-date: /home/rinav/ros2_ws/install/rviz_default_plugins/lib/librviz_default_plugins.so
-- Up-to-date: /home/rinav/ros2_ws/install/rviz_default_plugins/include/rviz_default_plugins
-- Up-to-date: /home/rinav/ros2_ws/install/rviz_default_plugins/include/rviz_default_plugins/rviz_default_plugins
-- Up-to-date: /home/rinav/ros2_ws/install/rviz_default_plugins/include/rviz_default_plugins/rviz_default_plugins/visibility_control.hpp
-- Up-to-date: /home/rinav/ros2_ws/install/rviz_default_plugins/include/rviz_default_plugins/rviz_default_plugins/displays
-- Up-to-date: /home/rinav/ros2_ws/install/rviz_default_plugins/include/rviz_default_plugins/rviz_default_plugins/displays/pose_array
-- Up-to-date: /home/rinav/ros2_ws/install/rviz_default_plugins/include/rviz_default_plugins/rviz_default_plugins/displays/pose_array/flat_arrows_array.hpp
-- Up-to-date: /home/rinav/ros2_ws/install/rviz_default_plugins/include/rviz_default_plugins/rviz_default_plugins/displays/pose_array/pose_array_display.hpp
-- Up-to-date: /home/rinav/ros2_ws/install/rviz_default_plugins/include/rviz_default_plugins/rviz_default_plugins/displays/marker
-- Up-to-date: /home/rinav/ros2_ws/install/rviz_default_plugins/include/rviz_default_plugins/rviz_default_plugins/displays/marker/markers
-- Up-to-date: /home/rinav/ros2_ws/install/rviz_default_plugins/include/rviz_default_plugins/rviz_default_plugins/displays/marker/markers/shape_marker.hpp
-- Up-to-date: /home/rinav/ros2_ws/install/rviz_default_plugins/include/rviz_default_plugins/rviz_default_plugins/displays/marker/markers/marker_selection_handler.hpp
-- Up-to-date: /home/rinav/ros2_ws/install/rviz_default_plugins/include/rviz_default_plugins/rviz_default_plugins/displays/marker/markers/text_view_facing_marker.hpp
-- Up-to-date: /home/rinav/ros2_ws/install/rviz_default_plugins/include/rviz_default_plugins/rviz_default_plugins/displays/marker/markers/points_marker.hpp
-- Up-to-date: /home/rinav/ros2_ws/install/rviz_default_plugins/include/rviz_default_plugins/rviz_default_plugins/displays/marker/markers/line_strip_marker.hpp
-- Up-to-date: /home/rinav/ros2_ws/install/rviz_default_plugins/include/rviz_default_plugins/rviz_default_plugins/displays/marker/markers/marker_base.hpp
-- Up-to-date: /home/rinav/ros2_ws/install/rviz_default_plugins/include/rviz_default_plugins/rviz_default_plugins/displays/marker/markers/line_marker_base.hpp
-- Up-to-date: /home/rinav/ros2_ws/install/rviz_default_plugins/include/rviz_default_plugins/rviz_default_plugins/displays/marker/markers/line_list_marker.hpp
-- Up-to-date: /home/rinav/ros2_ws/install/rviz_default_plugins/include/rviz_default_plugins/rviz_default_plugins/displays/marker/markers/marker_factory.hpp
-- Up-to-date: /home/rinav/ros2_ws/install/rviz_default_plugins/include/rviz_default_plugins/rviz_default_plugins/displays/marker/markers/arrow_marker.hpp
-- Up-to-date: /home/rinav/ros2_ws/install/rviz_default_plugins/include/rviz_default_plugins/rviz_default_plugins/displays/marker/markers/mesh_resource_marker.hpp
-- Up-to-date: /home/rinav/ros2_ws/install/rviz_default_plugins/include/rviz_default_plugins/rviz_default_plugins/displays/marker/markers/triangle_list_marker.hpp
-- Up-to-date: /home/rinav/ros2_ws/install/rviz_default_plugins/include/rviz_default_plugins/rviz_default_plugins/displays/marker/marker_common.hpp
-- Up-to-date: /home/rinav/ros2_ws/install/rviz_default_plugins/include/rviz_default_plugins/rviz_default_plugins/displays/marker/marker_display.hpp
-- Up-to-date: /home/rinav/ros2_ws/install/rviz_default_plugins/include/rviz_default_plugins/rviz_default_plugins/displays/image
-- Up-to-date: /home/rinav/ros2_ws/install/rviz_default_plugins/include/rviz_default_plugins/rviz_default_plugins/displays/image/ros_image_texture.hpp
-- Up-to-date: /home/rinav/ros2_ws/install/rviz_default_plugins/include/rviz_default_plugins/rviz_default_plugins/displays/image/image_display.hpp
-- Up-to-date: /home/rinav/ros2_ws/install/rviz_default_plugins/include/rviz_default_plugins/rviz_default_plugins/displays/image/image_transport_display.hpp
-- Up-to-date: /home/rinav/ros2_ws/install/rviz_default_plugins/include/rviz_default_plugins/rviz_default_plugins/displays/image/get_transport_from_topic.hpp
-- Up-to-date: /home/rinav/ros2_ws/install/rviz_default_plugins/include/rviz_default_plugins/rviz_default_plugins/displays/image/ros_image_texture_iface.hpp
-- Up-to-date: /home/rinav/ros2_ws/install/rviz_default_plugins/include/rviz_default_plugins/rviz_default_plugins/displays/laser_scan
-- Up-to-date: /home/rinav/ros2_ws/install/rviz_default_plugins/include/rviz_default_plugins/rviz_default_plugins/displays/laser_scan/laser_scan_display.hpp
-- Up-to-date: /home/rinav/ros2_ws/install/rviz_default_plugins/include/rviz_default_plugins/rviz_default_plugins/displays/path
-- Up-to-date: /home/rinav/ros2_ws/install/rviz_default_plugins/include/rviz_default_plugins/rviz_default_plugins/displays/path/path_display.hpp
-- Up-to-date: /home/rinav/ros2_ws/install/rviz_default_plugins/include/rviz_default_plugins/rviz_default_plugins/displays/accel
-- Up-to-date: /home/rinav/ros2_ws/install/rviz_default_plugins/include/rviz_default_plugins/rviz_default_plugins/displays/accel/accel_display.hpp
-- Up-to-date: /home/rinav/ros2_ws/install/rviz_default_plugins/include/rviz_default_plugins/rviz_default_plugins/displays/twist
-- Up-to-date: /home/rinav/ros2_ws/install/rviz_default_plugins/include/rviz_default_plugins/rviz_default_plugins/displays/twist/twist_display.hpp
-- Up-to-date: /home/rinav/ros2_ws/install/rviz_default_plugins/include/rviz_default_plugins/rviz_default_plugins/displays/illuminance
-- Up-to-date: /home/rinav/ros2_ws/install/rviz_default_plugins/include/rviz_default_plugins/rviz_default_plugins/displays/illuminance/illuminance_display.hpp
-- Up-to-date: /home/rinav/ros2_ws/install/rviz_default_plugins/include/rviz_default_plugins/rviz_default_plugins/displays/wrench
-- Up-to-date: /home/rinav/ros2_ws/install/rviz_default_plugins/include/rviz_default_plugins/rviz_default_plugins/displays/wrench/wrench_display.hpp
-- Up-to-date: /home/rinav/ros2_ws/install/rviz_default_plugins/include/rviz_default_plugins/rviz_default_plugins/displays/camera
-- Up-to-date: /home/rinav/ros2_ws/install/rviz_default_plugins/include/rviz_default_plugins/rviz_default_plugins/displays/camera/camera_display.hpp
-- Up-to-date: /home/rinav/ros2_ws/install/rviz_default_plugins/include/rviz_default_plugins/rviz_default_plugins/displays/grid_cells
-- Up-to-date: /home/rinav/ros2_ws/install/rviz_default_plugins/include/rviz_default_plugins/rviz_default_plugins/displays/grid_cells/grid_cells_display.hpp
-- Up-to-date: /home/rinav/ros2_ws/install/rviz_default_plugins/include/rviz_default_plugins/rviz_default_plugins/displays/depth_cloud
-- Up-to-date: /home/rinav/ros2_ws/install/rviz_default_plugins/include/rviz_default_plugins/rviz_default_plugins/displays/depth_cloud/depth_cloud_display.hpp
-- Up-to-date: /home/rinav/ros2_ws/install/rviz_default_plugins/include/rviz_default_plugins/rviz_default_plugins/displays/fluid_pressure
-- Up-to-date: /home/rinav/ros2_ws/install/rviz_default_plugins/include/rviz_default_plugins/rviz_default_plugins/displays/fluid_pressure/fluid_pressure_display.hpp
-- Up-to-date: /home/rinav/ros2_ws/install/rviz_default_plugins/include/rviz_default_plugins/rviz_default_plugins/displays/polygon
-- Up-to-date: /home/rinav/ros2_ws/install/rviz_default_plugins/include/rviz_default_plugins/rviz_default_plugins/displays/polygon/polygon_display.hpp
-- Up-to-date: /home/rinav/ros2_ws/install/rviz_default_plugins/include/rviz_default_plugins/rviz_default_plugins/displays/screw
-- Up-to-date: /home/rinav/ros2_ws/install/rviz_default_plugins/include/rviz_default_plugins/rviz_default_plugins/displays/screw/screw_display.hpp
-- Up-to-date: /home/rinav/ros2_ws/install/rviz_default_plugins/include/rviz_default_plugins/rviz_default_plugins/displays/pose_covariance
-- Up-to-date: /home/rinav/ros2_ws/install/rviz_default_plugins/include/rviz_default_plugins/rviz_default_plugins/displays/pose_covariance/pose_with_covariance_display.hpp
-- Up-to-date: /home/rinav/ros2_ws/install/rviz_default_plugins/include/rviz_default_plugins/rviz_default_plugins/displays/axes
-- Up-to-date: /home/rinav/ros2_ws/install/rviz_default_plugins/include/rviz_default_plugins/rviz_default_plugins/displays/axes/axes_display.hpp
-- Up-to-date: /home/rinav/ros2_ws/install/rviz_default_plugins/include/rviz_default_plugins/rviz_default_plugins/displays/point
-- Up-to-date: /home/rinav/ros2_ws/install/rviz_default_plugins/include/rviz_default_plugins/rviz_default_plugins/displays/point/point_stamped_display.hpp
-- Up-to-date: /home/rinav/ros2_ws/install/rviz_default_plugins/include/rviz_default_plugins/rviz_default_plugins/displays/temperature
-- Up-to-date: /home/rinav/ros2_ws/install/rviz_default_plugins/include/rviz_default_plugins/rviz_default_plugins/displays/temperature/temperature_display.hpp
-- Up-to-date: /home/rinav/ros2_ws/install/rviz_default_plugins/include/rviz_default_plugins/rviz_default_plugins/displays/pose
-- Up-to-date: /home/rinav/ros2_ws/install/rviz_default_plugins/include/rviz_default_plugins/rviz_default_plugins/displays/pose/pose_display.hpp
-- Up-to-date: /home/rinav/ros2_ws/install/rviz_default_plugins/include/rviz_default_plugins/rviz_default_plugins/displays/pose/pose_display_selection_handler.hpp
-- Up-to-date: /home/rinav/ros2_ws/install/rviz_default_plugins/include/rviz_default_plugins/rviz_default_plugins/displays/robot_model
-- Up-to-date: /home/rinav/ros2_ws/install/rviz_default_plugins/include/rviz_default_plugins/rviz_default_plugins/displays/robot_model/robot_model_display.hpp
-- Up-to-date: /home/rinav/ros2_ws/install/rviz_default_plugins/include/rviz_default_plugins/rviz_default_plugins/displays/tf
-- Up-to-date: /home/rinav/ros2_ws/install/rviz_default_plugins/include/rviz_default_plugins/rviz_default_plugins/displays/tf/frame_selection_handler.hpp
-- Up-to-date: /home/rinav/ros2_ws/install/rviz_default_plugins/include/rviz_default_plugins/rviz_default_plugins/displays/tf/tf_display.hpp
-- Up-to-date: /home/rinav/ros2_ws/install/rviz_default_plugins/include/rviz_default_plugins/rviz_default_plugins/displays/tf/frame_info.hpp
-- Up-to-date: /home/rinav/ros2_ws/install/rviz_default_plugins/include/rviz_default_plugins/rviz_default_plugins/displays/odometry
-- Up-to-date: /home/rinav/ros2_ws/install/rviz_default_plugins/include/rviz_default_plugins/rviz_default_plugins/displays/odometry/odometry_display.hpp
-- Up-to-date: /home/rinav/ros2_ws/install/rviz_default_plugins/include/rviz_default_plugins/rviz_default_plugins/displays/map
-- Up-to-date: /home/rinav/ros2_ws/install/rviz_default_plugins/include/rviz_default_plugins/rviz_default_plugins/displays/map/palette_builder.hpp
-- Up-to-date: /home/rinav/ros2_ws/install/rviz_default_plugins/include/rviz_default_plugins/rviz_default_plugins/displays/map/map_display.hpp
-- Up-to-date: /home/rinav/ros2_ws/install/rviz_default_plugins/include/rviz_default_plugins/rviz_default_plugins/displays/map/swatch.hpp
-- Up-to-date: /home/rinav/ros2_ws/install/rviz_default_plugins/include/rviz_default_plugins/rviz_default_plugins/displays/range
-- Up-to-date: /home/rinav/ros2_ws/install/rviz_default_plugins/include/rviz_default_plugins/rviz_default_plugins/displays/range/range_display.hpp
-- Up-to-date: /home/rinav/ros2_ws/install/rviz_default_plugins/include/rviz_default_plugins/rviz_default_plugins/displays/effort
-- Up-to-date: /home/rinav/ros2_ws/install/rviz_default_plugins/include/rviz_default_plugins/rviz_default_plugins/displays/effort/effort_display.hpp
-- Up-to-date: /home/rinav/ros2_ws/install/rviz_default_plugins/include/rviz_default_plugins/rviz_default_plugins/displays/grid
-- Up-to-date: /home/rinav/ros2_ws/install/rviz_default_plugins/include/rviz_default_plugins/rviz_default_plugins/displays/grid/grid_display.hpp
-- Up-to-date: /home/rinav/ros2_ws/install/rviz_default_plugins/include/rviz_default_plugins/rviz_default_plugins/displays/interactive_markers
-- Up-to-date: /home/rinav/ros2_ws/install/rviz_default_plugins/include/rviz_default_plugins/rviz_default_plugins/displays/interactive_markers/interactive_marker_namespace_property.hpp
-- Up-to-date: /home/rinav/ros2_ws/install/rviz_default_plugins/include/rviz_default_plugins/rviz_default_plugins/displays/interactive_markers/interactive_marker_display.hpp
-- Up-to-date: /home/rinav/ros2_ws/install/rviz_default_plugins/include/rviz_default_plugins/rviz_default_plugins/displays/interactive_markers/integer_action.hpp
-- Up-to-date: /home/rinav/ros2_ws/install/rviz_default_plugins/include/rviz_default_plugins/rviz_default_plugins/displays/interactive_markers/interactive_marker_control.hpp
-- Up-to-date: /home/rinav/ros2_ws/install/rviz_default_plugins/include/rviz_default_plugins/rviz_default_plugins/displays/interactive_markers/interactive_marker.hpp
-- Up-to-date: /home/rinav/ros2_ws/install/rviz_default_plugins/include/rviz_default_plugins/rviz_default_plugins/displays/marker_array
-- Up-to-date: /home/rinav/ros2_ws/install/rviz_default_plugins/include/rviz_default_plugins/rviz_default_plugins/displays/marker_array/marker_array_display.hpp
-- Up-to-date: /home/rinav/ros2_ws/install/rviz_default_plugins/include/rviz_default_plugins/rviz_default_plugins/displays/pointcloud
-- Up-to-date: /home/rinav/ros2_ws/install/rviz_default_plugins/include/rviz_default_plugins/rviz_default_plugins/displays/pointcloud/point_cloud2_display.hpp
-- Up-to-date: /home/rinav/ros2_ws/install/rviz_default_plugins/include/rviz_default_plugins/rviz_default_plugins/displays/pointcloud/point_cloud_to_point_cloud2.hpp
-- Up-to-date: /home/rinav/ros2_ws/install/rviz_default_plugins/include/rviz_default_plugins/rviz_default_plugins/displays/pointcloud/point_cloud_scalar_display.hpp
-- Up-to-date: /home/rinav/ros2_ws/install/rviz_default_plugins/include/rviz_default_plugins/rviz_default_plugins/displays/pointcloud/point_cloud_display.hpp
-- Up-to-date: /home/rinav/ros2_ws/install/rviz_default_plugins/include/rviz_default_plugins/rviz_default_plugins/displays/pointcloud/point_cloud_transformer_factory.hpp
-- Up-to-date: /home/rinav/ros2_ws/install/rviz_default_plugins/include/rviz_default_plugins/rviz_default_plugins/displays/pointcloud/point_cloud_selection_handler.hpp
-- Up-to-date: /home/rinav/ros2_ws/install/rviz_default_plugins/include/rviz_default_plugins/rviz_default_plugins/displays/pointcloud/transformers
-- Up-to-date: /home/rinav/ros2_ws/install/rviz_default_plugins/include/rviz_default_plugins/rviz_default_plugins/displays/pointcloud/transformers/axis_color_pc_transformer.hpp
-- Up-to-date: /home/rinav/ros2_ws/install/rviz_default_plugins/include/rviz_default_plugins/rviz_default_plugins/displays/pointcloud/transformers/flat_color_pc_transformer.hpp
-- Up-to-date: /home/rinav/ros2_ws/install/rviz_default_plugins/include/rviz_default_plugins/rviz_default_plugins/displays/pointcloud/transformers/xyz_pc_transformer.hpp
-- Up-to-date: /home/rinav/ros2_ws/install/rviz_default_plugins/include/rviz_default_plugins/rviz_default_plugins/displays/pointcloud/transformers/rgbf32_pc_transformer.hpp
-- Up-to-date: /home/rinav/ros2_ws/install/rviz_default_plugins/include/rviz_default_plugins/rviz_default_plugins/displays/pointcloud/transformers/rgb8_pc_transformer.hpp
-- Up-to-date: /home/rinav/ros2_ws/install/rviz_default_plugins/include/rviz_default_plugins/rviz_default_plugins/displays/pointcloud/transformers/intensity_pc_transformer.hpp
-- Up-to-date: /home/rinav/ros2_ws/install/rviz_default_plugins/include/rviz_default_plugins/rviz_default_plugins/displays/pointcloud/point_cloud_helpers.hpp
-- Up-to-date: /home/rinav/ros2_ws/install/rviz_default_plugins/include/rviz_default_plugins/rviz_default_plugins/displays/pointcloud/point_cloud_common.hpp
-- Up-to-date: /home/rinav/ros2_ws/install/rviz_default_plugins/include/rviz_default_plugins/rviz_default_plugins/displays/pointcloud/point_cloud_transformer.hpp
-- Up-to-date: /home/rinav/ros2_ws/install/rviz_default_plugins/include/rviz_default_plugins/rviz_default_plugins/displays/relative_humidity
-- Up-to-date: /home/rinav/ros2_ws/install/rviz_default_plugins/include/rviz_default_plugins/rviz_default_plugins/displays/relative_humidity/relative_humidity_display.hpp
-- Up-to-date: /home/rinav/ros2_ws/install/rviz_default_plugins/include/rviz_default_plugins/rviz_default_plugins/tools
-- Up-to-date: /home/rinav/ros2_ws/install/rviz_default_plugins/include/rviz_default_plugins/rviz_default_plugins/tools/move
-- Up-to-date: /home/rinav/ros2_ws/install/rviz_default_plugins/include/rviz_default_plugins/rviz_default_plugins/tools/move/move_tool.hpp
-- Up-to-date: /home/rinav/ros2_ws/install/rviz_default_plugins/include/rviz_default_plugins/rviz_default_plugins/tools/goal_pose
-- Up-to-date: /home/rinav/ros2_ws/install/rviz_default_plugins/include/rviz_default_plugins/rviz_default_plugins/tools/goal_pose/goal_tool.hpp
-- Up-to-date: /home/rinav/ros2_ws/install/rviz_default_plugins/include/rviz_default_plugins/rviz_default_plugins/tools/measure
-- Up-to-date: /home/rinav/ros2_ws/install/rviz_default_plugins/include/rviz_default_plugins/rviz_default_plugins/tools/measure/measure_tool.hpp
-- Up-to-date: /home/rinav/ros2_ws/install/rviz_default_plugins/include/rviz_default_plugins/rviz_default_plugins/tools/point
-- Up-to-date: /home/rinav/ros2_ws/install/rviz_default_plugins/include/rviz_default_plugins/rviz_default_plugins/tools/point/point_tool.hpp
-- Up-to-date: /home/rinav/ros2_ws/install/rviz_default_plugins/include/rviz_default_plugins/rviz_default_plugins/tools/pose_estimate
-- Up-to-date: /home/rinav/ros2_ws/install/rviz_default_plugins/include/rviz_default_plugins/rviz_default_plugins/tools/pose_estimate/initial_pose_tool.hpp
-- Up-to-date: /home/rinav/ros2_ws/install/rviz_default_plugins/include/rviz_default_plugins/rviz_default_plugins/tools/pose
-- Up-to-date: /home/rinav/ros2_ws/install/rviz_default_plugins/include/rviz_default_plugins/rviz_default_plugins/tools/pose/pose_tool.hpp
-- Up-to-date: /home/rinav/ros2_ws/install/rviz_default_plugins/include/rviz_default_plugins/rviz_default_plugins/tools/select
-- Up-to-date: /home/rinav/ros2_ws/install/rviz_default_plugins/include/rviz_default_plugins/rviz_default_plugins/tools/select/selection_tool.hpp
-- Up-to-date: /home/rinav/ros2_ws/install/rviz_default_plugins/include/rviz_default_plugins/rviz_default_plugins/tools/focus
-- Up-to-date: /home/rinav/ros2_ws/install/rviz_default_plugins/include/rviz_default_plugins/rviz_default_plugins/tools/focus/focus_tool.hpp
-- Up-to-date: /home/rinav/ros2_ws/install/rviz_default_plugins/include/rviz_default_plugins/rviz_default_plugins/tools/interaction
-- Up-to-date: /home/rinav/ros2_ws/install/rviz_default_plugins/include/rviz_default_plugins/rviz_default_plugins/tools/interaction/interaction_tool.hpp
-- Up-to-date: /home/rinav/ros2_ws/install/rviz_default_plugins/include/rviz_default_plugins/rviz_default_plugins/view_controllers
-- Up-to-date: /home/rinav/ros2_ws/install/rviz_default_plugins/include/rviz_default_plugins/rviz_default_plugins/view_controllers/orbit
-- Up-to-date: /home/rinav/ros2_ws/install/rviz_default_plugins/include/rviz_default_plugins/rviz_default_plugins/view_controllers/orbit/orbit_view_controller.hpp
-- Up-to-date: /home/rinav/ros2_ws/install/rviz_default_plugins/include/rviz_default_plugins/rviz_default_plugins/view_controllers/frame
-- Up-to-date: /home/rinav/ros2_ws/install/rviz_default_plugins/include/rviz_default_plugins/rviz_default_plugins/view_controllers/frame/frame_view_controller.hpp
-- Up-to-date: /home/rinav/ros2_ws/install/rviz_default_plugins/include/rviz_default_plugins/rviz_default_plugins/view_controllers/follower
-- Up-to-date: /home/rinav/ros2_ws/install/rviz_default_plugins/include/rviz_default_plugins/rviz_default_plugins/view_controllers/follower/third_person_follower_view_controller.hpp
-- Up-to-date: /home/rinav/ros2_ws/install/rviz_default_plugins/include/rviz_default_plugins/rviz_default_plugins/view_controllers/ortho
-- Up-to-date: /home/rinav/ros2_ws/install/rviz_default_plugins/include/rviz_default_plugins/rviz_default_plugins/view_controllers/ortho/fixed_orientation_ortho_view_controller.hpp
-- Up-to-date: /home/rinav/ros2_ws/install/rviz_default_plugins/include/rviz_default_plugins/rviz_default_plugins/view_controllers/xy_orbit
-- Up-to-date: /home/rinav/ros2_ws/install/rviz_default_plugins/include/rviz_default_plugins/rviz_default_plugins/view_controllers/xy_orbit/xy_orbit_view_controller.hpp
-- Up-to-date: /home/rinav/ros2_ws/install/rviz_default_plugins/include/rviz_default_plugins/rviz_default_plugins/view_controllers/fps
-- Up-to-date: /home/rinav/ros2_ws/install/rviz_default_plugins/include/rviz_default_plugins/rviz_default_plugins/view_controllers/fps/fps_view_controller.hpp
-- Up-to-date: /home/rinav/ros2_ws/install/rviz_default_plugins/include/rviz_default_plugins/rviz_default_plugins/robot
-- Up-to-date: /home/rinav/ros2_ws/install/rviz_default_plugins/include/rviz_default_plugins/rviz_default_plugins/robot/robot_joint.hpp
-- Up-to-date: /home/rinav/ros2_ws/install/rviz_default_plugins/include/rviz_default_plugins/rviz_default_plugins/robot/link_updater.hpp
-- Up-to-date: /home/rinav/ros2_ws/install/rviz_default_plugins/include/rviz_default_plugins/rviz_default_plugins/robot/robot_element_base_class.hpp
-- Up-to-date: /home/rinav/ros2_ws/install/rviz_default_plugins/include/rviz_default_plugins/rviz_default_plugins/robot/tf_link_updater.hpp
-- Up-to-date: /home/rinav/ros2_ws/install/rviz_default_plugins/include/rviz_default_plugins/rviz_default_plugins/robot/robot_link.hpp
-- Up-to-date: /home/rinav/ros2_ws/install/rviz_default_plugins/include/rviz_default_plugins/rviz_default_plugins/robot/robot.hpp
-- Up-to-date: /home/rinav/ros2_ws/install/rviz_default_plugins/include/rviz_default_plugins/rviz_default_plugins/transformation
-- Up-to-date: /home/rinav/ros2_ws/install/rviz_default_plugins/include/rviz_default_plugins/rviz_default_plugins/transformation/transformer_guard.hpp
-- Up-to-date: /home/rinav/ros2_ws/install/rviz_default_plugins/include/rviz_default_plugins/rviz_default_plugins/transformation/tf_frame_transformer.hpp
-- Up-to-date: /home/rinav/ros2_ws/install/rviz_default_plugins/include/rviz_default_plugins/rviz_default_plugins/transformation/tf_wrapper.hpp
-- Up-to-date: /home/rinav/ros2_ws/install/rviz_default_plugins/share/rviz_default_plugins/icons
-- Up-to-date: /home/rinav/ros2_ws/install/rviz_default_plugins/share/rviz_default_plugins/icons/classes
-- Up-to-date: /home/rinav/ros2_ws/install/rviz_default_plugins/share/rviz_default_plugins/icons/classes/PoseArray.png
-- Up-to-date: /home/rinav/ros2_ws/install/rviz_default_plugins/share/rviz_default_plugins/icons/classes/Temperature.png
-- Up-to-date: /home/rinav/ros2_ws/install/rviz_default_plugins/share/rviz_default_plugins/icons/classes/RobotLinkNoGeom.png
-- Up-to-date: /home/rinav/ros2_ws/install/rviz_default_plugins/share/rviz_default_plugins/icons/classes/RobotLink.png
-- Up-to-date: /home/rinav/ros2_ws/install/rviz_default_plugins/share/rviz_default_plugins/icons/classes/PointCloud.png
-- Up-to-date: /home/rinav/ros2_ws/install/rviz_default_plugins/share/rviz_default_plugins/icons/classes/Illuminance.png
-- Up-to-date: /home/rinav/ros2_ws/install/rviz_default_plugins/share/rviz_default_plugins/icons/classes/LaserScan.png
-- Up-to-date: /home/rinav/ros2_ws/install/rviz_default_plugins/share/rviz_default_plugins/icons/classes/Wrench.png
-- Up-to-date: /home/rinav/ros2_ws/install/rviz_default_plugins/share/rviz_default_plugins/icons/classes/PoseWithCovariance.png
-- Up-to-date: /home/rinav/ros2_ws/install/rviz_default_plugins/share/rviz_default_plugins/icons/classes/Pose.png
-- Up-to-date: /home/rinav/ros2_ws/install/rviz_default_plugins/share/rviz_default_plugins/icons/classes/RobotJoint.png
-- Up-to-date: /home/rinav/ros2_ws/install/rviz_default_plugins/share/rviz_default_plugins/icons/classes/Odometry.png
-- Up-to-date: /home/rinav/ros2_ws/install/rviz_default_plugins/share/rviz_default_plugins/icons/classes/Grid.png
-- Up-to-date: /home/rinav/ros2_ws/install/rviz_default_plugins/share/rviz_default_plugins/icons/classes/SetGoal.png
-- Up-to-date: /home/rinav/ros2_ws/install/rviz_default_plugins/share/rviz_default_plugins/icons/classes/Camera.png
-- Up-to-date: /home/rinav/ros2_ws/install/rviz_default_plugins/share/rviz_default_plugins/icons/classes/Select.png
-- Up-to-date: /home/rinav/ros2_ws/install/rviz_default_plugins/share/rviz_default_plugins/icons/classes/Map.png
-- Up-to-date: /home/rinav/ros2_ws/install/rviz_default_plugins/share/rviz_default_plugins/icons/classes/Path.png
-- Up-to-date: /home/rinav/ros2_ws/install/rviz_default_plugins/share/rviz_default_plugins/icons/classes/AccelStamped.png
-- Up-to-date: /home/rinav/ros2_ws/install/rviz_default_plugins/share/rviz_default_plugins/icons/classes/DepthCloud.png
-- Up-to-date: /home/rinav/ros2_ws/install/rviz_default_plugins/share/rviz_default_plugins/icons/classes/TF.png
-- Up-to-date: /home/rinav/ros2_ws/install/rviz_default_plugins/share/rviz_default_plugins/icons/classes/PointStamped.png
-- Up-to-date: /home/rinav/ros2_ws/install/rviz_default_plugins/share/rviz_default_plugins/icons/classes/Effort.png
-- Up-to-date: /home/rinav/ros2_ws/install/rviz_default_plugins/share/rviz_default_plugins/icons/classes/PointCloud2.png
-- Up-to-date: /home/rinav/ros2_ws/install/rviz_default_plugins/share/rviz_default_plugins/icons/classes/Axes.png
-- Up-to-date: /home/rinav/ros2_ws/install/rviz_default_plugins/share/rviz_default_plugins/icons/classes/Interact.png
-- Up-to-date: /home/rinav/ros2_ws/install/rviz_default_plugins/share/rviz_default_plugins/icons/classes/Range.png
-- Up-to-date: /home/rinav/ros2_ws/install/rviz_default_plugins/share/rviz_default_plugins/icons/classes/TwistStamped.png
-- Up-to-date: /home/rinav/ros2_ws/install/rviz_default_plugins/share/rviz_default_plugins/icons/classes/MarkerArray.png
-- Up-to-date: /home/rinav/ros2_ws/install/rviz_default_plugins/share/rviz_default_plugins/icons/classes/RelativeHumidity.png
-- Up-to-date: /home/rinav/ros2_ws/install/rviz_default_plugins/share/rviz_default_plugins/icons/classes/SetInitialPose.png
-- Up-to-date: /home/rinav/ros2_ws/install/rviz_default_plugins/share/rviz_default_plugins/icons/classes/RobotModel.png
-- Up-to-date: /home/rinav/ros2_ws/install/rviz_default_plugins/share/rviz_default_plugins/icons/classes/Image.png
-- Up-to-date: /home/rinav/ros2_ws/install/rviz_default_plugins/share/rviz_default_plugins/icons/classes/FluidPressure.png
-- Up-to-date: /home/rinav/ros2_ws/install/rviz_default_plugins/share/rviz_default_plugins/icons/classes/InteractiveMarkers.png
-- Up-to-date: /home/rinav/ros2_ws/install/rviz_default_plugins/share/rviz_default_plugins/icons/classes/Measure.svg
-- Up-to-date: /home/rinav/ros2_ws/install/rviz_default_plugins/share/rviz_default_plugins/icons/classes/src
-- Up-to-date: /home/rinav/ros2_ws/install/rviz_default_plugins/share/rviz_default_plugins/icons/classes/src/RobotModel.xcf
-- Up-to-date: /home/rinav/ros2_ws/install/rviz_default_plugins/share/rviz_default_plugins/icons/classes/src/Arrow.xcf
-- Up-to-date: /home/rinav/ros2_ws/install/rviz_default_plugins/share/rviz_default_plugins/icons/classes/src/Poly.xcf
-- Up-to-date: /home/rinav/ros2_ws/install/rviz_default_plugins/share/rviz_default_plugins/icons/classes/src/TF.xcf
-- Up-to-date: /home/rinav/ros2_ws/install/rviz_default_plugins/share/rviz_default_plugins/icons/classes/src/MarkerArray.xcf
-- Up-to-date: /home/rinav/ros2_ws/install/rviz_default_plugins/share/rviz_default_plugins/icons/classes/src/Map.xcf
-- Up-to-date: /home/rinav/ros2_ws/install/rviz_default_plugins/share/rviz_default_plugins/icons/classes/src/Axes.xcf
-- Up-to-date: /home/rinav/ros2_ws/install/rviz_default_plugins/share/rviz_default_plugins/icons/classes/src/Polygon.xcf
-- Up-to-date: /home/rinav/ros2_ws/install/rviz_default_plugins/share/rviz_default_plugins/icons/classes/src/PoseArray.xcf
-- Up-to-date: /home/rinav/ros2_ws/install/rviz_default_plugins/share/rviz_default_plugins/icons/classes/src/Range.xcf
-- Up-to-date: /home/rinav/ros2_ws/install/rviz_default_plugins/share/rviz_default_plugins/icons/classes/src/InteractiveMarker.xcf
-- Up-to-date: /home/rinav/ros2_ws/install/rviz_default_plugins/share/rviz_default_plugins/icons/classes/src/GridCells.xcf
-- Up-to-date: /home/rinav/ros2_ws/install/rviz_default_plugins/share/rviz_default_plugins/icons/classes/GridCells.png
-- Up-to-date: /home/rinav/ros2_ws/install/rviz_default_plugins/share/rviz_default_plugins/icons/classes/MoveCamera.png
-- Up-to-date: /home/rinav/ros2_ws/install/rviz_default_plugins/share/rviz_default_plugins/icons/classes/Marker.png
-- Up-to-date: /home/rinav/ros2_ws/install/rviz_default_plugins/share/rviz_default_plugins/icons/classes/PublishPoint.svg
-- Up-to-date: /home/rinav/ros2_ws/install/rviz_default_plugins/share/rviz_default_plugins/icons/classes/FocusCamera.svg
-- Up-to-date: /home/rinav/ros2_ws/install/rviz_default_plugins/share/rviz_default_plugins/icons/classes/Polygon.png
-- Up-to-date: /home/rinav/ros2_ws/install/rviz_default_plugins/share/rviz_default_plugins/icons/visibility.svg
-- Up-to-date: /home/rinav/ros2_ws/install/rviz_default_plugins/share/rviz_default_plugins/test_meshes
-- Up-to-date: /home/rinav/ros2_ws/install/rviz_default_plugins/share/rviz_default_plugins/test_meshes/pr2-base.dae
-- Up-to-date: /home/rinav/ros2_ws/install/rviz_default_plugins/share/rviz_default_plugins/test_meshes/base_normals.png
-- Up-to-date: /home/rinav/ros2_ws/install/rviz_default_plugins/share/rviz_default_plugins/test_meshes/base_color.png
-- Up-to-date: /home/rinav/ros2_ws/install/rviz_default_plugins/share/rviz_default_plugins/test_meshes/test.urdf
-- Up-to-date: /home/rinav/ros2_ws/install/rviz_default_plugins/share/rviz_default_plugins/test_meshes/pr2-base_large.dae
-- Up-to-date: /home/rinav/ros2_ws/install/rviz_default_plugins/share/ament_index/resource_index/package_run_dependencies/rviz_default_plugins
-- Up-to-date: /home/rinav/ros2_ws/install/rviz_default_plugins/share/ament_index/resource_index/parent_prefix_path/rviz_default_plugins
-- Up-to-date: /home/rinav/ros2_ws/install/rviz_default_plugins/share/rviz_default_plugins/environment/ament_prefix_path.sh
-- Up-to-date: /home/rinav/ros2_ws/install/rviz_default_plugins/share/rviz_default_plugins/environment/ament_prefix_path.dsv
-- Up-to-date: /home/rinav/ros2_ws/install/rviz_default_plugins/share/rviz_default_plugins/environment/path.sh
-- Up-to-date: /home/rinav/ros2_ws/install/rviz_default_plugins/share/rviz_default_plugins/environment/path.dsv
-- Up-to-date: /home/rinav/ros2_ws/install/rviz_default_plugins/share/rviz_default_plugins/local_setup.bash
-- Up-to-date: /home/rinav/ros2_ws/install/rviz_default_plugins/share/rviz_default_plugins/local_setup.sh
-- Up-to-date: /home/rinav/ros2_ws/install/rviz_default_plugins/share/rviz_default_plugins/local_setup.zsh
-- Up-to-date: /home/rinav/ros2_ws/install/rviz_default_plugins/share/rviz_default_plugins/local_setup.dsv
-- Installing: /home/rinav/ros2_ws/install/rviz_default_plugins/share/rviz_default_plugins/package.dsv
-- Up-to-date: /home/rinav/ros2_ws/install/rviz_default_plugins/share/ament_index/resource_index/packages/rviz_default_plugins
-- Up-to-date: /home/rinav/ros2_ws/install/rviz_default_plugins/share/ament_index/resource_index/rviz_common__pluginlib__plugin/rviz_default_plugins
-- Up-to-date: /home/rinav/ros2_ws/install/rviz_default_plugins/share/rviz_default_plugins/cmake/rviz_default_pluginsExport.cmake
-- Up-to-date: /home/rinav/ros2_ws/install/rviz_default_plugins/share/rviz_default_plugins/cmake/rviz_default_pluginsExport-noconfig.cmake
-- Up-to-date: /home/rinav/ros2_ws/install/rviz_default_plugins/share/rviz_default_plugins/cmake/rviz_default_plugins-extras.cmake
-- Up-to-date: /home/rinav/ros2_ws/install/rviz_default_plugins/share/rviz_default_plugins/cmake/ament_cmake_export_include_directories-extras.cmake
-- Up-to-date: /home/rinav/ros2_ws/install/rviz_default_plugins/share/rviz_default_plugins/cmake/ament_cmake_export_targets-extras.cmake
-- Up-to-date: /home/rinav/ros2_ws/install/rviz_default_plugins/share/rviz_default_plugins/cmake/ament_cmake_export_dependencies-extras.cmake
-- Up-to-date: /home/rinav/ros2_ws/install/rviz_default_plugins/share/rviz_default_plugins/cmake/rviz_default_pluginsConfig.cmake
-- Up-to-date: /home/rinav/ros2_ws/install/rviz_default_plugins/share/rviz_default_plugins/cmake/rviz_default_pluginsConfig-version.cmake
-- Up-to-date: /home/rinav/ros2_ws/install/rviz_default_plugins/share/rviz_default_plugins/package.xml
