[0.826s] Invoking command in '/home/rinav/ros2_ws/src/launch_param_builder': PYTHONPATH=/home/rinav/ros2_ws/build/launch_param_builder/prefix_override:/usr/lib/python3/dist-packages/colcon_core/task/python/colcon_distutils_commands:/home/rinav/ros2_ws/install/launch_param_builder/lib/python3.10/site-packages:${PYTHONPATH} /usr/bin/python3 -W ignore:setup.py install is deprecated -W ignore:easy_install command is deprecated setup.py egg_info --egg-base ../../build/launch_param_builder build --build-base /home/rinav/ros2_ws/build/launch_param_builder/build install --record /home/rinav/ros2_ws/build/launch_param_builder/install.log --single-version-externally-managed install_data
[0.994s] running egg_info
[0.995s] writing ../../build/launch_param_builder/launch_param_builder.egg-info/PKG-INFO
[0.995s] writing dependency_links to ../../build/launch_param_builder/launch_param_builder.egg-info/dependency_links.txt
[0.996s] writing entry points to ../../build/launch_param_builder/launch_param_builder.egg-info/entry_points.txt
[0.996s] writing requirements to ../../build/launch_param_builder/launch_param_builder.egg-info/requires.txt
[0.996s] writing top-level names to ../../build/launch_param_builder/launch_param_builder.egg-info/top_level.txt
[0.998s] reading manifest file '../../build/launch_param_builder/launch_param_builder.egg-info/SOURCES.txt'
[0.998s] adding license file 'LICENSE'
[0.999s] writing manifest file '../../build/launch_param_builder/launch_param_builder.egg-info/SOURCES.txt'
[0.999s] running build
[0.999s] running build_py
[0.999s] running install
[1.000s] running install_lib
[1.001s] running install_data
[1.002s] running install_egg_info
[1.003s] removing '/home/rinav/ros2_ws/install/launch_param_builder/lib/python3.10/site-packages/launch_param_builder-0.1.1-py3.10.egg-info' (and everything under it)
[1.004s] Copying ../../build/launch_param_builder/launch_param_builder.egg-info to /home/rinav/ros2_ws/install/launch_param_builder/lib/python3.10/site-packages/launch_param_builder-0.1.1-py3.10.egg-info
[1.004s] running install_scripts
[1.021s] writing list of installed files to '/home/rinav/ros2_ws/build/launch_param_builder/install.log'
[1.042s] Invoked command in '/home/rinav/ros2_ws/src/launch_param_builder' returned '0': PYTHONPATH=/home/rinav/ros2_ws/build/launch_param_builder/prefix_override:/usr/lib/python3/dist-packages/colcon_core/task/python/colcon_distutils_commands:/home/rinav/ros2_ws/install/launch_param_builder/lib/python3.10/site-packages:${PYTHONPATH} /usr/bin/python3 -W ignore:setup.py install is deprecated -W ignore:easy_install command is deprecated setup.py egg_info --egg-base ../../build/launch_param_builder build --build-base /home/rinav/ros2_ws/build/launch_param_builder/build install --record /home/rinav/ros2_ws/build/launch_param_builder/install.log --single-version-externally-managed install_data
