[0.004s] Invoking command in '/home/rinav/ros2_ws/build/husky_base': AMENT_PREFIX_PATH=/home/rinav/ros2_ws/install/husky_msgs:${AMENT_PREFIX_PATH} CMAKE_PREFIX_PATH=/home/rinav/ros2_ws/install/husky_msgs:/opt/ros/humble LD_LIBRARY_PATH=/home/rinav/ros2_ws/install/husky_msgs/lib:${LD_LIBRARY_PATH} PYTHONPATH=/home/rinav/ros2_ws/install/husky_msgs/local/lib/python3.10/dist-packages:${PYTHONPATH} /usr/bin/cmake /home/rinav/ros2_ws/src/husky/husky_base -DAMENT_CMAKE_SYMLINK_INSTALL=1 -DCMAKE_INSTALL_PREFIX=/home/rinav/ros2_ws/install/husky_base
[0.034s] -- The C compiler identification is GNU 11.4.0
[0.067s] -- The CXX compiler identification is GNU 11.4.0
[0.072s] -- Detecting C compiler ABI info
[0.112s] -- Detecting C compiler ABI info - done
[0.117s] -- Check for working C compiler: /usr/bin/cc - skipped
[0.117s] -- Detecting C compile features
[0.118s] -- Detecting C compile features - done
[0.120s] -- Detecting CXX compiler ABI info
[0.159s] -- Detecting CXX compiler ABI info - done
[0.164s] -- Check for working CXX compiler: /usr/bin/c++ - skipped
[0.164s] -- Detecting CXX compile features
[0.164s] -- Detecting CXX compile features - done
[0.166s] -- Found ament_cmake: 1.3.12 (/opt/ros/humble/share/ament_cmake/cmake)
[0.248s] -- Found Python3: /usr/bin/python3 (found version "3.10.12") found components: Interpreter 
[0.279s] -- Override CMake install command with custom implementation using symlinks instead of copying resources
[0.300s] -- Found controller_interface: 2.52.0 (/opt/ros/humble/share/controller_interface/cmake)
[0.335s] -- Found rosidl_generator_c: 3.1.7 (/opt/ros/humble/share/rosidl_generator_c/cmake)
[0.338s] -- Found rosidl_adapter: 3.1.7 (/opt/ros/humble/share/rosidl_adapter/cmake)
[0.344s] -- Found rosidl_generator_cpp: 3.1.7 (/opt/ros/humble/share/rosidl_generator_cpp/cmake)
[0.352s] -- Using all available rosidl_typesupport_c: rosidl_typesupport_fastrtps_c;rosidl_typesupport_introspection_c
[0.363s] -- Using all available rosidl_typesupport_cpp: rosidl_typesupport_fastrtps_cpp;rosidl_typesupport_introspection_cpp
[0.540s] -- Found rmw_implementation_cmake: 6.1.2 (/opt/ros/humble/share/rmw_implementation_cmake/cmake)
[0.543s] -- Found rmw_fastrtps_cpp: 6.2.8 (/opt/ros/humble/share/rmw_fastrtps_cpp/cmake)
[0.567s] -- Found TinyXML2 via Config file: TinyXML2_DIR-NOTFOUND
[0.588s] -- Found OpenSSL: /usr/lib/aarch64-linux-gnu/libcrypto.so (found version "3.0.2")  
[0.592s] -- Found TinyXML2 via Config file: TinyXML2_DIR-NOTFOUND
[0.602s] -- Found FastRTPS: /opt/ros/humble/include  
[0.604s] -- Found TinyXML2 via Config file: TinyXML2_DIR-NOTFOUND
[0.609s] -- Found TinyXML2 via Config file: TinyXML2_DIR-NOTFOUND
[0.615s] -- Using RMW implementation 'rmw_fastrtps_cpp' as default
[0.624s] -- Looking for pthread.h
[0.660s] -- Looking for pthread.h - found
[0.660s] -- Performing Test CMAKE_HAVE_LIBC_PTHREAD
[0.695s] -- Performing Test CMAKE_HAVE_LIBC_PTHREAD - Success
[0.696s] -- Found Threads: TRUE  
[0.740s] -- Found controller_manager: 2.52.0 (/opt/ros/humble/share/controller_manager/cmake)
[0.769s] -- Found husky_msgs: 1.0.8 (/home/rinav/ros2_ws/install/husky_msgs/share/husky_msgs/cmake)
[0.781s] -- Found nav_msgs: 4.9.0 (/opt/ros/humble/share/nav_msgs/cmake)
[0.797s] -- Found std_srvs: 4.9.0 (/opt/ros/humble/share/std_srvs/cmake)
[0.808s] -- Found tf2: 0.25.16 (/opt/ros/humble/share/tf2/cmake)
[0.812s] -- Found tf2_ros: 0.25.16 (/opt/ros/humble/share/tf2_ros/cmake)
[0.891s] -- Configuring done
[0.900s] -- Generating done
[0.903s] -- Build files have been written to: /home/rinav/ros2_ws/build/husky_base
[0.910s] Invoked command in '/home/rinav/ros2_ws/build/husky_base' returned '0': AMENT_PREFIX_PATH=/home/rinav/ros2_ws/install/husky_msgs:${AMENT_PREFIX_PATH} CMAKE_PREFIX_PATH=/home/rinav/ros2_ws/install/husky_msgs:/opt/ros/humble LD_LIBRARY_PATH=/home/rinav/ros2_ws/install/husky_msgs/lib:${LD_LIBRARY_PATH} PYTHONPATH=/home/rinav/ros2_ws/install/husky_msgs/local/lib/python3.10/dist-packages:${PYTHONPATH} /usr/bin/cmake /home/rinav/ros2_ws/src/husky/husky_base -DAMENT_CMAKE_SYMLINK_INSTALL=1 -DCMAKE_INSTALL_PREFIX=/home/rinav/ros2_ws/install/husky_base
[0.910s] Invoking command in '/home/rinav/ros2_ws/build/husky_base': AMENT_PREFIX_PATH=/home/rinav/ros2_ws/install/husky_msgs:${AMENT_PREFIX_PATH} CMAKE_PREFIX_PATH=/home/rinav/ros2_ws/install/husky_msgs:/opt/ros/humble LD_LIBRARY_PATH=/home/rinav/ros2_ws/install/husky_msgs/lib:${LD_LIBRARY_PATH} PYTHONPATH=/home/rinav/ros2_ws/install/husky_msgs/local/lib/python3.10/dist-packages:${PYTHONPATH} /usr/bin/cmake --build /home/rinav/ros2_ws/build/husky_base -- -j8 -l8
[0.935s] [  8%] [32mBuilding CXX object CMakeFiles/husky_hardware.dir/src/horizon_legacy_wrapper.cpp.o[0m
[0.935s] [ 25%] [32mBuilding CXX object CMakeFiles/husky_hardware.dir/src/horizon_legacy/crc.cpp.o[0m
[0.935s] [ 25%] [32mBuilding CXX object CMakeFiles/husky_hardware.dir/src/husky_hardware.cpp.o[0m
[0.935s] [ 33%] [32mBuilding CXX object CMakeFiles/husky_hardware.dir/src/horizon_legacy/Logger.cpp.o[0m
[0.935s] [ 41%] [32mBuilding CXX object CMakeFiles/husky_hardware.dir/src/horizon_legacy/Message_request.cpp.o[0m
[0.936s] [ 50%] [32mBuilding CXX object CMakeFiles/husky_hardware.dir/src/horizon_legacy/Message.cpp.o[0m
[0.936s] [ 58%] [32mBuilding CXX object CMakeFiles/husky_hardware.dir/src/horizon_legacy/Message_data.cpp.o[0m
[0.939s] [ 66%] [32mBuilding CXX object CMakeFiles/husky_hardware.dir/src/horizon_legacy/Message_cmd.cpp.o[0m
[0.957s] [ 75%] [32mBuilding CXX object CMakeFiles/husky_hardware.dir/src/horizon_legacy/Transport.cpp.o[0m
[1.167s] [ 83%] [32mBuilding CXX object CMakeFiles/husky_hardware.dir/src/horizon_legacy/Number.cpp.o[0m
[1.177s] [ 91%] [32mBuilding CXX object CMakeFiles/husky_hardware.dir/src/horizon_legacy/linux_serial.cpp.o[0m
[2.889s] [100%] [32m[1mLinking CXX shared library libhusky_hardware.so[0m
[3.016s] [100%] Built target husky_hardware
[3.021s] Invoked command in '/home/rinav/ros2_ws/build/husky_base' returned '0': AMENT_PREFIX_PATH=/home/rinav/ros2_ws/install/husky_msgs:${AMENT_PREFIX_PATH} CMAKE_PREFIX_PATH=/home/rinav/ros2_ws/install/husky_msgs:/opt/ros/humble LD_LIBRARY_PATH=/home/rinav/ros2_ws/install/husky_msgs/lib:${LD_LIBRARY_PATH} PYTHONPATH=/home/rinav/ros2_ws/install/husky_msgs/local/lib/python3.10/dist-packages:${PYTHONPATH} /usr/bin/cmake --build /home/rinav/ros2_ws/build/husky_base -- -j8 -l8
[3.023s] Invoking command in '/home/rinav/ros2_ws/build/husky_base': AMENT_PREFIX_PATH=/home/rinav/ros2_ws/install/husky_msgs:${AMENT_PREFIX_PATH} CMAKE_PREFIX_PATH=/home/rinav/ros2_ws/install/husky_msgs:/opt/ros/humble LD_LIBRARY_PATH=/home/rinav/ros2_ws/install/husky_msgs/lib:${LD_LIBRARY_PATH} PYTHONPATH=/home/rinav/ros2_ws/install/husky_msgs/local/lib/python3.10/dist-packages:${PYTHONPATH} /usr/bin/cmake --install /home/rinav/ros2_ws/build/husky_base
[3.026s] -- Install configuration: ""
[3.027s] -- Execute custom install script
[3.027s] -- Symlinking: /home/rinav/ros2_ws/install/husky_base/share/husky_base//husky_hardware.xml
[3.031s] -- Symlinking: /home/rinav/ros2_ws/install/husky_base/lib/libhusky_hardware.so
[3.035s] -- Symlinking: /home/rinav/ros2_ws/install/husky_base/include/husky_base/horizon_legacy/Exception.h
[3.038s] -- Symlinking: /home/rinav/ros2_ws/install/husky_base/include/husky_base/horizon_legacy/Logger.h
[3.041s] -- Symlinking: /home/rinav/ros2_ws/install/husky_base/include/husky_base/horizon_legacy/Message.h
[3.045s] -- Symlinking: /home/rinav/ros2_ws/install/husky_base/include/husky_base/horizon_legacy/Message_cmd.h
[3.048s] -- Symlinking: /home/rinav/ros2_ws/install/husky_base/include/husky_base/horizon_legacy/Message_data.h
[3.052s] -- Symlinking: /home/rinav/ros2_ws/install/husky_base/include/husky_base/horizon_legacy/Message_request.h
[3.055s] -- Symlinking: /home/rinav/ros2_ws/install/husky_base/include/husky_base/horizon_legacy/Number.h
[3.059s] -- Symlinking: /home/rinav/ros2_ws/install/husky_base/include/husky_base/horizon_legacy/Transport.h
[3.062s] -- Symlinking: /home/rinav/ros2_ws/install/husky_base/include/husky_base/horizon_legacy/clearpath.h
[3.066s] -- Symlinking: /home/rinav/ros2_ws/install/husky_base/include/husky_base/horizon_legacy/crc.h
[3.069s] -- Symlinking: /home/rinav/ros2_ws/install/husky_base/include/husky_base/horizon_legacy/serial.h
[3.072s] -- Symlinking: /home/rinav/ros2_ws/install/husky_base/include/husky_base/horizon_legacy_wrapper.h
[3.076s] -- Symlinking: /home/rinav/ros2_ws/install/husky_base/include/husky_base/husky_diagnostics.h
[3.079s] -- Symlinking: /home/rinav/ros2_ws/install/husky_base/include/husky_base/husky_hardware.hpp
[3.083s] -- Symlinking: /home/rinav/ros2_ws/install/husky_base/share/husky_base/launch/base.launch.py
[3.087s] -- Symlinking: /home/rinav/ros2_ws/install/husky_base/share/husky_base/environment/library_path.sh
[3.090s] -- Symlinking: /home/rinav/ros2_ws/install/husky_base/share/husky_base/environment/library_path.dsv
[3.093s] -- Symlinking: /home/rinav/ros2_ws/install/husky_base/share/ament_index/resource_index/package_run_dependencies/husky_base
[3.097s] -- Symlinking: /home/rinav/ros2_ws/install/husky_base/share/ament_index/resource_index/parent_prefix_path/husky_base
[3.101s] -- Symlinking: /home/rinav/ros2_ws/install/husky_base/share/husky_base/environment/ament_prefix_path.sh
[3.105s] -- Symlinking: /home/rinav/ros2_ws/install/husky_base/share/husky_base/environment/ament_prefix_path.dsv
[3.109s] -- Symlinking: /home/rinav/ros2_ws/install/husky_base/share/husky_base/environment/path.sh
[3.112s] -- Symlinking: /home/rinav/ros2_ws/install/husky_base/share/husky_base/environment/path.dsv
[3.116s] -- Symlinking: /home/rinav/ros2_ws/install/husky_base/share/husky_base/local_setup.bash
[3.119s] -- Symlinking: /home/rinav/ros2_ws/install/husky_base/share/husky_base/local_setup.sh
[3.123s] -- Symlinking: /home/rinav/ros2_ws/install/husky_base/share/husky_base/local_setup.zsh
[3.128s] -- Symlinking: /home/rinav/ros2_ws/install/husky_base/share/husky_base/local_setup.dsv
[3.132s] -- Symlinking: /home/rinav/ros2_ws/install/husky_base/share/husky_base/package.dsv
[3.136s] -- Symlinking: /home/rinav/ros2_ws/install/husky_base/share/ament_index/resource_index/packages/husky_base
[3.140s] -- Symlinking: /home/rinav/ros2_ws/install/husky_base/share/ament_index/resource_index/hardware_interface__pluginlib__plugin/husky_base
[3.144s] -- Symlinking: /home/rinav/ros2_ws/install/husky_base/share/husky_base/cmake/ament_cmake_export_include_directories-extras.cmake
[3.147s] -- Symlinking: /home/rinav/ros2_ws/install/husky_base/share/husky_base/cmake/ament_cmake_export_libraries-extras.cmake
[3.151s] -- Symlinking: /home/rinav/ros2_ws/install/husky_base/share/husky_base/cmake/ament_cmake_export_dependencies-extras.cmake
[3.155s] -- Symlinking: /home/rinav/ros2_ws/install/husky_base/share/husky_base/cmake/husky_baseConfig.cmake
[3.158s] -- Symlinking: /home/rinav/ros2_ws/install/husky_base/share/husky_base/cmake/husky_baseConfig-version.cmake
[3.162s] -- Symlinking: /home/rinav/ros2_ws/install/husky_base/share/husky_base/package.xml
[3.167s] Invoked command in '/home/rinav/ros2_ws/build/husky_base' returned '0': AMENT_PREFIX_PATH=/home/rinav/ros2_ws/install/husky_msgs:${AMENT_PREFIX_PATH} CMAKE_PREFIX_PATH=/home/rinav/ros2_ws/install/husky_msgs:/opt/ros/humble LD_LIBRARY_PATH=/home/rinav/ros2_ws/install/husky_msgs/lib:${LD_LIBRARY_PATH} PYTHONPATH=/home/rinav/ros2_ws/install/husky_msgs/local/lib/python3.10/dist-packages:${PYTHONPATH} /usr/bin/cmake --install /home/rinav/ros2_ws/build/husky_base
