[0.017s] Invoking command in '/home/rinav/ros2_ws/build/husky_ur3_moveit_config': AMENT_PREFIX_PATH=/home/rinav/ros2_ws/install/rviz2:/home/rinav/ros2_ws/install/rviz_default_plugins:/home/rinav/ros2_ws/install/rviz_visual_testing_framework:/home/rinav/ros2_ws/install/rviz_rendering_tests:/home/rinav/ros2_ws/install/rviz_common:/home/rinav/ros2_ws/install/rviz_rendering:/home/rinav/ros2_ws/install/rviz_ogre_vendor:/home/rinav/ros2_ws/install/rviz_assimp_vendor:/home/rinav/ros2_ws/install/husky_description:${AMENT_PREFIX_PATH} CMAKE_PREFIX_PATH=/home/rinav/ros2_ws/install/rviz2:/home/rinav/ros2_ws/install/rviz_default_plugins:/home/rinav/ros2_ws/install/rviz_visual_testing_framework:/home/rinav/ros2_ws/install/rviz_rendering_tests:/home/rinav/ros2_ws/install/rviz_common:/home/rinav/ros2_ws/install/rviz_rendering:/home/rinav/ros2_ws/install/rviz_ogre_vendor:/home/rinav/ros2_ws/install/rviz_assimp_vendor:/home/rinav/ros2_ws/install/husky_description:/opt/ros/humble LD_LIBRARY_PATH=/home/rinav/ros2_ws/install/rviz_default_plugins/lib:/home/rinav/ros2_ws/install/rviz_common/lib:/home/rinav/ros2_ws/install/rviz_rendering/lib:/home/rinav/ros2_ws/install/rviz_ogre_vendor/opt/rviz_ogre_vendor/lib:${LD_LIBRARY_PATH} PATH=/home/rinav/ros2_ws/install/rviz2/bin:${PATH} /usr/bin/cmake --build /home/rinav/ros2_ws/build/husky_ur3_moveit_config -- -j8 -l8
[0.080s] Invoked command in '/home/rinav/ros2_ws/build/husky_ur3_moveit_config' returned '0': AMENT_PREFIX_PATH=/home/rinav/ros2_ws/install/rviz2:/home/rinav/ros2_ws/install/rviz_default_plugins:/home/rinav/ros2_ws/install/rviz_visual_testing_framework:/home/rinav/ros2_ws/install/rviz_rendering_tests:/home/rinav/ros2_ws/install/rviz_common:/home/rinav/ros2_ws/install/rviz_rendering:/home/rinav/ros2_ws/install/rviz_ogre_vendor:/home/rinav/ros2_ws/install/rviz_assimp_vendor:/home/rinav/ros2_ws/install/husky_description:${AMENT_PREFIX_PATH} CMAKE_PREFIX_PATH=/home/rinav/ros2_ws/install/rviz2:/home/rinav/ros2_ws/install/rviz_default_plugins:/home/rinav/ros2_ws/install/rviz_visual_testing_framework:/home/rinav/ros2_ws/install/rviz_rendering_tests:/home/rinav/ros2_ws/install/rviz_common:/home/rinav/ros2_ws/install/rviz_rendering:/home/rinav/ros2_ws/install/rviz_ogre_vendor:/home/rinav/ros2_ws/install/rviz_assimp_vendor:/home/rinav/ros2_ws/install/husky_description:/opt/ros/humble LD_LIBRARY_PATH=/home/rinav/ros2_ws/install/rviz_default_plugins/lib:/home/rinav/ros2_ws/install/rviz_common/lib:/home/rinav/ros2_ws/install/rviz_rendering/lib:/home/rinav/ros2_ws/install/rviz_ogre_vendor/opt/rviz_ogre_vendor/lib:${LD_LIBRARY_PATH} PATH=/home/rinav/ros2_ws/install/rviz2/bin:${PATH} /usr/bin/cmake --build /home/rinav/ros2_ws/build/husky_ur3_moveit_config -- -j8 -l8
[0.103s] Invoking command in '/home/rinav/ros2_ws/build/husky_ur3_moveit_config': AMENT_PREFIX_PATH=/home/rinav/ros2_ws/install/rviz2:/home/rinav/ros2_ws/install/rviz_default_plugins:/home/rinav/ros2_ws/install/rviz_visual_testing_framework:/home/rinav/ros2_ws/install/rviz_rendering_tests:/home/rinav/ros2_ws/install/rviz_common:/home/rinav/ros2_ws/install/rviz_rendering:/home/rinav/ros2_ws/install/rviz_ogre_vendor:/home/rinav/ros2_ws/install/rviz_assimp_vendor:/home/rinav/ros2_ws/install/husky_description:${AMENT_PREFIX_PATH} CMAKE_PREFIX_PATH=/home/rinav/ros2_ws/install/rviz2:/home/rinav/ros2_ws/install/rviz_default_plugins:/home/rinav/ros2_ws/install/rviz_visual_testing_framework:/home/rinav/ros2_ws/install/rviz_rendering_tests:/home/rinav/ros2_ws/install/rviz_common:/home/rinav/ros2_ws/install/rviz_rendering:/home/rinav/ros2_ws/install/rviz_ogre_vendor:/home/rinav/ros2_ws/install/rviz_assimp_vendor:/home/rinav/ros2_ws/install/husky_description:/opt/ros/humble LD_LIBRARY_PATH=/home/rinav/ros2_ws/install/rviz_default_plugins/lib:/home/rinav/ros2_ws/install/rviz_common/lib:/home/rinav/ros2_ws/install/rviz_rendering/lib:/home/rinav/ros2_ws/install/rviz_ogre_vendor/opt/rviz_ogre_vendor/lib:${LD_LIBRARY_PATH} PATH=/home/rinav/ros2_ws/install/rviz2/bin:${PATH} /usr/bin/cmake --install /home/rinav/ros2_ws/build/husky_ur3_moveit_config
[0.118s] -- Install configuration: ""
[0.118s] -- Up-to-date: /home/rinav/ros2_ws/install/husky_ur3_moveit_config/share/ament_index/resource_index/package_run_dependencies/husky_ur3_moveit_config
[0.118s] -- Up-to-date: /home/rinav/ros2_ws/install/husky_ur3_moveit_config/share/ament_index/resource_index/parent_prefix_path/husky_ur3_moveit_config
[0.118s] -- Up-to-date: /home/rinav/ros2_ws/install/husky_ur3_moveit_config/share/husky_ur3_moveit_config/environment/ament_prefix_path.sh
[0.119s] -- Up-to-date: /home/rinav/ros2_ws/install/husky_ur3_moveit_config/share/husky_ur3_moveit_config/environment/ament_prefix_path.dsv
[0.119s] -- Up-to-date: /home/rinav/ros2_ws/install/husky_ur3_moveit_config/share/husky_ur3_moveit_config/environment/path.sh
[0.119s] -- Up-to-date: /home/rinav/ros2_ws/install/husky_ur3_moveit_config/share/husky_ur3_moveit_config/environment/path.dsv
[0.119s] -- Up-to-date: /home/rinav/ros2_ws/install/husky_ur3_moveit_config/share/husky_ur3_moveit_config/local_setup.bash
[0.119s] -- Up-to-date: /home/rinav/ros2_ws/install/husky_ur3_moveit_config/share/husky_ur3_moveit_config/local_setup.sh
[0.119s] -- Up-to-date: /home/rinav/ros2_ws/install/husky_ur3_moveit_config/share/husky_ur3_moveit_config/local_setup.zsh
[0.120s] -- Up-to-date: /home/rinav/ros2_ws/install/husky_ur3_moveit_config/share/husky_ur3_moveit_config/local_setup.dsv
[0.120s] -- Installing: /home/rinav/ros2_ws/install/husky_ur3_moveit_config/share/husky_ur3_moveit_config/package.dsv
[0.120s] -- Up-to-date: /home/rinav/ros2_ws/install/husky_ur3_moveit_config/share/ament_index/resource_index/packages/husky_ur3_moveit_config
[0.120s] -- Up-to-date: /home/rinav/ros2_ws/install/husky_ur3_moveit_config/share/husky_ur3_moveit_config/cmake/husky_ur3_moveit_configConfig.cmake
[0.120s] -- Up-to-date: /home/rinav/ros2_ws/install/husky_ur3_moveit_config/share/husky_ur3_moveit_config/cmake/husky_ur3_moveit_configConfig-version.cmake
[0.120s] -- Up-to-date: /home/rinav/ros2_ws/install/husky_ur3_moveit_config/share/husky_ur3_moveit_config/package.xml
[0.120s] -- Up-to-date: /home/rinav/ros2_ws/install/husky_ur3_moveit_config/share/husky_ur3_moveit_config/launch
[0.120s] -- Up-to-date: /home/rinav/ros2_ws/install/husky_ur3_moveit_config/share/husky_ur3_moveit_config/launch/move_group.launch.py
[0.120s] -- Up-to-date: /home/rinav/ros2_ws/install/husky_ur3_moveit_config/share/husky_ur3_moveit_config/launch/rsp.launch.py
[0.120s] -- Up-to-date: /home/rinav/ros2_ws/install/husky_ur3_moveit_config/share/husky_ur3_moveit_config/launch/setup_assistant.launch.py
[0.120s] -- Up-to-date: /home/rinav/ros2_ws/install/husky_ur3_moveit_config/share/husky_ur3_moveit_config/launch/demo.launch.py
[0.120s] -- Up-to-date: /home/rinav/ros2_ws/install/husky_ur3_moveit_config/share/husky_ur3_moveit_config/launch/spawn_controllers.launch.py
[0.120s] -- Up-to-date: /home/rinav/ros2_ws/install/husky_ur3_moveit_config/share/husky_ur3_moveit_config/launch/warehouse_db.launch.py
[0.120s] -- Up-to-date: /home/rinav/ros2_ws/install/husky_ur3_moveit_config/share/husky_ur3_moveit_config/launch/static_virtual_joint_tfs.launch.py
[0.121s] -- Up-to-date: /home/rinav/ros2_ws/install/husky_ur3_moveit_config/share/husky_ur3_moveit_config/launch/moveit_rviz.launch.py
[0.121s] -- Up-to-date: /home/rinav/ros2_ws/install/husky_ur3_moveit_config/share/husky_ur3_moveit_config/config
[0.121s] -- Up-to-date: /home/rinav/ros2_ws/install/husky_ur3_moveit_config/share/husky_ur3_moveit_config/config/moveit.rviz
[0.121s] -- Up-to-date: /home/rinav/ros2_ws/install/husky_ur3_moveit_config/share/husky_ur3_moveit_config/config/initial_positions.yaml
[0.121s] -- Up-to-date: /home/rinav/ros2_ws/install/husky_ur3_moveit_config/share/husky_ur3_moveit_config/config/pilz_cartesian_limits.yaml
[0.121s] -- Up-to-date: /home/rinav/ros2_ws/install/husky_ur3_moveit_config/share/husky_ur3_moveit_config/config/husky_ur3.srdf
[0.121s] -- Up-to-date: /home/rinav/ros2_ws/install/husky_ur3_moveit_config/share/husky_ur3_moveit_config/config/ros2_controllers.yaml
[0.121s] -- Up-to-date: /home/rinav/ros2_ws/install/husky_ur3_moveit_config/share/husky_ur3_moveit_config/config/moveit_controllers.yaml
[0.121s] -- Up-to-date: /home/rinav/ros2_ws/install/husky_ur3_moveit_config/share/husky_ur3_moveit_config/config/joint_limits.yaml
[0.121s] -- Up-to-date: /home/rinav/ros2_ws/install/husky_ur3_moveit_config/share/husky_ur3_moveit_config/config/husky_ur3.ros2_control.xacro
[0.121s] -- Up-to-date: /home/rinav/ros2_ws/install/husky_ur3_moveit_config/share/husky_ur3_moveit_config/config/kinematics.yaml
[0.121s] -- Up-to-date: /home/rinav/ros2_ws/install/husky_ur3_moveit_config/share/husky_ur3_moveit_config/config/husky_ur3.urdf.xacro
[0.121s] -- Up-to-date: /home/rinav/ros2_ws/install/husky_ur3_moveit_config/share/husky_ur3_moveit_config/.setup_assistant
[0.185s] Invoked command in '/home/rinav/ros2_ws/build/husky_ur3_moveit_config' returned '0': AMENT_PREFIX_PATH=/home/rinav/ros2_ws/install/rviz2:/home/rinav/ros2_ws/install/rviz_default_plugins:/home/rinav/ros2_ws/install/rviz_visual_testing_framework:/home/rinav/ros2_ws/install/rviz_rendering_tests:/home/rinav/ros2_ws/install/rviz_common:/home/rinav/ros2_ws/install/rviz_rendering:/home/rinav/ros2_ws/install/rviz_ogre_vendor:/home/rinav/ros2_ws/install/rviz_assimp_vendor:/home/rinav/ros2_ws/install/husky_description:${AMENT_PREFIX_PATH} CMAKE_PREFIX_PATH=/home/rinav/ros2_ws/install/rviz2:/home/rinav/ros2_ws/install/rviz_default_plugins:/home/rinav/ros2_ws/install/rviz_visual_testing_framework:/home/rinav/ros2_ws/install/rviz_rendering_tests:/home/rinav/ros2_ws/install/rviz_common:/home/rinav/ros2_ws/install/rviz_rendering:/home/rinav/ros2_ws/install/rviz_ogre_vendor:/home/rinav/ros2_ws/install/rviz_assimp_vendor:/home/rinav/ros2_ws/install/husky_description:/opt/ros/humble LD_LIBRARY_PATH=/home/rinav/ros2_ws/install/rviz_default_plugins/lib:/home/rinav/ros2_ws/install/rviz_common/lib:/home/rinav/ros2_ws/install/rviz_rendering/lib:/home/rinav/ros2_ws/install/rviz_ogre_vendor/opt/rviz_ogre_vendor/lib:${LD_LIBRARY_PATH} PATH=/home/rinav/ros2_ws/install/rviz2/bin:${PATH} /usr/bin/cmake --install /home/rinav/ros2_ws/build/husky_ur3_moveit_config
