[0.054s] Invoking command in '/home/rinav/ros2_ws/build/turtlesim': CMAKE_PREFIX_PATH=${CMAKE_PREFIX_PATH}:/home/rinav/ros2_ws/install/trial_package:/home/rinav/ros2_ws/install/moveit_configs_utils:/home/rinav/ros2_ws/install/py_srvcli:/home/rinav/ros2_ws/install/py_pubsub:/home/rinav/ros2_ws/install/mobile_robotics:/home/rinav/ros2_ws/install/launch_param_builder:/opt/ros/humble /usr/bin/cmake /home/rinav/ros2_ws/src/ros_tutorials/turtlesim -DCMAKE_INSTALL_PREFIX=/home/rinav/ros2_ws/install/turtlesim
[0.266s] -- The C compiler identification is GNU 11.4.0
[0.432s] -- The CXX compiler identification is GNU 11.4.0
[0.447s] -- Detecting C compiler ABI info
[0.806s] -- Detecting C compiler ABI info - done
[0.811s] -- Check for working C compiler: /usr/bin/cc - skipped
[0.811s] -- Detecting C compile features
[0.811s] -- Detecting C compile features - done
[0.814s] -- Detecting CXX compiler ABI info
[1.176s] -- Detecting CXX compiler ABI info - done
[1.182s] -- Check for working CXX compiler: /usr/bin/c++ - skipped
[1.182s] -- Detecting CXX compile features
[1.182s] -- Detecting CXX compile features - done
[1.185s] -- Found ament_cmake: 1.3.12 (/opt/ros/humble/share/ament_cmake/cmake)
[1.564s] -- Found Python3: /usr/bin/python3 (found version "3.10.12") found components: Interpreter 
[1.809s] -- Found ament_index_cpp: 1.4.0 (/opt/ros/humble/share/ament_index_cpp/cmake)
[1.812s] -- Found geometry_msgs: 4.9.0 (/opt/ros/humble/share/geometry_msgs/cmake)
[1.949s] -- Found rosidl_generator_c: 3.1.7 (/opt/ros/humble/share/rosidl_generator_c/cmake)
[1.990s] -- Found rosidl_adapter: 3.1.7 (/opt/ros/humble/share/rosidl_adapter/cmake)
[2.020s] -- Found rosidl_generator_cpp: 3.1.7 (/opt/ros/humble/share/rosidl_generator_cpp/cmake)
[2.064s] -- Using all available rosidl_typesupport_c: rosidl_typesupport_fastrtps_c;rosidl_typesupport_introspection_c
[2.154s] -- Using all available rosidl_typesupport_cpp: rosidl_typesupport_fastrtps_cpp;rosidl_typesupport_introspection_cpp
[2.399s] -- Found rclcpp: 16.0.15 (/opt/ros/humble/share/rclcpp/cmake)
[2.571s] -- Found rmw_implementation_cmake: 6.1.2 (/opt/ros/humble/share/rmw_implementation_cmake/cmake)
[2.601s] -- Found rmw_fastrtps_cpp: 6.2.8 (/opt/ros/humble/share/rmw_fastrtps_cpp/cmake)
[3.047s] -- Found OpenSSL: /usr/lib/aarch64-linux-gnu/libcrypto.so (found version "3.0.2")  
[3.139s] -- Found FastRTPS: /opt/ros/humble/include  
[3.314s] -- Using RMW implementation 'rmw_fastrtps_cpp' as default
[3.345s] -- Looking for pthread.h
[3.658s] -- Looking for pthread.h - found
[3.658s] -- Performing Test CMAKE_HAVE_LIBC_PTHREAD
[3.946s] -- Performing Test CMAKE_HAVE_LIBC_PTHREAD - Success
[3.947s] -- Found Threads: TRUE  
[4.084s] -- Found rclcpp_action: 16.0.15 (/opt/ros/humble/share/rclcpp_action/cmake)
[4.226s] -- Found rosidl_default_generators: 1.2.0 (/opt/ros/humble/share/rosidl_default_generators/cmake)
[4.289s] -- Found std_srvs: 4.9.0 (/opt/ros/humble/share/std_srvs/cmake)
[5.058s] -- Found ament_cmake_ros: 0.10.0 (/opt/ros/humble/share/ament_cmake_ros/cmake)
[5.667s] -- Using all available rosidl_typesupport_c: rosidl_typesupport_fastrtps_c;rosidl_typesupport_introspection_c
[5.835s] -- Using all available rosidl_typesupport_cpp: rosidl_typesupport_fastrtps_cpp;rosidl_typesupport_introspection_cpp
[5.909s] -- Found PythonInterp: /usr/bin/python3 (found suitable version "3.10.12", minimum required is "3.6") 
[5.911s] -- Found python_cmake_module: 0.10.0 (/opt/ros/humble/share/python_cmake_module/cmake)
[5.933s] -- Found PythonLibs: /usr/lib/aarch64-linux-gnu/libpython3.10.so (found suitable version "3.10.12", minimum required is "3.5") 
[5.933s] -- Using PYTHON_EXECUTABLE: /usr/bin/python3
[5.933s] -- Using PYTHON_INCLUDE_DIRS: /usr/include/python3.10
[5.933s] -- Using PYTHON_LIBRARIES: /usr/lib/aarch64-linux-gnu/libpython3.10.so
[5.963s] -- Found PythonExtra: .so  
[6.117s] -- Configuring done
[6.202s] -- Generating done
[6.218s] -- Build files have been written to: /home/rinav/ros2_ws/build/turtlesim
[6.239s] Invoked command in '/home/rinav/ros2_ws/build/turtlesim' returned '0': CMAKE_PREFIX_PATH=${CMAKE_PREFIX_PATH}:/home/rinav/ros2_ws/install/trial_package:/home/rinav/ros2_ws/install/moveit_configs_utils:/home/rinav/ros2_ws/install/py_srvcli:/home/rinav/ros2_ws/install/py_pubsub:/home/rinav/ros2_ws/install/mobile_robotics:/home/rinav/ros2_ws/install/launch_param_builder:/opt/ros/humble /usr/bin/cmake /home/rinav/ros2_ws/src/ros_tutorials/turtlesim -DCMAKE_INSTALL_PREFIX=/home/rinav/ros2_ws/install/turtlesim
[6.240s] Invoking command in '/home/rinav/ros2_ws/build/turtlesim': CMAKE_PREFIX_PATH=${CMAKE_PREFIX_PATH}:/home/rinav/ros2_ws/install/trial_package:/home/rinav/ros2_ws/install/moveit_configs_utils:/home/rinav/ros2_ws/install/py_srvcli:/home/rinav/ros2_ws/install/py_pubsub:/home/rinav/ros2_ws/install/mobile_robotics:/home/rinav/ros2_ws/install/launch_param_builder:/opt/ros/humble /usr/bin/cmake --build /home/rinav/ros2_ws/build/turtlesim -- -j8 -l8
[6.366s] [  1%] [34m[1mGenerating C++ code for ROS interfaces[0m
[7.739s] [  1%] Built target turtlesim__cpp
[7.800s] [  1%] Built target ament_cmake_python_copy_turtlesim
[7.808s] [  2%] [34m[1mGenerating C++ introspection for ROS interfaces[0m
[8.878s] [  3%] [32mBuilding CXX object CMakeFiles/turtlesim__rosidl_typesupport_introspection_cpp.dir/rosidl_typesupport_introspection_cpp/turtlesim/action/detail/rotate_absolute__type_support.cpp.o[0m
[9.362s] [  4%] [32mBuilding CXX object CMakeFiles/turtlesim__rosidl_typesupport_introspection_cpp.dir/rosidl_typesupport_introspection_cpp/turtlesim/srv/detail/kill__type_support.cpp.o[0m
[9.677s] [  5%] [32mBuilding CXX object CMakeFiles/turtlesim__rosidl_typesupport_introspection_cpp.dir/rosidl_typesupport_introspection_cpp/turtlesim/srv/detail/set_pen__type_support.cpp.o[0m
[9.951s] [  6%] [32mBuilding CXX object CMakeFiles/turtlesim__rosidl_typesupport_introspection_cpp.dir/rosidl_typesupport_introspection_cpp/turtlesim/srv/detail/spawn__type_support.cpp.o[0m
[10.219s] [  7%] [32mBuilding CXX object CMakeFiles/turtlesim__rosidl_typesupport_introspection_cpp.dir/rosidl_typesupport_introspection_cpp/turtlesim/srv/detail/teleport_absolute__type_support.cpp.o[0m
[10.506s] [  8%] [32mBuilding CXX object CMakeFiles/turtlesim__rosidl_typesupport_introspection_cpp.dir/rosidl_typesupport_introspection_cpp/turtlesim/srv/detail/teleport_relative__type_support.cpp.o[0m
[10.832s] [  9%] [32mBuilding CXX object CMakeFiles/turtlesim__rosidl_typesupport_introspection_cpp.dir/rosidl_typesupport_introspection_cpp/turtlesim/msg/detail/pose__type_support.cpp.o[0m
[11.063s] [ 10%] [32mBuilding CXX object CMakeFiles/turtlesim__rosidl_typesupport_introspection_cpp.dir/rosidl_typesupport_introspection_cpp/turtlesim/msg/detail/color__type_support.cpp.o[0m
[11.344s] [ 11%] [32m[1mLinking CXX shared library libturtlesim__rosidl_typesupport_introspection_cpp.so[0m
[11.405s] [ 11%] Built target turtlesim__rosidl_typesupport_introspection_cpp
[11.644s] running egg_info
[11.645s] creating turtlesim.egg-info
[11.646s] writing turtlesim.egg-info/PKG-INFO
[11.646s] writing dependency_links to turtlesim.egg-info/dependency_links.txt
[11.646s] writing top-level names to turtlesim.egg-info/top_level.txt
[11.646s] writing manifest file 'turtlesim.egg-info/SOURCES.txt'
[11.647s] reading manifest file 'turtlesim.egg-info/SOURCES.txt'
[11.648s] writing manifest file 'turtlesim.egg-info/SOURCES.txt'
[11.679s] [ 11%] Built target ament_cmake_python_build_turtlesim_egg
[11.687s] [ 12%] [34m[1mGenerating C++ type support for eProsima Fast-RTPS[0m
[12.272s] [ 13%] [32mBuilding CXX object CMakeFiles/turtlesim__rosidl_typesupport_fastrtps_cpp.dir/rosidl_typesupport_fastrtps_cpp/turtlesim/action/detail/dds_fastrtps/rotate_absolute__type_support.cpp.o[0m
[12.630s] [ 14%] [32mBuilding CXX object CMakeFiles/turtlesim__rosidl_typesupport_fastrtps_cpp.dir/rosidl_typesupport_fastrtps_cpp/turtlesim/srv/detail/dds_fastrtps/spawn__type_support.cpp.o[0m
[12.866s] [ 15%] [32mBuilding CXX object CMakeFiles/turtlesim__rosidl_typesupport_fastrtps_cpp.dir/rosidl_typesupport_fastrtps_cpp/turtlesim/srv/detail/dds_fastrtps/teleport_absolute__type_support.cpp.o[0m
[13.100s] [ 16%] [32mBuilding CXX object CMakeFiles/turtlesim__rosidl_typesupport_fastrtps_cpp.dir/rosidl_typesupport_fastrtps_cpp/turtlesim/srv/detail/dds_fastrtps/teleport_relative__type_support.cpp.o[0m
[13.384s] [ 17%] [32mBuilding CXX object CMakeFiles/turtlesim__rosidl_typesupport_fastrtps_cpp.dir/rosidl_typesupport_fastrtps_cpp/turtlesim/srv/detail/dds_fastrtps/set_pen__type_support.cpp.o[0m
[13.691s] [ 18%] [32mBuilding CXX object CMakeFiles/turtlesim__rosidl_typesupport_fastrtps_cpp.dir/rosidl_typesupport_fastrtps_cpp/turtlesim/srv/detail/dds_fastrtps/kill__type_support.cpp.o[0m
[13.965s] [ 19%] [32mBuilding CXX object CMakeFiles/turtlesim__rosidl_typesupport_fastrtps_cpp.dir/rosidl_typesupport_fastrtps_cpp/turtlesim/msg/detail/dds_fastrtps/pose__type_support.cpp.o[0m
[14.292s] [ 20%] [32mBuilding CXX object CMakeFiles/turtlesim__rosidl_typesupport_fastrtps_cpp.dir/rosidl_typesupport_fastrtps_cpp/turtlesim/msg/detail/dds_fastrtps/color__type_support.cpp.o[0m
[14.582s] [ 21%] [32m[1mLinking CXX shared library libturtlesim__rosidl_typesupport_fastrtps_cpp.so[0m
[14.658s] [ 21%] Built target turtlesim__rosidl_typesupport_fastrtps_cpp
[14.664s] [ 22%] [34m[1mGenerating C++ type support dispatch for ROS interfaces[0m
[15.112s] [ 23%] [32mBuilding CXX object CMakeFiles/turtlesim__rosidl_typesupport_cpp.dir/rosidl_typesupport_cpp/turtlesim/action/rotate_absolute__type_support.cpp.o[0m
[15.435s] [ 24%] [32mBuilding CXX object CMakeFiles/turtlesim__rosidl_typesupport_cpp.dir/rosidl_typesupport_cpp/turtlesim/srv/teleport_absolute__type_support.cpp.o[0m
[15.696s] [ 25%] [32mBuilding CXX object CMakeFiles/turtlesim__rosidl_typesupport_cpp.dir/rosidl_typesupport_cpp/turtlesim/srv/teleport_relative__type_support.cpp.o[0m
[15.973s] [ 26%] [32mBuilding CXX object CMakeFiles/turtlesim__rosidl_typesupport_cpp.dir/rosidl_typesupport_cpp/turtlesim/srv/spawn__type_support.cpp.o[0m
[16.179s] [ 27%] [32mBuilding CXX object CMakeFiles/turtlesim__rosidl_typesupport_cpp.dir/rosidl_typesupport_cpp/turtlesim/srv/set_pen__type_support.cpp.o[0m
[16.340s] [ 28%] [32mBuilding CXX object CMakeFiles/turtlesim__rosidl_typesupport_cpp.dir/rosidl_typesupport_cpp/turtlesim/srv/kill__type_support.cpp.o[0m
[16.501s] [ 29%] [32mBuilding CXX object CMakeFiles/turtlesim__rosidl_typesupport_cpp.dir/rosidl_typesupport_cpp/turtlesim/msg/pose__type_support.cpp.o[0m
[16.679s] [ 30%] [32mBuilding CXX object CMakeFiles/turtlesim__rosidl_typesupport_cpp.dir/rosidl_typesupport_cpp/turtlesim/msg/color__type_support.cpp.o[0m
[16.829s] [ 31%] [32m[1mLinking CXX shared library libturtlesim__rosidl_typesupport_cpp.so[0m
[16.864s] [ 31%] Built target turtlesim__rosidl_typesupport_cpp
[16.871s] [ 32%] [34m[1mGenerating C code for ROS interfaces[0m
[17.761s] [ 33%] [32mBuilding C object CMakeFiles/turtlesim__rosidl_generator_c.dir/rosidl_generator_c/turtlesim/action/detail/rotate_absolute__functions.c.o[0m
[17.904s] [ 34%] [32mBuilding C object CMakeFiles/turtlesim__rosidl_generator_c.dir/rosidl_generator_c/turtlesim/srv/detail/kill__functions.c.o[0m
[17.958s] [ 35%] [32mBuilding C object CMakeFiles/turtlesim__rosidl_generator_c.dir/rosidl_generator_c/turtlesim/srv/detail/set_pen__functions.c.o[0m
[18.008s] [ 36%] [32mBuilding C object CMakeFiles/turtlesim__rosidl_generator_c.dir/rosidl_generator_c/turtlesim/srv/detail/spawn__functions.c.o[0m
[18.066s] [ 37%] [32mBuilding C object CMakeFiles/turtlesim__rosidl_generator_c.dir/rosidl_generator_c/turtlesim/srv/detail/teleport_absolute__functions.c.o[0m
[18.132s] [ 38%] [32mBuilding C object CMakeFiles/turtlesim__rosidl_generator_c.dir/rosidl_generator_c/turtlesim/srv/detail/teleport_relative__functions.c.o[0m
[18.186s] [ 39%] [32mBuilding C object CMakeFiles/turtlesim__rosidl_generator_c.dir/rosidl_generator_c/turtlesim/msg/detail/pose__functions.c.o[0m
[18.227s] [ 40%] [32mBuilding C object CMakeFiles/turtlesim__rosidl_generator_c.dir/rosidl_generator_c/turtlesim/msg/detail/color__functions.c.o[0m
[18.264s] [ 41%] [32m[1mLinking C shared library libturtlesim__rosidl_generator_c.so[0m
[18.291s] [ 41%] Built target turtlesim__rosidl_generator_c
[18.314s] [ 42%] [32mBuilding CXX object CMakeFiles/mimic.dir/tutorials/mimic.cpp.o[0m
[23.262s] [ 43%] [32m[1mLinking CXX executable mimic[0m
[23.587s] [ 43%] Built target mimic
[23.594s] [ 44%] [34m[1mGenerating C type support dispatch for ROS interfaces[0m
[23.929s] [ 45%] [32mBuilding CXX object CMakeFiles/turtlesim__rosidl_typesupport_c.dir/rosidl_typesupport_c/turtlesim/action/rotate_absolute__type_support.cpp.o[0m
[23.973s] [ 46%] [32mBuilding CXX object CMakeFiles/turtlesim__rosidl_typesupport_c.dir/rosidl_typesupport_c/turtlesim/msg/pose__type_support.cpp.o[0m
[24.009s] [ 47%] [32mBuilding CXX object CMakeFiles/turtlesim__rosidl_typesupport_c.dir/rosidl_typesupport_c/turtlesim/srv/kill__type_support.cpp.o[0m
[24.052s] [ 48%] [32mBuilding CXX object CMakeFiles/turtlesim__rosidl_typesupport_c.dir/rosidl_typesupport_c/turtlesim/srv/set_pen__type_support.cpp.o[0m
[24.095s] [ 49%] [32mBuilding CXX object CMakeFiles/turtlesim__rosidl_typesupport_c.dir/rosidl_typesupport_c/turtlesim/srv/spawn__type_support.cpp.o[0m
[24.129s] [ 50%] [32mBuilding CXX object CMakeFiles/turtlesim__rosidl_typesupport_c.dir/rosidl_typesupport_c/turtlesim/srv/teleport_absolute__type_support.cpp.o[0m
[24.153s] [ 51%] [32mBuilding CXX object CMakeFiles/turtlesim__rosidl_typesupport_c.dir/rosidl_typesupport_c/turtlesim/srv/teleport_relative__type_support.cpp.o[0m
[24.191s] [ 52%] [32mBuilding CXX object CMakeFiles/turtlesim__rosidl_typesupport_c.dir/rosidl_typesupport_c/turtlesim/msg/color__type_support.cpp.o[0m
[24.226s] [ 53%] [32m[1mLinking CXX shared library libturtlesim__rosidl_typesupport_c.so[0m
[24.267s] [ 53%] Built target turtlesim__rosidl_typesupport_c
[24.274s] [ 54%] [34m[1mGenerating C introspection for ROS interfaces[0m
[24.855s] [ 55%] [32mBuilding C object CMakeFiles/turtlesim__rosidl_typesupport_introspection_c.dir/rosidl_typesupport_introspection_c/turtlesim/action/detail/rotate_absolute__type_support.c.o[0m
[24.895s] [ 56%] [32mBuilding C object CMakeFiles/turtlesim__rosidl_typesupport_introspection_c.dir/rosidl_typesupport_introspection_c/turtlesim/srv/detail/kill__type_support.c.o[0m
[24.936s] [ 57%] [32mBuilding C object CMakeFiles/turtlesim__rosidl_typesupport_introspection_c.dir/rosidl_typesupport_introspection_c/turtlesim/srv/detail/set_pen__type_support.c.o[0m
[24.967s] [ 58%] [32mBuilding C object CMakeFiles/turtlesim__rosidl_typesupport_introspection_c.dir/rosidl_typesupport_introspection_c/turtlesim/srv/detail/spawn__type_support.c.o[0m
[25.007s] [ 59%] [32mBuilding C object CMakeFiles/turtlesim__rosidl_typesupport_introspection_c.dir/rosidl_typesupport_introspection_c/turtlesim/srv/detail/teleport_absolute__type_support.c.o[0m
[25.045s] [ 60%] [32mBuilding C object CMakeFiles/turtlesim__rosidl_typesupport_introspection_c.dir/rosidl_typesupport_introspection_c/turtlesim/srv/detail/teleport_relative__type_support.c.o[0m
[25.081s] [ 61%] [32mBuilding C object CMakeFiles/turtlesim__rosidl_typesupport_introspection_c.dir/rosidl_typesupport_introspection_c/turtlesim/msg/detail/pose__type_support.c.o[0m
[25.111s] [ 62%] [32mBuilding C object CMakeFiles/turtlesim__rosidl_typesupport_introspection_c.dir/rosidl_typesupport_introspection_c/turtlesim/msg/detail/color__type_support.c.o[0m
[25.134s] [ 63%] [32m[1mLinking C shared library libturtlesim__rosidl_typesupport_introspection_c.so[0m
[25.164s] [ 63%] Built target turtlesim__rosidl_typesupport_introspection_c
[25.172s] [ 64%] [34m[1mGenerating C type support for eProsima Fast-RTPS[0m
[25.704s] [ 65%] [32mBuilding CXX object CMakeFiles/turtlesim__rosidl_typesupport_fastrtps_c.dir/rosidl_typesupport_fastrtps_c/turtlesim/action/detail/rotate_absolute__type_support_c.cpp.o[0m
[25.938s] [ 66%] [32mBuilding CXX object CMakeFiles/turtlesim__rosidl_typesupport_fastrtps_c.dir/rosidl_typesupport_fastrtps_c/turtlesim/srv/detail/set_pen__type_support_c.cpp.o[0m
[26.132s] [ 67%] [32mBuilding CXX object CMakeFiles/turtlesim__rosidl_typesupport_fastrtps_c.dir/rosidl_typesupport_fastrtps_c/turtlesim/srv/detail/spawn__type_support_c.cpp.o[0m
[26.346s] [ 68%] [32mBuilding CXX object CMakeFiles/turtlesim__rosidl_typesupport_fastrtps_c.dir/rosidl_typesupport_fastrtps_c/turtlesim/srv/detail/teleport_absolute__type_support_c.cpp.o[0m
[26.594s] [ 69%] [32mBuilding CXX object CMakeFiles/turtlesim__rosidl_typesupport_fastrtps_c.dir/rosidl_typesupport_fastrtps_c/turtlesim/srv/detail/teleport_relative__type_support_c.cpp.o[0m
[26.832s] [ 70%] [32mBuilding CXX object CMakeFiles/turtlesim__rosidl_typesupport_fastrtps_c.dir/rosidl_typesupport_fastrtps_c/turtlesim/srv/detail/kill__type_support_c.cpp.o[0m
[27.030s] [ 71%] [32mBuilding CXX object CMakeFiles/turtlesim__rosidl_typesupport_fastrtps_c.dir/rosidl_typesupport_fastrtps_c/turtlesim/msg/detail/pose__type_support_c.cpp.o[0m
[27.209s] [ 72%] [32mBuilding CXX object CMakeFiles/turtlesim__rosidl_typesupport_fastrtps_c.dir/rosidl_typesupport_fastrtps_c/turtlesim/msg/detail/color__type_support_c.cpp.o[0m
[27.446s] [ 73%] [32m[1mLinking CXX shared library libturtlesim__rosidl_typesupport_fastrtps_c.so[0m
[27.504s] [ 73%] Built target turtlesim__rosidl_typesupport_fastrtps_c
[27.533s] [ 74%] [32mBuilding CXX object CMakeFiles/draw_square.dir/tutorials/draw_square.cpp.o[0m
[32.825s] [ 75%] [32m[1mLinking CXX executable draw_square[0m
[33.212s] [ 75%] Built target draw_square
[33.225s] [ 75%] Built target turtlesim
[33.248s] [ 76%] [32mBuilding CXX object CMakeFiles/turtle_teleop_key.dir/tutorials/teleop_turtle_key.cpp.o[0m
[36.562s] [ 77%] [32m[1mLinking CXX executable turtle_teleop_key[0m
[36.769s] [ 77%] Built target turtle_teleop_key
[36.775s] [ 78%] [34m[1mGenerating include/turtlesim/moc_turtle_frame.cpp[0m
[36.785s] [ 79%] [34m[1mGenerating Python code for ROS interfaces[0m
[36.861s] [ 81%] [32mBuilding CXX object CMakeFiles/turtlesim_node.dir/src/turtlesim.cpp.o[0m
[36.861s] [ 81%] [32mBuilding CXX object CMakeFiles/turtlesim_node.dir/src/turtle.cpp.o[0m
[38.394s] [ 81%] Built target turtlesim__py
[38.407s] [ 83%] [32mBuilding C object CMakeFiles/turtlesim__rosidl_generator_py.dir/rosidl_generator_py/turtlesim/action/_rotate_absolute_s.c.o[0m
[38.408s] [ 83%] [32mBuilding C object CMakeFiles/turtlesim__rosidl_generator_py.dir/rosidl_generator_py/turtlesim/msg/_color_s.c.o[0m
[38.512s] [ 84%] [32mBuilding C object CMakeFiles/turtlesim__rosidl_generator_py.dir/rosidl_generator_py/turtlesim/srv/_kill_s.c.o[0m
[38.531s] [ 85%] [32mBuilding C object CMakeFiles/turtlesim__rosidl_generator_py.dir/rosidl_generator_py/turtlesim/srv/_set_pen_s.c.o[0m
[38.620s] [ 86%] [32mBuilding C object CMakeFiles/turtlesim__rosidl_generator_py.dir/rosidl_generator_py/turtlesim/srv/_spawn_s.c.o[0m
[38.675s] [ 87%] [32mBuilding C object CMakeFiles/turtlesim__rosidl_generator_py.dir/rosidl_generator_py/turtlesim/srv/_teleport_absolute_s.c.o[0m
[38.737s] [ 88%] [32mBuilding C object CMakeFiles/turtlesim__rosidl_generator_py.dir/rosidl_generator_py/turtlesim/srv/_teleport_relative_s.c.o[0m
[38.811s] [ 89%] [32mBuilding C object CMakeFiles/turtlesim__rosidl_generator_py.dir/rosidl_generator_py/turtlesim/msg/_pose_s.c.o[0m
[38.913s] [ 90%] [32m[1mLinking C shared library rosidl_generator_py/turtlesim/libturtlesim__rosidl_generator_py.so[0m
[38.964s] [ 90%] Built target turtlesim__rosidl_generator_py
[38.982s] [ 91%] [32mBuilding C object CMakeFiles/turtlesim__rosidl_typesupport_fastrtps_c__pyext.dir/rosidl_generator_py/turtlesim/_turtlesim_s.ep.rosidl_typesupport_fastrtps_c.c.o[0m
[39.122s] [ 92%] [32m[1mLinking C shared library rosidl_generator_py/turtlesim/turtlesim_s__rosidl_typesupport_fastrtps_c.cpython-310-aarch64-linux-gnu.so[0m
[39.188s] [ 92%] Built target turtlesim__rosidl_typesupport_fastrtps_c__pyext
[39.227s] [ 93%] [32mBuilding C object CMakeFiles/turtlesim__rosidl_typesupport_c__pyext.dir/rosidl_generator_py/turtlesim/_turtlesim_s.ep.rosidl_typesupport_c.c.o[0m
[39.403s] [ 94%] [32m[1mLinking C shared library rosidl_generator_py/turtlesim/turtlesim_s__rosidl_typesupport_c.cpython-310-aarch64-linux-gnu.so[0m
[39.473s] [ 94%] Built target turtlesim__rosidl_typesupport_c__pyext
[39.499s] [ 95%] [32mBuilding C object CMakeFiles/turtlesim__rosidl_typesupport_introspection_c__pyext.dir/rosidl_generator_py/turtlesim/_turtlesim_s.ep.rosidl_typesupport_introspection_c.c.o[0m
[39.661s] [ 96%] [32m[1mLinking C shared library rosidl_generator_py/turtlesim/turtlesim_s__rosidl_typesupport_introspection_c.cpython-310-aarch64-linux-gnu.so[0m
[39.706s] [ 96%] Built target turtlesim__rosidl_typesupport_introspection_c__pyext
[39.803s] [ 97%] [32mBuilding CXX object CMakeFiles/turtlesim_node.dir/include/turtlesim/moc_turtle_frame.cpp.o[0m
[44.972s] [ 98%] [32mBuilding CXX object CMakeFiles/turtlesim_node.dir/src/turtle_frame.cpp.o[0m
[51.891s] [100%] [32m[1mLinking CXX executable turtlesim_node[0m
[53.330s] [100%] Built target turtlesim_node
[53.337s] Invoked command in '/home/rinav/ros2_ws/build/turtlesim' returned '0': CMAKE_PREFIX_PATH=${CMAKE_PREFIX_PATH}:/home/rinav/ros2_ws/install/trial_package:/home/rinav/ros2_ws/install/moveit_configs_utils:/home/rinav/ros2_ws/install/py_srvcli:/home/rinav/ros2_ws/install/py_pubsub:/home/rinav/ros2_ws/install/mobile_robotics:/home/rinav/ros2_ws/install/launch_param_builder:/opt/ros/humble /usr/bin/cmake --build /home/rinav/ros2_ws/build/turtlesim -- -j8 -l8
[53.339s] Invoking command in '/home/rinav/ros2_ws/build/turtlesim': CMAKE_PREFIX_PATH=${CMAKE_PREFIX_PATH}:/home/rinav/ros2_ws/install/trial_package:/home/rinav/ros2_ws/install/moveit_configs_utils:/home/rinav/ros2_ws/install/py_srvcli:/home/rinav/ros2_ws/install/py_pubsub:/home/rinav/ros2_ws/install/mobile_robotics:/home/rinav/ros2_ws/install/launch_param_builder:/opt/ros/humble /usr/bin/cmake --install /home/rinav/ros2_ws/build/turtlesim
[53.345s] -- Install configuration: ""
[53.346s] -- Installing: /home/rinav/ros2_ws/install/turtlesim/share/ament_index/resource_index/rosidl_interfaces/turtlesim
[53.346s] -- Installing: /home/rinav/ros2_ws/install/turtlesim/include/turtlesim/turtlesim
[53.346s] -- Installing: /home/rinav/ros2_ws/install/turtlesim/include/turtlesim/turtlesim/srv
[53.346s] -- Installing: /home/rinav/ros2_ws/install/turtlesim/include/turtlesim/turtlesim/srv/teleport_absolute.h
[53.346s] -- Installing: /home/rinav/ros2_ws/install/turtlesim/include/turtlesim/turtlesim/srv/detail
[53.346s] -- Installing: /home/rinav/ros2_ws/install/turtlesim/include/turtlesim/turtlesim/srv/detail/teleport_absolute__functions.c
[53.346s] -- Installing: /home/rinav/ros2_ws/install/turtlesim/include/turtlesim/turtlesim/srv/detail/kill__type_support.h
[53.346s] -- Installing: /home/rinav/ros2_ws/install/turtlesim/include/turtlesim/turtlesim/srv/detail/spawn__functions.h
[53.346s] -- Installing: /home/rinav/ros2_ws/install/turtlesim/include/turtlesim/turtlesim/srv/detail/spawn__type_support.h
[53.346s] -- Installing: /home/rinav/ros2_ws/install/turtlesim/include/turtlesim/turtlesim/srv/detail/teleport_relative__struct.h
[53.347s] -- Installing: /home/rinav/ros2_ws/install/turtlesim/include/turtlesim/turtlesim/srv/detail/kill__functions.c
[53.347s] -- Installing: /home/rinav/ros2_ws/install/turtlesim/include/turtlesim/turtlesim/srv/detail/set_pen__functions.c
[53.347s] -- Installing: /home/rinav/ros2_ws/install/turtlesim/include/turtlesim/turtlesim/srv/detail/set_pen__functions.h
[53.347s] -- Installing: /home/rinav/ros2_ws/install/turtlesim/include/turtlesim/turtlesim/srv/detail/spawn__functions.c
[53.347s] -- Installing: /home/rinav/ros2_ws/install/turtlesim/include/turtlesim/turtlesim/srv/detail/teleport_absolute__type_support.h
[53.347s] -- Installing: /home/rinav/ros2_ws/install/turtlesim/include/turtlesim/turtlesim/srv/detail/teleport_absolute__struct.h
[53.347s] -- Installing: /home/rinav/ros2_ws/install/turtlesim/include/turtlesim/turtlesim/srv/detail/spawn__struct.h
[53.348s] -- Installing: /home/rinav/ros2_ws/install/turtlesim/include/turtlesim/turtlesim/srv/detail/kill__functions.h
[53.348s] -- Installing: /home/rinav/ros2_ws/install/turtlesim/include/turtlesim/turtlesim/srv/detail/set_pen__type_support.h
[53.348s] -- Installing: /home/rinav/ros2_ws/install/turtlesim/include/turtlesim/turtlesim/srv/detail/set_pen__struct.h
[53.348s] -- Installing: /home/rinav/ros2_ws/install/turtlesim/include/turtlesim/turtlesim/srv/detail/teleport_relative__type_support.h
[53.348s] -- Installing: /home/rinav/ros2_ws/install/turtlesim/include/turtlesim/turtlesim/srv/detail/teleport_relative__functions.h
[53.348s] -- Installing: /home/rinav/ros2_ws/install/turtlesim/include/turtlesim/turtlesim/srv/detail/teleport_relative__functions.c
[53.349s] -- Installing: /home/rinav/ros2_ws/install/turtlesim/include/turtlesim/turtlesim/srv/detail/kill__struct.h
[53.349s] -- Installing: /home/rinav/ros2_ws/install/turtlesim/include/turtlesim/turtlesim/srv/detail/teleport_absolute__functions.h
[53.349s] -- Installing: /home/rinav/ros2_ws/install/turtlesim/include/turtlesim/turtlesim/srv/spawn.h
[53.349s] -- Installing: /home/rinav/ros2_ws/install/turtlesim/include/turtlesim/turtlesim/srv/kill.h
[53.349s] -- Installing: /home/rinav/ros2_ws/install/turtlesim/include/turtlesim/turtlesim/srv/teleport_relative.h
[53.349s] -- Installing: /home/rinav/ros2_ws/install/turtlesim/include/turtlesim/turtlesim/srv/set_pen.h
[53.349s] -- Installing: /home/rinav/ros2_ws/install/turtlesim/include/turtlesim/turtlesim/msg
[53.350s] -- Installing: /home/rinav/ros2_ws/install/turtlesim/include/turtlesim/turtlesim/msg/detail
[53.350s] -- Installing: /home/rinav/ros2_ws/install/turtlesim/include/turtlesim/turtlesim/msg/detail/pose__functions.h
[53.350s] -- Installing: /home/rinav/ros2_ws/install/turtlesim/include/turtlesim/turtlesim/msg/detail/pose__functions.c
[53.350s] -- Installing: /home/rinav/ros2_ws/install/turtlesim/include/turtlesim/turtlesim/msg/detail/color__type_support.h
[53.350s] -- Installing: /home/rinav/ros2_ws/install/turtlesim/include/turtlesim/turtlesim/msg/detail/color__functions.h
[53.350s] -- Installing: /home/rinav/ros2_ws/install/turtlesim/include/turtlesim/turtlesim/msg/detail/pose__type_support.h
[53.350s] -- Installing: /home/rinav/ros2_ws/install/turtlesim/include/turtlesim/turtlesim/msg/detail/pose__struct.h
[53.350s] -- Installing: /home/rinav/ros2_ws/install/turtlesim/include/turtlesim/turtlesim/msg/detail/color__struct.h
[53.350s] -- Installing: /home/rinav/ros2_ws/install/turtlesim/include/turtlesim/turtlesim/msg/detail/color__functions.c
[53.350s] -- Installing: /home/rinav/ros2_ws/install/turtlesim/include/turtlesim/turtlesim/msg/rosidl_generator_c__visibility_control.h
[53.351s] -- Installing: /home/rinav/ros2_ws/install/turtlesim/include/turtlesim/turtlesim/msg/pose.h
[53.361s] -- Installing: /home/rinav/ros2_ws/install/turtlesim/include/turtlesim/turtlesim/msg/color.h
[53.361s] -- Installing: /home/rinav/ros2_ws/install/turtlesim/include/turtlesim/turtlesim/action
[53.362s] -- Installing: /home/rinav/ros2_ws/install/turtlesim/include/turtlesim/turtlesim/action/detail
[53.362s] -- Installing: /home/rinav/ros2_ws/install/turtlesim/include/turtlesim/turtlesim/action/detail/rotate_absolute__struct.h
[53.362s] -- Installing: /home/rinav/ros2_ws/install/turtlesim/include/turtlesim/turtlesim/action/detail/rotate_absolute__functions.c
[53.362s] -- Installing: /home/rinav/ros2_ws/install/turtlesim/include/turtlesim/turtlesim/action/detail/rotate_absolute__type_support.h
[53.362s] -- Installing: /home/rinav/ros2_ws/install/turtlesim/include/turtlesim/turtlesim/action/detail/rotate_absolute__functions.h
[53.362s] -- Installing: /home/rinav/ros2_ws/install/turtlesim/include/turtlesim/turtlesim/action/rotate_absolute.h
[53.362s] -- Installing: /home/rinav/ros2_ws/install/turtlesim/share/turtlesim/environment/library_path.sh
[53.362s] -- Installing: /home/rinav/ros2_ws/install/turtlesim/share/turtlesim/environment/library_path.dsv
[53.363s] -- Installing: /home/rinav/ros2_ws/install/turtlesim/lib/libturtlesim__rosidl_generator_c.so
[53.363s] -- Set runtime path of "/home/rinav/ros2_ws/install/turtlesim/lib/libturtlesim__rosidl_generator_c.so" to ""
[53.363s] -- Up-to-date: /home/rinav/ros2_ws/install/turtlesim/include/turtlesim/turtlesim
[53.363s] -- Up-to-date: /home/rinav/ros2_ws/install/turtlesim/include/turtlesim/turtlesim/srv
[53.363s] -- Up-to-date: /home/rinav/ros2_ws/install/turtlesim/include/turtlesim/turtlesim/srv/detail
[53.363s] -- Installing: /home/rinav/ros2_ws/install/turtlesim/include/turtlesim/turtlesim/srv/detail/kill__rosidl_typesupport_fastrtps_c.h
[53.363s] -- Installing: /home/rinav/ros2_ws/install/turtlesim/include/turtlesim/turtlesim/srv/detail/teleport_relative__rosidl_typesupport_fastrtps_c.h
[53.364s] -- Installing: /home/rinav/ros2_ws/install/turtlesim/include/turtlesim/turtlesim/srv/detail/set_pen__rosidl_typesupport_fastrtps_c.h
[53.364s] -- Installing: /home/rinav/ros2_ws/install/turtlesim/include/turtlesim/turtlesim/srv/detail/spawn__rosidl_typesupport_fastrtps_c.h
[53.364s] -- Installing: /home/rinav/ros2_ws/install/turtlesim/include/turtlesim/turtlesim/srv/detail/teleport_absolute__rosidl_typesupport_fastrtps_c.h
[53.364s] -- Up-to-date: /home/rinav/ros2_ws/install/turtlesim/include/turtlesim/turtlesim/msg
[53.364s] -- Up-to-date: /home/rinav/ros2_ws/install/turtlesim/include/turtlesim/turtlesim/msg/detail
[53.364s] -- Installing: /home/rinav/ros2_ws/install/turtlesim/include/turtlesim/turtlesim/msg/detail/color__rosidl_typesupport_fastrtps_c.h
[53.364s] -- Installing: /home/rinav/ros2_ws/install/turtlesim/include/turtlesim/turtlesim/msg/detail/pose__rosidl_typesupport_fastrtps_c.h
[53.365s] -- Installing: /home/rinav/ros2_ws/install/turtlesim/include/turtlesim/turtlesim/msg/rosidl_typesupport_fastrtps_c__visibility_control.h
[53.365s] -- Up-to-date: /home/rinav/ros2_ws/install/turtlesim/include/turtlesim/turtlesim/action
[53.365s] -- Up-to-date: /home/rinav/ros2_ws/install/turtlesim/include/turtlesim/turtlesim/action/detail
[53.365s] -- Installing: /home/rinav/ros2_ws/install/turtlesim/include/turtlesim/turtlesim/action/detail/rotate_absolute__rosidl_typesupport_fastrtps_c.h
[53.365s] -- Installing: /home/rinav/ros2_ws/install/turtlesim/lib/libturtlesim__rosidl_typesupport_fastrtps_c.so
[53.365s] -- Set runtime path of "/home/rinav/ros2_ws/install/turtlesim/lib/libturtlesim__rosidl_typesupport_fastrtps_c.so" to ""
[53.365s] -- Up-to-date: /home/rinav/ros2_ws/install/turtlesim/include/turtlesim/turtlesim
[53.365s] -- Up-to-date: /home/rinav/ros2_ws/install/turtlesim/include/turtlesim/turtlesim/srv
[53.365s] -- Installing: /home/rinav/ros2_ws/install/turtlesim/include/turtlesim/turtlesim/srv/kill.hpp
[53.366s] -- Up-to-date: /home/rinav/ros2_ws/install/turtlesim/include/turtlesim/turtlesim/srv/detail
[53.366s] -- Installing: /home/rinav/ros2_ws/install/turtlesim/include/turtlesim/turtlesim/srv/detail/spawn__traits.hpp
[53.366s] -- Installing: /home/rinav/ros2_ws/install/turtlesim/include/turtlesim/turtlesim/srv/detail/kill__type_support.hpp
[53.366s] -- Installing: /home/rinav/ros2_ws/install/turtlesim/include/turtlesim/turtlesim/srv/detail/teleport_relative__type_support.hpp
[53.366s] -- Installing: /home/rinav/ros2_ws/install/turtlesim/include/turtlesim/turtlesim/srv/detail/teleport_relative__builder.hpp
[53.366s] -- Installing: /home/rinav/ros2_ws/install/turtlesim/include/turtlesim/turtlesim/srv/detail/kill__struct.hpp
[53.366s] -- Installing: /home/rinav/ros2_ws/install/turtlesim/include/turtlesim/turtlesim/srv/detail/spawn__builder.hpp
[53.366s] -- Installing: /home/rinav/ros2_ws/install/turtlesim/include/turtlesim/turtlesim/srv/detail/teleport_absolute__builder.hpp
[53.366s] -- Installing: /home/rinav/ros2_ws/install/turtlesim/include/turtlesim/turtlesim/srv/detail/teleport_relative__traits.hpp
[53.366s] -- Installing: /home/rinav/ros2_ws/install/turtlesim/include/turtlesim/turtlesim/srv/detail/set_pen__traits.hpp
[53.367s] -- Installing: /home/rinav/ros2_ws/install/turtlesim/include/turtlesim/turtlesim/srv/detail/set_pen__type_support.hpp
[53.367s] -- Installing: /home/rinav/ros2_ws/install/turtlesim/include/turtlesim/turtlesim/srv/detail/kill__traits.hpp
[53.367s] -- Installing: /home/rinav/ros2_ws/install/turtlesim/include/turtlesim/turtlesim/srv/detail/set_pen__builder.hpp
[53.367s] -- Installing: /home/rinav/ros2_ws/install/turtlesim/include/turtlesim/turtlesim/srv/detail/spawn__struct.hpp
[53.367s] -- Installing: /home/rinav/ros2_ws/install/turtlesim/include/turtlesim/turtlesim/srv/detail/teleport_absolute__struct.hpp
[53.367s] -- Installing: /home/rinav/ros2_ws/install/turtlesim/include/turtlesim/turtlesim/srv/detail/set_pen__struct.hpp
[53.367s] -- Installing: /home/rinav/ros2_ws/install/turtlesim/include/turtlesim/turtlesim/srv/detail/kill__builder.hpp
[53.367s] -- Installing: /home/rinav/ros2_ws/install/turtlesim/include/turtlesim/turtlesim/srv/detail/spawn__type_support.hpp
[53.367s] -- Installing: /home/rinav/ros2_ws/install/turtlesim/include/turtlesim/turtlesim/srv/detail/teleport_absolute__type_support.hpp
[53.368s] -- Installing: /home/rinav/ros2_ws/install/turtlesim/include/turtlesim/turtlesim/srv/detail/teleport_absolute__traits.hpp
[53.368s] -- Installing: /home/rinav/ros2_ws/install/turtlesim/include/turtlesim/turtlesim/srv/detail/teleport_relative__struct.hpp
[53.368s] -- Installing: /home/rinav/ros2_ws/install/turtlesim/include/turtlesim/turtlesim/srv/spawn.hpp
[53.368s] -- Installing: /home/rinav/ros2_ws/install/turtlesim/include/turtlesim/turtlesim/srv/set_pen.hpp
[53.368s] -- Installing: /home/rinav/ros2_ws/install/turtlesim/include/turtlesim/turtlesim/srv/teleport_absolute.hpp
[53.368s] -- Installing: /home/rinav/ros2_ws/install/turtlesim/include/turtlesim/turtlesim/srv/teleport_relative.hpp
[53.368s] -- Up-to-date: /home/rinav/ros2_ws/install/turtlesim/include/turtlesim/turtlesim/msg
[53.368s] -- Up-to-date: /home/rinav/ros2_ws/install/turtlesim/include/turtlesim/turtlesim/msg/detail
[53.368s] -- Installing: /home/rinav/ros2_ws/install/turtlesim/include/turtlesim/turtlesim/msg/detail/color__traits.hpp
[53.368s] -- Installing: /home/rinav/ros2_ws/install/turtlesim/include/turtlesim/turtlesim/msg/detail/pose__struct.hpp
[53.369s] -- Installing: /home/rinav/ros2_ws/install/turtlesim/include/turtlesim/turtlesim/msg/detail/pose__type_support.hpp
[53.369s] -- Installing: /home/rinav/ros2_ws/install/turtlesim/include/turtlesim/turtlesim/msg/detail/color__type_support.hpp
[53.369s] -- Installing: /home/rinav/ros2_ws/install/turtlesim/include/turtlesim/turtlesim/msg/detail/pose__traits.hpp
[53.369s] -- Installing: /home/rinav/ros2_ws/install/turtlesim/include/turtlesim/turtlesim/msg/detail/color__struct.hpp
[53.369s] -- Installing: /home/rinav/ros2_ws/install/turtlesim/include/turtlesim/turtlesim/msg/detail/pose__builder.hpp
[53.369s] -- Installing: /home/rinav/ros2_ws/install/turtlesim/include/turtlesim/turtlesim/msg/detail/color__builder.hpp
[53.369s] -- Installing: /home/rinav/ros2_ws/install/turtlesim/include/turtlesim/turtlesim/msg/pose.hpp
[53.369s] -- Installing: /home/rinav/ros2_ws/install/turtlesim/include/turtlesim/turtlesim/msg/rosidl_generator_cpp__visibility_control.hpp
[53.370s] -- Installing: /home/rinav/ros2_ws/install/turtlesim/include/turtlesim/turtlesim/msg/color.hpp
[53.370s] -- Up-to-date: /home/rinav/ros2_ws/install/turtlesim/include/turtlesim/turtlesim/action
[53.370s] -- Up-to-date: /home/rinav/ros2_ws/install/turtlesim/include/turtlesim/turtlesim/action/detail
[53.370s] -- Installing: /home/rinav/ros2_ws/install/turtlesim/include/turtlesim/turtlesim/action/detail/rotate_absolute__struct.hpp
[53.370s] -- Installing: /home/rinav/ros2_ws/install/turtlesim/include/turtlesim/turtlesim/action/detail/rotate_absolute__type_support.hpp
[53.370s] -- Installing: /home/rinav/ros2_ws/install/turtlesim/include/turtlesim/turtlesim/action/detail/rotate_absolute__traits.hpp
[53.370s] -- Installing: /home/rinav/ros2_ws/install/turtlesim/include/turtlesim/turtlesim/action/detail/rotate_absolute__builder.hpp
[53.370s] -- Installing: /home/rinav/ros2_ws/install/turtlesim/include/turtlesim/turtlesim/action/rotate_absolute.hpp
[53.370s] -- Up-to-date: /home/rinav/ros2_ws/install/turtlesim/include/turtlesim/turtlesim
[53.370s] -- Up-to-date: /home/rinav/ros2_ws/install/turtlesim/include/turtlesim/turtlesim/srv
[53.370s] -- Up-to-date: /home/rinav/ros2_ws/install/turtlesim/include/turtlesim/turtlesim/srv/detail
[53.371s] -- Installing: /home/rinav/ros2_ws/install/turtlesim/include/turtlesim/turtlesim/srv/detail/dds_fastrtps
[53.371s] -- Installing: /home/rinav/ros2_ws/install/turtlesim/include/turtlesim/turtlesim/srv/detail/set_pen__rosidl_typesupport_fastrtps_cpp.hpp
[53.371s] -- Installing: /home/rinav/ros2_ws/install/turtlesim/include/turtlesim/turtlesim/srv/detail/spawn__rosidl_typesupport_fastrtps_cpp.hpp
[53.371s] -- Installing: /home/rinav/ros2_ws/install/turtlesim/include/turtlesim/turtlesim/srv/detail/teleport_absolute__rosidl_typesupport_fastrtps_cpp.hpp
[53.372s] -- Installing: /home/rinav/ros2_ws/install/turtlesim/include/turtlesim/turtlesim/srv/detail/kill__rosidl_typesupport_fastrtps_cpp.hpp
[53.372s] -- Installing: /home/rinav/ros2_ws/install/turtlesim/include/turtlesim/turtlesim/srv/detail/teleport_relative__rosidl_typesupport_fastrtps_cpp.hpp
[53.372s] -- Up-to-date: /home/rinav/ros2_ws/install/turtlesim/include/turtlesim/turtlesim/msg
[53.372s] -- Up-to-date: /home/rinav/ros2_ws/install/turtlesim/include/turtlesim/turtlesim/msg/detail
[53.372s] -- Installing: /home/rinav/ros2_ws/install/turtlesim/include/turtlesim/turtlesim/msg/detail/pose__rosidl_typesupport_fastrtps_cpp.hpp
[53.372s] -- Installing: /home/rinav/ros2_ws/install/turtlesim/include/turtlesim/turtlesim/msg/detail/dds_fastrtps
[53.372s] -- Installing: /home/rinav/ros2_ws/install/turtlesim/include/turtlesim/turtlesim/msg/detail/color__rosidl_typesupport_fastrtps_cpp.hpp
[53.372s] -- Installing: /home/rinav/ros2_ws/install/turtlesim/include/turtlesim/turtlesim/msg/rosidl_typesupport_fastrtps_cpp__visibility_control.h
[53.372s] -- Up-to-date: /home/rinav/ros2_ws/install/turtlesim/include/turtlesim/turtlesim/action
[53.372s] -- Up-to-date: /home/rinav/ros2_ws/install/turtlesim/include/turtlesim/turtlesim/action/detail
[53.372s] -- Installing: /home/rinav/ros2_ws/install/turtlesim/include/turtlesim/turtlesim/action/detail/rotate_absolute__rosidl_typesupport_fastrtps_cpp.hpp
[53.373s] -- Installing: /home/rinav/ros2_ws/install/turtlesim/include/turtlesim/turtlesim/action/detail/dds_fastrtps
[53.373s] -- Installing: /home/rinav/ros2_ws/install/turtlesim/lib/libturtlesim__rosidl_typesupport_fastrtps_cpp.so
[53.373s] -- Set runtime path of "/home/rinav/ros2_ws/install/turtlesim/lib/libturtlesim__rosidl_typesupport_fastrtps_cpp.so" to ""
[53.373s] -- Up-to-date: /home/rinav/ros2_ws/install/turtlesim/include/turtlesim/turtlesim
[53.373s] -- Up-to-date: /home/rinav/ros2_ws/install/turtlesim/include/turtlesim/turtlesim/srv
[53.373s] -- Up-to-date: /home/rinav/ros2_ws/install/turtlesim/include/turtlesim/turtlesim/srv/detail
[53.373s] -- Installing: /home/rinav/ros2_ws/install/turtlesim/include/turtlesim/turtlesim/srv/detail/set_pen__rosidl_typesupport_introspection_c.h
[53.373s] -- Installing: /home/rinav/ros2_ws/install/turtlesim/include/turtlesim/turtlesim/srv/detail/set_pen__type_support.c
[53.374s] -- Installing: /home/rinav/ros2_ws/install/turtlesim/include/turtlesim/turtlesim/srv/detail/teleport_relative__rosidl_typesupport_introspection_c.h
[53.374s] -- Installing: /home/rinav/ros2_ws/install/turtlesim/include/turtlesim/turtlesim/srv/detail/teleport_absolute__rosidl_typesupport_introspection_c.h
[53.374s] -- Installing: /home/rinav/ros2_ws/install/turtlesim/include/turtlesim/turtlesim/srv/detail/teleport_absolute__type_support.c
[53.374s] -- Installing: /home/rinav/ros2_ws/install/turtlesim/include/turtlesim/turtlesim/srv/detail/kill__rosidl_typesupport_introspection_c.h
[53.374s] -- Installing: /home/rinav/ros2_ws/install/turtlesim/include/turtlesim/turtlesim/srv/detail/spawn__type_support.c
[53.374s] -- Installing: /home/rinav/ros2_ws/install/turtlesim/include/turtlesim/turtlesim/srv/detail/kill__type_support.c
[53.374s] -- Installing: /home/rinav/ros2_ws/install/turtlesim/include/turtlesim/turtlesim/srv/detail/teleport_relative__type_support.c
[53.374s] -- Installing: /home/rinav/ros2_ws/install/turtlesim/include/turtlesim/turtlesim/srv/detail/spawn__rosidl_typesupport_introspection_c.h
[53.374s] -- Up-to-date: /home/rinav/ros2_ws/install/turtlesim/include/turtlesim/turtlesim/msg
[53.374s] -- Up-to-date: /home/rinav/ros2_ws/install/turtlesim/include/turtlesim/turtlesim/msg/detail
[53.374s] -- Installing: /home/rinav/ros2_ws/install/turtlesim/include/turtlesim/turtlesim/msg/detail/color__rosidl_typesupport_introspection_c.h
[53.375s] -- Installing: /home/rinav/ros2_ws/install/turtlesim/include/turtlesim/turtlesim/msg/detail/pose__type_support.c
[53.375s] -- Installing: /home/rinav/ros2_ws/install/turtlesim/include/turtlesim/turtlesim/msg/detail/color__type_support.c
[53.375s] -- Installing: /home/rinav/ros2_ws/install/turtlesim/include/turtlesim/turtlesim/msg/detail/pose__rosidl_typesupport_introspection_c.h
[53.375s] -- Installing: /home/rinav/ros2_ws/install/turtlesim/include/turtlesim/turtlesim/msg/rosidl_typesupport_introspection_c__visibility_control.h
[53.375s] -- Up-to-date: /home/rinav/ros2_ws/install/turtlesim/include/turtlesim/turtlesim/action
[53.375s] -- Up-to-date: /home/rinav/ros2_ws/install/turtlesim/include/turtlesim/turtlesim/action/detail
[53.375s] -- Installing: /home/rinav/ros2_ws/install/turtlesim/include/turtlesim/turtlesim/action/detail/rotate_absolute__type_support.c
[53.375s] -- Installing: /home/rinav/ros2_ws/install/turtlesim/include/turtlesim/turtlesim/action/detail/rotate_absolute__rosidl_typesupport_introspection_c.h
[53.375s] -- Installing: /home/rinav/ros2_ws/install/turtlesim/lib/libturtlesim__rosidl_typesupport_introspection_c.so
[53.376s] -- Set runtime path of "/home/rinav/ros2_ws/install/turtlesim/lib/libturtlesim__rosidl_typesupport_introspection_c.so" to ""
[53.376s] -- Installing: /home/rinav/ros2_ws/install/turtlesim/lib/libturtlesim__rosidl_typesupport_c.so
[53.376s] -- Set runtime path of "/home/rinav/ros2_ws/install/turtlesim/lib/libturtlesim__rosidl_typesupport_c.so" to ""
[53.376s] -- Up-to-date: /home/rinav/ros2_ws/install/turtlesim/include/turtlesim/turtlesim
[53.376s] -- Up-to-date: /home/rinav/ros2_ws/install/turtlesim/include/turtlesim/turtlesim/srv
[53.376s] -- Up-to-date: /home/rinav/ros2_ws/install/turtlesim/include/turtlesim/turtlesim/srv/detail
[53.376s] -- Installing: /home/rinav/ros2_ws/install/turtlesim/include/turtlesim/turtlesim/srv/detail/spawn__rosidl_typesupport_introspection_cpp.hpp
[53.376s] -- Installing: /home/rinav/ros2_ws/install/turtlesim/include/turtlesim/turtlesim/srv/detail/kill__type_support.cpp
[53.376s] -- Installing: /home/rinav/ros2_ws/install/turtlesim/include/turtlesim/turtlesim/srv/detail/kill__rosidl_typesupport_introspection_cpp.hpp
[53.377s] -- Installing: /home/rinav/ros2_ws/install/turtlesim/include/turtlesim/turtlesim/srv/detail/set_pen__rosidl_typesupport_introspection_cpp.hpp
[53.377s] -- Installing: /home/rinav/ros2_ws/install/turtlesim/include/turtlesim/turtlesim/srv/detail/teleport_absolute__rosidl_typesupport_introspection_cpp.hpp
[53.377s] -- Installing: /home/rinav/ros2_ws/install/turtlesim/include/turtlesim/turtlesim/srv/detail/teleport_relative__rosidl_typesupport_introspection_cpp.hpp
[53.377s] -- Installing: /home/rinav/ros2_ws/install/turtlesim/include/turtlesim/turtlesim/srv/detail/teleport_absolute__type_support.cpp
[53.377s] -- Installing: /home/rinav/ros2_ws/install/turtlesim/include/turtlesim/turtlesim/srv/detail/spawn__type_support.cpp
[53.378s] -- Installing: /home/rinav/ros2_ws/install/turtlesim/include/turtlesim/turtlesim/srv/detail/set_pen__type_support.cpp
[53.378s] -- Installing: /home/rinav/ros2_ws/install/turtlesim/include/turtlesim/turtlesim/srv/detail/teleport_relative__type_support.cpp
[53.378s] -- Up-to-date: /home/rinav/ros2_ws/install/turtlesim/include/turtlesim/turtlesim/msg
[53.378s] -- Up-to-date: /home/rinav/ros2_ws/install/turtlesim/include/turtlesim/turtlesim/msg/detail
[53.378s] -- Installing: /home/rinav/ros2_ws/install/turtlesim/include/turtlesim/turtlesim/msg/detail/pose__rosidl_typesupport_introspection_cpp.hpp
[53.378s] -- Installing: /home/rinav/ros2_ws/install/turtlesim/include/turtlesim/turtlesim/msg/detail/color__type_support.cpp
[53.378s] -- Installing: /home/rinav/ros2_ws/install/turtlesim/include/turtlesim/turtlesim/msg/detail/color__rosidl_typesupport_introspection_cpp.hpp
[53.378s] -- Installing: /home/rinav/ros2_ws/install/turtlesim/include/turtlesim/turtlesim/msg/detail/pose__type_support.cpp
[53.379s] -- Up-to-date: /home/rinav/ros2_ws/install/turtlesim/include/turtlesim/turtlesim/action
[53.379s] -- Up-to-date: /home/rinav/ros2_ws/install/turtlesim/include/turtlesim/turtlesim/action/detail
[53.379s] -- Installing: /home/rinav/ros2_ws/install/turtlesim/include/turtlesim/turtlesim/action/detail/rotate_absolute__rosidl_typesupport_introspection_cpp.hpp
[53.379s] -- Installing: /home/rinav/ros2_ws/install/turtlesim/include/turtlesim/turtlesim/action/detail/rotate_absolute__type_support.cpp
[53.379s] -- Installing: /home/rinav/ros2_ws/install/turtlesim/lib/libturtlesim__rosidl_typesupport_introspection_cpp.so
[53.379s] -- Set runtime path of "/home/rinav/ros2_ws/install/turtlesim/lib/libturtlesim__rosidl_typesupport_introspection_cpp.so" to ""
[53.379s] -- Installing: /home/rinav/ros2_ws/install/turtlesim/lib/libturtlesim__rosidl_typesupport_cpp.so
[53.380s] -- Set runtime path of "/home/rinav/ros2_ws/install/turtlesim/lib/libturtlesim__rosidl_typesupport_cpp.so" to ""
[53.380s] -- Installing: /home/rinav/ros2_ws/install/turtlesim/share/turtlesim/environment/pythonpath.sh
[53.380s] -- Installing: /home/rinav/ros2_ws/install/turtlesim/share/turtlesim/environment/pythonpath.dsv
[53.380s] -- Installing: /home/rinav/ros2_ws/install/turtlesim/local/lib/python3.10/dist-packages/turtlesim-1.4.2-py3.10.egg-info
[53.380s] -- Installing: /home/rinav/ros2_ws/install/turtlesim/local/lib/python3.10/dist-packages/turtlesim-1.4.2-py3.10.egg-info/dependency_links.txt
[53.380s] -- Installing: /home/rinav/ros2_ws/install/turtlesim/local/lib/python3.10/dist-packages/turtlesim-1.4.2-py3.10.egg-info/PKG-INFO
[53.381s] -- Installing: /home/rinav/ros2_ws/install/turtlesim/local/lib/python3.10/dist-packages/turtlesim-1.4.2-py3.10.egg-info/top_level.txt
[53.381s] -- Installing: /home/rinav/ros2_ws/install/turtlesim/local/lib/python3.10/dist-packages/turtlesim-1.4.2-py3.10.egg-info/SOURCES.txt
[53.381s] -- Installing: /home/rinav/ros2_ws/install/turtlesim/local/lib/python3.10/dist-packages/turtlesim
[53.381s] -- Installing: /home/rinav/ros2_ws/install/turtlesim/local/lib/python3.10/dist-packages/turtlesim/_turtlesim_s.ep.rosidl_typesupport_introspection_c.c
[53.381s] -- Installing: /home/rinav/ros2_ws/install/turtlesim/local/lib/python3.10/dist-packages/turtlesim/libturtlesim__rosidl_generator_py.so
[53.381s] -- Installing: /home/rinav/ros2_ws/install/turtlesim/local/lib/python3.10/dist-packages/turtlesim/turtlesim_s__rosidl_typesupport_c.cpython-310-aarch64-linux-gnu.so
[53.381s] -- Installing: /home/rinav/ros2_ws/install/turtlesim/local/lib/python3.10/dist-packages/turtlesim/_turtlesim_s.ep.rosidl_typesupport_fastrtps_c.c
[53.382s] -- Installing: /home/rinav/ros2_ws/install/turtlesim/local/lib/python3.10/dist-packages/turtlesim/srv
[53.382s] -- Installing: /home/rinav/ros2_ws/install/turtlesim/local/lib/python3.10/dist-packages/turtlesim/srv/_teleport_relative.py
[53.382s] -- Installing: /home/rinav/ros2_ws/install/turtlesim/local/lib/python3.10/dist-packages/turtlesim/srv/_spawn.py
[53.382s] -- Installing: /home/rinav/ros2_ws/install/turtlesim/local/lib/python3.10/dist-packages/turtlesim/srv/_teleport_absolute_s.c
[53.382s] -- Installing: /home/rinav/ros2_ws/install/turtlesim/local/lib/python3.10/dist-packages/turtlesim/srv/_teleport_absolute.py
[53.382s] -- Installing: /home/rinav/ros2_ws/install/turtlesim/local/lib/python3.10/dist-packages/turtlesim/srv/_teleport_relative_s.c
[53.382s] -- Installing: /home/rinav/ros2_ws/install/turtlesim/local/lib/python3.10/dist-packages/turtlesim/srv/_kill_s.c
[53.382s] -- Installing: /home/rinav/ros2_ws/install/turtlesim/local/lib/python3.10/dist-packages/turtlesim/srv/_set_pen_s.c
[53.382s] -- Installing: /home/rinav/ros2_ws/install/turtlesim/local/lib/python3.10/dist-packages/turtlesim/srv/__init__.py
[53.383s] -- Installing: /home/rinav/ros2_ws/install/turtlesim/local/lib/python3.10/dist-packages/turtlesim/srv/_set_pen.py
[53.383s] -- Installing: /home/rinav/ros2_ws/install/turtlesim/local/lib/python3.10/dist-packages/turtlesim/srv/_spawn_s.c
[53.383s] -- Installing: /home/rinav/ros2_ws/install/turtlesim/local/lib/python3.10/dist-packages/turtlesim/srv/_kill.py
[53.383s] -- Installing: /home/rinav/ros2_ws/install/turtlesim/local/lib/python3.10/dist-packages/turtlesim/msg
[53.383s] -- Installing: /home/rinav/ros2_ws/install/turtlesim/local/lib/python3.10/dist-packages/turtlesim/msg/_color.py
[53.383s] -- Installing: /home/rinav/ros2_ws/install/turtlesim/local/lib/python3.10/dist-packages/turtlesim/msg/_pose.py
[53.383s] -- Installing: /home/rinav/ros2_ws/install/turtlesim/local/lib/python3.10/dist-packages/turtlesim/msg/_pose_s.c
[53.383s] -- Installing: /home/rinav/ros2_ws/install/turtlesim/local/lib/python3.10/dist-packages/turtlesim/msg/__init__.py
[53.383s] -- Installing: /home/rinav/ros2_ws/install/turtlesim/local/lib/python3.10/dist-packages/turtlesim/msg/_color_s.c
[53.383s] -- Installing: /home/rinav/ros2_ws/install/turtlesim/local/lib/python3.10/dist-packages/turtlesim/turtlesim_s__rosidl_typesupport_fastrtps_c.cpython-310-aarch64-linux-gnu.so
[53.384s] -- Installing: /home/rinav/ros2_ws/install/turtlesim/local/lib/python3.10/dist-packages/turtlesim/_turtlesim_s.ep.rosidl_typesupport_c.c
[53.384s] -- Installing: /home/rinav/ros2_ws/install/turtlesim/local/lib/python3.10/dist-packages/turtlesim/turtlesim_s__rosidl_typesupport_introspection_c.cpython-310-aarch64-linux-gnu.so
[53.384s] -- Installing: /home/rinav/ros2_ws/install/turtlesim/local/lib/python3.10/dist-packages/turtlesim/__init__.py
[53.384s] -- Installing: /home/rinav/ros2_ws/install/turtlesim/local/lib/python3.10/dist-packages/turtlesim/action
[53.384s] -- Installing: /home/rinav/ros2_ws/install/turtlesim/local/lib/python3.10/dist-packages/turtlesim/action/_rotate_absolute.py
[53.384s] -- Installing: /home/rinav/ros2_ws/install/turtlesim/local/lib/python3.10/dist-packages/turtlesim/action/_rotate_absolute_s.c
[53.384s] -- Installing: /home/rinav/ros2_ws/install/turtlesim/local/lib/python3.10/dist-packages/turtlesim/action/__init__.py
[53.415s] Listing '/home/rinav/ros2_ws/install/turtlesim/local/lib/python3.10/dist-packages/turtlesim'...
[53.415s] Compiling '/home/rinav/ros2_ws/install/turtlesim/local/lib/python3.10/dist-packages/turtlesim/__init__.py'...
[53.415s] Listing '/home/rinav/ros2_ws/install/turtlesim/local/lib/python3.10/dist-packages/turtlesim/action'...
[53.415s] Compiling '/home/rinav/ros2_ws/install/turtlesim/local/lib/python3.10/dist-packages/turtlesim/action/__init__.py'...
[53.415s] Compiling '/home/rinav/ros2_ws/install/turtlesim/local/lib/python3.10/dist-packages/turtlesim/action/_rotate_absolute.py'...
[53.415s] Listing '/home/rinav/ros2_ws/install/turtlesim/local/lib/python3.10/dist-packages/turtlesim/msg'...
[53.415s] Compiling '/home/rinav/ros2_ws/install/turtlesim/local/lib/python3.10/dist-packages/turtlesim/msg/__init__.py'...
[53.415s] Compiling '/home/rinav/ros2_ws/install/turtlesim/local/lib/python3.10/dist-packages/turtlesim/msg/_color.py'...
[53.415s] Compiling '/home/rinav/ros2_ws/install/turtlesim/local/lib/python3.10/dist-packages/turtlesim/msg/_pose.py'...
[53.415s] Listing '/home/rinav/ros2_ws/install/turtlesim/local/lib/python3.10/dist-packages/turtlesim/srv'...
[53.415s] Compiling '/home/rinav/ros2_ws/install/turtlesim/local/lib/python3.10/dist-packages/turtlesim/srv/__init__.py'...
[53.415s] Compiling '/home/rinav/ros2_ws/install/turtlesim/local/lib/python3.10/dist-packages/turtlesim/srv/_kill.py'...
[53.415s] Compiling '/home/rinav/ros2_ws/install/turtlesim/local/lib/python3.10/dist-packages/turtlesim/srv/_set_pen.py'...
[53.415s] Compiling '/home/rinav/ros2_ws/install/turtlesim/local/lib/python3.10/dist-packages/turtlesim/srv/_spawn.py'...
[53.415s] Compiling '/home/rinav/ros2_ws/install/turtlesim/local/lib/python3.10/dist-packages/turtlesim/srv/_teleport_absolute.py'...
[53.415s] Compiling '/home/rinav/ros2_ws/install/turtlesim/local/lib/python3.10/dist-packages/turtlesim/srv/_teleport_relative.py'...
[53.425s] -- Installing: /home/rinav/ros2_ws/install/turtlesim/local/lib/python3.10/dist-packages/turtlesim/turtlesim_s__rosidl_typesupport_fastrtps_c.cpython-310-aarch64-linux-gnu.so
[53.425s] -- Set runtime path of "/home/rinav/ros2_ws/install/turtlesim/local/lib/python3.10/dist-packages/turtlesim/turtlesim_s__rosidl_typesupport_fastrtps_c.cpython-310-aarch64-linux-gnu.so" to ""
[53.425s] -- Installing: /home/rinav/ros2_ws/install/turtlesim/local/lib/python3.10/dist-packages/turtlesim/turtlesim_s__rosidl_typesupport_introspection_c.cpython-310-aarch64-linux-gnu.so
[53.425s] -- Set runtime path of "/home/rinav/ros2_ws/install/turtlesim/local/lib/python3.10/dist-packages/turtlesim/turtlesim_s__rosidl_typesupport_introspection_c.cpython-310-aarch64-linux-gnu.so" to ""
[53.425s] -- Installing: /home/rinav/ros2_ws/install/turtlesim/local/lib/python3.10/dist-packages/turtlesim/turtlesim_s__rosidl_typesupport_c.cpython-310-aarch64-linux-gnu.so
[53.425s] -- Set runtime path of "/home/rinav/ros2_ws/install/turtlesim/local/lib/python3.10/dist-packages/turtlesim/turtlesim_s__rosidl_typesupport_c.cpython-310-aarch64-linux-gnu.so" to ""
[53.425s] -- Installing: /home/rinav/ros2_ws/install/turtlesim/lib/libturtlesim__rosidl_generator_py.so
[53.426s] -- Set runtime path of "/home/rinav/ros2_ws/install/turtlesim/lib/libturtlesim__rosidl_generator_py.so" to ""
[53.426s] -- Installing: /home/rinav/ros2_ws/install/turtlesim/share/turtlesim/action/RotateAbsolute.idl
[53.426s] -- Installing: /home/rinav/ros2_ws/install/turtlesim/share/turtlesim/msg/Color.idl
[53.426s] -- Installing: /home/rinav/ros2_ws/install/turtlesim/share/turtlesim/msg/Pose.idl
[53.426s] -- Installing: /home/rinav/ros2_ws/install/turtlesim/share/turtlesim/srv/Kill.idl
[53.426s] -- Installing: /home/rinav/ros2_ws/install/turtlesim/share/turtlesim/srv/SetPen.idl
[53.426s] -- Installing: /home/rinav/ros2_ws/install/turtlesim/share/turtlesim/srv/Spawn.idl
[53.426s] -- Installing: /home/rinav/ros2_ws/install/turtlesim/share/turtlesim/srv/TeleportAbsolute.idl
[53.426s] -- Installing: /home/rinav/ros2_ws/install/turtlesim/share/turtlesim/srv/TeleportRelative.idl
[53.426s] -- Installing: /home/rinav/ros2_ws/install/turtlesim/share/turtlesim/action/RotateAbsolute.action
[53.426s] -- Installing: /home/rinav/ros2_ws/install/turtlesim/share/turtlesim/msg/Color.msg
[53.426s] -- Installing: /home/rinav/ros2_ws/install/turtlesim/share/turtlesim/msg/Pose.msg
[53.426s] -- Installing: /home/rinav/ros2_ws/install/turtlesim/share/turtlesim/srv/Kill.srv
[53.426s] -- Installing: /home/rinav/ros2_ws/install/turtlesim/share/turtlesim/srv/Kill_Request.msg
[53.426s] -- Installing: /home/rinav/ros2_ws/install/turtlesim/share/turtlesim/srv/Kill_Response.msg
[53.426s] -- Installing: /home/rinav/ros2_ws/install/turtlesim/share/turtlesim/srv/SetPen.srv
[53.426s] -- Installing: /home/rinav/ros2_ws/install/turtlesim/share/turtlesim/srv/SetPen_Request.msg
[53.426s] -- Installing: /home/rinav/ros2_ws/install/turtlesim/share/turtlesim/srv/SetPen_Response.msg
[53.426s] -- Installing: /home/rinav/ros2_ws/install/turtlesim/share/turtlesim/srv/Spawn.srv
[53.426s] -- Installing: /home/rinav/ros2_ws/install/turtlesim/share/turtlesim/srv/Spawn_Request.msg
[53.426s] -- Installing: /home/rinav/ros2_ws/install/turtlesim/share/turtlesim/srv/Spawn_Response.msg
[53.426s] -- Installing: /home/rinav/ros2_ws/install/turtlesim/share/turtlesim/srv/TeleportAbsolute.srv
[53.426s] -- Installing: /home/rinav/ros2_ws/install/turtlesim/share/turtlesim/srv/TeleportAbsolute_Request.msg
[53.426s] -- Installing: /home/rinav/ros2_ws/install/turtlesim/share/turtlesim/srv/TeleportAbsolute_Response.msg
[53.426s] -- Installing: /home/rinav/ros2_ws/install/turtlesim/share/turtlesim/srv/TeleportRelative.srv
[53.426s] -- Installing: /home/rinav/ros2_ws/install/turtlesim/share/turtlesim/srv/TeleportRelative_Request.msg
[53.426s] -- Installing: /home/rinav/ros2_ws/install/turtlesim/share/turtlesim/srv/TeleportRelative_Response.msg
[53.426s] -- Installing: /home/rinav/ros2_ws/install/turtlesim/lib/turtlesim/turtlesim_node
[53.426s] -- Set runtime path of "/home/rinav/ros2_ws/install/turtlesim/lib/turtlesim/turtlesim_node" to ""
[53.426s] -- Installing: /home/rinav/ros2_ws/install/turtlesim/lib/turtlesim/turtle_teleop_key
[53.427s] -- Set runtime path of "/home/rinav/ros2_ws/install/turtlesim/lib/turtlesim/turtle_teleop_key" to ""
[53.427s] -- Installing: /home/rinav/ros2_ws/install/turtlesim/lib/turtlesim/draw_square
[53.430s] -- Set runtime path of "/home/rinav/ros2_ws/install/turtlesim/lib/turtlesim/draw_square" to ""
[53.430s] -- Installing: /home/rinav/ros2_ws/install/turtlesim/lib/turtlesim/mimic
[53.432s] -- Set runtime path of "/home/rinav/ros2_ws/install/turtlesim/lib/turtlesim/mimic" to ""
[53.432s] -- Installing: /home/rinav/ros2_ws/install/turtlesim/share/turtlesim/images
[53.432s] -- Installing: /home/rinav/ros2_ws/install/turtlesim/share/turtlesim/images/dashing.png
[53.433s] -- Installing: /home/rinav/ros2_ws/install/turtlesim/share/turtlesim/images/bouncy.png
[53.434s] -- Installing: /home/rinav/ros2_ws/install/turtlesim/share/turtlesim/images/crystal.png
[53.434s] -- Installing: /home/rinav/ros2_ws/install/turtlesim/share/turtlesim/images/ardent.png
[53.434s] -- Installing: /home/rinav/ros2_ws/install/turtlesim/share/turtlesim/images/galactic.png
[53.435s] -- Installing: /home/rinav/ros2_ws/install/turtlesim/share/turtlesim/images/eloquent.png
[53.435s] -- Installing: /home/rinav/ros2_ws/install/turtlesim/share/turtlesim/images/humble.png
[53.435s] -- Installing: /home/rinav/ros2_ws/install/turtlesim/share/turtlesim/images/foxy.png
[53.435s] -- Installing: /home/rinav/ros2_ws/install/turtlesim/share/turtlesim/images/rolling.png
[53.435s] -- Installing: /home/rinav/ros2_ws/install/turtlesim/share/turtlesim/launch
[53.435s] -- Installing: /home/rinav/ros2_ws/install/turtlesim/share/turtlesim/launch/multisim.launch.py
[53.435s] -- Installing: /home/rinav/ros2_ws/install/turtlesim/share/ament_index/resource_index/package_run_dependencies/turtlesim
[53.436s] -- Installing: /home/rinav/ros2_ws/install/turtlesim/share/ament_index/resource_index/parent_prefix_path/turtlesim
[53.436s] -- Installing: /home/rinav/ros2_ws/install/turtlesim/share/turtlesim/environment/ament_prefix_path.sh
[53.436s] -- Installing: /home/rinav/ros2_ws/install/turtlesim/share/turtlesim/environment/ament_prefix_path.dsv
[53.436s] -- Installing: /home/rinav/ros2_ws/install/turtlesim/share/turtlesim/environment/path.sh
[53.436s] -- Installing: /home/rinav/ros2_ws/install/turtlesim/share/turtlesim/environment/path.dsv
[53.436s] -- Installing: /home/rinav/ros2_ws/install/turtlesim/share/turtlesim/local_setup.bash
[53.436s] -- Installing: /home/rinav/ros2_ws/install/turtlesim/share/turtlesim/local_setup.sh
[53.436s] -- Installing: /home/rinav/ros2_ws/install/turtlesim/share/turtlesim/local_setup.zsh
[53.436s] -- Installing: /home/rinav/ros2_ws/install/turtlesim/share/turtlesim/local_setup.dsv
[53.436s] -- Installing: /home/rinav/ros2_ws/install/turtlesim/share/turtlesim/package.dsv
[53.436s] -- Installing: /home/rinav/ros2_ws/install/turtlesim/share/ament_index/resource_index/packages/turtlesim
[53.436s] -- Installing: /home/rinav/ros2_ws/install/turtlesim/share/turtlesim/cmake/export_turtlesim__rosidl_generator_cExport.cmake
[53.437s] -- Installing: /home/rinav/ros2_ws/install/turtlesim/share/turtlesim/cmake/export_turtlesim__rosidl_generator_cExport-noconfig.cmake
[53.437s] -- Installing: /home/rinav/ros2_ws/install/turtlesim/share/turtlesim/cmake/export_turtlesim__rosidl_typesupport_fastrtps_cExport.cmake
[53.437s] -- Installing: /home/rinav/ros2_ws/install/turtlesim/share/turtlesim/cmake/export_turtlesim__rosidl_typesupport_fastrtps_cExport-noconfig.cmake
[53.437s] -- Installing: /home/rinav/ros2_ws/install/turtlesim/share/turtlesim/cmake/export_turtlesim__rosidl_generator_cppExport.cmake
[53.437s] -- Installing: /home/rinav/ros2_ws/install/turtlesim/share/turtlesim/cmake/export_turtlesim__rosidl_typesupport_fastrtps_cppExport.cmake
[53.437s] -- Installing: /home/rinav/ros2_ws/install/turtlesim/share/turtlesim/cmake/export_turtlesim__rosidl_typesupport_fastrtps_cppExport-noconfig.cmake
[53.437s] -- Installing: /home/rinav/ros2_ws/install/turtlesim/share/turtlesim/cmake/turtlesim__rosidl_typesupport_introspection_cExport.cmake
[53.437s] -- Installing: /home/rinav/ros2_ws/install/turtlesim/share/turtlesim/cmake/turtlesim__rosidl_typesupport_introspection_cExport-noconfig.cmake
[53.437s] -- Installing: /home/rinav/ros2_ws/install/turtlesim/share/turtlesim/cmake/turtlesim__rosidl_typesupport_cExport.cmake
[53.437s] -- Installing: /home/rinav/ros2_ws/install/turtlesim/share/turtlesim/cmake/turtlesim__rosidl_typesupport_cExport-noconfig.cmake
[53.437s] -- Installing: /home/rinav/ros2_ws/install/turtlesim/share/turtlesim/cmake/turtlesim__rosidl_typesupport_introspection_cppExport.cmake
[53.437s] -- Installing: /home/rinav/ros2_ws/install/turtlesim/share/turtlesim/cmake/turtlesim__rosidl_typesupport_introspection_cppExport-noconfig.cmake
[53.438s] -- Installing: /home/rinav/ros2_ws/install/turtlesim/share/turtlesim/cmake/turtlesim__rosidl_typesupport_cppExport.cmake
[53.438s] -- Installing: /home/rinav/ros2_ws/install/turtlesim/share/turtlesim/cmake/turtlesim__rosidl_typesupport_cppExport-noconfig.cmake
[53.438s] -- Installing: /home/rinav/ros2_ws/install/turtlesim/share/turtlesim/cmake/export_turtlesim__rosidl_generator_pyExport.cmake
[53.438s] -- Installing: /home/rinav/ros2_ws/install/turtlesim/share/turtlesim/cmake/export_turtlesim__rosidl_generator_pyExport-noconfig.cmake
[53.438s] -- Installing: /home/rinav/ros2_ws/install/turtlesim/share/turtlesim/cmake/rosidl_cmake-extras.cmake
[53.438s] -- Installing: /home/rinav/ros2_ws/install/turtlesim/share/turtlesim/cmake/ament_cmake_export_dependencies-extras.cmake
[53.438s] -- Installing: /home/rinav/ros2_ws/install/turtlesim/share/turtlesim/cmake/ament_cmake_export_include_directories-extras.cmake
[53.438s] -- Installing: /home/rinav/ros2_ws/install/turtlesim/share/turtlesim/cmake/ament_cmake_export_libraries-extras.cmake
[53.438s] -- Installing: /home/rinav/ros2_ws/install/turtlesim/share/turtlesim/cmake/ament_cmake_export_targets-extras.cmake
[53.438s] -- Installing: /home/rinav/ros2_ws/install/turtlesim/share/turtlesim/cmake/rosidl_cmake_export_typesupport_targets-extras.cmake
[53.438s] -- Installing: /home/rinav/ros2_ws/install/turtlesim/share/turtlesim/cmake/rosidl_cmake_export_typesupport_libraries-extras.cmake
[53.438s] -- Installing: /home/rinav/ros2_ws/install/turtlesim/share/turtlesim/cmake/turtlesimConfig.cmake
[53.438s] -- Installing: /home/rinav/ros2_ws/install/turtlesim/share/turtlesim/cmake/turtlesimConfig-version.cmake
[53.438s] -- Installing: /home/rinav/ros2_ws/install/turtlesim/share/turtlesim/package.xml
[53.441s] Invoked command in '/home/rinav/ros2_ws/build/turtlesim' returned '0': CMAKE_PREFIX_PATH=${CMAKE_PREFIX_PATH}:/home/rinav/ros2_ws/install/trial_package:/home/rinav/ros2_ws/install/moveit_configs_utils:/home/rinav/ros2_ws/install/py_srvcli:/home/rinav/ros2_ws/install/py_pubsub:/home/rinav/ros2_ws/install/mobile_robotics:/home/rinav/ros2_ws/install/launch_param_builder:/opt/ros/humble /usr/bin/cmake --install /home/rinav/ros2_ws/build/turtlesim
