[0.086s] Invoking command in '/home/rinav/ros2_ws/build/rosparam_shortcuts': CMAKE_PREFIX_PATH=${CMAKE_PREFIX_PATH}:/opt/ros/humble:/home/rinav/ros2_ws/install/trial_package:/home/rinav/ros2_ws/install/py_srvcli:/home/rinav/ros2_ws/install/py_pubsub:/home/rinav/ros2_ws/install/mobile_robotics:/home/rinav/ros2_ws/install/launch_param_builder /usr/bin/cmake --build /home/rinav/ros2_ws/build/rosparam_shortcuts -- -j8 -l8
[0.272s] [ 23%] Built target rosparam_shortcuts
[0.297s] [ 38%] Built target gtest
[0.394s] [ 53%] Built target rosparam_shortcuts_node_parameters_example
[0.519s] [ 69%] Built target rosparam_shortcuts_example
[0.568s] [ 84%] Built target gtest_main
[0.721s] [100%] Built target test_node_parameters
[1.189s] Invoked command in '/home/rinav/ros2_ws/build/rosparam_shortcuts' returned '0': CMAKE_PREFIX_PATH=${CMAKE_PREFIX_PATH}:/opt/ros/humble:/home/rinav/ros2_ws/install/trial_package:/home/rinav/ros2_ws/install/py_srvcli:/home/rinav/ros2_ws/install/py_pubsub:/home/rinav/ros2_ws/install/mobile_robotics:/home/rinav/ros2_ws/install/launch_param_builder /usr/bin/cmake --build /home/rinav/ros2_ws/build/rosparam_shortcuts -- -j8 -l8
[1.190s] Invoking command in '/home/rinav/ros2_ws/build/rosparam_shortcuts': CMAKE_PREFIX_PATH=${CMAKE_PREFIX_PATH}:/opt/ros/humble:/home/rinav/ros2_ws/install/trial_package:/home/rinav/ros2_ws/install/py_srvcli:/home/rinav/ros2_ws/install/py_pubsub:/home/rinav/ros2_ws/install/mobile_robotics:/home/rinav/ros2_ws/install/launch_param_builder /usr/bin/cmake --install /home/rinav/ros2_ws/build/rosparam_shortcuts
[1.224s] -- Install configuration: ""
[1.225s] -- Up-to-date: /home/rinav/ros2_ws/install/rosparam_shortcuts/lib/librosparam_shortcuts.so
[1.225s] -- Up-to-date: /home/rinav/ros2_ws/install/rosparam_shortcuts/lib/rosparam_shortcuts/example
[1.225s] -- Up-to-date: /home/rinav/ros2_ws/install/rosparam_shortcuts/lib/rosparam_shortcuts/node_parameters_example
[1.225s] -- Up-to-date: /home/rinav/ros2_ws/install/rosparam_shortcuts/include
[1.225s] -- Up-to-date: /home/rinav/ros2_ws/install/rosparam_shortcuts/include/rosparam_shortcuts
[1.225s] -- Up-to-date: /home/rinav/ros2_ws/install/rosparam_shortcuts/include/rosparam_shortcuts/node_parameters.h
[1.225s] -- Up-to-date: /home/rinav/ros2_ws/install/rosparam_shortcuts/include/rosparam_shortcuts/rosparam_shortcuts.h
[1.225s] -- Up-to-date: /home/rinav/ros2_ws/install/rosparam_shortcuts/share/rosparam_shortcuts/launch
[1.225s] -- Up-to-date: /home/rinav/ros2_ws/install/rosparam_shortcuts/share/rosparam_shortcuts/launch/example.launch.py
[1.225s] -- Up-to-date: /home/rinav/ros2_ws/install/rosparam_shortcuts/share/rosparam_shortcuts/config
[1.225s] -- Up-to-date: /home/rinav/ros2_ws/install/rosparam_shortcuts/share/rosparam_shortcuts/config/example.yaml
[1.225s] -- Up-to-date: /home/rinav/ros2_ws/install/rosparam_shortcuts/share/rosparam_shortcuts/environment/library_path.sh
[1.225s] -- Up-to-date: /home/rinav/ros2_ws/install/rosparam_shortcuts/share/rosparam_shortcuts/environment/library_path.dsv
[1.225s] -- Up-to-date: /home/rinav/ros2_ws/install/rosparam_shortcuts/share/ament_index/resource_index/package_run_dependencies/rosparam_shortcuts
[1.225s] -- Up-to-date: /home/rinav/ros2_ws/install/rosparam_shortcuts/share/ament_index/resource_index/parent_prefix_path/rosparam_shortcuts
[1.225s] -- Up-to-date: /home/rinav/ros2_ws/install/rosparam_shortcuts/share/rosparam_shortcuts/environment/ament_prefix_path.sh
[1.225s] -- Up-to-date: /home/rinav/ros2_ws/install/rosparam_shortcuts/share/rosparam_shortcuts/environment/ament_prefix_path.dsv
[1.225s] -- Up-to-date: /home/rinav/ros2_ws/install/rosparam_shortcuts/share/rosparam_shortcuts/environment/path.sh
[1.225s] -- Up-to-date: /home/rinav/ros2_ws/install/rosparam_shortcuts/share/rosparam_shortcuts/environment/path.dsv
[1.225s] -- Up-to-date: /home/rinav/ros2_ws/install/rosparam_shortcuts/share/rosparam_shortcuts/local_setup.bash
[1.225s] -- Up-to-date: /home/rinav/ros2_ws/install/rosparam_shortcuts/share/rosparam_shortcuts/local_setup.sh
[1.225s] -- Up-to-date: /home/rinav/ros2_ws/install/rosparam_shortcuts/share/rosparam_shortcuts/local_setup.zsh
[1.225s] -- Up-to-date: /home/rinav/ros2_ws/install/rosparam_shortcuts/share/rosparam_shortcuts/local_setup.dsv
[1.225s] -- Installing: /home/rinav/ros2_ws/install/rosparam_shortcuts/share/rosparam_shortcuts/package.dsv
[1.225s] -- Up-to-date: /home/rinav/ros2_ws/install/rosparam_shortcuts/share/ament_index/resource_index/packages/rosparam_shortcuts
[1.225s] -- Up-to-date: /home/rinav/ros2_ws/install/rosparam_shortcuts/share/rosparam_shortcuts/cmake/export_rosparam_shortcutsExport.cmake
[1.225s] -- Up-to-date: /home/rinav/ros2_ws/install/rosparam_shortcuts/share/rosparam_shortcuts/cmake/export_rosparam_shortcutsExport-noconfig.cmake
[1.225s] -- Up-to-date: /home/rinav/ros2_ws/install/rosparam_shortcuts/share/rosparam_shortcuts/cmake/ament_cmake_export_targets-extras.cmake
[1.225s] -- Up-to-date: /home/rinav/ros2_ws/install/rosparam_shortcuts/share/rosparam_shortcuts/cmake/ament_cmake_export_dependencies-extras.cmake
[1.225s] -- Up-to-date: /home/rinav/ros2_ws/install/rosparam_shortcuts/share/rosparam_shortcuts/cmake/rosparam_shortcutsConfig.cmake
[1.225s] -- Up-to-date: /home/rinav/ros2_ws/install/rosparam_shortcuts/share/rosparam_shortcuts/cmake/rosparam_shortcutsConfig-version.cmake
[1.225s] -- Up-to-date: /home/rinav/ros2_ws/install/rosparam_shortcuts/share/rosparam_shortcuts/package.xml
[1.293s] Invoked command in '/home/rinav/ros2_ws/build/rosparam_shortcuts' returned '0': CMAKE_PREFIX_PATH=${CMAKE_PREFIX_PATH}:/opt/ros/humble:/home/rinav/ros2_ws/install/trial_package:/home/rinav/ros2_ws/install/py_srvcli:/home/rinav/ros2_ws/install/py_pubsub:/home/rinav/ros2_ws/install/mobile_robotics:/home/rinav/ros2_ws/install/launch_param_builder /usr/bin/cmake --install /home/rinav/ros2_ws/build/rosparam_shortcuts
