[0.042s] Invoking command in '/home/rinav/ros2_ws/build/husky_simulator': AMENT_PREFIX_PATH=/home/rinav/ros2_ws/install/husky_gazebo:/home/rinav/ros2_ws/install/husky_control:/home/rinav/ros2_ws/install/husky_description CMAKE_PREFIX_PATH=/home/rinav/ros2_ws/install/husky_gazebo:/home/rinav/ros2_ws/install/husky_control:/home/rinav/ros2_ws/install/husky_description /usr/bin/cmake --build /home/rinav/ros2_ws/build/husky_simulator -- -j8 -l8
[0.106s] Invoked command in '/home/rinav/ros2_ws/build/husky_simulator' returned '0': AMENT_PREFIX_PATH=/home/rinav/ros2_ws/install/husky_gazebo:/home/rinav/ros2_ws/install/husky_control:/home/rinav/ros2_ws/install/husky_description CMAKE_PREFIX_PATH=/home/rinav/ros2_ws/install/husky_gazebo:/home/rinav/ros2_ws/install/husky_control:/home/rinav/ros2_ws/install/husky_description /usr/bin/cmake --build /home/rinav/ros2_ws/build/husky_simulator -- -j8 -l8
[0.108s] Invoking command in '/home/rinav/ros2_ws/build/husky_simulator': AMENT_PREFIX_PATH=/home/rinav/ros2_ws/install/husky_gazebo:/home/rinav/ros2_ws/install/husky_control:/home/rinav/ros2_ws/install/husky_description CMAKE_PREFIX_PATH=/home/rinav/ros2_ws/install/husky_gazebo:/home/rinav/ros2_ws/install/husky_control:/home/rinav/ros2_ws/install/husky_description /usr/bin/cmake --install /home/rinav/ros2_ws/build/husky_simulator
[0.120s] -- Install configuration: ""
[0.120s] -- Up-to-date: /home/rinav/ros2_ws/install/husky_simulator/share/ament_index/resource_index/package_run_dependencies/husky_simulator
[0.120s] -- Up-to-date: /home/rinav/ros2_ws/install/husky_simulator/share/ament_index/resource_index/parent_prefix_path/husky_simulator
[0.120s] -- Up-to-date: /home/rinav/ros2_ws/install/husky_simulator/share/husky_simulator/environment/ament_prefix_path.sh
[0.120s] -- Up-to-date: /home/rinav/ros2_ws/install/husky_simulator/share/husky_simulator/environment/ament_prefix_path.dsv
[0.120s] -- Up-to-date: /home/rinav/ros2_ws/install/husky_simulator/share/husky_simulator/environment/path.sh
[0.121s] -- Up-to-date: /home/rinav/ros2_ws/install/husky_simulator/share/husky_simulator/environment/path.dsv
[0.121s] -- Up-to-date: /home/rinav/ros2_ws/install/husky_simulator/share/husky_simulator/local_setup.bash
[0.121s] -- Up-to-date: /home/rinav/ros2_ws/install/husky_simulator/share/husky_simulator/local_setup.sh
[0.121s] -- Up-to-date: /home/rinav/ros2_ws/install/husky_simulator/share/husky_simulator/local_setup.zsh
[0.121s] -- Up-to-date: /home/rinav/ros2_ws/install/husky_simulator/share/husky_simulator/local_setup.dsv
[0.121s] -- Installing: /home/rinav/ros2_ws/install/husky_simulator/share/husky_simulator/package.dsv
[0.121s] -- Up-to-date: /home/rinav/ros2_ws/install/husky_simulator/share/ament_index/resource_index/packages/husky_simulator
[0.121s] -- Up-to-date: /home/rinav/ros2_ws/install/husky_simulator/share/husky_simulator/cmake/husky_simulatorConfig.cmake
[0.121s] -- Up-to-date: /home/rinav/ros2_ws/install/husky_simulator/share/husky_simulator/cmake/husky_simulatorConfig-version.cmake
[0.121s] -- Up-to-date: /home/rinav/ros2_ws/install/husky_simulator/share/husky_simulator/package.xml
[0.121s] Invoked command in '/home/rinav/ros2_ws/build/husky_simulator' returned '0': AMENT_PREFIX_PATH=/home/rinav/ros2_ws/install/husky_gazebo:/home/rinav/ros2_ws/install/husky_control:/home/rinav/ros2_ws/install/husky_description CMAKE_PREFIX_PATH=/home/rinav/ros2_ws/install/husky_gazebo:/home/rinav/ros2_ws/install/husky_control:/home/rinav/ros2_ws/install/husky_description /usr/bin/cmake --install /home/rinav/ros2_ws/build/husky_simulator
