[0.011s] Invoking command in '/home/rinav/ros2_ws/build/ur': AMENT_PREFIX_PATH=/home/rinav/ros2_ws/install/ur_calibration:/home/rinav/ros2_ws/install/ur_robot_driver:/home/rinav/ros2_ws/install/ur_moveit_config:/home/rinav/ros2_ws/install/ur_controllers:/home/rinav/ros2_ws/install/ur_description:/home/rinav/ros2_ws/install/ur_dashboard_msgs:${AMENT_PREFIX_PATH} CMAKE_PREFIX_PATH=/home/rinav/ros2_ws/install/ur_calibration:/home/rinav/ros2_ws/install/ur_robot_driver:/home/rinav/ros2_ws/install/ur_moveit_config:/home/rinav/ros2_ws/install/ur_controllers:/home/rinav/ros2_ws/install/ur_description:/home/rinav/ros2_ws/install/ur_dashboard_msgs:/home/rinav/ros2_ws/install/husky_bringup:/home/rinav/ros2_ws/install/husky_base:/home/rinav/ros2_ws/install/husky_msgs:/home/rinav/ros2_ws/install/husky_control:/home/rinav/ros2_ws/install/husky_description:/opt/ros/humble LD_LIBRARY_PATH=/home/rinav/ros2_ws/install/ur_robot_driver/lib:/home/rinav/ros2_ws/install/ur_controllers/lib:/home/rinav/ros2_ws/install/ur_dashboard_msgs/lib:${LD_LIBRARY_PATH} PATH=/home/rinav/ros2_ws/install/ur_robot_driver/bin:${PATH} PYTHONPATH=/home/rinav/ros2_ws/install/ur_robot_driver/local/lib/python3.10/dist-packages:/home/rinav/ros2_ws/install/ur_moveit_config/local/lib/python3.10/dist-packages:/home/rinav/ros2_ws/install/ur_dashboard_msgs/local/lib/python3.10/dist-packages:${PYTHONPATH} /usr/bin/cmake /home/rinav/ros2_ws/src/Universal_Robots_ROS2_Driver/ur -DCMAKE_INSTALL_PREFIX=/home/rinav/ros2_ws/install/ur
[0.043s] -- The C compiler identification is GNU 11.4.0
[0.076s] -- The CXX compiler identification is GNU 11.4.0
[0.081s] -- Detecting C compiler ABI info
[0.118s] -- Detecting C compiler ABI info - done
[0.122s] -- Check for working C compiler: /usr/bin/cc - skipped
[0.123s] -- Detecting C compile features
[0.123s] -- Detecting C compile features - done
[0.125s] -- Detecting CXX compiler ABI info
[0.169s] -- Detecting CXX compiler ABI info - done
[0.171s] -- Check for working CXX compiler: /usr/bin/c++ - skipped
[0.171s] -- Detecting CXX compile features
[0.171s] -- Detecting CXX compile features - done
[0.174s] -- Found ament_cmake: 1.3.12 (/opt/ros/humble/share/ament_cmake/cmake)
[0.259s] -- Found Python3: /usr/bin/python3 (found version "3.10.12") found components: Interpreter 
[0.323s] -- Found ament_lint_auto: 0.12.14 (/opt/ros/humble/share/ament_lint_auto/cmake)
[0.374s] -- Added test 'lint_cmake' to check CMake code style
[0.375s] -- Added test 'xmllint' to check XML markup files
[0.376s] -- Configuring done
[0.378s] -- Generating done
[0.379s] -- Build files have been written to: /home/rinav/ros2_ws/build/ur
[0.382s] Invoked command in '/home/rinav/ros2_ws/build/ur' returned '0': AMENT_PREFIX_PATH=/home/rinav/ros2_ws/install/ur_calibration:/home/rinav/ros2_ws/install/ur_robot_driver:/home/rinav/ros2_ws/install/ur_moveit_config:/home/rinav/ros2_ws/install/ur_controllers:/home/rinav/ros2_ws/install/ur_description:/home/rinav/ros2_ws/install/ur_dashboard_msgs:${AMENT_PREFIX_PATH} CMAKE_PREFIX_PATH=/home/rinav/ros2_ws/install/ur_calibration:/home/rinav/ros2_ws/install/ur_robot_driver:/home/rinav/ros2_ws/install/ur_moveit_config:/home/rinav/ros2_ws/install/ur_controllers:/home/rinav/ros2_ws/install/ur_description:/home/rinav/ros2_ws/install/ur_dashboard_msgs:/home/rinav/ros2_ws/install/husky_bringup:/home/rinav/ros2_ws/install/husky_base:/home/rinav/ros2_ws/install/husky_msgs:/home/rinav/ros2_ws/install/husky_control:/home/rinav/ros2_ws/install/husky_description:/opt/ros/humble LD_LIBRARY_PATH=/home/rinav/ros2_ws/install/ur_robot_driver/lib:/home/rinav/ros2_ws/install/ur_controllers/lib:/home/rinav/ros2_ws/install/ur_dashboard_msgs/lib:${LD_LIBRARY_PATH} PATH=/home/rinav/ros2_ws/install/ur_robot_driver/bin:${PATH} PYTHONPATH=/home/rinav/ros2_ws/install/ur_robot_driver/local/lib/python3.10/dist-packages:/home/rinav/ros2_ws/install/ur_moveit_config/local/lib/python3.10/dist-packages:/home/rinav/ros2_ws/install/ur_dashboard_msgs/local/lib/python3.10/dist-packages:${PYTHONPATH} /usr/bin/cmake /home/rinav/ros2_ws/src/Universal_Robots_ROS2_Driver/ur -DCMAKE_INSTALL_PREFIX=/home/rinav/ros2_ws/install/ur
[0.383s] Invoking command in '/home/rinav/ros2_ws/build/ur': AMENT_PREFIX_PATH=/home/rinav/ros2_ws/install/ur_calibration:/home/rinav/ros2_ws/install/ur_robot_driver:/home/rinav/ros2_ws/install/ur_moveit_config:/home/rinav/ros2_ws/install/ur_controllers:/home/rinav/ros2_ws/install/ur_description:/home/rinav/ros2_ws/install/ur_dashboard_msgs:${AMENT_PREFIX_PATH} CMAKE_PREFIX_PATH=/home/rinav/ros2_ws/install/ur_calibration:/home/rinav/ros2_ws/install/ur_robot_driver:/home/rinav/ros2_ws/install/ur_moveit_config:/home/rinav/ros2_ws/install/ur_controllers:/home/rinav/ros2_ws/install/ur_description:/home/rinav/ros2_ws/install/ur_dashboard_msgs:/home/rinav/ros2_ws/install/husky_bringup:/home/rinav/ros2_ws/install/husky_base:/home/rinav/ros2_ws/install/husky_msgs:/home/rinav/ros2_ws/install/husky_control:/home/rinav/ros2_ws/install/husky_description:/opt/ros/humble LD_LIBRARY_PATH=/home/rinav/ros2_ws/install/ur_robot_driver/lib:/home/rinav/ros2_ws/install/ur_controllers/lib:/home/rinav/ros2_ws/install/ur_dashboard_msgs/lib:${LD_LIBRARY_PATH} PATH=/home/rinav/ros2_ws/install/ur_robot_driver/bin:${PATH} PYTHONPATH=/home/rinav/ros2_ws/install/ur_robot_driver/local/lib/python3.10/dist-packages:/home/rinav/ros2_ws/install/ur_moveit_config/local/lib/python3.10/dist-packages:/home/rinav/ros2_ws/install/ur_dashboard_msgs/local/lib/python3.10/dist-packages:${PYTHONPATH} /usr/bin/cmake --build /home/rinav/ros2_ws/build/ur -- -j8 -l8
[0.402s] Invoked command in '/home/rinav/ros2_ws/build/ur' returned '0': AMENT_PREFIX_PATH=/home/rinav/ros2_ws/install/ur_calibration:/home/rinav/ros2_ws/install/ur_robot_driver:/home/rinav/ros2_ws/install/ur_moveit_config:/home/rinav/ros2_ws/install/ur_controllers:/home/rinav/ros2_ws/install/ur_description:/home/rinav/ros2_ws/install/ur_dashboard_msgs:${AMENT_PREFIX_PATH} CMAKE_PREFIX_PATH=/home/rinav/ros2_ws/install/ur_calibration:/home/rinav/ros2_ws/install/ur_robot_driver:/home/rinav/ros2_ws/install/ur_moveit_config:/home/rinav/ros2_ws/install/ur_controllers:/home/rinav/ros2_ws/install/ur_description:/home/rinav/ros2_ws/install/ur_dashboard_msgs:/home/rinav/ros2_ws/install/husky_bringup:/home/rinav/ros2_ws/install/husky_base:/home/rinav/ros2_ws/install/husky_msgs:/home/rinav/ros2_ws/install/husky_control:/home/rinav/ros2_ws/install/husky_description:/opt/ros/humble LD_LIBRARY_PATH=/home/rinav/ros2_ws/install/ur_robot_driver/lib:/home/rinav/ros2_ws/install/ur_controllers/lib:/home/rinav/ros2_ws/install/ur_dashboard_msgs/lib:${LD_LIBRARY_PATH} PATH=/home/rinav/ros2_ws/install/ur_robot_driver/bin:${PATH} PYTHONPATH=/home/rinav/ros2_ws/install/ur_robot_driver/local/lib/python3.10/dist-packages:/home/rinav/ros2_ws/install/ur_moveit_config/local/lib/python3.10/dist-packages:/home/rinav/ros2_ws/install/ur_dashboard_msgs/local/lib/python3.10/dist-packages:${PYTHONPATH} /usr/bin/cmake --build /home/rinav/ros2_ws/build/ur -- -j8 -l8
[0.403s] Invoking command in '/home/rinav/ros2_ws/build/ur': AMENT_PREFIX_PATH=/home/rinav/ros2_ws/install/ur_calibration:/home/rinav/ros2_ws/install/ur_robot_driver:/home/rinav/ros2_ws/install/ur_moveit_config:/home/rinav/ros2_ws/install/ur_controllers:/home/rinav/ros2_ws/install/ur_description:/home/rinav/ros2_ws/install/ur_dashboard_msgs:${AMENT_PREFIX_PATH} CMAKE_PREFIX_PATH=/home/rinav/ros2_ws/install/ur_calibration:/home/rinav/ros2_ws/install/ur_robot_driver:/home/rinav/ros2_ws/install/ur_moveit_config:/home/rinav/ros2_ws/install/ur_controllers:/home/rinav/ros2_ws/install/ur_description:/home/rinav/ros2_ws/install/ur_dashboard_msgs:/home/rinav/ros2_ws/install/husky_bringup:/home/rinav/ros2_ws/install/husky_base:/home/rinav/ros2_ws/install/husky_msgs:/home/rinav/ros2_ws/install/husky_control:/home/rinav/ros2_ws/install/husky_description:/opt/ros/humble LD_LIBRARY_PATH=/home/rinav/ros2_ws/install/ur_robot_driver/lib:/home/rinav/ros2_ws/install/ur_controllers/lib:/home/rinav/ros2_ws/install/ur_dashboard_msgs/lib:${LD_LIBRARY_PATH} PATH=/home/rinav/ros2_ws/install/ur_robot_driver/bin:${PATH} PYTHONPATH=/home/rinav/ros2_ws/install/ur_robot_driver/local/lib/python3.10/dist-packages:/home/rinav/ros2_ws/install/ur_moveit_config/local/lib/python3.10/dist-packages:/home/rinav/ros2_ws/install/ur_dashboard_msgs/local/lib/python3.10/dist-packages:${PYTHONPATH} /usr/bin/cmake --install /home/rinav/ros2_ws/build/ur
[0.406s] -- Install configuration: ""
[0.406s] -- Installing: /home/rinav/ros2_ws/install/ur/share/ament_index/resource_index/package_run_dependencies/ur
[0.407s] -- Installing: /home/rinav/ros2_ws/install/ur/share/ament_index/resource_index/parent_prefix_path/ur
[0.407s] -- Installing: /home/rinav/ros2_ws/install/ur/share/ur/environment/ament_prefix_path.sh
[0.407s] -- Installing: /home/rinav/ros2_ws/install/ur/share/ur/environment/ament_prefix_path.dsv
[0.407s] -- Installing: /home/rinav/ros2_ws/install/ur/share/ur/environment/path.sh
[0.407s] -- Installing: /home/rinav/ros2_ws/install/ur/share/ur/environment/path.dsv
[0.407s] -- Installing: /home/rinav/ros2_ws/install/ur/share/ur/local_setup.bash
[0.407s] -- Installing: /home/rinav/ros2_ws/install/ur/share/ur/local_setup.sh
[0.407s] -- Installing: /home/rinav/ros2_ws/install/ur/share/ur/local_setup.zsh
[0.407s] -- Installing: /home/rinav/ros2_ws/install/ur/share/ur/local_setup.dsv
[0.407s] -- Installing: /home/rinav/ros2_ws/install/ur/share/ur/package.dsv
[0.408s] -- Installing: /home/rinav/ros2_ws/install/ur/share/ament_index/resource_index/packages/ur
[0.408s] -- Installing: /home/rinav/ros2_ws/install/ur/share/ur/cmake/urConfig.cmake
[0.408s] -- Installing: /home/rinav/ros2_ws/install/ur/share/ur/cmake/urConfig-version.cmake
[0.408s] -- Installing: /home/rinav/ros2_ws/install/ur/share/ur/package.xml
[0.409s] Invoked command in '/home/rinav/ros2_ws/build/ur' returned '0': AMENT_PREFIX_PATH=/home/rinav/ros2_ws/install/ur_calibration:/home/rinav/ros2_ws/install/ur_robot_driver:/home/rinav/ros2_ws/install/ur_moveit_config:/home/rinav/ros2_ws/install/ur_controllers:/home/rinav/ros2_ws/install/ur_description:/home/rinav/ros2_ws/install/ur_dashboard_msgs:${AMENT_PREFIX_PATH} CMAKE_PREFIX_PATH=/home/rinav/ros2_ws/install/ur_calibration:/home/rinav/ros2_ws/install/ur_robot_driver:/home/rinav/ros2_ws/install/ur_moveit_config:/home/rinav/ros2_ws/install/ur_controllers:/home/rinav/ros2_ws/install/ur_description:/home/rinav/ros2_ws/install/ur_dashboard_msgs:/home/rinav/ros2_ws/install/husky_bringup:/home/rinav/ros2_ws/install/husky_base:/home/rinav/ros2_ws/install/husky_msgs:/home/rinav/ros2_ws/install/husky_control:/home/rinav/ros2_ws/install/husky_description:/opt/ros/humble LD_LIBRARY_PATH=/home/rinav/ros2_ws/install/ur_robot_driver/lib:/home/rinav/ros2_ws/install/ur_controllers/lib:/home/rinav/ros2_ws/install/ur_dashboard_msgs/lib:${LD_LIBRARY_PATH} PATH=/home/rinav/ros2_ws/install/ur_robot_driver/bin:${PATH} PYTHONPATH=/home/rinav/ros2_ws/install/ur_robot_driver/local/lib/python3.10/dist-packages:/home/rinav/ros2_ws/install/ur_moveit_config/local/lib/python3.10/dist-packages:/home/rinav/ros2_ws/install/ur_dashboard_msgs/local/lib/python3.10/dist-packages:${PYTHONPATH} /usr/bin/cmake --install /home/rinav/ros2_ws/build/ur
