[0.062s] Invoking command in '/home/rinav/ros2_ws/build/husky_robot': CMAKE_PREFIX_PATH=/home/rinav/ros2_ws/install/husky_bringup:/home/rinav/ros2_ws/install/husky_control:/home/rinav/ros2_ws/install/husky_base:/home/rinav/ros2_ws/install/husky_msgs:/home/rinav/ros2_ws/install/husky_description:/opt/ros/humble /usr/bin/cmake /home/rinav/ros2_ws/src/husky/husky_robot -DCMAKE_INSTALL_PREFIX=/home/rinav/ros2_ws/install/husky_robot
[0.140s] -- The C compiler identification is GNU 11.4.0
[0.228s] -- The CXX compiler identification is GNU 11.4.0
[0.237s] -- Detecting C compiler ABI info
[0.300s] -- Detecting C compiler ABI info - done
[0.306s] -- Check for working C compiler: /usr/bin/cc - skipped
[0.306s] -- Detecting C compile features
[0.306s] -- Detecting C compile features - done
[0.314s] -- Detecting CXX compiler ABI info
[0.463s] -- Detecting CXX compiler ABI info - done
[0.468s] -- Check for working CXX compiler: /usr/bin/c++ - skipped
[0.468s] -- Detecting CXX compile features
[0.469s] -- Detecting CXX compile features - done
[0.471s] -- Found ament_cmake: 1.3.12 (/opt/ros/humble/share/ament_cmake/cmake)
[0.630s] -- Found Python3: /usr/bin/python3 (found version "3.10.12") found components: Interpreter 
[0.913s] -- Configuring done
[0.915s] -- Generating done
[0.916s] -- Build files have been written to: /home/rinav/ros2_ws/build/husky_robot
[0.930s] Invoked command in '/home/rinav/ros2_ws/build/husky_robot' returned '0': CMAKE_PREFIX_PATH=/home/rinav/ros2_ws/install/husky_bringup:/home/rinav/ros2_ws/install/husky_control:/home/rinav/ros2_ws/install/husky_base:/home/rinav/ros2_ws/install/husky_msgs:/home/rinav/ros2_ws/install/husky_description:/opt/ros/humble /usr/bin/cmake /home/rinav/ros2_ws/src/husky/husky_robot -DCMAKE_INSTALL_PREFIX=/home/rinav/ros2_ws/install/husky_robot
[0.930s] Invoking command in '/home/rinav/ros2_ws/build/husky_robot': CMAKE_PREFIX_PATH=/home/rinav/ros2_ws/install/husky_bringup:/home/rinav/ros2_ws/install/husky_control:/home/rinav/ros2_ws/install/husky_base:/home/rinav/ros2_ws/install/husky_msgs:/home/rinav/ros2_ws/install/husky_description:/opt/ros/humble /usr/bin/cmake --build /home/rinav/ros2_ws/build/husky_robot -- -j8 -l8
[1.010s] Invoked command in '/home/rinav/ros2_ws/build/husky_robot' returned '0': CMAKE_PREFIX_PATH=/home/rinav/ros2_ws/install/husky_bringup:/home/rinav/ros2_ws/install/husky_control:/home/rinav/ros2_ws/install/husky_base:/home/rinav/ros2_ws/install/husky_msgs:/home/rinav/ros2_ws/install/husky_description:/opt/ros/humble /usr/bin/cmake --build /home/rinav/ros2_ws/build/husky_robot -- -j8 -l8
[1.021s] Invoking command in '/home/rinav/ros2_ws/build/husky_robot': CMAKE_PREFIX_PATH=/home/rinav/ros2_ws/install/husky_bringup:/home/rinav/ros2_ws/install/husky_control:/home/rinav/ros2_ws/install/husky_base:/home/rinav/ros2_ws/install/husky_msgs:/home/rinav/ros2_ws/install/husky_description:/opt/ros/humble /usr/bin/cmake --install /home/rinav/ros2_ws/build/husky_robot
[1.038s] -- Install configuration: ""
[1.038s] -- Installing: /home/rinav/ros2_ws/install/husky_robot/share/ament_index/resource_index/package_run_dependencies/husky_robot
[1.038s] -- Installing: /home/rinav/ros2_ws/install/husky_robot/share/ament_index/resource_index/parent_prefix_path/husky_robot
[1.038s] -- Installing: /home/rinav/ros2_ws/install/husky_robot/share/husky_robot/environment/ament_prefix_path.sh
[1.038s] -- Installing: /home/rinav/ros2_ws/install/husky_robot/share/husky_robot/environment/ament_prefix_path.dsv
[1.038s] -- Installing: /home/rinav/ros2_ws/install/husky_robot/share/husky_robot/environment/path.sh
[1.038s] -- Installing: /home/rinav/ros2_ws/install/husky_robot/share/husky_robot/environment/path.dsv
[1.039s] -- Installing: /home/rinav/ros2_ws/install/husky_robot/share/husky_robot/local_setup.bash
[1.039s] -- Installing: /home/rinav/ros2_ws/install/husky_robot/share/husky_robot/local_setup.sh
[1.039s] -- Installing: /home/rinav/ros2_ws/install/husky_robot/share/husky_robot/local_setup.zsh
[1.039s] -- Installing: /home/rinav/ros2_ws/install/husky_robot/share/husky_robot/local_setup.dsv
[1.039s] -- Installing: /home/rinav/ros2_ws/install/husky_robot/share/husky_robot/package.dsv
[1.039s] -- Installing: /home/rinav/ros2_ws/install/husky_robot/share/ament_index/resource_index/packages/husky_robot
[1.039s] -- Installing: /home/rinav/ros2_ws/install/husky_robot/share/husky_robot/cmake/husky_robotConfig.cmake
[1.039s] -- Installing: /home/rinav/ros2_ws/install/husky_robot/share/husky_robot/cmake/husky_robotConfig-version.cmake
[1.039s] -- Installing: /home/rinav/ros2_ws/install/husky_robot/share/husky_robot/package.xml
[1.039s] Invoked command in '/home/rinav/ros2_ws/build/husky_robot' returned '0': CMAKE_PREFIX_PATH=/home/rinav/ros2_ws/install/husky_bringup:/home/rinav/ros2_ws/install/husky_control:/home/rinav/ros2_ws/install/husky_base:/home/rinav/ros2_ws/install/husky_msgs:/home/rinav/ros2_ws/install/husky_description:/opt/ros/humble /usr/bin/cmake --install /home/rinav/ros2_ws/build/husky_robot
