[0.164s] Invoking command in '/home/rinav/ros2_ws/build/husky_bringup': CMAKE_PREFIX_PATH=/home/rinav/ros2_ws/install/husky_control:/home/rinav/ros2_ws/install/husky_base:/home/rinav/ros2_ws/install/husky_msgs:/home/rinav/ros2_ws/install/husky_description:/home/rinav/ros2_ws/install/husky_bringup:/home/rinav/ros2_ws/install/mobile_robotics:/opt/ros/humble /usr/bin/cmake --build /home/rinav/ros2_ws/build/husky_bringup -- -j8 -l8
[0.216s] Invoked command in '/home/rinav/ros2_ws/build/husky_bringup' returned '0': CMAKE_PREFIX_PATH=/home/rinav/ros2_ws/install/husky_control:/home/rinav/ros2_ws/install/husky_base:/home/rinav/ros2_ws/install/husky_msgs:/home/rinav/ros2_ws/install/husky_description:/home/rinav/ros2_ws/install/husky_bringup:/home/rinav/ros2_ws/install/mobile_robotics:/opt/ros/humble /usr/bin/cmake --build /home/rinav/ros2_ws/build/husky_bringup -- -j8 -l8
[0.217s] Invoking command in '/home/rinav/ros2_ws/build/husky_bringup': CMAKE_PREFIX_PATH=/home/rinav/ros2_ws/install/husky_control:/home/rinav/ros2_ws/install/husky_base:/home/rinav/ros2_ws/install/husky_msgs:/home/rinav/ros2_ws/install/husky_description:/home/rinav/ros2_ws/install/husky_bringup:/home/rinav/ros2_ws/install/mobile_robotics:/opt/ros/humble /usr/bin/cmake --install /home/rinav/ros2_ws/build/husky_bringup
[0.221s] -- Install configuration: ""
[0.221s] -- Execute custom install script
[0.223s] -- Up-to-date symlink: /home/rinav/ros2_ws/install/husky_bringup/share/husky_bringup/config/mag_config_default.yaml
[0.223s] -- Up-to-date symlink: /home/rinav/ros2_ws/install/husky_bringup/share/husky_bringup/launch/accessories.launch.py
[0.223s] -- Up-to-date symlink: /home/rinav/ros2_ws/install/husky_bringup/share/husky_bringup/udev/10-microstrain.rules
[0.223s] -- Up-to-date symlink: /home/rinav/ros2_ws/install/husky_bringup/share/husky_bringup/udev/41-clearpath.rules
[0.223s] -- Up-to-date symlink: /home/rinav/ros2_ws/install/husky_bringup/share/husky_bringup/udev/41-hokuyo.rules
[0.223s] -- Up-to-date symlink: /home/rinav/ros2_ws/install/husky_bringup/share/husky_bringup/udev/41-logitech.rules
[0.223s] -- Up-to-date symlink: /home/rinav/ros2_ws/install/husky_bringup/share/husky_bringup/udev/52-ftdi.rules
[0.223s] -- Up-to-date symlink: /home/rinav/ros2_ws/install/husky_bringup/share/husky_bringup/udev/README.md
[0.223s] -- Up-to-date symlink: /home/rinav/ros2_ws/install/husky_bringup/lib/husky_bringup/install
[0.223s] -- Up-to-date symlink: /home/rinav/ros2_ws/install/husky_bringup/share/ament_index/resource_index/package_run_dependencies/husky_bringup
[0.223s] -- Up-to-date symlink: /home/rinav/ros2_ws/install/husky_bringup/share/ament_index/resource_index/parent_prefix_path/husky_bringup
[0.223s] -- Up-to-date symlink: /home/rinav/ros2_ws/install/husky_bringup/share/husky_bringup/environment/ament_prefix_path.sh
[0.223s] -- Up-to-date symlink: /home/rinav/ros2_ws/install/husky_bringup/share/husky_bringup/environment/ament_prefix_path.dsv
[0.223s] -- Up-to-date symlink: /home/rinav/ros2_ws/install/husky_bringup/share/husky_bringup/environment/path.sh
[0.223s] -- Up-to-date symlink: /home/rinav/ros2_ws/install/husky_bringup/share/husky_bringup/environment/path.dsv
[0.224s] -- Up-to-date symlink: /home/rinav/ros2_ws/install/husky_bringup/share/husky_bringup/local_setup.bash
[0.224s] -- Up-to-date symlink: /home/rinav/ros2_ws/install/husky_bringup/share/husky_bringup/local_setup.sh
[0.224s] -- Up-to-date symlink: /home/rinav/ros2_ws/install/husky_bringup/share/husky_bringup/local_setup.zsh
[0.224s] -- Up-to-date symlink: /home/rinav/ros2_ws/install/husky_bringup/share/husky_bringup/local_setup.dsv
[0.224s] -- Symlinking: /home/rinav/ros2_ws/install/husky_bringup/share/husky_bringup/package.dsv
[0.231s] -- Up-to-date symlink: /home/rinav/ros2_ws/install/husky_bringup/share/ament_index/resource_index/packages/husky_bringup
[0.231s] -- Up-to-date symlink: /home/rinav/ros2_ws/install/husky_bringup/share/husky_bringup/cmake/husky_bringupConfig.cmake
[0.231s] -- Up-to-date symlink: /home/rinav/ros2_ws/install/husky_bringup/share/husky_bringup/cmake/husky_bringupConfig-version.cmake
[0.231s] -- Up-to-date symlink: /home/rinav/ros2_ws/install/husky_bringup/share/husky_bringup/package.xml
[0.242s] Invoked command in '/home/rinav/ros2_ws/build/husky_bringup' returned '0': CMAKE_PREFIX_PATH=/home/rinav/ros2_ws/install/husky_control:/home/rinav/ros2_ws/install/husky_base:/home/rinav/ros2_ws/install/husky_msgs:/home/rinav/ros2_ws/install/husky_description:/home/rinav/ros2_ws/install/husky_bringup:/home/rinav/ros2_ws/install/mobile_robotics:/opt/ros/humble /usr/bin/cmake --install /home/rinav/ros2_ws/build/husky_bringup
