[0.045s] Invoking command in '/home/rinav/ros2_ws/build/rviz_assimp_vendor': CMAKE_PREFIX_PATH=${CMAKE_PREFIX_PATH}:/home/rinav/ros2_ws/install/trial_package:/home/rinav/ros2_ws/install/mobile_robotics:/home/rinav/ros2_ws/install/launch_param_builder:/opt/ros/humble /usr/bin/cmake --build /home/rinav/ros2_ws/build/rviz_assimp_vendor -- -j8 -l8
[0.413s] Invoked command in '/home/rinav/ros2_ws/build/rviz_assimp_vendor' returned '0': CMAKE_PREFIX_PATH=${CMAKE_PREFIX_PATH}:/home/rinav/ros2_ws/install/trial_package:/home/rinav/ros2_ws/install/mobile_robotics:/home/rinav/ros2_ws/install/launch_param_builder:/opt/ros/humble /usr/bin/cmake --build /home/rinav/ros2_ws/build/rviz_assimp_vendor -- -j8 -l8
[0.418s] Invoking command in '/home/rinav/ros2_ws/build/rviz_assimp_vendor': CMAKE_PREFIX_PATH=${CMAKE_PREFIX_PATH}:/home/rinav/ros2_ws/install/trial_package:/home/rinav/ros2_ws/install/mobile_robotics:/home/rinav/ros2_ws/install/launch_param_builder:/opt/ros/humble /usr/bin/cmake --install /home/rinav/ros2_ws/build/rviz_assimp_vendor
[0.445s] -- Install configuration: ""
[0.445s] -- Up-to-date: /home/rinav/ros2_ws/install/rviz_assimp_vendor/share/ament_index/resource_index/package_run_dependencies/rviz_assimp_vendor
[0.446s] -- Up-to-date: /home/rinav/ros2_ws/install/rviz_assimp_vendor/share/ament_index/resource_index/parent_prefix_path/rviz_assimp_vendor
[0.448s] -- Up-to-date: /home/rinav/ros2_ws/install/rviz_assimp_vendor/share/rviz_assimp_vendor/environment/ament_prefix_path.sh
[0.448s] -- Up-to-date: /home/rinav/ros2_ws/install/rviz_assimp_vendor/share/rviz_assimp_vendor/environment/ament_prefix_path.dsv
[0.448s] -- Up-to-date: /home/rinav/ros2_ws/install/rviz_assimp_vendor/share/rviz_assimp_vendor/environment/path.sh
[0.454s] -- Up-to-date: /home/rinav/ros2_ws/install/rviz_assimp_vendor/share/rviz_assimp_vendor/environment/path.dsv
[0.454s] -- Up-to-date: /home/rinav/ros2_ws/install/rviz_assimp_vendor/share/rviz_assimp_vendor/local_setup.bash
[0.454s] -- Up-to-date: /home/rinav/ros2_ws/install/rviz_assimp_vendor/share/rviz_assimp_vendor/local_setup.sh
[0.454s] -- Up-to-date: /home/rinav/ros2_ws/install/rviz_assimp_vendor/share/rviz_assimp_vendor/local_setup.zsh
[0.455s] -- Up-to-date: /home/rinav/ros2_ws/install/rviz_assimp_vendor/share/rviz_assimp_vendor/local_setup.dsv
[0.455s] -- Installing: /home/rinav/ros2_ws/install/rviz_assimp_vendor/share/rviz_assimp_vendor/package.dsv
[0.464s] -- Up-to-date: /home/rinav/ros2_ws/install/rviz_assimp_vendor/share/ament_index/resource_index/packages/rviz_assimp_vendor
[0.464s] -- Up-to-date: /home/rinav/ros2_ws/install/rviz_assimp_vendor/share/rviz_assimp_vendor/cmake/rviz_assimp_vendor-extras.cmake
[0.464s] -- Up-to-date: /home/rinav/ros2_ws/install/rviz_assimp_vendor/share/rviz_assimp_vendor/cmake/rviz_assimp_vendorConfig.cmake
[0.464s] -- Up-to-date: /home/rinav/ros2_ws/install/rviz_assimp_vendor/share/rviz_assimp_vendor/cmake/rviz_assimp_vendorConfig-version.cmake
[0.465s] -- Up-to-date: /home/rinav/ros2_ws/install/rviz_assimp_vendor/share/rviz_assimp_vendor/package.xml
[0.528s] Invoked command in '/home/rinav/ros2_ws/build/rviz_assimp_vendor' returned '0': CMAKE_PREFIX_PATH=${CMAKE_PREFIX_PATH}:/home/rinav/ros2_ws/install/trial_package:/home/rinav/ros2_ws/install/mobile_robotics:/home/rinav/ros2_ws/install/launch_param_builder:/opt/ros/humble /usr/bin/cmake --install /home/rinav/ros2_ws/build/rviz_assimp_vendor
