[0.030s] Invoking command in '/home/rinav/ros2_ws/build/husky_simulator': AMENT_PREFIX_PATH=/home/rinav/ros2_ws/install/husky_gazebo:${AMENT_PREFIX_PATH} CMAKE_PREFIX_PATH=/home/rinav/ros2_ws/install/husky_gazebo:/home/rinav/ros2_ws/install/husky_control:/home/rinav/ros2_ws/install/husky_description:/home/rinav/ros2_ws/install/husky_bringup:/home/rinav/ros2_ws/install/husky_base:/home/rinav/ros2_ws/install/husky_msgs:/home/rinav/ros2_ws/install/mobile_robotics:/opt/ros/humble /usr/bin/cmake --build /home/rinav/ros2_ws/build/husky_simulator -- -j8 -l8
[0.065s] Invoked command in '/home/rinav/ros2_ws/build/husky_simulator' returned '0': AMENT_PREFIX_PATH=/home/rinav/ros2_ws/install/husky_gazebo:${AMENT_PREFIX_PATH} CMAKE_PREFIX_PATH=/home/rinav/ros2_ws/install/husky_gazebo:/home/rinav/ros2_ws/install/husky_control:/home/rinav/ros2_ws/install/husky_description:/home/rinav/ros2_ws/install/husky_bringup:/home/rinav/ros2_ws/install/husky_base:/home/rinav/ros2_ws/install/husky_msgs:/home/rinav/ros2_ws/install/mobile_robotics:/opt/ros/humble /usr/bin/cmake --build /home/rinav/ros2_ws/build/husky_simulator -- -j8 -l8
[0.065s] Invoking command in '/home/rinav/ros2_ws/build/husky_simulator': AMENT_PREFIX_PATH=/home/rinav/ros2_ws/install/husky_gazebo:${AMENT_PREFIX_PATH} CMAKE_PREFIX_PATH=/home/rinav/ros2_ws/install/husky_gazebo:/home/rinav/ros2_ws/install/husky_control:/home/rinav/ros2_ws/install/husky_description:/home/rinav/ros2_ws/install/husky_bringup:/home/rinav/ros2_ws/install/husky_base:/home/rinav/ros2_ws/install/husky_msgs:/home/rinav/ros2_ws/install/mobile_robotics:/opt/ros/humble /usr/bin/cmake --install /home/rinav/ros2_ws/build/husky_simulator
[0.069s] -- Install configuration: ""
[0.069s] -- Up-to-date: /home/rinav/ros2_ws/install/husky_simulator/share/ament_index/resource_index/package_run_dependencies/husky_simulator
[0.069s] -- Up-to-date: /home/rinav/ros2_ws/install/husky_simulator/share/ament_index/resource_index/parent_prefix_path/husky_simulator
[0.069s] -- Up-to-date: /home/rinav/ros2_ws/install/husky_simulator/share/husky_simulator/environment/ament_prefix_path.sh
[0.069s] -- Up-to-date: /home/rinav/ros2_ws/install/husky_simulator/share/husky_simulator/environment/ament_prefix_path.dsv
[0.069s] -- Up-to-date: /home/rinav/ros2_ws/install/husky_simulator/share/husky_simulator/environment/path.sh
[0.069s] -- Up-to-date: /home/rinav/ros2_ws/install/husky_simulator/share/husky_simulator/environment/path.dsv
[0.069s] -- Up-to-date: /home/rinav/ros2_ws/install/husky_simulator/share/husky_simulator/local_setup.bash
[0.069s] -- Up-to-date: /home/rinav/ros2_ws/install/husky_simulator/share/husky_simulator/local_setup.sh
[0.070s] -- Up-to-date: /home/rinav/ros2_ws/install/husky_simulator/share/husky_simulator/local_setup.zsh
[0.070s] -- Up-to-date: /home/rinav/ros2_ws/install/husky_simulator/share/husky_simulator/local_setup.dsv
[0.070s] -- Installing: /home/rinav/ros2_ws/install/husky_simulator/share/husky_simulator/package.dsv
[0.070s] -- Up-to-date: /home/rinav/ros2_ws/install/husky_simulator/share/ament_index/resource_index/packages/husky_simulator
[0.070s] -- Up-to-date: /home/rinav/ros2_ws/install/husky_simulator/share/husky_simulator/cmake/husky_simulatorConfig.cmake
[0.070s] -- Up-to-date: /home/rinav/ros2_ws/install/husky_simulator/share/husky_simulator/cmake/husky_simulatorConfig-version.cmake
[0.070s] -- Up-to-date: /home/rinav/ros2_ws/install/husky_simulator/share/husky_simulator/package.xml
[0.080s] Invoked command in '/home/rinav/ros2_ws/build/husky_simulator' returned '0': AMENT_PREFIX_PATH=/home/rinav/ros2_ws/install/husky_gazebo:${AMENT_PREFIX_PATH} CMAKE_PREFIX_PATH=/home/rinav/ros2_ws/install/husky_gazebo:/home/rinav/ros2_ws/install/husky_control:/home/rinav/ros2_ws/install/husky_description:/home/rinav/ros2_ws/install/husky_bringup:/home/rinav/ros2_ws/install/husky_base:/home/rinav/ros2_ws/install/husky_msgs:/home/rinav/ros2_ws/install/mobile_robotics:/opt/ros/humble /usr/bin/cmake --install /home/rinav/ros2_ws/build/husky_simulator
