-- Found ament_cmake: 1.3.12 (/opt/ros/humble/share/ament_cmake/cmake)
-- Configuring done
-- Generating done
-- Build files have been written to: /home/rinav/ros2_ws/build/husky_desktop
-- Install configuration: ""
-- Up-to-date: /home/rinav/ros2_ws/install/husky_desktop/share/ament_index/resource_index/package_run_dependencies/husky_desktop
-- Installing: /home/rinav/ros2_ws/install/husky_desktop/share/ament_index/resource_index/parent_prefix_path/husky_desktop
-- Up-to-date: /home/rinav/ros2_ws/install/husky_desktop/share/husky_desktop/environment/ament_prefix_path.sh
-- Installing: /home/rinav/ros2_ws/install/husky_desktop/share/husky_desktop/environment/ament_prefix_path.dsv
-- Up-to-date: /home/rinav/ros2_ws/install/husky_desktop/share/husky_desktop/environment/path.sh
-- Installing: /home/rinav/ros2_ws/install/husky_desktop/share/husky_desktop/environment/path.dsv
-- Up-to-date: /home/rinav/ros2_ws/install/husky_desktop/share/husky_desktop/local_setup.bash
-- Up-to-date: /home/rinav/ros2_ws/install/husky_desktop/share/husky_desktop/local_setup.sh
-- Up-to-date: /home/rinav/ros2_ws/install/husky_desktop/share/husky_desktop/local_setup.zsh
-- Installing: /home/rinav/ros2_ws/install/husky_desktop/share/husky_desktop/local_setup.dsv
-- Installing: /home/rinav/ros2_ws/install/husky_desktop/share/husky_desktop/package.dsv
-- Up-to-date: /home/rinav/ros2_ws/install/husky_desktop/share/ament_index/resource_index/packages/husky_desktop
-- Up-to-date: /home/rinav/ros2_ws/install/husky_desktop/share/husky_desktop/cmake/husky_desktopConfig.cmake
-- Up-to-date: /home/rinav/ros2_ws/install/husky_desktop/share/husky_desktop/cmake/husky_desktopConfig-version.cmake
-- Installing: /home/rinav/ros2_ws/install/husky_desktop/share/husky_desktop/package.xml
