[0.057s] DEBUG:colcon:Command line arguments: ['/usr/bin/colcon', 'build', '--symlink-install', '--packages-skip', 'husky_gazebo', '--packages-select', 'husky_base', 'husky_description', 'husky_control', 'husky_msgs', 'husky_bringup']
[0.057s] DEBUG:colcon:Parsed command line arguments: Namespace(log_base=None, log_level=None, verb_name='build', build_base='build', install_base='install', merge_install=False, symlink_install=True, test_result_base=None, continue_on_error=False, executor='parallel', parallel_workers=8, event_handlers=None, ignore_user_meta=False, metas=['./colcon.meta'], base_paths=['.'], packages_ignore=None, packages_ignore_regex=None, paths=None, packages_up_to=None, packages_up_to_regex=None, packages_above=None, packages_above_and_dependencies=None, packages_above_depth=None, packages_select_by_dep=None, packages_skip_by_dep=None, packages_skip_up_to=None, packages_select_build_failed=False, packages_skip_build_finished=False, packages_select_test_failures=False, packages_skip_test_passed=False, packages_select=['husky_base', 'husky_description', 'husky_control', 'husky_msgs', 'husky_bringup'], packages_skip=['husky_gazebo'], packages_select_regex=None, packages_skip_regex=None, packages_start=None, packages_end=None, allow_overriding=[], cmake_args=None, cmake_target=None, cmake_target_skip_unavailable=False, cmake_clean_cache=False, cmake_clean_first=False, cmake_force_configure=False, ament_cmake_args=None, catkin_cmake_args=None, catkin_skip_building_tests=False, verb_parser=<colcon_defaults.argument_parser.defaults.DefaultArgumentsDecorator object at 0xffffb1370490>, verb_extension=<colcon_core.verb.build.BuildVerb object at 0xffffb15b9d80>, main=<bound method BuildVerb.main of <colcon_core.verb.build.BuildVerb object at 0xffffb15b9d80>>)
[0.143s] Level 1:colcon.colcon_core.package_discovery:discover_packages(colcon_meta) check parameters
[0.144s] Level 1:colcon.colcon_core.package_discovery:discover_packages(recursive) check parameters
[0.144s] Level 1:colcon.colcon_core.package_discovery:discover_packages(ignore) check parameters
[0.144s] Level 1:colcon.colcon_core.package_discovery:discover_packages(path) check parameters
[0.144s] Level 1:colcon.colcon_core.package_discovery:discover_packages(colcon_meta) discover
[0.144s] Level 1:colcon.colcon_core.package_discovery:discover_packages(recursive) discover
[0.144s] INFO:colcon.colcon_core.package_discovery:Crawling recursively for packages in '/home/rinav/ros2_ws'
[0.144s] Level 1:colcon.colcon_core.package_identification:_identify(.) by extensions ['ignore', 'ignore_ament_install']
[0.144s] Level 1:colcon.colcon_core.package_identification:_identify(.) by extension 'ignore'
[0.144s] Level 1:colcon.colcon_core.package_identification:_identify(.) by extension 'ignore_ament_install'
[0.144s] Level 1:colcon.colcon_core.package_identification:_identify(.) by extensions ['colcon_pkg']
[0.144s] Level 1:colcon.colcon_core.package_identification:_identify(.) by extension 'colcon_pkg'
[0.144s] Level 1:colcon.colcon_core.package_identification:_identify(.) by extensions ['colcon_meta']
[0.144s] Level 1:colcon.colcon_core.package_identification:_identify(.) by extension 'colcon_meta'
[0.144s] Level 1:colcon.colcon_core.package_identification:_identify(.) by extensions ['ros']
[0.144s] Level 1:colcon.colcon_core.package_identification:_identify(.) by extension 'ros'
[0.150s] Level 1:colcon.colcon_core.package_identification:_identify(.) by extensions ['cmake', 'python']
[0.150s] Level 1:colcon.colcon_core.package_identification:_identify(.) by extension 'cmake'
[0.150s] Level 1:colcon.colcon_core.package_identification:_identify(.) by extension 'python'
[0.150s] Level 1:colcon.colcon_core.package_identification:_identify(.) by extensions ['python_setup_py']
[0.150s] Level 1:colcon.colcon_core.package_identification:_identify(.) by extension 'python_setup_py'
[0.150s] Level 1:colcon.colcon_core.package_identification:_identify(build) by extensions ['ignore', 'ignore_ament_install']
[0.150s] Level 1:colcon.colcon_core.package_identification:_identify(build) by extension 'ignore'
[0.150s] Level 1:colcon.colcon_core.package_identification:_identify(build) ignored
[0.150s] Level 1:colcon.colcon_core.package_identification:_identify(install) by extensions ['ignore', 'ignore_ament_install']
[0.150s] Level 1:colcon.colcon_core.package_identification:_identify(install) by extension 'ignore'
[0.150s] Level 1:colcon.colcon_core.package_identification:_identify(install) ignored
[0.150s] Level 1:colcon.colcon_core.package_identification:_identify(log) by extensions ['ignore', 'ignore_ament_install']
[0.150s] Level 1:colcon.colcon_core.package_identification:_identify(log) by extension 'ignore'
[0.150s] Level 1:colcon.colcon_core.package_identification:_identify(log) ignored
[0.150s] Level 1:colcon.colcon_core.package_identification:_identify(src) by extensions ['ignore', 'ignore_ament_install']
[0.150s] Level 1:colcon.colcon_core.package_identification:_identify(src) by extension 'ignore'
[0.150s] Level 1:colcon.colcon_core.package_identification:_identify(src) by extension 'ignore_ament_install'
[0.150s] Level 1:colcon.colcon_core.package_identification:_identify(src) by extensions ['colcon_pkg']
[0.150s] Level 1:colcon.colcon_core.package_identification:_identify(src) by extension 'colcon_pkg'
[0.150s] Level 1:colcon.colcon_core.package_identification:_identify(src) by extensions ['colcon_meta']
[0.150s] Level 1:colcon.colcon_core.package_identification:_identify(src) by extension 'colcon_meta'
[0.150s] Level 1:colcon.colcon_core.package_identification:_identify(src) by extensions ['ros']
[0.150s] Level 1:colcon.colcon_core.package_identification:_identify(src) by extension 'ros'
[0.150s] Level 1:colcon.colcon_core.package_identification:_identify(src) by extensions ['cmake', 'python']
[0.150s] Level 1:colcon.colcon_core.package_identification:_identify(src) by extension 'cmake'
[0.150s] Level 1:colcon.colcon_core.package_identification:_identify(src) by extension 'python'
[0.150s] Level 1:colcon.colcon_core.package_identification:_identify(src) by extensions ['python_setup_py']
[0.150s] Level 1:colcon.colcon_core.package_identification:_identify(src) by extension 'python_setup_py'
[0.150s] Level 1:colcon.colcon_core.package_identification:_identify(src/husky) by extensions ['ignore', 'ignore_ament_install']
[0.150s] Level 1:colcon.colcon_core.package_identification:_identify(src/husky) by extension 'ignore'
[0.150s] Level 1:colcon.colcon_core.package_identification:_identify(src/husky) by extension 'ignore_ament_install'
[0.150s] Level 1:colcon.colcon_core.package_identification:_identify(src/husky) by extensions ['colcon_pkg']
[0.150s] Level 1:colcon.colcon_core.package_identification:_identify(src/husky) by extension 'colcon_pkg'
[0.150s] Level 1:colcon.colcon_core.package_identification:_identify(src/husky) by extensions ['colcon_meta']
[0.150s] Level 1:colcon.colcon_core.package_identification:_identify(src/husky) by extension 'colcon_meta'
[0.150s] Level 1:colcon.colcon_core.package_identification:_identify(src/husky) by extensions ['ros']
[0.150s] Level 1:colcon.colcon_core.package_identification:_identify(src/husky) by extension 'ros'
[0.151s] Level 1:colcon.colcon_core.package_identification:_identify(src/husky) by extensions ['cmake', 'python']
[0.151s] Level 1:colcon.colcon_core.package_identification:_identify(src/husky) by extension 'cmake'
[0.151s] Level 1:colcon.colcon_core.package_identification:_identify(src/husky) by extension 'python'
[0.151s] Level 1:colcon.colcon_core.package_identification:_identify(src/husky) by extensions ['python_setup_py']
[0.151s] Level 1:colcon.colcon_core.package_identification:_identify(src/husky) by extension 'python_setup_py'
[0.151s] Level 1:colcon.colcon_core.package_identification:_identify(src/husky/husky_base) by extensions ['ignore', 'ignore_ament_install']
[0.151s] Level 1:colcon.colcon_core.package_identification:_identify(src/husky/husky_base) by extension 'ignore'
[0.151s] Level 1:colcon.colcon_core.package_identification:_identify(src/husky/husky_base) by extension 'ignore_ament_install'
[0.151s] Level 1:colcon.colcon_core.package_identification:_identify(src/husky/husky_base) by extensions ['colcon_pkg']
[0.151s] Level 1:colcon.colcon_core.package_identification:_identify(src/husky/husky_base) by extension 'colcon_pkg'
[0.151s] Level 1:colcon.colcon_core.package_identification:_identify(src/husky/husky_base) by extensions ['colcon_meta']
[0.151s] Level 1:colcon.colcon_core.package_identification:_identify(src/husky/husky_base) by extension 'colcon_meta'
[0.151s] Level 1:colcon.colcon_core.package_identification:_identify(src/husky/husky_base) by extensions ['ros']
[0.151s] Level 1:colcon.colcon_core.package_identification:_identify(src/husky/husky_base) by extension 'ros'
[0.153s] DEBUG:colcon.colcon_core.package_identification:Package 'src/husky/husky_base' with type 'ros.ament_cmake' and name 'husky_base'
[0.153s] Level 1:colcon.colcon_core.package_identification:_identify(src/husky/husky_bringup) by extensions ['ignore', 'ignore_ament_install']
[0.153s] Level 1:colcon.colcon_core.package_identification:_identify(src/husky/husky_bringup) by extension 'ignore'
[0.153s] Level 1:colcon.colcon_core.package_identification:_identify(src/husky/husky_bringup) by extension 'ignore_ament_install'
[0.153s] Level 1:colcon.colcon_core.package_identification:_identify(src/husky/husky_bringup) by extensions ['colcon_pkg']
[0.153s] Level 1:colcon.colcon_core.package_identification:_identify(src/husky/husky_bringup) by extension 'colcon_pkg'
[0.153s] Level 1:colcon.colcon_core.package_identification:_identify(src/husky/husky_bringup) by extensions ['colcon_meta']
[0.153s] Level 1:colcon.colcon_core.package_identification:_identify(src/husky/husky_bringup) by extension 'colcon_meta'
[0.153s] Level 1:colcon.colcon_core.package_identification:_identify(src/husky/husky_bringup) by extensions ['ros']
[0.153s] Level 1:colcon.colcon_core.package_identification:_identify(src/husky/husky_bringup) by extension 'ros'
[0.153s] DEBUG:colcon.colcon_core.package_identification:Package 'src/husky/husky_bringup' with type 'ros.ament_cmake' and name 'husky_bringup'
[0.153s] Level 1:colcon.colcon_core.package_identification:_identify(src/husky/husky_control) by extensions ['ignore', 'ignore_ament_install']
[0.153s] Level 1:colcon.colcon_core.package_identification:_identify(src/husky/husky_control) by extension 'ignore'
[0.153s] Level 1:colcon.colcon_core.package_identification:_identify(src/husky/husky_control) by extension 'ignore_ament_install'
[0.153s] Level 1:colcon.colcon_core.package_identification:_identify(src/husky/husky_control) by extensions ['colcon_pkg']
[0.153s] Level 1:colcon.colcon_core.package_identification:_identify(src/husky/husky_control) by extension 'colcon_pkg'
[0.153s] Level 1:colcon.colcon_core.package_identification:_identify(src/husky/husky_control) by extensions ['colcon_meta']
[0.153s] Level 1:colcon.colcon_core.package_identification:_identify(src/husky/husky_control) by extension 'colcon_meta'
[0.153s] Level 1:colcon.colcon_core.package_identification:_identify(src/husky/husky_control) by extensions ['ros']
[0.153s] Level 1:colcon.colcon_core.package_identification:_identify(src/husky/husky_control) by extension 'ros'
[0.154s] DEBUG:colcon.colcon_core.package_identification:Package 'src/husky/husky_control' with type 'ros.ament_cmake' and name 'husky_control'
[0.154s] Level 1:colcon.colcon_core.package_identification:_identify(src/husky/husky_description) by extensions ['ignore', 'ignore_ament_install']
[0.154s] Level 1:colcon.colcon_core.package_identification:_identify(src/husky/husky_description) by extension 'ignore'
[0.154s] Level 1:colcon.colcon_core.package_identification:_identify(src/husky/husky_description) by extension 'ignore_ament_install'
[0.154s] Level 1:colcon.colcon_core.package_identification:_identify(src/husky/husky_description) by extensions ['colcon_pkg']
[0.154s] Level 1:colcon.colcon_core.package_identification:_identify(src/husky/husky_description) by extension 'colcon_pkg'
[0.154s] Level 1:colcon.colcon_core.package_identification:_identify(src/husky/husky_description) by extensions ['colcon_meta']
[0.154s] Level 1:colcon.colcon_core.package_identification:_identify(src/husky/husky_description) by extension 'colcon_meta'
[0.154s] Level 1:colcon.colcon_core.package_identification:_identify(src/husky/husky_description) by extensions ['ros']
[0.154s] Level 1:colcon.colcon_core.package_identification:_identify(src/husky/husky_description) by extension 'ros'
[0.155s] DEBUG:colcon.colcon_core.package_identification:Package 'src/husky/husky_description' with type 'ros.ament_cmake' and name 'husky_description'
[0.155s] Level 1:colcon.colcon_core.package_identification:_identify(src/husky/husky_desktop) by extensions ['ignore', 'ignore_ament_install']
[0.155s] Level 1:colcon.colcon_core.package_identification:_identify(src/husky/husky_desktop) by extension 'ignore'
[0.155s] Level 1:colcon.colcon_core.package_identification:_identify(src/husky/husky_desktop) by extension 'ignore_ament_install'
[0.155s] Level 1:colcon.colcon_core.package_identification:_identify(src/husky/husky_desktop) by extensions ['colcon_pkg']
[0.155s] Level 1:colcon.colcon_core.package_identification:_identify(src/husky/husky_desktop) by extension 'colcon_pkg'
[0.155s] Level 1:colcon.colcon_core.package_identification:_identify(src/husky/husky_desktop) by extensions ['colcon_meta']
[0.155s] Level 1:colcon.colcon_core.package_identification:_identify(src/husky/husky_desktop) by extension 'colcon_meta'
[0.155s] Level 1:colcon.colcon_core.package_identification:_identify(src/husky/husky_desktop) by extensions ['ros']
[0.155s] Level 1:colcon.colcon_core.package_identification:_identify(src/husky/husky_desktop) by extension 'ros'
[0.155s] DEBUG:colcon.colcon_core.package_identification:Package 'src/husky/husky_desktop' with type 'ros.ament_cmake' and name 'husky_desktop'
[0.155s] Level 1:colcon.colcon_core.package_identification:_identify(src/husky/husky_gazebo) by extensions ['ignore', 'ignore_ament_install']
[0.155s] Level 1:colcon.colcon_core.package_identification:_identify(src/husky/husky_gazebo) by extension 'ignore'
[0.155s] Level 1:colcon.colcon_core.package_identification:_identify(src/husky/husky_gazebo) by extension 'ignore_ament_install'
[0.155s] Level 1:colcon.colcon_core.package_identification:_identify(src/husky/husky_gazebo) by extensions ['colcon_pkg']
[0.155s] Level 1:colcon.colcon_core.package_identification:_identify(src/husky/husky_gazebo) by extension 'colcon_pkg'
[0.155s] Level 1:colcon.colcon_core.package_identification:_identify(src/husky/husky_gazebo) by extensions ['colcon_meta']
[0.155s] Level 1:colcon.colcon_core.package_identification:_identify(src/husky/husky_gazebo) by extension 'colcon_meta'
[0.155s] Level 1:colcon.colcon_core.package_identification:_identify(src/husky/husky_gazebo) by extensions ['ros']
[0.155s] Level 1:colcon.colcon_core.package_identification:_identify(src/husky/husky_gazebo) by extension 'ros'
[0.156s] DEBUG:colcon.colcon_core.package_identification:Package 'src/husky/husky_gazebo' with type 'ros.ament_cmake' and name 'husky_gazebo'
[0.156s] Level 1:colcon.colcon_core.package_identification:_identify(src/husky/husky_msgs) by extensions ['ignore', 'ignore_ament_install']
[0.156s] Level 1:colcon.colcon_core.package_identification:_identify(src/husky/husky_msgs) by extension 'ignore'
[0.156s] Level 1:colcon.colcon_core.package_identification:_identify(src/husky/husky_msgs) by extension 'ignore_ament_install'
[0.156s] Level 1:colcon.colcon_core.package_identification:_identify(src/husky/husky_msgs) by extensions ['colcon_pkg']
[0.156s] Level 1:colcon.colcon_core.package_identification:_identify(src/husky/husky_msgs) by extension 'colcon_pkg'
[0.156s] Level 1:colcon.colcon_core.package_identification:_identify(src/husky/husky_msgs) by extensions ['colcon_meta']
[0.156s] Level 1:colcon.colcon_core.package_identification:_identify(src/husky/husky_msgs) by extension 'colcon_meta'
[0.156s] Level 1:colcon.colcon_core.package_identification:_identify(src/husky/husky_msgs) by extensions ['ros']
[0.156s] Level 1:colcon.colcon_core.package_identification:_identify(src/husky/husky_msgs) by extension 'ros'
[0.156s] DEBUG:colcon.colcon_core.package_identification:Package 'src/husky/husky_msgs' with type 'ros.ament_cmake' and name 'husky_msgs'
[0.156s] Level 1:colcon.colcon_core.package_identification:_identify(src/husky/husky_navigation) by extensions ['ignore', 'ignore_ament_install']
[0.156s] Level 1:colcon.colcon_core.package_identification:_identify(src/husky/husky_navigation) by extension 'ignore'
[0.156s] Level 1:colcon.colcon_core.package_identification:_identify(src/husky/husky_navigation) ignored
[0.156s] Level 1:colcon.colcon_core.package_identification:_identify(src/husky/husky_robot) by extensions ['ignore', 'ignore_ament_install']
[0.156s] Level 1:colcon.colcon_core.package_identification:_identify(src/husky/husky_robot) by extension 'ignore'
[0.156s] Level 1:colcon.colcon_core.package_identification:_identify(src/husky/husky_robot) by extension 'ignore_ament_install'
[0.156s] Level 1:colcon.colcon_core.package_identification:_identify(src/husky/husky_robot) by extensions ['colcon_pkg']
[0.156s] Level 1:colcon.colcon_core.package_identification:_identify(src/husky/husky_robot) by extension 'colcon_pkg'
[0.156s] Level 1:colcon.colcon_core.package_identification:_identify(src/husky/husky_robot) by extensions ['colcon_meta']
[0.156s] Level 1:colcon.colcon_core.package_identification:_identify(src/husky/husky_robot) by extension 'colcon_meta'
[0.156s] Level 1:colcon.colcon_core.package_identification:_identify(src/husky/husky_robot) by extensions ['ros']
[0.156s] Level 1:colcon.colcon_core.package_identification:_identify(src/husky/husky_robot) by extension 'ros'
[0.157s] DEBUG:colcon.colcon_core.package_identification:Package 'src/husky/husky_robot' with type 'ros.ament_cmake' and name 'husky_robot'
[0.157s] Level 1:colcon.colcon_core.package_identification:_identify(src/husky/husky_simulator) by extensions ['ignore', 'ignore_ament_install']
[0.157s] Level 1:colcon.colcon_core.package_identification:_identify(src/husky/husky_simulator) by extension 'ignore'
[0.157s] Level 1:colcon.colcon_core.package_identification:_identify(src/husky/husky_simulator) by extension 'ignore_ament_install'
[0.157s] Level 1:colcon.colcon_core.package_identification:_identify(src/husky/husky_simulator) by extensions ['colcon_pkg']
[0.157s] Level 1:colcon.colcon_core.package_identification:_identify(src/husky/husky_simulator) by extension 'colcon_pkg'
[0.157s] Level 1:colcon.colcon_core.package_identification:_identify(src/husky/husky_simulator) by extensions ['colcon_meta']
[0.157s] Level 1:colcon.colcon_core.package_identification:_identify(src/husky/husky_simulator) by extension 'colcon_meta'
[0.157s] Level 1:colcon.colcon_core.package_identification:_identify(src/husky/husky_simulator) by extensions ['ros']
[0.157s] Level 1:colcon.colcon_core.package_identification:_identify(src/husky/husky_simulator) by extension 'ros'
[0.157s] DEBUG:colcon.colcon_core.package_identification:Package 'src/husky/husky_simulator' with type 'ros.ament_cmake' and name 'husky_simulator'
[0.157s] Level 1:colcon.colcon_core.package_identification:_identify(src/husky/husky_viz) by extensions ['ignore', 'ignore_ament_install']
[0.157s] Level 1:colcon.colcon_core.package_identification:_identify(src/husky/husky_viz) by extension 'ignore'
[0.157s] Level 1:colcon.colcon_core.package_identification:_identify(src/husky/husky_viz) by extension 'ignore_ament_install'
[0.157s] Level 1:colcon.colcon_core.package_identification:_identify(src/husky/husky_viz) by extensions ['colcon_pkg']
[0.157s] Level 1:colcon.colcon_core.package_identification:_identify(src/husky/husky_viz) by extension 'colcon_pkg'
[0.157s] Level 1:colcon.colcon_core.package_identification:_identify(src/husky/husky_viz) by extensions ['colcon_meta']
[0.157s] Level 1:colcon.colcon_core.package_identification:_identify(src/husky/husky_viz) by extension 'colcon_meta'
[0.157s] Level 1:colcon.colcon_core.package_identification:_identify(src/husky/husky_viz) by extensions ['ros']
[0.157s] Level 1:colcon.colcon_core.package_identification:_identify(src/husky/husky_viz) by extension 'ros'
[0.158s] DEBUG:colcon.colcon_core.package_identification:Package 'src/husky/husky_viz' with type 'ros.ament_cmake' and name 'husky_viz'
[0.158s] Level 1:colcon.colcon_core.package_identification:_identify(src/mobile_robotics) by extensions ['ignore', 'ignore_ament_install']
[0.158s] Level 1:colcon.colcon_core.package_identification:_identify(src/mobile_robotics) by extension 'ignore'
[0.158s] Level 1:colcon.colcon_core.package_identification:_identify(src/mobile_robotics) by extension 'ignore_ament_install'
[0.158s] Level 1:colcon.colcon_core.package_identification:_identify(src/mobile_robotics) by extensions ['colcon_pkg']
[0.158s] Level 1:colcon.colcon_core.package_identification:_identify(src/mobile_robotics) by extension 'colcon_pkg'
[0.158s] Level 1:colcon.colcon_core.package_identification:_identify(src/mobile_robotics) by extensions ['colcon_meta']
[0.158s] Level 1:colcon.colcon_core.package_identification:_identify(src/mobile_robotics) by extension 'colcon_meta'
[0.158s] Level 1:colcon.colcon_core.package_identification:_identify(src/mobile_robotics) by extensions ['ros']
[0.158s] Level 1:colcon.colcon_core.package_identification:_identify(src/mobile_robotics) by extension 'ros'
[0.158s] DEBUG:colcon.colcon_core.package_identification:Package 'src/mobile_robotics' with type 'ros.ament_python' and name 'mobile_robotics'
[0.158s] Level 1:colcon.colcon_core.package_identification:_identify(src/py_pubsub) by extensions ['ignore', 'ignore_ament_install']
[0.158s] Level 1:colcon.colcon_core.package_identification:_identify(src/py_pubsub) by extension 'ignore'
[0.158s] Level 1:colcon.colcon_core.package_identification:_identify(src/py_pubsub) by extension 'ignore_ament_install'
[0.158s] Level 1:colcon.colcon_core.package_identification:_identify(src/py_pubsub) by extensions ['colcon_pkg']
[0.158s] Level 1:colcon.colcon_core.package_identification:_identify(src/py_pubsub) by extension 'colcon_pkg'
[0.158s] Level 1:colcon.colcon_core.package_identification:_identify(src/py_pubsub) by extensions ['colcon_meta']
[0.158s] Level 1:colcon.colcon_core.package_identification:_identify(src/py_pubsub) by extension 'colcon_meta'
[0.158s] Level 1:colcon.colcon_core.package_identification:_identify(src/py_pubsub) by extensions ['ros']
[0.158s] Level 1:colcon.colcon_core.package_identification:_identify(src/py_pubsub) by extension 'ros'
[0.159s] DEBUG:colcon.colcon_core.package_identification:Package 'src/py_pubsub' with type 'ros.ament_python' and name 'py_pubsub'
[0.159s] Level 1:colcon.colcon_core.package_identification:_identify(src/py_srvcli) by extensions ['ignore', 'ignore_ament_install']
[0.159s] Level 1:colcon.colcon_core.package_identification:_identify(src/py_srvcli) by extension 'ignore'
[0.159s] Level 1:colcon.colcon_core.package_identification:_identify(src/py_srvcli) by extension 'ignore_ament_install'
[0.159s] Level 1:colcon.colcon_core.package_identification:_identify(src/py_srvcli) by extensions ['colcon_pkg']
[0.159s] Level 1:colcon.colcon_core.package_identification:_identify(src/py_srvcli) by extension 'colcon_pkg'
[0.159s] Level 1:colcon.colcon_core.package_identification:_identify(src/py_srvcli) by extensions ['colcon_meta']
[0.159s] Level 1:colcon.colcon_core.package_identification:_identify(src/py_srvcli) by extension 'colcon_meta'
[0.159s] Level 1:colcon.colcon_core.package_identification:_identify(src/py_srvcli) by extensions ['ros']
[0.159s] Level 1:colcon.colcon_core.package_identification:_identify(src/py_srvcli) by extension 'ros'
[0.159s] DEBUG:colcon.colcon_core.package_identification:Package 'src/py_srvcli' with type 'ros.ament_python' and name 'py_srvcli'
[0.159s] Level 1:colcon.colcon_core.package_identification:_identify(src/ros_tutorials) by extensions ['ignore', 'ignore_ament_install']
[0.159s] Level 1:colcon.colcon_core.package_identification:_identify(src/ros_tutorials) by extension 'ignore'
[0.159s] Level 1:colcon.colcon_core.package_identification:_identify(src/ros_tutorials) by extension 'ignore_ament_install'
[0.159s] Level 1:colcon.colcon_core.package_identification:_identify(src/ros_tutorials) by extensions ['colcon_pkg']
[0.159s] Level 1:colcon.colcon_core.package_identification:_identify(src/ros_tutorials) by extension 'colcon_pkg'
[0.159s] Level 1:colcon.colcon_core.package_identification:_identify(src/ros_tutorials) by extensions ['colcon_meta']
[0.159s] Level 1:colcon.colcon_core.package_identification:_identify(src/ros_tutorials) by extension 'colcon_meta'
[0.159s] Level 1:colcon.colcon_core.package_identification:_identify(src/ros_tutorials) by extensions ['ros']
[0.159s] Level 1:colcon.colcon_core.package_identification:_identify(src/ros_tutorials) by extension 'ros'
[0.159s] Level 1:colcon.colcon_core.package_identification:_identify(src/ros_tutorials) by extensions ['cmake', 'python']
[0.159s] Level 1:colcon.colcon_core.package_identification:_identify(src/ros_tutorials) by extension 'cmake'
[0.159s] Level 1:colcon.colcon_core.package_identification:_identify(src/ros_tutorials) by extension 'python'
[0.159s] Level 1:colcon.colcon_core.package_identification:_identify(src/ros_tutorials) by extensions ['python_setup_py']
[0.159s] Level 1:colcon.colcon_core.package_identification:_identify(src/ros_tutorials) by extension 'python_setup_py'
[0.159s] Level 1:colcon.colcon_core.package_identification:_identify(src/ros_tutorials/ros_tutorials) by extensions ['ignore', 'ignore_ament_install']
[0.159s] Level 1:colcon.colcon_core.package_identification:_identify(src/ros_tutorials/ros_tutorials) by extension 'ignore'
[0.159s] Level 1:colcon.colcon_core.package_identification:_identify(src/ros_tutorials/ros_tutorials) ignored
[0.159s] Level 1:colcon.colcon_core.package_identification:_identify(src/ros_tutorials/roscpp_tutorials) by extensions ['ignore', 'ignore_ament_install']
[0.159s] Level 1:colcon.colcon_core.package_identification:_identify(src/ros_tutorials/roscpp_tutorials) by extension 'ignore'
[0.159s] Level 1:colcon.colcon_core.package_identification:_identify(src/ros_tutorials/roscpp_tutorials) ignored
[0.160s] Level 1:colcon.colcon_core.package_identification:_identify(src/ros_tutorials/rospy_tutorials) by extensions ['ignore', 'ignore_ament_install']
[0.160s] Level 1:colcon.colcon_core.package_identification:_identify(src/ros_tutorials/rospy_tutorials) by extension 'ignore'
[0.160s] Level 1:colcon.colcon_core.package_identification:_identify(src/ros_tutorials/rospy_tutorials) ignored
[0.160s] Level 1:colcon.colcon_core.package_identification:_identify(src/ros_tutorials/turtlesim) by extensions ['ignore', 'ignore_ament_install']
[0.160s] Level 1:colcon.colcon_core.package_identification:_identify(src/ros_tutorials/turtlesim) by extension 'ignore'
[0.160s] Level 1:colcon.colcon_core.package_identification:_identify(src/ros_tutorials/turtlesim) by extension 'ignore_ament_install'
[0.160s] Level 1:colcon.colcon_core.package_identification:_identify(src/ros_tutorials/turtlesim) by extensions ['colcon_pkg']
[0.160s] Level 1:colcon.colcon_core.package_identification:_identify(src/ros_tutorials/turtlesim) by extension 'colcon_pkg'
[0.160s] Level 1:colcon.colcon_core.package_identification:_identify(src/ros_tutorials/turtlesim) by extensions ['colcon_meta']
[0.160s] Level 1:colcon.colcon_core.package_identification:_identify(src/ros_tutorials/turtlesim) by extension 'colcon_meta'
[0.160s] Level 1:colcon.colcon_core.package_identification:_identify(src/ros_tutorials/turtlesim) by extensions ['ros']
[0.160s] Level 1:colcon.colcon_core.package_identification:_identify(src/ros_tutorials/turtlesim) by extension 'ros'
[0.160s] DEBUG:colcon.colcon_core.package_identification:Package 'src/ros_tutorials/turtlesim' with type 'ros.ament_cmake' and name 'turtlesim'
[0.160s] Level 1:colcon.colcon_core.package_identification:_identify(src/trial_package) by extensions ['ignore', 'ignore_ament_install']
[0.160s] Level 1:colcon.colcon_core.package_identification:_identify(src/trial_package) by extension 'ignore'
[0.160s] Level 1:colcon.colcon_core.package_identification:_identify(src/trial_package) by extension 'ignore_ament_install'
[0.160s] Level 1:colcon.colcon_core.package_identification:_identify(src/trial_package) by extensions ['colcon_pkg']
[0.160s] Level 1:colcon.colcon_core.package_identification:_identify(src/trial_package) by extension 'colcon_pkg'
[0.160s] Level 1:colcon.colcon_core.package_identification:_identify(src/trial_package) by extensions ['colcon_meta']
[0.160s] Level 1:colcon.colcon_core.package_identification:_identify(src/trial_package) by extension 'colcon_meta'
[0.160s] Level 1:colcon.colcon_core.package_identification:_identify(src/trial_package) by extensions ['ros']
[0.160s] Level 1:colcon.colcon_core.package_identification:_identify(src/trial_package) by extension 'ros'
[0.161s] DEBUG:colcon.colcon_core.package_identification:Package 'src/trial_package' with type 'ros.ament_python' and name 'trial_package'
[0.161s] Level 1:colcon.colcon_core.package_discovery:discover_packages(recursive) using defaults
[0.161s] Level 1:colcon.colcon_core.package_discovery:discover_packages(ignore) discover
[0.161s] Level 1:colcon.colcon_core.package_discovery:discover_packages(ignore) using defaults
[0.161s] Level 1:colcon.colcon_core.package_discovery:discover_packages(path) discover
[0.161s] Level 1:colcon.colcon_core.package_discovery:discover_packages(path) using defaults
[0.178s] INFO:colcon.colcon_core.package_selection:Skipping not selected package 'mobile_robotics' in 'src/mobile_robotics'
[0.178s] INFO:colcon.colcon_core.package_selection:Skipping not selected package 'py_pubsub' in 'src/py_pubsub'
[0.178s] INFO:colcon.colcon_core.package_selection:Skipping not selected package 'py_srvcli' in 'src/py_srvcli'
[0.178s] INFO:colcon.colcon_core.package_selection:Skipping not selected package 'trial_package' in 'src/trial_package'
[0.178s] INFO:colcon.colcon_core.package_selection:Skipping not selected package 'turtlesim' in 'src/ros_tutorials/turtlesim'
[0.178s] INFO:colcon.colcon_core.package_selection:Skipping not selected package 'husky_viz' in 'src/husky/husky_viz'
[0.178s] INFO:colcon.colcon_core.package_selection:Skipping not selected package 'husky_desktop' in 'src/husky/husky_desktop'
[0.178s] INFO:colcon.colcon_core.package_selection:Skipping package 'husky_gazebo' in 'src/husky/husky_gazebo'
[0.178s] INFO:colcon.colcon_core.package_selection:Skipping not selected package 'husky_robot' in 'src/husky/husky_robot'
[0.178s] INFO:colcon.colcon_core.package_selection:Skipping not selected package 'husky_simulator' in 'src/husky/husky_simulator'
[0.178s] Level 1:colcon.colcon_core.package_discovery:discover_packages(prefix_path) check parameters
[0.178s] Level 1:colcon.colcon_core.package_discovery:discover_packages(prefix_path) discover
[0.180s] DEBUG:colcon.colcon_installed_package_information.package_discovery:Found 382 installed packages in /opt/ros/humble
[0.181s] Level 1:colcon.colcon_core.package_discovery:discover_packages(prefix_path) using defaults
[0.206s] Level 5:colcon.colcon_core.verb:set package 'husky_description' build argument 'cmake_args' from command line to 'None'
[0.206s] Level 5:colcon.colcon_core.verb:set package 'husky_description' build argument 'cmake_target' from command line to 'None'
[0.206s] Level 5:colcon.colcon_core.verb:set package 'husky_description' build argument 'cmake_target_skip_unavailable' from command line to 'False'
[0.206s] Level 5:colcon.colcon_core.verb:set package 'husky_description' build argument 'cmake_clean_cache' from command line to 'False'
[0.206s] Level 5:colcon.colcon_core.verb:set package 'husky_description' build argument 'cmake_clean_first' from command line to 'False'
[0.206s] Level 5:colcon.colcon_core.verb:set package 'husky_description' build argument 'cmake_force_configure' from command line to 'False'
[0.206s] Level 5:colcon.colcon_core.verb:set package 'husky_description' build argument 'ament_cmake_args' from command line to 'None'
[0.206s] Level 5:colcon.colcon_core.verb:set package 'husky_description' build argument 'catkin_cmake_args' from command line to 'None'
[0.206s] Level 5:colcon.colcon_core.verb:set package 'husky_description' build argument 'catkin_skip_building_tests' from command line to 'False'
[0.206s] DEBUG:colcon.colcon_core.verb:Building package 'husky_description' with the following arguments: {'ament_cmake_args': None, 'build_base': '/home/rinav/ros2_ws/build/husky_description', 'catkin_cmake_args': None, 'catkin_skip_building_tests': False, 'cmake_args': None, 'cmake_clean_cache': False, 'cmake_clean_first': False, 'cmake_force_configure': False, 'cmake_target': None, 'cmake_target_skip_unavailable': False, 'install_base': '/home/rinav/ros2_ws/install/husky_description', 'merge_install': False, 'path': '/home/rinav/ros2_ws/src/husky/husky_description', 'symlink_install': True, 'test_result_base': None}
[0.206s] Level 5:colcon.colcon_core.verb:set package 'husky_msgs' build argument 'cmake_args' from command line to 'None'
[0.206s] Level 5:colcon.colcon_core.verb:set package 'husky_msgs' build argument 'cmake_target' from command line to 'None'
[0.206s] Level 5:colcon.colcon_core.verb:set package 'husky_msgs' build argument 'cmake_target_skip_unavailable' from command line to 'False'
[0.206s] Level 5:colcon.colcon_core.verb:set package 'husky_msgs' build argument 'cmake_clean_cache' from command line to 'False'
[0.206s] Level 5:colcon.colcon_core.verb:set package 'husky_msgs' build argument 'cmake_clean_first' from command line to 'False'
[0.206s] Level 5:colcon.colcon_core.verb:set package 'husky_msgs' build argument 'cmake_force_configure' from command line to 'False'
[0.206s] Level 5:colcon.colcon_core.verb:set package 'husky_msgs' build argument 'ament_cmake_args' from command line to 'None'
[0.206s] Level 5:colcon.colcon_core.verb:set package 'husky_msgs' build argument 'catkin_cmake_args' from command line to 'None'
[0.206s] Level 5:colcon.colcon_core.verb:set package 'husky_msgs' build argument 'catkin_skip_building_tests' from command line to 'False'
[0.206s] DEBUG:colcon.colcon_core.verb:Building package 'husky_msgs' with the following arguments: {'ament_cmake_args': None, 'build_base': '/home/rinav/ros2_ws/build/husky_msgs', 'catkin_cmake_args': None, 'catkin_skip_building_tests': False, 'cmake_args': None, 'cmake_clean_cache': False, 'cmake_clean_first': False, 'cmake_force_configure': False, 'cmake_target': None, 'cmake_target_skip_unavailable': False, 'install_base': '/home/rinav/ros2_ws/install/husky_msgs', 'merge_install': False, 'path': '/home/rinav/ros2_ws/src/husky/husky_msgs', 'symlink_install': True, 'test_result_base': None}
[0.206s] Level 5:colcon.colcon_core.verb:set package 'husky_base' build argument 'cmake_args' from command line to 'None'
[0.206s] Level 5:colcon.colcon_core.verb:set package 'husky_base' build argument 'cmake_target' from command line to 'None'
[0.206s] Level 5:colcon.colcon_core.verb:set package 'husky_base' build argument 'cmake_target_skip_unavailable' from command line to 'False'
[0.206s] Level 5:colcon.colcon_core.verb:set package 'husky_base' build argument 'cmake_clean_cache' from command line to 'False'
[0.206s] Level 5:colcon.colcon_core.verb:set package 'husky_base' build argument 'cmake_clean_first' from command line to 'False'
[0.206s] Level 5:colcon.colcon_core.verb:set package 'husky_base' build argument 'cmake_force_configure' from command line to 'False'
[0.206s] Level 5:colcon.colcon_core.verb:set package 'husky_base' build argument 'ament_cmake_args' from command line to 'None'
[0.206s] Level 5:colcon.colcon_core.verb:set package 'husky_base' build argument 'catkin_cmake_args' from command line to 'None'
[0.206s] Level 5:colcon.colcon_core.verb:set package 'husky_base' build argument 'catkin_skip_building_tests' from command line to 'False'
[0.206s] DEBUG:colcon.colcon_core.verb:Building package 'husky_base' with the following arguments: {'ament_cmake_args': None, 'build_base': '/home/rinav/ros2_ws/build/husky_base', 'catkin_cmake_args': None, 'catkin_skip_building_tests': False, 'cmake_args': None, 'cmake_clean_cache': False, 'cmake_clean_first': False, 'cmake_force_configure': False, 'cmake_target': None, 'cmake_target_skip_unavailable': False, 'install_base': '/home/rinav/ros2_ws/install/husky_base', 'merge_install': False, 'path': '/home/rinav/ros2_ws/src/husky/husky_base', 'symlink_install': True, 'test_result_base': None}
[0.206s] Level 5:colcon.colcon_core.verb:set package 'husky_control' build argument 'cmake_args' from command line to 'None'
[0.207s] Level 5:colcon.colcon_core.verb:set package 'husky_control' build argument 'cmake_target' from command line to 'None'
[0.207s] Level 5:colcon.colcon_core.verb:set package 'husky_control' build argument 'cmake_target_skip_unavailable' from command line to 'False'
[0.207s] Level 5:colcon.colcon_core.verb:set package 'husky_control' build argument 'cmake_clean_cache' from command line to 'False'
[0.207s] Level 5:colcon.colcon_core.verb:set package 'husky_control' build argument 'cmake_clean_first' from command line to 'False'
[0.207s] Level 5:colcon.colcon_core.verb:set package 'husky_control' build argument 'cmake_force_configure' from command line to 'False'
[0.207s] Level 5:colcon.colcon_core.verb:set package 'husky_control' build argument 'ament_cmake_args' from command line to 'None'
[0.207s] Level 5:colcon.colcon_core.verb:set package 'husky_control' build argument 'catkin_cmake_args' from command line to 'None'
[0.207s] Level 5:colcon.colcon_core.verb:set package 'husky_control' build argument 'catkin_skip_building_tests' from command line to 'False'
[0.207s] DEBUG:colcon.colcon_core.verb:Building package 'husky_control' with the following arguments: {'ament_cmake_args': None, 'build_base': '/home/rinav/ros2_ws/build/husky_control', 'catkin_cmake_args': None, 'catkin_skip_building_tests': False, 'cmake_args': None, 'cmake_clean_cache': False, 'cmake_clean_first': False, 'cmake_force_configure': False, 'cmake_target': None, 'cmake_target_skip_unavailable': False, 'install_base': '/home/rinav/ros2_ws/install/husky_control', 'merge_install': False, 'path': '/home/rinav/ros2_ws/src/husky/husky_control', 'symlink_install': True, 'test_result_base': None}
[0.207s] Level 5:colcon.colcon_core.verb:set package 'husky_bringup' build argument 'cmake_args' from command line to 'None'
[0.207s] Level 5:colcon.colcon_core.verb:set package 'husky_bringup' build argument 'cmake_target' from command line to 'None'
[0.207s] Level 5:colcon.colcon_core.verb:set package 'husky_bringup' build argument 'cmake_target_skip_unavailable' from command line to 'False'
[0.207s] Level 5:colcon.colcon_core.verb:set package 'husky_bringup' build argument 'cmake_clean_cache' from command line to 'False'
[0.207s] Level 5:colcon.colcon_core.verb:set package 'husky_bringup' build argument 'cmake_clean_first' from command line to 'False'
[0.207s] Level 5:colcon.colcon_core.verb:set package 'husky_bringup' build argument 'cmake_force_configure' from command line to 'False'
[0.207s] Level 5:colcon.colcon_core.verb:set package 'husky_bringup' build argument 'ament_cmake_args' from command line to 'None'
[0.207s] Level 5:colcon.colcon_core.verb:set package 'husky_bringup' build argument 'catkin_cmake_args' from command line to 'None'
[0.207s] Level 5:colcon.colcon_core.verb:set package 'husky_bringup' build argument 'catkin_skip_building_tests' from command line to 'False'
[0.207s] DEBUG:colcon.colcon_core.verb:Building package 'husky_bringup' with the following arguments: {'ament_cmake_args': None, 'build_base': '/home/rinav/ros2_ws/build/husky_bringup', 'catkin_cmake_args': None, 'catkin_skip_building_tests': False, 'cmake_args': None, 'cmake_clean_cache': False, 'cmake_clean_first': False, 'cmake_force_configure': False, 'cmake_target': None, 'cmake_target_skip_unavailable': False, 'install_base': '/home/rinav/ros2_ws/install/husky_bringup', 'merge_install': False, 'path': '/home/rinav/ros2_ws/src/husky/husky_bringup', 'symlink_install': True, 'test_result_base': None}
[0.207s] INFO:colcon.colcon_core.executor:Executing jobs using 'parallel' executor
[0.207s] DEBUG:colcon.colcon_parallel_executor.executor.parallel:run_until_complete
[0.208s] INFO:colcon.colcon_ros.task.ament_cmake.build:Building ROS package in '/home/rinav/ros2_ws/src/husky/husky_description' with build type 'ament_cmake'
[0.208s] INFO:colcon.colcon_cmake.task.cmake.build:Building CMake package in '/home/rinav/ros2_ws/src/husky/husky_description'
[0.209s] INFO:colcon.colcon_core.plugin_system:Skipping extension 'colcon_core.shell.bat': Not used on non-Windows systems
[0.209s] INFO:colcon.colcon_core.shell:Skip shell extension 'powershell' for command environment: Not usable outside of PowerShell
[0.209s] DEBUG:colcon.colcon_core.shell:Skip shell extension 'dsv' for command environment
[0.211s] INFO:colcon.colcon_ros.task.ament_cmake.build:Building ROS package in '/home/rinav/ros2_ws/src/husky/husky_msgs' with build type 'ament_cmake'
[0.211s] INFO:colcon.colcon_cmake.task.cmake.build:Building CMake package in '/home/rinav/ros2_ws/src/husky/husky_msgs'
[0.211s] INFO:colcon.colcon_core.shell:Skip shell extension 'powershell' for command environment: Not usable outside of PowerShell
[0.211s] DEBUG:colcon.colcon_core.shell:Skip shell extension 'dsv' for command environment
[0.215s] DEBUG:colcon.colcon_core.event_handler.log_command:Invoking command in '/home/rinav/ros2_ws/build/husky_description': CMAKE_PREFIX_PATH=/opt/ros/humble /usr/bin/cmake --build /home/rinav/ros2_ws/build/husky_description -- -j8 -l8
[0.217s] DEBUG:colcon.colcon_core.event_handler.log_command:Invoking command in '/home/rinav/ros2_ws/build/husky_msgs': CMAKE_PREFIX_PATH=/opt/ros/humble /usr/bin/cmake --build /home/rinav/ros2_ws/build/husky_msgs -- -j8 -l8
[0.233s] DEBUG:colcon.colcon_core.event_handler.log_command:Invoked command in '/home/rinav/ros2_ws/build/husky_description' returned '0': CMAKE_PREFIX_PATH=/opt/ros/humble /usr/bin/cmake --build /home/rinav/ros2_ws/build/husky_description -- -j8 -l8
[0.239s] DEBUG:colcon.colcon_core.event_handler.log_command:Invoking command in '/home/rinav/ros2_ws/build/husky_description': CMAKE_PREFIX_PATH=/opt/ros/humble /usr/bin/cmake --install /home/rinav/ros2_ws/build/husky_description
[0.252s] Level 1:colcon.colcon_core.environment:create_environment_scripts_only(husky_description)
[0.253s] DEBUG:colcon.colcon_core.event_handler.log_command:Invoked command in '/home/rinav/ros2_ws/build/husky_description' returned '0': CMAKE_PREFIX_PATH=/opt/ros/humble /usr/bin/cmake --install /home/rinav/ros2_ws/build/husky_description
[0.254s] Level 1:colcon.colcon_core.environment:checking '/home/rinav/ros2_ws/install/husky_description' for CMake module files
[0.255s] Level 1:colcon.colcon_core.environment:checking '/home/rinav/ros2_ws/install/husky_description' for CMake config files
[0.255s] Level 1:colcon.colcon_core.shell:create_environment_hook('husky_description', 'cmake_prefix_path')
[0.255s] INFO:colcon.colcon_core.shell:Creating environment hook '/home/rinav/ros2_ws/install/husky_description/share/husky_description/hook/cmake_prefix_path.ps1'
[0.255s] INFO:colcon.colcon_core.shell:Creating environment descriptor '/home/rinav/ros2_ws/install/husky_description/share/husky_description/hook/cmake_prefix_path.dsv'
[0.256s] INFO:colcon.colcon_core.shell:Creating environment hook '/home/rinav/ros2_ws/install/husky_description/share/husky_description/hook/cmake_prefix_path.sh'
[0.256s] Level 1:colcon.colcon_core.environment:checking '/home/rinav/ros2_ws/install/husky_description/bin'
[0.256s] Level 1:colcon.colcon_core.environment:checking '/home/rinav/ros2_ws/install/husky_description/lib/pkgconfig/husky_description.pc'
[0.256s] Level 1:colcon.colcon_core.environment:checking '/home/rinav/ros2_ws/install/husky_description/lib/python3.10/site-packages'
[0.257s] Level 1:colcon.colcon_core.environment:checking '/home/rinav/ros2_ws/install/husky_description/bin'
[0.257s] INFO:colcon.colcon_core.shell:Creating package script '/home/rinav/ros2_ws/install/husky_description/share/husky_description/package.ps1'
[0.257s] INFO:colcon.colcon_core.shell:Creating package descriptor '/home/rinav/ros2_ws/install/husky_description/share/husky_description/package.dsv'
[0.259s] INFO:colcon.colcon_core.shell:Creating package script '/home/rinav/ros2_ws/install/husky_description/share/husky_description/package.sh'
[0.259s] INFO:colcon.colcon_core.shell:Creating package script '/home/rinav/ros2_ws/install/husky_description/share/husky_description/package.bash'
[0.260s] INFO:colcon.colcon_core.shell:Creating package script '/home/rinav/ros2_ws/install/husky_description/share/husky_description/package.zsh'
[0.261s] Level 1:colcon.colcon_core.environment:create_file_with_runtime_dependencies(/home/rinav/ros2_ws/install/husky_description/share/colcon-core/packages/husky_description)
[0.261s] Level 1:colcon.colcon_core.environment:create_environment_scripts_only(husky_description)
[0.261s] Level 1:colcon.colcon_core.environment:checking '/home/rinav/ros2_ws/install/husky_description' for CMake module files
[0.261s] Level 1:colcon.colcon_core.environment:checking '/home/rinav/ros2_ws/install/husky_description' for CMake config files
[0.261s] Level 1:colcon.colcon_core.shell:create_environment_hook('husky_description', 'cmake_prefix_path')
[0.262s] INFO:colcon.colcon_core.shell:Creating environment hook '/home/rinav/ros2_ws/install/husky_description/share/husky_description/hook/cmake_prefix_path.ps1'
[0.262s] INFO:colcon.colcon_core.shell:Creating environment descriptor '/home/rinav/ros2_ws/install/husky_description/share/husky_description/hook/cmake_prefix_path.dsv'
[0.262s] INFO:colcon.colcon_core.shell:Creating environment hook '/home/rinav/ros2_ws/install/husky_description/share/husky_description/hook/cmake_prefix_path.sh'
[0.262s] Level 1:colcon.colcon_core.environment:checking '/home/rinav/ros2_ws/install/husky_description/bin'
[0.262s] Level 1:colcon.colcon_core.environment:checking '/home/rinav/ros2_ws/install/husky_description/lib/pkgconfig/husky_description.pc'
[0.262s] Level 1:colcon.colcon_core.environment:checking '/home/rinav/ros2_ws/install/husky_description/lib/python3.10/site-packages'
[0.262s] Level 1:colcon.colcon_core.environment:checking '/home/rinav/ros2_ws/install/husky_description/bin'
[0.263s] INFO:colcon.colcon_core.shell:Creating package script '/home/rinav/ros2_ws/install/husky_description/share/husky_description/package.ps1'
[0.263s] INFO:colcon.colcon_core.shell:Creating package descriptor '/home/rinav/ros2_ws/install/husky_description/share/husky_description/package.dsv'
[0.263s] INFO:colcon.colcon_core.shell:Creating package script '/home/rinav/ros2_ws/install/husky_description/share/husky_description/package.sh'
[0.263s] INFO:colcon.colcon_core.shell:Creating package script '/home/rinav/ros2_ws/install/husky_description/share/husky_description/package.bash'
[0.263s] INFO:colcon.colcon_core.shell:Creating package script '/home/rinav/ros2_ws/install/husky_description/share/husky_description/package.zsh'
[0.263s] Level 1:colcon.colcon_core.environment:create_file_with_runtime_dependencies(/home/rinav/ros2_ws/install/husky_description/share/colcon-core/packages/husky_description)
[0.264s] INFO:colcon.colcon_ros.task.ament_cmake.build:Building ROS package in '/home/rinav/ros2_ws/src/husky/husky_control' with build type 'ament_cmake'
[0.264s] INFO:colcon.colcon_cmake.task.cmake.build:Building CMake package in '/home/rinav/ros2_ws/src/husky/husky_control'
[0.264s] INFO:colcon.colcon_core.shell:Skip shell extension 'powershell' for command environment: Not usable outside of PowerShell
[0.264s] DEBUG:colcon.colcon_core.shell:Skip shell extension 'dsv' for command environment
[0.269s] DEBUG:colcon.colcon_core.event_handler.log_command:Invoking command in '/home/rinav/ros2_ws/build/husky_control': AMENT_PREFIX_PATH=/home/rinav/ros2_ws/install/husky_description:${AMENT_PREFIX_PATH} CMAKE_PREFIX_PATH=/home/rinav/ros2_ws/install/husky_description:/opt/ros/humble /usr/bin/cmake --build /home/rinav/ros2_ws/build/husky_control -- -j8 -l8
[0.286s] DEBUG:colcon.colcon_core.event_handler.log_command:Invoked command in '/home/rinav/ros2_ws/build/husky_control' returned '0': AMENT_PREFIX_PATH=/home/rinav/ros2_ws/install/husky_description:${AMENT_PREFIX_PATH} CMAKE_PREFIX_PATH=/home/rinav/ros2_ws/install/husky_description:/opt/ros/humble /usr/bin/cmake --build /home/rinav/ros2_ws/build/husky_control -- -j8 -l8
[0.287s] DEBUG:colcon.colcon_core.event_handler.log_command:Invoking command in '/home/rinav/ros2_ws/build/husky_control': AMENT_PREFIX_PATH=/home/rinav/ros2_ws/install/husky_description:${AMENT_PREFIX_PATH} CMAKE_PREFIX_PATH=/home/rinav/ros2_ws/install/husky_description:/opt/ros/humble /usr/bin/cmake --install /home/rinav/ros2_ws/build/husky_control
[0.299s] Level 1:colcon.colcon_core.environment:create_environment_scripts_only(husky_control)
[0.299s] Level 1:colcon.colcon_core.environment:checking '/home/rinav/ros2_ws/install/husky_control' for CMake module files
[0.300s] DEBUG:colcon.colcon_core.event_handler.log_command:Invoked command in '/home/rinav/ros2_ws/build/husky_control' returned '0': AMENT_PREFIX_PATH=/home/rinav/ros2_ws/install/husky_description:${AMENT_PREFIX_PATH} CMAKE_PREFIX_PATH=/home/rinav/ros2_ws/install/husky_description:/opt/ros/humble /usr/bin/cmake --install /home/rinav/ros2_ws/build/husky_control
[0.300s] Level 1:colcon.colcon_core.environment:checking '/home/rinav/ros2_ws/install/husky_control' for CMake config files
[0.300s] Level 1:colcon.colcon_core.shell:create_environment_hook('husky_control', 'cmake_prefix_path')
[0.300s] INFO:colcon.colcon_core.shell:Creating environment hook '/home/rinav/ros2_ws/install/husky_control/share/husky_control/hook/cmake_prefix_path.ps1'
[0.301s] INFO:colcon.colcon_core.shell:Creating environment descriptor '/home/rinav/ros2_ws/install/husky_control/share/husky_control/hook/cmake_prefix_path.dsv'
[0.301s] INFO:colcon.colcon_core.shell:Creating environment hook '/home/rinav/ros2_ws/install/husky_control/share/husky_control/hook/cmake_prefix_path.sh'
[0.301s] Level 1:colcon.colcon_core.environment:checking '/home/rinav/ros2_ws/install/husky_control/bin'
[0.301s] Level 1:colcon.colcon_core.environment:checking '/home/rinav/ros2_ws/install/husky_control/lib/pkgconfig/husky_control.pc'
[0.301s] Level 1:colcon.colcon_core.environment:checking '/home/rinav/ros2_ws/install/husky_control/lib/python3.10/site-packages'
[0.301s] Level 1:colcon.colcon_core.environment:checking '/home/rinav/ros2_ws/install/husky_control/bin'
[0.302s] INFO:colcon.colcon_core.shell:Creating package script '/home/rinav/ros2_ws/install/husky_control/share/husky_control/package.ps1'
[0.302s] INFO:colcon.colcon_core.shell:Creating package descriptor '/home/rinav/ros2_ws/install/husky_control/share/husky_control/package.dsv'
[0.302s] INFO:colcon.colcon_core.shell:Creating package script '/home/rinav/ros2_ws/install/husky_control/share/husky_control/package.sh'
[0.302s] INFO:colcon.colcon_core.shell:Creating package script '/home/rinav/ros2_ws/install/husky_control/share/husky_control/package.bash'
[0.302s] INFO:colcon.colcon_core.shell:Creating package script '/home/rinav/ros2_ws/install/husky_control/share/husky_control/package.zsh'
[0.303s] Level 1:colcon.colcon_core.environment:create_file_with_runtime_dependencies(/home/rinav/ros2_ws/install/husky_control/share/colcon-core/packages/husky_control)
[0.303s] Level 1:colcon.colcon_core.environment:create_environment_scripts_only(husky_control)
[0.303s] Level 1:colcon.colcon_core.environment:checking '/home/rinav/ros2_ws/install/husky_control' for CMake module files
[0.303s] Level 1:colcon.colcon_core.environment:checking '/home/rinav/ros2_ws/install/husky_control' for CMake config files
[0.303s] Level 1:colcon.colcon_core.shell:create_environment_hook('husky_control', 'cmake_prefix_path')
[0.303s] INFO:colcon.colcon_core.shell:Creating environment hook '/home/rinav/ros2_ws/install/husky_control/share/husky_control/hook/cmake_prefix_path.ps1'
[0.304s] INFO:colcon.colcon_core.shell:Creating environment descriptor '/home/rinav/ros2_ws/install/husky_control/share/husky_control/hook/cmake_prefix_path.dsv'
[0.304s] INFO:colcon.colcon_core.shell:Creating environment hook '/home/rinav/ros2_ws/install/husky_control/share/husky_control/hook/cmake_prefix_path.sh'
[0.304s] Level 1:colcon.colcon_core.environment:checking '/home/rinav/ros2_ws/install/husky_control/bin'
[0.304s] Level 1:colcon.colcon_core.environment:checking '/home/rinav/ros2_ws/install/husky_control/lib/pkgconfig/husky_control.pc'
[0.304s] Level 1:colcon.colcon_core.environment:checking '/home/rinav/ros2_ws/install/husky_control/lib/python3.10/site-packages'
[0.304s] Level 1:colcon.colcon_core.environment:checking '/home/rinav/ros2_ws/install/husky_control/bin'
[0.305s] INFO:colcon.colcon_core.shell:Creating package script '/home/rinav/ros2_ws/install/husky_control/share/husky_control/package.ps1'
[0.305s] INFO:colcon.colcon_core.shell:Creating package descriptor '/home/rinav/ros2_ws/install/husky_control/share/husky_control/package.dsv'
[0.305s] INFO:colcon.colcon_core.shell:Creating package script '/home/rinav/ros2_ws/install/husky_control/share/husky_control/package.sh'
[0.305s] INFO:colcon.colcon_core.shell:Creating package script '/home/rinav/ros2_ws/install/husky_control/share/husky_control/package.bash'
[0.306s] INFO:colcon.colcon_core.shell:Creating package script '/home/rinav/ros2_ws/install/husky_control/share/husky_control/package.zsh'
[0.306s] Level 1:colcon.colcon_core.environment:create_file_with_runtime_dependencies(/home/rinav/ros2_ws/install/husky_control/share/colcon-core/packages/husky_control)
[0.405s] DEBUG:colcon.colcon_core.event_handler.log_command:Invoked command in '/home/rinav/ros2_ws/build/husky_msgs' returned '0': CMAKE_PREFIX_PATH=/opt/ros/humble /usr/bin/cmake --build /home/rinav/ros2_ws/build/husky_msgs -- -j8 -l8
[0.405s] DEBUG:colcon.colcon_core.event_handler.log_command:Invoking command in '/home/rinav/ros2_ws/build/husky_msgs': CMAKE_PREFIX_PATH=/opt/ros/humble /usr/bin/cmake --install /home/rinav/ros2_ws/build/husky_msgs
[0.439s] Level 1:colcon.colcon_core.environment:create_environment_scripts_only(husky_msgs)
[0.439s] Level 1:colcon.colcon_core.environment:checking '/home/rinav/ros2_ws/install/husky_msgs' for CMake module files
[0.440s] DEBUG:colcon.colcon_core.event_handler.log_command:Invoked command in '/home/rinav/ros2_ws/build/husky_msgs' returned '0': CMAKE_PREFIX_PATH=/opt/ros/humble /usr/bin/cmake --install /home/rinav/ros2_ws/build/husky_msgs
[0.440s] Level 1:colcon.colcon_core.environment:checking '/home/rinav/ros2_ws/install/husky_msgs' for CMake config files
[0.440s] Level 1:colcon.colcon_core.shell:create_environment_hook('husky_msgs', 'cmake_prefix_path')
[0.440s] INFO:colcon.colcon_core.shell:Creating environment hook '/home/rinav/ros2_ws/install/husky_msgs/share/husky_msgs/hook/cmake_prefix_path.ps1'
[0.441s] INFO:colcon.colcon_core.shell:Creating environment descriptor '/home/rinav/ros2_ws/install/husky_msgs/share/husky_msgs/hook/cmake_prefix_path.dsv'
[0.441s] INFO:colcon.colcon_core.shell:Creating environment hook '/home/rinav/ros2_ws/install/husky_msgs/share/husky_msgs/hook/cmake_prefix_path.sh'
[0.441s] Level 1:colcon.colcon_core.environment:checking '/home/rinav/ros2_ws/install/husky_msgs/lib'
[0.441s] Level 1:colcon.colcon_core.shell:create_environment_hook('husky_msgs', 'ld_library_path_lib')
[0.441s] INFO:colcon.colcon_core.shell:Creating environment hook '/home/rinav/ros2_ws/install/husky_msgs/share/husky_msgs/hook/ld_library_path_lib.ps1'
[0.442s] INFO:colcon.colcon_core.shell:Creating environment descriptor '/home/rinav/ros2_ws/install/husky_msgs/share/husky_msgs/hook/ld_library_path_lib.dsv'
[0.442s] INFO:colcon.colcon_core.shell:Creating environment hook '/home/rinav/ros2_ws/install/husky_msgs/share/husky_msgs/hook/ld_library_path_lib.sh'
[0.442s] Level 1:colcon.colcon_core.environment:checking '/home/rinav/ros2_ws/install/husky_msgs/bin'
[0.442s] Level 1:colcon.colcon_core.environment:checking '/home/rinav/ros2_ws/install/husky_msgs/lib/pkgconfig/husky_msgs.pc'
[0.442s] Level 1:colcon.colcon_core.environment:checking '/home/rinav/ros2_ws/install/husky_msgs/lib/python3.10/site-packages'
[0.442s] Level 1:colcon.colcon_core.environment:checking '/home/rinav/ros2_ws/install/husky_msgs/bin'
[0.442s] INFO:colcon.colcon_core.shell:Creating package script '/home/rinav/ros2_ws/install/husky_msgs/share/husky_msgs/package.ps1'
[0.443s] INFO:colcon.colcon_core.shell:Creating package descriptor '/home/rinav/ros2_ws/install/husky_msgs/share/husky_msgs/package.dsv'
[0.443s] INFO:colcon.colcon_core.shell:Creating package script '/home/rinav/ros2_ws/install/husky_msgs/share/husky_msgs/package.sh'
[0.443s] INFO:colcon.colcon_core.shell:Creating package script '/home/rinav/ros2_ws/install/husky_msgs/share/husky_msgs/package.bash'
[0.443s] INFO:colcon.colcon_core.shell:Creating package script '/home/rinav/ros2_ws/install/husky_msgs/share/husky_msgs/package.zsh'
[0.443s] Level 1:colcon.colcon_core.environment:create_file_with_runtime_dependencies(/home/rinav/ros2_ws/install/husky_msgs/share/colcon-core/packages/husky_msgs)
[0.444s] Level 1:colcon.colcon_core.environment:create_environment_scripts_only(husky_msgs)
[0.444s] Level 1:colcon.colcon_core.environment:checking '/home/rinav/ros2_ws/install/husky_msgs' for CMake module files
[0.444s] Level 1:colcon.colcon_core.environment:checking '/home/rinav/ros2_ws/install/husky_msgs' for CMake config files
[0.444s] Level 1:colcon.colcon_core.shell:create_environment_hook('husky_msgs', 'cmake_prefix_path')
[0.444s] INFO:colcon.colcon_core.shell:Creating environment hook '/home/rinav/ros2_ws/install/husky_msgs/share/husky_msgs/hook/cmake_prefix_path.ps1'
[0.445s] INFO:colcon.colcon_core.shell:Creating environment descriptor '/home/rinav/ros2_ws/install/husky_msgs/share/husky_msgs/hook/cmake_prefix_path.dsv'
[0.445s] INFO:colcon.colcon_core.shell:Creating environment hook '/home/rinav/ros2_ws/install/husky_msgs/share/husky_msgs/hook/cmake_prefix_path.sh'
[0.445s] Level 1:colcon.colcon_core.environment:checking '/home/rinav/ros2_ws/install/husky_msgs/lib'
[0.445s] Level 1:colcon.colcon_core.shell:create_environment_hook('husky_msgs', 'ld_library_path_lib')
[0.445s] INFO:colcon.colcon_core.shell:Creating environment hook '/home/rinav/ros2_ws/install/husky_msgs/share/husky_msgs/hook/ld_library_path_lib.ps1'
[0.446s] INFO:colcon.colcon_core.shell:Creating environment descriptor '/home/rinav/ros2_ws/install/husky_msgs/share/husky_msgs/hook/ld_library_path_lib.dsv'
[0.446s] INFO:colcon.colcon_core.shell:Creating environment hook '/home/rinav/ros2_ws/install/husky_msgs/share/husky_msgs/hook/ld_library_path_lib.sh'
[0.446s] Level 1:colcon.colcon_core.environment:checking '/home/rinav/ros2_ws/install/husky_msgs/bin'
[0.446s] Level 1:colcon.colcon_core.environment:checking '/home/rinav/ros2_ws/install/husky_msgs/lib/pkgconfig/husky_msgs.pc'
[0.446s] Level 1:colcon.colcon_core.environment:checking '/home/rinav/ros2_ws/install/husky_msgs/lib/python3.10/site-packages'
[0.446s] Level 1:colcon.colcon_core.environment:checking '/home/rinav/ros2_ws/install/husky_msgs/bin'
[0.447s] INFO:colcon.colcon_core.shell:Creating package script '/home/rinav/ros2_ws/install/husky_msgs/share/husky_msgs/package.ps1'
[0.447s] INFO:colcon.colcon_core.shell:Creating package descriptor '/home/rinav/ros2_ws/install/husky_msgs/share/husky_msgs/package.dsv'
[0.447s] INFO:colcon.colcon_core.shell:Creating package script '/home/rinav/ros2_ws/install/husky_msgs/share/husky_msgs/package.sh'
[0.447s] INFO:colcon.colcon_core.shell:Creating package script '/home/rinav/ros2_ws/install/husky_msgs/share/husky_msgs/package.bash'
[0.447s] INFO:colcon.colcon_core.shell:Creating package script '/home/rinav/ros2_ws/install/husky_msgs/share/husky_msgs/package.zsh'
[0.448s] Level 1:colcon.colcon_core.environment:create_file_with_runtime_dependencies(/home/rinav/ros2_ws/install/husky_msgs/share/colcon-core/packages/husky_msgs)
[0.448s] INFO:colcon.colcon_ros.task.ament_cmake.build:Building ROS package in '/home/rinav/ros2_ws/src/husky/husky_base' with build type 'ament_cmake'
[0.448s] INFO:colcon.colcon_cmake.task.cmake.build:Building CMake package in '/home/rinav/ros2_ws/src/husky/husky_base'
[0.448s] INFO:colcon.colcon_core.shell:Skip shell extension 'powershell' for command environment: Not usable outside of PowerShell
[0.448s] DEBUG:colcon.colcon_core.shell:Skip shell extension 'dsv' for command environment
[0.453s] DEBUG:colcon.colcon_core.event_handler.log_command:Invoking command in '/home/rinav/ros2_ws/build/husky_base': AMENT_PREFIX_PATH=/home/rinav/ros2_ws/install/husky_msgs:${AMENT_PREFIX_PATH} CMAKE_PREFIX_PATH=/home/rinav/ros2_ws/install/husky_msgs:/opt/ros/humble LD_LIBRARY_PATH=/home/rinav/ros2_ws/install/husky_msgs/lib:${LD_LIBRARY_PATH} PYTHONPATH=/home/rinav/ros2_ws/install/husky_msgs/local/lib/python3.10/dist-packages:${PYTHONPATH} /usr/bin/cmake /home/rinav/ros2_ws/src/husky/husky_base -DAMENT_CMAKE_SYMLINK_INSTALL=1 -DCMAKE_INSTALL_PREFIX=/home/rinav/ros2_ws/install/husky_base
[1.358s] DEBUG:colcon.colcon_core.event_handler.log_command:Invoked command in '/home/rinav/ros2_ws/build/husky_base' returned '0': AMENT_PREFIX_PATH=/home/rinav/ros2_ws/install/husky_msgs:${AMENT_PREFIX_PATH} CMAKE_PREFIX_PATH=/home/rinav/ros2_ws/install/husky_msgs:/opt/ros/humble LD_LIBRARY_PATH=/home/rinav/ros2_ws/install/husky_msgs/lib:${LD_LIBRARY_PATH} PYTHONPATH=/home/rinav/ros2_ws/install/husky_msgs/local/lib/python3.10/dist-packages:${PYTHONPATH} /usr/bin/cmake /home/rinav/ros2_ws/src/husky/husky_base -DAMENT_CMAKE_SYMLINK_INSTALL=1 -DCMAKE_INSTALL_PREFIX=/home/rinav/ros2_ws/install/husky_base
[1.358s] DEBUG:colcon.colcon_core.event_handler.log_command:Invoking command in '/home/rinav/ros2_ws/build/husky_base': AMENT_PREFIX_PATH=/home/rinav/ros2_ws/install/husky_msgs:${AMENT_PREFIX_PATH} CMAKE_PREFIX_PATH=/home/rinav/ros2_ws/install/husky_msgs:/opt/ros/humble LD_LIBRARY_PATH=/home/rinav/ros2_ws/install/husky_msgs/lib:${LD_LIBRARY_PATH} PYTHONPATH=/home/rinav/ros2_ws/install/husky_msgs/local/lib/python3.10/dist-packages:${PYTHONPATH} /usr/bin/cmake --build /home/rinav/ros2_ws/build/husky_base -- -j8 -l8
[3.470s] DEBUG:colcon.colcon_core.event_handler.log_command:Invoked command in '/home/rinav/ros2_ws/build/husky_base' returned '0': AMENT_PREFIX_PATH=/home/rinav/ros2_ws/install/husky_msgs:${AMENT_PREFIX_PATH} CMAKE_PREFIX_PATH=/home/rinav/ros2_ws/install/husky_msgs:/opt/ros/humble LD_LIBRARY_PATH=/home/rinav/ros2_ws/install/husky_msgs/lib:${LD_LIBRARY_PATH} PYTHONPATH=/home/rinav/ros2_ws/install/husky_msgs/local/lib/python3.10/dist-packages:${PYTHONPATH} /usr/bin/cmake --build /home/rinav/ros2_ws/build/husky_base -- -j8 -l8
[3.471s] DEBUG:colcon.colcon_core.event_handler.log_command:Invoking command in '/home/rinav/ros2_ws/build/husky_base': AMENT_PREFIX_PATH=/home/rinav/ros2_ws/install/husky_msgs:${AMENT_PREFIX_PATH} CMAKE_PREFIX_PATH=/home/rinav/ros2_ws/install/husky_msgs:/opt/ros/humble LD_LIBRARY_PATH=/home/rinav/ros2_ws/install/husky_msgs/lib:${LD_LIBRARY_PATH} PYTHONPATH=/home/rinav/ros2_ws/install/husky_msgs/local/lib/python3.10/dist-packages:${PYTHONPATH} /usr/bin/cmake --install /home/rinav/ros2_ws/build/husky_base
[3.615s] Level 1:colcon.colcon_core.environment:create_environment_scripts_only(husky_base)
[3.615s] Level 1:colcon.colcon_core.environment:checking '/home/rinav/ros2_ws/install/husky_base' for CMake module files
[3.615s] DEBUG:colcon.colcon_core.event_handler.log_command:Invoked command in '/home/rinav/ros2_ws/build/husky_base' returned '0': AMENT_PREFIX_PATH=/home/rinav/ros2_ws/install/husky_msgs:${AMENT_PREFIX_PATH} CMAKE_PREFIX_PATH=/home/rinav/ros2_ws/install/husky_msgs:/opt/ros/humble LD_LIBRARY_PATH=/home/rinav/ros2_ws/install/husky_msgs/lib:${LD_LIBRARY_PATH} PYTHONPATH=/home/rinav/ros2_ws/install/husky_msgs/local/lib/python3.10/dist-packages:${PYTHONPATH} /usr/bin/cmake --install /home/rinav/ros2_ws/build/husky_base
[3.615s] Level 1:colcon.colcon_core.environment:checking '/home/rinav/ros2_ws/install/husky_base' for CMake config files
[3.616s] Level 1:colcon.colcon_core.shell:create_environment_hook('husky_base', 'cmake_prefix_path')
[3.616s] INFO:colcon.colcon_core.shell:Creating environment hook '/home/rinav/ros2_ws/install/husky_base/share/husky_base/hook/cmake_prefix_path.ps1'
[3.616s] INFO:colcon.colcon_core.shell:Creating environment descriptor '/home/rinav/ros2_ws/install/husky_base/share/husky_base/hook/cmake_prefix_path.dsv'
[3.616s] INFO:colcon.colcon_core.shell:Creating environment hook '/home/rinav/ros2_ws/install/husky_base/share/husky_base/hook/cmake_prefix_path.sh'
[3.616s] Level 1:colcon.colcon_core.environment:checking '/home/rinav/ros2_ws/install/husky_base/lib'
[3.616s] Level 1:colcon.colcon_core.shell:create_environment_hook('husky_base', 'ld_library_path_lib')
[3.617s] INFO:colcon.colcon_core.shell:Creating environment hook '/home/rinav/ros2_ws/install/husky_base/share/husky_base/hook/ld_library_path_lib.ps1'
[3.617s] INFO:colcon.colcon_core.shell:Creating environment descriptor '/home/rinav/ros2_ws/install/husky_base/share/husky_base/hook/ld_library_path_lib.dsv'
[3.617s] INFO:colcon.colcon_core.shell:Creating environment hook '/home/rinav/ros2_ws/install/husky_base/share/husky_base/hook/ld_library_path_lib.sh'
[3.617s] Level 1:colcon.colcon_core.environment:checking '/home/rinav/ros2_ws/install/husky_base/bin'
[3.617s] Level 1:colcon.colcon_core.environment:checking '/home/rinav/ros2_ws/install/husky_base/lib/pkgconfig/husky_base.pc'
[3.617s] Level 1:colcon.colcon_core.environment:checking '/home/rinav/ros2_ws/install/husky_base/lib/python3.10/site-packages'
[3.617s] Level 1:colcon.colcon_core.environment:checking '/home/rinav/ros2_ws/install/husky_base/bin'
[3.617s] INFO:colcon.colcon_core.shell:Creating package script '/home/rinav/ros2_ws/install/husky_base/share/husky_base/package.ps1'
[3.618s] INFO:colcon.colcon_core.shell:Creating package descriptor '/home/rinav/ros2_ws/install/husky_base/share/husky_base/package.dsv'
[3.618s] INFO:colcon.colcon_core.shell:Creating package script '/home/rinav/ros2_ws/install/husky_base/share/husky_base/package.sh'
[3.618s] INFO:colcon.colcon_core.shell:Creating package script '/home/rinav/ros2_ws/install/husky_base/share/husky_base/package.bash'
[3.618s] INFO:colcon.colcon_core.shell:Creating package script '/home/rinav/ros2_ws/install/husky_base/share/husky_base/package.zsh'
[3.618s] Level 1:colcon.colcon_core.environment:create_file_with_runtime_dependencies(/home/rinav/ros2_ws/install/husky_base/share/colcon-core/packages/husky_base)
[3.618s] Level 1:colcon.colcon_core.environment:create_environment_scripts_only(husky_base)
[3.618s] Level 1:colcon.colcon_core.environment:checking '/home/rinav/ros2_ws/install/husky_base' for CMake module files
[3.619s] Level 1:colcon.colcon_core.environment:checking '/home/rinav/ros2_ws/install/husky_base' for CMake config files
[3.619s] Level 1:colcon.colcon_core.shell:create_environment_hook('husky_base', 'cmake_prefix_path')
[3.619s] INFO:colcon.colcon_core.shell:Creating environment hook '/home/rinav/ros2_ws/install/husky_base/share/husky_base/hook/cmake_prefix_path.ps1'
[3.619s] INFO:colcon.colcon_core.shell:Creating environment descriptor '/home/rinav/ros2_ws/install/husky_base/share/husky_base/hook/cmake_prefix_path.dsv'
[3.619s] INFO:colcon.colcon_core.shell:Creating environment hook '/home/rinav/ros2_ws/install/husky_base/share/husky_base/hook/cmake_prefix_path.sh'
[3.620s] Level 1:colcon.colcon_core.environment:checking '/home/rinav/ros2_ws/install/husky_base/lib'
[3.620s] Level 1:colcon.colcon_core.shell:create_environment_hook('husky_base', 'ld_library_path_lib')
[3.620s] INFO:colcon.colcon_core.shell:Creating environment hook '/home/rinav/ros2_ws/install/husky_base/share/husky_base/hook/ld_library_path_lib.ps1'
[3.620s] INFO:colcon.colcon_core.shell:Creating environment descriptor '/home/rinav/ros2_ws/install/husky_base/share/husky_base/hook/ld_library_path_lib.dsv'
[3.620s] INFO:colcon.colcon_core.shell:Creating environment hook '/home/rinav/ros2_ws/install/husky_base/share/husky_base/hook/ld_library_path_lib.sh'
[3.620s] Level 1:colcon.colcon_core.environment:checking '/home/rinav/ros2_ws/install/husky_base/bin'
[3.620s] Level 1:colcon.colcon_core.environment:checking '/home/rinav/ros2_ws/install/husky_base/lib/pkgconfig/husky_base.pc'
[3.620s] Level 1:colcon.colcon_core.environment:checking '/home/rinav/ros2_ws/install/husky_base/lib/python3.10/site-packages'
[3.620s] Level 1:colcon.colcon_core.environment:checking '/home/rinav/ros2_ws/install/husky_base/bin'
[3.620s] INFO:colcon.colcon_core.shell:Creating package script '/home/rinav/ros2_ws/install/husky_base/share/husky_base/package.ps1'
[3.621s] INFO:colcon.colcon_core.shell:Creating package descriptor '/home/rinav/ros2_ws/install/husky_base/share/husky_base/package.dsv'
[3.621s] INFO:colcon.colcon_core.shell:Creating package script '/home/rinav/ros2_ws/install/husky_base/share/husky_base/package.sh'
[3.621s] INFO:colcon.colcon_core.shell:Creating package script '/home/rinav/ros2_ws/install/husky_base/share/husky_base/package.bash'
[3.621s] INFO:colcon.colcon_core.shell:Creating package script '/home/rinav/ros2_ws/install/husky_base/share/husky_base/package.zsh'
[3.621s] Level 1:colcon.colcon_core.environment:create_file_with_runtime_dependencies(/home/rinav/ros2_ws/install/husky_base/share/colcon-core/packages/husky_base)
[3.622s] INFO:colcon.colcon_ros.task.ament_cmake.build:Building ROS package in '/home/rinav/ros2_ws/src/husky/husky_bringup' with build type 'ament_cmake'
[3.622s] INFO:colcon.colcon_cmake.task.cmake.build:Building CMake package in '/home/rinav/ros2_ws/src/husky/husky_bringup'
[3.622s] INFO:colcon.colcon_core.shell:Skip shell extension 'powershell' for command environment: Not usable outside of PowerShell
[3.622s] DEBUG:colcon.colcon_core.shell:Skip shell extension 'dsv' for command environment
[3.628s] DEBUG:colcon.colcon_core.event_handler.log_command:Invoking command in '/home/rinav/ros2_ws/build/husky_bringup': AMENT_PREFIX_PATH=/home/rinav/ros2_ws/install/husky_control:/home/rinav/ros2_ws/install/husky_base:/home/rinav/ros2_ws/install/husky_msgs:/home/rinav/ros2_ws/install/husky_description:${AMENT_PREFIX_PATH} CMAKE_PREFIX_PATH=/home/rinav/ros2_ws/install/husky_control:/home/rinav/ros2_ws/install/husky_base:/home/rinav/ros2_ws/install/husky_msgs:/home/rinav/ros2_ws/install/husky_description:/opt/ros/humble LD_LIBRARY_PATH=/home/rinav/ros2_ws/install/husky_base/lib:/home/rinav/ros2_ws/install/husky_msgs/lib:${LD_LIBRARY_PATH} PYTHONPATH=/home/rinav/ros2_ws/install/husky_msgs/local/lib/python3.10/dist-packages:${PYTHONPATH} /usr/bin/cmake /home/rinav/ros2_ws/src/husky/husky_bringup -DAMENT_CMAKE_SYMLINK_INSTALL=1 -DCMAKE_INSTALL_PREFIX=/home/rinav/ros2_ws/install/husky_bringup
[3.960s] DEBUG:colcon.colcon_core.event_handler.log_command:Invoked command in '/home/rinav/ros2_ws/build/husky_bringup' returned '0': AMENT_PREFIX_PATH=/home/rinav/ros2_ws/install/husky_control:/home/rinav/ros2_ws/install/husky_base:/home/rinav/ros2_ws/install/husky_msgs:/home/rinav/ros2_ws/install/husky_description:${AMENT_PREFIX_PATH} CMAKE_PREFIX_PATH=/home/rinav/ros2_ws/install/husky_control:/home/rinav/ros2_ws/install/husky_base:/home/rinav/ros2_ws/install/husky_msgs:/home/rinav/ros2_ws/install/husky_description:/opt/ros/humble LD_LIBRARY_PATH=/home/rinav/ros2_ws/install/husky_base/lib:/home/rinav/ros2_ws/install/husky_msgs/lib:${LD_LIBRARY_PATH} PYTHONPATH=/home/rinav/ros2_ws/install/husky_msgs/local/lib/python3.10/dist-packages:${PYTHONPATH} /usr/bin/cmake /home/rinav/ros2_ws/src/husky/husky_bringup -DAMENT_CMAKE_SYMLINK_INSTALL=1 -DCMAKE_INSTALL_PREFIX=/home/rinav/ros2_ws/install/husky_bringup
[3.961s] DEBUG:colcon.colcon_core.event_handler.log_command:Invoking command in '/home/rinav/ros2_ws/build/husky_bringup': AMENT_PREFIX_PATH=/home/rinav/ros2_ws/install/husky_control:/home/rinav/ros2_ws/install/husky_base:/home/rinav/ros2_ws/install/husky_msgs:/home/rinav/ros2_ws/install/husky_description:${AMENT_PREFIX_PATH} CMAKE_PREFIX_PATH=/home/rinav/ros2_ws/install/husky_control:/home/rinav/ros2_ws/install/husky_base:/home/rinav/ros2_ws/install/husky_msgs:/home/rinav/ros2_ws/install/husky_description:/opt/ros/humble LD_LIBRARY_PATH=/home/rinav/ros2_ws/install/husky_base/lib:/home/rinav/ros2_ws/install/husky_msgs/lib:${LD_LIBRARY_PATH} PYTHONPATH=/home/rinav/ros2_ws/install/husky_msgs/local/lib/python3.10/dist-packages:${PYTHONPATH} /usr/bin/cmake --build /home/rinav/ros2_ws/build/husky_bringup -- -j8 -l8
[3.979s] DEBUG:colcon.colcon_core.event_handler.log_command:Invoked command in '/home/rinav/ros2_ws/build/husky_bringup' returned '0': AMENT_PREFIX_PATH=/home/rinav/ros2_ws/install/husky_control:/home/rinav/ros2_ws/install/husky_base:/home/rinav/ros2_ws/install/husky_msgs:/home/rinav/ros2_ws/install/husky_description:${AMENT_PREFIX_PATH} CMAKE_PREFIX_PATH=/home/rinav/ros2_ws/install/husky_control:/home/rinav/ros2_ws/install/husky_base:/home/rinav/ros2_ws/install/husky_msgs:/home/rinav/ros2_ws/install/husky_description:/opt/ros/humble LD_LIBRARY_PATH=/home/rinav/ros2_ws/install/husky_base/lib:/home/rinav/ros2_ws/install/husky_msgs/lib:${LD_LIBRARY_PATH} PYTHONPATH=/home/rinav/ros2_ws/install/husky_msgs/local/lib/python3.10/dist-packages:${PYTHONPATH} /usr/bin/cmake --build /home/rinav/ros2_ws/build/husky_bringup -- -j8 -l8
[3.980s] DEBUG:colcon.colcon_core.event_handler.log_command:Invoking command in '/home/rinav/ros2_ws/build/husky_bringup': AMENT_PREFIX_PATH=/home/rinav/ros2_ws/install/husky_control:/home/rinav/ros2_ws/install/husky_base:/home/rinav/ros2_ws/install/husky_msgs:/home/rinav/ros2_ws/install/husky_description:${AMENT_PREFIX_PATH} CMAKE_PREFIX_PATH=/home/rinav/ros2_ws/install/husky_control:/home/rinav/ros2_ws/install/husky_base:/home/rinav/ros2_ws/install/husky_msgs:/home/rinav/ros2_ws/install/husky_description:/opt/ros/humble LD_LIBRARY_PATH=/home/rinav/ros2_ws/install/husky_base/lib:/home/rinav/ros2_ws/install/husky_msgs/lib:${LD_LIBRARY_PATH} PYTHONPATH=/home/rinav/ros2_ws/install/husky_msgs/local/lib/python3.10/dist-packages:${PYTHONPATH} /usr/bin/cmake --install /home/rinav/ros2_ws/build/husky_bringup
[4.071s] Level 1:colcon.colcon_core.environment:create_environment_scripts_only(husky_bringup)
[4.072s] Level 1:colcon.colcon_core.environment:checking '/home/rinav/ros2_ws/install/husky_bringup' for CMake module files
[4.072s] DEBUG:colcon.colcon_core.event_handler.log_command:Invoked command in '/home/rinav/ros2_ws/build/husky_bringup' returned '0': AMENT_PREFIX_PATH=/home/rinav/ros2_ws/install/husky_control:/home/rinav/ros2_ws/install/husky_base:/home/rinav/ros2_ws/install/husky_msgs:/home/rinav/ros2_ws/install/husky_description:${AMENT_PREFIX_PATH} CMAKE_PREFIX_PATH=/home/rinav/ros2_ws/install/husky_control:/home/rinav/ros2_ws/install/husky_base:/home/rinav/ros2_ws/install/husky_msgs:/home/rinav/ros2_ws/install/husky_description:/opt/ros/humble LD_LIBRARY_PATH=/home/rinav/ros2_ws/install/husky_base/lib:/home/rinav/ros2_ws/install/husky_msgs/lib:${LD_LIBRARY_PATH} PYTHONPATH=/home/rinav/ros2_ws/install/husky_msgs/local/lib/python3.10/dist-packages:${PYTHONPATH} /usr/bin/cmake --install /home/rinav/ros2_ws/build/husky_bringup
[4.072s] Level 1:colcon.colcon_core.environment:checking '/home/rinav/ros2_ws/install/husky_bringup' for CMake config files
[4.072s] Level 1:colcon.colcon_core.shell:create_environment_hook('husky_bringup', 'cmake_prefix_path')
[4.073s] INFO:colcon.colcon_core.shell:Creating environment hook '/home/rinav/ros2_ws/install/husky_bringup/share/husky_bringup/hook/cmake_prefix_path.ps1'
[4.073s] INFO:colcon.colcon_core.shell:Creating environment descriptor '/home/rinav/ros2_ws/install/husky_bringup/share/husky_bringup/hook/cmake_prefix_path.dsv'
[4.073s] INFO:colcon.colcon_core.shell:Creating environment hook '/home/rinav/ros2_ws/install/husky_bringup/share/husky_bringup/hook/cmake_prefix_path.sh'
[4.073s] Level 1:colcon.colcon_core.environment:checking '/home/rinav/ros2_ws/install/husky_bringup/lib'
[4.073s] Level 1:colcon.colcon_core.environment:checking '/home/rinav/ros2_ws/install/husky_bringup/bin'
[4.073s] Level 1:colcon.colcon_core.environment:checking '/home/rinav/ros2_ws/install/husky_bringup/lib/pkgconfig/husky_bringup.pc'
[4.074s] Level 1:colcon.colcon_core.environment:checking '/home/rinav/ros2_ws/install/husky_bringup/lib/python3.10/site-packages'
[4.074s] Level 1:colcon.colcon_core.environment:checking '/home/rinav/ros2_ws/install/husky_bringup/bin'
[4.074s] INFO:colcon.colcon_core.shell:Creating package script '/home/rinav/ros2_ws/install/husky_bringup/share/husky_bringup/package.ps1'
[4.074s] INFO:colcon.colcon_core.shell:Creating package descriptor '/home/rinav/ros2_ws/install/husky_bringup/share/husky_bringup/package.dsv'
[4.074s] INFO:colcon.colcon_core.shell:Creating package script '/home/rinav/ros2_ws/install/husky_bringup/share/husky_bringup/package.sh'
[4.074s] INFO:colcon.colcon_core.shell:Creating package script '/home/rinav/ros2_ws/install/husky_bringup/share/husky_bringup/package.bash'
[4.075s] INFO:colcon.colcon_core.shell:Creating package script '/home/rinav/ros2_ws/install/husky_bringup/share/husky_bringup/package.zsh'
[4.075s] Level 1:colcon.colcon_core.environment:create_file_with_runtime_dependencies(/home/rinav/ros2_ws/install/husky_bringup/share/colcon-core/packages/husky_bringup)
[4.075s] Level 1:colcon.colcon_core.environment:create_environment_scripts_only(husky_bringup)
[4.075s] Level 1:colcon.colcon_core.environment:checking '/home/rinav/ros2_ws/install/husky_bringup' for CMake module files
[4.075s] Level 1:colcon.colcon_core.environment:checking '/home/rinav/ros2_ws/install/husky_bringup' for CMake config files
[4.075s] Level 1:colcon.colcon_core.shell:create_environment_hook('husky_bringup', 'cmake_prefix_path')
[4.076s] INFO:colcon.colcon_core.shell:Creating environment hook '/home/rinav/ros2_ws/install/husky_bringup/share/husky_bringup/hook/cmake_prefix_path.ps1'
[4.076s] INFO:colcon.colcon_core.shell:Creating environment descriptor '/home/rinav/ros2_ws/install/husky_bringup/share/husky_bringup/hook/cmake_prefix_path.dsv'
[4.076s] INFO:colcon.colcon_core.shell:Creating environment hook '/home/rinav/ros2_ws/install/husky_bringup/share/husky_bringup/hook/cmake_prefix_path.sh'
[4.076s] Level 1:colcon.colcon_core.environment:checking '/home/rinav/ros2_ws/install/husky_bringup/lib'
[4.076s] Level 1:colcon.colcon_core.environment:checking '/home/rinav/ros2_ws/install/husky_bringup/bin'
[4.076s] Level 1:colcon.colcon_core.environment:checking '/home/rinav/ros2_ws/install/husky_bringup/lib/pkgconfig/husky_bringup.pc'
[4.076s] Level 1:colcon.colcon_core.environment:checking '/home/rinav/ros2_ws/install/husky_bringup/lib/python3.10/site-packages'
[4.076s] Level 1:colcon.colcon_core.environment:checking '/home/rinav/ros2_ws/install/husky_bringup/bin'
[4.076s] INFO:colcon.colcon_core.shell:Creating package script '/home/rinav/ros2_ws/install/husky_bringup/share/husky_bringup/package.ps1'
[4.077s] INFO:colcon.colcon_core.shell:Creating package descriptor '/home/rinav/ros2_ws/install/husky_bringup/share/husky_bringup/package.dsv'
[4.077s] INFO:colcon.colcon_core.shell:Creating package script '/home/rinav/ros2_ws/install/husky_bringup/share/husky_bringup/package.sh'
[4.077s] INFO:colcon.colcon_core.shell:Creating package script '/home/rinav/ros2_ws/install/husky_bringup/share/husky_bringup/package.bash'
[4.077s] INFO:colcon.colcon_core.shell:Creating package script '/home/rinav/ros2_ws/install/husky_bringup/share/husky_bringup/package.zsh'
[4.077s] Level 1:colcon.colcon_core.environment:create_file_with_runtime_dependencies(/home/rinav/ros2_ws/install/husky_bringup/share/colcon-core/packages/husky_bringup)
[4.077s] DEBUG:colcon.colcon_parallel_executor.executor.parallel:closing loop
[4.078s] DEBUG:colcon.colcon_parallel_executor.executor.parallel:loop closed
[4.078s] DEBUG:colcon.colcon_parallel_executor.executor.parallel:run_until_complete finished with '0'
[4.078s] DEBUG:colcon.colcon_core.event_reactor:joining thread
[4.081s] INFO:colcon.colcon_core.plugin_system:Skipping extension 'colcon_notification.desktop_notification.terminal_notifier': Not used on non-Darwin systems
[4.081s] INFO:colcon.colcon_core.plugin_system:Skipping extension 'colcon_notification.desktop_notification.win32': Not used on non-Windows systems
[4.081s] INFO:colcon.colcon_notification.desktop_notification:Sending desktop notification using 'notify2'
[4.084s] DEBUG:colcon.colcon_core.event_reactor:joined thread
[4.084s] INFO:colcon.colcon_core.shell:Creating prefix script '/home/rinav/ros2_ws/install/local_setup.ps1'
[4.085s] INFO:colcon.colcon_core.shell:Creating prefix util module '/home/rinav/ros2_ws/install/_local_setup_util_ps1.py'
[4.086s] INFO:colcon.colcon_core.shell:Creating prefix chain script '/home/rinav/ros2_ws/install/setup.ps1'
[4.086s] INFO:colcon.colcon_core.shell:Creating prefix script '/home/rinav/ros2_ws/install/local_setup.sh'
[4.086s] INFO:colcon.colcon_core.shell:Creating prefix util module '/home/rinav/ros2_ws/install/_local_setup_util_sh.py'
[4.087s] INFO:colcon.colcon_core.shell:Creating prefix chain script '/home/rinav/ros2_ws/install/setup.sh'
[4.087s] INFO:colcon.colcon_core.shell:Creating prefix script '/home/rinav/ros2_ws/install/local_setup.bash'
[4.087s] INFO:colcon.colcon_core.shell:Creating prefix chain script '/home/rinav/ros2_ws/install/setup.bash'
[4.088s] INFO:colcon.colcon_core.shell:Creating prefix script '/home/rinav/ros2_ws/install/local_setup.zsh'
[4.088s] INFO:colcon.colcon_core.shell:Creating prefix chain script '/home/rinav/ros2_ws/install/setup.zsh'
