[0.013s] Invoking command in '/home/rinav/ros2_ws/build/ur_controllers': CMAKE_PREFIX_PATH=/home/rinav/ros2_ws/install/ur_dashboard_msgs:/home/rinav/ros2_ws/install/ur:/home/rinav/ros2_ws/install/ur_calibration:/home/rinav/ros2_ws/install/ur_robot_driver:/home/rinav/ros2_ws/install/ur_moveit_config:/home/rinav/ros2_ws/install/ur_bringup:/home/rinav/ros2_ws/install/ur_description:/home/rinav/ros2_ws/install/ur_controllers:/home/rinav/ros2_ws/install/turtlesim:/home/rinav/ros2_ws/install/pilz_industrial_motion_planner_testutils:/home/rinav/ros2_ws/install/moveit_ros_control_interface:/home/rinav/ros2_ws/install/moveit_plugins:/home/rinav/ros2_ws/install/husky_ur3_moveit_config:/home/rinav/ros2_ws/install/moveit_simple_controller_manager:/home/rinav/ros2_ws/install/moveit_ros_planning:/home/rinav/ros2_ws/install/moveit_ros_occupancy_map_monitor:/home/rinav/ros2_ws/install/moveit_resources_prbt_ikfast_manipulator_plugin:/home/rinav/ros2_ws/install/moveit_planners_chomp:/home/rinav/ros2_ws/install/moveit_chomp_optimizer_adapter:/home/rinav/ros2_ws/install/chomp_motion_planner:/home/rinav/ros2_ws/install/moveit_core:/home/rinav/ros2_ws/install/srdfdom:/home/rinav/ros2_ws/install/rviz_visual_testing_framework:/home/rinav/ros2_ws/install/rviz_rendering_tests:/home/rinav/ros2_ws/install/husky_desktop:/home/rinav/ros2_ws/install/husky_viz:/home/rinav/ros2_ws/install/rviz2:/home/rinav/ros2_ws/install/rviz_default_plugins:/home/rinav/ros2_ws/install/rviz_common:/home/rinav/ros2_ws/install/rviz_rendering:/home/rinav/ros2_ws/install/rviz_ogre_vendor:/home/rinav/ros2_ws/install/rviz_marker_tools:/home/rinav/ros2_ws/install/rviz_assimp_vendor:/home/rinav/ros2_ws/install/rosparam_shortcuts:/home/rinav/ros2_ws/install/robotis_manipulator:/home/rinav/ros2_ws/install/moveit_task_constructor_msgs:/home/rinav/ros2_ws/install/moveit_resources_prbt_support:/home/rinav/ros2_ws/install/moveit_resources:/home/rinav/ros2_ws/install/moveit_resources_pr2_description:/home/rinav/ros2_ws/install/moveit_resources_panda_moveit_config:/home/rinav/ros2_ws/install/moveit_resources_panda_description:/home/rinav/ros2_ws/install/moveit_resources_fanuc_moveit_config:/home/rinav/ros2_ws/install/moveit_resources_fanuc_description:/home/rinav/ros2_ws/install/moveit_common:/home/rinav/ros2_ws/install/husky_ur3_ignition:/home/rinav/ros2_ws/install/husky_simulator:/home/rinav/ros2_ws/install/husky_robot:/home/rinav/ros2_ws/install/husky_bringup:/home/rinav/ros2_ws/install/husky_base:/home/rinav/ros2_ws/install/husky_msgs:/home/rinav/ros2_ws/install/husky_gazebo:/home/rinav/ros2_ws/install/husky_control:/home/rinav/ros2_ws/install/husky_description:/home/rinav/ros2_ws/src/rviz/install:/home/rinav/ros2_ws/install/trial_package:/home/rinav/ros2_ws/install/moveit_configs_utils:/home/rinav/ros2_ws/install/py_srvcli:/home/rinav/ros2_ws/install/py_pubsub:/home/rinav/ros2_ws/install/mobile_robotics:/home/rinav/ros2_ws/install/launch_param_builder:/opt/ros/humble LD_LIBRARY_PATH=/home/rinav/ros2_ws/install/ur_dashboard_msgs/lib:/home/rinav/ros2_ws/install/ur_robot_driver/lib:/home/rinav/ros2_ws/install/ur_controllers/lib:/home/rinav/ros2_ws/install/turtlesim/lib:/home/rinav/ros2_ws/install/pilz_industrial_motion_planner_testutils/lib:/home/rinav/ros2_ws/install/moveit_ros_control_interface/lib:/home/rinav/ros2_ws/install/moveit_simple_controller_manager/lib:/home/rinav/ros2_ws/install/moveit_ros_planning/lib:/home/rinav/ros2_ws/install/moveit_ros_occupancy_map_monitor/lib:/home/rinav/ros2_ws/install/moveit_resources_prbt_ikfast_manipulator_plugin/lib:/home/rinav/ros2_ws/install/moveit_planners_chomp/lib:/home/rinav/ros2_ws/install/moveit_chomp_optimizer_adapter/lib:/home/rinav/ros2_ws/install/chomp_motion_planner/lib:/home/rinav/ros2_ws/install/moveit_core/lib:/home/rinav/ros2_ws/install/srdfdom/lib:/home/rinav/ros2_ws/install/rviz_default_plugins/lib:/home/rinav/ros2_ws/install/rviz_common/lib:/home/rinav/ros2_ws/install/rviz_rendering/lib:/home/rinav/ros2_ws/install/rviz_ogre_vendor/opt/rviz_ogre_vendor/lib:/home/rinav/ros2_ws/install/rviz_marker_tools/lib:/home/rinav/ros2_ws/install/rosparam_shortcuts/lib:/home/rinav/ros2_ws/install/robotis_manipulator/lib:/home/rinav/ros2_ws/install/moveit_task_constructor_msgs/lib:/home/rinav/ros2_ws/install/husky_base/lib:/home/rinav/ros2_ws/install/husky_msgs/lib:/home/rinav/ros2_ws/src/rviz/install/opt/rviz_ogre_vendor/lib:/home/rinav/ros2_ws/src/rviz/install/lib:/opt/ros/humble/opt/rviz_ogre_vendor/lib:/opt/ros/humble/lib/aarch64-linux-gnu:/opt/ros/humble/lib /usr/bin/cmake --build /home/rinav/ros2_ws/build/ur_controllers -- -j8 -l8
[0.082s] [  5%] Built target tool_contact_controller_parameters
[0.105s] [ 11%] Built target ur_configuration_controller_parameters
[0.130s] [ 17%] Built target gmock_main
[0.149s] [ 26%] Built target gmock
[0.176s] [ 32%] Built target passthrough_trajectory_controller_parameters
[0.197s] [ 38%] Built target freedrive_mode_controller_parameters
[0.215s] [ 44%] Built target scaled_joint_trajectory_controller_parameters
[0.230s] [ 50%] Built target speed_scaling_state_broadcaster_parameters
[0.249s] [ 55%] Built target gpio_controller_parameters
[0.264s] [ 61%] Built target force_mode_controller_parameters
[0.304s] [ 88%] Built target ur_controllers
[0.332s] [ 94%] Built target test_load_force_mode_controller
[0.354s] [100%] Built target test_load_freedrive_mode_controller
[0.374s] Invoked command in '/home/rinav/ros2_ws/build/ur_controllers' returned '0': CMAKE_PREFIX_PATH=/home/rinav/ros2_ws/install/ur_dashboard_msgs:/home/rinav/ros2_ws/install/ur:/home/rinav/ros2_ws/install/ur_calibration:/home/rinav/ros2_ws/install/ur_robot_driver:/home/rinav/ros2_ws/install/ur_moveit_config:/home/rinav/ros2_ws/install/ur_bringup:/home/rinav/ros2_ws/install/ur_description:/home/rinav/ros2_ws/install/ur_controllers:/home/rinav/ros2_ws/install/turtlesim:/home/rinav/ros2_ws/install/pilz_industrial_motion_planner_testutils:/home/rinav/ros2_ws/install/moveit_ros_control_interface:/home/rinav/ros2_ws/install/moveit_plugins:/home/rinav/ros2_ws/install/husky_ur3_moveit_config:/home/rinav/ros2_ws/install/moveit_simple_controller_manager:/home/rinav/ros2_ws/install/moveit_ros_planning:/home/rinav/ros2_ws/install/moveit_ros_occupancy_map_monitor:/home/rinav/ros2_ws/install/moveit_resources_prbt_ikfast_manipulator_plugin:/home/rinav/ros2_ws/install/moveit_planners_chomp:/home/rinav/ros2_ws/install/moveit_chomp_optimizer_adapter:/home/rinav/ros2_ws/install/chomp_motion_planner:/home/rinav/ros2_ws/install/moveit_core:/home/rinav/ros2_ws/install/srdfdom:/home/rinav/ros2_ws/install/rviz_visual_testing_framework:/home/rinav/ros2_ws/install/rviz_rendering_tests:/home/rinav/ros2_ws/install/husky_desktop:/home/rinav/ros2_ws/install/husky_viz:/home/rinav/ros2_ws/install/rviz2:/home/rinav/ros2_ws/install/rviz_default_plugins:/home/rinav/ros2_ws/install/rviz_common:/home/rinav/ros2_ws/install/rviz_rendering:/home/rinav/ros2_ws/install/rviz_ogre_vendor:/home/rinav/ros2_ws/install/rviz_marker_tools:/home/rinav/ros2_ws/install/rviz_assimp_vendor:/home/rinav/ros2_ws/install/rosparam_shortcuts:/home/rinav/ros2_ws/install/robotis_manipulator:/home/rinav/ros2_ws/install/moveit_task_constructor_msgs:/home/rinav/ros2_ws/install/moveit_resources_prbt_support:/home/rinav/ros2_ws/install/moveit_resources:/home/rinav/ros2_ws/install/moveit_resources_pr2_description:/home/rinav/ros2_ws/install/moveit_resources_panda_moveit_config:/home/rinav/ros2_ws/install/moveit_resources_panda_description:/home/rinav/ros2_ws/install/moveit_resources_fanuc_moveit_config:/home/rinav/ros2_ws/install/moveit_resources_fanuc_description:/home/rinav/ros2_ws/install/moveit_common:/home/rinav/ros2_ws/install/husky_ur3_ignition:/home/rinav/ros2_ws/install/husky_simulator:/home/rinav/ros2_ws/install/husky_robot:/home/rinav/ros2_ws/install/husky_bringup:/home/rinav/ros2_ws/install/husky_base:/home/rinav/ros2_ws/install/husky_msgs:/home/rinav/ros2_ws/install/husky_gazebo:/home/rinav/ros2_ws/install/husky_control:/home/rinav/ros2_ws/install/husky_description:/home/rinav/ros2_ws/src/rviz/install:/home/rinav/ros2_ws/install/trial_package:/home/rinav/ros2_ws/install/moveit_configs_utils:/home/rinav/ros2_ws/install/py_srvcli:/home/rinav/ros2_ws/install/py_pubsub:/home/rinav/ros2_ws/install/mobile_robotics:/home/rinav/ros2_ws/install/launch_param_builder:/opt/ros/humble LD_LIBRARY_PATH=/home/rinav/ros2_ws/install/ur_dashboard_msgs/lib:/home/rinav/ros2_ws/install/ur_robot_driver/lib:/home/rinav/ros2_ws/install/ur_controllers/lib:/home/rinav/ros2_ws/install/turtlesim/lib:/home/rinav/ros2_ws/install/pilz_industrial_motion_planner_testutils/lib:/home/rinav/ros2_ws/install/moveit_ros_control_interface/lib:/home/rinav/ros2_ws/install/moveit_simple_controller_manager/lib:/home/rinav/ros2_ws/install/moveit_ros_planning/lib:/home/rinav/ros2_ws/install/moveit_ros_occupancy_map_monitor/lib:/home/rinav/ros2_ws/install/moveit_resources_prbt_ikfast_manipulator_plugin/lib:/home/rinav/ros2_ws/install/moveit_planners_chomp/lib:/home/rinav/ros2_ws/install/moveit_chomp_optimizer_adapter/lib:/home/rinav/ros2_ws/install/chomp_motion_planner/lib:/home/rinav/ros2_ws/install/moveit_core/lib:/home/rinav/ros2_ws/install/srdfdom/lib:/home/rinav/ros2_ws/install/rviz_default_plugins/lib:/home/rinav/ros2_ws/install/rviz_common/lib:/home/rinav/ros2_ws/install/rviz_rendering/lib:/home/rinav/ros2_ws/install/rviz_ogre_vendor/opt/rviz_ogre_vendor/lib:/home/rinav/ros2_ws/install/rviz_marker_tools/lib:/home/rinav/ros2_ws/install/rosparam_shortcuts/lib:/home/rinav/ros2_ws/install/robotis_manipulator/lib:/home/rinav/ros2_ws/install/moveit_task_constructor_msgs/lib:/home/rinav/ros2_ws/install/husky_base/lib:/home/rinav/ros2_ws/install/husky_msgs/lib:/home/rinav/ros2_ws/src/rviz/install/opt/rviz_ogre_vendor/lib:/home/rinav/ros2_ws/src/rviz/install/lib:/opt/ros/humble/opt/rviz_ogre_vendor/lib:/opt/ros/humble/lib/aarch64-linux-gnu:/opt/ros/humble/lib /usr/bin/cmake --build /home/rinav/ros2_ws/build/ur_controllers -- -j8 -l8
[0.374s] Invoking command in '/home/rinav/ros2_ws/build/ur_controllers': CMAKE_PREFIX_PATH=/home/rinav/ros2_ws/install/ur_dashboard_msgs:/home/rinav/ros2_ws/install/ur:/home/rinav/ros2_ws/install/ur_calibration:/home/rinav/ros2_ws/install/ur_robot_driver:/home/rinav/ros2_ws/install/ur_moveit_config:/home/rinav/ros2_ws/install/ur_bringup:/home/rinav/ros2_ws/install/ur_description:/home/rinav/ros2_ws/install/ur_controllers:/home/rinav/ros2_ws/install/turtlesim:/home/rinav/ros2_ws/install/pilz_industrial_motion_planner_testutils:/home/rinav/ros2_ws/install/moveit_ros_control_interface:/home/rinav/ros2_ws/install/moveit_plugins:/home/rinav/ros2_ws/install/husky_ur3_moveit_config:/home/rinav/ros2_ws/install/moveit_simple_controller_manager:/home/rinav/ros2_ws/install/moveit_ros_planning:/home/rinav/ros2_ws/install/moveit_ros_occupancy_map_monitor:/home/rinav/ros2_ws/install/moveit_resources_prbt_ikfast_manipulator_plugin:/home/rinav/ros2_ws/install/moveit_planners_chomp:/home/rinav/ros2_ws/install/moveit_chomp_optimizer_adapter:/home/rinav/ros2_ws/install/chomp_motion_planner:/home/rinav/ros2_ws/install/moveit_core:/home/rinav/ros2_ws/install/srdfdom:/home/rinav/ros2_ws/install/rviz_visual_testing_framework:/home/rinav/ros2_ws/install/rviz_rendering_tests:/home/rinav/ros2_ws/install/husky_desktop:/home/rinav/ros2_ws/install/husky_viz:/home/rinav/ros2_ws/install/rviz2:/home/rinav/ros2_ws/install/rviz_default_plugins:/home/rinav/ros2_ws/install/rviz_common:/home/rinav/ros2_ws/install/rviz_rendering:/home/rinav/ros2_ws/install/rviz_ogre_vendor:/home/rinav/ros2_ws/install/rviz_marker_tools:/home/rinav/ros2_ws/install/rviz_assimp_vendor:/home/rinav/ros2_ws/install/rosparam_shortcuts:/home/rinav/ros2_ws/install/robotis_manipulator:/home/rinav/ros2_ws/install/moveit_task_constructor_msgs:/home/rinav/ros2_ws/install/moveit_resources_prbt_support:/home/rinav/ros2_ws/install/moveit_resources:/home/rinav/ros2_ws/install/moveit_resources_pr2_description:/home/rinav/ros2_ws/install/moveit_resources_panda_moveit_config:/home/rinav/ros2_ws/install/moveit_resources_panda_description:/home/rinav/ros2_ws/install/moveit_resources_fanuc_moveit_config:/home/rinav/ros2_ws/install/moveit_resources_fanuc_description:/home/rinav/ros2_ws/install/moveit_common:/home/rinav/ros2_ws/install/husky_ur3_ignition:/home/rinav/ros2_ws/install/husky_simulator:/home/rinav/ros2_ws/install/husky_robot:/home/rinav/ros2_ws/install/husky_bringup:/home/rinav/ros2_ws/install/husky_base:/home/rinav/ros2_ws/install/husky_msgs:/home/rinav/ros2_ws/install/husky_gazebo:/home/rinav/ros2_ws/install/husky_control:/home/rinav/ros2_ws/install/husky_description:/home/rinav/ros2_ws/src/rviz/install:/home/rinav/ros2_ws/install/trial_package:/home/rinav/ros2_ws/install/moveit_configs_utils:/home/rinav/ros2_ws/install/py_srvcli:/home/rinav/ros2_ws/install/py_pubsub:/home/rinav/ros2_ws/install/mobile_robotics:/home/rinav/ros2_ws/install/launch_param_builder:/opt/ros/humble LD_LIBRARY_PATH=/home/rinav/ros2_ws/install/ur_dashboard_msgs/lib:/home/rinav/ros2_ws/install/ur_robot_driver/lib:/home/rinav/ros2_ws/install/ur_controllers/lib:/home/rinav/ros2_ws/install/turtlesim/lib:/home/rinav/ros2_ws/install/pilz_industrial_motion_planner_testutils/lib:/home/rinav/ros2_ws/install/moveit_ros_control_interface/lib:/home/rinav/ros2_ws/install/moveit_simple_controller_manager/lib:/home/rinav/ros2_ws/install/moveit_ros_planning/lib:/home/rinav/ros2_ws/install/moveit_ros_occupancy_map_monitor/lib:/home/rinav/ros2_ws/install/moveit_resources_prbt_ikfast_manipulator_plugin/lib:/home/rinav/ros2_ws/install/moveit_planners_chomp/lib:/home/rinav/ros2_ws/install/moveit_chomp_optimizer_adapter/lib:/home/rinav/ros2_ws/install/chomp_motion_planner/lib:/home/rinav/ros2_ws/install/moveit_core/lib:/home/rinav/ros2_ws/install/srdfdom/lib:/home/rinav/ros2_ws/install/rviz_default_plugins/lib:/home/rinav/ros2_ws/install/rviz_common/lib:/home/rinav/ros2_ws/install/rviz_rendering/lib:/home/rinav/ros2_ws/install/rviz_ogre_vendor/opt/rviz_ogre_vendor/lib:/home/rinav/ros2_ws/install/rviz_marker_tools/lib:/home/rinav/ros2_ws/install/rosparam_shortcuts/lib:/home/rinav/ros2_ws/install/robotis_manipulator/lib:/home/rinav/ros2_ws/install/moveit_task_constructor_msgs/lib:/home/rinav/ros2_ws/install/husky_base/lib:/home/rinav/ros2_ws/install/husky_msgs/lib:/home/rinav/ros2_ws/src/rviz/install/opt/rviz_ogre_vendor/lib:/home/rinav/ros2_ws/src/rviz/install/lib:/opt/ros/humble/opt/rviz_ogre_vendor/lib:/opt/ros/humble/lib/aarch64-linux-gnu:/opt/ros/humble/lib /usr/bin/cmake --install /home/rinav/ros2_ws/build/ur_controllers
[0.383s] -- Install configuration: ""
[0.384s] -- Up-to-date: /home/rinav/ros2_ws/install/ur_controllers/include/ur_controllers
[0.384s] -- Up-to-date: /home/rinav/ros2_ws/install/ur_controllers/include/ur_controllers/force_mode_controller_parameters.hpp
[0.384s] -- Up-to-date: /home/rinav/ros2_ws/install/ur_controllers/include/ur_controllers/ur_configuration_controller_parameters.hpp
[0.384s] -- Up-to-date: /home/rinav/ros2_ws/install/ur_controllers/include/ur_controllers/speed_scaling_state_broadcaster_parameters.hpp
[0.384s] -- Up-to-date: /home/rinav/ros2_ws/install/ur_controllers/include/ur_controllers/passthrough_trajectory_controller_parameters.hpp
[0.384s] -- Up-to-date: /home/rinav/ros2_ws/install/ur_controllers/include/ur_controllers/gpio_controller_parameters.hpp
[0.384s] -- Up-to-date: /home/rinav/ros2_ws/install/ur_controllers/include/ur_controllers/scaled_joint_trajectory_controller_parameters.hpp
[0.384s] -- Up-to-date: /home/rinav/ros2_ws/install/ur_controllers/include/ur_controllers/freedrive_mode_controller_parameters.hpp
[0.385s] -- Up-to-date: /home/rinav/ros2_ws/install/ur_controllers/include/ur_controllers/tool_contact_controller_parameters.hpp
[0.385s] -- Up-to-date: /home/rinav/ros2_ws/install/ur_controllers/include/ur_controllers
[0.385s] -- Up-to-date: /home/rinav/ros2_ws/install/ur_controllers/include/ur_controllers/force_mode_controller_parameters.hpp
[0.385s] -- Up-to-date: /home/rinav/ros2_ws/install/ur_controllers/include/ur_controllers/ur_configuration_controller_parameters.hpp
[0.385s] -- Up-to-date: /home/rinav/ros2_ws/install/ur_controllers/include/ur_controllers/speed_scaling_state_broadcaster_parameters.hpp
[0.385s] -- Up-to-date: /home/rinav/ros2_ws/install/ur_controllers/include/ur_controllers/passthrough_trajectory_controller_parameters.hpp
[0.385s] -- Up-to-date: /home/rinav/ros2_ws/install/ur_controllers/include/ur_controllers/gpio_controller_parameters.hpp
[0.385s] -- Up-to-date: /home/rinav/ros2_ws/install/ur_controllers/include/ur_controllers/scaled_joint_trajectory_controller_parameters.hpp
[0.385s] -- Up-to-date: /home/rinav/ros2_ws/install/ur_controllers/include/ur_controllers/freedrive_mode_controller_parameters.hpp
[0.386s] -- Up-to-date: /home/rinav/ros2_ws/install/ur_controllers/include/ur_controllers/tool_contact_controller_parameters.hpp
[0.386s] -- Up-to-date: /home/rinav/ros2_ws/install/ur_controllers/include/ur_controllers
[0.386s] -- Up-to-date: /home/rinav/ros2_ws/install/ur_controllers/include/ur_controllers/force_mode_controller_parameters.hpp
[0.386s] -- Up-to-date: /home/rinav/ros2_ws/install/ur_controllers/include/ur_controllers/ur_configuration_controller_parameters.hpp
[0.386s] -- Up-to-date: /home/rinav/ros2_ws/install/ur_controllers/include/ur_controllers/speed_scaling_state_broadcaster_parameters.hpp
[0.386s] -- Up-to-date: /home/rinav/ros2_ws/install/ur_controllers/include/ur_controllers/passthrough_trajectory_controller_parameters.hpp
[0.386s] -- Up-to-date: /home/rinav/ros2_ws/install/ur_controllers/include/ur_controllers/gpio_controller_parameters.hpp
[0.387s] -- Up-to-date: /home/rinav/ros2_ws/install/ur_controllers/include/ur_controllers/scaled_joint_trajectory_controller_parameters.hpp
[0.387s] -- Up-to-date: /home/rinav/ros2_ws/install/ur_controllers/include/ur_controllers/freedrive_mode_controller_parameters.hpp
[0.387s] -- Up-to-date: /home/rinav/ros2_ws/install/ur_controllers/include/ur_controllers/tool_contact_controller_parameters.hpp
[0.387s] -- Up-to-date: /home/rinav/ros2_ws/install/ur_controllers/include/ur_controllers
[0.387s] -- Up-to-date: /home/rinav/ros2_ws/install/ur_controllers/include/ur_controllers/force_mode_controller_parameters.hpp
[0.388s] -- Up-to-date: /home/rinav/ros2_ws/install/ur_controllers/include/ur_controllers/ur_configuration_controller_parameters.hpp
[0.388s] -- Up-to-date: /home/rinav/ros2_ws/install/ur_controllers/include/ur_controllers/speed_scaling_state_broadcaster_parameters.hpp
[0.388s] -- Up-to-date: /home/rinav/ros2_ws/install/ur_controllers/include/ur_controllers/passthrough_trajectory_controller_parameters.hpp
[0.388s] -- Up-to-date: /home/rinav/ros2_ws/install/ur_controllers/include/ur_controllers/gpio_controller_parameters.hpp
[0.389s] -- Up-to-date: /home/rinav/ros2_ws/install/ur_controllers/include/ur_controllers/scaled_joint_trajectory_controller_parameters.hpp
[0.389s] -- Up-to-date: /home/rinav/ros2_ws/install/ur_controllers/include/ur_controllers/freedrive_mode_controller_parameters.hpp
[0.390s] -- Up-to-date: /home/rinav/ros2_ws/install/ur_controllers/include/ur_controllers/tool_contact_controller_parameters.hpp
[0.390s] -- Up-to-date: /home/rinav/ros2_ws/install/ur_controllers/include/ur_controllers
[0.390s] -- Up-to-date: /home/rinav/ros2_ws/install/ur_controllers/include/ur_controllers/force_mode_controller_parameters.hpp
[0.390s] -- Up-to-date: /home/rinav/ros2_ws/install/ur_controllers/include/ur_controllers/ur_configuration_controller_parameters.hpp
[0.390s] -- Up-to-date: /home/rinav/ros2_ws/install/ur_controllers/include/ur_controllers/speed_scaling_state_broadcaster_parameters.hpp
[0.390s] -- Up-to-date: /home/rinav/ros2_ws/install/ur_controllers/include/ur_controllers/passthrough_trajectory_controller_parameters.hpp
[0.390s] -- Up-to-date: /home/rinav/ros2_ws/install/ur_controllers/include/ur_controllers/gpio_controller_parameters.hpp
[0.390s] -- Up-to-date: /home/rinav/ros2_ws/install/ur_controllers/include/ur_controllers/scaled_joint_trajectory_controller_parameters.hpp
[0.390s] -- Up-to-date: /home/rinav/ros2_ws/install/ur_controllers/include/ur_controllers/freedrive_mode_controller_parameters.hpp
[0.390s] -- Up-to-date: /home/rinav/ros2_ws/install/ur_controllers/include/ur_controllers/tool_contact_controller_parameters.hpp
[0.390s] -- Up-to-date: /home/rinav/ros2_ws/install/ur_controllers/include/ur_controllers
[0.390s] -- Up-to-date: /home/rinav/ros2_ws/install/ur_controllers/include/ur_controllers/force_mode_controller_parameters.hpp
[0.390s] -- Up-to-date: /home/rinav/ros2_ws/install/ur_controllers/include/ur_controllers/ur_configuration_controller_parameters.hpp
[0.390s] -- Up-to-date: /home/rinav/ros2_ws/install/ur_controllers/include/ur_controllers/speed_scaling_state_broadcaster_parameters.hpp
[0.390s] -- Up-to-date: /home/rinav/ros2_ws/install/ur_controllers/include/ur_controllers/passthrough_trajectory_controller_parameters.hpp
[0.390s] -- Up-to-date: /home/rinav/ros2_ws/install/ur_controllers/include/ur_controllers/gpio_controller_parameters.hpp
[0.390s] -- Up-to-date: /home/rinav/ros2_ws/install/ur_controllers/include/ur_controllers/scaled_joint_trajectory_controller_parameters.hpp
[0.390s] -- Up-to-date: /home/rinav/ros2_ws/install/ur_controllers/include/ur_controllers/freedrive_mode_controller_parameters.hpp
[0.390s] -- Up-to-date: /home/rinav/ros2_ws/install/ur_controllers/include/ur_controllers/tool_contact_controller_parameters.hpp
[0.390s] -- Up-to-date: /home/rinav/ros2_ws/install/ur_controllers/include/ur_controllers
[0.390s] -- Up-to-date: /home/rinav/ros2_ws/install/ur_controllers/include/ur_controllers/force_mode_controller_parameters.hpp
[0.390s] -- Up-to-date: /home/rinav/ros2_ws/install/ur_controllers/include/ur_controllers/ur_configuration_controller_parameters.hpp
[0.390s] -- Up-to-date: /home/rinav/ros2_ws/install/ur_controllers/include/ur_controllers/speed_scaling_state_broadcaster_parameters.hpp
[0.390s] -- Up-to-date: /home/rinav/ros2_ws/install/ur_controllers/include/ur_controllers/passthrough_trajectory_controller_parameters.hpp
[0.391s] -- Up-to-date: /home/rinav/ros2_ws/install/ur_controllers/include/ur_controllers/gpio_controller_parameters.hpp
[0.391s] -- Up-to-date: /home/rinav/ros2_ws/install/ur_controllers/include/ur_controllers/scaled_joint_trajectory_controller_parameters.hpp
[0.391s] -- Up-to-date: /home/rinav/ros2_ws/install/ur_controllers/include/ur_controllers/freedrive_mode_controller_parameters.hpp
[0.391s] -- Up-to-date: /home/rinav/ros2_ws/install/ur_controllers/include/ur_controllers/tool_contact_controller_parameters.hpp
[0.391s] -- Up-to-date: /home/rinav/ros2_ws/install/ur_controllers/include/ur_controllers
[0.391s] -- Up-to-date: /home/rinav/ros2_ws/install/ur_controllers/include/ur_controllers/force_mode_controller_parameters.hpp
[0.391s] -- Up-to-date: /home/rinav/ros2_ws/install/ur_controllers/include/ur_controllers/ur_configuration_controller_parameters.hpp
[0.391s] -- Up-to-date: /home/rinav/ros2_ws/install/ur_controllers/include/ur_controllers/speed_scaling_state_broadcaster_parameters.hpp
[0.391s] -- Up-to-date: /home/rinav/ros2_ws/install/ur_controllers/include/ur_controllers/passthrough_trajectory_controller_parameters.hpp
[0.391s] -- Up-to-date: /home/rinav/ros2_ws/install/ur_controllers/include/ur_controllers/gpio_controller_parameters.hpp
[0.391s] -- Up-to-date: /home/rinav/ros2_ws/install/ur_controllers/include/ur_controllers/scaled_joint_trajectory_controller_parameters.hpp
[0.391s] -- Up-to-date: /home/rinav/ros2_ws/install/ur_controllers/include/ur_controllers/freedrive_mode_controller_parameters.hpp
[0.391s] -- Up-to-date: /home/rinav/ros2_ws/install/ur_controllers/include/ur_controllers/tool_contact_controller_parameters.hpp
[0.391s] -- Up-to-date: /home/rinav/ros2_ws/install/ur_controllers/share/ur_controllers/controller_plugins.xml
[0.391s] -- Up-to-date: /home/rinav/ros2_ws/install/ur_controllers/lib/libur_controllers.so
[0.392s] -- Up-to-date: /home/rinav/ros2_ws/install/ur_controllers/include
[0.392s] -- Up-to-date: /home/rinav/ros2_ws/install/ur_controllers/include/ur_controllers
[0.392s] -- Up-to-date: /home/rinav/ros2_ws/install/ur_controllers/include/ur_controllers/gpio_controller.hpp
[0.392s] -- Up-to-date: /home/rinav/ros2_ws/install/ur_controllers/include/ur_controllers/scaled_joint_trajectory_controller.hpp
[0.392s] -- Up-to-date: /home/rinav/ros2_ws/install/ur_controllers/include/ur_controllers/ur_configuration_controller.hpp
[0.393s] -- Up-to-date: /home/rinav/ros2_ws/install/ur_controllers/include/ur_controllers/freedrive_mode_controller.hpp
[0.393s] -- Up-to-date: /home/rinav/ros2_ws/install/ur_controllers/include/ur_controllers/tool_contact_controller.hpp
[0.393s] -- Up-to-date: /home/rinav/ros2_ws/install/ur_controllers/include/ur_controllers/force_mode_controller.hpp
[0.393s] -- Up-to-date: /home/rinav/ros2_ws/install/ur_controllers/include/ur_controllers/speed_scaling_state_broadcaster.hpp
[0.393s] -- Up-to-date: /home/rinav/ros2_ws/install/ur_controllers/include/ur_controllers/passthrough_trajectory_controller.hpp
[0.393s] -- Up-to-date: /home/rinav/ros2_ws/install/ur_controllers/share/ur_controllers/controller_plugins.xml
[0.393s] -- Up-to-date: /home/rinav/ros2_ws/install/ur_controllers/share/ur_controllers/environment/library_path.sh
[0.393s] -- Up-to-date: /home/rinav/ros2_ws/install/ur_controllers/share/ur_controllers/environment/library_path.dsv
[0.394s] -- Up-to-date: /home/rinav/ros2_ws/install/ur_controllers/share/ament_index/resource_index/package_run_dependencies/ur_controllers
[0.394s] -- Up-to-date: /home/rinav/ros2_ws/install/ur_controllers/share/ament_index/resource_index/parent_prefix_path/ur_controllers
[0.394s] -- Up-to-date: /home/rinav/ros2_ws/install/ur_controllers/share/ur_controllers/environment/ament_prefix_path.sh
[0.394s] -- Up-to-date: /home/rinav/ros2_ws/install/ur_controllers/share/ur_controllers/environment/ament_prefix_path.dsv
[0.394s] -- Up-to-date: /home/rinav/ros2_ws/install/ur_controllers/share/ur_controllers/environment/path.sh
[0.394s] -- Up-to-date: /home/rinav/ros2_ws/install/ur_controllers/share/ur_controllers/environment/path.dsv
[0.394s] -- Up-to-date: /home/rinav/ros2_ws/install/ur_controllers/share/ur_controllers/local_setup.bash
[0.394s] -- Up-to-date: /home/rinav/ros2_ws/install/ur_controllers/share/ur_controllers/local_setup.sh
[0.394s] -- Up-to-date: /home/rinav/ros2_ws/install/ur_controllers/share/ur_controllers/local_setup.zsh
[0.394s] -- Up-to-date: /home/rinav/ros2_ws/install/ur_controllers/share/ur_controllers/local_setup.dsv
[0.394s] -- Installing: /home/rinav/ros2_ws/install/ur_controllers/share/ur_controllers/package.dsv
[0.394s] -- Up-to-date: /home/rinav/ros2_ws/install/ur_controllers/share/ament_index/resource_index/packages/ur_controllers
[0.395s] -- Up-to-date: /home/rinav/ros2_ws/install/ur_controllers/share/ament_index/resource_index/controller_interface__pluginlib__plugin/ur_controllers
[0.395s] -- Up-to-date: /home/rinav/ros2_ws/install/ur_controllers/share/ur_controllers/cmake/ament_cmake_export_dependencies-extras.cmake
[0.395s] -- Up-to-date: /home/rinav/ros2_ws/install/ur_controllers/share/ur_controllers/cmake/ament_cmake_export_include_directories-extras.cmake
[0.395s] -- Up-to-date: /home/rinav/ros2_ws/install/ur_controllers/share/ur_controllers/cmake/ament_cmake_export_libraries-extras.cmake
[0.395s] -- Up-to-date: /home/rinav/ros2_ws/install/ur_controllers/share/ur_controllers/cmake/ur_controllersConfig.cmake
[0.395s] -- Up-to-date: /home/rinav/ros2_ws/install/ur_controllers/share/ur_controllers/cmake/ur_controllersConfig-version.cmake
[0.395s] -- Up-to-date: /home/rinav/ros2_ws/install/ur_controllers/share/ur_controllers/package.xml
[0.395s] Invoked command in '/home/rinav/ros2_ws/build/ur_controllers' returned '0': CMAKE_PREFIX_PATH=/home/rinav/ros2_ws/install/ur_dashboard_msgs:/home/rinav/ros2_ws/install/ur:/home/rinav/ros2_ws/install/ur_calibration:/home/rinav/ros2_ws/install/ur_robot_driver:/home/rinav/ros2_ws/install/ur_moveit_config:/home/rinav/ros2_ws/install/ur_bringup:/home/rinav/ros2_ws/install/ur_description:/home/rinav/ros2_ws/install/ur_controllers:/home/rinav/ros2_ws/install/turtlesim:/home/rinav/ros2_ws/install/pilz_industrial_motion_planner_testutils:/home/rinav/ros2_ws/install/moveit_ros_control_interface:/home/rinav/ros2_ws/install/moveit_plugins:/home/rinav/ros2_ws/install/husky_ur3_moveit_config:/home/rinav/ros2_ws/install/moveit_simple_controller_manager:/home/rinav/ros2_ws/install/moveit_ros_planning:/home/rinav/ros2_ws/install/moveit_ros_occupancy_map_monitor:/home/rinav/ros2_ws/install/moveit_resources_prbt_ikfast_manipulator_plugin:/home/rinav/ros2_ws/install/moveit_planners_chomp:/home/rinav/ros2_ws/install/moveit_chomp_optimizer_adapter:/home/rinav/ros2_ws/install/chomp_motion_planner:/home/rinav/ros2_ws/install/moveit_core:/home/rinav/ros2_ws/install/srdfdom:/home/rinav/ros2_ws/install/rviz_visual_testing_framework:/home/rinav/ros2_ws/install/rviz_rendering_tests:/home/rinav/ros2_ws/install/husky_desktop:/home/rinav/ros2_ws/install/husky_viz:/home/rinav/ros2_ws/install/rviz2:/home/rinav/ros2_ws/install/rviz_default_plugins:/home/rinav/ros2_ws/install/rviz_common:/home/rinav/ros2_ws/install/rviz_rendering:/home/rinav/ros2_ws/install/rviz_ogre_vendor:/home/rinav/ros2_ws/install/rviz_marker_tools:/home/rinav/ros2_ws/install/rviz_assimp_vendor:/home/rinav/ros2_ws/install/rosparam_shortcuts:/home/rinav/ros2_ws/install/robotis_manipulator:/home/rinav/ros2_ws/install/moveit_task_constructor_msgs:/home/rinav/ros2_ws/install/moveit_resources_prbt_support:/home/rinav/ros2_ws/install/moveit_resources:/home/rinav/ros2_ws/install/moveit_resources_pr2_description:/home/rinav/ros2_ws/install/moveit_resources_panda_moveit_config:/home/rinav/ros2_ws/install/moveit_resources_panda_description:/home/rinav/ros2_ws/install/moveit_resources_fanuc_moveit_config:/home/rinav/ros2_ws/install/moveit_resources_fanuc_description:/home/rinav/ros2_ws/install/moveit_common:/home/rinav/ros2_ws/install/husky_ur3_ignition:/home/rinav/ros2_ws/install/husky_simulator:/home/rinav/ros2_ws/install/husky_robot:/home/rinav/ros2_ws/install/husky_bringup:/home/rinav/ros2_ws/install/husky_base:/home/rinav/ros2_ws/install/husky_msgs:/home/rinav/ros2_ws/install/husky_gazebo:/home/rinav/ros2_ws/install/husky_control:/home/rinav/ros2_ws/install/husky_description:/home/rinav/ros2_ws/src/rviz/install:/home/rinav/ros2_ws/install/trial_package:/home/rinav/ros2_ws/install/moveit_configs_utils:/home/rinav/ros2_ws/install/py_srvcli:/home/rinav/ros2_ws/install/py_pubsub:/home/rinav/ros2_ws/install/mobile_robotics:/home/rinav/ros2_ws/install/launch_param_builder:/opt/ros/humble LD_LIBRARY_PATH=/home/rinav/ros2_ws/install/ur_dashboard_msgs/lib:/home/rinav/ros2_ws/install/ur_robot_driver/lib:/home/rinav/ros2_ws/install/ur_controllers/lib:/home/rinav/ros2_ws/install/turtlesim/lib:/home/rinav/ros2_ws/install/pilz_industrial_motion_planner_testutils/lib:/home/rinav/ros2_ws/install/moveit_ros_control_interface/lib:/home/rinav/ros2_ws/install/moveit_simple_controller_manager/lib:/home/rinav/ros2_ws/install/moveit_ros_planning/lib:/home/rinav/ros2_ws/install/moveit_ros_occupancy_map_monitor/lib:/home/rinav/ros2_ws/install/moveit_resources_prbt_ikfast_manipulator_plugin/lib:/home/rinav/ros2_ws/install/moveit_planners_chomp/lib:/home/rinav/ros2_ws/install/moveit_chomp_optimizer_adapter/lib:/home/rinav/ros2_ws/install/chomp_motion_planner/lib:/home/rinav/ros2_ws/install/moveit_core/lib:/home/rinav/ros2_ws/install/srdfdom/lib:/home/rinav/ros2_ws/install/rviz_default_plugins/lib:/home/rinav/ros2_ws/install/rviz_common/lib:/home/rinav/ros2_ws/install/rviz_rendering/lib:/home/rinav/ros2_ws/install/rviz_ogre_vendor/opt/rviz_ogre_vendor/lib:/home/rinav/ros2_ws/install/rviz_marker_tools/lib:/home/rinav/ros2_ws/install/rosparam_shortcuts/lib:/home/rinav/ros2_ws/install/robotis_manipulator/lib:/home/rinav/ros2_ws/install/moveit_task_constructor_msgs/lib:/home/rinav/ros2_ws/install/husky_base/lib:/home/rinav/ros2_ws/install/husky_msgs/lib:/home/rinav/ros2_ws/src/rviz/install/opt/rviz_ogre_vendor/lib:/home/rinav/ros2_ws/src/rviz/install/lib:/opt/ros/humble/opt/rviz_ogre_vendor/lib:/opt/ros/humble/lib/aarch64-linux-gnu:/opt/ros/humble/lib /usr/bin/cmake --install /home/rinav/ros2_ws/build/ur_controllers
