[0.037s] Invoking command in '/home/rinav/ros2_ws/build/robotis_manipulator': CMAKE_PREFIX_PATH=${CMAKE_PREFIX_PATH}:/opt/ros/humble /usr/bin/cmake /home/rinav/ros2_ws/src/robotis_manipulator -DCMAKE_INSTALL_PREFIX=/home/rinav/ros2_ws/install/robotis_manipulator
[0.082s] -- The C compiler identification is GNU 11.4.0
[0.134s] -- The CXX compiler identification is GNU 11.4.0
[0.142s] -- Detecting C compiler ABI info
[0.182s] -- Detecting C compiler ABI info - done
[0.188s] -- Check for working C compiler: /usr/bin/cc - skipped
[0.188s] -- Detecting C compile features
[0.188s] -- Detecting C compile features - done
[0.190s] -- Detecting CXX compiler ABI info
[0.238s] -- Detecting CXX compiler ABI info - done
[0.244s] -- Check for working CXX compiler: /usr/bin/c++ - skipped
[0.244s] -- Detecting CXX compile features
[0.245s] -- Detecting CXX compile features - done
[0.255s] -- Found ament_cmake: 1.3.12 (/opt/ros/humble/share/ament_cmake/cmake)
[0.355s] -- Found Python3: /usr/bin/python3 (found version "3.10.12") found components: Interpreter 
[0.419s] -- Found rclcpp: 16.0.15 (/opt/ros/humble/share/rclcpp/cmake)
[0.457s] -- Found rosidl_generator_c: 3.1.7 (/opt/ros/humble/share/rosidl_generator_c/cmake)
[0.461s] -- Found rosidl_adapter: 3.1.7 (/opt/ros/humble/share/rosidl_adapter/cmake)
[0.468s] -- Found rosidl_generator_cpp: 3.1.7 (/opt/ros/humble/share/rosidl_generator_cpp/cmake)
[0.478s] -- Using all available rosidl_typesupport_c: rosidl_typesupport_fastrtps_c;rosidl_typesupport_introspection_c
[0.491s] -- Using all available rosidl_typesupport_cpp: rosidl_typesupport_fastrtps_cpp;rosidl_typesupport_introspection_cpp
[0.527s] -- Found rmw_implementation_cmake: 6.1.2 (/opt/ros/humble/share/rmw_implementation_cmake/cmake)
[0.529s] -- Found rmw_fastrtps_cpp: 6.2.8 (/opt/ros/humble/share/rmw_fastrtps_cpp/cmake)
[0.606s] -- Found OpenSSL: /usr/lib/aarch64-linux-gnu/libcrypto.so (found version "3.0.2")  
[0.633s] -- Found FastRTPS: /opt/ros/humble/include  
[0.665s] -- Using RMW implementation 'rmw_fastrtps_cpp' as default
[0.672s] -- Looking for pthread.h
[0.715s] -- Looking for pthread.h - found
[0.715s] -- Performing Test CMAKE_HAVE_LIBC_PTHREAD
[0.754s] -- Performing Test CMAKE_HAVE_LIBC_PTHREAD - Success
[0.755s] -- Found Threads: TRUE  
[0.843s] -- Configuring done
[0.849s] -- Generating done
[0.851s] -- Build files have been written to: /home/rinav/ros2_ws/build/robotis_manipulator
[0.857s] Invoked command in '/home/rinav/ros2_ws/build/robotis_manipulator' returned '0': CMAKE_PREFIX_PATH=${CMAKE_PREFIX_PATH}:/opt/ros/humble /usr/bin/cmake /home/rinav/ros2_ws/src/robotis_manipulator -DCMAKE_INSTALL_PREFIX=/home/rinav/ros2_ws/install/robotis_manipulator
[0.859s] Invoking command in '/home/rinav/ros2_ws/build/robotis_manipulator': CMAKE_PREFIX_PATH=${CMAKE_PREFIX_PATH}:/opt/ros/humble /usr/bin/cmake --build /home/rinav/ros2_ws/build/robotis_manipulator -- -j8 -l8
[0.893s] [ 28%] [32mBuilding CXX object CMakeFiles/robotis_manipulator.dir/src/robotis_manipulator/robotis_manipulator.cpp.o[0m
[0.893s] [ 28%] [32mBuilding CXX object CMakeFiles/robotis_manipulator.dir/src/robotis_manipulator/robotis_manipulator_trajectory_generator.cpp.o[0m
[0.897s] [ 42%] [32mBuilding CXX object CMakeFiles/robotis_manipulator.dir/src/robotis_manipulator/robotis_manipulator_log.cpp.o[0m
[0.899s] [ 57%] [32mBuilding CXX object CMakeFiles/robotis_manipulator.dir/src/robotis_manipulator/robotis_manipulator_common.cpp.o[0m
[0.910s] [ 71%] [32mBuilding CXX object CMakeFiles/robotis_manipulator.dir/src/robotis_manipulator/robotis_manipulator_manager.cpp.o[0m
[0.917s] [ 85%] [32mBuilding CXX object CMakeFiles/robotis_manipulator.dir/src/robotis_manipulator/robotis_manipulator_math.cpp.o[0m
[6.935s] [100%] [32m[1mLinking CXX shared library librobotis_manipulator.so[0m
[7.472s] [100%] Built target robotis_manipulator
[7.524s] Invoked command in '/home/rinav/ros2_ws/build/robotis_manipulator' returned '0': CMAKE_PREFIX_PATH=${CMAKE_PREFIX_PATH}:/opt/ros/humble /usr/bin/cmake --build /home/rinav/ros2_ws/build/robotis_manipulator -- -j8 -l8
[7.525s] Invoking command in '/home/rinav/ros2_ws/build/robotis_manipulator': CMAKE_PREFIX_PATH=${CMAKE_PREFIX_PATH}:/opt/ros/humble /usr/bin/cmake --install /home/rinav/ros2_ws/build/robotis_manipulator
[7.560s] -- Install configuration: ""
[7.560s] -- Installing: /home/rinav/ros2_ws/install/robotis_manipulator/lib/librobotis_manipulator.so
[7.568s] -- Set runtime path of "/home/rinav/ros2_ws/install/robotis_manipulator/lib/librobotis_manipulator.so" to ""
[7.568s] -- Installing: /home/rinav/ros2_ws/install/robotis_manipulator/include/
[7.568s] -- Installing: /home/rinav/ros2_ws/install/robotis_manipulator/include//robotis_manipulator
[7.568s] -- Installing: /home/rinav/ros2_ws/install/robotis_manipulator/include//robotis_manipulator/robotis_manipulator_log.h
[7.568s] -- Installing: /home/rinav/ros2_ws/install/robotis_manipulator/include//robotis_manipulator/robotis_manipulator_manager.h
[7.568s] -- Installing: /home/rinav/ros2_ws/install/robotis_manipulator/include//robotis_manipulator/robotis_manipulator.h
[7.569s] -- Installing: /home/rinav/ros2_ws/install/robotis_manipulator/include//robotis_manipulator/robotis_manipulator_trajectory_generator.h
[7.569s] -- Installing: /home/rinav/ros2_ws/install/robotis_manipulator/include//robotis_manipulator/robotis_manipulator_math.h
[7.569s] -- Installing: /home/rinav/ros2_ws/install/robotis_manipulator/include//robotis_manipulator/robotis_manipulator_common.h
[7.569s] -- Installing: /home/rinav/ros2_ws/install/robotis_manipulator/share/robotis_manipulator/environment/library_path.sh
[7.569s] -- Installing: /home/rinav/ros2_ws/install/robotis_manipulator/share/robotis_manipulator/environment/library_path.dsv
[7.570s] -- Installing: /home/rinav/ros2_ws/install/robotis_manipulator/share/ament_index/resource_index/package_run_dependencies/robotis_manipulator
[7.570s] -- Installing: /home/rinav/ros2_ws/install/robotis_manipulator/share/ament_index/resource_index/parent_prefix_path/robotis_manipulator
[7.570s] -- Installing: /home/rinav/ros2_ws/install/robotis_manipulator/share/robotis_manipulator/environment/ament_prefix_path.sh
[7.570s] -- Installing: /home/rinav/ros2_ws/install/robotis_manipulator/share/robotis_manipulator/environment/ament_prefix_path.dsv
[7.570s] -- Installing: /home/rinav/ros2_ws/install/robotis_manipulator/share/robotis_manipulator/environment/path.sh
[7.570s] -- Installing: /home/rinav/ros2_ws/install/robotis_manipulator/share/robotis_manipulator/environment/path.dsv
[7.570s] -- Installing: /home/rinav/ros2_ws/install/robotis_manipulator/share/robotis_manipulator/local_setup.bash
[7.570s] -- Installing: /home/rinav/ros2_ws/install/robotis_manipulator/share/robotis_manipulator/local_setup.sh
[7.570s] -- Installing: /home/rinav/ros2_ws/install/robotis_manipulator/share/robotis_manipulator/local_setup.zsh
[7.571s] -- Installing: /home/rinav/ros2_ws/install/robotis_manipulator/share/robotis_manipulator/local_setup.dsv
[7.571s] -- Installing: /home/rinav/ros2_ws/install/robotis_manipulator/share/robotis_manipulator/package.dsv
[7.571s] -- Installing: /home/rinav/ros2_ws/install/robotis_manipulator/share/ament_index/resource_index/packages/robotis_manipulator
[7.571s] -- Installing: /home/rinav/ros2_ws/install/robotis_manipulator/share/robotis_manipulator/cmake/ament_cmake_export_include_directories-extras.cmake
[7.571s] -- Installing: /home/rinav/ros2_ws/install/robotis_manipulator/share/robotis_manipulator/cmake/ament_cmake_export_dependencies-extras.cmake
[7.571s] -- Installing: /home/rinav/ros2_ws/install/robotis_manipulator/share/robotis_manipulator/cmake/ament_cmake_export_libraries-extras.cmake
[7.571s] -- Installing: /home/rinav/ros2_ws/install/robotis_manipulator/share/robotis_manipulator/cmake/robotis_manipulatorConfig.cmake
[7.571s] -- Installing: /home/rinav/ros2_ws/install/robotis_manipulator/share/robotis_manipulator/cmake/robotis_manipulatorConfig-version.cmake
[7.571s] -- Installing: /home/rinav/ros2_ws/install/robotis_manipulator/share/robotis_manipulator/package.xml
[7.574s] Invoked command in '/home/rinav/ros2_ws/build/robotis_manipulator' returned '0': CMAKE_PREFIX_PATH=${CMAKE_PREFIX_PATH}:/opt/ros/humble /usr/bin/cmake --install /home/rinav/ros2_ws/build/robotis_manipulator
