[0.817s] Invoking command in '/home/rinav/ros2_ws/src/trial_package': PYTHONPATH=/home/rinav/ros2_ws/build/trial_package/prefix_override:/usr/lib/python3/dist-packages/colcon_core/task/python/colcon_distutils_commands:/home/rinav/ros2_ws/install/trial_package/lib/python3.10/site-packages:${PYTHONPATH} /usr/bin/python3 -W ignore:setup.py install is deprecated -W ignore:easy_install command is deprecated setup.py egg_info --egg-base ../../build/trial_package build --build-base /home/rinav/ros2_ws/build/trial_package/build install --record /home/rinav/ros2_ws/build/trial_package/install.log --single-version-externally-managed install_data
[1.966s] running egg_info
[1.967s] creating ../../build/trial_package/trial_package.egg-info
[1.967s] writing ../../build/trial_package/trial_package.egg-info/PKG-INFO
[1.967s] writing dependency_links to ../../build/trial_package/trial_package.egg-info/dependency_links.txt
[1.967s] writing entry points to ../../build/trial_package/trial_package.egg-info/entry_points.txt
[1.967s] writing requirements to ../../build/trial_package/trial_package.egg-info/requires.txt
[1.967s] writing top-level names to ../../build/trial_package/trial_package.egg-info/top_level.txt
[1.967s] writing manifest file '../../build/trial_package/trial_package.egg-info/SOURCES.txt'
[1.967s] reading manifest file '../../build/trial_package/trial_package.egg-info/SOURCES.txt'
[1.967s] writing manifest file '../../build/trial_package/trial_package.egg-info/SOURCES.txt'
[1.967s] running build
[1.967s] running build_py
[1.967s] creating /home/rinav/ros2_ws/build/trial_package/build
[1.967s] creating /home/rinav/ros2_ws/build/trial_package/build/lib
[1.967s] creating /home/rinav/ros2_ws/build/trial_package/build/lib/trial_package
[1.967s] copying trial_package/__init__.py -> /home/rinav/ros2_ws/build/trial_package/build/lib/trial_package
[1.967s] running install
[1.967s] running install_lib
[1.967s] creating /home/rinav/ros2_ws/install/trial_package/lib/python3.10/site-packages/trial_package
[1.967s] copying /home/rinav/ros2_ws/build/trial_package/build/lib/trial_package/__init__.py -> /home/rinav/ros2_ws/install/trial_package/lib/python3.10/site-packages/trial_package
[1.967s] byte-compiling /home/rinav/ros2_ws/install/trial_package/lib/python3.10/site-packages/trial_package/__init__.py to __init__.cpython-310.pyc
[1.967s] running install_data
[1.967s] creating /home/rinav/ros2_ws/install/trial_package/share/ament_index
[1.967s] creating /home/rinav/ros2_ws/install/trial_package/share/ament_index/resource_index
[1.967s] creating /home/rinav/ros2_ws/install/trial_package/share/ament_index/resource_index/packages
[1.967s] copying resource/trial_package -> /home/rinav/ros2_ws/install/trial_package/share/ament_index/resource_index/packages
[1.967s] copying package.xml -> /home/rinav/ros2_ws/install/trial_package/share/trial_package
[1.967s] running install_egg_info
[1.967s] Copying ../../build/trial_package/trial_package.egg-info to /home/rinav/ros2_ws/install/trial_package/lib/python3.10/site-packages/trial_package-0.0.0-py3.10.egg-info
[1.967s] running install_scripts
[1.967s] writing list of installed files to '/home/rinav/ros2_ws/build/trial_package/install.log'
[1.975s] Invoked command in '/home/rinav/ros2_ws/src/trial_package' returned '0': PYTHONPATH=/home/rinav/ros2_ws/build/trial_package/prefix_override:/usr/lib/python3/dist-packages/colcon_core/task/python/colcon_distutils_commands:/home/rinav/ros2_ws/install/trial_package/lib/python3.10/site-packages:${PYTHONPATH} /usr/bin/python3 -W ignore:setup.py install is deprecated -W ignore:easy_install command is deprecated setup.py egg_info --egg-base ../../build/trial_package build --build-base /home/rinav/ros2_ws/build/trial_package/build install --record /home/rinav/ros2_ws/build/trial_package/install.log --single-version-externally-managed install_data
