[0.437s] Invoking command in '/home/rinav/ros2_ws/src/trial_package': PYTHONPATH=/home/rinav/ros2_ws/build/trial_package/prefix_override:/usr/lib/python3/dist-packages/colcon_core/task/python/colcon_distutils_commands:/home/rinav/ros2_ws/install/trial_package/lib/python3.10/site-packages:${PYTHONPATH} /usr/bin/python3 -W ignore:setup.py install is deprecated -W ignore:easy_install command is deprecated setup.py egg_info --egg-base ../../build/trial_package build --build-base /home/rinav/ros2_ws/build/trial_package/build install --record /home/rinav/ros2_ws/build/trial_package/install.log --single-version-externally-managed install_data
[0.676s] running egg_info
[0.680s] creating ../../build/trial_package/trial_package.egg-info
[0.680s] writing ../../build/trial_package/trial_package.egg-info/PKG-INFO
[0.681s] writing dependency_links to ../../build/trial_package/trial_package.egg-info/dependency_links.txt
[0.681s] writing entry points to ../../build/trial_package/trial_package.egg-info/entry_points.txt
[0.681s] writing requirements to ../../build/trial_package/trial_package.egg-info/requires.txt
[0.681s] writing top-level names to ../../build/trial_package/trial_package.egg-info/top_level.txt
[0.681s] writing manifest file '../../build/trial_package/trial_package.egg-info/SOURCES.txt'
[0.681s] reading manifest file '../../build/trial_package/trial_package.egg-info/SOURCES.txt'
[0.681s] writing manifest file '../../build/trial_package/trial_package.egg-info/SOURCES.txt'
[0.682s] running build
[0.682s] running build_py
[0.682s] creating /home/rinav/ros2_ws/build/trial_package/build
[0.682s] creating /home/rinav/ros2_ws/build/trial_package/build/lib
[0.682s] creating /home/rinav/ros2_ws/build/trial_package/build/lib/trial_package
[0.682s] copying trial_package/__init__.py -> /home/rinav/ros2_ws/build/trial_package/build/lib/trial_package
[0.682s] running install
[0.682s] running install_lib
[0.682s] creating /home/rinav/ros2_ws/install/trial_package/lib/python3.10/site-packages/trial_package
[0.682s] copying /home/rinav/ros2_ws/build/trial_package/build/lib/trial_package/__init__.py -> /home/rinav/ros2_ws/install/trial_package/lib/python3.10/site-packages/trial_package
[0.682s] byte-compiling /home/rinav/ros2_ws/install/trial_package/lib/python3.10/site-packages/trial_package/__init__.py to __init__.cpython-310.pyc
[0.682s] running install_data
[0.682s] creating /home/rinav/ros2_ws/install/trial_package/share/ament_index
[0.683s] creating /home/rinav/ros2_ws/install/trial_package/share/ament_index/resource_index
[0.683s] creating /home/rinav/ros2_ws/install/trial_package/share/ament_index/resource_index/packages
[0.683s] copying resource/trial_package -> /home/rinav/ros2_ws/install/trial_package/share/ament_index/resource_index/packages
[0.683s] copying package.xml -> /home/rinav/ros2_ws/install/trial_package/share/trial_package
[0.683s] running install_egg_info
[0.691s] Copying ../../build/trial_package/trial_package.egg-info to /home/rinav/ros2_ws/install/trial_package/lib/python3.10/site-packages/trial_package-0.0.0-py3.10.egg-info
[0.691s] running install_scripts
[0.713s] writing list of installed files to '/home/rinav/ros2_ws/build/trial_package/install.log'
[0.738s] Invoked command in '/home/rinav/ros2_ws/src/trial_package' returned '0': PYTHONPATH=/home/rinav/ros2_ws/build/trial_package/prefix_override:/usr/lib/python3/dist-packages/colcon_core/task/python/colcon_distutils_commands:/home/rinav/ros2_ws/install/trial_package/lib/python3.10/site-packages:${PYTHONPATH} /usr/bin/python3 -W ignore:setup.py install is deprecated -W ignore:easy_install command is deprecated setup.py egg_info --egg-base ../../build/trial_package build --build-base /home/rinav/ros2_ws/build/trial_package/build install --record /home/rinav/ros2_ws/build/trial_package/install.log --single-version-externally-managed install_data
