[0.068s] Invoking command in '/home/rinav/ros2_ws/build/husky_ur3_ignition': CMAKE_PREFIX_PATH=${CMAKE_PREFIX_PATH}:/opt/ros/humble:/home/rinav/ros2_ws/install/trial_package:/home/rinav/ros2_ws/install/py_srvcli:/home/rinav/ros2_ws/install/py_pubsub:/home/rinav/ros2_ws/install/mobile_robotics:/home/rinav/ros2_ws/install/launch_param_builder /usr/bin/cmake --build /home/rinav/ros2_ws/build/husky_ur3_ignition -- -j8 -l8
[0.553s] Invoked command in '/home/rinav/ros2_ws/build/husky_ur3_ignition' returned '0': CMAKE_PREFIX_PATH=${CMAKE_PREFIX_PATH}:/opt/ros/humble:/home/rinav/ros2_ws/install/trial_package:/home/rinav/ros2_ws/install/py_srvcli:/home/rinav/ros2_ws/install/py_pubsub:/home/rinav/ros2_ws/install/mobile_robotics:/home/rinav/ros2_ws/install/launch_param_builder /usr/bin/cmake --build /home/rinav/ros2_ws/build/husky_ur3_ignition -- -j8 -l8
[0.553s] Invoking command in '/home/rinav/ros2_ws/build/husky_ur3_ignition': CMAKE_PREFIX_PATH=${CMAKE_PREFIX_PATH}:/opt/ros/humble:/home/rinav/ros2_ws/install/trial_package:/home/rinav/ros2_ws/install/py_srvcli:/home/rinav/ros2_ws/install/py_pubsub:/home/rinav/ros2_ws/install/mobile_robotics:/home/rinav/ros2_ws/install/launch_param_builder /usr/bin/cmake --install /home/rinav/ros2_ws/build/husky_ur3_ignition
[0.557s] -- Install configuration: ""
[0.557s] -- Up-to-date: /home/rinav/ros2_ws/install/husky_ur3_ignition/share/ament_index/resource_index/package_run_dependencies/husky_ur3_ignition
[0.557s] -- Up-to-date: /home/rinav/ros2_ws/install/husky_ur3_ignition/share/ament_index/resource_index/parent_prefix_path/husky_ur3_ignition
[0.557s] -- Up-to-date: /home/rinav/ros2_ws/install/husky_ur3_ignition/share/husky_ur3_ignition/environment/ament_prefix_path.sh
[0.557s] -- Up-to-date: /home/rinav/ros2_ws/install/husky_ur3_ignition/share/husky_ur3_ignition/environment/ament_prefix_path.dsv
[0.557s] -- Up-to-date: /home/rinav/ros2_ws/install/husky_ur3_ignition/share/husky_ur3_ignition/environment/path.sh
[0.558s] -- Up-to-date: /home/rinav/ros2_ws/install/husky_ur3_ignition/share/husky_ur3_ignition/environment/path.dsv
[0.558s] -- Up-to-date: /home/rinav/ros2_ws/install/husky_ur3_ignition/share/husky_ur3_ignition/local_setup.bash
[0.558s] -- Up-to-date: /home/rinav/ros2_ws/install/husky_ur3_ignition/share/husky_ur3_ignition/local_setup.sh
[0.558s] -- Up-to-date: /home/rinav/ros2_ws/install/husky_ur3_ignition/share/husky_ur3_ignition/local_setup.zsh
[0.558s] -- Up-to-date: /home/rinav/ros2_ws/install/husky_ur3_ignition/share/husky_ur3_ignition/local_setup.dsv
[0.558s] -- Installing: /home/rinav/ros2_ws/install/husky_ur3_ignition/share/husky_ur3_ignition/package.dsv
[0.558s] -- Up-to-date: /home/rinav/ros2_ws/install/husky_ur3_ignition/share/ament_index/resource_index/packages/husky_ur3_ignition
[0.558s] -- Up-to-date: /home/rinav/ros2_ws/install/husky_ur3_ignition/share/husky_ur3_ignition/cmake/husky_ur3_ignitionConfig.cmake
[0.558s] -- Up-to-date: /home/rinav/ros2_ws/install/husky_ur3_ignition/share/husky_ur3_ignition/cmake/husky_ur3_ignitionConfig-version.cmake
[0.558s] -- Up-to-date: /home/rinav/ros2_ws/install/husky_ur3_ignition/share/husky_ur3_ignition/package.xml
[0.678s] Invoked command in '/home/rinav/ros2_ws/build/husky_ur3_ignition' returned '0': CMAKE_PREFIX_PATH=${CMAKE_PREFIX_PATH}:/opt/ros/humble:/home/rinav/ros2_ws/install/trial_package:/home/rinav/ros2_ws/install/py_srvcli:/home/rinav/ros2_ws/install/py_pubsub:/home/rinav/ros2_ws/install/mobile_robotics:/home/rinav/ros2_ws/install/launch_param_builder /usr/bin/cmake --install /home/rinav/ros2_ws/build/husky_ur3_ignition
