[0.667s] Invoking command in '/home/rinav/ros2_ws/src/py_pubsub': PYTHONPATH=/home/rinav/ros2_ws/build/py_pubsub/prefix_override:/usr/lib/python3/dist-packages/colcon_core/task/python/colcon_distutils_commands:/home/rinav/ros2_ws/install/py_pubsub/lib/python3.10/site-packages:${PYTHONPATH} /usr/bin/python3 -W ignore:setup.py install is deprecated -W ignore:easy_install command is deprecated setup.py egg_info --egg-base ../../build/py_pubsub build --build-base /home/rinav/ros2_ws/build/py_pubsub/build install --record /home/rinav/ros2_ws/build/py_pubsub/install.log --single-version-externally-managed install_data
[0.802s] running egg_info
[0.802s] creating ../../build/py_pubsub/py_pubsub.egg-info
[0.802s] writing ../../build/py_pubsub/py_pubsub.egg-info/PKG-INFO
[0.802s] writing dependency_links to ../../build/py_pubsub/py_pubsub.egg-info/dependency_links.txt
[0.803s] writing entry points to ../../build/py_pubsub/py_pubsub.egg-info/entry_points.txt
[0.803s] writing requirements to ../../build/py_pubsub/py_pubsub.egg-info/requires.txt
[0.803s] writing top-level names to ../../build/py_pubsub/py_pubsub.egg-info/top_level.txt
[0.803s] writing manifest file '../../build/py_pubsub/py_pubsub.egg-info/SOURCES.txt'
[0.803s] reading manifest file '../../build/py_pubsub/py_pubsub.egg-info/SOURCES.txt'
[0.804s] writing manifest file '../../build/py_pubsub/py_pubsub.egg-info/SOURCES.txt'
[0.804s] running build
[0.804s] running build_py
[0.804s] creating /home/rinav/ros2_ws/build/py_pubsub/build
[0.804s] creating /home/rinav/ros2_ws/build/py_pubsub/build/lib
[0.804s] creating /home/rinav/ros2_ws/build/py_pubsub/build/lib/py_pubsub
[0.804s] copying py_pubsub/subscriber_member_function.py -> /home/rinav/ros2_ws/build/py_pubsub/build/lib/py_pubsub
[0.804s] copying py_pubsub/publisher_member_function.py -> /home/rinav/ros2_ws/build/py_pubsub/build/lib/py_pubsub
[0.804s] copying py_pubsub/__init__.py -> /home/rinav/ros2_ws/build/py_pubsub/build/lib/py_pubsub
[0.809s] running install
[0.809s] running install_lib
[0.809s] creating /home/rinav/ros2_ws/install/py_pubsub/lib/python3.10/site-packages/py_pubsub
[0.809s] copying /home/rinav/ros2_ws/build/py_pubsub/build/lib/py_pubsub/subscriber_member_function.py -> /home/rinav/ros2_ws/install/py_pubsub/lib/python3.10/site-packages/py_pubsub
[0.809s] copying /home/rinav/ros2_ws/build/py_pubsub/build/lib/py_pubsub/publisher_member_function.py -> /home/rinav/ros2_ws/install/py_pubsub/lib/python3.10/site-packages/py_pubsub
[0.809s] copying /home/rinav/ros2_ws/build/py_pubsub/build/lib/py_pubsub/__init__.py -> /home/rinav/ros2_ws/install/py_pubsub/lib/python3.10/site-packages/py_pubsub
[0.809s] byte-compiling /home/rinav/ros2_ws/install/py_pubsub/lib/python3.10/site-packages/py_pubsub/subscriber_member_function.py to subscriber_member_function.cpython-310.pyc
[0.809s] byte-compiling /home/rinav/ros2_ws/install/py_pubsub/lib/python3.10/site-packages/py_pubsub/publisher_member_function.py to publisher_member_function.cpython-310.pyc
[0.809s] byte-compiling /home/rinav/ros2_ws/install/py_pubsub/lib/python3.10/site-packages/py_pubsub/__init__.py to __init__.cpython-310.pyc
[0.809s] running install_data
[0.809s] creating /home/rinav/ros2_ws/install/py_pubsub/share/ament_index
[0.809s] creating /home/rinav/ros2_ws/install/py_pubsub/share/ament_index/resource_index
[0.810s] creating /home/rinav/ros2_ws/install/py_pubsub/share/ament_index/resource_index/packages
[0.810s] copying resource/py_pubsub -> /home/rinav/ros2_ws/install/py_pubsub/share/ament_index/resource_index/packages
[0.810s] copying package.xml -> /home/rinav/ros2_ws/install/py_pubsub/share/py_pubsub
[0.810s] running install_egg_info
[0.810s] Copying ../../build/py_pubsub/py_pubsub.egg-info to /home/rinav/ros2_ws/install/py_pubsub/lib/python3.10/site-packages/py_pubsub-0.0.0-py3.10.egg-info
[0.810s] running install_scripts
[0.819s] Installing listener script to /home/rinav/ros2_ws/install/py_pubsub/lib/py_pubsub
[0.819s] Installing talker script to /home/rinav/ros2_ws/install/py_pubsub/lib/py_pubsub
[0.819s] writing list of installed files to '/home/rinav/ros2_ws/build/py_pubsub/install.log'
[0.849s] Invoked command in '/home/rinav/ros2_ws/src/py_pubsub' returned '0': PYTHONPATH=/home/rinav/ros2_ws/build/py_pubsub/prefix_override:/usr/lib/python3/dist-packages/colcon_core/task/python/colcon_distutils_commands:/home/rinav/ros2_ws/install/py_pubsub/lib/python3.10/site-packages:${PYTHONPATH} /usr/bin/python3 -W ignore:setup.py install is deprecated -W ignore:easy_install command is deprecated setup.py egg_info --egg-base ../../build/py_pubsub build --build-base /home/rinav/ros2_ws/build/py_pubsub/build install --record /home/rinav/ros2_ws/build/py_pubsub/install.log --single-version-externally-managed install_data
