[0.006s] Invoking command in '/home/rinav/ros2_ws/build/robotis_manipulator': /usr/bin/cmake --build /home/rinav/ros2_ws/build/robotis_manipulator -- -j8 -l8
[0.159s] [100%] Built target robotis_manipulator
[0.206s] Invoked command in '/home/rinav/ros2_ws/build/robotis_manipulator' returned '0': /usr/bin/cmake --build /home/rinav/ros2_ws/build/robotis_manipulator -- -j8 -l8
[0.207s] Invoking command in '/home/rinav/ros2_ws/build/robotis_manipulator': /usr/bin/cmake --install /home/rinav/ros2_ws/build/robotis_manipulator
[0.212s] -- Install configuration: ""
[0.212s] -- Up-to-date: /home/rinav/ros2_ws/install/robotis_manipulator/lib/librobotis_manipulator.so
[0.212s] -- Up-to-date: /home/rinav/ros2_ws/install/robotis_manipulator/include/
[0.212s] -- Up-to-date: /home/rinav/ros2_ws/install/robotis_manipulator/include//robotis_manipulator
[0.212s] -- Up-to-date: /home/rinav/ros2_ws/install/robotis_manipulator/include//robotis_manipulator/robotis_manipulator_log.h
[0.212s] -- Up-to-date: /home/rinav/ros2_ws/install/robotis_manipulator/include//robotis_manipulator/robotis_manipulator_manager.h
[0.213s] -- Up-to-date: /home/rinav/ros2_ws/install/robotis_manipulator/include//robotis_manipulator/robotis_manipulator.h
[0.213s] -- Up-to-date: /home/rinav/ros2_ws/install/robotis_manipulator/include//robotis_manipulator/robotis_manipulator_trajectory_generator.h
[0.213s] -- Up-to-date: /home/rinav/ros2_ws/install/robotis_manipulator/include//robotis_manipulator/robotis_manipulator_math.h
[0.213s] -- Up-to-date: /home/rinav/ros2_ws/install/robotis_manipulator/include//robotis_manipulator/robotis_manipulator_common.h
[0.213s] -- Up-to-date: /home/rinav/ros2_ws/install/robotis_manipulator/share/robotis_manipulator/environment/library_path.sh
[0.213s] -- Up-to-date: /home/rinav/ros2_ws/install/robotis_manipulator/share/robotis_manipulator/environment/library_path.dsv
[0.213s] -- Up-to-date: /home/rinav/ros2_ws/install/robotis_manipulator/share/ament_index/resource_index/package_run_dependencies/robotis_manipulator
[0.213s] -- Up-to-date: /home/rinav/ros2_ws/install/robotis_manipulator/share/ament_index/resource_index/parent_prefix_path/robotis_manipulator
[0.213s] -- Up-to-date: /home/rinav/ros2_ws/install/robotis_manipulator/share/robotis_manipulator/environment/ament_prefix_path.sh
[0.213s] -- Up-to-date: /home/rinav/ros2_ws/install/robotis_manipulator/share/robotis_manipulator/environment/ament_prefix_path.dsv
[0.213s] -- Up-to-date: /home/rinav/ros2_ws/install/robotis_manipulator/share/robotis_manipulator/environment/path.sh
[0.213s] -- Up-to-date: /home/rinav/ros2_ws/install/robotis_manipulator/share/robotis_manipulator/environment/path.dsv
[0.213s] -- Up-to-date: /home/rinav/ros2_ws/install/robotis_manipulator/share/robotis_manipulator/local_setup.bash
[0.213s] -- Up-to-date: /home/rinav/ros2_ws/install/robotis_manipulator/share/robotis_manipulator/local_setup.sh
[0.213s] -- Up-to-date: /home/rinav/ros2_ws/install/robotis_manipulator/share/robotis_manipulator/local_setup.zsh
[0.213s] -- Up-to-date: /home/rinav/ros2_ws/install/robotis_manipulator/share/robotis_manipulator/local_setup.dsv
[0.213s] -- Installing: /home/rinav/ros2_ws/install/robotis_manipulator/share/robotis_manipulator/package.dsv
[0.213s] -- Up-to-date: /home/rinav/ros2_ws/install/robotis_manipulator/share/ament_index/resource_index/packages/robotis_manipulator
[0.213s] -- Up-to-date: /home/rinav/ros2_ws/install/robotis_manipulator/share/robotis_manipulator/cmake/ament_cmake_export_include_directories-extras.cmake
[0.213s] -- Up-to-date: /home/rinav/ros2_ws/install/robotis_manipulator/share/robotis_manipulator/cmake/ament_cmake_export_dependencies-extras.cmake
[0.213s] -- Up-to-date: /home/rinav/ros2_ws/install/robotis_manipulator/share/robotis_manipulator/cmake/ament_cmake_export_libraries-extras.cmake
[0.213s] -- Up-to-date: /home/rinav/ros2_ws/install/robotis_manipulator/share/robotis_manipulator/cmake/robotis_manipulatorConfig.cmake
[0.213s] -- Up-to-date: /home/rinav/ros2_ws/install/robotis_manipulator/share/robotis_manipulator/cmake/robotis_manipulatorConfig-version.cmake
[0.213s] -- Up-to-date: /home/rinav/ros2_ws/install/robotis_manipulator/share/robotis_manipulator/package.xml
[0.471s] Invoked command in '/home/rinav/ros2_ws/build/robotis_manipulator' returned '0': /usr/bin/cmake --install /home/rinav/ros2_ws/build/robotis_manipulator
