[0.006s] Invoking command in '/home/rinav/ros2_ws/src/husky/build/husky_desktop': AMENT_PREFIX_PATH=/home/rinav/ros2_ws/src/husky/install/husky_viz:/home/rinav/ros2_ws/src/husky/install/husky_msgs:/home/rinav/ros2_ws/src/husky/install/husky_description:${AMENT_PREFIX_PATH} CMAKE_PREFIX_PATH=/home/rinav/ros2_ws/src/husky/install/husky_viz:/home/rinav/ros2_ws/src/husky/install/husky_msgs:/home/rinav/ros2_ws/src/husky/install/husky_description:/home/rinav/ros2_ws/install/husky_bringup:/home/rinav/ros2_ws/install/husky_base:/home/rinav/ros2_ws/install/husky_msgs:/home/rinav/ros2_ws/install/husky_control:/home/rinav/ros2_ws/install/husky_description:/opt/ros/humble LD_LIBRARY_PATH=/home/rinav/ros2_ws/src/husky/install/husky_msgs/lib:${LD_LIBRARY_PATH} PYTHONPATH=/home/rinav/ros2_ws/src/husky/install/husky_msgs/local/lib/python3.10/dist-packages:${PYTHONPATH} /usr/bin/cmake /home/rinav/ros2_ws/src/husky/husky_desktop -DCMAKE_INSTALL_PREFIX=/home/rinav/ros2_ws/src/husky/install/husky_desktop
[0.037s] -- The C compiler identification is GNU 11.4.0
[0.070s] -- The CXX compiler identification is GNU 11.4.0
[0.075s] -- Detecting C compiler ABI info
[0.120s] -- Detecting C compiler ABI info - done
[0.125s] -- Check for working C compiler: /usr/bin/cc - skipped
[0.125s] -- Detecting C compile features
[0.126s] -- Detecting C compile features - done
[0.128s] -- Detecting CXX compiler ABI info
[0.173s] -- Detecting CXX compiler ABI info - done
[0.179s] -- Check for working CXX compiler: /usr/bin/c++ - skipped
[0.179s] -- Detecting CXX compile features
[0.179s] -- Detecting CXX compile features - done
[0.182s] -- Found ament_cmake: 1.3.12 (/opt/ros/humble/share/ament_cmake/cmake)
[0.268s] -- Found Python3: /usr/bin/python3 (found version "3.10.12") found components: Interpreter 
[0.364s] -- Configuring done
[0.366s] -- Generating done
[0.367s] -- Build files have been written to: /home/rinav/ros2_ws/src/husky/build/husky_desktop
[0.369s] Invoked command in '/home/rinav/ros2_ws/src/husky/build/husky_desktop' returned '0': AMENT_PREFIX_PATH=/home/rinav/ros2_ws/src/husky/install/husky_viz:/home/rinav/ros2_ws/src/husky/install/husky_msgs:/home/rinav/ros2_ws/src/husky/install/husky_description:${AMENT_PREFIX_PATH} CMAKE_PREFIX_PATH=/home/rinav/ros2_ws/src/husky/install/husky_viz:/home/rinav/ros2_ws/src/husky/install/husky_msgs:/home/rinav/ros2_ws/src/husky/install/husky_description:/home/rinav/ros2_ws/install/husky_bringup:/home/rinav/ros2_ws/install/husky_base:/home/rinav/ros2_ws/install/husky_msgs:/home/rinav/ros2_ws/install/husky_control:/home/rinav/ros2_ws/install/husky_description:/opt/ros/humble LD_LIBRARY_PATH=/home/rinav/ros2_ws/src/husky/install/husky_msgs/lib:${LD_LIBRARY_PATH} PYTHONPATH=/home/rinav/ros2_ws/src/husky/install/husky_msgs/local/lib/python3.10/dist-packages:${PYTHONPATH} /usr/bin/cmake /home/rinav/ros2_ws/src/husky/husky_desktop -DCMAKE_INSTALL_PREFIX=/home/rinav/ros2_ws/src/husky/install/husky_desktop
[0.370s] Invoking command in '/home/rinav/ros2_ws/src/husky/build/husky_desktop': AMENT_PREFIX_PATH=/home/rinav/ros2_ws/src/husky/install/husky_viz:/home/rinav/ros2_ws/src/husky/install/husky_msgs:/home/rinav/ros2_ws/src/husky/install/husky_description:${AMENT_PREFIX_PATH} CMAKE_PREFIX_PATH=/home/rinav/ros2_ws/src/husky/install/husky_viz:/home/rinav/ros2_ws/src/husky/install/husky_msgs:/home/rinav/ros2_ws/src/husky/install/husky_description:/home/rinav/ros2_ws/install/husky_bringup:/home/rinav/ros2_ws/install/husky_base:/home/rinav/ros2_ws/install/husky_msgs:/home/rinav/ros2_ws/install/husky_control:/home/rinav/ros2_ws/install/husky_description:/opt/ros/humble LD_LIBRARY_PATH=/home/rinav/ros2_ws/src/husky/install/husky_msgs/lib:${LD_LIBRARY_PATH} PYTHONPATH=/home/rinav/ros2_ws/src/husky/install/husky_msgs/local/lib/python3.10/dist-packages:${PYTHONPATH} /usr/bin/cmake --build /home/rinav/ros2_ws/src/husky/build/husky_desktop -- -j8 -l8
[0.389s] Invoked command in '/home/rinav/ros2_ws/src/husky/build/husky_desktop' returned '0': AMENT_PREFIX_PATH=/home/rinav/ros2_ws/src/husky/install/husky_viz:/home/rinav/ros2_ws/src/husky/install/husky_msgs:/home/rinav/ros2_ws/src/husky/install/husky_description:${AMENT_PREFIX_PATH} CMAKE_PREFIX_PATH=/home/rinav/ros2_ws/src/husky/install/husky_viz:/home/rinav/ros2_ws/src/husky/install/husky_msgs:/home/rinav/ros2_ws/src/husky/install/husky_description:/home/rinav/ros2_ws/install/husky_bringup:/home/rinav/ros2_ws/install/husky_base:/home/rinav/ros2_ws/install/husky_msgs:/home/rinav/ros2_ws/install/husky_control:/home/rinav/ros2_ws/install/husky_description:/opt/ros/humble LD_LIBRARY_PATH=/home/rinav/ros2_ws/src/husky/install/husky_msgs/lib:${LD_LIBRARY_PATH} PYTHONPATH=/home/rinav/ros2_ws/src/husky/install/husky_msgs/local/lib/python3.10/dist-packages:${PYTHONPATH} /usr/bin/cmake --build /home/rinav/ros2_ws/src/husky/build/husky_desktop -- -j8 -l8
[0.390s] Invoking command in '/home/rinav/ros2_ws/src/husky/build/husky_desktop': AMENT_PREFIX_PATH=/home/rinav/ros2_ws/src/husky/install/husky_viz:/home/rinav/ros2_ws/src/husky/install/husky_msgs:/home/rinav/ros2_ws/src/husky/install/husky_description:${AMENT_PREFIX_PATH} CMAKE_PREFIX_PATH=/home/rinav/ros2_ws/src/husky/install/husky_viz:/home/rinav/ros2_ws/src/husky/install/husky_msgs:/home/rinav/ros2_ws/src/husky/install/husky_description:/home/rinav/ros2_ws/install/husky_bringup:/home/rinav/ros2_ws/install/husky_base:/home/rinav/ros2_ws/install/husky_msgs:/home/rinav/ros2_ws/install/husky_control:/home/rinav/ros2_ws/install/husky_description:/opt/ros/humble LD_LIBRARY_PATH=/home/rinav/ros2_ws/src/husky/install/husky_msgs/lib:${LD_LIBRARY_PATH} PYTHONPATH=/home/rinav/ros2_ws/src/husky/install/husky_msgs/local/lib/python3.10/dist-packages:${PYTHONPATH} /usr/bin/cmake --install /home/rinav/ros2_ws/src/husky/build/husky_desktop
[0.393s] -- Install configuration: ""
[0.393s] -- Installing: /home/rinav/ros2_ws/src/husky/install/husky_desktop/share/ament_index/resource_index/package_run_dependencies/husky_desktop
[0.393s] -- Installing: /home/rinav/ros2_ws/src/husky/install/husky_desktop/share/ament_index/resource_index/parent_prefix_path/husky_desktop
[0.394s] -- Installing: /home/rinav/ros2_ws/src/husky/install/husky_desktop/share/husky_desktop/environment/ament_prefix_path.sh
[0.394s] -- Installing: /home/rinav/ros2_ws/src/husky/install/husky_desktop/share/husky_desktop/environment/ament_prefix_path.dsv
[0.394s] -- Installing: /home/rinav/ros2_ws/src/husky/install/husky_desktop/share/husky_desktop/environment/path.sh
[0.394s] -- Installing: /home/rinav/ros2_ws/src/husky/install/husky_desktop/share/husky_desktop/environment/path.dsv
[0.394s] -- Installing: /home/rinav/ros2_ws/src/husky/install/husky_desktop/share/husky_desktop/local_setup.bash
[0.394s] -- Installing: /home/rinav/ros2_ws/src/husky/install/husky_desktop/share/husky_desktop/local_setup.sh
[0.394s] -- Installing: /home/rinav/ros2_ws/src/husky/install/husky_desktop/share/husky_desktop/local_setup.zsh
[0.394s] -- Installing: /home/rinav/ros2_ws/src/husky/install/husky_desktop/share/husky_desktop/local_setup.dsv
[0.394s] -- Installing: /home/rinav/ros2_ws/src/husky/install/husky_desktop/share/husky_desktop/package.dsv
[0.394s] -- Installing: /home/rinav/ros2_ws/src/husky/install/husky_desktop/share/ament_index/resource_index/packages/husky_desktop
[0.394s] -- Installing: /home/rinav/ros2_ws/src/husky/install/husky_desktop/share/husky_desktop/cmake/husky_desktopConfig.cmake
[0.394s] -- Installing: /home/rinav/ros2_ws/src/husky/install/husky_desktop/share/husky_desktop/cmake/husky_desktopConfig-version.cmake
[0.394s] -- Installing: /home/rinav/ros2_ws/src/husky/install/husky_desktop/share/husky_desktop/package.xml
[0.396s] Invoked command in '/home/rinav/ros2_ws/src/husky/build/husky_desktop' returned '0': AMENT_PREFIX_PATH=/home/rinav/ros2_ws/src/husky/install/husky_viz:/home/rinav/ros2_ws/src/husky/install/husky_msgs:/home/rinav/ros2_ws/src/husky/install/husky_description:${AMENT_PREFIX_PATH} CMAKE_PREFIX_PATH=/home/rinav/ros2_ws/src/husky/install/husky_viz:/home/rinav/ros2_ws/src/husky/install/husky_msgs:/home/rinav/ros2_ws/src/husky/install/husky_description:/home/rinav/ros2_ws/install/husky_bringup:/home/rinav/ros2_ws/install/husky_base:/home/rinav/ros2_ws/install/husky_msgs:/home/rinav/ros2_ws/install/husky_control:/home/rinav/ros2_ws/install/husky_description:/opt/ros/humble LD_LIBRARY_PATH=/home/rinav/ros2_ws/src/husky/install/husky_msgs/lib:${LD_LIBRARY_PATH} PYTHONPATH=/home/rinav/ros2_ws/src/husky/install/husky_msgs/local/lib/python3.10/dist-packages:${PYTHONPATH} /usr/bin/cmake --install /home/rinav/ros2_ws/src/husky/build/husky_desktop
