[0.016s] Invoking command in '/home/rinav/ros2_ws/build/ur_controllers': CMAKE_PREFIX_PATH=/home/rinav/ros2_ws/install/ur_dashboard_msgs:/home/rinav/ros2_ws/src/husky/install/husky_desktop:/home/rinav/ros2_ws/src/husky/install/husky_viz:/home/rinav/ros2_ws/src/husky/install/husky_simulator:/home/rinav/ros2_ws/src/husky/install/husky_robot:/home/rinav/ros2_ws/src/husky/install/husky_bringup:/home/rinav/ros2_ws/src/husky/install/husky_base:/home/rinav/ros2_ws/src/husky/install/husky_msgs:/home/rinav/ros2_ws/src/husky/install/husky_gazebo:/home/rinav/ros2_ws/src/husky/install/husky_control:/home/rinav/ros2_ws/src/husky/install/husky_description:/home/rinav/ros2_ws/install/ur:/home/rinav/ros2_ws/install/ur_calibration:/home/rinav/ros2_ws/install/ur_robot_driver:/home/rinav/ros2_ws/install/ur_moveit_config:/home/rinav/ros2_ws/install/ur_bringup:/home/rinav/ros2_ws/install/ur_description:/home/rinav/ros2_ws/install/ur_controllers:/home/rinav/ros2_ws/install/turtlesim:/home/rinav/ros2_ws/install/robotis_manipulator:/home/rinav/ros2_ws/install/husky_desktop:/home/rinav/ros2_ws/install/husky_viz:/home/rinav/ros2_ws/install/husky_ur3_ignition:/home/rinav/ros2_ws/install/husky_simulator:/home/rinav/ros2_ws/install/husky_robot:/home/rinav/ros2_ws/install/husky_gazebo:/home/rinav/ros2_ws/install/husky_bringup:/home/rinav/ros2_ws/install/husky_base:/home/rinav/ros2_ws/install/husky_msgs:/home/rinav/ros2_ws/install/husky_control:/home/rinav/ros2_ws/install/husky_description:/home/rinav/ros2_ws/install/trial_package:/home/rinav/ros2_ws/install/py_srvcli:/home/rinav/ros2_ws/install/py_pubsub:/home/rinav/ros2_ws/install/mobile_robotics:/opt/ros/humble LD_LIBRARY_PATH=/home/rinav/ros2_ws/install/ur_dashboard_msgs/lib:/home/rinav/ros2_ws/src/husky/install/husky_base/lib:/home/rinav/ros2_ws/src/husky/install/husky_msgs/lib:/home/rinav/ros2_ws/install/ur_robot_driver/lib:/home/rinav/ros2_ws/install/ur_controllers/lib:/home/rinav/ros2_ws/install/turtlesim/lib:/home/rinav/ros2_ws/install/robotis_manipulator/lib:/home/rinav/ros2_ws/install/husky_base/lib:/home/rinav/ros2_ws/install/husky_msgs/lib:/opt/ros/humble/opt/rviz_ogre_vendor/lib:/opt/ros/humble/lib/aarch64-linux-gnu:/opt/ros/humble/lib /usr/bin/cmake --build /home/rinav/ros2_ws/build/ur_controllers -- -j8 -l8
[0.064s] [  5%] Built target speed_scaling_state_broadcaster_parameters
[0.068s] [ 11%] Built target tool_contact_controller_parameters
[0.071s] [ 17%] Built target freedrive_mode_controller_parameters
[0.073s] [ 23%] Built target gpio_controller_parameters
[0.073s] [ 29%] Built target force_mode_controller_parameters
[0.074s] [ 35%] Built target passthrough_trajectory_controller_parameters
[0.090s] [ 41%] Built target gmock_main
[0.094s] [ 47%] Built target scaled_joint_trajectory_controller_parameters
[0.095s] [ 52%] Built target ur_configuration_controller_parameters
[0.099s] [ 61%] Built target gmock
[0.126s] [ 88%] Built target ur_controllers
[0.145s] [ 94%] Built target test_load_force_mode_controller
[0.149s] [100%] Built target test_load_freedrive_mode_controller
[0.313s] Invoked command in '/home/rinav/ros2_ws/build/ur_controllers' returned '0': CMAKE_PREFIX_PATH=/home/rinav/ros2_ws/install/ur_dashboard_msgs:/home/rinav/ros2_ws/src/husky/install/husky_desktop:/home/rinav/ros2_ws/src/husky/install/husky_viz:/home/rinav/ros2_ws/src/husky/install/husky_simulator:/home/rinav/ros2_ws/src/husky/install/husky_robot:/home/rinav/ros2_ws/src/husky/install/husky_bringup:/home/rinav/ros2_ws/src/husky/install/husky_base:/home/rinav/ros2_ws/src/husky/install/husky_msgs:/home/rinav/ros2_ws/src/husky/install/husky_gazebo:/home/rinav/ros2_ws/src/husky/install/husky_control:/home/rinav/ros2_ws/src/husky/install/husky_description:/home/rinav/ros2_ws/install/ur:/home/rinav/ros2_ws/install/ur_calibration:/home/rinav/ros2_ws/install/ur_robot_driver:/home/rinav/ros2_ws/install/ur_moveit_config:/home/rinav/ros2_ws/install/ur_bringup:/home/rinav/ros2_ws/install/ur_description:/home/rinav/ros2_ws/install/ur_controllers:/home/rinav/ros2_ws/install/turtlesim:/home/rinav/ros2_ws/install/robotis_manipulator:/home/rinav/ros2_ws/install/husky_desktop:/home/rinav/ros2_ws/install/husky_viz:/home/rinav/ros2_ws/install/husky_ur3_ignition:/home/rinav/ros2_ws/install/husky_simulator:/home/rinav/ros2_ws/install/husky_robot:/home/rinav/ros2_ws/install/husky_gazebo:/home/rinav/ros2_ws/install/husky_bringup:/home/rinav/ros2_ws/install/husky_base:/home/rinav/ros2_ws/install/husky_msgs:/home/rinav/ros2_ws/install/husky_control:/home/rinav/ros2_ws/install/husky_description:/home/rinav/ros2_ws/install/trial_package:/home/rinav/ros2_ws/install/py_srvcli:/home/rinav/ros2_ws/install/py_pubsub:/home/rinav/ros2_ws/install/mobile_robotics:/opt/ros/humble LD_LIBRARY_PATH=/home/rinav/ros2_ws/install/ur_dashboard_msgs/lib:/home/rinav/ros2_ws/src/husky/install/husky_base/lib:/home/rinav/ros2_ws/src/husky/install/husky_msgs/lib:/home/rinav/ros2_ws/install/ur_robot_driver/lib:/home/rinav/ros2_ws/install/ur_controllers/lib:/home/rinav/ros2_ws/install/turtlesim/lib:/home/rinav/ros2_ws/install/robotis_manipulator/lib:/home/rinav/ros2_ws/install/husky_base/lib:/home/rinav/ros2_ws/install/husky_msgs/lib:/opt/ros/humble/opt/rviz_ogre_vendor/lib:/opt/ros/humble/lib/aarch64-linux-gnu:/opt/ros/humble/lib /usr/bin/cmake --build /home/rinav/ros2_ws/build/ur_controllers -- -j8 -l8
[0.314s] Invoking command in '/home/rinav/ros2_ws/build/ur_controllers': CMAKE_PREFIX_PATH=/home/rinav/ros2_ws/install/ur_dashboard_msgs:/home/rinav/ros2_ws/src/husky/install/husky_desktop:/home/rinav/ros2_ws/src/husky/install/husky_viz:/home/rinav/ros2_ws/src/husky/install/husky_simulator:/home/rinav/ros2_ws/src/husky/install/husky_robot:/home/rinav/ros2_ws/src/husky/install/husky_bringup:/home/rinav/ros2_ws/src/husky/install/husky_base:/home/rinav/ros2_ws/src/husky/install/husky_msgs:/home/rinav/ros2_ws/src/husky/install/husky_gazebo:/home/rinav/ros2_ws/src/husky/install/husky_control:/home/rinav/ros2_ws/src/husky/install/husky_description:/home/rinav/ros2_ws/install/ur:/home/rinav/ros2_ws/install/ur_calibration:/home/rinav/ros2_ws/install/ur_robot_driver:/home/rinav/ros2_ws/install/ur_moveit_config:/home/rinav/ros2_ws/install/ur_bringup:/home/rinav/ros2_ws/install/ur_description:/home/rinav/ros2_ws/install/ur_controllers:/home/rinav/ros2_ws/install/turtlesim:/home/rinav/ros2_ws/install/robotis_manipulator:/home/rinav/ros2_ws/install/husky_desktop:/home/rinav/ros2_ws/install/husky_viz:/home/rinav/ros2_ws/install/husky_ur3_ignition:/home/rinav/ros2_ws/install/husky_simulator:/home/rinav/ros2_ws/install/husky_robot:/home/rinav/ros2_ws/install/husky_gazebo:/home/rinav/ros2_ws/install/husky_bringup:/home/rinav/ros2_ws/install/husky_base:/home/rinav/ros2_ws/install/husky_msgs:/home/rinav/ros2_ws/install/husky_control:/home/rinav/ros2_ws/install/husky_description:/home/rinav/ros2_ws/install/trial_package:/home/rinav/ros2_ws/install/py_srvcli:/home/rinav/ros2_ws/install/py_pubsub:/home/rinav/ros2_ws/install/mobile_robotics:/opt/ros/humble LD_LIBRARY_PATH=/home/rinav/ros2_ws/install/ur_dashboard_msgs/lib:/home/rinav/ros2_ws/src/husky/install/husky_base/lib:/home/rinav/ros2_ws/src/husky/install/husky_msgs/lib:/home/rinav/ros2_ws/install/ur_robot_driver/lib:/home/rinav/ros2_ws/install/ur_controllers/lib:/home/rinav/ros2_ws/install/turtlesim/lib:/home/rinav/ros2_ws/install/robotis_manipulator/lib:/home/rinav/ros2_ws/install/husky_base/lib:/home/rinav/ros2_ws/install/husky_msgs/lib:/opt/ros/humble/opt/rviz_ogre_vendor/lib:/opt/ros/humble/lib/aarch64-linux-gnu:/opt/ros/humble/lib /usr/bin/cmake --install /home/rinav/ros2_ws/build/ur_controllers
[0.319s] -- Install configuration: ""
[0.320s] -- Up-to-date: /home/rinav/ros2_ws/install/ur_controllers/include/ur_controllers
[0.320s] -- Up-to-date: /home/rinav/ros2_ws/install/ur_controllers/include/ur_controllers/force_mode_controller_parameters.hpp
[0.320s] -- Up-to-date: /home/rinav/ros2_ws/install/ur_controllers/include/ur_controllers/ur_configuration_controller_parameters.hpp
[0.320s] -- Up-to-date: /home/rinav/ros2_ws/install/ur_controllers/include/ur_controllers/speed_scaling_state_broadcaster_parameters.hpp
[0.320s] -- Up-to-date: /home/rinav/ros2_ws/install/ur_controllers/include/ur_controllers/passthrough_trajectory_controller_parameters.hpp
[0.321s] -- Up-to-date: /home/rinav/ros2_ws/install/ur_controllers/include/ur_controllers/gpio_controller_parameters.hpp
[0.321s] -- Up-to-date: /home/rinav/ros2_ws/install/ur_controllers/include/ur_controllers/scaled_joint_trajectory_controller_parameters.hpp
[0.321s] -- Up-to-date: /home/rinav/ros2_ws/install/ur_controllers/include/ur_controllers/freedrive_mode_controller_parameters.hpp
[0.321s] -- Up-to-date: /home/rinav/ros2_ws/install/ur_controllers/include/ur_controllers/tool_contact_controller_parameters.hpp
[0.321s] -- Up-to-date: /home/rinav/ros2_ws/install/ur_controllers/include/ur_controllers
[0.321s] -- Up-to-date: /home/rinav/ros2_ws/install/ur_controllers/include/ur_controllers/force_mode_controller_parameters.hpp
[0.321s] -- Up-to-date: /home/rinav/ros2_ws/install/ur_controllers/include/ur_controllers/ur_configuration_controller_parameters.hpp
[0.321s] -- Up-to-date: /home/rinav/ros2_ws/install/ur_controllers/include/ur_controllers/speed_scaling_state_broadcaster_parameters.hpp
[0.321s] -- Up-to-date: /home/rinav/ros2_ws/install/ur_controllers/include/ur_controllers/passthrough_trajectory_controller_parameters.hpp
[0.321s] -- Up-to-date: /home/rinav/ros2_ws/install/ur_controllers/include/ur_controllers/gpio_controller_parameters.hpp
[0.322s] -- Up-to-date: /home/rinav/ros2_ws/install/ur_controllers/include/ur_controllers/scaled_joint_trajectory_controller_parameters.hpp
[0.322s] -- Up-to-date: /home/rinav/ros2_ws/install/ur_controllers/include/ur_controllers/freedrive_mode_controller_parameters.hpp
[0.322s] -- Up-to-date: /home/rinav/ros2_ws/install/ur_controllers/include/ur_controllers/tool_contact_controller_parameters.hpp
[0.322s] -- Up-to-date: /home/rinav/ros2_ws/install/ur_controllers/include/ur_controllers
[0.322s] -- Up-to-date: /home/rinav/ros2_ws/install/ur_controllers/include/ur_controllers/force_mode_controller_parameters.hpp
[0.322s] -- Up-to-date: /home/rinav/ros2_ws/install/ur_controllers/include/ur_controllers/ur_configuration_controller_parameters.hpp
[0.322s] -- Up-to-date: /home/rinav/ros2_ws/install/ur_controllers/include/ur_controllers/speed_scaling_state_broadcaster_parameters.hpp
[0.322s] -- Up-to-date: /home/rinav/ros2_ws/install/ur_controllers/include/ur_controllers/passthrough_trajectory_controller_parameters.hpp
[0.323s] -- Up-to-date: /home/rinav/ros2_ws/install/ur_controllers/include/ur_controllers/gpio_controller_parameters.hpp
[0.323s] -- Up-to-date: /home/rinav/ros2_ws/install/ur_controllers/include/ur_controllers/scaled_joint_trajectory_controller_parameters.hpp
[0.323s] -- Up-to-date: /home/rinav/ros2_ws/install/ur_controllers/include/ur_controllers/freedrive_mode_controller_parameters.hpp
[0.323s] -- Up-to-date: /home/rinav/ros2_ws/install/ur_controllers/include/ur_controllers/tool_contact_controller_parameters.hpp
[0.323s] -- Up-to-date: /home/rinav/ros2_ws/install/ur_controllers/include/ur_controllers
[0.323s] -- Up-to-date: /home/rinav/ros2_ws/install/ur_controllers/include/ur_controllers/force_mode_controller_parameters.hpp
[0.323s] -- Up-to-date: /home/rinav/ros2_ws/install/ur_controllers/include/ur_controllers/ur_configuration_controller_parameters.hpp
[0.323s] -- Up-to-date: /home/rinav/ros2_ws/install/ur_controllers/include/ur_controllers/speed_scaling_state_broadcaster_parameters.hpp
[0.323s] -- Up-to-date: /home/rinav/ros2_ws/install/ur_controllers/include/ur_controllers/passthrough_trajectory_controller_parameters.hpp
[0.323s] -- Up-to-date: /home/rinav/ros2_ws/install/ur_controllers/include/ur_controllers/gpio_controller_parameters.hpp
[0.323s] -- Up-to-date: /home/rinav/ros2_ws/install/ur_controllers/include/ur_controllers/scaled_joint_trajectory_controller_parameters.hpp
[0.323s] -- Up-to-date: /home/rinav/ros2_ws/install/ur_controllers/include/ur_controllers/freedrive_mode_controller_parameters.hpp
[0.323s] -- Up-to-date: /home/rinav/ros2_ws/install/ur_controllers/include/ur_controllers/tool_contact_controller_parameters.hpp
[0.324s] -- Up-to-date: /home/rinav/ros2_ws/install/ur_controllers/include/ur_controllers
[0.324s] -- Up-to-date: /home/rinav/ros2_ws/install/ur_controllers/include/ur_controllers/force_mode_controller_parameters.hpp
[0.324s] -- Up-to-date: /home/rinav/ros2_ws/install/ur_controllers/include/ur_controllers/ur_configuration_controller_parameters.hpp
[0.324s] -- Up-to-date: /home/rinav/ros2_ws/install/ur_controllers/include/ur_controllers/speed_scaling_state_broadcaster_parameters.hpp
[0.324s] -- Up-to-date: /home/rinav/ros2_ws/install/ur_controllers/include/ur_controllers/passthrough_trajectory_controller_parameters.hpp
[0.324s] -- Up-to-date: /home/rinav/ros2_ws/install/ur_controllers/include/ur_controllers/gpio_controller_parameters.hpp
[0.324s] -- Up-to-date: /home/rinav/ros2_ws/install/ur_controllers/include/ur_controllers/scaled_joint_trajectory_controller_parameters.hpp
[0.324s] -- Up-to-date: /home/rinav/ros2_ws/install/ur_controllers/include/ur_controllers/freedrive_mode_controller_parameters.hpp
[0.324s] -- Up-to-date: /home/rinav/ros2_ws/install/ur_controllers/include/ur_controllers/tool_contact_controller_parameters.hpp
[0.324s] -- Up-to-date: /home/rinav/ros2_ws/install/ur_controllers/include/ur_controllers
[0.324s] -- Up-to-date: /home/rinav/ros2_ws/install/ur_controllers/include/ur_controllers/force_mode_controller_parameters.hpp
[0.325s] -- Up-to-date: /home/rinav/ros2_ws/install/ur_controllers/include/ur_controllers/ur_configuration_controller_parameters.hpp
[0.325s] -- Up-to-date: /home/rinav/ros2_ws/install/ur_controllers/include/ur_controllers/speed_scaling_state_broadcaster_parameters.hpp
[0.325s] -- Up-to-date: /home/rinav/ros2_ws/install/ur_controllers/include/ur_controllers/passthrough_trajectory_controller_parameters.hpp
[0.325s] -- Up-to-date: /home/rinav/ros2_ws/install/ur_controllers/include/ur_controllers/gpio_controller_parameters.hpp
[0.325s] -- Up-to-date: /home/rinav/ros2_ws/install/ur_controllers/include/ur_controllers/scaled_joint_trajectory_controller_parameters.hpp
[0.325s] -- Up-to-date: /home/rinav/ros2_ws/install/ur_controllers/include/ur_controllers/freedrive_mode_controller_parameters.hpp
[0.325s] -- Up-to-date: /home/rinav/ros2_ws/install/ur_controllers/include/ur_controllers/tool_contact_controller_parameters.hpp
[0.325s] -- Up-to-date: /home/rinav/ros2_ws/install/ur_controllers/include/ur_controllers
[0.325s] -- Up-to-date: /home/rinav/ros2_ws/install/ur_controllers/include/ur_controllers/force_mode_controller_parameters.hpp
[0.325s] -- Up-to-date: /home/rinav/ros2_ws/install/ur_controllers/include/ur_controllers/ur_configuration_controller_parameters.hpp
[0.325s] -- Up-to-date: /home/rinav/ros2_ws/install/ur_controllers/include/ur_controllers/speed_scaling_state_broadcaster_parameters.hpp
[0.325s] -- Up-to-date: /home/rinav/ros2_ws/install/ur_controllers/include/ur_controllers/passthrough_trajectory_controller_parameters.hpp
[0.325s] -- Up-to-date: /home/rinav/ros2_ws/install/ur_controllers/include/ur_controllers/gpio_controller_parameters.hpp
[0.325s] -- Up-to-date: /home/rinav/ros2_ws/install/ur_controllers/include/ur_controllers/scaled_joint_trajectory_controller_parameters.hpp
[0.325s] -- Up-to-date: /home/rinav/ros2_ws/install/ur_controllers/include/ur_controllers/freedrive_mode_controller_parameters.hpp
[0.325s] -- Up-to-date: /home/rinav/ros2_ws/install/ur_controllers/include/ur_controllers/tool_contact_controller_parameters.hpp
[0.326s] -- Up-to-date: /home/rinav/ros2_ws/install/ur_controllers/include/ur_controllers
[0.326s] -- Up-to-date: /home/rinav/ros2_ws/install/ur_controllers/include/ur_controllers/force_mode_controller_parameters.hpp
[0.326s] -- Up-to-date: /home/rinav/ros2_ws/install/ur_controllers/include/ur_controllers/ur_configuration_controller_parameters.hpp
[0.326s] -- Up-to-date: /home/rinav/ros2_ws/install/ur_controllers/include/ur_controllers/speed_scaling_state_broadcaster_parameters.hpp
[0.326s] -- Up-to-date: /home/rinav/ros2_ws/install/ur_controllers/include/ur_controllers/passthrough_trajectory_controller_parameters.hpp
[0.326s] -- Up-to-date: /home/rinav/ros2_ws/install/ur_controllers/include/ur_controllers/gpio_controller_parameters.hpp
[0.326s] -- Up-to-date: /home/rinav/ros2_ws/install/ur_controllers/include/ur_controllers/scaled_joint_trajectory_controller_parameters.hpp
[0.326s] -- Up-to-date: /home/rinav/ros2_ws/install/ur_controllers/include/ur_controllers/freedrive_mode_controller_parameters.hpp
[0.326s] -- Up-to-date: /home/rinav/ros2_ws/install/ur_controllers/include/ur_controllers/tool_contact_controller_parameters.hpp
[0.326s] -- Up-to-date: /home/rinav/ros2_ws/install/ur_controllers/share/ur_controllers/controller_plugins.xml
[0.326s] -- Up-to-date: /home/rinav/ros2_ws/install/ur_controllers/lib/libur_controllers.so
[0.326s] -- Up-to-date: /home/rinav/ros2_ws/install/ur_controllers/include
[0.326s] -- Up-to-date: /home/rinav/ros2_ws/install/ur_controllers/include/ur_controllers
[0.326s] -- Up-to-date: /home/rinav/ros2_ws/install/ur_controllers/include/ur_controllers/gpio_controller.hpp
[0.326s] -- Up-to-date: /home/rinav/ros2_ws/install/ur_controllers/include/ur_controllers/scaled_joint_trajectory_controller.hpp
[0.326s] -- Up-to-date: /home/rinav/ros2_ws/install/ur_controllers/include/ur_controllers/ur_configuration_controller.hpp
[0.326s] -- Up-to-date: /home/rinav/ros2_ws/install/ur_controllers/include/ur_controllers/freedrive_mode_controller.hpp
[0.326s] -- Up-to-date: /home/rinav/ros2_ws/install/ur_controllers/include/ur_controllers/tool_contact_controller.hpp
[0.327s] -- Up-to-date: /home/rinav/ros2_ws/install/ur_controllers/include/ur_controllers/force_mode_controller.hpp
[0.327s] -- Up-to-date: /home/rinav/ros2_ws/install/ur_controllers/include/ur_controllers/speed_scaling_state_broadcaster.hpp
[0.327s] -- Up-to-date: /home/rinav/ros2_ws/install/ur_controllers/include/ur_controllers/passthrough_trajectory_controller.hpp
[0.327s] -- Up-to-date: /home/rinav/ros2_ws/install/ur_controllers/share/ur_controllers/controller_plugins.xml
[0.327s] -- Up-to-date: /home/rinav/ros2_ws/install/ur_controllers/share/ur_controllers/environment/library_path.sh
[0.327s] -- Up-to-date: /home/rinav/ros2_ws/install/ur_controllers/share/ur_controllers/environment/library_path.dsv
[0.327s] -- Up-to-date: /home/rinav/ros2_ws/install/ur_controllers/share/ament_index/resource_index/package_run_dependencies/ur_controllers
[0.327s] -- Up-to-date: /home/rinav/ros2_ws/install/ur_controllers/share/ament_index/resource_index/parent_prefix_path/ur_controllers
[0.327s] -- Up-to-date: /home/rinav/ros2_ws/install/ur_controllers/share/ur_controllers/environment/ament_prefix_path.sh
[0.327s] -- Up-to-date: /home/rinav/ros2_ws/install/ur_controllers/share/ur_controllers/environment/ament_prefix_path.dsv
[0.327s] -- Up-to-date: /home/rinav/ros2_ws/install/ur_controllers/share/ur_controllers/environment/path.sh
[0.327s] -- Up-to-date: /home/rinav/ros2_ws/install/ur_controllers/share/ur_controllers/environment/path.dsv
[0.327s] -- Up-to-date: /home/rinav/ros2_ws/install/ur_controllers/share/ur_controllers/local_setup.bash
[0.327s] -- Up-to-date: /home/rinav/ros2_ws/install/ur_controllers/share/ur_controllers/local_setup.sh
[0.327s] -- Up-to-date: /home/rinav/ros2_ws/install/ur_controllers/share/ur_controllers/local_setup.zsh
[0.327s] -- Up-to-date: /home/rinav/ros2_ws/install/ur_controllers/share/ur_controllers/local_setup.dsv
[0.327s] -- Installing: /home/rinav/ros2_ws/install/ur_controllers/share/ur_controllers/package.dsv
[0.327s] -- Up-to-date: /home/rinav/ros2_ws/install/ur_controllers/share/ament_index/resource_index/packages/ur_controllers
[0.327s] -- Up-to-date: /home/rinav/ros2_ws/install/ur_controllers/share/ament_index/resource_index/controller_interface__pluginlib__plugin/ur_controllers
[0.327s] -- Up-to-date: /home/rinav/ros2_ws/install/ur_controllers/share/ur_controllers/cmake/ament_cmake_export_dependencies-extras.cmake
[0.327s] -- Up-to-date: /home/rinav/ros2_ws/install/ur_controllers/share/ur_controllers/cmake/ament_cmake_export_include_directories-extras.cmake
[0.327s] -- Up-to-date: /home/rinav/ros2_ws/install/ur_controllers/share/ur_controllers/cmake/ament_cmake_export_libraries-extras.cmake
[0.327s] -- Up-to-date: /home/rinav/ros2_ws/install/ur_controllers/share/ur_controllers/cmake/ur_controllersConfig.cmake
[0.327s] -- Up-to-date: /home/rinav/ros2_ws/install/ur_controllers/share/ur_controllers/cmake/ur_controllersConfig-version.cmake
[0.327s] -- Up-to-date: /home/rinav/ros2_ws/install/ur_controllers/share/ur_controllers/package.xml
[0.357s] Invoked command in '/home/rinav/ros2_ws/build/ur_controllers' returned '0': CMAKE_PREFIX_PATH=/home/rinav/ros2_ws/install/ur_dashboard_msgs:/home/rinav/ros2_ws/src/husky/install/husky_desktop:/home/rinav/ros2_ws/src/husky/install/husky_viz:/home/rinav/ros2_ws/src/husky/install/husky_simulator:/home/rinav/ros2_ws/src/husky/install/husky_robot:/home/rinav/ros2_ws/src/husky/install/husky_bringup:/home/rinav/ros2_ws/src/husky/install/husky_base:/home/rinav/ros2_ws/src/husky/install/husky_msgs:/home/rinav/ros2_ws/src/husky/install/husky_gazebo:/home/rinav/ros2_ws/src/husky/install/husky_control:/home/rinav/ros2_ws/src/husky/install/husky_description:/home/rinav/ros2_ws/install/ur:/home/rinav/ros2_ws/install/ur_calibration:/home/rinav/ros2_ws/install/ur_robot_driver:/home/rinav/ros2_ws/install/ur_moveit_config:/home/rinav/ros2_ws/install/ur_bringup:/home/rinav/ros2_ws/install/ur_description:/home/rinav/ros2_ws/install/ur_controllers:/home/rinav/ros2_ws/install/turtlesim:/home/rinav/ros2_ws/install/robotis_manipulator:/home/rinav/ros2_ws/install/husky_desktop:/home/rinav/ros2_ws/install/husky_viz:/home/rinav/ros2_ws/install/husky_ur3_ignition:/home/rinav/ros2_ws/install/husky_simulator:/home/rinav/ros2_ws/install/husky_robot:/home/rinav/ros2_ws/install/husky_gazebo:/home/rinav/ros2_ws/install/husky_bringup:/home/rinav/ros2_ws/install/husky_base:/home/rinav/ros2_ws/install/husky_msgs:/home/rinav/ros2_ws/install/husky_control:/home/rinav/ros2_ws/install/husky_description:/home/rinav/ros2_ws/install/trial_package:/home/rinav/ros2_ws/install/py_srvcli:/home/rinav/ros2_ws/install/py_pubsub:/home/rinav/ros2_ws/install/mobile_robotics:/opt/ros/humble LD_LIBRARY_PATH=/home/rinav/ros2_ws/install/ur_dashboard_msgs/lib:/home/rinav/ros2_ws/src/husky/install/husky_base/lib:/home/rinav/ros2_ws/src/husky/install/husky_msgs/lib:/home/rinav/ros2_ws/install/ur_robot_driver/lib:/home/rinav/ros2_ws/install/ur_controllers/lib:/home/rinav/ros2_ws/install/turtlesim/lib:/home/rinav/ros2_ws/install/robotis_manipulator/lib:/home/rinav/ros2_ws/install/husky_base/lib:/home/rinav/ros2_ws/install/husky_msgs/lib:/opt/ros/humble/opt/rviz_ogre_vendor/lib:/opt/ros/humble/lib/aarch64-linux-gnu:/opt/ros/humble/lib /usr/bin/cmake --install /home/rinav/ros2_ws/build/ur_controllers
