[0.055s] Invoking command in '/home/rinav/ros2_ws/build/rosparam_shortcuts': CMAKE_PREFIX_PATH=${CMAKE_PREFIX_PATH}:/home/rinav/ros2_ws/install/trial_package:/home/rinav/ros2_ws/install/mobile_robotics:/home/rinav/ros2_ws/install/launch_param_builder:/opt/ros/humble /usr/bin/cmake --build /home/rinav/ros2_ws/build/rosparam_shortcuts -- -j8 -l8
[0.135s] [ 15%] Built target gtest_main
[0.155s] [ 30%] Built target gtest
[0.175s] [ 53%] Built target rosparam_shortcuts
[0.208s] [ 69%] Built target test_node_parameters
[0.211s] [ 84%] Built target rosparam_shortcuts_node_parameters_example
[0.219s] [100%] Built target rosparam_shortcuts_example
[0.400s] Invoked command in '/home/rinav/ros2_ws/build/rosparam_shortcuts' returned '0': CMAKE_PREFIX_PATH=${CMAKE_PREFIX_PATH}:/home/rinav/ros2_ws/install/trial_package:/home/rinav/ros2_ws/install/mobile_robotics:/home/rinav/ros2_ws/install/launch_param_builder:/opt/ros/humble /usr/bin/cmake --build /home/rinav/ros2_ws/build/rosparam_shortcuts -- -j8 -l8
[0.401s] Invoking command in '/home/rinav/ros2_ws/build/rosparam_shortcuts': CMAKE_PREFIX_PATH=${CMAKE_PREFIX_PATH}:/home/rinav/ros2_ws/install/trial_package:/home/rinav/ros2_ws/install/mobile_robotics:/home/rinav/ros2_ws/install/launch_param_builder:/opt/ros/humble /usr/bin/cmake --install /home/rinav/ros2_ws/build/rosparam_shortcuts
[0.410s] -- Install configuration: ""
[0.411s] -- Up-to-date: /home/rinav/ros2_ws/install/rosparam_shortcuts/lib/librosparam_shortcuts.so
[0.423s] -- Up-to-date: /home/rinav/ros2_ws/install/rosparam_shortcuts/lib/rosparam_shortcuts/example
[0.426s] -- Up-to-date: /home/rinav/ros2_ws/install/rosparam_shortcuts/lib/rosparam_shortcuts/node_parameters_example
[0.426s] -- Up-to-date: /home/rinav/ros2_ws/install/rosparam_shortcuts/include
[0.426s] -- Up-to-date: /home/rinav/ros2_ws/install/rosparam_shortcuts/include/rosparam_shortcuts
[0.427s] -- Up-to-date: /home/rinav/ros2_ws/install/rosparam_shortcuts/include/rosparam_shortcuts/node_parameters.h
[0.427s] -- Up-to-date: /home/rinav/ros2_ws/install/rosparam_shortcuts/include/rosparam_shortcuts/rosparam_shortcuts.h
[0.427s] -- Up-to-date: /home/rinav/ros2_ws/install/rosparam_shortcuts/share/rosparam_shortcuts/launch
[0.427s] -- Up-to-date: /home/rinav/ros2_ws/install/rosparam_shortcuts/share/rosparam_shortcuts/launch/example.launch.py
[0.427s] -- Up-to-date: /home/rinav/ros2_ws/install/rosparam_shortcuts/share/rosparam_shortcuts/config
[0.427s] -- Up-to-date: /home/rinav/ros2_ws/install/rosparam_shortcuts/share/rosparam_shortcuts/config/example.yaml
[0.427s] -- Up-to-date: /home/rinav/ros2_ws/install/rosparam_shortcuts/share/rosparam_shortcuts/environment/library_path.sh
[0.427s] -- Up-to-date: /home/rinav/ros2_ws/install/rosparam_shortcuts/share/rosparam_shortcuts/environment/library_path.dsv
[0.428s] -- Up-to-date: /home/rinav/ros2_ws/install/rosparam_shortcuts/share/ament_index/resource_index/package_run_dependencies/rosparam_shortcuts
[0.428s] -- Up-to-date: /home/rinav/ros2_ws/install/rosparam_shortcuts/share/ament_index/resource_index/parent_prefix_path/rosparam_shortcuts
[0.428s] -- Up-to-date: /home/rinav/ros2_ws/install/rosparam_shortcuts/share/rosparam_shortcuts/environment/ament_prefix_path.sh
[0.428s] -- Up-to-date: /home/rinav/ros2_ws/install/rosparam_shortcuts/share/rosparam_shortcuts/environment/ament_prefix_path.dsv
[0.428s] -- Up-to-date: /home/rinav/ros2_ws/install/rosparam_shortcuts/share/rosparam_shortcuts/environment/path.sh
[0.428s] -- Up-to-date: /home/rinav/ros2_ws/install/rosparam_shortcuts/share/rosparam_shortcuts/environment/path.dsv
[0.428s] -- Up-to-date: /home/rinav/ros2_ws/install/rosparam_shortcuts/share/rosparam_shortcuts/local_setup.bash
[0.428s] -- Up-to-date: /home/rinav/ros2_ws/install/rosparam_shortcuts/share/rosparam_shortcuts/local_setup.sh
[0.428s] -- Up-to-date: /home/rinav/ros2_ws/install/rosparam_shortcuts/share/rosparam_shortcuts/local_setup.zsh
[0.428s] -- Up-to-date: /home/rinav/ros2_ws/install/rosparam_shortcuts/share/rosparam_shortcuts/local_setup.dsv
[0.428s] -- Installing: /home/rinav/ros2_ws/install/rosparam_shortcuts/share/rosparam_shortcuts/package.dsv
[0.428s] -- Up-to-date: /home/rinav/ros2_ws/install/rosparam_shortcuts/share/ament_index/resource_index/packages/rosparam_shortcuts
[0.428s] -- Up-to-date: /home/rinav/ros2_ws/install/rosparam_shortcuts/share/rosparam_shortcuts/cmake/export_rosparam_shortcutsExport.cmake
[0.428s] -- Up-to-date: /home/rinav/ros2_ws/install/rosparam_shortcuts/share/rosparam_shortcuts/cmake/export_rosparam_shortcutsExport-noconfig.cmake
[0.428s] -- Up-to-date: /home/rinav/ros2_ws/install/rosparam_shortcuts/share/rosparam_shortcuts/cmake/ament_cmake_export_targets-extras.cmake
[0.428s] -- Up-to-date: /home/rinav/ros2_ws/install/rosparam_shortcuts/share/rosparam_shortcuts/cmake/ament_cmake_export_dependencies-extras.cmake
[0.429s] -- Up-to-date: /home/rinav/ros2_ws/install/rosparam_shortcuts/share/rosparam_shortcuts/cmake/rosparam_shortcutsConfig.cmake
[0.429s] -- Up-to-date: /home/rinav/ros2_ws/install/rosparam_shortcuts/share/rosparam_shortcuts/cmake/rosparam_shortcutsConfig-version.cmake
[0.429s] -- Up-to-date: /home/rinav/ros2_ws/install/rosparam_shortcuts/share/rosparam_shortcuts/package.xml
[0.450s] Invoked command in '/home/rinav/ros2_ws/build/rosparam_shortcuts' returned '0': CMAKE_PREFIX_PATH=${CMAKE_PREFIX_PATH}:/home/rinav/ros2_ws/install/trial_package:/home/rinav/ros2_ws/install/mobile_robotics:/home/rinav/ros2_ws/install/launch_param_builder:/opt/ros/humble /usr/bin/cmake --install /home/rinav/ros2_ws/build/rosparam_shortcuts
