-- Found ament_cmake: 1.3.12 (/opt/ros/humble/share/ament_cmake/cmake)
-- Configuring done
-- Generating done
-- Build files have been written to: /home/rinav/ros2_ws/build/husky_simulator
-- Install configuration: ""
-- Up-to-date: /home/rinav/ros2_ws/install/husky_simulator/share/ament_index/resource_index/package_run_dependencies/husky_simulator
-- Installing: /home/rinav/ros2_ws/install/husky_simulator/share/ament_index/resource_index/parent_prefix_path/husky_simulator
-- Up-to-date: /home/rinav/ros2_ws/install/husky_simulator/share/husky_simulator/environment/ament_prefix_path.sh
-- Installing: /home/rinav/ros2_ws/install/husky_simulator/share/husky_simulator/environment/ament_prefix_path.dsv
-- Up-to-date: /home/rinav/ros2_ws/install/husky_simulator/share/husky_simulator/environment/path.sh
-- Installing: /home/rinav/ros2_ws/install/husky_simulator/share/husky_simulator/environment/path.dsv
-- Up-to-date: /home/rinav/ros2_ws/install/husky_simulator/share/husky_simulator/local_setup.bash
-- Up-to-date: /home/rinav/ros2_ws/install/husky_simulator/share/husky_simulator/local_setup.sh
-- Up-to-date: /home/rinav/ros2_ws/install/husky_simulator/share/husky_simulator/local_setup.zsh
-- Installing: /home/rinav/ros2_ws/install/husky_simulator/share/husky_simulator/local_setup.dsv
-- Installing: /home/rinav/ros2_ws/install/husky_simulator/share/husky_simulator/package.dsv
-- Up-to-date: /home/rinav/ros2_ws/install/husky_simulator/share/ament_index/resource_index/packages/husky_simulator
-- Up-to-date: /home/rinav/ros2_ws/install/husky_simulator/share/husky_simulator/cmake/husky_simulatorConfig.cmake
-- Up-to-date: /home/rinav/ros2_ws/install/husky_simulator/share/husky_simulator/cmake/husky_simulatorConfig-version.cmake
-- Installing: /home/rinav/ros2_ws/install/husky_simulator/share/husky_simulator/package.xml
