[0.011s] Invoking command in '/home/rinav/ros2_ws/build/rviz_common': CMAKE_PREFIX_PATH=/home/rinav/ros2_ws/install/rviz_rendering:/home/rinav/ros2_ws/install/rviz_ogre_vendor:/home/rinav/ros2_ws/install/rviz_assimp_vendor:/home/rinav/ros2_ws/install/ur:/home/rinav/ros2_ws/install/ur_calibration:/home/rinav/ros2_ws/install/ur_robot_driver:/home/rinav/ros2_ws/install/ur_moveit_config:/home/rinav/ros2_ws/install/ur_bringup:/home/rinav/ros2_ws/install/ur_description:/home/rinav/ros2_ws/install/ur_controllers:/home/rinav/ros2_ws/install/ur_dashboard_msgs:/home/rinav/ros2_ws/install/turtlesim:/home/rinav/ros2_ws/install/srdfdom:/home/rinav/ros2_ws/install/rviz_visual_testing_framework:/home/rinav/ros2_ws/install/rviz_rendering_tests:/home/rinav/ros2_ws/install/husky_desktop:/home/rinav/ros2_ws/install/husky_viz:/home/rinav/ros2_ws/install/husky_ur3_moveit_config:/home/rinav/ros2_ws/install/rviz2:/home/rinav/ros2_ws/install/rviz_default_plugins:/home/rinav/ros2_ws/install/rviz_common:/home/rinav/ros2_ws/install/rosparam_shortcuts:/home/rinav/ros2_ws/install/robotis_manipulator:/home/rinav/ros2_ws/install/husky_ur3_ignition:/home/rinav/ros2_ws/install/husky_simulator:/home/rinav/ros2_ws/install/husky_robot:/home/rinav/ros2_ws/install/husky_bringup:/home/rinav/ros2_ws/install/husky_base:/home/rinav/ros2_ws/install/husky_msgs:/home/rinav/ros2_ws/install/husky_gazebo:/home/rinav/ros2_ws/install/husky_control:/home/rinav/ros2_ws/install/husky_description:/home/rinav/ros2_ws/src/rviz/install:/opt/ros/humble:/home/rinav/ros2_ws/install/trial_package:/home/rinav/ros2_ws/install/py_srvcli:/home/rinav/ros2_ws/install/py_pubsub:/home/rinav/ros2_ws/install/mobile_robotics:/home/rinav/ros2_ws/install/launch_param_builder LD_LIBRARY_PATH=/home/rinav/ros2_ws/install/rviz_rendering/lib:/home/rinav/ros2_ws/install/ur_robot_driver/lib:/home/rinav/ros2_ws/install/ur_controllers/lib:/home/rinav/ros2_ws/install/ur_dashboard_msgs/lib:/home/rinav/ros2_ws/install/turtlesim/lib:/home/rinav/ros2_ws/install/pilz_industrial_motion_planner_testutils/lib:/home/rinav/ros2_ws/install/moveit_ros_control_interface/lib:/home/rinav/ros2_ws/install/moveit_simple_controller_manager/lib:/home/rinav/ros2_ws/install/moveit_ros_planning/lib:/home/rinav/ros2_ws/install/moveit_ros_occupancy_map_monitor/lib:/home/rinav/ros2_ws/install/moveit_resources_prbt_ikfast_manipulator_plugin/lib:/home/rinav/ros2_ws/install/moveit_planners_chomp/lib:/home/rinav/ros2_ws/install/moveit_chomp_optimizer_adapter/lib:/home/rinav/ros2_ws/install/chomp_motion_planner/lib:/home/rinav/ros2_ws/install/moveit_core/lib:/home/rinav/ros2_ws/install/srdfdom/lib:/home/rinav/ros2_ws/install/rviz_default_plugins/lib:/home/rinav/ros2_ws/install/rviz_common/lib:/home/rinav/ros2_ws/install/rviz_ogre_vendor/opt/rviz_ogre_vendor/lib:/home/rinav/ros2_ws/install/rviz_marker_tools/lib:/home/rinav/ros2_ws/install/rosparam_shortcuts/lib:/home/rinav/ros2_ws/install/robotis_manipulator/lib:/home/rinav/ros2_ws/install/moveit_task_constructor_msgs/lib:/home/rinav/ros2_ws/install/husky_base/lib:/home/rinav/ros2_ws/install/husky_msgs/lib:/home/rinav/ros2_ws/src/rviz/install/opt/rviz_ogre_vendor/lib:/home/rinav/ros2_ws/src/rviz/install/lib:/opt/ros/humble/opt/rviz_ogre_vendor/lib:/opt/ros/humble/lib/aarch64-linux-gnu:/opt/ros/humble/lib /usr/bin/cmake /home/rinav/ros2_ws/src/rviz/rviz_common -DCMAKE_INSTALL_PREFIX=/home/rinav/ros2_ws/install/rviz_common
[0.051s] -- The C compiler identification is GNU 11.4.0
[0.090s] -- The CXX compiler identification is GNU 11.4.0
[0.095s] -- Detecting C compiler ABI info
[0.138s] -- Detecting C compiler ABI info - done
[0.144s] -- Check for working C compiler: /usr/bin/cc - skipped
[0.144s] -- Detecting C compile features
[0.144s] -- Detecting C compile features - done
[0.146s] -- Detecting CXX compiler ABI info
[0.196s] -- Detecting CXX compiler ABI info - done
[0.201s] -- Check for working CXX compiler: /usr/bin/c++ - skipped
[0.201s] -- Detecting CXX compile features
[0.202s] -- Detecting CXX compile features - done
[0.202s] -- Enabling tests requiring a display
[0.205s] -- Found ament_cmake: 1.3.12 (/opt/ros/humble/share/ament_cmake/cmake)
[0.305s] -- Found Python3: /usr/bin/python3 (found version "3.10.12") found components: Interpreter 
[0.379s] -- Found rviz_ogre_vendor: 11.2.18 (/home/rinav/ros2_ws/install/rviz_ogre_vendor/share/rviz_ogre_vendor/cmake)
[0.379s] -- Setting OGRE_DIR to: '/home/rinav/ros2_ws/install/rviz_ogre_vendor/share/rviz_ogre_vendor/cmake/../../../opt/rviz_ogre_vendor/lib/OGRE/cmake'
[0.380s] -- Found OGRE
[0.380s] --   static     : OFF
[0.380s] --   components : HLMS;MeshLodGenerator;Overlay;Paging;Property;RTShaderSystem;Terrain;Volume
[0.380s] --   plugins    : Plugin_BSPSceneManager;Plugin_OctreeSceneManager;Plugin_PCZSceneManager;Plugin_ParticleFX;RenderSystem_GL;RenderSystem_GL3Plus;Codec_STBI;Codec_EXR
[0.380s] --   media      : /home/rinav/ros2_ws/install/rviz_ogre_vendor/opt/rviz_ogre_vendor/share/OGRE/Media
[0.380s] -- OGRE_LIBRARIES: OgreHLMS;OgreMeshLodGenerator;OgreOverlay;OgrePaging;OgreProperty;OgreRTShaderSystem;OgreTerrain;OgreVolume;OgreMain
[0.381s] -- OGRE_LIBRARY_DIRS: /home/rinav/ros2_ws/install/rviz_ogre_vendor/opt/rviz_ogre_vendor/lib
[0.381s] -- OGRE_PLUGINS: Plugin_BSPSceneManager;Plugin_OctreeSceneManager;Plugin_PCZSceneManager;Plugin_ParticleFX;RenderSystem_GL;RenderSystem_GL3Plus;Codec_STBI;Codec_EXR
[0.381s] -- OGRE_PLUGIN_DIR: /home/rinav/ros2_ws/install/rviz_ogre_vendor/opt/rviz_ogre_vendor/lib/OGRE
[0.381s] -- rviz_ogre_vendor::OgreOverlay for IMPORTED_LOCATION_RELEASE: /home/rinav/ros2_ws/install/rviz_ogre_vendor/opt/rviz_ogre_vendor/lib/libOgreOverlay.so
[0.381s] -- rviz_ogre_vendor::OgreOverlay for IMPORTED_LOCATION_DEBUG: /home/rinav/ros2_ws/install/rviz_ogre_vendor/opt/rviz_ogre_vendor/lib/libOgreOverlay.so
[0.381s] -- rviz_ogre_vendor::OgreMain for IMPORTED_LOCATION_RELEASE: /home/rinav/ros2_ws/install/rviz_ogre_vendor/opt/rviz_ogre_vendor/lib/libOgreMain.so
[0.381s] -- rviz_ogre_vendor::OgreMain for IMPORTED_LOCATION_DEBUG: /home/rinav/ros2_ws/install/rviz_ogre_vendor/opt/rviz_ogre_vendor/lib/libOgreMain.so
[0.392s] -- Could not find freeimage library
[0.415s] -- Found ZLIB: /usr/lib/aarch64-linux-gnu/libz.so (found version "1.2.11") 
[0.420s] -- Found OpenGL: /usr/lib/aarch64-linux-gnu/libOpenGL.so   
[0.502s] -- Found X11: /usr/include   
[0.502s] -- Looking for XOpenDisplay in /usr/lib/aarch64-linux-gnu/libX11.so;/usr/lib/aarch64-linux-gnu/libXext.so
[0.545s] -- Looking for XOpenDisplay in /usr/lib/aarch64-linux-gnu/libX11.so;/usr/lib/aarch64-linux-gnu/libXext.so - found
[0.546s] -- Looking for gethostbyname
[0.587s] -- Looking for gethostbyname - found
[0.587s] -- Looking for connect
[0.629s] -- Looking for connect - found
[0.630s] -- Looking for remove
[0.673s] -- Looking for remove - found
[0.673s] -- Looking for shmat
[0.717s] -- Looking for shmat - found
[0.717s] -- Looking for IceConnectionNumber in ICE
[0.760s] -- Looking for IceConnectionNumber in ICE - found
[0.773s] -- Found geometry_msgs: 4.9.0 (/opt/ros/humble/share/geometry_msgs/cmake)
[0.811s] -- Found rosidl_generator_c: 3.1.7 (/opt/ros/humble/share/rosidl_generator_c/cmake)
[0.817s] -- Found rosidl_adapter: 3.1.7 (/opt/ros/humble/share/rosidl_adapter/cmake)
[0.826s] -- Found rosidl_generator_cpp: 3.1.7 (/opt/ros/humble/share/rosidl_generator_cpp/cmake)
[0.839s] -- Using all available rosidl_typesupport_c: rosidl_typesupport_fastrtps_c;rosidl_typesupport_introspection_c
[0.856s] -- Using all available rosidl_typesupport_cpp: rosidl_typesupport_fastrtps_cpp;rosidl_typesupport_introspection_cpp
[0.892s] -- Found pluginlib: 5.1.0 (/opt/ros/humble/share/pluginlib/cmake)
[0.924s] -- Found rclcpp: 16.0.15 (/opt/ros/humble/share/rclcpp/cmake)
[0.965s] -- Found rmw_implementation_cmake: 6.1.2 (/opt/ros/humble/share/rmw_implementation_cmake/cmake)
[0.969s] -- Found rmw_fastrtps_cpp: 6.2.8 (/opt/ros/humble/share/rmw_fastrtps_cpp/cmake)
[0.996s] -- Found TinyXML2 via Config file: TinyXML2_DIR-NOTFOUND
[1.033s] -- Found OpenSSL: /usr/lib/aarch64-linux-gnu/libcrypto.so (found version "3.0.2")  
[1.036s] -- Found TinyXML2 via Config file: TinyXML2_DIR-NOTFOUND
[1.046s] -- Found FastRTPS: /opt/ros/humble/include  
[1.048s] -- Found TinyXML2 via Config file: TinyXML2_DIR-NOTFOUND
[1.055s] -- Found TinyXML2 via Config file: TinyXML2_DIR-NOTFOUND
[1.064s] -- Using RMW implementation 'rmw_fastrtps_cpp' as default
[1.075s] -- Looking for pthread.h
[1.123s] -- Looking for pthread.h - found
[1.123s] -- Performing Test CMAKE_HAVE_LIBC_PTHREAD
[1.169s] -- Performing Test CMAKE_HAVE_LIBC_PTHREAD - Success
[1.170s] -- Found Threads: TRUE  
[1.208s] -- Found resource_retriever: 3.1.3 (/opt/ros/humble/share/resource_retriever/cmake)
[1.267s] -- library: /usr/lib/aarch64-linux-gnu/libcurl.so
[1.267s] -- Found rviz_rendering: 11.2.18 (/home/rinav/ros2_ws/install/rviz_rendering/share/rviz_rendering/cmake)
[1.269s] -- Setting assimp_DIR to: '/home/rinav/ros2_ws/install/rviz_assimp_vendor/share/rviz_assimp_vendor/cmake/../../../opt/rviz_assimp_vendor/lib/cmake/assimp-4.1'
[1.289s] -- Found sensor_msgs: 4.9.0 (/opt/ros/humble/share/sensor_msgs/cmake)
[1.306s] -- Found tf2: 0.25.16 (/opt/ros/humble/share/tf2/cmake)
[1.311s] -- Found tf2_geometry_msgs: 0.25.16 (/opt/ros/humble/share/tf2_geometry_msgs/cmake)
[1.321s] -- Found Eigen3: TRUE (found version "3.4.0") 
[1.321s] -- Ensuring Eigen3 include directory is part of orocos-kdl CMake target
[1.414s] -- Found urdf: 2.6.1 (/opt/ros/humble/share/urdf/cmake)
[1.427s] -- Found yaml_cpp_vendor: 8.0.2 (/opt/ros/humble/share/yaml_cpp_vendor/cmake)
[1.430s] -- Found TinyXML2 via Config file: TinyXML2_DIR-NOTFOUND
[1.487s] -- Found ament_lint_auto: 0.12.14 (/opt/ros/humble/share/ament_lint_auto/cmake)
[1.511s] -- Found gmock sources under '/opt/ros/humble/src/gmock_vendor': C++ tests using 'Google Mock' will be built
[1.516s] -- Found gtest sources under '/opt/ros/humble/src/gtest_vendor': C++ tests using 'Google Test' will be built
[1.536s] -- Added test 'cppcheck' to perform static code analysis on C / C++ code
[1.537s] -- Configured cppcheck include dirs: $<BUILD_INTERFACE:/home/rinav/ros2_ws/src/rviz/rviz_common/include>
[1.537s] -- Configured cppcheck exclude dirs and/or files: 
[1.543s] -- Added test 'cpplint' to check C / C++ code against the Google style
[1.543s] -- Configured cpplint exclude dirs and/or files: 
[1.545s] -- Added test 'lint_cmake' to check CMake code style
[1.551s] -- Added test 'uncrustify' to check C / C++ code style
[1.551s] -- Configured uncrustify additional arguments: 
[1.553s] -- Added test 'xmllint' to check XML markup files
[1.556s] -- Configuring done
[1.667s] -- Generating done
[1.692s] -- Build files have been written to: /home/rinav/ros2_ws/build/rviz_common
[1.704s] Invoked command in '/home/rinav/ros2_ws/build/rviz_common' returned '0': CMAKE_PREFIX_PATH=/home/rinav/ros2_ws/install/rviz_rendering:/home/rinav/ros2_ws/install/rviz_ogre_vendor:/home/rinav/ros2_ws/install/rviz_assimp_vendor:/home/rinav/ros2_ws/install/ur:/home/rinav/ros2_ws/install/ur_calibration:/home/rinav/ros2_ws/install/ur_robot_driver:/home/rinav/ros2_ws/install/ur_moveit_config:/home/rinav/ros2_ws/install/ur_bringup:/home/rinav/ros2_ws/install/ur_description:/home/rinav/ros2_ws/install/ur_controllers:/home/rinav/ros2_ws/install/ur_dashboard_msgs:/home/rinav/ros2_ws/install/turtlesim:/home/rinav/ros2_ws/install/srdfdom:/home/rinav/ros2_ws/install/rviz_visual_testing_framework:/home/rinav/ros2_ws/install/rviz_rendering_tests:/home/rinav/ros2_ws/install/husky_desktop:/home/rinav/ros2_ws/install/husky_viz:/home/rinav/ros2_ws/install/husky_ur3_moveit_config:/home/rinav/ros2_ws/install/rviz2:/home/rinav/ros2_ws/install/rviz_default_plugins:/home/rinav/ros2_ws/install/rviz_common:/home/rinav/ros2_ws/install/rosparam_shortcuts:/home/rinav/ros2_ws/install/robotis_manipulator:/home/rinav/ros2_ws/install/husky_ur3_ignition:/home/rinav/ros2_ws/install/husky_simulator:/home/rinav/ros2_ws/install/husky_robot:/home/rinav/ros2_ws/install/husky_bringup:/home/rinav/ros2_ws/install/husky_base:/home/rinav/ros2_ws/install/husky_msgs:/home/rinav/ros2_ws/install/husky_gazebo:/home/rinav/ros2_ws/install/husky_control:/home/rinav/ros2_ws/install/husky_description:/home/rinav/ros2_ws/src/rviz/install:/opt/ros/humble:/home/rinav/ros2_ws/install/trial_package:/home/rinav/ros2_ws/install/py_srvcli:/home/rinav/ros2_ws/install/py_pubsub:/home/rinav/ros2_ws/install/mobile_robotics:/home/rinav/ros2_ws/install/launch_param_builder LD_LIBRARY_PATH=/home/rinav/ros2_ws/install/rviz_rendering/lib:/home/rinav/ros2_ws/install/ur_robot_driver/lib:/home/rinav/ros2_ws/install/ur_controllers/lib:/home/rinav/ros2_ws/install/ur_dashboard_msgs/lib:/home/rinav/ros2_ws/install/turtlesim/lib:/home/rinav/ros2_ws/install/pilz_industrial_motion_planner_testutils/lib:/home/rinav/ros2_ws/install/moveit_ros_control_interface/lib:/home/rinav/ros2_ws/install/moveit_simple_controller_manager/lib:/home/rinav/ros2_ws/install/moveit_ros_planning/lib:/home/rinav/ros2_ws/install/moveit_ros_occupancy_map_monitor/lib:/home/rinav/ros2_ws/install/moveit_resources_prbt_ikfast_manipulator_plugin/lib:/home/rinav/ros2_ws/install/moveit_planners_chomp/lib:/home/rinav/ros2_ws/install/moveit_chomp_optimizer_adapter/lib:/home/rinav/ros2_ws/install/chomp_motion_planner/lib:/home/rinav/ros2_ws/install/moveit_core/lib:/home/rinav/ros2_ws/install/srdfdom/lib:/home/rinav/ros2_ws/install/rviz_default_plugins/lib:/home/rinav/ros2_ws/install/rviz_common/lib:/home/rinav/ros2_ws/install/rviz_ogre_vendor/opt/rviz_ogre_vendor/lib:/home/rinav/ros2_ws/install/rviz_marker_tools/lib:/home/rinav/ros2_ws/install/rosparam_shortcuts/lib:/home/rinav/ros2_ws/install/robotis_manipulator/lib:/home/rinav/ros2_ws/install/moveit_task_constructor_msgs/lib:/home/rinav/ros2_ws/install/husky_base/lib:/home/rinav/ros2_ws/install/husky_msgs/lib:/home/rinav/ros2_ws/src/rviz/install/opt/rviz_ogre_vendor/lib:/home/rinav/ros2_ws/src/rviz/install/lib:/opt/ros/humble/opt/rviz_ogre_vendor/lib:/opt/ros/humble/lib/aarch64-linux-gnu:/opt/ros/humble/lib /usr/bin/cmake /home/rinav/ros2_ws/src/rviz/rviz_common -DCMAKE_INSTALL_PREFIX=/home/rinav/ros2_ws/install/rviz_common
[1.706s] Invoking command in '/home/rinav/ros2_ws/build/rviz_common': CMAKE_PREFIX_PATH=/home/rinav/ros2_ws/install/rviz_rendering:/home/rinav/ros2_ws/install/rviz_ogre_vendor:/home/rinav/ros2_ws/install/rviz_assimp_vendor:/home/rinav/ros2_ws/install/ur:/home/rinav/ros2_ws/install/ur_calibration:/home/rinav/ros2_ws/install/ur_robot_driver:/home/rinav/ros2_ws/install/ur_moveit_config:/home/rinav/ros2_ws/install/ur_bringup:/home/rinav/ros2_ws/install/ur_description:/home/rinav/ros2_ws/install/ur_controllers:/home/rinav/ros2_ws/install/ur_dashboard_msgs:/home/rinav/ros2_ws/install/turtlesim:/home/rinav/ros2_ws/install/srdfdom:/home/rinav/ros2_ws/install/rviz_visual_testing_framework:/home/rinav/ros2_ws/install/rviz_rendering_tests:/home/rinav/ros2_ws/install/husky_desktop:/home/rinav/ros2_ws/install/husky_viz:/home/rinav/ros2_ws/install/husky_ur3_moveit_config:/home/rinav/ros2_ws/install/rviz2:/home/rinav/ros2_ws/install/rviz_default_plugins:/home/rinav/ros2_ws/install/rviz_common:/home/rinav/ros2_ws/install/rosparam_shortcuts:/home/rinav/ros2_ws/install/robotis_manipulator:/home/rinav/ros2_ws/install/husky_ur3_ignition:/home/rinav/ros2_ws/install/husky_simulator:/home/rinav/ros2_ws/install/husky_robot:/home/rinav/ros2_ws/install/husky_bringup:/home/rinav/ros2_ws/install/husky_base:/home/rinav/ros2_ws/install/husky_msgs:/home/rinav/ros2_ws/install/husky_gazebo:/home/rinav/ros2_ws/install/husky_control:/home/rinav/ros2_ws/install/husky_description:/home/rinav/ros2_ws/src/rviz/install:/opt/ros/humble:/home/rinav/ros2_ws/install/trial_package:/home/rinav/ros2_ws/install/py_srvcli:/home/rinav/ros2_ws/install/py_pubsub:/home/rinav/ros2_ws/install/mobile_robotics:/home/rinav/ros2_ws/install/launch_param_builder LD_LIBRARY_PATH=/home/rinav/ros2_ws/install/rviz_rendering/lib:/home/rinav/ros2_ws/install/ur_robot_driver/lib:/home/rinav/ros2_ws/install/ur_controllers/lib:/home/rinav/ros2_ws/install/ur_dashboard_msgs/lib:/home/rinav/ros2_ws/install/turtlesim/lib:/home/rinav/ros2_ws/install/pilz_industrial_motion_planner_testutils/lib:/home/rinav/ros2_ws/install/moveit_ros_control_interface/lib:/home/rinav/ros2_ws/install/moveit_simple_controller_manager/lib:/home/rinav/ros2_ws/install/moveit_ros_planning/lib:/home/rinav/ros2_ws/install/moveit_ros_occupancy_map_monitor/lib:/home/rinav/ros2_ws/install/moveit_resources_prbt_ikfast_manipulator_plugin/lib:/home/rinav/ros2_ws/install/moveit_planners_chomp/lib:/home/rinav/ros2_ws/install/moveit_chomp_optimizer_adapter/lib:/home/rinav/ros2_ws/install/chomp_motion_planner/lib:/home/rinav/ros2_ws/install/moveit_core/lib:/home/rinav/ros2_ws/install/srdfdom/lib:/home/rinav/ros2_ws/install/rviz_default_plugins/lib:/home/rinav/ros2_ws/install/rviz_common/lib:/home/rinav/ros2_ws/install/rviz_ogre_vendor/opt/rviz_ogre_vendor/lib:/home/rinav/ros2_ws/install/rviz_marker_tools/lib:/home/rinav/ros2_ws/install/rosparam_shortcuts/lib:/home/rinav/ros2_ws/install/robotis_manipulator/lib:/home/rinav/ros2_ws/install/moveit_task_constructor_msgs/lib:/home/rinav/ros2_ws/install/husky_base/lib:/home/rinav/ros2_ws/install/husky_msgs/lib:/home/rinav/ros2_ws/src/rviz/install/opt/rviz_ogre_vendor/lib:/home/rinav/ros2_ws/src/rviz/install/lib:/opt/ros/humble/opt/rviz_ogre_vendor/lib:/opt/ros/humble/lib/aarch64-linux-gnu:/opt/ros/humble/lib /usr/bin/cmake --build /home/rinav/ros2_ws/build/rviz_common -- -j8 -l8
[1.744s] [  0%] [34m[1mGenerating src/rviz_common/moc_widget_geometry_change_detector.cpp[0m
[1.746s] [  1%] [34m[1mGenerating include/rviz_common/interaction/moc_selection_manager.cpp[0m
[1.748s] [  1%] [34m[1mGenerating include/rviz_common/interaction/moc_selection_manager_iface.cpp[0m
[1.752s] [  2%] [32mBuilding CXX object gmock/CMakeFiles/gmock.dir/opt/ros/humble/src/gtest_vendor/src/gtest-all.cc.o[0m
[1.752s] [  2%] [32mBuilding CXX object gtest/CMakeFiles/gtest_main.dir/src/gtest_main.cc.o[0m
[1.753s] [  2%] [34m[1mGenerating include/rviz_common/moc_display.cpp[0m
[1.754s] [  3%] [34m[1mGenerating include/rviz_common/moc_display_context.cpp[0m
[1.759s] [  3%] [32mBuilding CXX object gmock/CMakeFiles/gmock_main.dir/src/gmock_main.cc.o[0m
[1.760s] [  4%] [34m[1mGenerating include/rviz_common/moc_display_group.cpp[0m
[1.761s] [  4%] [34m[1mGenerating include/rviz_common/moc_frame_manager_iface.cpp[0m
[1.765s] [  5%] [32mBuilding CXX object gtest/CMakeFiles/gtest.dir/src/gtest-all.cc.o[0m
[1.768s] [  5%] [34m[1mGenerating include/rviz_common/moc_frame_position_tracking_view_controller.cpp[0m
[1.789s] [  5%] [34m[1mGenerating include/rviz_common/moc_panel.cpp[0m
[1.794s] [  6%] [34m[1mGenerating include/rviz_common/moc_panel_dock_widget.cpp[0m
[1.801s] [  6%] [34m[1mGenerating include/rviz_common/moc_render_panel.cpp[0m
[1.805s] [  6%] [32mBuilding CXX object gmock/CMakeFiles/gmock.dir/src/gmock-all.cc.o[0m
[1.814s] [  7%] [34m[1mGenerating include/rviz_common/moc_ros_topic_display.cpp[0m
[1.820s] [  7%] [34m[1mGenerating include/rviz_common/moc_tool.cpp[0m
[1.846s] [  7%] [34m[1mGenerating include/rviz_common/moc_tool_manager.cpp[0m
[1.852s] [  7%] [34m[1mGenerating include/rviz_common/moc_view_controller.cpp[0m
[1.862s] [  7%] [34m[1mGenerating include/rviz_common/moc_view_manager.cpp[0m
[1.900s] [  7%] [34m[1mGenerating include/rviz_common/moc_visualization_frame.cpp[0m
[1.915s] [  8%] [34m[1mGenerating include/rviz_common/moc_visualizer_app.cpp[0m
[1.915s] [  8%] [34m[1mGenerating include/rviz_common/moc_visualization_manager.cpp[0m
[1.971s] [  8%] [34m[1mGenerating include/rviz_common/properties/moc_bool_property.cpp[0m
[1.983s] [  8%] [34m[1mGenerating include/rviz_common/properties/moc_color_editor.cpp[0m
[1.995s] [  9%] [34m[1mGenerating include/rviz_common/properties/moc_color_property.cpp[0m
[2.010s] [  9%] [34m[1mGenerating include/rviz_common/properties/moc_combo_box.cpp[0m
[2.018s] [  9%] [34m[1mGenerating include/rviz_common/properties/moc_covariance_property.cpp[0m
[2.025s] [ 10%] [34m[1mGenerating include/rviz_common/properties/moc_display_group_visibility_property.cpp[0m
[2.032s] [ 10%] [34m[1mGenerating include/rviz_common/properties/moc_display_visibility_property.cpp[0m
[2.044s] [ 11%] [34m[1mGenerating include/rviz_common/properties/moc_editable_combo_box.cpp[0m
[2.049s] [ 11%] [34m[1mGenerating include/rviz_common/properties/moc_editable_enum_property.cpp[0m
[2.056s] [ 12%] [34m[1mGenerating include/rviz_common/properties/moc_enum_property.cpp[0m
[2.068s] [ 12%] [34m[1mGenerating include/rviz_common/properties/moc_float_edit.cpp[0m
[2.073s] [ 13%] [34m[1mGenerating include/rviz_common/properties/moc_float_property.cpp[0m
[2.086s] [ 13%] [34m[1mGenerating include/rviz_common/properties/moc_int_property.cpp[0m
[2.093s] [ 14%] [34m[1mGenerating include/rviz_common/properties/moc_line_edit_with_button.cpp[0m
[2.103s] [ 14%] [34m[1mGenerating include/rviz_common/properties/moc_property.cpp[0m
[2.114s] [ 14%] [34m[1mGenerating include/rviz_common/properties/moc_property_tree_delegate.cpp[0m
[2.121s] [ 15%] [34m[1mGenerating include/rviz_common/properties/moc_property_tree_model.cpp[0m
[2.129s] [ 15%] [34m[1mGenerating include/rviz_common/properties/moc_property_tree_widget.cpp[0m
[2.132s] [ 15%] [32m[1mLinking CXX static library libgtest_main.a[0m
[2.137s] [ 15%] [34m[1mGenerating include/rviz_common/properties/moc_property_tree_with_help.cpp[0m
[2.139s] [ 15%] [34m[1mGenerating include/rviz_common/properties/moc_qos_profile_property.cpp[0m
[2.152s] [ 15%] [34m[1mGenerating include/rviz_common/properties/moc_quaternion_property.cpp[0m
[2.157s] [ 16%] [34m[1mGenerating include/rviz_common/properties/moc_ros_topic_property.cpp[0m
[2.161s] [ 16%] [34m[1mGenerating include/rviz_common/properties/moc_splitter_handle.cpp[0m
[2.169s] [ 16%] [34m[1mGenerating include/rviz_common/properties/moc_status_list.cpp[0m
[2.171s] [ 17%] [34m[1mGenerating include/rviz_common/properties/moc_status_property.cpp[0m
[2.178s] [ 17%] Built target gtest_main
[2.182s] [ 17%] [34m[1mGenerating include/rviz_common/properties/moc_string_property.cpp[0m
[2.188s] [ 17%] [34m[1mGenerating include/rviz_common/properties/moc_tf_frame_property.cpp[0m
[2.190s] [ 18%] [34m[1mGenerating src/rviz_common/moc_add_display_dialog.cpp[0m
[2.192s] [ 18%] [34m[1mGenerating include/rviz_common/transformation/moc_transformation_manager.cpp[0m
[2.198s] [ 19%] [34m[1mGenerating include/rviz_common/properties/moc_vector_property.cpp[0m
[2.207s] [ 19%] [34m[1mGenerating src/rviz_common/moc_displays_panel.cpp[0m
[2.207s] [ 19%] [34m[1mGenerating src/rviz_common/moc_failed_panel.cpp[0m
[2.213s] [ 20%] [34m[1mGenerating src/rviz_common/moc_frame_manager.cpp[0m
[2.219s] [ 20%] [34m[1mGenerating src/rviz_common/moc_help_panel.cpp[0m
[2.221s] [ 20%] [34m[1mGenerating src/rviz_common/moc_loading_dialog.cpp[0m
[2.227s] [ 21%] [34m[1mGenerating src/rviz_common/moc_new_object_dialog.cpp[0m
[2.233s] [ 22%] [34m[1mGenerating src/rviz_common/moc_scaled_image_widget.cpp[0m
[2.235s] [ 22%] [34m[1mGenerating src/rviz_common/moc_screenshot_dialog.cpp[0m
[2.235s] [ 23%] [34m[1mGenerating src/rviz_common/moc_time_panel.cpp[0m
[2.238s] [ 23%] [34m[1mGenerating src/rviz_common/moc_splash_screen.cpp[0m
[2.246s] [ 24%] [34m[1mGenerating src/rviz_common/moc_tool_properties_panel.cpp[0m
[2.246s] [ 25%] [34m[1mGenerating src/rviz_common/moc_transformation_panel.cpp[0m
[2.254s] [ 25%] [32m[1mLinking CXX static library libgmock_main.a[0m
[2.277s] [ 25%] Built target gmock_main
[2.286s] [ 26%] [34m[1mGenerating src/rviz_common/moc_views_panel.cpp[0m
[2.317s] [ 27%] [32mBuilding CXX object CMakeFiles/rviz_common.dir/src/rviz_common/moc_help_panel.cpp.o[0m
[2.317s] [ 27%] [32mBuilding CXX object CMakeFiles/rviz_common.dir/src/rviz_common/moc_add_display_dialog.cpp.o[0m
[2.323s] [ 27%] [32mBuilding CXX object CMakeFiles/rviz_common.dir/include/rviz_common/properties/moc_enum_property.cpp.o[0m
[2.324s] [ 28%] [32mBuilding CXX object CMakeFiles/rviz_common.dir/include/rviz_common/properties/moc_splitter_handle.cpp.o[0m
[2.333s] [ 28%] [32mBuilding CXX object CMakeFiles/rviz_common.dir/include/rviz_common/properties/moc_property_tree_widget.cpp.o[0m
[3.021s] [ 28%] [32mBuilding CXX object CMakeFiles/rviz_common.dir/include/rviz_common/moc_display_group.cpp.o[0m
[3.077s] [ 28%] [32mBuilding CXX object CMakeFiles/rviz_common.dir/include/rviz_common/moc_frame_position_tracking_view_controller.cpp.o[0m
[3.094s] [ 29%] [32mBuilding CXX object CMakeFiles/rviz_common.dir/include/rviz_common/properties/moc_quaternion_property.cpp.o[0m
[3.230s] [ 29%] [32mBuilding CXX object CMakeFiles/rviz_common.dir/include/rviz_common/moc_visualizer_app.cpp.o[0m
[3.489s] [ 30%] [32mBuilding CXX object CMakeFiles/rviz_common.dir/include/rviz_common/moc_display.cpp.o[0m
[3.749s] [ 31%] [32m[1mLinking CXX static library libgmock.a[0m
[3.835s] [ 31%] [32mBuilding CXX object CMakeFiles/rviz_common.dir/include/rviz_common/moc_display_context.cpp.o[0m
[3.853s] [ 31%] Built target gmock
[3.859s] [ 31%] [32mBuilding CXX object CMakeFiles/rviz_common.dir/src/rviz_common/moc_displays_panel.cpp.o[0m
[4.004s] [ 31%] [32m[1mLinking CXX static library libgtest.a[0m
[4.031s] [ 32%] [32mBuilding CXX object CMakeFiles/rviz_common.dir/src/rviz_common/moc_failed_panel.cpp.o[0m
[4.162s] [ 32%] Built target gtest
[4.185s] [ 32%] [32mBuilding CXX object CMakeFiles/rviz_common.dir/src/rviz_common/moc_frame_manager.cpp.o[0m
[4.508s] [ 32%] [32mBuilding CXX object CMakeFiles/rviz_common.dir/include/rviz_common/moc_frame_manager_iface.cpp.o[0m
[4.830s] [ 33%] [32mBuilding CXX object CMakeFiles/rviz_common.dir/src/rviz_common/moc_loading_dialog.cpp.o[0m
[4.921s] [ 33%] [32mBuilding CXX object CMakeFiles/rviz_common.dir/src/rviz_common/moc_new_object_dialog.cpp.o[0m
[5.287s] [ 34%] [32mBuilding CXX object CMakeFiles/rviz_common.dir/include/rviz_common/moc_panel.cpp.o[0m
[5.572s] [ 34%] [32mBuilding CXX object CMakeFiles/rviz_common.dir/include/rviz_common/moc_panel_dock_widget.cpp.o[0m
[5.725s] [ 34%] [32mBuilding CXX object CMakeFiles/rviz_common.dir/include/rviz_common/properties/moc_bool_property.cpp.o[0m
[5.981s] [ 35%] [32mBuilding CXX object CMakeFiles/rviz_common.dir/include/rviz_common/properties/moc_color_editor.cpp.o[0m
[5.987s] [ 35%] [32mBuilding CXX object CMakeFiles/rviz_common.dir/include/rviz_common/properties/moc_color_property.cpp.o[0m
[6.266s] [ 36%] [32mBuilding CXX object CMakeFiles/rviz_common.dir/include/rviz_common/properties/moc_covariance_property.cpp.o[0m
[6.353s] [ 36%] [32mBuilding CXX object CMakeFiles/rviz_common.dir/include/rviz_common/properties/moc_combo_box.cpp.o[0m
[6.372s] [ 36%] [32mBuilding CXX object CMakeFiles/rviz_common.dir/include/rviz_common/properties/moc_display_group_visibility_property.cpp.o[0m
[6.477s] [ 37%] [32mBuilding CXX object CMakeFiles/rviz_common.dir/include/rviz_common/properties/moc_display_visibility_property.cpp.o[0m
[6.720s] [ 37%] [32mBuilding CXX object CMakeFiles/rviz_common.dir/include/rviz_common/properties/moc_editable_combo_box.cpp.o[0m
[6.841s] [ 37%] [32mBuilding CXX object CMakeFiles/rviz_common.dir/include/rviz_common/properties/moc_editable_enum_property.cpp.o[0m
[6.895s] [ 38%] [32mBuilding CXX object CMakeFiles/rviz_common.dir/include/rviz_common/properties/moc_float_edit.cpp.o[0m
[7.001s] [ 38%] [32mBuilding CXX object CMakeFiles/rviz_common.dir/include/rviz_common/properties/moc_float_property.cpp.o[0m
[7.018s] [ 39%] [32mBuilding CXX object CMakeFiles/rviz_common.dir/include/rviz_common/properties/moc_int_property.cpp.o[0m
[7.046s] [ 39%] [32mBuilding CXX object CMakeFiles/rviz_common.dir/include/rviz_common/properties/moc_line_edit_with_button.cpp.o[0m
[7.104s] [ 39%] [32mBuilding CXX object CMakeFiles/rviz_common.dir/include/rviz_common/properties/moc_property.cpp.o[0m
[7.119s] [ 40%] [32mBuilding CXX object CMakeFiles/rviz_common.dir/include/rviz_common/properties/moc_property_tree_delegate.cpp.o[0m
[7.544s] [ 40%] [32mBuilding CXX object CMakeFiles/rviz_common.dir/include/rviz_common/properties/moc_property_tree_model.cpp.o[0m
[7.554s] [ 40%] [32mBuilding CXX object CMakeFiles/rviz_common.dir/include/rviz_common/properties/moc_property_tree_with_help.cpp.o[0m
[7.603s] [ 41%] [32mBuilding CXX object CMakeFiles/rviz_common.dir/include/rviz_common/properties/moc_qos_profile_property.cpp.o[0m
[7.632s] [ 41%] [32mBuilding CXX object CMakeFiles/rviz_common.dir/include/rviz_common/properties/moc_ros_topic_property.cpp.o[0m
[7.671s] [ 42%] [32mBuilding CXX object CMakeFiles/rviz_common.dir/include/rviz_common/properties/moc_status_list.cpp.o[0m
[7.741s] [ 42%] [32mBuilding CXX object CMakeFiles/rviz_common.dir/include/rviz_common/properties/moc_status_property.cpp.o[0m
[7.765s] [ 42%] [32mBuilding CXX object CMakeFiles/rviz_common.dir/include/rviz_common/properties/moc_string_property.cpp.o[0m
[7.837s] [ 43%] [32mBuilding CXX object CMakeFiles/rviz_common.dir/include/rviz_common/properties/moc_tf_frame_property.cpp.o[0m
[8.088s] [ 43%] [32mBuilding CXX object CMakeFiles/rviz_common.dir/include/rviz_common/properties/moc_vector_property.cpp.o[0m
[8.191s] [ 43%] [32mBuilding CXX object CMakeFiles/rviz_common.dir/include/rviz_common/moc_render_panel.cpp.o[0m
[8.234s] [ 44%] [32mBuilding CXX object CMakeFiles/rviz_common.dir/include/rviz_common/moc_visualization_manager.cpp.o[0m
[8.293s] [ 44%] [32mBuilding CXX object CMakeFiles/rviz_common.dir/src/rviz_common/moc_scaled_image_widget.cpp.o[0m
[8.366s] [ 45%] [32mBuilding CXX object CMakeFiles/rviz_common.dir/src/rviz_common/moc_screenshot_dialog.cpp.o[0m
[8.380s] [ 45%] [32mBuilding CXX object CMakeFiles/rviz_common.dir/include/rviz_common/interaction/moc_selection_manager.cpp.o[0m
[8.882s] [ 45%] [32mBuilding CXX object CMakeFiles/rviz_common.dir/include/rviz_common/interaction/moc_selection_manager_iface.cpp.o[0m
[8.920s] [ 46%] [32mBuilding CXX object CMakeFiles/rviz_common.dir/src/rviz_common/moc_splash_screen.cpp.o[0m
[8.950s] [ 46%] [32mBuilding CXX object CMakeFiles/rviz_common.dir/src/rviz_common/moc_time_panel.cpp.o[0m
[8.952s] [ 46%] [32mBuilding CXX object CMakeFiles/rviz_common.dir/include/rviz_common/moc_tool.cpp.o[0m
[9.576s] [ 47%] [32mBuilding CXX object CMakeFiles/rviz_common.dir/include/rviz_common/moc_tool_manager.cpp.o[0m
[9.669s] [ 47%] [32mBuilding CXX object CMakeFiles/rviz_common.dir/src/rviz_common/moc_tool_properties_panel.cpp.o[0m
[9.704s] [ 48%] [32mBuilding CXX object CMakeFiles/rviz_common.dir/include/rviz_common/transformation/moc_transformation_manager.cpp.o[0m
[9.934s] [ 48%] [32mBuilding CXX object CMakeFiles/rviz_common.dir/src/rviz_common/moc_transformation_panel.cpp.o[0m
[9.947s] [ 48%] [32mBuilding CXX object CMakeFiles/rviz_common.dir/include/rviz_common/moc_view_controller.cpp.o[0m
[10.187s] [ 49%] [32mBuilding CXX object CMakeFiles/rviz_common.dir/include/rviz_common/moc_view_manager.cpp.o[0m
[10.329s] [ 49%] [32mBuilding CXX object CMakeFiles/rviz_common.dir/src/rviz_common/moc_views_panel.cpp.o[0m
[10.676s] [ 49%] [32mBuilding CXX object CMakeFiles/rviz_common.dir/include/rviz_common/moc_visualization_frame.cpp.o[0m
[10.729s] [ 50%] [32mBuilding CXX object CMakeFiles/rviz_common.dir/src/rviz_common/moc_widget_geometry_change_detector.cpp.o[0m
[10.929s] [ 50%] [32mBuilding CXX object CMakeFiles/rviz_common.dir/include/rviz_common/moc_ros_topic_display.cpp.o[0m
[10.997s] [ 51%] [32mBuilding CXX object CMakeFiles/rviz_common.dir/src/rviz_common/env_config.cpp.o[0m
[11.134s] [ 51%] [32mBuilding CXX object CMakeFiles/rviz_common.dir/src/rviz_common/add_display_dialog.cpp.o[0m
[11.190s] [ 51%] [32mBuilding CXX object CMakeFiles/rviz_common.dir/src/rviz_common/bit_allocator.cpp.o[0m
[11.191s] [ 52%] [32mBuilding CXX object CMakeFiles/rviz_common.dir/src/rviz_common/config.cpp.o[0m
[11.219s] [ 52%] [32mBuilding CXX object CMakeFiles/rviz_common.dir/src/rviz_common/depth_cloud_mld.cpp.o[0m
[11.380s] [ 52%] [32mBuilding CXX object CMakeFiles/rviz_common.dir/src/rviz_common/display_factory.cpp.o[0m
[11.820s] [ 53%] [32mBuilding CXX object CMakeFiles/rviz_common.dir/src/rviz_common/display_group.cpp.o[0m
[12.712s] [ 53%] [32mBuilding CXX object CMakeFiles/rviz_common.dir/src/rviz_common/display.cpp.o[0m
[13.293s] [ 54%] [32mBuilding CXX object CMakeFiles/rviz_common.dir/src/rviz_common/displays_panel.cpp.o[0m
[13.746s] [ 54%] [32mBuilding CXX object CMakeFiles/rviz_common.dir/src/rviz_common/failed_display.cpp.o[0m
[13.879s] [ 54%] [32mBuilding CXX object CMakeFiles/rviz_common.dir/src/rviz_common/failed_panel.cpp.o[0m
[14.247s] [ 55%] [32mBuilding CXX object CMakeFiles/rviz_common.dir/src/rviz_common/failed_tool.cpp.o[0m
[14.520s] [ 55%] [32mBuilding CXX object CMakeFiles/rviz_common.dir/src/rviz_common/failed_view_controller.cpp.o[0m
[14.600s] [ 56%] [32mBuilding CXX object CMakeFiles/rviz_common.dir/src/rviz_common/frame_manager.cpp.o[0m
[14.665s] [ 56%] [32mBuilding CXX object CMakeFiles/rviz_common.dir/src/rviz_common/frame_position_tracking_view_controller.cpp.o[0m
[14.927s] [ 56%] [32mBuilding CXX object CMakeFiles/rviz_common.dir/src/rviz_common/help_panel.cpp.o[0m
[15.292s] [ 57%] [32mBuilding CXX object CMakeFiles/rviz_common.dir/src/rviz_common/load_resource.cpp.o[0m
[16.003s] [ 57%] [32mBuilding CXX object CMakeFiles/rviz_common.dir/src/rviz_common/loading_dialog.cpp.o[0m
[17.003s] [ 57%] [32mBuilding CXX object CMakeFiles/rviz_common.dir/src/rviz_common/logging.cpp.o[0m
[17.106s] [ 58%] [32mBuilding CXX object CMakeFiles/rviz_common.dir/src/rviz_common/new_object_dialog.cpp.o[0m
[17.139s] [ 58%] [32mBuilding CXX object CMakeFiles/rviz_common.dir/src/rviz_common/panel_dock_widget.cpp.o[0m
[17.253s] [ 59%] [32mBuilding CXX object CMakeFiles/rviz_common.dir/src/rviz_common/panel_factory.cpp.o[0m
[17.425s] [ 59%] [32mBuilding CXX object CMakeFiles/rviz_common.dir/src/rviz_common/panel.cpp.o[0m
[17.708s] [ 59%] [32mBuilding CXX object CMakeFiles/rviz_common.dir/src/rviz_common/properties/bool_property.cpp.o[0m
[17.715s] [ 60%] [32mBuilding CXX object CMakeFiles/rviz_common.dir/src/rviz_common/properties/color_editor.cpp.o[0m
[17.967s] [ 60%] [32mBuilding CXX object CMakeFiles/rviz_common.dir/src/rviz_common/properties/color_property.cpp.o[0m
[18.055s] [ 60%] [32mBuilding CXX object CMakeFiles/rviz_common.dir/src/rviz_common/properties/combo_box.cpp.o[0m
[18.313s] [ 61%] [32mBuilding CXX object CMakeFiles/rviz_common.dir/src/rviz_common/properties/covariance_property.cpp.o[0m
[18.380s] [ 61%] [32mBuilding CXX object CMakeFiles/rviz_common.dir/src/rviz_common/properties/display_group_visibility_property.cpp.o[0m
[18.581s] [ 62%] [32mBuilding CXX object CMakeFiles/rviz_common.dir/src/rviz_common/properties/display_visibility_property.cpp.o[0m
[18.639s] [ 62%] [32mBuilding CXX object CMakeFiles/rviz_common.dir/src/rviz_common/properties/editable_combo_box.cpp.o[0m
[18.746s] [ 62%] [32mBuilding CXX object CMakeFiles/rviz_common.dir/src/rviz_common/properties/editable_enum_property.cpp.o[0m
[18.909s] [ 63%] [32mBuilding CXX object CMakeFiles/rviz_common.dir/src/rviz_common/properties/enum_property.cpp.o[0m
[19.456s] [ 63%] [32mBuilding CXX object CMakeFiles/rviz_common.dir/src/rviz_common/properties/file_picker.cpp.o[0m
[19.463s] [ 63%] [32mBuilding CXX object CMakeFiles/rviz_common.dir/src/rviz_common/properties/file_picker_property.cpp.o[0m
[19.631s] [ 64%] [32mBuilding CXX object CMakeFiles/rviz_common.dir/src/rviz_common/properties/float_edit.cpp.o[0m
[19.850s] [ 64%] [32mBuilding CXX object CMakeFiles/rviz_common.dir/src/rviz_common/properties/float_property.cpp.o[0m
[20.329s] [ 65%] [32mBuilding CXX object CMakeFiles/rviz_common.dir/src/rviz_common/properties/grouped_checkbox_property.cpp.o[0m
[20.481s] [ 65%] [32mBuilding CXX object CMakeFiles/rviz_common.dir/src/rviz_common/properties/grouped_checkbox_property_group.cpp.o[0m
[20.634s] [ 65%] [32mBuilding CXX object CMakeFiles/rviz_common.dir/src/rviz_common/properties/int_property.cpp.o[0m
[20.855s] [ 66%] [32mBuilding CXX object CMakeFiles/rviz_common.dir/src/rviz_common/properties/line_edit_with_button.cpp.o[0m
[20.974s] [ 66%] [32mBuilding CXX object CMakeFiles/rviz_common.dir/src/rviz_common/properties/parse_color.cpp.o[0m
[21.569s] [ 66%] [32mBuilding CXX object CMakeFiles/rviz_common.dir/src/rviz_common/properties/property_tree_delegate.cpp.o[0m
[21.614s] [ 67%] [32mBuilding CXX object CMakeFiles/rviz_common.dir/src/rviz_common/properties/property_tree_model.cpp.o[0m
[21.679s] [ 67%] [32mBuilding CXX object CMakeFiles/rviz_common.dir/src/rviz_common/properties/property_tree_widget.cpp.o[0m
[21.713s] [ 68%] [32mBuilding CXX object CMakeFiles/rviz_common.dir/src/rviz_common/properties/property_tree_with_help.cpp.o[0m
[21.765s] [ 68%] [32mBuilding CXX object CMakeFiles/rviz_common.dir/src/rviz_common/properties/property.cpp.o[0m
[21.906s] [ 68%] [32mBuilding CXX object CMakeFiles/rviz_common.dir/src/rviz_common/properties/ros_topic_property.cpp.o[0m
[22.000s] [ 69%] [32mBuilding CXX object CMakeFiles/rviz_common.dir/src/rviz_common/properties/quaternion_property.cpp.o[0m
[22.127s] [ 69%] [32mBuilding CXX object CMakeFiles/rviz_common.dir/src/rviz_common/properties/qos_profile_property.cpp.o[0m
[22.393s] [ 69%] [32mBuilding CXX object CMakeFiles/rviz_common.dir/src/rviz_common/properties/splitter_handle.cpp.o[0m
[22.422s] [ 70%] [32mBuilding CXX object CMakeFiles/rviz_common.dir/src/rviz_common/properties/status_list.cpp.o[0m
[22.545s] [ 70%] [32mBuilding CXX object CMakeFiles/rviz_common.dir/src/rviz_common/properties/status_property.cpp.o[0m
[22.594s] [ 71%] [32mBuilding CXX object CMakeFiles/rviz_common.dir/src/rviz_common/properties/string_property.cpp.o[0m
[22.666s] [ 71%] [32mBuilding CXX object CMakeFiles/rviz_common.dir/src/rviz_common/properties/tf_frame_property.cpp.o[0m
[22.895s] [ 71%] [32mBuilding CXX object CMakeFiles/rviz_common.dir/src/rviz_common/properties/vector_property.cpp.o[0m
[23.130s] [ 72%] [32mBuilding CXX object CMakeFiles/rviz_common.dir/src/rviz_common/render_panel.cpp.o[0m
[23.153s] [ 72%] [32mBuilding CXX object CMakeFiles/rviz_common.dir/src/rviz_common/ros_integration/ros_client_abstraction.cpp.o[0m
[23.176s] [ 72%] [32mBuilding CXX object CMakeFiles/rviz_common.dir/src/rviz_common/ros_integration/ros_node_abstraction.cpp.o[0m
[23.251s] [ 73%] [32mBuilding CXX object CMakeFiles/rviz_common.dir/src/rviz_common/scaled_image_widget.cpp.o[0m
[23.334s] [ 73%] [32mBuilding CXX object CMakeFiles/rviz_common.dir/src/rviz_common/screenshot_dialog.cpp.o[0m
[23.712s] [ 74%] [32mBuilding CXX object CMakeFiles/rviz_common.dir/src/rviz_common/selection_panel.cpp.o[0m
[23.870s] [ 74%] [32mBuilding CXX object CMakeFiles/rviz_common.dir/src/rviz_common/interaction/handler_manager.cpp.o[0m
[24.299s] [ 74%] [32mBuilding CXX object CMakeFiles/rviz_common.dir/src/rviz_common/interaction/selection_handler.cpp.o[0m
[24.447s] [ 75%] [32mBuilding CXX object CMakeFiles/rviz_common.dir/src/rviz_common/interaction/selection_manager.cpp.o[0m
[24.996s] [ 75%] [32mBuilding CXX object CMakeFiles/rviz_common.dir/src/rviz_common/interaction/selection_renderer.cpp.o[0m
[25.084s] [ 76%] [32mBuilding CXX object CMakeFiles/rviz_common.dir/src/rviz_common/interaction/view_picker.cpp.o[0m
[25.125s] [ 76%] [32mBuilding CXX object CMakeFiles/rviz_common.dir/src/rviz_common/splash_screen.cpp.o[0m
[25.418s] [ 76%] [32mBuilding CXX object CMakeFiles/rviz_common.dir/src/rviz_common/time_panel.cpp.o[0m
[25.796s] [ 77%] [32mBuilding CXX object CMakeFiles/rviz_common.dir/src/rviz_common/transformation/identity_frame_transformer.cpp.o[0m
[26.540s] [ 77%] [32mBuilding CXX object CMakeFiles/rviz_common.dir/src/rviz_common/tool_manager.cpp.o[0m
[27.359s] [ 77%] [32mBuilding CXX object CMakeFiles/rviz_common.dir/src/rviz_common/tool_properties_panel.cpp.o[0m
[27.968s] [ 78%] [32mBuilding CXX object CMakeFiles/rviz_common.dir/src/rviz_common/tool.cpp.o[0m
[28.685s] [ 78%] [32mBuilding CXX object CMakeFiles/rviz_common.dir/src/rviz_common/transformation_panel.cpp.o[0m
[28.789s] [ 79%] [32mBuilding CXX object CMakeFiles/rviz_common.dir/src/rviz_common/transformation/transformation_manager.cpp.o[0m
[29.067s] [ 79%] [32mBuilding CXX object CMakeFiles/rviz_common.dir/src/rviz_common/uniform_string_stream.cpp.o[0m
[29.250s] [ 79%] [32mBuilding CXX object CMakeFiles/rviz_common.dir/src/rviz_common/view_controller.cpp.o[0m
[29.259s] [ 80%] [32mBuilding CXX object CMakeFiles/rviz_common.dir/src/rviz_common/view_manager.cpp.o[0m
[29.310s] [ 80%] [32mBuilding CXX object CMakeFiles/rviz_common.dir/src/rviz_common/views_panel.cpp.o[0m
[30.834s] [ 80%] [32mBuilding CXX object CMakeFiles/rviz_common.dir/src/rviz_common/viewport_mouse_event.cpp.o[0m
[31.041s] [ 81%] [32mBuilding CXX object CMakeFiles/rviz_common.dir/src/rviz_common/visualization_frame.cpp.o[0m
[31.311s] [ 81%] [32mBuilding CXX object CMakeFiles/rviz_common.dir/src/rviz_common/visualization_manager.cpp.o[0m
[31.732s] [ 82%] [32mBuilding CXX object CMakeFiles/rviz_common.dir/src/rviz_common/visualizer_app.cpp.o[0m
[32.038s] [ 82%] [32mBuilding CXX object CMakeFiles/rviz_common.dir/src/rviz_common/widget_geometry_change_detector.cpp.o[0m
[32.570s] [ 82%] [32mBuilding CXX object CMakeFiles/rviz_common.dir/src/rviz_common/yaml_config_reader.cpp.o[0m
[32.704s] [ 83%] [32mBuilding CXX object CMakeFiles/rviz_common.dir/src/rviz_common/yaml_config_writer.cpp.o[0m
[36.011s] [ 83%] [32m[1mLinking CXX shared library librviz_common.so[0m
[37.707s] [ 83%] Built target rviz_common
[37.715s] [ 83%] [34m[1mGenerating test/moc_mock_property_change_receiver.cpp[0m
[37.722s] [ 83%] [32mBuilding CXX object CMakeFiles/rviz_common_config_test.dir/test/config_test.cpp.o[0m
[37.723s] [ 83%] [32mBuilding CXX object CMakeFiles/frame_manager_test.dir/test/frame_manager_test.cpp.o[0m
[37.723s] [ 83%] [32mBuilding CXX object CMakeFiles/qos_profile_property_test.dir/test/properties/qos_profile_property_test.cpp.o[0m
[37.723s] [ 83%] [32mBuilding CXX object CMakeFiles/display_factory_test.dir/test/display_factory_test.cpp.o[0m
[37.723s] [ 83%] [32mBuilding CXX object CMakeFiles/rviz_common_uniform_string_stream_test.dir/test/uniform_string_stream_test.cpp.o[0m
[37.724s] [ 84%] [34m[1mGenerating test/moc_mock_display.cpp[0m
[37.760s] [ 84%] [32mBuilding CXX object CMakeFiles/rviz_common_property_test.dir/test/moc_mock_display.cpp.o[0m
[38.420s] [ 85%] [32m[1mLinking CXX executable rviz_common_uniform_string_stream_test[0m
[38.600s] [ 86%] [32mBuilding CXX object CMakeFiles/rviz_common_property_test.dir/test/moc_mock_property_change_receiver.cpp.o[0m
[38.736s] [ 87%] [32m[1mLinking CXX executable rviz_common_config_test[0m
[38.771s] [ 87%] [32mBuilding CXX object CMakeFiles/rviz_common_visualizer_app_test.dir/test/visualizer_app_test.cpp.o[0m
[38.772s] [ 88%] [32mBuilding CXX object CMakeFiles/rviz_common_ros_node_abstraction_test.dir/test/ros_node_abstraction_test.cpp.o[0m
[38.922s] [ 88%] Built target rviz_common_uniform_string_stream_test
[38.938s] [ 88%] [32mBuilding CXX object CMakeFiles/identity_transformer_test.dir/test/transformation/identity_frame_transformer_test.cpp.o[0m
[39.363s] [ 88%] [32mBuilding CXX object CMakeFiles/rviz_common_property_test.dir/test/property_test.cpp.o[0m
[39.396s] [ 88%] [32m[1mLinking CXX executable qos_profile_property_test[0m
[39.461s] [ 88%] Built target rviz_common_config_test
[39.468s] [ 88%] [32mBuilding CXX object CMakeFiles/rviz_common_property_test.dir/test/mock_display.cpp.o[0m
[39.931s] [ 88%] [32mBuilding CXX object CMakeFiles/display_factory_test.dir/src/rviz_common/display_factory.cpp.o[0m
[40.229s] [ 88%] Built target qos_profile_property_test
[40.246s] [ 88%] [32mBuilding CXX object CMakeFiles/selection_manager_test.dir/test/interaction/selection_manager_test.cpp.o[0m
[40.414s] [ 89%] [32mBuilding CXX object CMakeFiles/rviz_common_property_test.dir/test/mock_property_change_receiver.cpp.o[0m
[40.858s] [ 90%] [32mBuilding CXX object CMakeFiles/selection_manager_test.dir/test/display_context_fixture.cpp.o[0m
[41.023s] [ 90%] [32m[1mLinking CXX executable rviz_common_property_test[0m
[41.275s] [ 90%] [32m[1mLinking CXX executable rviz_common_ros_node_abstraction_test[0m
[41.932s] [ 90%] Built target rviz_common_ros_node_abstraction_test
[41.954s] [ 91%] [32mBuilding CXX object CMakeFiles/selection_handler_test.dir/test/interaction/selection_handler_test.cpp.o[0m
[42.022s] [ 92%] [32m[1mLinking CXX executable identity_transformer_test[0m
[42.166s] [ 92%] Built target rviz_common_property_test
[42.207s] [ 92%] [32mBuilding CXX object CMakeFiles/rviz_common_display_test.dir/test/moc_mock_display.cpp.o[0m
[42.279s] [ 92%] [32m[1mLinking CXX executable rviz_common_visualizer_app_test[0m
[42.390s] [ 93%] [32m[1mLinking CXX executable display_factory_test[0m
[42.511s] [ 94%] [32mBuilding CXX object CMakeFiles/frame_manager_test.dir/src/rviz_common/frame_manager.cpp.o[0m
[42.804s] [ 94%] Built target identity_transformer_test
[42.846s] [ 94%] [32mBuilding CXX object CMakeFiles/selection_handler_test.dir/test/display_context_fixture.cpp.o[0m
[43.027s] [ 94%] Built target rviz_common_visualizer_app_test
[43.034s] [ 94%] [32mBuilding CXX object CMakeFiles/selection_manager_test.dir/test/ogre_testing_environment.cpp.o[0m
[43.430s] [ 94%] [32mBuilding CXX object CMakeFiles/rviz_common_display_test.dir/test/moc_mock_property_change_receiver.cpp.o[0m
[43.658s] [ 94%] Built target display_factory_test
[43.666s] [ 95%] [32mBuilding CXX object CMakeFiles/selection_handler_test.dir/test/ogre_testing_environment.cpp.o[0m
[44.087s] [ 96%] [32mBuilding CXX object CMakeFiles/rviz_common_display_test.dir/test/display_test.cpp.o[0m
[44.577s] [ 96%] [32mBuilding CXX object CMakeFiles/frame_manager_test.dir/src/rviz_common/moc_frame_manager.cpp.o[0m
[45.322s] [ 96%] [32mBuilding CXX object CMakeFiles/rviz_common_display_test.dir/test/mock_display.cpp.o[0m
[45.353s] [ 96%] [32mBuilding CXX object CMakeFiles/rviz_common_display_test.dir/test/mock_display_group.cpp.o[0m
[45.453s] [ 97%] [32mBuilding CXX object CMakeFiles/rviz_common_display_test.dir/test/mock_property_change_receiver.cpp.o[0m
[46.236s] [ 97%] [32m[1mLinking CXX executable rviz_common_display_test[0m
[46.925s] [ 98%] [32m[1mLinking CXX executable frame_manager_test[0m
[47.233s] [ 99%] Built target rviz_common_display_test
[47.524s] [100%] [32m[1mLinking CXX executable selection_manager_test[0m
[47.850s] [100%] Built target frame_manager_test
[48.547s] [100%] Built target selection_manager_test
[49.168s] [100%] [32m[1mLinking CXX executable selection_handler_test[0m
[50.096s] [100%] Built target selection_handler_test
[50.104s] Invoked command in '/home/rinav/ros2_ws/build/rviz_common' returned '0': CMAKE_PREFIX_PATH=/home/rinav/ros2_ws/install/rviz_rendering:/home/rinav/ros2_ws/install/rviz_ogre_vendor:/home/rinav/ros2_ws/install/rviz_assimp_vendor:/home/rinav/ros2_ws/install/ur:/home/rinav/ros2_ws/install/ur_calibration:/home/rinav/ros2_ws/install/ur_robot_driver:/home/rinav/ros2_ws/install/ur_moveit_config:/home/rinav/ros2_ws/install/ur_bringup:/home/rinav/ros2_ws/install/ur_description:/home/rinav/ros2_ws/install/ur_controllers:/home/rinav/ros2_ws/install/ur_dashboard_msgs:/home/rinav/ros2_ws/install/turtlesim:/home/rinav/ros2_ws/install/srdfdom:/home/rinav/ros2_ws/install/rviz_visual_testing_framework:/home/rinav/ros2_ws/install/rviz_rendering_tests:/home/rinav/ros2_ws/install/husky_desktop:/home/rinav/ros2_ws/install/husky_viz:/home/rinav/ros2_ws/install/husky_ur3_moveit_config:/home/rinav/ros2_ws/install/rviz2:/home/rinav/ros2_ws/install/rviz_default_plugins:/home/rinav/ros2_ws/install/rviz_common:/home/rinav/ros2_ws/install/rosparam_shortcuts:/home/rinav/ros2_ws/install/robotis_manipulator:/home/rinav/ros2_ws/install/husky_ur3_ignition:/home/rinav/ros2_ws/install/husky_simulator:/home/rinav/ros2_ws/install/husky_robot:/home/rinav/ros2_ws/install/husky_bringup:/home/rinav/ros2_ws/install/husky_base:/home/rinav/ros2_ws/install/husky_msgs:/home/rinav/ros2_ws/install/husky_gazebo:/home/rinav/ros2_ws/install/husky_control:/home/rinav/ros2_ws/install/husky_description:/home/rinav/ros2_ws/src/rviz/install:/opt/ros/humble:/home/rinav/ros2_ws/install/trial_package:/home/rinav/ros2_ws/install/py_srvcli:/home/rinav/ros2_ws/install/py_pubsub:/home/rinav/ros2_ws/install/mobile_robotics:/home/rinav/ros2_ws/install/launch_param_builder LD_LIBRARY_PATH=/home/rinav/ros2_ws/install/rviz_rendering/lib:/home/rinav/ros2_ws/install/ur_robot_driver/lib:/home/rinav/ros2_ws/install/ur_controllers/lib:/home/rinav/ros2_ws/install/ur_dashboard_msgs/lib:/home/rinav/ros2_ws/install/turtlesim/lib:/home/rinav/ros2_ws/install/pilz_industrial_motion_planner_testutils/lib:/home/rinav/ros2_ws/install/moveit_ros_control_interface/lib:/home/rinav/ros2_ws/install/moveit_simple_controller_manager/lib:/home/rinav/ros2_ws/install/moveit_ros_planning/lib:/home/rinav/ros2_ws/install/moveit_ros_occupancy_map_monitor/lib:/home/rinav/ros2_ws/install/moveit_resources_prbt_ikfast_manipulator_plugin/lib:/home/rinav/ros2_ws/install/moveit_planners_chomp/lib:/home/rinav/ros2_ws/install/moveit_chomp_optimizer_adapter/lib:/home/rinav/ros2_ws/install/chomp_motion_planner/lib:/home/rinav/ros2_ws/install/moveit_core/lib:/home/rinav/ros2_ws/install/srdfdom/lib:/home/rinav/ros2_ws/install/rviz_default_plugins/lib:/home/rinav/ros2_ws/install/rviz_common/lib:/home/rinav/ros2_ws/install/rviz_ogre_vendor/opt/rviz_ogre_vendor/lib:/home/rinav/ros2_ws/install/rviz_marker_tools/lib:/home/rinav/ros2_ws/install/rosparam_shortcuts/lib:/home/rinav/ros2_ws/install/robotis_manipulator/lib:/home/rinav/ros2_ws/install/moveit_task_constructor_msgs/lib:/home/rinav/ros2_ws/install/husky_base/lib:/home/rinav/ros2_ws/install/husky_msgs/lib:/home/rinav/ros2_ws/src/rviz/install/opt/rviz_ogre_vendor/lib:/home/rinav/ros2_ws/src/rviz/install/lib:/opt/ros/humble/opt/rviz_ogre_vendor/lib:/opt/ros/humble/lib/aarch64-linux-gnu:/opt/ros/humble/lib /usr/bin/cmake --build /home/rinav/ros2_ws/build/rviz_common -- -j8 -l8
[50.107s] Invoking command in '/home/rinav/ros2_ws/build/rviz_common': CMAKE_PREFIX_PATH=/home/rinav/ros2_ws/install/rviz_rendering:/home/rinav/ros2_ws/install/rviz_ogre_vendor:/home/rinav/ros2_ws/install/rviz_assimp_vendor:/home/rinav/ros2_ws/install/ur:/home/rinav/ros2_ws/install/ur_calibration:/home/rinav/ros2_ws/install/ur_robot_driver:/home/rinav/ros2_ws/install/ur_moveit_config:/home/rinav/ros2_ws/install/ur_bringup:/home/rinav/ros2_ws/install/ur_description:/home/rinav/ros2_ws/install/ur_controllers:/home/rinav/ros2_ws/install/ur_dashboard_msgs:/home/rinav/ros2_ws/install/turtlesim:/home/rinav/ros2_ws/install/srdfdom:/home/rinav/ros2_ws/install/rviz_visual_testing_framework:/home/rinav/ros2_ws/install/rviz_rendering_tests:/home/rinav/ros2_ws/install/husky_desktop:/home/rinav/ros2_ws/install/husky_viz:/home/rinav/ros2_ws/install/husky_ur3_moveit_config:/home/rinav/ros2_ws/install/rviz2:/home/rinav/ros2_ws/install/rviz_default_plugins:/home/rinav/ros2_ws/install/rviz_common:/home/rinav/ros2_ws/install/rosparam_shortcuts:/home/rinav/ros2_ws/install/robotis_manipulator:/home/rinav/ros2_ws/install/husky_ur3_ignition:/home/rinav/ros2_ws/install/husky_simulator:/home/rinav/ros2_ws/install/husky_robot:/home/rinav/ros2_ws/install/husky_bringup:/home/rinav/ros2_ws/install/husky_base:/home/rinav/ros2_ws/install/husky_msgs:/home/rinav/ros2_ws/install/husky_gazebo:/home/rinav/ros2_ws/install/husky_control:/home/rinav/ros2_ws/install/husky_description:/home/rinav/ros2_ws/src/rviz/install:/opt/ros/humble:/home/rinav/ros2_ws/install/trial_package:/home/rinav/ros2_ws/install/py_srvcli:/home/rinav/ros2_ws/install/py_pubsub:/home/rinav/ros2_ws/install/mobile_robotics:/home/rinav/ros2_ws/install/launch_param_builder LD_LIBRARY_PATH=/home/rinav/ros2_ws/install/rviz_rendering/lib:/home/rinav/ros2_ws/install/ur_robot_driver/lib:/home/rinav/ros2_ws/install/ur_controllers/lib:/home/rinav/ros2_ws/install/ur_dashboard_msgs/lib:/home/rinav/ros2_ws/install/turtlesim/lib:/home/rinav/ros2_ws/install/pilz_industrial_motion_planner_testutils/lib:/home/rinav/ros2_ws/install/moveit_ros_control_interface/lib:/home/rinav/ros2_ws/install/moveit_simple_controller_manager/lib:/home/rinav/ros2_ws/install/moveit_ros_planning/lib:/home/rinav/ros2_ws/install/moveit_ros_occupancy_map_monitor/lib:/home/rinav/ros2_ws/install/moveit_resources_prbt_ikfast_manipulator_plugin/lib:/home/rinav/ros2_ws/install/moveit_planners_chomp/lib:/home/rinav/ros2_ws/install/moveit_chomp_optimizer_adapter/lib:/home/rinav/ros2_ws/install/chomp_motion_planner/lib:/home/rinav/ros2_ws/install/moveit_core/lib:/home/rinav/ros2_ws/install/srdfdom/lib:/home/rinav/ros2_ws/install/rviz_default_plugins/lib:/home/rinav/ros2_ws/install/rviz_common/lib:/home/rinav/ros2_ws/install/rviz_ogre_vendor/opt/rviz_ogre_vendor/lib:/home/rinav/ros2_ws/install/rviz_marker_tools/lib:/home/rinav/ros2_ws/install/rosparam_shortcuts/lib:/home/rinav/ros2_ws/install/robotis_manipulator/lib:/home/rinav/ros2_ws/install/moveit_task_constructor_msgs/lib:/home/rinav/ros2_ws/install/husky_base/lib:/home/rinav/ros2_ws/install/husky_msgs/lib:/home/rinav/ros2_ws/src/rviz/install/opt/rviz_ogre_vendor/lib:/home/rinav/ros2_ws/src/rviz/install/lib:/opt/ros/humble/opt/rviz_ogre_vendor/lib:/opt/ros/humble/lib/aarch64-linux-gnu:/opt/ros/humble/lib /usr/bin/cmake --install /home/rinav/ros2_ws/build/rviz_common
[50.111s] -- Install configuration: ""
[50.111s] -- Installing: /home/rinav/ros2_ws/install/rviz_common/share/rviz_common/environment/library_path.sh
[50.111s] -- Installing: /home/rinav/ros2_ws/install/rviz_common/share/rviz_common/environment/library_path.dsv
[50.111s] -- Installing: /home/rinav/ros2_ws/install/rviz_common/lib/librviz_common.so
[50.117s] -- Set runtime path of "/home/rinav/ros2_ws/install/rviz_common/lib/librviz_common.so" to ""
[50.117s] -- Installing: /home/rinav/ros2_ws/install/rviz_common/include/rviz_common
[50.117s] -- Installing: /home/rinav/ros2_ws/install/rviz_common/include/rviz_common/rviz_common
[50.117s] -- Installing: /home/rinav/ros2_ws/install/rviz_common/include/rviz_common/rviz_common/logging.hpp
[50.117s] -- Installing: /home/rinav/ros2_ws/install/rviz_common/include/rviz_common/rviz_common/viewport_mouse_event.hpp
[50.117s] -- Installing: /home/rinav/ros2_ws/install/rviz_common/include/rviz_common/rviz_common/render_panel.hpp
[50.117s] -- Installing: /home/rinav/ros2_ws/install/rviz_common/include/rviz_common/rviz_common/visualizer_app.hpp
[50.118s] -- Installing: /home/rinav/ros2_ws/install/rviz_common/include/rviz_common/rviz_common/view_controller.hpp
[50.118s] -- Installing: /home/rinav/ros2_ws/install/rviz_common/include/rviz_common/rviz_common/uniform_string_stream.hpp
[50.118s] -- Installing: /home/rinav/ros2_ws/install/rviz_common/include/rviz_common/rviz_common/factory
[50.118s] -- Installing: /home/rinav/ros2_ws/install/rviz_common/include/rviz_common/rviz_common/factory/class_id_recording_factory.hpp
[50.118s] -- Installing: /home/rinav/ros2_ws/install/rviz_common/include/rviz_common/rviz_common/factory/factory.hpp
[50.118s] -- Installing: /home/rinav/ros2_ws/install/rviz_common/include/rviz_common/rviz_common/factory/pluginlib_factory.hpp
[50.118s] -- Installing: /home/rinav/ros2_ws/install/rviz_common/include/rviz_common/rviz_common/tool.hpp
[50.118s] -- Installing: /home/rinav/ros2_ws/install/rviz_common/include/rviz_common/rviz_common/display.hpp
[50.118s] -- Installing: /home/rinav/ros2_ws/install/rviz_common/include/rviz_common/rviz_common/message_filter_display.hpp
[50.118s] -- Installing: /home/rinav/ros2_ws/install/rviz_common/include/rviz_common/rviz_common/ros_topic_display.hpp
[50.118s] -- Installing: /home/rinav/ros2_ws/install/rviz_common/include/rviz_common/rviz_common/panel_dock_widget.hpp
[50.118s] -- Installing: /home/rinav/ros2_ws/install/rviz_common/include/rviz_common/rviz_common/bit_allocator.hpp
[50.118s] -- Installing: /home/rinav/ros2_ws/install/rviz_common/include/rviz_common/rviz_common/config.hpp
[50.118s] -- Installing: /home/rinav/ros2_ws/install/rviz_common/include/rviz_common/rviz_common/display_group.hpp
[50.118s] -- Installing: /home/rinav/ros2_ws/install/rviz_common/include/rviz_common/rviz_common/view_manager.hpp
[50.119s] -- Installing: /home/rinav/ros2_ws/install/rviz_common/include/rviz_common/rviz_common/load_resource.hpp
[50.119s] -- Installing: /home/rinav/ros2_ws/install/rviz_common/include/rviz_common/rviz_common/msg_conversions.hpp
[50.119s] -- Installing: /home/rinav/ros2_ws/install/rviz_common/include/rviz_common/rviz_common/ros_integration
[50.119s] -- Installing: /home/rinav/ros2_ws/install/rviz_common/include/rviz_common/rviz_common/ros_integration/ros_client_abstraction.hpp
[50.119s] -- Installing: /home/rinav/ros2_ws/install/rviz_common/include/rviz_common/rviz_common/ros_integration/ros_client_abstraction_iface.hpp
[50.119s] -- Installing: /home/rinav/ros2_ws/install/rviz_common/include/rviz_common/rviz_common/ros_integration/ros_node_abstraction_iface.hpp
[50.119s] -- Installing: /home/rinav/ros2_ws/install/rviz_common/include/rviz_common/rviz_common/ros_integration/ros_node_abstraction.hpp
[50.119s] -- Installing: /home/rinav/ros2_ws/install/rviz_common/include/rviz_common/rviz_common/frame_manager_iface.hpp
[50.119s] -- Installing: /home/rinav/ros2_ws/install/rviz_common/include/rviz_common/rviz_common/interactive_object.hpp
[50.119s] -- Installing: /home/rinav/ros2_ws/install/rviz_common/include/rviz_common/rviz_common/panel.hpp
[50.119s] -- Installing: /home/rinav/ros2_ws/install/rviz_common/include/rviz_common/rviz_common/properties
[50.119s] -- Installing: /home/rinav/ros2_ws/install/rviz_common/include/rviz_common/rviz_common/properties/splitter_handle.hpp
[50.119s] -- Installing: /home/rinav/ros2_ws/install/rviz_common/include/rviz_common/rviz_common/properties/int_property.hpp
[50.119s] -- Installing: /home/rinav/ros2_ws/install/rviz_common/include/rviz_common/rviz_common/properties/parse_color.hpp
[50.119s] -- Installing: /home/rinav/ros2_ws/install/rviz_common/include/rviz_common/rviz_common/properties/status_property.hpp
[50.119s] -- Installing: /home/rinav/ros2_ws/install/rviz_common/include/rviz_common/rviz_common/properties/covariance_property.hpp
[50.119s] -- Installing: /home/rinav/ros2_ws/install/rviz_common/include/rviz_common/rviz_common/properties/combo_box.hpp
[50.119s] -- Installing: /home/rinav/ros2_ws/install/rviz_common/include/rviz_common/rviz_common/properties/editable_enum_property.hpp
[50.119s] -- Installing: /home/rinav/ros2_ws/install/rviz_common/include/rviz_common/rviz_common/properties/bool_property.hpp
[50.120s] -- Installing: /home/rinav/ros2_ws/install/rviz_common/include/rviz_common/rviz_common/properties/line_edit_with_button.hpp
[50.120s] -- Installing: /home/rinav/ros2_ws/install/rviz_common/include/rviz_common/rviz_common/properties/editable_combo_box.hpp
[50.120s] -- Installing: /home/rinav/ros2_ws/install/rviz_common/include/rviz_common/rviz_common/properties/property_tree_widget.hpp
[50.120s] -- Installing: /home/rinav/ros2_ws/install/rviz_common/include/rviz_common/rviz_common/properties/tf_frame_property.hpp
[50.120s] -- Installing: /home/rinav/ros2_ws/install/rviz_common/include/rviz_common/rviz_common/properties/vector_property.hpp
[50.120s] -- Installing: /home/rinav/ros2_ws/install/rviz_common/include/rviz_common/rviz_common/properties/color_property.hpp
[50.120s] -- Installing: /home/rinav/ros2_ws/install/rviz_common/include/rviz_common/rviz_common/properties/property_tree_delegate.hpp
[50.120s] -- Installing: /home/rinav/ros2_ws/install/rviz_common/include/rviz_common/rviz_common/properties/display_visibility_property.hpp
[50.120s] -- Installing: /home/rinav/ros2_ws/install/rviz_common/include/rviz_common/rviz_common/properties/float_property.hpp
[50.120s] -- Installing: /home/rinav/ros2_ws/install/rviz_common/include/rviz_common/rviz_common/properties/grouped_checkbox_property.hpp
[50.120s] -- Installing: /home/rinav/ros2_ws/install/rviz_common/include/rviz_common/rviz_common/properties/grouped_checkbox_property_group.hpp
[50.120s] -- Installing: /home/rinav/ros2_ws/install/rviz_common/include/rviz_common/rviz_common/properties/property_tree_with_help.hpp
[50.120s] -- Installing: /home/rinav/ros2_ws/install/rviz_common/include/rviz_common/rviz_common/properties/qos_profile_property.hpp
[50.120s] -- Installing: /home/rinav/ros2_ws/install/rviz_common/include/rviz_common/rviz_common/properties/string_property.hpp
[50.120s] -- Installing: /home/rinav/ros2_ws/install/rviz_common/include/rviz_common/rviz_common/properties/property.hpp
[50.120s] -- Installing: /home/rinav/ros2_ws/install/rviz_common/include/rviz_common/rviz_common/properties/color_editor.hpp
[50.120s] -- Installing: /home/rinav/ros2_ws/install/rviz_common/include/rviz_common/rviz_common/properties/display_group_visibility_property.hpp
[50.120s] -- Installing: /home/rinav/ros2_ws/install/rviz_common/include/rviz_common/rviz_common/properties/enum_property.hpp
[50.120s] -- Installing: /home/rinav/ros2_ws/install/rviz_common/include/rviz_common/rviz_common/properties/ros_topic_property.hpp
[50.121s] -- Installing: /home/rinav/ros2_ws/install/rviz_common/include/rviz_common/rviz_common/properties/float_edit.hpp
[50.121s] -- Installing: /home/rinav/ros2_ws/install/rviz_common/include/rviz_common/rviz_common/properties/status_list.hpp
[50.121s] -- Installing: /home/rinav/ros2_ws/install/rviz_common/include/rviz_common/rviz_common/properties/file_picker_property.hpp
[50.121s] -- Installing: /home/rinav/ros2_ws/install/rviz_common/include/rviz_common/rviz_common/properties/quaternion_property.hpp
[50.121s] -- Installing: /home/rinav/ros2_ws/install/rviz_common/include/rviz_common/rviz_common/properties/property_tree_model.hpp
[50.121s] -- Installing: /home/rinav/ros2_ws/install/rviz_common/include/rviz_common/rviz_common/visualization_frame.hpp
[50.121s] -- Installing: /home/rinav/ros2_ws/install/rviz_common/include/rviz_common/rviz_common/interaction
[50.121s] -- Installing: /home/rinav/ros2_ws/install/rviz_common/include/rviz_common/rviz_common/interaction/selection_manager_iface.hpp
[50.121s] -- Installing: /home/rinav/ros2_ws/install/rviz_common/include/rviz_common/rviz_common/interaction/handler_manager.hpp
[50.121s] -- Installing: /home/rinav/ros2_ws/install/rviz_common/include/rviz_common/rviz_common/interaction/selection_handler.hpp
[50.121s] -- Installing: /home/rinav/ros2_ws/install/rviz_common/include/rviz_common/rviz_common/interaction/view_picker_iface.hpp
[50.121s] -- Installing: /home/rinav/ros2_ws/install/rviz_common/include/rviz_common/rviz_common/interaction/forwards.hpp
[50.121s] -- Installing: /home/rinav/ros2_ws/install/rviz_common/include/rviz_common/rviz_common/interaction/selection_renderer.hpp
[50.121s] -- Installing: /home/rinav/ros2_ws/install/rviz_common/include/rviz_common/rviz_common/interaction/handler_manager_listener.hpp
[50.121s] -- Installing: /home/rinav/ros2_ws/install/rviz_common/include/rviz_common/rviz_common/interaction/handler_manager_iface.hpp
[50.121s] -- Installing: /home/rinav/ros2_ws/install/rviz_common/include/rviz_common/rviz_common/interaction/selection_manager.hpp
[50.121s] -- Installing: /home/rinav/ros2_ws/install/rviz_common/include/rviz_common/rviz_common/interaction/view_picker.hpp
[50.122s] -- Installing: /home/rinav/ros2_ws/install/rviz_common/include/rviz_common/rviz_common/yaml_config_reader.hpp
[50.122s] -- Installing: /home/rinav/ros2_ws/install/rviz_common/include/rviz_common/rviz_common/frame_position_tracking_view_controller.hpp
[50.122s] -- Installing: /home/rinav/ros2_ws/install/rviz_common/include/rviz_common/rviz_common/display_context.hpp
[50.122s] -- Installing: /home/rinav/ros2_ws/install/rviz_common/include/rviz_common/rviz_common/visibility_control.hpp
[50.122s] -- Installing: /home/rinav/ros2_ws/install/rviz_common/include/rviz_common/rviz_common/yaml_config_writer.hpp
[50.122s] -- Installing: /home/rinav/ros2_ws/install/rviz_common/include/rviz_common/rviz_common/visualization_manager.hpp
[50.122s] -- Installing: /home/rinav/ros2_ws/install/rviz_common/include/rviz_common/rviz_common/validate_floats.hpp
[50.122s] -- Installing: /home/rinav/ros2_ws/install/rviz_common/include/rviz_common/rviz_common/tool_manager.hpp
[50.123s] -- Installing: /home/rinav/ros2_ws/install/rviz_common/include/rviz_common/rviz_common/transformation
[50.123s] -- Installing: /home/rinav/ros2_ws/install/rviz_common/include/rviz_common/rviz_common/transformation/tf2_helpers
[50.123s] -- Installing: /home/rinav/ros2_ws/install/rviz_common/include/rviz_common/rviz_common/transformation/tf2_helpers/tf2_conversion_helpers.hpp
[50.123s] -- Installing: /home/rinav/ros2_ws/install/rviz_common/include/rviz_common/rviz_common/transformation/frame_transformer.hpp
[50.123s] -- Installing: /home/rinav/ros2_ws/install/rviz_common/include/rviz_common/rviz_common/transformation/transformation_manager.hpp
[50.123s] -- Installing: /home/rinav/ros2_ws/install/rviz_common/include/rviz_common/rviz_common/window_manager_interface.hpp
[50.123s] -- Installing: /home/rinav/ros2_ws/install/rviz_common/include/rviz_common/rviz_common/depth_cloud_mld.hpp
[50.123s] -- Installing: /home/rinav/ros2_ws/install/rviz_common/share/rviz_common/default.rviz
[50.123s] -- Installing: /home/rinav/ros2_ws/install/rviz_common/share/rviz_common/icons
[50.123s] -- Installing: /home/rinav/ros2_ws/install/rviz_common/share/rviz_common/icons/right_dock.svg
[50.124s] -- Installing: /home/rinav/ros2_ws/install/rviz_common/share/rviz_common/icons/move_z.svg
[50.124s] -- Installing: /home/rinav/ros2_ws/install/rviz_common/share/rviz_common/icons/left_dock.svg
[50.124s] -- Installing: /home/rinav/ros2_ws/install/rviz_common/share/rviz_common/icons/zoom.svg
[50.124s] -- Installing: /home/rinav/ros2_ws/install/rviz_common/share/rviz_common/icons/cursor.svg
[50.124s] -- Installing: /home/rinav/ros2_ws/install/rviz_common/share/rviz_common/icons/move2d.svg
[50.125s] -- Installing: /home/rinav/ros2_ws/install/rviz_common/share/rviz_common/icons/rotate.svg
[50.125s] -- Installing: /home/rinav/ros2_ws/install/rviz_common/share/rviz_common/icons/moverotate.svg
[50.125s] -- Installing: /home/rinav/ros2_ws/install/rviz_common/share/rviz_common/icons/rotate_cam.svg
[50.125s] -- Installing: /home/rinav/ros2_ws/install/rviz_common/share/rviz_common/icons/error.png
[50.125s] -- Installing: /home/rinav/ros2_ws/install/rviz_common/share/rviz_common/icons/move1d.svg
[50.125s] -- Installing: /home/rinav/ros2_ws/install/rviz_common/share/rviz_common/icons/close.png
[50.125s] -- Installing: /home/rinav/ros2_ws/install/rviz_common/share/rviz_common/icons/forbidden.svg
[50.125s] -- Installing: /home/rinav/ros2_ws/install/rviz_common/share/rviz_common/icons/options.png
[50.126s] -- Installing: /home/rinav/ros2_ws/install/rviz_common/share/rviz_common/icons/crosshair.svg
[50.126s] -- Installing: /home/rinav/ros2_ws/install/rviz_common/share/rviz_common/icons/ok.png
[50.126s] -- Installing: /home/rinav/ros2_ws/install/rviz_common/share/rviz_common/icons/classes
[50.126s] -- Installing: /home/rinav/ros2_ws/install/rviz_common/share/rviz_common/icons/classes/Views.svg
[50.126s] -- Installing: /home/rinav/ros2_ws/install/rviz_common/share/rviz_common/icons/classes/Selection.png
[50.126s] -- Installing: /home/rinav/ros2_ws/install/rviz_common/share/rviz_common/icons/classes/Transformation.png
[50.126s] -- Installing: /home/rinav/ros2_ws/install/rviz_common/share/rviz_common/icons/classes/Group.png
[50.126s] -- Installing: /home/rinav/ros2_ws/install/rviz_common/share/rviz_common/icons/classes/Displays.svg
[50.127s] -- Installing: /home/rinav/ros2_ws/install/rviz_common/share/rviz_common/icons/classes/Help.svg
[50.127s] -- Installing: /home/rinav/ros2_ws/install/rviz_common/share/rviz_common/icons/classes/Time.png
[50.127s] -- Installing: /home/rinav/ros2_ws/install/rviz_common/share/rviz_common/icons/classes/Tool Properties.png
[50.127s] -- Installing: /home/rinav/ros2_ws/install/rviz_common/share/rviz_common/icons/default_package_icon.png
[50.127s] -- Installing: /home/rinav/ros2_ws/install/rviz_common/share/rviz_common/icons/menu.svg
[50.127s] -- Installing: /home/rinav/ros2_ws/install/rviz_common/share/rviz_common/icons/warning.png
[50.127s] -- Installing: /home/rinav/ros2_ws/install/rviz_common/share/rviz_common/icons/minus.png
[50.127s] -- Installing: /home/rinav/ros2_ws/install/rviz_common/share/rviz_common/icons/default_class_icon.png
[50.127s] -- Installing: /home/rinav/ros2_ws/install/rviz_common/share/rviz_common/icons/package.png
[50.128s] -- Installing: /home/rinav/ros2_ws/install/rviz_common/share/rviz_common/icons/plus.png
[50.128s] -- Installing: /home/rinav/ros2_ws/install/rviz_common/share/rviz_common/images
[50.128s] -- Installing: /home/rinav/ros2_ws/install/rviz_common/share/rviz_common/images/splash_overlay.png
[50.128s] -- Installing: /home/rinav/ros2_ws/install/rviz_common/share/rviz_common/images/splash.png
[50.128s] -- Installing: /home/rinav/ros2_ws/install/rviz_common/share/rviz_common/help
[50.128s] -- Installing: /home/rinav/ros2_ws/install/rviz_common/share/rviz_common/help/help.html
[50.129s] -- Installing: /home/rinav/ros2_ws/install/rviz_common/share/ament_index/resource_index/package_run_dependencies/rviz_common
[50.129s] -- Installing: /home/rinav/ros2_ws/install/rviz_common/share/ament_index/resource_index/parent_prefix_path/rviz_common
[50.129s] -- Installing: /home/rinav/ros2_ws/install/rviz_common/share/rviz_common/environment/ament_prefix_path.sh
[50.129s] -- Installing: /home/rinav/ros2_ws/install/rviz_common/share/rviz_common/environment/ament_prefix_path.dsv
[50.129s] -- Installing: /home/rinav/ros2_ws/install/rviz_common/share/rviz_common/environment/path.sh
[50.129s] -- Installing: /home/rinav/ros2_ws/install/rviz_common/share/rviz_common/environment/path.dsv
[50.129s] -- Installing: /home/rinav/ros2_ws/install/rviz_common/share/rviz_common/local_setup.bash
[50.129s] -- Installing: /home/rinav/ros2_ws/install/rviz_common/share/rviz_common/local_setup.sh
[50.129s] -- Installing: /home/rinav/ros2_ws/install/rviz_common/share/rviz_common/local_setup.zsh
[50.129s] -- Installing: /home/rinav/ros2_ws/install/rviz_common/share/rviz_common/local_setup.dsv
[50.129s] -- Installing: /home/rinav/ros2_ws/install/rviz_common/share/rviz_common/package.dsv
[50.130s] -- Installing: /home/rinav/ros2_ws/install/rviz_common/share/ament_index/resource_index/packages/rviz_common
[50.130s] -- Installing: /home/rinav/ros2_ws/install/rviz_common/share/rviz_common/cmake/rviz_commonExport.cmake
[50.130s] -- Installing: /home/rinav/ros2_ws/install/rviz_common/share/rviz_common/cmake/rviz_commonExport-noconfig.cmake
[50.130s] -- Installing: /home/rinav/ros2_ws/install/rviz_common/share/rviz_common/cmake/rviz_common-extras.cmake
[50.130s] -- Installing: /home/rinav/ros2_ws/install/rviz_common/share/rviz_common/cmake/ament_cmake_export_dependencies-extras.cmake
[50.130s] -- Installing: /home/rinav/ros2_ws/install/rviz_common/share/rviz_common/cmake/ament_cmake_export_include_directories-extras.cmake
[50.130s] -- Installing: /home/rinav/ros2_ws/install/rviz_common/share/rviz_common/cmake/ament_cmake_export_libraries-extras.cmake
[50.130s] -- Installing: /home/rinav/ros2_ws/install/rviz_common/share/rviz_common/cmake/ament_cmake_export_targets-extras.cmake
[50.130s] -- Installing: /home/rinav/ros2_ws/install/rviz_common/share/rviz_common/cmake/rviz_commonConfig.cmake
[50.130s] -- Installing: /home/rinav/ros2_ws/install/rviz_common/share/rviz_common/cmake/rviz_commonConfig-version.cmake
[50.130s] -- Installing: /home/rinav/ros2_ws/install/rviz_common/share/rviz_common/package.xml
[50.132s] Invoked command in '/home/rinav/ros2_ws/build/rviz_common' returned '0': CMAKE_PREFIX_PATH=/home/rinav/ros2_ws/install/rviz_rendering:/home/rinav/ros2_ws/install/rviz_ogre_vendor:/home/rinav/ros2_ws/install/rviz_assimp_vendor:/home/rinav/ros2_ws/install/ur:/home/rinav/ros2_ws/install/ur_calibration:/home/rinav/ros2_ws/install/ur_robot_driver:/home/rinav/ros2_ws/install/ur_moveit_config:/home/rinav/ros2_ws/install/ur_bringup:/home/rinav/ros2_ws/install/ur_description:/home/rinav/ros2_ws/install/ur_controllers:/home/rinav/ros2_ws/install/ur_dashboard_msgs:/home/rinav/ros2_ws/install/turtlesim:/home/rinav/ros2_ws/install/srdfdom:/home/rinav/ros2_ws/install/rviz_visual_testing_framework:/home/rinav/ros2_ws/install/rviz_rendering_tests:/home/rinav/ros2_ws/install/husky_desktop:/home/rinav/ros2_ws/install/husky_viz:/home/rinav/ros2_ws/install/husky_ur3_moveit_config:/home/rinav/ros2_ws/install/rviz2:/home/rinav/ros2_ws/install/rviz_default_plugins:/home/rinav/ros2_ws/install/rviz_common:/home/rinav/ros2_ws/install/rosparam_shortcuts:/home/rinav/ros2_ws/install/robotis_manipulator:/home/rinav/ros2_ws/install/husky_ur3_ignition:/home/rinav/ros2_ws/install/husky_simulator:/home/rinav/ros2_ws/install/husky_robot:/home/rinav/ros2_ws/install/husky_bringup:/home/rinav/ros2_ws/install/husky_base:/home/rinav/ros2_ws/install/husky_msgs:/home/rinav/ros2_ws/install/husky_gazebo:/home/rinav/ros2_ws/install/husky_control:/home/rinav/ros2_ws/install/husky_description:/home/rinav/ros2_ws/src/rviz/install:/opt/ros/humble:/home/rinav/ros2_ws/install/trial_package:/home/rinav/ros2_ws/install/py_srvcli:/home/rinav/ros2_ws/install/py_pubsub:/home/rinav/ros2_ws/install/mobile_robotics:/home/rinav/ros2_ws/install/launch_param_builder LD_LIBRARY_PATH=/home/rinav/ros2_ws/install/rviz_rendering/lib:/home/rinav/ros2_ws/install/ur_robot_driver/lib:/home/rinav/ros2_ws/install/ur_controllers/lib:/home/rinav/ros2_ws/install/ur_dashboard_msgs/lib:/home/rinav/ros2_ws/install/turtlesim/lib:/home/rinav/ros2_ws/install/pilz_industrial_motion_planner_testutils/lib:/home/rinav/ros2_ws/install/moveit_ros_control_interface/lib:/home/rinav/ros2_ws/install/moveit_simple_controller_manager/lib:/home/rinav/ros2_ws/install/moveit_ros_planning/lib:/home/rinav/ros2_ws/install/moveit_ros_occupancy_map_monitor/lib:/home/rinav/ros2_ws/install/moveit_resources_prbt_ikfast_manipulator_plugin/lib:/home/rinav/ros2_ws/install/moveit_planners_chomp/lib:/home/rinav/ros2_ws/install/moveit_chomp_optimizer_adapter/lib:/home/rinav/ros2_ws/install/chomp_motion_planner/lib:/home/rinav/ros2_ws/install/moveit_core/lib:/home/rinav/ros2_ws/install/srdfdom/lib:/home/rinav/ros2_ws/install/rviz_default_plugins/lib:/home/rinav/ros2_ws/install/rviz_common/lib:/home/rinav/ros2_ws/install/rviz_ogre_vendor/opt/rviz_ogre_vendor/lib:/home/rinav/ros2_ws/install/rviz_marker_tools/lib:/home/rinav/ros2_ws/install/rosparam_shortcuts/lib:/home/rinav/ros2_ws/install/robotis_manipulator/lib:/home/rinav/ros2_ws/install/moveit_task_constructor_msgs/lib:/home/rinav/ros2_ws/install/husky_base/lib:/home/rinav/ros2_ws/install/husky_msgs/lib:/home/rinav/ros2_ws/src/rviz/install/opt/rviz_ogre_vendor/lib:/home/rinav/ros2_ws/src/rviz/install/lib:/opt/ros/humble/opt/rviz_ogre_vendor/lib:/opt/ros/humble/lib/aarch64-linux-gnu:/opt/ros/humble/lib /usr/bin/cmake --install /home/rinav/ros2_ws/build/rviz_common
