[0.067s] Invoking command in '/home/rinav/ros2_ws/build/turtlesim': CMAKE_PREFIX_PATH=${CMAKE_PREFIX_PATH}:/home/rinav/ros2_ws/install/trial_package:/home/rinav/ros2_ws/install/py_srvcli:/home/rinav/ros2_ws/install/py_pubsub:/home/rinav/ros2_ws/install/mobile_robotics:/opt/ros/humble /usr/bin/cmake /home/rinav/ros2_ws/src/ros_tutorials/turtlesim -DCMAKE_INSTALL_PREFIX=/home/rinav/ros2_ws/install/turtlesim
[0.170s] -- The C compiler identification is GNU 11.4.0
[0.245s] -- The CXX compiler identification is GNU 11.4.0
[0.250s] -- Detecting C compiler ABI info
[0.414s] -- Detecting C compiler ABI info - done
[0.419s] -- Check for working C compiler: /usr/bin/cc - skipped
[0.420s] -- Detecting C compile features
[0.420s] -- Detecting C compile features - done
[0.423s] -- Detecting CXX compiler ABI info
[0.546s] -- Detecting CXX compiler ABI info - done
[0.553s] -- Check for working CXX compiler: /usr/bin/c++ - skipped
[0.553s] -- Detecting CXX compile features
[0.553s] -- Detecting CXX compile features - done
[0.557s] -- Found ament_cmake: 1.3.12 (/opt/ros/humble/share/ament_cmake/cmake)
[0.805s] -- Found Python3: /usr/bin/python3 (found version "3.10.12") found components: Interpreter 
[0.942s] -- Found ament_index_cpp: 1.4.0 (/opt/ros/humble/share/ament_index_cpp/cmake)
[0.944s] -- Found geometry_msgs: 4.9.0 (/opt/ros/humble/share/geometry_msgs/cmake)
[1.018s] -- Found rosidl_generator_c: 3.1.7 (/opt/ros/humble/share/rosidl_generator_c/cmake)
[1.027s] -- Found rosidl_adapter: 3.1.7 (/opt/ros/humble/share/rosidl_adapter/cmake)
[1.031s] -- Found rosidl_generator_cpp: 3.1.7 (/opt/ros/humble/share/rosidl_generator_cpp/cmake)
[1.047s] -- Using all available rosidl_typesupport_c: rosidl_typesupport_fastrtps_c;rosidl_typesupport_introspection_c
[1.067s] -- Using all available rosidl_typesupport_cpp: rosidl_typesupport_fastrtps_cpp;rosidl_typesupport_introspection_cpp
[1.126s] -- Found rclcpp: 16.0.15 (/opt/ros/humble/share/rclcpp/cmake)
[1.182s] -- Found rmw_implementation_cmake: 6.1.2 (/opt/ros/humble/share/rmw_implementation_cmake/cmake)
[1.184s] -- Found rmw_fastrtps_cpp: 6.2.8 (/opt/ros/humble/share/rmw_fastrtps_cpp/cmake)
[1.584s] -- Found OpenSSL: /usr/lib/aarch64-linux-gnu/libcrypto.so (found version "3.0.2")  
[1.676s] -- Found FastRTPS: /opt/ros/humble/include  
[1.804s] -- Using RMW implementation 'rmw_fastrtps_cpp' as default
[1.819s] -- Looking for pthread.h
[2.116s] -- Looking for pthread.h - found
[2.116s] -- Performing Test CMAKE_HAVE_LIBC_PTHREAD
[2.326s] -- Performing Test CMAKE_HAVE_LIBC_PTHREAD - Success
[2.327s] -- Found Threads: TRUE  
[2.434s] -- Found rclcpp_action: 16.0.15 (/opt/ros/humble/share/rclcpp_action/cmake)
[2.528s] -- Found rosidl_default_generators: 1.2.0 (/opt/ros/humble/share/rosidl_default_generators/cmake)
[2.554s] -- Found std_srvs: 4.9.0 (/opt/ros/humble/share/std_srvs/cmake)
[3.251s] -- Found ament_cmake_ros: 0.10.0 (/opt/ros/humble/share/ament_cmake_ros/cmake)
[3.857s] -- Using all available rosidl_typesupport_c: rosidl_typesupport_fastrtps_c;rosidl_typesupport_introspection_c
[4.102s] -- Using all available rosidl_typesupport_cpp: rosidl_typesupport_fastrtps_cpp;rosidl_typesupport_introspection_cpp
[4.144s] -- Found PythonInterp: /usr/bin/python3 (found suitable version "3.10.12", minimum required is "3.6") 
[4.146s] -- Found python_cmake_module: 0.10.0 (/opt/ros/humble/share/python_cmake_module/cmake)
[4.183s] -- Found PythonLibs: /usr/lib/aarch64-linux-gnu/libpython3.10.so (found suitable version "3.10.12", minimum required is "3.5") 
[4.183s] -- Using PYTHON_EXECUTABLE: /usr/bin/python3
[4.183s] -- Using PYTHON_INCLUDE_DIRS: /usr/include/python3.10
[4.183s] -- Using PYTHON_LIBRARIES: /usr/lib/aarch64-linux-gnu/libpython3.10.so
[4.234s] -- Found PythonExtra: .so  
[4.396s] -- Configuring done
[4.487s] -- Generating done
[4.510s] -- Build files have been written to: /home/rinav/ros2_ws/build/turtlesim
[4.531s] Invoked command in '/home/rinav/ros2_ws/build/turtlesim' returned '0': CMAKE_PREFIX_PATH=${CMAKE_PREFIX_PATH}:/home/rinav/ros2_ws/install/trial_package:/home/rinav/ros2_ws/install/py_srvcli:/home/rinav/ros2_ws/install/py_pubsub:/home/rinav/ros2_ws/install/mobile_robotics:/opt/ros/humble /usr/bin/cmake /home/rinav/ros2_ws/src/ros_tutorials/turtlesim -DCMAKE_INSTALL_PREFIX=/home/rinav/ros2_ws/install/turtlesim
[4.531s] Invoking command in '/home/rinav/ros2_ws/build/turtlesim': CMAKE_PREFIX_PATH=${CMAKE_PREFIX_PATH}:/home/rinav/ros2_ws/install/trial_package:/home/rinav/ros2_ws/install/py_srvcli:/home/rinav/ros2_ws/install/py_pubsub:/home/rinav/ros2_ws/install/mobile_robotics:/opt/ros/humble /usr/bin/cmake --build /home/rinav/ros2_ws/build/turtlesim -- -j8 -l8
[4.710s] [  1%] [34m[1mGenerating C code for ROS interfaces[0m
[4.755s] [  2%] [34m[1mGenerating C++ code for ROS interfaces[0m
[4.780s] [  2%] Built target ament_cmake_python_copy_turtlesim
[5.283s] running egg_info
[5.283s] creating turtlesim.egg-info
[5.284s] writing turtlesim.egg-info/PKG-INFO
[5.284s] writing dependency_links to turtlesim.egg-info/dependency_links.txt
[5.284s] writing top-level names to turtlesim.egg-info/top_level.txt
[5.284s] writing manifest file 'turtlesim.egg-info/SOURCES.txt'
[5.285s] reading manifest file 'turtlesim.egg-info/SOURCES.txt'
[5.285s] writing manifest file 'turtlesim.egg-info/SOURCES.txt'
[5.361s] [  2%] Built target ament_cmake_python_build_turtlesim_egg
[6.734s] [  2%] Built target turtlesim__cpp
[6.781s] [  3%] [34m[1mGenerating C++ type support dispatch for ROS interfaces[0m
[6.815s] [  4%] [34m[1mGenerating C++ type support for eProsima Fast-RTPS[0m
[6.846s] [  5%] [34m[1mGenerating C++ introspection for ROS interfaces[0m
[7.024s] [  6%] [32mBuilding C object CMakeFiles/turtlesim__rosidl_generator_c.dir/rosidl_generator_c/turtlesim/action/detail/rotate_absolute__functions.c.o[0m
[7.024s] [  7%] [32mBuilding C object CMakeFiles/turtlesim__rosidl_generator_c.dir/rosidl_generator_c/turtlesim/srv/detail/kill__functions.c.o[0m
[7.026s] [  8%] [32mBuilding C object CMakeFiles/turtlesim__rosidl_generator_c.dir/rosidl_generator_c/turtlesim/msg/detail/pose__functions.c.o[0m
[7.037s] [  9%] [32mBuilding C object CMakeFiles/turtlesim__rosidl_generator_c.dir/rosidl_generator_c/turtlesim/msg/detail/color__functions.c.o[0m
[7.047s] [ 10%] [32mBuilding C object CMakeFiles/turtlesim__rosidl_generator_c.dir/rosidl_generator_c/turtlesim/srv/detail/set_pen__functions.c.o[0m
[7.148s] [ 11%] [32mBuilding C object CMakeFiles/turtlesim__rosidl_generator_c.dir/rosidl_generator_c/turtlesim/srv/detail/teleport_absolute__functions.c.o[0m
[7.152s] [ 12%] [32mBuilding C object CMakeFiles/turtlesim__rosidl_generator_c.dir/rosidl_generator_c/turtlesim/srv/detail/spawn__functions.c.o[0m
[7.245s] [ 13%] [32mBuilding C object CMakeFiles/turtlesim__rosidl_generator_c.dir/rosidl_generator_c/turtlesim/srv/detail/teleport_relative__functions.c.o[0m
[7.368s] [ 14%] [32m[1mLinking C shared library libturtlesim__rosidl_generator_c.so[0m
[7.453s] [ 14%] Built target turtlesim__rosidl_generator_c
[7.491s] [ 15%] [34m[1mGenerating C type support dispatch for ROS interfaces[0m
[7.521s] [ 16%] [34m[1mGenerating C type support for eProsima Fast-RTPS[0m
[7.533s] [ 17%] [34m[1mGenerating C introspection for ROS interfaces[0m
[7.932s] [ 18%] [32mBuilding CXX object CMakeFiles/turtlesim__rosidl_typesupport_cpp.dir/rosidl_typesupport_cpp/turtlesim/action/rotate_absolute__type_support.cpp.o[0m
[7.951s] [ 19%] [32mBuilding CXX object CMakeFiles/turtlesim__rosidl_typesupport_cpp.dir/rosidl_typesupport_cpp/turtlesim/msg/color__type_support.cpp.o[0m
[8.287s] [ 20%] [32mBuilding CXX object CMakeFiles/turtlesim__rosidl_typesupport_cpp.dir/rosidl_typesupport_cpp/turtlesim/msg/pose__type_support.cpp.o[0m
[8.296s] [ 21%] [32mBuilding CXX object CMakeFiles/turtlesim__rosidl_typesupport_introspection_cpp.dir/rosidl_typesupport_introspection_cpp/turtlesim/action/detail/rotate_absolute__type_support.cpp.o[0m
[8.601s] [ 22%] [32mBuilding CXX object CMakeFiles/turtlesim__rosidl_typesupport_fastrtps_cpp.dir/rosidl_typesupport_fastrtps_cpp/turtlesim/action/detail/dds_fastrtps/rotate_absolute__type_support.cpp.o[0m
[8.630s] [ 23%] [32mBuilding CXX object CMakeFiles/turtlesim__rosidl_typesupport_cpp.dir/rosidl_typesupport_cpp/turtlesim/srv/kill__type_support.cpp.o[0m
[8.882s] [ 24%] [32mBuilding CXX object CMakeFiles/turtlesim__rosidl_typesupport_c.dir/rosidl_typesupport_c/turtlesim/action/rotate_absolute__type_support.cpp.o[0m
[8.912s] [ 25%] [32mBuilding CXX object CMakeFiles/turtlesim__rosidl_typesupport_cpp.dir/rosidl_typesupport_cpp/turtlesim/srv/set_pen__type_support.cpp.o[0m
[9.052s] [ 26%] [32mBuilding CXX object CMakeFiles/turtlesim__rosidl_typesupport_cpp.dir/rosidl_typesupport_cpp/turtlesim/srv/teleport_absolute__type_support.cpp.o[0m
[9.055s] [ 27%] [32mBuilding CXX object CMakeFiles/turtlesim__rosidl_typesupport_c.dir/rosidl_typesupport_c/turtlesim/msg/color__type_support.cpp.o[0m
[9.056s] [ 28%] [32mBuilding CXX object CMakeFiles/turtlesim__rosidl_typesupport_cpp.dir/rosidl_typesupport_cpp/turtlesim/srv/spawn__type_support.cpp.o[0m
[9.065s] [ 29%] [32mBuilding C object CMakeFiles/turtlesim__rosidl_typesupport_introspection_c.dir/rosidl_typesupport_introspection_c/turtlesim/action/detail/rotate_absolute__type_support.c.o[0m
[9.099s] [ 30%] [32mBuilding C object CMakeFiles/turtlesim__rosidl_typesupport_introspection_c.dir/rosidl_typesupport_introspection_c/turtlesim/msg/detail/color__type_support.c.o[0m
[9.143s] [ 31%] [32mBuilding CXX object CMakeFiles/turtlesim__rosidl_typesupport_c.dir/rosidl_typesupport_c/turtlesim/msg/pose__type_support.cpp.o[0m
[9.230s] [ 32%] [32mBuilding C object CMakeFiles/turtlesim__rosidl_typesupport_introspection_c.dir/rosidl_typesupport_introspection_c/turtlesim/msg/detail/pose__type_support.c.o[0m
[9.273s] [ 33%] [32mBuilding CXX object CMakeFiles/turtlesim__rosidl_typesupport_c.dir/rosidl_typesupport_c/turtlesim/srv/kill__type_support.cpp.o[0m
[9.380s] [ 34%] [32mBuilding C object CMakeFiles/turtlesim__rosidl_typesupport_introspection_c.dir/rosidl_typesupport_introspection_c/turtlesim/srv/detail/kill__type_support.c.o[0m
[9.399s] [ 35%] [32mBuilding CXX object CMakeFiles/turtlesim__rosidl_typesupport_c.dir/rosidl_typesupport_c/turtlesim/srv/set_pen__type_support.cpp.o[0m
[9.459s] [ 36%] [32mBuilding CXX object CMakeFiles/turtlesim__rosidl_typesupport_cpp.dir/rosidl_typesupport_cpp/turtlesim/srv/teleport_relative__type_support.cpp.o[0m
[9.532s] [ 37%] [32mBuilding CXX object CMakeFiles/turtlesim__rosidl_typesupport_c.dir/rosidl_typesupport_c/turtlesim/srv/spawn__type_support.cpp.o[0m
[9.538s] [ 38%] [32mBuilding C object CMakeFiles/turtlesim__rosidl_typesupport_introspection_c.dir/rosidl_typesupport_introspection_c/turtlesim/srv/detail/set_pen__type_support.c.o[0m
[9.574s] [ 39%] [32mBuilding CXX object CMakeFiles/turtlesim__rosidl_typesupport_c.dir/rosidl_typesupport_c/turtlesim/srv/teleport_absolute__type_support.cpp.o[0m
[9.637s] [ 40%] [32mBuilding CXX object CMakeFiles/turtlesim__rosidl_typesupport_c.dir/rosidl_typesupport_c/turtlesim/srv/teleport_relative__type_support.cpp.o[0m
[9.658s] [ 41%] [32mBuilding C object CMakeFiles/turtlesim__rosidl_typesupport_introspection_c.dir/rosidl_typesupport_introspection_c/turtlesim/srv/detail/spawn__type_support.c.o[0m
[9.673s] [ 42%] [32mBuilding CXX object CMakeFiles/turtlesim__rosidl_typesupport_introspection_cpp.dir/rosidl_typesupport_introspection_cpp/turtlesim/msg/detail/pose__type_support.cpp.o[0m
[9.675s] [ 43%] [32mBuilding CXX object CMakeFiles/turtlesim__rosidl_typesupport_introspection_cpp.dir/rosidl_typesupport_introspection_cpp/turtlesim/msg/detail/color__type_support.cpp.o[0m
[9.714s] [ 44%] [32mBuilding C object CMakeFiles/turtlesim__rosidl_typesupport_introspection_c.dir/rosidl_typesupport_introspection_c/turtlesim/srv/detail/teleport_absolute__type_support.c.o[0m
[9.769s] [ 45%] [32mBuilding C object CMakeFiles/turtlesim__rosidl_typesupport_introspection_c.dir/rosidl_typesupport_introspection_c/turtlesim/srv/detail/teleport_relative__type_support.c.o[0m
[9.774s] [ 46%] [32mBuilding CXX object CMakeFiles/turtlesim__rosidl_typesupport_fastrtps_c.dir/rosidl_typesupport_fastrtps_c/turtlesim/action/detail/rotate_absolute__type_support_c.cpp.o[0m
[9.791s] [ 47%] [32m[1mLinking CXX shared library libturtlesim__rosidl_typesupport_c.so[0m
[9.863s] [ 48%] [32mBuilding CXX object CMakeFiles/turtlesim__rosidl_typesupport_fastrtps_c.dir/rosidl_typesupport_fastrtps_c/turtlesim/msg/detail/color__type_support_c.cpp.o[0m
[9.886s] [ 49%] [32mBuilding CXX object CMakeFiles/turtlesim__rosidl_typesupport_fastrtps_cpp.dir/rosidl_typesupport_fastrtps_cpp/turtlesim/msg/detail/dds_fastrtps/color__type_support.cpp.o[0m
[9.920s] [ 50%] [32m[1mLinking C shared library libturtlesim__rosidl_typesupport_introspection_c.so[0m
[9.942s] [ 50%] Built target turtlesim__rosidl_typesupport_c
[9.977s] [ 51%] [32mBuilding CXX object CMakeFiles/turtlesim__rosidl_typesupport_fastrtps_cpp.dir/rosidl_typesupport_fastrtps_cpp/turtlesim/msg/detail/dds_fastrtps/pose__type_support.cpp.o[0m
[10.000s] [ 52%] [32m[1mLinking CXX shared library libturtlesim__rosidl_typesupport_cpp.so[0m
[10.066s] [ 52%] Built target turtlesim__rosidl_typesupport_introspection_c
[10.129s] [ 53%] [32mBuilding CXX object CMakeFiles/turtlesim__rosidl_typesupport_fastrtps_c.dir/rosidl_typesupport_fastrtps_c/turtlesim/msg/detail/pose__type_support_c.cpp.o[0m
[10.142s] [ 53%] Built target turtlesim__rosidl_typesupport_cpp
[10.195s] [ 54%] [32mBuilding CXX object CMakeFiles/turtlesim__rosidl_typesupport_fastrtps_c.dir/rosidl_typesupport_fastrtps_c/turtlesim/srv/detail/kill__type_support_c.cpp.o[0m
[10.428s] [ 55%] [32mBuilding CXX object CMakeFiles/turtlesim__rosidl_typesupport_introspection_cpp.dir/rosidl_typesupport_introspection_cpp/turtlesim/srv/detail/kill__type_support.cpp.o[0m
[10.492s] [ 56%] [34m[1mGenerating include/turtlesim/moc_turtle_frame.cpp[0m
[10.606s] [ 57%] [32mBuilding CXX object CMakeFiles/turtlesim__rosidl_typesupport_introspection_cpp.dir/rosidl_typesupport_introspection_cpp/turtlesim/srv/detail/set_pen__type_support.cpp.o[0m
[10.611s] [ 58%] [32mBuilding CXX object CMakeFiles/turtlesim__rosidl_typesupport_fastrtps_c.dir/rosidl_typesupport_fastrtps_c/turtlesim/srv/detail/set_pen__type_support_c.cpp.o[0m
[10.640s] [ 59%] [32mBuilding CXX object CMakeFiles/turtlesim__rosidl_typesupport_fastrtps_c.dir/rosidl_typesupport_fastrtps_c/turtlesim/srv/detail/spawn__type_support_c.cpp.o[0m
[10.720s] [ 60%] [32mBuilding CXX object CMakeFiles/turtlesim__rosidl_typesupport_fastrtps_cpp.dir/rosidl_typesupport_fastrtps_cpp/turtlesim/srv/detail/dds_fastrtps/kill__type_support.cpp.o[0m
[10.780s] [ 61%] [32mBuilding CXX object CMakeFiles/turtlesim_node.dir/src/turtlesim.cpp.o[0m
[10.786s] [ 62%] [32mBuilding CXX object CMakeFiles/turtlesim__rosidl_typesupport_fastrtps_c.dir/rosidl_typesupport_fastrtps_c/turtlesim/srv/detail/teleport_absolute__type_support_c.cpp.o[0m
[10.846s] [ 63%] [32mBuilding CXX object CMakeFiles/turtlesim__rosidl_typesupport_fastrtps_c.dir/rosidl_typesupport_fastrtps_c/turtlesim/srv/detail/teleport_relative__type_support_c.cpp.o[0m
[11.221s] [ 64%] [32mBuilding CXX object CMakeFiles/turtlesim__rosidl_typesupport_fastrtps_cpp.dir/rosidl_typesupport_fastrtps_cpp/turtlesim/srv/detail/dds_fastrtps/set_pen__type_support.cpp.o[0m
[11.233s] [ 65%] [32mBuilding CXX object CMakeFiles/turtlesim__rosidl_typesupport_introspection_cpp.dir/rosidl_typesupport_introspection_cpp/turtlesim/srv/detail/spawn__type_support.cpp.o[0m
[11.272s] [ 66%] [32mBuilding CXX object CMakeFiles/turtlesim__rosidl_typesupport_introspection_cpp.dir/rosidl_typesupport_introspection_cpp/turtlesim/srv/detail/teleport_absolute__type_support.cpp.o[0m
[11.358s] [ 67%] [32mBuilding CXX object CMakeFiles/turtlesim__rosidl_typesupport_introspection_cpp.dir/rosidl_typesupport_introspection_cpp/turtlesim/srv/detail/teleport_relative__type_support.cpp.o[0m
[11.449s] [ 68%] [32mBuilding CXX object CMakeFiles/turtlesim__rosidl_typesupport_fastrtps_cpp.dir/rosidl_typesupport_fastrtps_cpp/turtlesim/srv/detail/dds_fastrtps/spawn__type_support.cpp.o[0m
[11.461s] [ 69%] [32mBuilding CXX object CMakeFiles/turtlesim__rosidl_typesupport_fastrtps_cpp.dir/rosidl_typesupport_fastrtps_cpp/turtlesim/srv/detail/dds_fastrtps/teleport_absolute__type_support.cpp.o[0m
[11.743s] [ 70%] [32m[1mLinking CXX shared library libturtlesim__rosidl_typesupport_fastrtps_c.so[0m
[11.907s] [ 71%] [32mBuilding CXX object CMakeFiles/turtle_teleop_key.dir/tutorials/teleop_turtle_key.cpp.o[0m
[11.937s] [ 72%] [32mBuilding CXX object CMakeFiles/turtlesim_node.dir/src/turtle.cpp.o[0m
[11.990s] [ 73%] [32mBuilding CXX object CMakeFiles/turtlesim__rosidl_typesupport_fastrtps_cpp.dir/rosidl_typesupport_fastrtps_cpp/turtlesim/srv/detail/dds_fastrtps/teleport_relative__type_support.cpp.o[0m
[12.032s] [ 74%] [32m[1mLinking CXX shared library libturtlesim__rosidl_typesupport_introspection_cpp.so[0m
[12.039s] [ 74%] Built target turtlesim__rosidl_typesupport_fastrtps_c
[12.127s] [ 75%] [32mBuilding CXX object CMakeFiles/turtlesim_node.dir/src/turtle_frame.cpp.o[0m
[12.145s] [ 76%] [32mBuilding CXX object CMakeFiles/draw_square.dir/tutorials/draw_square.cpp.o[0m
[12.146s] [ 76%] Built target turtlesim__rosidl_typesupport_introspection_cpp
[12.217s] [ 77%] [32mBuilding CXX object CMakeFiles/mimic.dir/tutorials/mimic.cpp.o[0m
[12.309s] [ 78%] [32mBuilding CXX object CMakeFiles/turtlesim_node.dir/include/turtlesim/moc_turtle_frame.cpp.o[0m
[12.442s] [ 79%] [32m[1mLinking CXX shared library libturtlesim__rosidl_typesupport_fastrtps_cpp.so[0m
[12.681s] [ 79%] Built target turtlesim__rosidl_typesupport_fastrtps_cpp
[12.797s] [ 79%] Built target turtlesim
[12.904s] [ 80%] [34m[1mGenerating Python code for ROS interfaces[0m
[15.781s] [ 80%] Built target turtlesim__py
[19.559s] [ 81%] [32m[1mLinking CXX executable turtle_teleop_key[0m
[19.807s] [ 81%] Built target turtle_teleop_key
[21.167s] [ 82%] [32m[1mLinking CXX executable mimic[0m
[21.676s] [ 82%] Built target mimic
[22.187s] [ 83%] [32m[1mLinking CXX executable draw_square[0m
[22.630s] [ 83%] Built target draw_square
[23.929s] [ 84%] [32m[1mLinking CXX executable turtlesim_node[0m
[25.718s] [ 84%] Built target turtlesim_node
[25.742s] [ 85%] [32mBuilding C object CMakeFiles/turtlesim__rosidl_generator_py.dir/rosidl_generator_py/turtlesim/action/_rotate_absolute_s.c.o[0m
[25.841s] [ 86%] [32mBuilding C object CMakeFiles/turtlesim__rosidl_generator_py.dir/rosidl_generator_py/turtlesim/srv/_teleport_relative_s.c.o[0m
[25.917s] [ 87%] [32mBuilding C object CMakeFiles/turtlesim__rosidl_generator_py.dir/rosidl_generator_py/turtlesim/srv/_teleport_absolute_s.c.o[0m
[25.984s] [ 88%] [32mBuilding C object CMakeFiles/turtlesim__rosidl_generator_py.dir/rosidl_generator_py/turtlesim/srv/_spawn_s.c.o[0m
[26.060s] [ 89%] [32mBuilding C object CMakeFiles/turtlesim__rosidl_generator_py.dir/rosidl_generator_py/turtlesim/srv/_set_pen_s.c.o[0m
[26.133s] [ 90%] [32mBuilding C object CMakeFiles/turtlesim__rosidl_generator_py.dir/rosidl_generator_py/turtlesim/srv/_kill_s.c.o[0m
[26.228s] [ 91%] [32mBuilding C object CMakeFiles/turtlesim__rosidl_generator_py.dir/rosidl_generator_py/turtlesim/msg/_pose_s.c.o[0m
[26.350s] [ 92%] [32mBuilding C object CMakeFiles/turtlesim__rosidl_generator_py.dir/rosidl_generator_py/turtlesim/msg/_color_s.c.o[0m
[26.439s] [ 93%] [32m[1mLinking C shared library rosidl_generator_py/turtlesim/libturtlesim__rosidl_generator_py.so[0m
[26.504s] [ 93%] Built target turtlesim__rosidl_generator_py
[26.527s] [ 94%] [32mBuilding C object CMakeFiles/turtlesim__rosidl_typesupport_fastrtps_c__pyext.dir/rosidl_generator_py/turtlesim/_turtlesim_s.ep.rosidl_typesupport_fastrtps_c.c.o[0m
[26.657s] [ 95%] [32m[1mLinking C shared library rosidl_generator_py/turtlesim/turtlesim_s__rosidl_typesupport_fastrtps_c.cpython-310-aarch64-linux-gnu.so[0m
[26.695s] [ 95%] Built target turtlesim__rosidl_typesupport_fastrtps_c__pyext
[26.710s] [ 96%] [32mBuilding C object CMakeFiles/turtlesim__rosidl_typesupport_c__pyext.dir/rosidl_generator_py/turtlesim/_turtlesim_s.ep.rosidl_typesupport_c.c.o[0m
[26.854s] [ 97%] [32m[1mLinking C shared library rosidl_generator_py/turtlesim/turtlesim_s__rosidl_typesupport_c.cpython-310-aarch64-linux-gnu.so[0m
[26.892s] [ 97%] Built target turtlesim__rosidl_typesupport_c__pyext
[26.909s] [ 98%] [32mBuilding C object CMakeFiles/turtlesim__rosidl_typesupport_introspection_c__pyext.dir/rosidl_generator_py/turtlesim/_turtlesim_s.ep.rosidl_typesupport_introspection_c.c.o[0m
[27.028s] [100%] [32m[1mLinking C shared library rosidl_generator_py/turtlesim/turtlesim_s__rosidl_typesupport_introspection_c.cpython-310-aarch64-linux-gnu.so[0m
[27.066s] [100%] Built target turtlesim__rosidl_typesupport_introspection_c__pyext
[27.078s] Invoked command in '/home/rinav/ros2_ws/build/turtlesim' returned '0': CMAKE_PREFIX_PATH=${CMAKE_PREFIX_PATH}:/home/rinav/ros2_ws/install/trial_package:/home/rinav/ros2_ws/install/py_srvcli:/home/rinav/ros2_ws/install/py_pubsub:/home/rinav/ros2_ws/install/mobile_robotics:/opt/ros/humble /usr/bin/cmake --build /home/rinav/ros2_ws/build/turtlesim -- -j8 -l8
[27.078s] Invoking command in '/home/rinav/ros2_ws/build/turtlesim': CMAKE_PREFIX_PATH=${CMAKE_PREFIX_PATH}:/home/rinav/ros2_ws/install/trial_package:/home/rinav/ros2_ws/install/py_srvcli:/home/rinav/ros2_ws/install/py_pubsub:/home/rinav/ros2_ws/install/mobile_robotics:/opt/ros/humble /usr/bin/cmake --install /home/rinav/ros2_ws/build/turtlesim
[27.097s] -- Install configuration: ""
[27.098s] -- Installing: /home/rinav/ros2_ws/install/turtlesim/share/ament_index/resource_index/rosidl_interfaces/turtlesim
[27.098s] -- Installing: /home/rinav/ros2_ws/install/turtlesim/include/turtlesim/turtlesim
[27.098s] -- Installing: /home/rinav/ros2_ws/install/turtlesim/include/turtlesim/turtlesim/srv
[27.098s] -- Installing: /home/rinav/ros2_ws/install/turtlesim/include/turtlesim/turtlesim/srv/teleport_absolute.h
[27.098s] -- Installing: /home/rinav/ros2_ws/install/turtlesim/include/turtlesim/turtlesim/srv/detail
[27.098s] -- Installing: /home/rinav/ros2_ws/install/turtlesim/include/turtlesim/turtlesim/srv/detail/teleport_absolute__functions.c
[27.098s] -- Installing: /home/rinav/ros2_ws/install/turtlesim/include/turtlesim/turtlesim/srv/detail/kill__type_support.h
[27.098s] -- Installing: /home/rinav/ros2_ws/install/turtlesim/include/turtlesim/turtlesim/srv/detail/spawn__functions.h
[27.099s] -- Installing: /home/rinav/ros2_ws/install/turtlesim/include/turtlesim/turtlesim/srv/detail/spawn__type_support.h
[27.099s] -- Installing: /home/rinav/ros2_ws/install/turtlesim/include/turtlesim/turtlesim/srv/detail/teleport_relative__struct.h
[27.099s] -- Installing: /home/rinav/ros2_ws/install/turtlesim/include/turtlesim/turtlesim/srv/detail/kill__functions.c
[27.099s] -- Installing: /home/rinav/ros2_ws/install/turtlesim/include/turtlesim/turtlesim/srv/detail/set_pen__functions.c
[27.100s] -- Installing: /home/rinav/ros2_ws/install/turtlesim/include/turtlesim/turtlesim/srv/detail/set_pen__functions.h
[27.100s] -- Installing: /home/rinav/ros2_ws/install/turtlesim/include/turtlesim/turtlesim/srv/detail/spawn__functions.c
[27.100s] -- Installing: /home/rinav/ros2_ws/install/turtlesim/include/turtlesim/turtlesim/srv/detail/teleport_absolute__type_support.h
[27.100s] -- Installing: /home/rinav/ros2_ws/install/turtlesim/include/turtlesim/turtlesim/srv/detail/teleport_absolute__struct.h
[27.100s] -- Installing: /home/rinav/ros2_ws/install/turtlesim/include/turtlesim/turtlesim/srv/detail/spawn__struct.h
[27.100s] -- Installing: /home/rinav/ros2_ws/install/turtlesim/include/turtlesim/turtlesim/srv/detail/kill__functions.h
[27.100s] -- Installing: /home/rinav/ros2_ws/install/turtlesim/include/turtlesim/turtlesim/srv/detail/set_pen__type_support.h
[27.100s] -- Installing: /home/rinav/ros2_ws/install/turtlesim/include/turtlesim/turtlesim/srv/detail/set_pen__struct.h
[27.100s] -- Installing: /home/rinav/ros2_ws/install/turtlesim/include/turtlesim/turtlesim/srv/detail/teleport_relative__type_support.h
[27.100s] -- Installing: /home/rinav/ros2_ws/install/turtlesim/include/turtlesim/turtlesim/srv/detail/teleport_relative__functions.h
[27.100s] -- Installing: /home/rinav/ros2_ws/install/turtlesim/include/turtlesim/turtlesim/srv/detail/teleport_relative__functions.c
[27.100s] -- Installing: /home/rinav/ros2_ws/install/turtlesim/include/turtlesim/turtlesim/srv/detail/kill__struct.h
[27.101s] -- Installing: /home/rinav/ros2_ws/install/turtlesim/include/turtlesim/turtlesim/srv/detail/teleport_absolute__functions.h
[27.101s] -- Installing: /home/rinav/ros2_ws/install/turtlesim/include/turtlesim/turtlesim/srv/spawn.h
[27.101s] -- Installing: /home/rinav/ros2_ws/install/turtlesim/include/turtlesim/turtlesim/srv/kill.h
[27.101s] -- Installing: /home/rinav/ros2_ws/install/turtlesim/include/turtlesim/turtlesim/srv/teleport_relative.h
[27.101s] -- Installing: /home/rinav/ros2_ws/install/turtlesim/include/turtlesim/turtlesim/srv/set_pen.h
[27.101s] -- Installing: /home/rinav/ros2_ws/install/turtlesim/include/turtlesim/turtlesim/msg
[27.101s] -- Installing: /home/rinav/ros2_ws/install/turtlesim/include/turtlesim/turtlesim/msg/detail
[27.101s] -- Installing: /home/rinav/ros2_ws/install/turtlesim/include/turtlesim/turtlesim/msg/detail/pose__functions.h
[27.101s] -- Installing: /home/rinav/ros2_ws/install/turtlesim/include/turtlesim/turtlesim/msg/detail/pose__functions.c
[27.101s] -- Installing: /home/rinav/ros2_ws/install/turtlesim/include/turtlesim/turtlesim/msg/detail/color__type_support.h
[27.101s] -- Installing: /home/rinav/ros2_ws/install/turtlesim/include/turtlesim/turtlesim/msg/detail/color__functions.h
[27.101s] -- Installing: /home/rinav/ros2_ws/install/turtlesim/include/turtlesim/turtlesim/msg/detail/pose__type_support.h
[27.101s] -- Installing: /home/rinav/ros2_ws/install/turtlesim/include/turtlesim/turtlesim/msg/detail/pose__struct.h
[27.101s] -- Installing: /home/rinav/ros2_ws/install/turtlesim/include/turtlesim/turtlesim/msg/detail/color__struct.h
[27.101s] -- Installing: /home/rinav/ros2_ws/install/turtlesim/include/turtlesim/turtlesim/msg/detail/color__functions.c
[27.101s] -- Installing: /home/rinav/ros2_ws/install/turtlesim/include/turtlesim/turtlesim/msg/rosidl_generator_c__visibility_control.h
[27.102s] -- Installing: /home/rinav/ros2_ws/install/turtlesim/include/turtlesim/turtlesim/msg/pose.h
[27.102s] -- Installing: /home/rinav/ros2_ws/install/turtlesim/include/turtlesim/turtlesim/msg/color.h
[27.102s] -- Installing: /home/rinav/ros2_ws/install/turtlesim/include/turtlesim/turtlesim/action
[27.102s] -- Installing: /home/rinav/ros2_ws/install/turtlesim/include/turtlesim/turtlesim/action/detail
[27.102s] -- Installing: /home/rinav/ros2_ws/install/turtlesim/include/turtlesim/turtlesim/action/detail/rotate_absolute__struct.h
[27.102s] -- Installing: /home/rinav/ros2_ws/install/turtlesim/include/turtlesim/turtlesim/action/detail/rotate_absolute__functions.c
[27.102s] -- Installing: /home/rinav/ros2_ws/install/turtlesim/include/turtlesim/turtlesim/action/detail/rotate_absolute__type_support.h
[27.102s] -- Installing: /home/rinav/ros2_ws/install/turtlesim/include/turtlesim/turtlesim/action/detail/rotate_absolute__functions.h
[27.102s] -- Installing: /home/rinav/ros2_ws/install/turtlesim/include/turtlesim/turtlesim/action/rotate_absolute.h
[27.102s] -- Installing: /home/rinav/ros2_ws/install/turtlesim/share/turtlesim/environment/library_path.sh
[27.102s] -- Installing: /home/rinav/ros2_ws/install/turtlesim/share/turtlesim/environment/library_path.dsv
[27.102s] -- Installing: /home/rinav/ros2_ws/install/turtlesim/lib/libturtlesim__rosidl_generator_c.so
[27.102s] -- Set runtime path of "/home/rinav/ros2_ws/install/turtlesim/lib/libturtlesim__rosidl_generator_c.so" to ""
[27.102s] -- Up-to-date: /home/rinav/ros2_ws/install/turtlesim/include/turtlesim/turtlesim
[27.102s] -- Up-to-date: /home/rinav/ros2_ws/install/turtlesim/include/turtlesim/turtlesim/srv
[27.102s] -- Up-to-date: /home/rinav/ros2_ws/install/turtlesim/include/turtlesim/turtlesim/srv/detail
[27.102s] -- Installing: /home/rinav/ros2_ws/install/turtlesim/include/turtlesim/turtlesim/srv/detail/kill__rosidl_typesupport_fastrtps_c.h
[27.103s] -- Installing: /home/rinav/ros2_ws/install/turtlesim/include/turtlesim/turtlesim/srv/detail/teleport_relative__rosidl_typesupport_fastrtps_c.h
[27.103s] -- Installing: /home/rinav/ros2_ws/install/turtlesim/include/turtlesim/turtlesim/srv/detail/set_pen__rosidl_typesupport_fastrtps_c.h
[27.103s] -- Installing: /home/rinav/ros2_ws/install/turtlesim/include/turtlesim/turtlesim/srv/detail/spawn__rosidl_typesupport_fastrtps_c.h
[27.103s] -- Installing: /home/rinav/ros2_ws/install/turtlesim/include/turtlesim/turtlesim/srv/detail/teleport_absolute__rosidl_typesupport_fastrtps_c.h
[27.103s] -- Up-to-date: /home/rinav/ros2_ws/install/turtlesim/include/turtlesim/turtlesim/msg
[27.103s] -- Up-to-date: /home/rinav/ros2_ws/install/turtlesim/include/turtlesim/turtlesim/msg/detail
[27.103s] -- Installing: /home/rinav/ros2_ws/install/turtlesim/include/turtlesim/turtlesim/msg/detail/color__rosidl_typesupport_fastrtps_c.h
[27.103s] -- Installing: /home/rinav/ros2_ws/install/turtlesim/include/turtlesim/turtlesim/msg/detail/pose__rosidl_typesupport_fastrtps_c.h
[27.103s] -- Installing: /home/rinav/ros2_ws/install/turtlesim/include/turtlesim/turtlesim/msg/rosidl_typesupport_fastrtps_c__visibility_control.h
[27.103s] -- Up-to-date: /home/rinav/ros2_ws/install/turtlesim/include/turtlesim/turtlesim/action
[27.103s] -- Up-to-date: /home/rinav/ros2_ws/install/turtlesim/include/turtlesim/turtlesim/action/detail
[27.103s] -- Installing: /home/rinav/ros2_ws/install/turtlesim/include/turtlesim/turtlesim/action/detail/rotate_absolute__rosidl_typesupport_fastrtps_c.h
[27.103s] -- Installing: /home/rinav/ros2_ws/install/turtlesim/lib/libturtlesim__rosidl_typesupport_fastrtps_c.so
[27.103s] -- Set runtime path of "/home/rinav/ros2_ws/install/turtlesim/lib/libturtlesim__rosidl_typesupport_fastrtps_c.so" to ""
[27.104s] -- Up-to-date: /home/rinav/ros2_ws/install/turtlesim/include/turtlesim/turtlesim
[27.104s] -- Up-to-date: /home/rinav/ros2_ws/install/turtlesim/include/turtlesim/turtlesim/srv
[27.104s] -- Installing: /home/rinav/ros2_ws/install/turtlesim/include/turtlesim/turtlesim/srv/kill.hpp
[27.104s] -- Up-to-date: /home/rinav/ros2_ws/install/turtlesim/include/turtlesim/turtlesim/srv/detail
[27.104s] -- Installing: /home/rinav/ros2_ws/install/turtlesim/include/turtlesim/turtlesim/srv/detail/spawn__traits.hpp
[27.104s] -- Installing: /home/rinav/ros2_ws/install/turtlesim/include/turtlesim/turtlesim/srv/detail/kill__type_support.hpp
[27.104s] -- Installing: /home/rinav/ros2_ws/install/turtlesim/include/turtlesim/turtlesim/srv/detail/teleport_relative__type_support.hpp
[27.104s] -- Installing: /home/rinav/ros2_ws/install/turtlesim/include/turtlesim/turtlesim/srv/detail/teleport_relative__builder.hpp
[27.104s] -- Installing: /home/rinav/ros2_ws/install/turtlesim/include/turtlesim/turtlesim/srv/detail/kill__struct.hpp
[27.104s] -- Installing: /home/rinav/ros2_ws/install/turtlesim/include/turtlesim/turtlesim/srv/detail/spawn__builder.hpp
[27.104s] -- Installing: /home/rinav/ros2_ws/install/turtlesim/include/turtlesim/turtlesim/srv/detail/teleport_absolute__builder.hpp
[27.105s] -- Installing: /home/rinav/ros2_ws/install/turtlesim/include/turtlesim/turtlesim/srv/detail/teleport_relative__traits.hpp
[27.105s] -- Installing: /home/rinav/ros2_ws/install/turtlesim/include/turtlesim/turtlesim/srv/detail/set_pen__traits.hpp
[27.105s] -- Installing: /home/rinav/ros2_ws/install/turtlesim/include/turtlesim/turtlesim/srv/detail/set_pen__type_support.hpp
[27.105s] -- Installing: /home/rinav/ros2_ws/install/turtlesim/include/turtlesim/turtlesim/srv/detail/kill__traits.hpp
[27.105s] -- Installing: /home/rinav/ros2_ws/install/turtlesim/include/turtlesim/turtlesim/srv/detail/set_pen__builder.hpp
[27.105s] -- Installing: /home/rinav/ros2_ws/install/turtlesim/include/turtlesim/turtlesim/srv/detail/spawn__struct.hpp
[27.105s] -- Installing: /home/rinav/ros2_ws/install/turtlesim/include/turtlesim/turtlesim/srv/detail/teleport_absolute__struct.hpp
[27.105s] -- Installing: /home/rinav/ros2_ws/install/turtlesim/include/turtlesim/turtlesim/srv/detail/set_pen__struct.hpp
[27.105s] -- Installing: /home/rinav/ros2_ws/install/turtlesim/include/turtlesim/turtlesim/srv/detail/kill__builder.hpp
[27.105s] -- Installing: /home/rinav/ros2_ws/install/turtlesim/include/turtlesim/turtlesim/srv/detail/spawn__type_support.hpp
[27.105s] -- Installing: /home/rinav/ros2_ws/install/turtlesim/include/turtlesim/turtlesim/srv/detail/teleport_absolute__type_support.hpp
[27.105s] -- Installing: /home/rinav/ros2_ws/install/turtlesim/include/turtlesim/turtlesim/srv/detail/teleport_absolute__traits.hpp
[27.105s] -- Installing: /home/rinav/ros2_ws/install/turtlesim/include/turtlesim/turtlesim/srv/detail/teleport_relative__struct.hpp
[27.105s] -- Installing: /home/rinav/ros2_ws/install/turtlesim/include/turtlesim/turtlesim/srv/spawn.hpp
[27.105s] -- Installing: /home/rinav/ros2_ws/install/turtlesim/include/turtlesim/turtlesim/srv/set_pen.hpp
[27.105s] -- Installing: /home/rinav/ros2_ws/install/turtlesim/include/turtlesim/turtlesim/srv/teleport_absolute.hpp
[27.105s] -- Installing: /home/rinav/ros2_ws/install/turtlesim/include/turtlesim/turtlesim/srv/teleport_relative.hpp
[27.105s] -- Up-to-date: /home/rinav/ros2_ws/install/turtlesim/include/turtlesim/turtlesim/msg
[27.105s] -- Up-to-date: /home/rinav/ros2_ws/install/turtlesim/include/turtlesim/turtlesim/msg/detail
[27.106s] -- Installing: /home/rinav/ros2_ws/install/turtlesim/include/turtlesim/turtlesim/msg/detail/color__traits.hpp
[27.106s] -- Installing: /home/rinav/ros2_ws/install/turtlesim/include/turtlesim/turtlesim/msg/detail/pose__struct.hpp
[27.106s] -- Installing: /home/rinav/ros2_ws/install/turtlesim/include/turtlesim/turtlesim/msg/detail/pose__type_support.hpp
[27.106s] -- Installing: /home/rinav/ros2_ws/install/turtlesim/include/turtlesim/turtlesim/msg/detail/color__type_support.hpp
[27.106s] -- Installing: /home/rinav/ros2_ws/install/turtlesim/include/turtlesim/turtlesim/msg/detail/pose__traits.hpp
[27.106s] -- Installing: /home/rinav/ros2_ws/install/turtlesim/include/turtlesim/turtlesim/msg/detail/color__struct.hpp
[27.106s] -- Installing: /home/rinav/ros2_ws/install/turtlesim/include/turtlesim/turtlesim/msg/detail/pose__builder.hpp
[27.106s] -- Installing: /home/rinav/ros2_ws/install/turtlesim/include/turtlesim/turtlesim/msg/detail/color__builder.hpp
[27.106s] -- Installing: /home/rinav/ros2_ws/install/turtlesim/include/turtlesim/turtlesim/msg/pose.hpp
[27.106s] -- Installing: /home/rinav/ros2_ws/install/turtlesim/include/turtlesim/turtlesim/msg/rosidl_generator_cpp__visibility_control.hpp
[27.106s] -- Installing: /home/rinav/ros2_ws/install/turtlesim/include/turtlesim/turtlesim/msg/color.hpp
[27.106s] -- Up-to-date: /home/rinav/ros2_ws/install/turtlesim/include/turtlesim/turtlesim/action
[27.106s] -- Up-to-date: /home/rinav/ros2_ws/install/turtlesim/include/turtlesim/turtlesim/action/detail
[27.106s] -- Installing: /home/rinav/ros2_ws/install/turtlesim/include/turtlesim/turtlesim/action/detail/rotate_absolute__struct.hpp
[27.106s] -- Installing: /home/rinav/ros2_ws/install/turtlesim/include/turtlesim/turtlesim/action/detail/rotate_absolute__type_support.hpp
[27.106s] -- Installing: /home/rinav/ros2_ws/install/turtlesim/include/turtlesim/turtlesim/action/detail/rotate_absolute__traits.hpp
[27.107s] -- Installing: /home/rinav/ros2_ws/install/turtlesim/include/turtlesim/turtlesim/action/detail/rotate_absolute__builder.hpp
[27.107s] -- Installing: /home/rinav/ros2_ws/install/turtlesim/include/turtlesim/turtlesim/action/rotate_absolute.hpp
[27.107s] -- Up-to-date: /home/rinav/ros2_ws/install/turtlesim/include/turtlesim/turtlesim
[27.107s] -- Up-to-date: /home/rinav/ros2_ws/install/turtlesim/include/turtlesim/turtlesim/srv
[27.107s] -- Up-to-date: /home/rinav/ros2_ws/install/turtlesim/include/turtlesim/turtlesim/srv/detail
[27.107s] -- Installing: /home/rinav/ros2_ws/install/turtlesim/include/turtlesim/turtlesim/srv/detail/dds_fastrtps
[27.107s] -- Installing: /home/rinav/ros2_ws/install/turtlesim/include/turtlesim/turtlesim/srv/detail/set_pen__rosidl_typesupport_fastrtps_cpp.hpp
[27.107s] -- Installing: /home/rinav/ros2_ws/install/turtlesim/include/turtlesim/turtlesim/srv/detail/spawn__rosidl_typesupport_fastrtps_cpp.hpp
[27.107s] -- Installing: /home/rinav/ros2_ws/install/turtlesim/include/turtlesim/turtlesim/srv/detail/teleport_absolute__rosidl_typesupport_fastrtps_cpp.hpp
[27.107s] -- Installing: /home/rinav/ros2_ws/install/turtlesim/include/turtlesim/turtlesim/srv/detail/kill__rosidl_typesupport_fastrtps_cpp.hpp
[27.107s] -- Installing: /home/rinav/ros2_ws/install/turtlesim/include/turtlesim/turtlesim/srv/detail/teleport_relative__rosidl_typesupport_fastrtps_cpp.hpp
[27.107s] -- Up-to-date: /home/rinav/ros2_ws/install/turtlesim/include/turtlesim/turtlesim/msg
[27.107s] -- Up-to-date: /home/rinav/ros2_ws/install/turtlesim/include/turtlesim/turtlesim/msg/detail
[27.107s] -- Installing: /home/rinav/ros2_ws/install/turtlesim/include/turtlesim/turtlesim/msg/detail/pose__rosidl_typesupport_fastrtps_cpp.hpp
[27.107s] -- Installing: /home/rinav/ros2_ws/install/turtlesim/include/turtlesim/turtlesim/msg/detail/dds_fastrtps
[27.107s] -- Installing: /home/rinav/ros2_ws/install/turtlesim/include/turtlesim/turtlesim/msg/detail/color__rosidl_typesupport_fastrtps_cpp.hpp
[27.107s] -- Installing: /home/rinav/ros2_ws/install/turtlesim/include/turtlesim/turtlesim/msg/rosidl_typesupport_fastrtps_cpp__visibility_control.h
[27.107s] -- Up-to-date: /home/rinav/ros2_ws/install/turtlesim/include/turtlesim/turtlesim/action
[27.107s] -- Up-to-date: /home/rinav/ros2_ws/install/turtlesim/include/turtlesim/turtlesim/action/detail
[27.108s] -- Installing: /home/rinav/ros2_ws/install/turtlesim/include/turtlesim/turtlesim/action/detail/rotate_absolute__rosidl_typesupport_fastrtps_cpp.hpp
[27.108s] -- Installing: /home/rinav/ros2_ws/install/turtlesim/include/turtlesim/turtlesim/action/detail/dds_fastrtps
[27.108s] -- Installing: /home/rinav/ros2_ws/install/turtlesim/lib/libturtlesim__rosidl_typesupport_fastrtps_cpp.so
[27.108s] -- Set runtime path of "/home/rinav/ros2_ws/install/turtlesim/lib/libturtlesim__rosidl_typesupport_fastrtps_cpp.so" to ""
[27.108s] -- Up-to-date: /home/rinav/ros2_ws/install/turtlesim/include/turtlesim/turtlesim
[27.108s] -- Up-to-date: /home/rinav/ros2_ws/install/turtlesim/include/turtlesim/turtlesim/srv
[27.108s] -- Up-to-date: /home/rinav/ros2_ws/install/turtlesim/include/turtlesim/turtlesim/srv/detail
[27.108s] -- Installing: /home/rinav/ros2_ws/install/turtlesim/include/turtlesim/turtlesim/srv/detail/set_pen__rosidl_typesupport_introspection_c.h
[27.108s] -- Installing: /home/rinav/ros2_ws/install/turtlesim/include/turtlesim/turtlesim/srv/detail/set_pen__type_support.c
[27.108s] -- Installing: /home/rinav/ros2_ws/install/turtlesim/include/turtlesim/turtlesim/srv/detail/teleport_relative__rosidl_typesupport_introspection_c.h
[27.108s] -- Installing: /home/rinav/ros2_ws/install/turtlesim/include/turtlesim/turtlesim/srv/detail/teleport_absolute__rosidl_typesupport_introspection_c.h
[27.108s] -- Installing: /home/rinav/ros2_ws/install/turtlesim/include/turtlesim/turtlesim/srv/detail/teleport_absolute__type_support.c
[27.108s] -- Installing: /home/rinav/ros2_ws/install/turtlesim/include/turtlesim/turtlesim/srv/detail/kill__rosidl_typesupport_introspection_c.h
[27.108s] -- Installing: /home/rinav/ros2_ws/install/turtlesim/include/turtlesim/turtlesim/srv/detail/spawn__type_support.c
[27.108s] -- Installing: /home/rinav/ros2_ws/install/turtlesim/include/turtlesim/turtlesim/srv/detail/kill__type_support.c
[27.109s] -- Installing: /home/rinav/ros2_ws/install/turtlesim/include/turtlesim/turtlesim/srv/detail/teleport_relative__type_support.c
[27.109s] -- Installing: /home/rinav/ros2_ws/install/turtlesim/include/turtlesim/turtlesim/srv/detail/spawn__rosidl_typesupport_introspection_c.h
[27.109s] -- Up-to-date: /home/rinav/ros2_ws/install/turtlesim/include/turtlesim/turtlesim/msg
[27.109s] -- Up-to-date: /home/rinav/ros2_ws/install/turtlesim/include/turtlesim/turtlesim/msg/detail
[27.109s] -- Installing: /home/rinav/ros2_ws/install/turtlesim/include/turtlesim/turtlesim/msg/detail/color__rosidl_typesupport_introspection_c.h
[27.109s] -- Installing: /home/rinav/ros2_ws/install/turtlesim/include/turtlesim/turtlesim/msg/detail/pose__type_support.c
[27.109s] -- Installing: /home/rinav/ros2_ws/install/turtlesim/include/turtlesim/turtlesim/msg/detail/color__type_support.c
[27.109s] -- Installing: /home/rinav/ros2_ws/install/turtlesim/include/turtlesim/turtlesim/msg/detail/pose__rosidl_typesupport_introspection_c.h
[27.109s] -- Installing: /home/rinav/ros2_ws/install/turtlesim/include/turtlesim/turtlesim/msg/rosidl_typesupport_introspection_c__visibility_control.h
[27.109s] -- Up-to-date: /home/rinav/ros2_ws/install/turtlesim/include/turtlesim/turtlesim/action
[27.109s] -- Up-to-date: /home/rinav/ros2_ws/install/turtlesim/include/turtlesim/turtlesim/action/detail
[27.109s] -- Installing: /home/rinav/ros2_ws/install/turtlesim/include/turtlesim/turtlesim/action/detail/rotate_absolute__type_support.c
[27.109s] -- Installing: /home/rinav/ros2_ws/install/turtlesim/include/turtlesim/turtlesim/action/detail/rotate_absolute__rosidl_typesupport_introspection_c.h
[27.109s] -- Installing: /home/rinav/ros2_ws/install/turtlesim/lib/libturtlesim__rosidl_typesupport_introspection_c.so
[27.109s] -- Set runtime path of "/home/rinav/ros2_ws/install/turtlesim/lib/libturtlesim__rosidl_typesupport_introspection_c.so" to ""
[27.109s] -- Installing: /home/rinav/ros2_ws/install/turtlesim/lib/libturtlesim__rosidl_typesupport_c.so
[27.109s] -- Set runtime path of "/home/rinav/ros2_ws/install/turtlesim/lib/libturtlesim__rosidl_typesupport_c.so" to ""
[27.109s] -- Up-to-date: /home/rinav/ros2_ws/install/turtlesim/include/turtlesim/turtlesim
[27.109s] -- Up-to-date: /home/rinav/ros2_ws/install/turtlesim/include/turtlesim/turtlesim/srv
[27.109s] -- Up-to-date: /home/rinav/ros2_ws/install/turtlesim/include/turtlesim/turtlesim/srv/detail
[27.110s] -- Installing: /home/rinav/ros2_ws/install/turtlesim/include/turtlesim/turtlesim/srv/detail/spawn__rosidl_typesupport_introspection_cpp.hpp
[27.110s] -- Installing: /home/rinav/ros2_ws/install/turtlesim/include/turtlesim/turtlesim/srv/detail/kill__type_support.cpp
[27.110s] -- Installing: /home/rinav/ros2_ws/install/turtlesim/include/turtlesim/turtlesim/srv/detail/kill__rosidl_typesupport_introspection_cpp.hpp
[27.110s] -- Installing: /home/rinav/ros2_ws/install/turtlesim/include/turtlesim/turtlesim/srv/detail/set_pen__rosidl_typesupport_introspection_cpp.hpp
[27.110s] -- Installing: /home/rinav/ros2_ws/install/turtlesim/include/turtlesim/turtlesim/srv/detail/teleport_absolute__rosidl_typesupport_introspection_cpp.hpp
[27.110s] -- Installing: /home/rinav/ros2_ws/install/turtlesim/include/turtlesim/turtlesim/srv/detail/teleport_relative__rosidl_typesupport_introspection_cpp.hpp
[27.110s] -- Installing: /home/rinav/ros2_ws/install/turtlesim/include/turtlesim/turtlesim/srv/detail/teleport_absolute__type_support.cpp
[27.110s] -- Installing: /home/rinav/ros2_ws/install/turtlesim/include/turtlesim/turtlesim/srv/detail/spawn__type_support.cpp
[27.110s] -- Installing: /home/rinav/ros2_ws/install/turtlesim/include/turtlesim/turtlesim/srv/detail/set_pen__type_support.cpp
[27.110s] -- Installing: /home/rinav/ros2_ws/install/turtlesim/include/turtlesim/turtlesim/srv/detail/teleport_relative__type_support.cpp
[27.110s] -- Up-to-date: /home/rinav/ros2_ws/install/turtlesim/include/turtlesim/turtlesim/msg
[27.110s] -- Up-to-date: /home/rinav/ros2_ws/install/turtlesim/include/turtlesim/turtlesim/msg/detail
[27.110s] -- Installing: /home/rinav/ros2_ws/install/turtlesim/include/turtlesim/turtlesim/msg/detail/pose__rosidl_typesupport_introspection_cpp.hpp
[27.110s] -- Installing: /home/rinav/ros2_ws/install/turtlesim/include/turtlesim/turtlesim/msg/detail/color__type_support.cpp
[27.110s] -- Installing: /home/rinav/ros2_ws/install/turtlesim/include/turtlesim/turtlesim/msg/detail/color__rosidl_typesupport_introspection_cpp.hpp
[27.110s] -- Installing: /home/rinav/ros2_ws/install/turtlesim/include/turtlesim/turtlesim/msg/detail/pose__type_support.cpp
[27.110s] -- Up-to-date: /home/rinav/ros2_ws/install/turtlesim/include/turtlesim/turtlesim/action
[27.111s] -- Up-to-date: /home/rinav/ros2_ws/install/turtlesim/include/turtlesim/turtlesim/action/detail
[27.111s] -- Installing: /home/rinav/ros2_ws/install/turtlesim/include/turtlesim/turtlesim/action/detail/rotate_absolute__rosidl_typesupport_introspection_cpp.hpp
[27.111s] -- Installing: /home/rinav/ros2_ws/install/turtlesim/include/turtlesim/turtlesim/action/detail/rotate_absolute__type_support.cpp
[27.111s] -- Installing: /home/rinav/ros2_ws/install/turtlesim/lib/libturtlesim__rosidl_typesupport_introspection_cpp.so
[27.111s] -- Set runtime path of "/home/rinav/ros2_ws/install/turtlesim/lib/libturtlesim__rosidl_typesupport_introspection_cpp.so" to ""
[27.111s] -- Installing: /home/rinav/ros2_ws/install/turtlesim/lib/libturtlesim__rosidl_typesupport_cpp.so
[27.111s] -- Set runtime path of "/home/rinav/ros2_ws/install/turtlesim/lib/libturtlesim__rosidl_typesupport_cpp.so" to ""
[27.111s] -- Installing: /home/rinav/ros2_ws/install/turtlesim/share/turtlesim/environment/pythonpath.sh
[27.111s] -- Installing: /home/rinav/ros2_ws/install/turtlesim/share/turtlesim/environment/pythonpath.dsv
[27.111s] -- Installing: /home/rinav/ros2_ws/install/turtlesim/local/lib/python3.10/dist-packages/turtlesim-1.4.2-py3.10.egg-info
[27.111s] -- Installing: /home/rinav/ros2_ws/install/turtlesim/local/lib/python3.10/dist-packages/turtlesim-1.4.2-py3.10.egg-info/dependency_links.txt
[27.111s] -- Installing: /home/rinav/ros2_ws/install/turtlesim/local/lib/python3.10/dist-packages/turtlesim-1.4.2-py3.10.egg-info/PKG-INFO
[27.111s] -- Installing: /home/rinav/ros2_ws/install/turtlesim/local/lib/python3.10/dist-packages/turtlesim-1.4.2-py3.10.egg-info/top_level.txt
[27.112s] -- Installing: /home/rinav/ros2_ws/install/turtlesim/local/lib/python3.10/dist-packages/turtlesim-1.4.2-py3.10.egg-info/SOURCES.txt
[27.112s] -- Installing: /home/rinav/ros2_ws/install/turtlesim/local/lib/python3.10/dist-packages/turtlesim
[27.112s] -- Installing: /home/rinav/ros2_ws/install/turtlesim/local/lib/python3.10/dist-packages/turtlesim/_turtlesim_s.ep.rosidl_typesupport_introspection_c.c
[27.112s] -- Installing: /home/rinav/ros2_ws/install/turtlesim/local/lib/python3.10/dist-packages/turtlesim/libturtlesim__rosidl_generator_py.so
[27.112s] -- Installing: /home/rinav/ros2_ws/install/turtlesim/local/lib/python3.10/dist-packages/turtlesim/turtlesim_s__rosidl_typesupport_c.cpython-310-aarch64-linux-gnu.so
[27.112s] -- Installing: /home/rinav/ros2_ws/install/turtlesim/local/lib/python3.10/dist-packages/turtlesim/_turtlesim_s.ep.rosidl_typesupport_fastrtps_c.c
[27.112s] -- Installing: /home/rinav/ros2_ws/install/turtlesim/local/lib/python3.10/dist-packages/turtlesim/srv
[27.112s] -- Installing: /home/rinav/ros2_ws/install/turtlesim/local/lib/python3.10/dist-packages/turtlesim/srv/_teleport_relative.py
[27.112s] -- Installing: /home/rinav/ros2_ws/install/turtlesim/local/lib/python3.10/dist-packages/turtlesim/srv/_spawn.py
[27.112s] -- Installing: /home/rinav/ros2_ws/install/turtlesim/local/lib/python3.10/dist-packages/turtlesim/srv/_teleport_absolute_s.c
[27.112s] -- Installing: /home/rinav/ros2_ws/install/turtlesim/local/lib/python3.10/dist-packages/turtlesim/srv/_teleport_absolute.py
[27.112s] -- Installing: /home/rinav/ros2_ws/install/turtlesim/local/lib/python3.10/dist-packages/turtlesim/srv/_teleport_relative_s.c
[27.112s] -- Installing: /home/rinav/ros2_ws/install/turtlesim/local/lib/python3.10/dist-packages/turtlesim/srv/_kill_s.c
[27.112s] -- Installing: /home/rinav/ros2_ws/install/turtlesim/local/lib/python3.10/dist-packages/turtlesim/srv/_set_pen_s.c
[27.112s] -- Installing: /home/rinav/ros2_ws/install/turtlesim/local/lib/python3.10/dist-packages/turtlesim/srv/__init__.py
[27.112s] -- Installing: /home/rinav/ros2_ws/install/turtlesim/local/lib/python3.10/dist-packages/turtlesim/srv/_set_pen.py
[27.112s] -- Installing: /home/rinav/ros2_ws/install/turtlesim/local/lib/python3.10/dist-packages/turtlesim/srv/_spawn_s.c
[27.112s] -- Installing: /home/rinav/ros2_ws/install/turtlesim/local/lib/python3.10/dist-packages/turtlesim/srv/_kill.py
[27.112s] -- Installing: /home/rinav/ros2_ws/install/turtlesim/local/lib/python3.10/dist-packages/turtlesim/msg
[27.112s] -- Installing: /home/rinav/ros2_ws/install/turtlesim/local/lib/python3.10/dist-packages/turtlesim/msg/_color.py
[27.113s] -- Installing: /home/rinav/ros2_ws/install/turtlesim/local/lib/python3.10/dist-packages/turtlesim/msg/_pose.py
[27.113s] -- Installing: /home/rinav/ros2_ws/install/turtlesim/local/lib/python3.10/dist-packages/turtlesim/msg/_pose_s.c
[27.113s] -- Installing: /home/rinav/ros2_ws/install/turtlesim/local/lib/python3.10/dist-packages/turtlesim/msg/__init__.py
[27.113s] -- Installing: /home/rinav/ros2_ws/install/turtlesim/local/lib/python3.10/dist-packages/turtlesim/msg/_color_s.c
[27.113s] -- Installing: /home/rinav/ros2_ws/install/turtlesim/local/lib/python3.10/dist-packages/turtlesim/turtlesim_s__rosidl_typesupport_fastrtps_c.cpython-310-aarch64-linux-gnu.so
[27.113s] -- Installing: /home/rinav/ros2_ws/install/turtlesim/local/lib/python3.10/dist-packages/turtlesim/_turtlesim_s.ep.rosidl_typesupport_c.c
[27.113s] -- Installing: /home/rinav/ros2_ws/install/turtlesim/local/lib/python3.10/dist-packages/turtlesim/turtlesim_s__rosidl_typesupport_introspection_c.cpython-310-aarch64-linux-gnu.so
[27.113s] -- Installing: /home/rinav/ros2_ws/install/turtlesim/local/lib/python3.10/dist-packages/turtlesim/__init__.py
[27.113s] -- Installing: /home/rinav/ros2_ws/install/turtlesim/local/lib/python3.10/dist-packages/turtlesim/action
[27.114s] -- Installing: /home/rinav/ros2_ws/install/turtlesim/local/lib/python3.10/dist-packages/turtlesim/action/_rotate_absolute.py
[27.114s] -- Installing: /home/rinav/ros2_ws/install/turtlesim/local/lib/python3.10/dist-packages/turtlesim/action/_rotate_absolute_s.c
[27.114s] -- Installing: /home/rinav/ros2_ws/install/turtlesim/local/lib/python3.10/dist-packages/turtlesim/action/__init__.py
[27.166s] Listing '/home/rinav/ros2_ws/install/turtlesim/local/lib/python3.10/dist-packages/turtlesim'...
[27.166s] Compiling '/home/rinav/ros2_ws/install/turtlesim/local/lib/python3.10/dist-packages/turtlesim/__init__.py'...
[27.166s] Listing '/home/rinav/ros2_ws/install/turtlesim/local/lib/python3.10/dist-packages/turtlesim/action'...
[27.166s] Compiling '/home/rinav/ros2_ws/install/turtlesim/local/lib/python3.10/dist-packages/turtlesim/action/__init__.py'...
[27.166s] Compiling '/home/rinav/ros2_ws/install/turtlesim/local/lib/python3.10/dist-packages/turtlesim/action/_rotate_absolute.py'...
[27.166s] Listing '/home/rinav/ros2_ws/install/turtlesim/local/lib/python3.10/dist-packages/turtlesim/msg'...
[27.166s] Compiling '/home/rinav/ros2_ws/install/turtlesim/local/lib/python3.10/dist-packages/turtlesim/msg/__init__.py'...
[27.166s] Compiling '/home/rinav/ros2_ws/install/turtlesim/local/lib/python3.10/dist-packages/turtlesim/msg/_color.py'...
[27.166s] Compiling '/home/rinav/ros2_ws/install/turtlesim/local/lib/python3.10/dist-packages/turtlesim/msg/_pose.py'...
[27.166s] Listing '/home/rinav/ros2_ws/install/turtlesim/local/lib/python3.10/dist-packages/turtlesim/srv'...
[27.166s] Compiling '/home/rinav/ros2_ws/install/turtlesim/local/lib/python3.10/dist-packages/turtlesim/srv/__init__.py'...
[27.166s] Compiling '/home/rinav/ros2_ws/install/turtlesim/local/lib/python3.10/dist-packages/turtlesim/srv/_kill.py'...
[27.166s] Compiling '/home/rinav/ros2_ws/install/turtlesim/local/lib/python3.10/dist-packages/turtlesim/srv/_set_pen.py'...
[27.166s] Compiling '/home/rinav/ros2_ws/install/turtlesim/local/lib/python3.10/dist-packages/turtlesim/srv/_spawn.py'...
[27.166s] Compiling '/home/rinav/ros2_ws/install/turtlesim/local/lib/python3.10/dist-packages/turtlesim/srv/_teleport_absolute.py'...
[27.166s] Compiling '/home/rinav/ros2_ws/install/turtlesim/local/lib/python3.10/dist-packages/turtlesim/srv/_teleport_relative.py'...
[27.169s] -- Installing: /home/rinav/ros2_ws/install/turtlesim/local/lib/python3.10/dist-packages/turtlesim/turtlesim_s__rosidl_typesupport_fastrtps_c.cpython-310-aarch64-linux-gnu.so
[27.170s] -- Set runtime path of "/home/rinav/ros2_ws/install/turtlesim/local/lib/python3.10/dist-packages/turtlesim/turtlesim_s__rosidl_typesupport_fastrtps_c.cpython-310-aarch64-linux-gnu.so" to ""
[27.170s] -- Installing: /home/rinav/ros2_ws/install/turtlesim/local/lib/python3.10/dist-packages/turtlesim/turtlesim_s__rosidl_typesupport_introspection_c.cpython-310-aarch64-linux-gnu.so
[27.170s] -- Set runtime path of "/home/rinav/ros2_ws/install/turtlesim/local/lib/python3.10/dist-packages/turtlesim/turtlesim_s__rosidl_typesupport_introspection_c.cpython-310-aarch64-linux-gnu.so" to ""
[27.170s] -- Installing: /home/rinav/ros2_ws/install/turtlesim/local/lib/python3.10/dist-packages/turtlesim/turtlesim_s__rosidl_typesupport_c.cpython-310-aarch64-linux-gnu.so
[27.170s] -- Set runtime path of "/home/rinav/ros2_ws/install/turtlesim/local/lib/python3.10/dist-packages/turtlesim/turtlesim_s__rosidl_typesupport_c.cpython-310-aarch64-linux-gnu.so" to ""
[27.170s] -- Installing: /home/rinav/ros2_ws/install/turtlesim/lib/libturtlesim__rosidl_generator_py.so
[27.171s] -- Set runtime path of "/home/rinav/ros2_ws/install/turtlesim/lib/libturtlesim__rosidl_generator_py.so" to ""
[27.171s] -- Installing: /home/rinav/ros2_ws/install/turtlesim/share/turtlesim/action/RotateAbsolute.idl
[27.171s] -- Installing: /home/rinav/ros2_ws/install/turtlesim/share/turtlesim/msg/Color.idl
[27.171s] -- Installing: /home/rinav/ros2_ws/install/turtlesim/share/turtlesim/msg/Pose.idl
[27.171s] -- Installing: /home/rinav/ros2_ws/install/turtlesim/share/turtlesim/srv/Kill.idl
[27.171s] -- Installing: /home/rinav/ros2_ws/install/turtlesim/share/turtlesim/srv/SetPen.idl
[27.171s] -- Installing: /home/rinav/ros2_ws/install/turtlesim/share/turtlesim/srv/Spawn.idl
[27.171s] -- Installing: /home/rinav/ros2_ws/install/turtlesim/share/turtlesim/srv/TeleportAbsolute.idl
[27.171s] -- Installing: /home/rinav/ros2_ws/install/turtlesim/share/turtlesim/srv/TeleportRelative.idl
[27.171s] -- Installing: /home/rinav/ros2_ws/install/turtlesim/share/turtlesim/action/RotateAbsolute.action
[27.171s] -- Installing: /home/rinav/ros2_ws/install/turtlesim/share/turtlesim/msg/Color.msg
[27.171s] -- Installing: /home/rinav/ros2_ws/install/turtlesim/share/turtlesim/msg/Pose.msg
[27.172s] -- Installing: /home/rinav/ros2_ws/install/turtlesim/share/turtlesim/srv/Kill.srv
[27.172s] -- Installing: /home/rinav/ros2_ws/install/turtlesim/share/turtlesim/srv/Kill_Request.msg
[27.172s] -- Installing: /home/rinav/ros2_ws/install/turtlesim/share/turtlesim/srv/Kill_Response.msg
[27.172s] -- Installing: /home/rinav/ros2_ws/install/turtlesim/share/turtlesim/srv/SetPen.srv
[27.172s] -- Installing: /home/rinav/ros2_ws/install/turtlesim/share/turtlesim/srv/SetPen_Request.msg
[27.172s] -- Installing: /home/rinav/ros2_ws/install/turtlesim/share/turtlesim/srv/SetPen_Response.msg
[27.172s] -- Installing: /home/rinav/ros2_ws/install/turtlesim/share/turtlesim/srv/Spawn.srv
[27.172s] -- Installing: /home/rinav/ros2_ws/install/turtlesim/share/turtlesim/srv/Spawn_Request.msg
[27.172s] -- Installing: /home/rinav/ros2_ws/install/turtlesim/share/turtlesim/srv/Spawn_Response.msg
[27.172s] -- Installing: /home/rinav/ros2_ws/install/turtlesim/share/turtlesim/srv/TeleportAbsolute.srv
[27.172s] -- Installing: /home/rinav/ros2_ws/install/turtlesim/share/turtlesim/srv/TeleportAbsolute_Request.msg
[27.172s] -- Installing: /home/rinav/ros2_ws/install/turtlesim/share/turtlesim/srv/TeleportAbsolute_Response.msg
[27.172s] -- Installing: /home/rinav/ros2_ws/install/turtlesim/share/turtlesim/srv/TeleportRelative.srv
[27.173s] -- Installing: /home/rinav/ros2_ws/install/turtlesim/share/turtlesim/srv/TeleportRelative_Request.msg
[27.173s] -- Installing: /home/rinav/ros2_ws/install/turtlesim/share/turtlesim/srv/TeleportRelative_Response.msg
[27.173s] -- Installing: /home/rinav/ros2_ws/install/turtlesim/lib/turtlesim/turtlesim_node
[27.180s] -- Set runtime path of "/home/rinav/ros2_ws/install/turtlesim/lib/turtlesim/turtlesim_node" to ""
[27.180s] -- Installing: /home/rinav/ros2_ws/install/turtlesim/lib/turtlesim/turtle_teleop_key
[27.181s] -- Set runtime path of "/home/rinav/ros2_ws/install/turtlesim/lib/turtlesim/turtle_teleop_key" to ""
[27.181s] -- Installing: /home/rinav/ros2_ws/install/turtlesim/lib/turtlesim/draw_square
[27.194s] -- Set runtime path of "/home/rinav/ros2_ws/install/turtlesim/lib/turtlesim/draw_square" to ""
[27.194s] -- Installing: /home/rinav/ros2_ws/install/turtlesim/lib/turtlesim/mimic
[27.199s] -- Set runtime path of "/home/rinav/ros2_ws/install/turtlesim/lib/turtlesim/mimic" to ""
[27.199s] -- Installing: /home/rinav/ros2_ws/install/turtlesim/share/turtlesim/images
[27.199s] -- Installing: /home/rinav/ros2_ws/install/turtlesim/share/turtlesim/images/dashing.png
[27.199s] -- Installing: /home/rinav/ros2_ws/install/turtlesim/share/turtlesim/images/bouncy.png
[27.199s] -- Installing: /home/rinav/ros2_ws/install/turtlesim/share/turtlesim/images/crystal.png
[27.199s] -- Installing: /home/rinav/ros2_ws/install/turtlesim/share/turtlesim/images/ardent.png
[27.199s] -- Installing: /home/rinav/ros2_ws/install/turtlesim/share/turtlesim/images/galactic.png
[27.200s] -- Installing: /home/rinav/ros2_ws/install/turtlesim/share/turtlesim/images/eloquent.png
[27.200s] -- Installing: /home/rinav/ros2_ws/install/turtlesim/share/turtlesim/images/humble.png
[27.200s] -- Installing: /home/rinav/ros2_ws/install/turtlesim/share/turtlesim/images/foxy.png
[27.200s] -- Installing: /home/rinav/ros2_ws/install/turtlesim/share/turtlesim/images/rolling.png
[27.200s] -- Installing: /home/rinav/ros2_ws/install/turtlesim/share/turtlesim/launch
[27.200s] -- Installing: /home/rinav/ros2_ws/install/turtlesim/share/turtlesim/launch/multisim.launch.py
[27.200s] -- Installing: /home/rinav/ros2_ws/install/turtlesim/share/ament_index/resource_index/package_run_dependencies/turtlesim
[27.200s] -- Installing: /home/rinav/ros2_ws/install/turtlesim/share/ament_index/resource_index/parent_prefix_path/turtlesim
[27.200s] -- Installing: /home/rinav/ros2_ws/install/turtlesim/share/turtlesim/environment/ament_prefix_path.sh
[27.200s] -- Installing: /home/rinav/ros2_ws/install/turtlesim/share/turtlesim/environment/ament_prefix_path.dsv
[27.200s] -- Installing: /home/rinav/ros2_ws/install/turtlesim/share/turtlesim/environment/path.sh
[27.201s] -- Installing: /home/rinav/ros2_ws/install/turtlesim/share/turtlesim/environment/path.dsv
[27.201s] -- Installing: /home/rinav/ros2_ws/install/turtlesim/share/turtlesim/local_setup.bash
[27.201s] -- Installing: /home/rinav/ros2_ws/install/turtlesim/share/turtlesim/local_setup.sh
[27.201s] -- Installing: /home/rinav/ros2_ws/install/turtlesim/share/turtlesim/local_setup.zsh
[27.201s] -- Installing: /home/rinav/ros2_ws/install/turtlesim/share/turtlesim/local_setup.dsv
[27.201s] -- Installing: /home/rinav/ros2_ws/install/turtlesim/share/turtlesim/package.dsv
[27.201s] -- Installing: /home/rinav/ros2_ws/install/turtlesim/share/ament_index/resource_index/packages/turtlesim
[27.201s] -- Installing: /home/rinav/ros2_ws/install/turtlesim/share/turtlesim/cmake/export_turtlesim__rosidl_generator_cExport.cmake
[27.201s] -- Installing: /home/rinav/ros2_ws/install/turtlesim/share/turtlesim/cmake/export_turtlesim__rosidl_generator_cExport-noconfig.cmake
[27.201s] -- Installing: /home/rinav/ros2_ws/install/turtlesim/share/turtlesim/cmake/export_turtlesim__rosidl_typesupport_fastrtps_cExport.cmake
[27.201s] -- Installing: /home/rinav/ros2_ws/install/turtlesim/share/turtlesim/cmake/export_turtlesim__rosidl_typesupport_fastrtps_cExport-noconfig.cmake
[27.201s] -- Installing: /home/rinav/ros2_ws/install/turtlesim/share/turtlesim/cmake/export_turtlesim__rosidl_generator_cppExport.cmake
[27.202s] -- Installing: /home/rinav/ros2_ws/install/turtlesim/share/turtlesim/cmake/export_turtlesim__rosidl_typesupport_fastrtps_cppExport.cmake
[27.202s] -- Installing: /home/rinav/ros2_ws/install/turtlesim/share/turtlesim/cmake/export_turtlesim__rosidl_typesupport_fastrtps_cppExport-noconfig.cmake
[27.202s] -- Installing: /home/rinav/ros2_ws/install/turtlesim/share/turtlesim/cmake/turtlesim__rosidl_typesupport_introspection_cExport.cmake
[27.202s] -- Installing: /home/rinav/ros2_ws/install/turtlesim/share/turtlesim/cmake/turtlesim__rosidl_typesupport_introspection_cExport-noconfig.cmake
[27.202s] -- Installing: /home/rinav/ros2_ws/install/turtlesim/share/turtlesim/cmake/turtlesim__rosidl_typesupport_cExport.cmake
[27.202s] -- Installing: /home/rinav/ros2_ws/install/turtlesim/share/turtlesim/cmake/turtlesim__rosidl_typesupport_cExport-noconfig.cmake
[27.202s] -- Installing: /home/rinav/ros2_ws/install/turtlesim/share/turtlesim/cmake/turtlesim__rosidl_typesupport_introspection_cppExport.cmake
[27.202s] -- Installing: /home/rinav/ros2_ws/install/turtlesim/share/turtlesim/cmake/turtlesim__rosidl_typesupport_introspection_cppExport-noconfig.cmake
[27.202s] -- Installing: /home/rinav/ros2_ws/install/turtlesim/share/turtlesim/cmake/turtlesim__rosidl_typesupport_cppExport.cmake
[27.202s] -- Installing: /home/rinav/ros2_ws/install/turtlesim/share/turtlesim/cmake/turtlesim__rosidl_typesupport_cppExport-noconfig.cmake
[27.203s] -- Installing: /home/rinav/ros2_ws/install/turtlesim/share/turtlesim/cmake/export_turtlesim__rosidl_generator_pyExport.cmake
[27.203s] -- Installing: /home/rinav/ros2_ws/install/turtlesim/share/turtlesim/cmake/export_turtlesim__rosidl_generator_pyExport-noconfig.cmake
[27.203s] -- Installing: /home/rinav/ros2_ws/install/turtlesim/share/turtlesim/cmake/rosidl_cmake-extras.cmake
[27.203s] -- Installing: /home/rinav/ros2_ws/install/turtlesim/share/turtlesim/cmake/ament_cmake_export_dependencies-extras.cmake
[27.203s] -- Installing: /home/rinav/ros2_ws/install/turtlesim/share/turtlesim/cmake/ament_cmake_export_include_directories-extras.cmake
[27.203s] -- Installing: /home/rinav/ros2_ws/install/turtlesim/share/turtlesim/cmake/ament_cmake_export_libraries-extras.cmake
[27.203s] -- Installing: /home/rinav/ros2_ws/install/turtlesim/share/turtlesim/cmake/ament_cmake_export_targets-extras.cmake
[27.203s] -- Installing: /home/rinav/ros2_ws/install/turtlesim/share/turtlesim/cmake/rosidl_cmake_export_typesupport_targets-extras.cmake
[27.203s] -- Installing: /home/rinav/ros2_ws/install/turtlesim/share/turtlesim/cmake/rosidl_cmake_export_typesupport_libraries-extras.cmake
[27.203s] -- Installing: /home/rinav/ros2_ws/install/turtlesim/share/turtlesim/cmake/turtlesimConfig.cmake
[27.203s] -- Installing: /home/rinav/ros2_ws/install/turtlesim/share/turtlesim/cmake/turtlesimConfig-version.cmake
[27.203s] -- Installing: /home/rinav/ros2_ws/install/turtlesim/share/turtlesim/package.xml
[27.211s] Invoked command in '/home/rinav/ros2_ws/build/turtlesim' returned '0': CMAKE_PREFIX_PATH=${CMAKE_PREFIX_PATH}:/home/rinav/ros2_ws/install/trial_package:/home/rinav/ros2_ws/install/py_srvcli:/home/rinav/ros2_ws/install/py_pubsub:/home/rinav/ros2_ws/install/mobile_robotics:/opt/ros/humble /usr/bin/cmake --install /home/rinav/ros2_ws/build/turtlesim
