[0.012s] Invoking command in '/home/rinav/ros2_ws/src/husky/build/husky_gazebo': AMENT_PREFIX_PATH=/home/rinav/ros2_ws/src/husky/install/husky_control:/home/rinav/ros2_ws/src/husky/install/husky_description:${AMENT_PREFIX_PATH} CMAKE_PREFIX_PATH=/home/rinav/ros2_ws/src/husky/install/husky_control:/home/rinav/ros2_ws/src/husky/install/husky_description:/home/rinav/ros2_ws/install/ur:/home/rinav/ros2_ws/install/ur_calibration:/home/rinav/ros2_ws/install/ur_robot_driver:/home/rinav/ros2_ws/install/ur_moveit_config:/home/rinav/ros2_ws/install/ur_bringup:/home/rinav/ros2_ws/install/ur_description:/home/rinav/ros2_ws/install/ur_controllers:/home/rinav/ros2_ws/install/ur_dashboard_msgs:/home/rinav/ros2_ws/install/turtlesim:/home/rinav/ros2_ws/install/robotis_manipulator:/home/rinav/ros2_ws/install/husky_desktop:/home/rinav/ros2_ws/install/husky_viz:/home/rinav/ros2_ws/install/husky_ur3_ignition:/home/rinav/ros2_ws/install/husky_simulator:/home/rinav/ros2_ws/install/husky_robot:/home/rinav/ros2_ws/install/husky_gazebo:/home/rinav/ros2_ws/install/husky_bringup:/home/rinav/ros2_ws/install/husky_base:/home/rinav/ros2_ws/install/husky_msgs:/home/rinav/ros2_ws/install/husky_control:/home/rinav/ros2_ws/install/husky_description:/home/rinav/ros2_ws/install/trial_package:/home/rinav/ros2_ws/install/py_srvcli:/home/rinav/ros2_ws/install/py_pubsub:/home/rinav/ros2_ws/install/mobile_robotics:/opt/ros/humble /usr/bin/cmake --build /home/rinav/ros2_ws/src/husky/build/husky_gazebo -- -j8 -l8
[0.035s] -- Found ament_cmake: 1.3.12 (/opt/ros/humble/share/ament_cmake/cmake)
[0.135s] -- Found urdf: 2.6.1 (/opt/ros/humble/share/urdf/cmake)
[0.175s] -- Found xacro: 2.1.1 (/opt/ros/humble/share/xacro/cmake)
[0.226s] -- Configuring done
[0.231s] -- Generating done
[0.235s] -- Build files have been written to: /home/rinav/ros2_ws/src/husky/build/husky_gazebo
[0.254s] Invoked command in '/home/rinav/ros2_ws/src/husky/build/husky_gazebo' returned '0': AMENT_PREFIX_PATH=/home/rinav/ros2_ws/src/husky/install/husky_control:/home/rinav/ros2_ws/src/husky/install/husky_description:${AMENT_PREFIX_PATH} CMAKE_PREFIX_PATH=/home/rinav/ros2_ws/src/husky/install/husky_control:/home/rinav/ros2_ws/src/husky/install/husky_description:/home/rinav/ros2_ws/install/ur:/home/rinav/ros2_ws/install/ur_calibration:/home/rinav/ros2_ws/install/ur_robot_driver:/home/rinav/ros2_ws/install/ur_moveit_config:/home/rinav/ros2_ws/install/ur_bringup:/home/rinav/ros2_ws/install/ur_description:/home/rinav/ros2_ws/install/ur_controllers:/home/rinav/ros2_ws/install/ur_dashboard_msgs:/home/rinav/ros2_ws/install/turtlesim:/home/rinav/ros2_ws/install/robotis_manipulator:/home/rinav/ros2_ws/install/husky_desktop:/home/rinav/ros2_ws/install/husky_viz:/home/rinav/ros2_ws/install/husky_ur3_ignition:/home/rinav/ros2_ws/install/husky_simulator:/home/rinav/ros2_ws/install/husky_robot:/home/rinav/ros2_ws/install/husky_gazebo:/home/rinav/ros2_ws/install/husky_bringup:/home/rinav/ros2_ws/install/husky_base:/home/rinav/ros2_ws/install/husky_msgs:/home/rinav/ros2_ws/install/husky_control:/home/rinav/ros2_ws/install/husky_description:/home/rinav/ros2_ws/install/trial_package:/home/rinav/ros2_ws/install/py_srvcli:/home/rinav/ros2_ws/install/py_pubsub:/home/rinav/ros2_ws/install/mobile_robotics:/opt/ros/humble /usr/bin/cmake --build /home/rinav/ros2_ws/src/husky/build/husky_gazebo -- -j8 -l8
[0.261s] Invoking command in '/home/rinav/ros2_ws/src/husky/build/husky_gazebo': AMENT_PREFIX_PATH=/home/rinav/ros2_ws/src/husky/install/husky_control:/home/rinav/ros2_ws/src/husky/install/husky_description:${AMENT_PREFIX_PATH} CMAKE_PREFIX_PATH=/home/rinav/ros2_ws/src/husky/install/husky_control:/home/rinav/ros2_ws/src/husky/install/husky_description:/home/rinav/ros2_ws/install/ur:/home/rinav/ros2_ws/install/ur_calibration:/home/rinav/ros2_ws/install/ur_robot_driver:/home/rinav/ros2_ws/install/ur_moveit_config:/home/rinav/ros2_ws/install/ur_bringup:/home/rinav/ros2_ws/install/ur_description:/home/rinav/ros2_ws/install/ur_controllers:/home/rinav/ros2_ws/install/ur_dashboard_msgs:/home/rinav/ros2_ws/install/turtlesim:/home/rinav/ros2_ws/install/robotis_manipulator:/home/rinav/ros2_ws/install/husky_desktop:/home/rinav/ros2_ws/install/husky_viz:/home/rinav/ros2_ws/install/husky_ur3_ignition:/home/rinav/ros2_ws/install/husky_simulator:/home/rinav/ros2_ws/install/husky_robot:/home/rinav/ros2_ws/install/husky_gazebo:/home/rinav/ros2_ws/install/husky_bringup:/home/rinav/ros2_ws/install/husky_base:/home/rinav/ros2_ws/install/husky_msgs:/home/rinav/ros2_ws/install/husky_control:/home/rinav/ros2_ws/install/husky_description:/home/rinav/ros2_ws/install/trial_package:/home/rinav/ros2_ws/install/py_srvcli:/home/rinav/ros2_ws/install/py_pubsub:/home/rinav/ros2_ws/install/mobile_robotics:/opt/ros/humble /usr/bin/cmake --install /home/rinav/ros2_ws/src/husky/build/husky_gazebo
[0.266s] -- Install configuration: ""
[0.266s] -- Up-to-date: /home/rinav/ros2_ws/src/husky/install/husky_gazebo/share/husky_gazebo/launch
[0.266s] -- Up-to-date: /home/rinav/ros2_ws/src/husky/install/husky_gazebo/share/husky_gazebo/launch/multi_husky_playpen.launch
[0.266s] -- Up-to-date: /home/rinav/ros2_ws/src/husky/install/husky_gazebo/share/husky_gazebo/launch/spawn_husky.launch
[0.266s] -- Up-to-date: /home/rinav/ros2_ws/src/husky/install/husky_gazebo/share/husky_gazebo/launch/husky_playpen.launch.py
[0.266s] -- Up-to-date: /home/rinav/ros2_ws/src/husky/install/husky_gazebo/share/husky_gazebo/launch/husky_playpen.launch
[0.266s] -- Up-to-date: /home/rinav/ros2_ws/src/husky/install/husky_gazebo/share/husky_gazebo/launch/realsense.launch
[0.266s] -- Installing: /home/rinav/ros2_ws/src/husky/install/husky_gazebo/share/husky_gazebo/launch/gazebo.launch.py
[0.267s] -- Up-to-date: /home/rinav/ros2_ws/src/husky/install/husky_gazebo/share/husky_gazebo/launch/husky_empty_world.launch
[0.267s] -- Up-to-date: /home/rinav/ros2_ws/src/husky/install/husky_gazebo/share/husky_gazebo/launch/playpen.launch
[0.267s] -- Up-to-date: /home/rinav/ros2_ws/src/husky/install/husky_gazebo/share/husky_gazebo/worlds
[0.267s] -- Up-to-date: /home/rinav/ros2_ws/src/husky/install/husky_gazebo/share/husky_gazebo/worlds/clearpath_playpen.world
[0.267s] -- Installing: /home/rinav/ros2_ws/src/husky/install/husky_gazebo/share/husky_gazebo/worlds/clearpath_playpen.sdf
[0.267s] -- Installing: /home/rinav/ros2_ws/src/husky/install/husky_gazebo/share/ament_index/resource_index/package_run_dependencies/husky_gazebo
[0.267s] -- Installing: /home/rinav/ros2_ws/src/husky/install/husky_gazebo/share/ament_index/resource_index/parent_prefix_path/husky_gazebo
[0.267s] -- Up-to-date: /home/rinav/ros2_ws/src/husky/install/husky_gazebo/share/husky_gazebo/environment/ament_prefix_path.sh
[0.267s] -- Installing: /home/rinav/ros2_ws/src/husky/install/husky_gazebo/share/husky_gazebo/environment/ament_prefix_path.dsv
[0.267s] -- Up-to-date: /home/rinav/ros2_ws/src/husky/install/husky_gazebo/share/husky_gazebo/environment/path.sh
[0.267s] -- Installing: /home/rinav/ros2_ws/src/husky/install/husky_gazebo/share/husky_gazebo/environment/path.dsv
[0.267s] -- Up-to-date: /home/rinav/ros2_ws/src/husky/install/husky_gazebo/share/husky_gazebo/local_setup.bash
[0.268s] -- Up-to-date: /home/rinav/ros2_ws/src/husky/install/husky_gazebo/share/husky_gazebo/local_setup.sh
[0.268s] -- Up-to-date: /home/rinav/ros2_ws/src/husky/install/husky_gazebo/share/husky_gazebo/local_setup.zsh
[0.268s] -- Installing: /home/rinav/ros2_ws/src/husky/install/husky_gazebo/share/husky_gazebo/local_setup.dsv
[0.268s] -- Installing: /home/rinav/ros2_ws/src/husky/install/husky_gazebo/share/husky_gazebo/package.dsv
[0.268s] -- Up-to-date: /home/rinav/ros2_ws/src/husky/install/husky_gazebo/share/ament_index/resource_index/packages/husky_gazebo
[0.268s] -- Up-to-date: /home/rinav/ros2_ws/src/husky/install/husky_gazebo/share/husky_gazebo/cmake/husky_gazeboConfig.cmake
[0.268s] -- Up-to-date: /home/rinav/ros2_ws/src/husky/install/husky_gazebo/share/husky_gazebo/cmake/husky_gazeboConfig-version.cmake
[0.268s] -- Installing: /home/rinav/ros2_ws/src/husky/install/husky_gazebo/share/husky_gazebo/package.xml
[0.269s] Invoked command in '/home/rinav/ros2_ws/src/husky/build/husky_gazebo' returned '0': AMENT_PREFIX_PATH=/home/rinav/ros2_ws/src/husky/install/husky_control:/home/rinav/ros2_ws/src/husky/install/husky_description:${AMENT_PREFIX_PATH} CMAKE_PREFIX_PATH=/home/rinav/ros2_ws/src/husky/install/husky_control:/home/rinav/ros2_ws/src/husky/install/husky_description:/home/rinav/ros2_ws/install/ur:/home/rinav/ros2_ws/install/ur_calibration:/home/rinav/ros2_ws/install/ur_robot_driver:/home/rinav/ros2_ws/install/ur_moveit_config:/home/rinav/ros2_ws/install/ur_bringup:/home/rinav/ros2_ws/install/ur_description:/home/rinav/ros2_ws/install/ur_controllers:/home/rinav/ros2_ws/install/ur_dashboard_msgs:/home/rinav/ros2_ws/install/turtlesim:/home/rinav/ros2_ws/install/robotis_manipulator:/home/rinav/ros2_ws/install/husky_desktop:/home/rinav/ros2_ws/install/husky_viz:/home/rinav/ros2_ws/install/husky_ur3_ignition:/home/rinav/ros2_ws/install/husky_simulator:/home/rinav/ros2_ws/install/husky_robot:/home/rinav/ros2_ws/install/husky_gazebo:/home/rinav/ros2_ws/install/husky_bringup:/home/rinav/ros2_ws/install/husky_base:/home/rinav/ros2_ws/install/husky_msgs:/home/rinav/ros2_ws/install/husky_control:/home/rinav/ros2_ws/install/husky_description:/home/rinav/ros2_ws/install/trial_package:/home/rinav/ros2_ws/install/py_srvcli:/home/rinav/ros2_ws/install/py_pubsub:/home/rinav/ros2_ws/install/mobile_robotics:/opt/ros/humble /usr/bin/cmake --install /home/rinav/ros2_ws/src/husky/build/husky_gazebo
