[0.035s] Invoking command in '/home/rinav/ros2_ws/build/husky_description': CMAKE_PREFIX_PATH=${CMAKE_PREFIX_PATH}:/home/rinav/ros2_ws/install/trial_package:/home/rinav/ros2_ws/install/py_srvcli:/home/rinav/ros2_ws/install/py_pubsub:/home/rinav/ros2_ws/install/mobile_robotics:/opt/ros/humble /usr/bin/cmake /home/rinav/ros2_ws/src/husky/husky_description -DCMAKE_INSTALL_PREFIX=/home/rinav/ros2_ws/install/husky_description
[0.569s] -- The C compiler identification is GNU 11.4.0
[0.569s] -- The CXX compiler identification is GNU 11.4.0
[0.569s] -- Detecting C compiler ABI info
[0.569s] -- Detecting C compiler ABI info - done
[0.569s] -- Check for working C compiler: /usr/bin/cc - skipped
[0.569s] -- Detecting C compile features
[0.569s] -- Detecting C compile features - done
[0.569s] -- Detecting CXX compiler ABI info
[0.569s] -- Detecting CXX compiler ABI info - done
[0.569s] -- Check for working CXX compiler: /usr/bin/c++ - skipped
[0.569s] -- Detecting CXX compile features
[0.569s] -- Detecting CXX compile features - done
[0.569s] -- Found ament_cmake: 1.3.12 (/opt/ros/humble/share/ament_cmake/cmake)
[0.569s] -- Found Python3: /usr/bin/python3 (found version "3.10.12") found components: Interpreter 
[0.615s] -- Found urdf: 2.6.1 (/opt/ros/humble/share/urdf/cmake)
[0.775s] -- Configuring done
[0.775s] -- Generating done
[0.777s] -- Build files have been written to: /home/rinav/ros2_ws/build/husky_description
[0.827s] Invoked command in '/home/rinav/ros2_ws/build/husky_description' returned '0': CMAKE_PREFIX_PATH=${CMAKE_PREFIX_PATH}:/home/rinav/ros2_ws/install/trial_package:/home/rinav/ros2_ws/install/py_srvcli:/home/rinav/ros2_ws/install/py_pubsub:/home/rinav/ros2_ws/install/mobile_robotics:/opt/ros/humble /usr/bin/cmake /home/rinav/ros2_ws/src/husky/husky_description -DCMAKE_INSTALL_PREFIX=/home/rinav/ros2_ws/install/husky_description
[0.830s] Invoking command in '/home/rinav/ros2_ws/build/husky_description': CMAKE_PREFIX_PATH=${CMAKE_PREFIX_PATH}:/home/rinav/ros2_ws/install/trial_package:/home/rinav/ros2_ws/install/py_srvcli:/home/rinav/ros2_ws/install/py_pubsub:/home/rinav/ros2_ws/install/mobile_robotics:/opt/ros/humble /usr/bin/cmake --build /home/rinav/ros2_ws/build/husky_description -- -j8 -l8
[0.885s] Invoked command in '/home/rinav/ros2_ws/build/husky_description' returned '0': CMAKE_PREFIX_PATH=${CMAKE_PREFIX_PATH}:/home/rinav/ros2_ws/install/trial_package:/home/rinav/ros2_ws/install/py_srvcli:/home/rinav/ros2_ws/install/py_pubsub:/home/rinav/ros2_ws/install/mobile_robotics:/opt/ros/humble /usr/bin/cmake --build /home/rinav/ros2_ws/build/husky_description -- -j8 -l8
[0.902s] Invoking command in '/home/rinav/ros2_ws/build/husky_description': CMAKE_PREFIX_PATH=${CMAKE_PREFIX_PATH}:/home/rinav/ros2_ws/install/trial_package:/home/rinav/ros2_ws/install/py_srvcli:/home/rinav/ros2_ws/install/py_pubsub:/home/rinav/ros2_ws/install/mobile_robotics:/opt/ros/humble /usr/bin/cmake --install /home/rinav/ros2_ws/build/husky_description
[0.915s] -- Install configuration: ""
[0.915s] -- Installing: /home/rinav/ros2_ws/install/husky_description/share/husky_description/launch
[0.915s] -- Installing: /home/rinav/ros2_ws/install/husky_description/share/husky_description/launch/description.launch
[0.915s] -- Installing: /home/rinav/ros2_ws/install/husky_description/share/husky_description/launch/description_launch.py
[0.915s] -- Installing: /home/rinav/ros2_ws/install/husky_description/share/husky_description/meshes
[0.915s] -- Installing: /home/rinav/ros2_ws/install/husky_description/share/husky_description/meshes/top_chassis.dae
[0.915s] -- Installing: /home/rinav/ros2_ws/install/husky_description/share/husky_description/meshes/top_chassis.stl
[0.922s] -- Installing: /home/rinav/ros2_ws/install/husky_description/share/husky_description/meshes/top_plate.stl
[0.922s] -- Installing: /home/rinav/ros2_ws/install/husky_description/share/husky_description/meshes/bumper.dae
[0.922s] -- Installing: /home/rinav/ros2_ws/install/husky_description/share/husky_description/meshes/base_link.stl
[0.922s] -- Installing: /home/rinav/ros2_ws/install/husky_description/share/husky_description/meshes/base_link.dae
[0.922s] -- Installing: /home/rinav/ros2_ws/install/husky_description/share/husky_description/meshes/large_top_plate_collision.stl
[0.924s] -- Installing: /home/rinav/ros2_ws/install/husky_description/share/husky_description/meshes/accessories
[0.924s] -- Installing: /home/rinav/ros2_ws/install/husky_description/share/husky_description/meshes/accessories/lms1xx_mount.stl
[0.924s] -- Installing: /home/rinav/ros2_ws/install/husky_description/share/husky_description/meshes/accessories/lidar_mount.stl
[0.924s] -- Installing: /home/rinav/ros2_ws/install/husky_description/share/husky_description/meshes/accessories/300_mm_sensor_arch.dae
[0.925s] -- Installing: /home/rinav/ros2_ws/install/husky_description/share/husky_description/meshes/accessories/510_mm_sensor_arch.stl
[0.925s] -- Installing: /home/rinav/ros2_ws/install/husky_description/share/husky_description/meshes/accessories/300_mm_sensor_arch.stl
[0.925s] -- Installing: /home/rinav/ros2_ws/install/husky_description/share/husky_description/meshes/accessories/510_mm_sensor_arch.dae
[0.925s] -- Installing: /home/rinav/ros2_ws/install/husky_description/share/husky_description/meshes/accessories/lms1xx_mount.dae
[0.925s] -- Installing: /home/rinav/ros2_ws/install/husky_description/share/husky_description/meshes/bumper_extension.dae
[0.926s] -- Installing: /home/rinav/ros2_ws/install/husky_description/share/husky_description/meshes/wheel.stl
[0.927s] -- Installing: /home/rinav/ros2_ws/install/husky_description/share/husky_description/meshes/user_rail.stl
[0.931s] -- Installing: /home/rinav/ros2_ws/install/husky_description/share/husky_description/meshes/top_plate.dae
[0.931s] -- Installing: /home/rinav/ros2_ws/install/husky_description/share/husky_description/meshes/user_rail.dae
[0.931s] -- Installing: /home/rinav/ros2_ws/install/husky_description/share/husky_description/meshes/large_top_plate.dae
[0.931s] -- Installing: /home/rinav/ros2_ws/install/husky_description/share/husky_description/meshes/wheel.dae
[0.941s] -- Installing: /home/rinav/ros2_ws/install/husky_description/share/husky_description/urdf
[0.941s] -- Installing: /home/rinav/ros2_ws/install/husky_description/share/husky_description/urdf/empty.urdf
[0.941s] -- Installing: /home/rinav/ros2_ws/install/husky_description/share/husky_description/urdf/accessories
[0.941s] -- Installing: /home/rinav/ros2_ws/install/husky_description/share/husky_description/urdf/accessories/intel_realsense.urdf.xacro
[0.941s] -- Installing: /home/rinav/ros2_ws/install/husky_description/share/husky_description/urdf/accessories/sensor_arch.urdf.xacro
[0.941s] -- Installing: /home/rinav/ros2_ws/install/husky_description/share/husky_description/urdf/accessories/sick_lms1xx_mount.urdf.xacro
[0.941s] -- Installing: /home/rinav/ros2_ws/install/husky_description/share/husky_description/urdf/decorations.urdf.xacro
[0.941s] -- Installing: /home/rinav/ros2_ws/install/husky_description/share/husky_description/urdf/wheel.urdf.xacro
[0.941s] -- Installing: /home/rinav/ros2_ws/install/husky_description/share/husky_description/urdf/husky_ur3.urdf.xacro
[0.941s] -- Installing: /home/rinav/ros2_ws/install/husky_description/share/husky_description/urdf/husky.urdf.xacro
[0.941s] -- Installing: /home/rinav/ros2_ws/install/husky_description/share/husky_description/urdf/husky_macro.urdf.xacro
[0.941s] -- Installing: /home/rinav/ros2_ws/install/husky_description/share/ament_index/resource_index/package_run_dependencies/husky_description
[0.941s] -- Installing: /home/rinav/ros2_ws/install/husky_description/share/ament_index/resource_index/parent_prefix_path/husky_description
[0.941s] -- Installing: /home/rinav/ros2_ws/install/husky_description/share/husky_description/environment/ament_prefix_path.sh
[0.941s] -- Installing: /home/rinav/ros2_ws/install/husky_description/share/husky_description/environment/ament_prefix_path.dsv
[0.941s] -- Installing: /home/rinav/ros2_ws/install/husky_description/share/husky_description/environment/path.sh
[0.942s] -- Installing: /home/rinav/ros2_ws/install/husky_description/share/husky_description/environment/path.dsv
[0.942s] -- Installing: /home/rinav/ros2_ws/install/husky_description/share/husky_description/local_setup.bash
[0.942s] -- Installing: /home/rinav/ros2_ws/install/husky_description/share/husky_description/local_setup.sh
[0.942s] -- Installing: /home/rinav/ros2_ws/install/husky_description/share/husky_description/local_setup.zsh
[0.942s] -- Installing: /home/rinav/ros2_ws/install/husky_description/share/husky_description/local_setup.dsv
[0.942s] -- Installing: /home/rinav/ros2_ws/install/husky_description/share/husky_description/package.dsv
[0.942s] -- Installing: /home/rinav/ros2_ws/install/husky_description/share/ament_index/resource_index/packages/husky_description
[0.942s] -- Installing: /home/rinav/ros2_ws/install/husky_description/share/husky_description/cmake/ament_cmake_export_dependencies-extras.cmake
[0.942s] -- Installing: /home/rinav/ros2_ws/install/husky_description/share/husky_description/cmake/husky_descriptionConfig.cmake
[0.943s] -- Installing: /home/rinav/ros2_ws/install/husky_description/share/husky_description/cmake/husky_descriptionConfig-version.cmake
[0.943s] -- Installing: /home/rinav/ros2_ws/install/husky_description/share/husky_description/package.xml
[0.951s] Invoked command in '/home/rinav/ros2_ws/build/husky_description' returned '0': CMAKE_PREFIX_PATH=${CMAKE_PREFIX_PATH}:/home/rinav/ros2_ws/install/trial_package:/home/rinav/ros2_ws/install/py_srvcli:/home/rinav/ros2_ws/install/py_pubsub:/home/rinav/ros2_ws/install/mobile_robotics:/opt/ros/humble /usr/bin/cmake --install /home/rinav/ros2_ws/build/husky_description
