-- Install configuration: ""
-- Up-to-date: /home/rinav/ros2_ws/install/husky_description/share/husky_description/launch
-- Up-to-date: /home/rinav/ros2_ws/install/husky_description/share/husky_description/launch/description.launch
-- Up-to-date: /home/rinav/ros2_ws/install/husky_description/share/husky_description/launch/description_launch.py
-- Up-to-date: /home/rinav/ros2_ws/install/husky_description/share/husky_description/meshes
-- Up-to-date: /home/rinav/ros2_ws/install/husky_description/share/husky_description/meshes/top_chassis.dae
-- Up-to-date: /home/rinav/ros2_ws/install/husky_description/share/husky_description/meshes/top_chassis.stl
-- Up-to-date: /home/rinav/ros2_ws/install/husky_description/share/husky_description/meshes/r2.stl
-- Up-to-date: /home/rinav/ros2_ws/install/husky_description/share/husky_description/meshes/top_plate.stl
-- Up-to-date: /home/rinav/ros2_ws/install/husky_description/share/husky_description/meshes/base.stl
-- Installing: /home/rinav/ros2_ws/install/husky_description/share/husky_description/meshes/sick_tim
-- Installing: /home/rinav/ros2_ws/install/husky_description/share/husky_description/meshes/sick_tim/sick_tim.stl
-- Installing: /home/rinav/ros2_ws/install/husky_description/share/husky_description/meshes/sick_tim/sick_tim571.dae
-- Installing: /home/rinav/ros2_ws/install/husky_description/share/husky_description/meshes/sick_tim/sick_tim551.stl
-- Up-to-date: /home/rinav/ros2_ws/install/husky_description/share/husky_description/meshes/bumper.dae
-- Up-to-date: /home/rinav/ros2_ws/install/husky_description/share/husky_description/meshes/base_link.stl
-- Up-to-date: /home/rinav/ros2_ws/install/husky_description/share/husky_description/meshes/base_link.dae
-- Up-to-date: /home/rinav/ros2_ws/install/husky_description/share/husky_description/meshes/large_top_plate_collision.stl
-- Up-to-date: /home/rinav/ros2_ws/install/husky_description/share/husky_description/meshes/accessories
-- Installing: /home/rinav/ros2_ws/install/husky_description/share/husky_description/meshes/accessories/lms1xx_mount.stl
-- Installing: /home/rinav/ros2_ws/install/husky_description/share/husky_description/meshes/accessories/lidar_mount.stl
-- Installing: /home/rinav/ros2_ws/install/husky_description/share/husky_description/meshes/accessories/d435.dae
-- Installing: /home/rinav/ros2_ws/install/husky_description/share/husky_description/meshes/accessories/300_mm_sensor_arch.dae
-- Installing: /home/rinav/ros2_ws/install/husky_description/share/husky_description/meshes/accessories/510_mm_sensor_arch.stl
-- Installing: /home/rinav/ros2_ws/install/husky_description/share/husky_description/meshes/accessories/kinect.jpg
-- Installing: /home/rinav/ros2_ws/install/husky_description/share/husky_description/meshes/accessories/kinect.tga
-- Installing: /home/rinav/ros2_ws/install/husky_description/share/husky_description/meshes/accessories/d435_mount_down.stl
-- Installing: /home/rinav/ros2_ws/install/husky_description/share/husky_description/meshes/accessories/300_mm_sensor_arch.stl
-- Installing: /home/rinav/ros2_ws/install/husky_description/share/husky_description/meshes/accessories/510_mm_sensor_arch.dae
-- Installing: /home/rinav/ros2_ws/install/husky_description/share/husky_description/meshes/accessories/d435_mount.stl
-- Installing: /home/rinav/ros2_ws/install/husky_description/share/husky_description/meshes/accessories/kinect.dae
-- Installing: /home/rinav/ros2_ws/install/husky_description/share/husky_description/meshes/accessories/lms1xx_mount.dae
-- Up-to-date: /home/rinav/ros2_ws/install/husky_description/share/husky_description/meshes/bumper_extension.dae
-- Up-to-date: /home/rinav/ros2_ws/install/husky_description/share/husky_description/meshes/wheel.stl
-- Up-to-date: /home/rinav/ros2_ws/install/husky_description/share/husky_description/meshes/user_rail.stl
-- Up-to-date: /home/rinav/ros2_ws/install/husky_description/share/husky_description/meshes/top_plate.dae
-- Up-to-date: /home/rinav/ros2_ws/install/husky_description/share/husky_description/meshes/user_rail.dae
-- Up-to-date: /home/rinav/ros2_ws/install/husky_description/share/husky_description/meshes/l2.stl
-- Up-to-date: /home/rinav/ros2_ws/install/husky_description/share/husky_description/meshes/large_top_plate.dae
-- Up-to-date: /home/rinav/ros2_ws/install/husky_description/share/husky_description/meshes/wheel.dae
-- Up-to-date: /home/rinav/ros2_ws/install/husky_description/share/husky_description/meshes/l1.stl
-- Up-to-date: /home/rinav/ros2_ws/install/husky_description/share/husky_description/meshes/r1.stl
-- Up-to-date: /home/rinav/ros2_ws/install/husky_description/share/husky_description/urdf
-- Up-to-date: /home/rinav/ros2_ws/install/husky_description/share/husky_description/urdf/husky_full.urdf
-- Up-to-date: /home/rinav/ros2_ws/install/husky_description/share/husky_description/urdf/rh_p12_rn.xacro
-- Up-to-date: /home/rinav/ros2_ws/install/husky_description/share/husky_description/urdf/empty.urdf
-- Up-to-date: /home/rinav/ros2_ws/install/husky_description/share/husky_description/urdf/accessories
-- Installing: /home/rinav/ros2_ws/install/husky_description/share/husky_description/urdf/accessories/d435_camera_h.urdf.xacro
-- Installing: /home/rinav/ros2_ws/install/husky_description/share/husky_description/urdf/accessories/sensor_arch.urdf.xacro
-- Installing: /home/rinav/ros2_ws/install/husky_description/share/husky_description/urdf/accessories/d435_camera_g.urdf.xacro
-- Installing: /home/rinav/ros2_ws/install/husky_description/share/husky_description/urdf/accessories/kinect_camera.urdf.xacro
-- Up-to-date: /home/rinav/ros2_ws/install/husky_description/share/husky_description/urdf/rh_p12_rn.gazebo
-- Up-to-date: /home/rinav/ros2_ws/install/husky_description/share/husky_description/urdf/decorations.urdf.xacro
-- Up-to-date: /home/rinav/ros2_ws/install/husky_description/share/husky_description/urdf/wheel.urdf.xacro
-- Up-to-date: /home/rinav/ros2_ws/install/husky_description/share/husky_description/urdf/husky_ur3.urdf.xacro
-- Up-to-date: /home/rinav/ros2_ws/install/husky_description/share/husky_description/urdf/rh_p12_rn_gripper.xacro
-- Up-to-date: /home/rinav/ros2_ws/install/husky_description/share/husky_description/urdf/husky.urdf.xacro
-- Installing: /home/rinav/ros2_ws/install/husky_description/share/husky_description/urdf/husky_macro.urdf.xacro
-- Up-to-date: /home/rinav/ros2_ws/install/husky_description/share/ament_index/resource_index/package_run_dependencies/husky_description
-- Up-to-date: /home/rinav/ros2_ws/install/husky_description/share/ament_index/resource_index/parent_prefix_path/husky_description
-- Up-to-date: /home/rinav/ros2_ws/install/husky_description/share/husky_description/environment/ament_prefix_path.sh
-- Up-to-date: /home/rinav/ros2_ws/install/husky_description/share/husky_description/environment/ament_prefix_path.dsv
-- Up-to-date: /home/rinav/ros2_ws/install/husky_description/share/husky_description/environment/path.sh
-- Up-to-date: /home/rinav/ros2_ws/install/husky_description/share/husky_description/environment/path.dsv
-- Up-to-date: /home/rinav/ros2_ws/install/husky_description/share/husky_description/local_setup.bash
-- Up-to-date: /home/rinav/ros2_ws/install/husky_description/share/husky_description/local_setup.sh
-- Up-to-date: /home/rinav/ros2_ws/install/husky_description/share/husky_description/local_setup.zsh
-- Up-to-date: /home/rinav/ros2_ws/install/husky_description/share/husky_description/local_setup.dsv
-- Installing: /home/rinav/ros2_ws/install/husky_description/share/husky_description/package.dsv
-- Up-to-date: /home/rinav/ros2_ws/install/husky_description/share/ament_index/resource_index/packages/husky_description
-- Up-to-date: /home/rinav/ros2_ws/install/husky_description/share/husky_description/cmake/ament_cmake_export_dependencies-extras.cmake
-- Up-to-date: /home/rinav/ros2_ws/install/husky_description/share/husky_description/cmake/husky_descriptionConfig.cmake
-- Up-to-date: /home/rinav/ros2_ws/install/husky_description/share/husky_description/cmake/husky_descriptionConfig-version.cmake
-- Up-to-date: /home/rinav/ros2_ws/install/husky_description/share/husky_description/package.xml
