[0.061s] Invoking command in '/home/rinav/ros2_ws/build/srdfdom': CMAKE_PREFIX_PATH=${CMAKE_PREFIX_PATH}:/home/rinav/ros2_ws/install/trial_package:/home/rinav/ros2_ws/install/moveit_configs_utils:/home/rinav/ros2_ws/install/py_srvcli:/home/rinav/ros2_ws/install/py_pubsub:/home/rinav/ros2_ws/install/mobile_robotics:/home/rinav/ros2_ws/install/launch_param_builder:/opt/ros/humble /usr/bin/cmake --build /home/rinav/ros2_ws/build/srdfdom -- -j8 -l8
[0.226s] [ 27%] Built target srdfdom
[0.281s] [ 45%] Built target gtest
[0.347s] [ 63%] Built target gtest_main
[0.464s] [ 63%] Built target ament_cmake_python_copy_srdfdom
[0.527s] [ 81%] Built target test_cpp_nl_NL.UTF-8
[0.825s] running egg_info
[0.825s] writing srdfdom.egg-info/PKG-INFO
[0.825s] writing dependency_links to srdfdom.egg-info/dependency_links.txt
[0.825s] writing top-level names to srdfdom.egg-info/top_level.txt
[0.826s] reading manifest file 'srdfdom.egg-info/SOURCES.txt'
[0.827s] writing manifest file 'srdfdom.egg-info/SOURCES.txt'
[0.856s] [ 81%] Built target ament_cmake_python_build_srdfdom_egg
[0.919s] [100%] Built target test_cpp_C
[0.951s] Invoked command in '/home/rinav/ros2_ws/build/srdfdom' returned '0': CMAKE_PREFIX_PATH=${CMAKE_PREFIX_PATH}:/home/rinav/ros2_ws/install/trial_package:/home/rinav/ros2_ws/install/moveit_configs_utils:/home/rinav/ros2_ws/install/py_srvcli:/home/rinav/ros2_ws/install/py_pubsub:/home/rinav/ros2_ws/install/mobile_robotics:/home/rinav/ros2_ws/install/launch_param_builder:/opt/ros/humble /usr/bin/cmake --build /home/rinav/ros2_ws/build/srdfdom -- -j8 -l8
[0.952s] Invoking command in '/home/rinav/ros2_ws/build/srdfdom': CMAKE_PREFIX_PATH=${CMAKE_PREFIX_PATH}:/home/rinav/ros2_ws/install/trial_package:/home/rinav/ros2_ws/install/moveit_configs_utils:/home/rinav/ros2_ws/install/py_srvcli:/home/rinav/ros2_ws/install/py_pubsub:/home/rinav/ros2_ws/install/mobile_robotics:/home/rinav/ros2_ws/install/launch_param_builder:/opt/ros/humble /usr/bin/cmake --install /home/rinav/ros2_ws/build/srdfdom
[0.976s] -- Install configuration: ""
[0.976s] -- Up-to-date: /home/rinav/ros2_ws/install/srdfdom/lib/libsrdfdom.so.2.0.8
[0.976s] -- Up-to-date: /home/rinav/ros2_ws/install/srdfdom/lib/libsrdfdom.so
[0.976s] -- Up-to-date: /home/rinav/ros2_ws/install/srdfdom/include/srdfdom
[0.977s] -- Up-to-date: /home/rinav/ros2_ws/install/srdfdom/include/srdfdom/srdfdom
[0.977s] -- Up-to-date: /home/rinav/ros2_ws/install/srdfdom/include/srdfdom/srdfdom/model.h
[0.977s] -- Up-to-date: /home/rinav/ros2_ws/install/srdfdom/include/srdfdom/srdfdom/srdf_writer.h
[0.977s] -- Up-to-date: /home/rinav/ros2_ws/install/srdfdom/include/srdfdom/srdfdom/visibility_control.h
[0.977s] -- Up-to-date: /home/rinav/ros2_ws/install/srdfdom/lib/srdfdom/display_srdf
[0.977s] -- Up-to-date: /home/rinav/ros2_ws/install/srdfdom/share/srdfdom/environment/pythonpath.sh
[0.977s] -- Up-to-date: /home/rinav/ros2_ws/install/srdfdom/share/srdfdom/environment/pythonpath.dsv
[0.977s] -- Up-to-date: /home/rinav/ros2_ws/install/srdfdom/local/lib/python3.10/dist-packages/srdfdom-2.0.8-py3.10.egg-info
[0.977s] -- Installing: /home/rinav/ros2_ws/install/srdfdom/local/lib/python3.10/dist-packages/srdfdom-2.0.8-py3.10.egg-info/dependency_links.txt
[0.977s] -- Installing: /home/rinav/ros2_ws/install/srdfdom/local/lib/python3.10/dist-packages/srdfdom-2.0.8-py3.10.egg-info/PKG-INFO
[0.977s] -- Installing: /home/rinav/ros2_ws/install/srdfdom/local/lib/python3.10/dist-packages/srdfdom-2.0.8-py3.10.egg-info/top_level.txt
[0.977s] -- Installing: /home/rinav/ros2_ws/install/srdfdom/local/lib/python3.10/dist-packages/srdfdom-2.0.8-py3.10.egg-info/SOURCES.txt
[0.977s] -- Up-to-date: /home/rinav/ros2_ws/install/srdfdom/local/lib/python3.10/dist-packages/srdfdom
[0.977s] -- Up-to-date: /home/rinav/ros2_ws/install/srdfdom/local/lib/python3.10/dist-packages/srdfdom/srdf.py
[0.978s] -- Up-to-date: /home/rinav/ros2_ws/install/srdfdom/local/lib/python3.10/dist-packages/srdfdom/__init__.py
[1.018s] Listing '/home/rinav/ros2_ws/install/srdfdom/local/lib/python3.10/dist-packages/srdfdom'...
[1.025s] -- Up-to-date: /home/rinav/ros2_ws/install/srdfdom/share/srdfdom/environment/library_path.sh
[1.026s] -- Up-to-date: /home/rinav/ros2_ws/install/srdfdom/share/srdfdom/environment/library_path.dsv
[1.026s] -- Up-to-date: /home/rinav/ros2_ws/install/srdfdom/share/ament_index/resource_index/package_run_dependencies/srdfdom
[1.026s] -- Up-to-date: /home/rinav/ros2_ws/install/srdfdom/share/ament_index/resource_index/parent_prefix_path/srdfdom
[1.026s] -- Up-to-date: /home/rinav/ros2_ws/install/srdfdom/share/srdfdom/environment/ament_prefix_path.sh
[1.026s] -- Up-to-date: /home/rinav/ros2_ws/install/srdfdom/share/srdfdom/environment/ament_prefix_path.dsv
[1.026s] -- Up-to-date: /home/rinav/ros2_ws/install/srdfdom/share/srdfdom/environment/path.sh
[1.026s] -- Up-to-date: /home/rinav/ros2_ws/install/srdfdom/share/srdfdom/environment/path.dsv
[1.026s] -- Up-to-date: /home/rinav/ros2_ws/install/srdfdom/share/srdfdom/local_setup.bash
[1.026s] -- Up-to-date: /home/rinav/ros2_ws/install/srdfdom/share/srdfdom/local_setup.sh
[1.026s] -- Up-to-date: /home/rinav/ros2_ws/install/srdfdom/share/srdfdom/local_setup.zsh
[1.026s] -- Up-to-date: /home/rinav/ros2_ws/install/srdfdom/share/srdfdom/local_setup.dsv
[1.027s] -- Installing: /home/rinav/ros2_ws/install/srdfdom/share/srdfdom/package.dsv
[1.027s] -- Up-to-date: /home/rinav/ros2_ws/install/srdfdom/share/ament_index/resource_index/packages/srdfdom
[1.027s] -- Up-to-date: /home/rinav/ros2_ws/install/srdfdom/share/srdfdom/cmake/srdfdomTargetsExport.cmake
[1.027s] -- Up-to-date: /home/rinav/ros2_ws/install/srdfdom/share/srdfdom/cmake/srdfdomTargetsExport-noconfig.cmake
[1.027s] -- Up-to-date: /home/rinav/ros2_ws/install/srdfdom/share/srdfdom/cmake/ament_cmake_export_targets-extras.cmake
[1.027s] -- Up-to-date: /home/rinav/ros2_ws/install/srdfdom/share/srdfdom/cmake/ament_cmake_export_dependencies-extras.cmake
[1.027s] -- Up-to-date: /home/rinav/ros2_ws/install/srdfdom/share/srdfdom/cmake/srdfdomConfig.cmake
[1.027s] -- Up-to-date: /home/rinav/ros2_ws/install/srdfdom/share/srdfdom/cmake/srdfdomConfig-version.cmake
[1.027s] -- Up-to-date: /home/rinav/ros2_ws/install/srdfdom/share/srdfdom/package.xml
[1.027s] Invoked command in '/home/rinav/ros2_ws/build/srdfdom' returned '0': CMAKE_PREFIX_PATH=${CMAKE_PREFIX_PATH}:/home/rinav/ros2_ws/install/trial_package:/home/rinav/ros2_ws/install/moveit_configs_utils:/home/rinav/ros2_ws/install/py_srvcli:/home/rinav/ros2_ws/install/py_pubsub:/home/rinav/ros2_ws/install/mobile_robotics:/home/rinav/ros2_ws/install/launch_param_builder:/opt/ros/humble /usr/bin/cmake --install /home/rinav/ros2_ws/build/srdfdom
