[0.057s] Invoking command in '/home/rinav/ros2_ws/build/husky_msgs': CMAKE_PREFIX_PATH=${CMAKE_PREFIX_PATH}:/opt/ros/humble:/home/rinav/ros2_ws/install/trial_package:/home/rinav/ros2_ws/install/py_srvcli:/home/rinav/ros2_ws/install/py_pubsub:/home/rinav/ros2_ws/install/mobile_robotics:/home/rinav/ros2_ws/install/launch_param_builder /usr/bin/cmake --build /home/rinav/ros2_ws/build/husky_msgs -- -j8 -l8
[0.381s] [  9%] Built target husky_msgs__rosidl_generator_c
[0.381s] [ 12%] Built target husky_msgs__cpp
[0.382s] [ 12%] Built target ament_cmake_python_copy_husky_msgs
[0.382s] [ 22%] Built target husky_msgs__rosidl_typesupport_fastrtps_c
[0.382s] [ 41%] Built target husky_msgs__rosidl_typesupport_introspection_cpp
[0.382s] [ 41%] Built target husky_msgs__rosidl_typesupport_cpp
[0.382s] [ 51%] Built target husky_msgs__rosidl_typesupport_introspection_c
[0.382s] [ 61%] Built target husky_msgs__rosidl_typesupport_fastrtps_cpp
[0.382s] [ 70%] Built target husky_msgs__rosidl_typesupport_c
[0.382s] [ 70%] Built target husky_msgs
[0.387s] [ 74%] Built target husky_msgs__py
[0.435s] [ 80%] Built target husky_msgs__rosidl_generator_py
[0.465s] running egg_info
[0.465s] writing husky_msgs.egg-info/PKG-INFO
[0.466s] writing dependency_links to husky_msgs.egg-info/dependency_links.txt
[0.466s] writing top-level names to husky_msgs.egg-info/top_level.txt
[0.468s] reading manifest file 'husky_msgs.egg-info/SOURCES.txt'
[0.468s] writing manifest file 'husky_msgs.egg-info/SOURCES.txt'
[0.482s] [ 87%] Built target husky_msgs__rosidl_typesupport_introspection_c__pyext
[0.503s] [ 93%] Built target husky_msgs__rosidl_typesupport_c__pyext
[0.507s] [ 93%] Built target ament_cmake_python_build_husky_msgs_egg
[0.509s] [100%] Built target husky_msgs__rosidl_typesupport_fastrtps_c__pyext
[0.694s] Invoked command in '/home/rinav/ros2_ws/build/husky_msgs' returned '0': CMAKE_PREFIX_PATH=${CMAKE_PREFIX_PATH}:/opt/ros/humble:/home/rinav/ros2_ws/install/trial_package:/home/rinav/ros2_ws/install/py_srvcli:/home/rinav/ros2_ws/install/py_pubsub:/home/rinav/ros2_ws/install/mobile_robotics:/home/rinav/ros2_ws/install/launch_param_builder /usr/bin/cmake --build /home/rinav/ros2_ws/build/husky_msgs -- -j8 -l8
[0.695s] Invoking command in '/home/rinav/ros2_ws/build/husky_msgs': CMAKE_PREFIX_PATH=${CMAKE_PREFIX_PATH}:/opt/ros/humble:/home/rinav/ros2_ws/install/trial_package:/home/rinav/ros2_ws/install/py_srvcli:/home/rinav/ros2_ws/install/py_pubsub:/home/rinav/ros2_ws/install/mobile_robotics:/home/rinav/ros2_ws/install/launch_param_builder /usr/bin/cmake --install /home/rinav/ros2_ws/build/husky_msgs
[0.760s] -- Install configuration: ""
[0.761s] -- Up-to-date: /home/rinav/ros2_ws/install/husky_msgs/share/ament_index/resource_index/rosidl_interfaces/husky_msgs
[0.761s] -- Up-to-date: /home/rinav/ros2_ws/install/husky_msgs/include/husky_msgs/husky_msgs
[0.761s] -- Up-to-date: /home/rinav/ros2_ws/install/husky_msgs/include/husky_msgs/husky_msgs/msg
[0.761s] -- Up-to-date: /home/rinav/ros2_ws/install/husky_msgs/include/husky_msgs/husky_msgs/msg/detail
[0.761s] -- Up-to-date: /home/rinav/ros2_ws/install/husky_msgs/include/husky_msgs/husky_msgs/msg/detail/husky_status__struct.h
[0.761s] -- Up-to-date: /home/rinav/ros2_ws/install/husky_msgs/include/husky_msgs/husky_msgs/msg/detail/husky_status__functions.h
[0.761s] -- Up-to-date: /home/rinav/ros2_ws/install/husky_msgs/include/husky_msgs/husky_msgs/msg/detail/husky_status__functions.c
[0.761s] -- Up-to-date: /home/rinav/ros2_ws/install/husky_msgs/include/husky_msgs/husky_msgs/msg/detail/husky_status__type_support.h
[0.761s] -- Up-to-date: /home/rinav/ros2_ws/install/husky_msgs/include/husky_msgs/husky_msgs/msg/rosidl_generator_c__visibility_control.h
[0.762s] -- Up-to-date: /home/rinav/ros2_ws/install/husky_msgs/include/husky_msgs/husky_msgs/msg/husky_status.h
[0.762s] -- Up-to-date: /home/rinav/ros2_ws/install/husky_msgs/share/husky_msgs/environment/library_path.sh
[0.763s] -- Up-to-date: /home/rinav/ros2_ws/install/husky_msgs/share/husky_msgs/environment/library_path.dsv
[0.770s] -- Up-to-date: /home/rinav/ros2_ws/install/husky_msgs/lib/libhusky_msgs__rosidl_generator_c.so
[0.770s] -- Up-to-date: /home/rinav/ros2_ws/install/husky_msgs/include/husky_msgs/husky_msgs
[0.770s] -- Up-to-date: /home/rinav/ros2_ws/install/husky_msgs/include/husky_msgs/husky_msgs/msg
[0.770s] -- Up-to-date: /home/rinav/ros2_ws/install/husky_msgs/include/husky_msgs/husky_msgs/msg/detail
[0.770s] -- Up-to-date: /home/rinav/ros2_ws/install/husky_msgs/include/husky_msgs/husky_msgs/msg/detail/husky_status__rosidl_typesupport_fastrtps_c.h
[0.770s] -- Up-to-date: /home/rinav/ros2_ws/install/husky_msgs/include/husky_msgs/husky_msgs/msg/rosidl_typesupport_fastrtps_c__visibility_control.h
[0.777s] -- Up-to-date: /home/rinav/ros2_ws/install/husky_msgs/lib/libhusky_msgs__rosidl_typesupport_fastrtps_c.so
[0.778s] -- Up-to-date: /home/rinav/ros2_ws/install/husky_msgs/include/husky_msgs/husky_msgs
[0.778s] -- Up-to-date: /home/rinav/ros2_ws/install/husky_msgs/include/husky_msgs/husky_msgs/msg
[0.778s] -- Up-to-date: /home/rinav/ros2_ws/install/husky_msgs/include/husky_msgs/husky_msgs/msg/detail
[0.778s] -- Up-to-date: /home/rinav/ros2_ws/install/husky_msgs/include/husky_msgs/husky_msgs/msg/detail/husky_status__struct.hpp
[0.778s] -- Up-to-date: /home/rinav/ros2_ws/install/husky_msgs/include/husky_msgs/husky_msgs/msg/detail/husky_status__builder.hpp
[0.778s] -- Up-to-date: /home/rinav/ros2_ws/install/husky_msgs/include/husky_msgs/husky_msgs/msg/detail/husky_status__traits.hpp
[0.778s] -- Up-to-date: /home/rinav/ros2_ws/install/husky_msgs/include/husky_msgs/husky_msgs/msg/detail/husky_status__type_support.hpp
[0.778s] -- Up-to-date: /home/rinav/ros2_ws/install/husky_msgs/include/husky_msgs/husky_msgs/msg/husky_status.hpp
[0.778s] -- Up-to-date: /home/rinav/ros2_ws/install/husky_msgs/include/husky_msgs/husky_msgs/msg/rosidl_generator_cpp__visibility_control.hpp
[0.778s] -- Up-to-date: /home/rinav/ros2_ws/install/husky_msgs/include/husky_msgs/husky_msgs
[0.778s] -- Up-to-date: /home/rinav/ros2_ws/install/husky_msgs/include/husky_msgs/husky_msgs/msg
[0.778s] -- Up-to-date: /home/rinav/ros2_ws/install/husky_msgs/include/husky_msgs/husky_msgs/msg/detail
[0.778s] -- Up-to-date: /home/rinav/ros2_ws/install/husky_msgs/include/husky_msgs/husky_msgs/msg/detail/husky_status__rosidl_typesupport_fastrtps_cpp.hpp
[0.778s] -- Up-to-date: /home/rinav/ros2_ws/install/husky_msgs/include/husky_msgs/husky_msgs/msg/detail/dds_fastrtps
[0.778s] -- Up-to-date: /home/rinav/ros2_ws/install/husky_msgs/include/husky_msgs/husky_msgs/msg/rosidl_typesupport_fastrtps_cpp__visibility_control.h
[0.778s] -- Up-to-date: /home/rinav/ros2_ws/install/husky_msgs/lib/libhusky_msgs__rosidl_typesupport_fastrtps_cpp.so
[0.779s] -- Up-to-date: /home/rinav/ros2_ws/install/husky_msgs/include/husky_msgs/husky_msgs
[0.779s] -- Up-to-date: /home/rinav/ros2_ws/install/husky_msgs/include/husky_msgs/husky_msgs/msg
[0.779s] -- Up-to-date: /home/rinav/ros2_ws/install/husky_msgs/include/husky_msgs/husky_msgs/msg/detail
[0.779s] -- Up-to-date: /home/rinav/ros2_ws/install/husky_msgs/include/husky_msgs/husky_msgs/msg/detail/husky_status__type_support.c
[0.779s] -- Up-to-date: /home/rinav/ros2_ws/install/husky_msgs/include/husky_msgs/husky_msgs/msg/detail/husky_status__rosidl_typesupport_introspection_c.h
[0.779s] -- Up-to-date: /home/rinav/ros2_ws/install/husky_msgs/include/husky_msgs/husky_msgs/msg/rosidl_typesupport_introspection_c__visibility_control.h
[0.779s] -- Up-to-date: /home/rinav/ros2_ws/install/husky_msgs/lib/libhusky_msgs__rosidl_typesupport_introspection_c.so
[0.779s] -- Up-to-date: /home/rinav/ros2_ws/install/husky_msgs/lib/libhusky_msgs__rosidl_typesupport_c.so
[0.779s] -- Up-to-date: /home/rinav/ros2_ws/install/husky_msgs/include/husky_msgs/husky_msgs
[0.779s] -- Up-to-date: /home/rinav/ros2_ws/install/husky_msgs/include/husky_msgs/husky_msgs/msg
[0.779s] -- Up-to-date: /home/rinav/ros2_ws/install/husky_msgs/include/husky_msgs/husky_msgs/msg/detail
[0.779s] -- Up-to-date: /home/rinav/ros2_ws/install/husky_msgs/include/husky_msgs/husky_msgs/msg/detail/husky_status__rosidl_typesupport_introspection_cpp.hpp
[0.782s] -- Up-to-date: /home/rinav/ros2_ws/install/husky_msgs/include/husky_msgs/husky_msgs/msg/detail/husky_status__type_support.cpp
[0.782s] -- Up-to-date: /home/rinav/ros2_ws/install/husky_msgs/lib/libhusky_msgs__rosidl_typesupport_introspection_cpp.so
[0.783s] -- Up-to-date: /home/rinav/ros2_ws/install/husky_msgs/lib/libhusky_msgs__rosidl_typesupport_cpp.so
[0.783s] -- Up-to-date: /home/rinav/ros2_ws/install/husky_msgs/share/husky_msgs/environment/pythonpath.sh
[0.783s] -- Up-to-date: /home/rinav/ros2_ws/install/husky_msgs/share/husky_msgs/environment/pythonpath.dsv
[0.783s] -- Up-to-date: /home/rinav/ros2_ws/install/husky_msgs/local/lib/python3.10/dist-packages/husky_msgs-1.0.8-py3.10.egg-info
[0.783s] -- Installing: /home/rinav/ros2_ws/install/husky_msgs/local/lib/python3.10/dist-packages/husky_msgs-1.0.8-py3.10.egg-info/dependency_links.txt
[0.783s] -- Installing: /home/rinav/ros2_ws/install/husky_msgs/local/lib/python3.10/dist-packages/husky_msgs-1.0.8-py3.10.egg-info/PKG-INFO
[0.783s] -- Installing: /home/rinav/ros2_ws/install/husky_msgs/local/lib/python3.10/dist-packages/husky_msgs-1.0.8-py3.10.egg-info/top_level.txt
[0.783s] -- Installing: /home/rinav/ros2_ws/install/husky_msgs/local/lib/python3.10/dist-packages/husky_msgs-1.0.8-py3.10.egg-info/SOURCES.txt
[0.783s] -- Up-to-date: /home/rinav/ros2_ws/install/husky_msgs/local/lib/python3.10/dist-packages/husky_msgs
[0.784s] -- Up-to-date: /home/rinav/ros2_ws/install/husky_msgs/local/lib/python3.10/dist-packages/husky_msgs/_husky_msgs_s.ep.rosidl_typesupport_c.c
[0.784s] -- Up-to-date: /home/rinav/ros2_ws/install/husky_msgs/local/lib/python3.10/dist-packages/husky_msgs/_husky_msgs_s.ep.rosidl_typesupport_introspection_c.c
[0.784s] -- Up-to-date: /home/rinav/ros2_ws/install/husky_msgs/local/lib/python3.10/dist-packages/husky_msgs/husky_msgs_s__rosidl_typesupport_introspection_c.cpython-310-aarch64-linux-gnu.so
[0.784s] -- Up-to-date: /home/rinav/ros2_ws/install/husky_msgs/local/lib/python3.10/dist-packages/husky_msgs/msg
[0.784s] -- Up-to-date: /home/rinav/ros2_ws/install/husky_msgs/local/lib/python3.10/dist-packages/husky_msgs/msg/_husky_status_s.c
[0.784s] -- Up-to-date: /home/rinav/ros2_ws/install/husky_msgs/local/lib/python3.10/dist-packages/husky_msgs/msg/_husky_status.py
[0.784s] -- Up-to-date: /home/rinav/ros2_ws/install/husky_msgs/local/lib/python3.10/dist-packages/husky_msgs/msg/__init__.py
[0.784s] -- Up-to-date: /home/rinav/ros2_ws/install/husky_msgs/local/lib/python3.10/dist-packages/husky_msgs/husky_msgs_s__rosidl_typesupport_fastrtps_c.cpython-310-aarch64-linux-gnu.so
[0.784s] -- Up-to-date: /home/rinav/ros2_ws/install/husky_msgs/local/lib/python3.10/dist-packages/husky_msgs/libhusky_msgs__rosidl_generator_py.so
[0.784s] -- Up-to-date: /home/rinav/ros2_ws/install/husky_msgs/local/lib/python3.10/dist-packages/husky_msgs/__init__.py
[0.785s] -- Up-to-date: /home/rinav/ros2_ws/install/husky_msgs/local/lib/python3.10/dist-packages/husky_msgs/_husky_msgs_s.ep.rosidl_typesupport_fastrtps_c.c
[0.785s] -- Up-to-date: /home/rinav/ros2_ws/install/husky_msgs/local/lib/python3.10/dist-packages/husky_msgs/husky_msgs_s__rosidl_typesupport_c.cpython-310-aarch64-linux-gnu.so
[0.837s] Listing '/home/rinav/ros2_ws/install/husky_msgs/local/lib/python3.10/dist-packages/husky_msgs'...
[0.837s] Listing '/home/rinav/ros2_ws/install/husky_msgs/local/lib/python3.10/dist-packages/husky_msgs/msg'...
[0.837s] -- Up-to-date: /home/rinav/ros2_ws/install/husky_msgs/local/lib/python3.10/dist-packages/husky_msgs/husky_msgs_s__rosidl_typesupport_fastrtps_c.cpython-310-aarch64-linux-gnu.so
[0.837s] -- Up-to-date: /home/rinav/ros2_ws/install/husky_msgs/local/lib/python3.10/dist-packages/husky_msgs/husky_msgs_s__rosidl_typesupport_introspection_c.cpython-310-aarch64-linux-gnu.so
[0.837s] -- Up-to-date: /home/rinav/ros2_ws/install/husky_msgs/local/lib/python3.10/dist-packages/husky_msgs/husky_msgs_s__rosidl_typesupport_c.cpython-310-aarch64-linux-gnu.so
[0.837s] -- Up-to-date: /home/rinav/ros2_ws/install/husky_msgs/lib/libhusky_msgs__rosidl_generator_py.so
[0.837s] -- Up-to-date: /home/rinav/ros2_ws/install/husky_msgs/share/husky_msgs/msg/HuskyStatus.idl
[0.839s] -- Up-to-date: /home/rinav/ros2_ws/install/husky_msgs/share/husky_msgs/msg/HuskyStatus.msg
[0.839s] -- Up-to-date: /home/rinav/ros2_ws/install/husky_msgs/share/ament_index/resource_index/package_run_dependencies/husky_msgs
[0.839s] -- Up-to-date: /home/rinav/ros2_ws/install/husky_msgs/share/ament_index/resource_index/parent_prefix_path/husky_msgs
[0.839s] -- Up-to-date: /home/rinav/ros2_ws/install/husky_msgs/share/husky_msgs/environment/ament_prefix_path.sh
[0.839s] -- Up-to-date: /home/rinav/ros2_ws/install/husky_msgs/share/husky_msgs/environment/ament_prefix_path.dsv
[0.839s] -- Up-to-date: /home/rinav/ros2_ws/install/husky_msgs/share/husky_msgs/environment/path.sh
[0.839s] -- Up-to-date: /home/rinav/ros2_ws/install/husky_msgs/share/husky_msgs/environment/path.dsv
[0.839s] -- Up-to-date: /home/rinav/ros2_ws/install/husky_msgs/share/husky_msgs/local_setup.bash
[0.839s] -- Up-to-date: /home/rinav/ros2_ws/install/husky_msgs/share/husky_msgs/local_setup.sh
[0.840s] -- Up-to-date: /home/rinav/ros2_ws/install/husky_msgs/share/husky_msgs/local_setup.zsh
[0.840s] -- Up-to-date: /home/rinav/ros2_ws/install/husky_msgs/share/husky_msgs/local_setup.dsv
[0.840s] -- Installing: /home/rinav/ros2_ws/install/husky_msgs/share/husky_msgs/package.dsv
[0.840s] -- Up-to-date: /home/rinav/ros2_ws/install/husky_msgs/share/ament_index/resource_index/packages/husky_msgs
[0.840s] -- Up-to-date: /home/rinav/ros2_ws/install/husky_msgs/share/husky_msgs/cmake/export_husky_msgs__rosidl_generator_cExport.cmake
[0.840s] -- Up-to-date: /home/rinav/ros2_ws/install/husky_msgs/share/husky_msgs/cmake/export_husky_msgs__rosidl_generator_cExport-noconfig.cmake
[0.840s] -- Up-to-date: /home/rinav/ros2_ws/install/husky_msgs/share/husky_msgs/cmake/export_husky_msgs__rosidl_typesupport_fastrtps_cExport.cmake
[0.841s] -- Up-to-date: /home/rinav/ros2_ws/install/husky_msgs/share/husky_msgs/cmake/export_husky_msgs__rosidl_typesupport_fastrtps_cExport-noconfig.cmake
[0.841s] -- Up-to-date: /home/rinav/ros2_ws/install/husky_msgs/share/husky_msgs/cmake/export_husky_msgs__rosidl_generator_cppExport.cmake
[0.841s] -- Up-to-date: /home/rinav/ros2_ws/install/husky_msgs/share/husky_msgs/cmake/export_husky_msgs__rosidl_typesupport_fastrtps_cppExport.cmake
[0.841s] -- Up-to-date: /home/rinav/ros2_ws/install/husky_msgs/share/husky_msgs/cmake/export_husky_msgs__rosidl_typesupport_fastrtps_cppExport-noconfig.cmake
[0.841s] -- Up-to-date: /home/rinav/ros2_ws/install/husky_msgs/share/husky_msgs/cmake/husky_msgs__rosidl_typesupport_introspection_cExport.cmake
[0.841s] -- Up-to-date: /home/rinav/ros2_ws/install/husky_msgs/share/husky_msgs/cmake/husky_msgs__rosidl_typesupport_introspection_cExport-noconfig.cmake
[0.842s] -- Up-to-date: /home/rinav/ros2_ws/install/husky_msgs/share/husky_msgs/cmake/husky_msgs__rosidl_typesupport_cExport.cmake
[0.842s] -- Up-to-date: /home/rinav/ros2_ws/install/husky_msgs/share/husky_msgs/cmake/husky_msgs__rosidl_typesupport_cExport-noconfig.cmake
[0.842s] -- Up-to-date: /home/rinav/ros2_ws/install/husky_msgs/share/husky_msgs/cmake/husky_msgs__rosidl_typesupport_introspection_cppExport.cmake
[0.842s] -- Up-to-date: /home/rinav/ros2_ws/install/husky_msgs/share/husky_msgs/cmake/husky_msgs__rosidl_typesupport_introspection_cppExport-noconfig.cmake
[0.842s] -- Up-to-date: /home/rinav/ros2_ws/install/husky_msgs/share/husky_msgs/cmake/husky_msgs__rosidl_typesupport_cppExport.cmake
[0.842s] -- Up-to-date: /home/rinav/ros2_ws/install/husky_msgs/share/husky_msgs/cmake/husky_msgs__rosidl_typesupport_cppExport-noconfig.cmake
[0.842s] -- Up-to-date: /home/rinav/ros2_ws/install/husky_msgs/share/husky_msgs/cmake/export_husky_msgs__rosidl_generator_pyExport.cmake
[0.842s] -- Up-to-date: /home/rinav/ros2_ws/install/husky_msgs/share/husky_msgs/cmake/export_husky_msgs__rosidl_generator_pyExport-noconfig.cmake
[0.842s] -- Up-to-date: /home/rinav/ros2_ws/install/husky_msgs/share/husky_msgs/cmake/rosidl_cmake-extras.cmake
[0.843s] -- Up-to-date: /home/rinav/ros2_ws/install/husky_msgs/share/husky_msgs/cmake/ament_cmake_export_dependencies-extras.cmake
[0.843s] -- Up-to-date: /home/rinav/ros2_ws/install/husky_msgs/share/husky_msgs/cmake/ament_cmake_export_include_directories-extras.cmake
[0.843s] -- Up-to-date: /home/rinav/ros2_ws/install/husky_msgs/share/husky_msgs/cmake/ament_cmake_export_libraries-extras.cmake
[0.843s] -- Up-to-date: /home/rinav/ros2_ws/install/husky_msgs/share/husky_msgs/cmake/ament_cmake_export_targets-extras.cmake
[0.843s] -- Up-to-date: /home/rinav/ros2_ws/install/husky_msgs/share/husky_msgs/cmake/rosidl_cmake_export_typesupport_targets-extras.cmake
[0.843s] -- Up-to-date: /home/rinav/ros2_ws/install/husky_msgs/share/husky_msgs/cmake/rosidl_cmake_export_typesupport_libraries-extras.cmake
[0.843s] -- Up-to-date: /home/rinav/ros2_ws/install/husky_msgs/share/husky_msgs/cmake/husky_msgsConfig.cmake
[0.843s] -- Up-to-date: /home/rinav/ros2_ws/install/husky_msgs/share/husky_msgs/cmake/husky_msgsConfig-version.cmake
[0.844s] -- Up-to-date: /home/rinav/ros2_ws/install/husky_msgs/share/husky_msgs/package.xml
[0.908s] Invoked command in '/home/rinav/ros2_ws/build/husky_msgs' returned '0': CMAKE_PREFIX_PATH=${CMAKE_PREFIX_PATH}:/opt/ros/humble:/home/rinav/ros2_ws/install/trial_package:/home/rinav/ros2_ws/install/py_srvcli:/home/rinav/ros2_ws/install/py_pubsub:/home/rinav/ros2_ws/install/mobile_robotics:/home/rinav/ros2_ws/install/launch_param_builder /usr/bin/cmake --install /home/rinav/ros2_ws/build/husky_msgs
