[0.801s] Invoking command in '/home/rinav/ros2_ws/src/py_pubsub': PYTHONPATH=/home/rinav/ros2_ws/build/py_pubsub/prefix_override:/usr/lib/python3/dist-packages/colcon_core/task/python/colcon_distutils_commands:/home/rinav/ros2_ws/install/py_pubsub/lib/python3.10/site-packages:${PYTHONPATH} /usr/bin/python3 -W ignore:setup.py install is deprecated -W ignore:easy_install command is deprecated setup.py egg_info --egg-base ../../build/py_pubsub build --build-base /home/rinav/ros2_ws/build/py_pubsub/build install --record /home/rinav/ros2_ws/build/py_pubsub/install.log --single-version-externally-managed install_data
[0.962s] running egg_info
[0.962s] writing ../../build/py_pubsub/py_pubsub.egg-info/PKG-INFO
[0.963s] writing dependency_links to ../../build/py_pubsub/py_pubsub.egg-info/dependency_links.txt
[0.963s] writing entry points to ../../build/py_pubsub/py_pubsub.egg-info/entry_points.txt
[0.963s] writing requirements to ../../build/py_pubsub/py_pubsub.egg-info/requires.txt
[0.963s] writing top-level names to ../../build/py_pubsub/py_pubsub.egg-info/top_level.txt
[0.963s] reading manifest file '../../build/py_pubsub/py_pubsub.egg-info/SOURCES.txt'
[0.963s] writing manifest file '../../build/py_pubsub/py_pubsub.egg-info/SOURCES.txt'
[0.963s] running build
[0.963s] running build_py
[0.963s] running install
[0.963s] running install_lib
[0.963s] running install_data
[0.963s] running install_egg_info
[0.963s] removing '/home/rinav/ros2_ws/install/py_pubsub/lib/python3.10/site-packages/py_pubsub-0.0.0-py3.10.egg-info' (and everything under it)
[0.963s] Copying ../../build/py_pubsub/py_pubsub.egg-info to /home/rinav/ros2_ws/install/py_pubsub/lib/python3.10/site-packages/py_pubsub-0.0.0-py3.10.egg-info
[0.963s] running install_scripts
[0.971s] Installing listener script to /home/rinav/ros2_ws/install/py_pubsub/lib/py_pubsub
[0.971s] Installing talker script to /home/rinav/ros2_ws/install/py_pubsub/lib/py_pubsub
[0.972s] writing list of installed files to '/home/rinav/ros2_ws/build/py_pubsub/install.log'
[1.011s] Invoked command in '/home/rinav/ros2_ws/src/py_pubsub' returned '0': PYTHONPATH=/home/rinav/ros2_ws/build/py_pubsub/prefix_override:/usr/lib/python3/dist-packages/colcon_core/task/python/colcon_distutils_commands:/home/rinav/ros2_ws/install/py_pubsub/lib/python3.10/site-packages:${PYTHONPATH} /usr/bin/python3 -W ignore:setup.py install is deprecated -W ignore:easy_install command is deprecated setup.py egg_info --egg-base ../../build/py_pubsub build --build-base /home/rinav/ros2_ws/build/py_pubsub/build install --record /home/rinav/ros2_ws/build/py_pubsub/install.log --single-version-externally-managed install_data
