[0.028s] Invoking command in '/home/rinav/ros2_ws/build/turtlesim': CMAKE_PREFIX_PATH=${CMAKE_PREFIX_PATH}:/opt/ros/humble /usr/bin/cmake /home/rinav/ros2_ws/src/ros_tutorials/turtlesim -DCMAKE_INSTALL_PREFIX=/home/rinav/ros2_ws/install/turtlesim
[0.071s] -- The C compiler identification is GNU 11.4.0
[0.106s] -- The CXX compiler identification is GNU 11.4.0
[0.111s] -- Detecting C compiler ABI info
[0.174s] -- Detecting C compiler ABI info - done
[0.179s] -- Check for working C compiler: /usr/bin/cc - skipped
[0.179s] -- Detecting C compile features
[0.179s] -- Detecting C compile features - done
[0.181s] -- Detecting CXX compiler ABI info
[0.299s] -- Detecting CXX compiler ABI info - done
[0.304s] -- Check for working CXX compiler: /usr/bin/c++ - skipped
[0.304s] -- Detecting CXX compile features
[0.304s] -- Detecting CXX compile features - done
[0.307s] -- Found ament_cmake: 1.3.12 (/opt/ros/humble/share/ament_cmake/cmake)
[0.429s] -- Found Python3: /usr/bin/python3 (found version "3.10.12") found components: Interpreter 
[0.501s] -- Found ament_index_cpp: 1.4.0 (/opt/ros/humble/share/ament_index_cpp/cmake)
[0.503s] -- Found geometry_msgs: 4.9.0 (/opt/ros/humble/share/geometry_msgs/cmake)
[0.536s] -- Found rosidl_generator_c: 3.1.7 (/opt/ros/humble/share/rosidl_generator_c/cmake)
[0.540s] -- Found rosidl_adapter: 3.1.7 (/opt/ros/humble/share/rosidl_adapter/cmake)
[0.547s] -- Found rosidl_generator_cpp: 3.1.7 (/opt/ros/humble/share/rosidl_generator_cpp/cmake)
[0.557s] -- Using all available rosidl_typesupport_c: rosidl_typesupport_fastrtps_c;rosidl_typesupport_introspection_c
[0.569s] -- Using all available rosidl_typesupport_cpp: rosidl_typesupport_fastrtps_cpp;rosidl_typesupport_introspection_cpp
[0.625s] -- Found rclcpp: 16.0.15 (/opt/ros/humble/share/rclcpp/cmake)
[0.649s] -- Found rmw_implementation_cmake: 6.1.2 (/opt/ros/humble/share/rmw_implementation_cmake/cmake)
[0.651s] -- Found rmw_fastrtps_cpp: 6.2.8 (/opt/ros/humble/share/rmw_fastrtps_cpp/cmake)
[0.844s] -- Found OpenSSL: /usr/lib/aarch64-linux-gnu/libcrypto.so (found version "3.0.2")  
[0.865s] -- Found FastRTPS: /opt/ros/humble/include  
[0.950s] -- Using RMW implementation 'rmw_fastrtps_cpp' as default
[0.958s] -- Looking for pthread.h
[1.121s] -- Looking for pthread.h - found
[1.121s] -- Performing Test CMAKE_HAVE_LIBC_PTHREAD
[1.189s] -- Performing Test CMAKE_HAVE_LIBC_PTHREAD - Success
[1.190s] -- Found Threads: TRUE  
[1.232s] -- Found rclcpp_action: 16.0.15 (/opt/ros/humble/share/rclcpp_action/cmake)
[1.270s] -- Found rosidl_default_generators: 1.2.0 (/opt/ros/humble/share/rosidl_default_generators/cmake)
[1.279s] -- Found std_srvs: 4.9.0 (/opt/ros/humble/share/std_srvs/cmake)
[1.529s] -- Found ament_cmake_ros: 0.10.0 (/opt/ros/humble/share/ament_cmake_ros/cmake)
[1.849s] -- Using all available rosidl_typesupport_c: rosidl_typesupport_fastrtps_c;rosidl_typesupport_introspection_c
[1.944s] -- Using all available rosidl_typesupport_cpp: rosidl_typesupport_fastrtps_cpp;rosidl_typesupport_introspection_cpp
[1.958s] -- Found PythonInterp: /usr/bin/python3 (found suitable version "3.10.12", minimum required is "3.6") 
[1.962s] -- Found python_cmake_module: 0.10.0 (/opt/ros/humble/share/python_cmake_module/cmake)
[1.981s] -- Found PythonLibs: /usr/lib/aarch64-linux-gnu/libpython3.10.so (found suitable version "3.10.12", minimum required is "3.5") 
[1.981s] -- Using PYTHON_EXECUTABLE: /usr/bin/python3
[1.981s] -- Using PYTHON_INCLUDE_DIRS: /usr/include/python3.10
[1.981s] -- Using PYTHON_LIBRARIES: /usr/lib/aarch64-linux-gnu/libpython3.10.so
[2.006s] -- Found PythonExtra: .so  
[2.067s] -- Configuring done
[2.122s] -- Generating done
[2.136s] -- Build files have been written to: /home/rinav/ros2_ws/build/turtlesim
[2.144s] Invoked command in '/home/rinav/ros2_ws/build/turtlesim' returned '0': CMAKE_PREFIX_PATH=${CMAKE_PREFIX_PATH}:/opt/ros/humble /usr/bin/cmake /home/rinav/ros2_ws/src/ros_tutorials/turtlesim -DCMAKE_INSTALL_PREFIX=/home/rinav/ros2_ws/install/turtlesim
[2.160s] Invoking command in '/home/rinav/ros2_ws/build/turtlesim': CMAKE_PREFIX_PATH=${CMAKE_PREFIX_PATH}:/opt/ros/humble /usr/bin/cmake --build /home/rinav/ros2_ws/build/turtlesim -- -j8 -l8
[2.315s] [  1%] [34m[1mGenerating C code for ROS interfaces[0m
[2.347s] [  2%] [34m[1mGenerating C++ code for ROS interfaces[0m
[2.359s] [  2%] Built target ament_cmake_python_copy_turtlesim
[2.678s] running egg_info
[2.678s] creating turtlesim.egg-info
[2.678s] writing turtlesim.egg-info/PKG-INFO
[2.678s] writing dependency_links to turtlesim.egg-info/dependency_links.txt
[2.678s] writing top-level names to turtlesim.egg-info/top_level.txt
[2.678s] writing manifest file 'turtlesim.egg-info/SOURCES.txt'
[2.679s] reading manifest file 'turtlesim.egg-info/SOURCES.txt'
[2.679s] writing manifest file 'turtlesim.egg-info/SOURCES.txt'
[2.723s] [  2%] Built target ament_cmake_python_build_turtlesim_egg
[3.320s] [  3%] [32mBuilding C object CMakeFiles/turtlesim__rosidl_generator_c.dir/rosidl_generator_c/turtlesim/action/detail/rotate_absolute__functions.c.o[0m
[3.328s] [  4%] [32mBuilding C object CMakeFiles/turtlesim__rosidl_generator_c.dir/rosidl_generator_c/turtlesim/msg/detail/pose__functions.c.o[0m
[3.335s] [  5%] [32mBuilding C object CMakeFiles/turtlesim__rosidl_generator_c.dir/rosidl_generator_c/turtlesim/msg/detail/color__functions.c.o[0m
[3.337s] [  6%] [32mBuilding C object CMakeFiles/turtlesim__rosidl_generator_c.dir/rosidl_generator_c/turtlesim/srv/detail/kill__functions.c.o[0m
[3.342s] [  7%] [32mBuilding C object CMakeFiles/turtlesim__rosidl_generator_c.dir/rosidl_generator_c/turtlesim/srv/detail/spawn__functions.c.o[0m
[3.345s] [  8%] [32mBuilding C object CMakeFiles/turtlesim__rosidl_generator_c.dir/rosidl_generator_c/turtlesim/srv/detail/set_pen__functions.c.o[0m
[3.347s] [  8%] Built target turtlesim__cpp
[3.377s] [  9%] [32mBuilding C object CMakeFiles/turtlesim__rosidl_generator_c.dir/rosidl_generator_c/turtlesim/srv/detail/teleport_absolute__functions.c.o[0m
[3.396s] [ 10%] [34m[1mGenerating C++ type support dispatch for ROS interfaces[0m
[3.399s] [ 11%] [32mBuilding C object CMakeFiles/turtlesim__rosidl_generator_c.dir/rosidl_generator_c/turtlesim/srv/detail/teleport_relative__functions.c.o[0m
[3.437s] [ 12%] [34m[1mGenerating C++ type support for eProsima Fast-RTPS[0m
[3.440s] [ 13%] [34m[1mGenerating C++ introspection for ROS interfaces[0m
[3.486s] [ 14%] [32m[1mLinking C shared library libturtlesim__rosidl_generator_c.so[0m
[3.538s] [ 14%] Built target turtlesim__rosidl_generator_c
[3.555s] [ 15%] [34m[1mGenerating C introspection for ROS interfaces[0m
[3.566s] [ 16%] [34m[1mGenerating C type support for eProsima Fast-RTPS[0m
[3.581s] [ 17%] [34m[1mGenerating C type support dispatch for ROS interfaces[0m
[3.823s] [ 18%] [32mBuilding CXX object CMakeFiles/turtlesim__rosidl_typesupport_cpp.dir/rosidl_typesupport_cpp/turtlesim/action/rotate_absolute__type_support.cpp.o[0m
[3.850s] [ 19%] [32mBuilding CXX object CMakeFiles/turtlesim__rosidl_typesupport_cpp.dir/rosidl_typesupport_cpp/turtlesim/msg/color__type_support.cpp.o[0m
[3.875s] [ 20%] [32mBuilding CXX object CMakeFiles/turtlesim__rosidl_typesupport_cpp.dir/rosidl_typesupport_cpp/turtlesim/msg/pose__type_support.cpp.o[0m
[4.131s] [ 21%] [32mBuilding CXX object CMakeFiles/turtlesim__rosidl_typesupport_c.dir/rosidl_typesupport_c/turtlesim/action/rotate_absolute__type_support.cpp.o[0m
[4.197s] [ 22%] [32mBuilding CXX object CMakeFiles/turtlesim__rosidl_typesupport_cpp.dir/rosidl_typesupport_cpp/turtlesim/srv/kill__type_support.cpp.o[0m
[4.211s] [ 23%] [32mBuilding CXX object CMakeFiles/turtlesim__rosidl_typesupport_cpp.dir/rosidl_typesupport_cpp/turtlesim/srv/set_pen__type_support.cpp.o[0m
[4.225s] [ 24%] [32mBuilding CXX object CMakeFiles/turtlesim__rosidl_typesupport_c.dir/rosidl_typesupport_c/turtlesim/msg/color__type_support.cpp.o[0m
[4.302s] [ 25%] [32mBuilding CXX object CMakeFiles/turtlesim__rosidl_typesupport_cpp.dir/rosidl_typesupport_cpp/turtlesim/srv/spawn__type_support.cpp.o[0m
[4.323s] [ 26%] [32mBuilding CXX object CMakeFiles/turtlesim__rosidl_typesupport_c.dir/rosidl_typesupport_c/turtlesim/msg/pose__type_support.cpp.o[0m
[4.389s] [ 27%] [32mBuilding CXX object CMakeFiles/turtlesim__rosidl_typesupport_c.dir/rosidl_typesupport_c/turtlesim/srv/kill__type_support.cpp.o[0m
[4.403s] [ 28%] [32mBuilding CXX object CMakeFiles/turtlesim__rosidl_typesupport_c.dir/rosidl_typesupport_c/turtlesim/srv/set_pen__type_support.cpp.o[0m
[4.434s] [ 29%] [32mBuilding CXX object CMakeFiles/turtlesim__rosidl_typesupport_introspection_cpp.dir/rosidl_typesupport_introspection_cpp/turtlesim/action/detail/rotate_absolute__type_support.cpp.o[0m
[4.462s] [ 30%] [32mBuilding CXX object CMakeFiles/turtlesim__rosidl_typesupport_c.dir/rosidl_typesupport_c/turtlesim/srv/spawn__type_support.cpp.o[0m
[4.486s] [ 31%] [32mBuilding CXX object CMakeFiles/turtlesim__rosidl_typesupport_introspection_cpp.dir/rosidl_typesupport_introspection_cpp/turtlesim/msg/detail/color__type_support.cpp.o[0m
[4.503s] [ 32%] [32mBuilding CXX object CMakeFiles/turtlesim__rosidl_typesupport_fastrtps_cpp.dir/rosidl_typesupport_fastrtps_cpp/turtlesim/action/detail/dds_fastrtps/rotate_absolute__type_support.cpp.o[0m
[4.551s] [ 33%] [32mBuilding CXX object CMakeFiles/turtlesim__rosidl_typesupport_cpp.dir/rosidl_typesupport_cpp/turtlesim/srv/teleport_absolute__type_support.cpp.o[0m
[4.563s] [ 34%] [32mBuilding C object CMakeFiles/turtlesim__rosidl_typesupport_introspection_c.dir/rosidl_typesupport_introspection_c/turtlesim/action/detail/rotate_absolute__type_support.c.o[0m
[4.572s] [ 35%] [32mBuilding CXX object CMakeFiles/turtlesim__rosidl_typesupport_cpp.dir/rosidl_typesupport_cpp/turtlesim/srv/teleport_relative__type_support.cpp.o[0m
[4.579s] [ 36%] [32mBuilding CXX object CMakeFiles/turtlesim__rosidl_typesupport_c.dir/rosidl_typesupport_c/turtlesim/srv/teleport_absolute__type_support.cpp.o[0m
[4.663s] [ 37%] [32mBuilding CXX object CMakeFiles/turtlesim__rosidl_typesupport_c.dir/rosidl_typesupport_c/turtlesim/srv/teleport_relative__type_support.cpp.o[0m
[4.711s] [ 38%] [32mBuilding C object CMakeFiles/turtlesim__rosidl_typesupport_introspection_c.dir/rosidl_typesupport_introspection_c/turtlesim/msg/detail/color__type_support.c.o[0m
[4.727s] [ 39%] [32mBuilding CXX object CMakeFiles/turtlesim__rosidl_typesupport_fastrtps_c.dir/rosidl_typesupport_fastrtps_c/turtlesim/action/detail/rotate_absolute__type_support_c.cpp.o[0m
[4.799s] [ 40%] [32m[1mLinking CXX shared library libturtlesim__rosidl_typesupport_c.so[0m
[4.807s] [ 41%] [32mBuilding C object CMakeFiles/turtlesim__rosidl_typesupport_introspection_c.dir/rosidl_typesupport_introspection_c/turtlesim/msg/detail/pose__type_support.c.o[0m
[4.815s] [ 42%] [32mBuilding CXX object CMakeFiles/turtlesim__rosidl_typesupport_fastrtps_c.dir/rosidl_typesupport_fastrtps_c/turtlesim/msg/detail/color__type_support_c.cpp.o[0m
[4.870s] [ 43%] [32m[1mLinking CXX shared library libturtlesim__rosidl_typesupport_cpp.so[0m
[4.881s] [ 44%] [32mBuilding CXX object CMakeFiles/turtlesim__rosidl_typesupport_fastrtps_cpp.dir/rosidl_typesupport_fastrtps_cpp/turtlesim/msg/detail/dds_fastrtps/color__type_support.cpp.o[0m
[4.882s] [ 45%] [32mBuilding C object CMakeFiles/turtlesim__rosidl_typesupport_introspection_c.dir/rosidl_typesupport_introspection_c/turtlesim/srv/detail/kill__type_support.c.o[0m
[4.890s] [ 45%] Built target turtlesim__rosidl_typesupport_c
[4.894s] [ 46%] [32mBuilding CXX object CMakeFiles/turtlesim__rosidl_typesupport_introspection_cpp.dir/rosidl_typesupport_introspection_cpp/turtlesim/srv/detail/kill__type_support.cpp.o[0m
[4.907s] [ 47%] [32mBuilding CXX object CMakeFiles/turtlesim__rosidl_typesupport_introspection_cpp.dir/rosidl_typesupport_introspection_cpp/turtlesim/msg/detail/pose__type_support.cpp.o[0m
[4.949s] [ 47%] Built target turtlesim__rosidl_typesupport_cpp
[4.953s] [ 48%] [32mBuilding CXX object CMakeFiles/turtlesim__rosidl_typesupport_introspection_cpp.dir/rosidl_typesupport_introspection_cpp/turtlesim/srv/detail/set_pen__type_support.cpp.o[0m
[4.968s] [ 49%] [32mBuilding C object CMakeFiles/turtlesim__rosidl_typesupport_introspection_c.dir/rosidl_typesupport_introspection_c/turtlesim/srv/detail/set_pen__type_support.c.o[0m
[5.047s] [ 50%] [32mBuilding C object CMakeFiles/turtlesim__rosidl_typesupport_introspection_c.dir/rosidl_typesupport_introspection_c/turtlesim/srv/detail/spawn__type_support.c.o[0m
[5.055s] [ 51%] [32mBuilding CXX object CMakeFiles/turtlesim__rosidl_typesupport_introspection_cpp.dir/rosidl_typesupport_introspection_cpp/turtlesim/srv/detail/spawn__type_support.cpp.o[0m
[5.151s] [ 52%] [32mBuilding CXX object CMakeFiles/turtlesim__rosidl_typesupport_fastrtps_c.dir/rosidl_typesupport_fastrtps_c/turtlesim/msg/detail/pose__type_support_c.cpp.o[0m
[5.155s] [ 53%] [32mBuilding C object CMakeFiles/turtlesim__rosidl_typesupport_introspection_c.dir/rosidl_typesupport_introspection_c/turtlesim/srv/detail/teleport_absolute__type_support.c.o[0m
[5.239s] [ 54%] [32mBuilding C object CMakeFiles/turtlesim__rosidl_typesupport_introspection_c.dir/rosidl_typesupport_introspection_c/turtlesim/srv/detail/teleport_relative__type_support.c.o[0m
[5.293s] [ 55%] [32mBuilding CXX object CMakeFiles/turtlesim__rosidl_typesupport_fastrtps_c.dir/rosidl_typesupport_fastrtps_c/turtlesim/srv/detail/kill__type_support_c.cpp.o[0m
[5.297s] [ 56%] [32mBuilding CXX object CMakeFiles/turtlesim__rosidl_typesupport_introspection_cpp.dir/rosidl_typesupport_introspection_cpp/turtlesim/srv/detail/teleport_absolute__type_support.cpp.o[0m
[5.306s] [ 57%] [32m[1mLinking C shared library libturtlesim__rosidl_typesupport_introspection_c.so[0m
[5.383s] [ 58%] [32mBuilding CXX object CMakeFiles/turtlesim__rosidl_typesupport_introspection_cpp.dir/rosidl_typesupport_introspection_cpp/turtlesim/srv/detail/teleport_relative__type_support.cpp.o[0m
[5.384s] [ 58%] Built target turtlesim__rosidl_typesupport_introspection_c
[5.387s] [ 59%] [32mBuilding CXX object CMakeFiles/turtlesim__rosidl_typesupport_fastrtps_cpp.dir/rosidl_typesupport_fastrtps_cpp/turtlesim/msg/detail/dds_fastrtps/pose__type_support.cpp.o[0m
[5.420s] [ 60%] [34m[1mGenerating include/turtlesim/moc_turtle_frame.cpp[0m
[5.423s] [ 61%] [32mBuilding CXX object CMakeFiles/turtlesim__rosidl_typesupport_fastrtps_c.dir/rosidl_typesupport_fastrtps_c/turtlesim/srv/detail/set_pen__type_support_c.cpp.o[0m
[5.476s] [ 62%] [32mBuilding CXX object CMakeFiles/turtlesim__rosidl_typesupport_fastrtps_cpp.dir/rosidl_typesupport_fastrtps_cpp/turtlesim/srv/detail/dds_fastrtps/kill__type_support.cpp.o[0m
[5.526s] [ 63%] [32mBuilding CXX object CMakeFiles/turtlesim__rosidl_typesupport_fastrtps_c.dir/rosidl_typesupport_fastrtps_c/turtlesim/srv/detail/spawn__type_support_c.cpp.o[0m
[5.599s] [ 64%] [32mBuilding CXX object CMakeFiles/turtlesim_node.dir/src/turtlesim.cpp.o[0m
[5.743s] [ 65%] [32mBuilding CXX object CMakeFiles/turtlesim__rosidl_typesupport_fastrtps_cpp.dir/rosidl_typesupport_fastrtps_cpp/turtlesim/srv/detail/dds_fastrtps/set_pen__type_support.cpp.o[0m
[5.747s] [ 66%] [32mBuilding CXX object CMakeFiles/turtlesim__rosidl_typesupport_fastrtps_c.dir/rosidl_typesupport_fastrtps_c/turtlesim/srv/detail/teleport_absolute__type_support_c.cpp.o[0m
[5.792s] [ 67%] [32mBuilding CXX object CMakeFiles/turtlesim__rosidl_typesupport_fastrtps_c.dir/rosidl_typesupport_fastrtps_c/turtlesim/srv/detail/teleport_relative__type_support_c.cpp.o[0m
[5.824s] [ 68%] [32m[1mLinking CXX shared library libturtlesim__rosidl_typesupport_introspection_cpp.so[0m
[5.884s] [ 69%] [32mBuilding CXX object CMakeFiles/turtlesim__rosidl_typesupport_fastrtps_cpp.dir/rosidl_typesupport_fastrtps_cpp/turtlesim/srv/detail/dds_fastrtps/spawn__type_support.cpp.o[0m
[5.892s] [ 70%] [32mBuilding CXX object CMakeFiles/turtlesim_node.dir/src/turtle.cpp.o[0m
[5.935s] [ 70%] Built target turtlesim__rosidl_typesupport_introspection_cpp
[5.947s] [ 71%] [32mBuilding CXX object CMakeFiles/turtlesim__rosidl_typesupport_fastrtps_cpp.dir/rosidl_typesupport_fastrtps_cpp/turtlesim/srv/detail/dds_fastrtps/teleport_absolute__type_support.cpp.o[0m
[6.003s] [ 72%] [32mBuilding CXX object CMakeFiles/turtle_teleop_key.dir/tutorials/teleop_turtle_key.cpp.o[0m
[6.023s] [ 73%] [32mBuilding CXX object CMakeFiles/turtlesim__rosidl_typesupport_fastrtps_cpp.dir/rosidl_typesupport_fastrtps_cpp/turtlesim/srv/detail/dds_fastrtps/teleport_relative__type_support.cpp.o[0m
[6.047s] [ 74%] [32m[1mLinking CXX shared library libturtlesim__rosidl_typesupport_fastrtps_c.so[0m
[6.190s] [ 75%] [32mBuilding CXX object CMakeFiles/draw_square.dir/tutorials/draw_square.cpp.o[0m
[6.205s] [ 75%] Built target turtlesim__rosidl_typesupport_fastrtps_c
[6.205s] [ 76%] [32mBuilding CXX object CMakeFiles/mimic.dir/tutorials/mimic.cpp.o[0m
[6.207s] [ 77%] [32mBuilding CXX object CMakeFiles/turtlesim_node.dir/src/turtle_frame.cpp.o[0m
[6.247s] [ 78%] [32mBuilding CXX object CMakeFiles/turtlesim_node.dir/include/turtlesim/moc_turtle_frame.cpp.o[0m
[6.277s] [ 79%] [32m[1mLinking CXX shared library libturtlesim__rosidl_typesupport_fastrtps_cpp.so[0m
[6.418s] [ 79%] Built target turtlesim__rosidl_typesupport_fastrtps_cpp
[6.523s] [ 79%] Built target turtlesim
[6.640s] [ 80%] [34m[1mGenerating Python code for ROS interfaces[0m
[8.205s] [ 80%] Built target turtlesim__py
[8.269s] [ 81%] [32mBuilding C object CMakeFiles/turtlesim__rosidl_generator_py.dir/rosidl_generator_py/turtlesim/action/_rotate_absolute_s.c.o[0m
[8.526s] [ 82%] [32mBuilding C object CMakeFiles/turtlesim__rosidl_generator_py.dir/rosidl_generator_py/turtlesim/msg/_color_s.c.o[0m
[8.684s] [ 83%] [32mBuilding C object CMakeFiles/turtlesim__rosidl_generator_py.dir/rosidl_generator_py/turtlesim/msg/_pose_s.c.o[0m
[8.832s] gmake[2]: Warning: File 'rosidl_generator_py/turtlesim/srv/_set_pen_s.c' has modification time 0.57 s in the future
[8.852s] [ 84%] [32mBuilding C object CMakeFiles/turtlesim__rosidl_generator_py.dir/rosidl_generator_py/turtlesim/srv/_kill_s.c.o[0m
[9.084s] [ 85%] [32mBuilding C object CMakeFiles/turtlesim__rosidl_generator_py.dir/rosidl_generator_py/turtlesim/srv/_set_pen_s.c.o[0m
[9.273s] [ 86%] [32mBuilding C object CMakeFiles/turtlesim__rosidl_generator_py.dir/rosidl_generator_py/turtlesim/srv/_spawn_s.c.o[0m
[9.448s] [ 87%] [32mBuilding C object CMakeFiles/turtlesim__rosidl_generator_py.dir/rosidl_generator_py/turtlesim/srv/_teleport_absolute_s.c.o[0m
[9.510s] [ 88%] [32mBuilding C object CMakeFiles/turtlesim__rosidl_generator_py.dir/rosidl_generator_py/turtlesim/srv/_teleport_relative_s.c.o[0m
[9.596s] [ 89%] [32m[1mLinking C shared library rosidl_generator_py/turtlesim/libturtlesim__rosidl_generator_py.so[0m
[9.627s] gmake[2]: warning:  Clock skew detected.  Your build may be incomplete.
[9.676s] [ 89%] Built target turtlesim__rosidl_generator_py
[9.763s] [ 90%] [32mBuilding C object CMakeFiles/turtlesim__rosidl_typesupport_fastrtps_c__pyext.dir/rosidl_generator_py/turtlesim/_turtlesim_s.ep.rosidl_typesupport_fastrtps_c.c.o[0m
[9.788s] [ 91%] [32mBuilding C object CMakeFiles/turtlesim__rosidl_typesupport_introspection_c__pyext.dir/rosidl_generator_py/turtlesim/_turtlesim_s.ep.rosidl_typesupport_introspection_c.c.o[0m
[9.912s] [ 92%] [32m[1mLinking C shared library rosidl_generator_py/turtlesim/turtlesim_s__rosidl_typesupport_fastrtps_c.cpython-310-aarch64-linux-gnu.so[0m
[9.941s] [ 93%] [32m[1mLinking C shared library rosidl_generator_py/turtlesim/turtlesim_s__rosidl_typesupport_introspection_c.cpython-310-aarch64-linux-gnu.so[0m
[9.962s] [ 94%] [32mBuilding C object CMakeFiles/turtlesim__rosidl_typesupport_c__pyext.dir/rosidl_generator_py/turtlesim/_turtlesim_s.ep.rosidl_typesupport_c.c.o[0m
[9.978s] [ 94%] Built target turtlesim__rosidl_typesupport_introspection_c__pyext
[10.024s] [ 94%] Built target turtlesim__rosidl_typesupport_fastrtps_c__pyext
[10.100s] [ 95%] [32m[1mLinking C shared library rosidl_generator_py/turtlesim/turtlesim_s__rosidl_typesupport_c.cpython-310-aarch64-linux-gnu.so[0m
[10.139s] [ 95%] Built target turtlesim__rosidl_typesupport_c__pyext
[10.644s] [ 96%] [32m[1mLinking CXX executable turtle_teleop_key[0m
[10.837s] [ 96%] Built target turtle_teleop_key
[12.900s] [ 97%] [32m[1mLinking CXX executable mimic[0m
[13.447s] [ 98%] [32m[1mLinking CXX executable draw_square[0m
[13.483s] [ 98%] Built target mimic
[14.032s] [ 98%] Built target draw_square
[16.611s] [100%] [32m[1mLinking CXX executable turtlesim_node[0m
[18.064s] [100%] Built target turtlesim_node
[18.072s] Invoked command in '/home/rinav/ros2_ws/build/turtlesim' returned '0': CMAKE_PREFIX_PATH=${CMAKE_PREFIX_PATH}:/opt/ros/humble /usr/bin/cmake --build /home/rinav/ros2_ws/build/turtlesim -- -j8 -l8
[18.074s] Invoking command in '/home/rinav/ros2_ws/build/turtlesim': CMAKE_PREFIX_PATH=${CMAKE_PREFIX_PATH}:/opt/ros/humble /usr/bin/cmake --install /home/rinav/ros2_ws/build/turtlesim
[18.078s] -- Install configuration: ""
[18.078s] -- Installing: /home/rinav/ros2_ws/install/turtlesim/share/ament_index/resource_index/rosidl_interfaces/turtlesim
[18.078s] -- Installing: /home/rinav/ros2_ws/install/turtlesim/include/turtlesim/turtlesim
[18.078s] -- Installing: /home/rinav/ros2_ws/install/turtlesim/include/turtlesim/turtlesim/srv
[18.078s] -- Installing: /home/rinav/ros2_ws/install/turtlesim/include/turtlesim/turtlesim/srv/teleport_absolute.h
[18.078s] -- Installing: /home/rinav/ros2_ws/install/turtlesim/include/turtlesim/turtlesim/srv/detail
[18.079s] -- Installing: /home/rinav/ros2_ws/install/turtlesim/include/turtlesim/turtlesim/srv/detail/teleport_absolute__functions.c
[18.079s] -- Installing: /home/rinav/ros2_ws/install/turtlesim/include/turtlesim/turtlesim/srv/detail/kill__type_support.h
[18.079s] -- Installing: /home/rinav/ros2_ws/install/turtlesim/include/turtlesim/turtlesim/srv/detail/spawn__functions.h
[18.079s] -- Installing: /home/rinav/ros2_ws/install/turtlesim/include/turtlesim/turtlesim/srv/detail/spawn__type_support.h
[18.079s] -- Installing: /home/rinav/ros2_ws/install/turtlesim/include/turtlesim/turtlesim/srv/detail/teleport_relative__struct.h
[18.079s] -- Installing: /home/rinav/ros2_ws/install/turtlesim/include/turtlesim/turtlesim/srv/detail/kill__functions.c
[18.079s] -- Installing: /home/rinav/ros2_ws/install/turtlesim/include/turtlesim/turtlesim/srv/detail/set_pen__functions.c
[18.079s] -- Installing: /home/rinav/ros2_ws/install/turtlesim/include/turtlesim/turtlesim/srv/detail/set_pen__functions.h
[18.079s] -- Installing: /home/rinav/ros2_ws/install/turtlesim/include/turtlesim/turtlesim/srv/detail/spawn__functions.c
[18.080s] -- Installing: /home/rinav/ros2_ws/install/turtlesim/include/turtlesim/turtlesim/srv/detail/teleport_absolute__type_support.h
[18.080s] -- Installing: /home/rinav/ros2_ws/install/turtlesim/include/turtlesim/turtlesim/srv/detail/teleport_absolute__struct.h
[18.080s] -- Installing: /home/rinav/ros2_ws/install/turtlesim/include/turtlesim/turtlesim/srv/detail/spawn__struct.h
[18.080s] -- Installing: /home/rinav/ros2_ws/install/turtlesim/include/turtlesim/turtlesim/srv/detail/kill__functions.h
[18.080s] -- Installing: /home/rinav/ros2_ws/install/turtlesim/include/turtlesim/turtlesim/srv/detail/set_pen__type_support.h
[18.080s] -- Installing: /home/rinav/ros2_ws/install/turtlesim/include/turtlesim/turtlesim/srv/detail/set_pen__struct.h
[18.080s] -- Installing: /home/rinav/ros2_ws/install/turtlesim/include/turtlesim/turtlesim/srv/detail/teleport_relative__type_support.h
[18.080s] -- Installing: /home/rinav/ros2_ws/install/turtlesim/include/turtlesim/turtlesim/srv/detail/teleport_relative__functions.h
[18.080s] -- Installing: /home/rinav/ros2_ws/install/turtlesim/include/turtlesim/turtlesim/srv/detail/teleport_relative__functions.c
[18.081s] -- Installing: /home/rinav/ros2_ws/install/turtlesim/include/turtlesim/turtlesim/srv/detail/kill__struct.h
[18.081s] -- Installing: /home/rinav/ros2_ws/install/turtlesim/include/turtlesim/turtlesim/srv/detail/teleport_absolute__functions.h
[18.081s] -- Installing: /home/rinav/ros2_ws/install/turtlesim/include/turtlesim/turtlesim/srv/spawn.h
[18.081s] -- Installing: /home/rinav/ros2_ws/install/turtlesim/include/turtlesim/turtlesim/srv/kill.h
[18.081s] -- Installing: /home/rinav/ros2_ws/install/turtlesim/include/turtlesim/turtlesim/srv/teleport_relative.h
[18.081s] -- Installing: /home/rinav/ros2_ws/install/turtlesim/include/turtlesim/turtlesim/srv/set_pen.h
[18.081s] -- Installing: /home/rinav/ros2_ws/install/turtlesim/include/turtlesim/turtlesim/msg
[18.081s] -- Installing: /home/rinav/ros2_ws/install/turtlesim/include/turtlesim/turtlesim/msg/detail
[18.081s] -- Installing: /home/rinav/ros2_ws/install/turtlesim/include/turtlesim/turtlesim/msg/detail/pose__functions.h
[18.081s] -- Installing: /home/rinav/ros2_ws/install/turtlesim/include/turtlesim/turtlesim/msg/detail/pose__functions.c
[18.081s] -- Installing: /home/rinav/ros2_ws/install/turtlesim/include/turtlesim/turtlesim/msg/detail/color__type_support.h
[18.081s] -- Installing: /home/rinav/ros2_ws/install/turtlesim/include/turtlesim/turtlesim/msg/detail/color__functions.h
[18.082s] -- Installing: /home/rinav/ros2_ws/install/turtlesim/include/turtlesim/turtlesim/msg/detail/pose__type_support.h
[18.082s] -- Installing: /home/rinav/ros2_ws/install/turtlesim/include/turtlesim/turtlesim/msg/detail/pose__struct.h
[18.082s] -- Installing: /home/rinav/ros2_ws/install/turtlesim/include/turtlesim/turtlesim/msg/detail/color__struct.h
[18.082s] -- Installing: /home/rinav/ros2_ws/install/turtlesim/include/turtlesim/turtlesim/msg/detail/color__functions.c
[18.082s] -- Installing: /home/rinav/ros2_ws/install/turtlesim/include/turtlesim/turtlesim/msg/rosidl_generator_c__visibility_control.h
[18.082s] -- Installing: /home/rinav/ros2_ws/install/turtlesim/include/turtlesim/turtlesim/msg/pose.h
[18.082s] -- Installing: /home/rinav/ros2_ws/install/turtlesim/include/turtlesim/turtlesim/msg/color.h
[18.082s] -- Installing: /home/rinav/ros2_ws/install/turtlesim/include/turtlesim/turtlesim/action
[18.082s] -- Installing: /home/rinav/ros2_ws/install/turtlesim/include/turtlesim/turtlesim/action/detail
[18.082s] -- Installing: /home/rinav/ros2_ws/install/turtlesim/include/turtlesim/turtlesim/action/detail/rotate_absolute__struct.h
[18.082s] -- Installing: /home/rinav/ros2_ws/install/turtlesim/include/turtlesim/turtlesim/action/detail/rotate_absolute__functions.c
[18.082s] -- Installing: /home/rinav/ros2_ws/install/turtlesim/include/turtlesim/turtlesim/action/detail/rotate_absolute__type_support.h
[18.083s] -- Installing: /home/rinav/ros2_ws/install/turtlesim/include/turtlesim/turtlesim/action/detail/rotate_absolute__functions.h
[18.083s] -- Installing: /home/rinav/ros2_ws/install/turtlesim/include/turtlesim/turtlesim/action/rotate_absolute.h
[18.083s] -- Installing: /home/rinav/ros2_ws/install/turtlesim/share/turtlesim/environment/library_path.sh
[18.083s] -- Installing: /home/rinav/ros2_ws/install/turtlesim/share/turtlesim/environment/library_path.dsv
[18.083s] -- Installing: /home/rinav/ros2_ws/install/turtlesim/lib/libturtlesim__rosidl_generator_c.so
[18.083s] -- Set runtime path of "/home/rinav/ros2_ws/install/turtlesim/lib/libturtlesim__rosidl_generator_c.so" to ""
[18.083s] -- Up-to-date: /home/rinav/ros2_ws/install/turtlesim/include/turtlesim/turtlesim
[18.083s] -- Up-to-date: /home/rinav/ros2_ws/install/turtlesim/include/turtlesim/turtlesim/srv
[18.083s] -- Up-to-date: /home/rinav/ros2_ws/install/turtlesim/include/turtlesim/turtlesim/srv/detail
[18.083s] -- Installing: /home/rinav/ros2_ws/install/turtlesim/include/turtlesim/turtlesim/srv/detail/kill__rosidl_typesupport_fastrtps_c.h
[18.083s] -- Installing: /home/rinav/ros2_ws/install/turtlesim/include/turtlesim/turtlesim/srv/detail/teleport_relative__rosidl_typesupport_fastrtps_c.h
[18.084s] -- Installing: /home/rinav/ros2_ws/install/turtlesim/include/turtlesim/turtlesim/srv/detail/set_pen__rosidl_typesupport_fastrtps_c.h
[18.084s] -- Installing: /home/rinav/ros2_ws/install/turtlesim/include/turtlesim/turtlesim/srv/detail/spawn__rosidl_typesupport_fastrtps_c.h
[18.084s] -- Installing: /home/rinav/ros2_ws/install/turtlesim/include/turtlesim/turtlesim/srv/detail/teleport_absolute__rosidl_typesupport_fastrtps_c.h
[18.084s] -- Up-to-date: /home/rinav/ros2_ws/install/turtlesim/include/turtlesim/turtlesim/msg
[18.084s] -- Up-to-date: /home/rinav/ros2_ws/install/turtlesim/include/turtlesim/turtlesim/msg/detail
[18.084s] -- Installing: /home/rinav/ros2_ws/install/turtlesim/include/turtlesim/turtlesim/msg/detail/color__rosidl_typesupport_fastrtps_c.h
[18.084s] -- Installing: /home/rinav/ros2_ws/install/turtlesim/include/turtlesim/turtlesim/msg/detail/pose__rosidl_typesupport_fastrtps_c.h
[18.084s] -- Installing: /home/rinav/ros2_ws/install/turtlesim/include/turtlesim/turtlesim/msg/rosidl_typesupport_fastrtps_c__visibility_control.h
[18.084s] -- Up-to-date: /home/rinav/ros2_ws/install/turtlesim/include/turtlesim/turtlesim/action
[18.084s] -- Up-to-date: /home/rinav/ros2_ws/install/turtlesim/include/turtlesim/turtlesim/action/detail
[18.084s] -- Installing: /home/rinav/ros2_ws/install/turtlesim/include/turtlesim/turtlesim/action/detail/rotate_absolute__rosidl_typesupport_fastrtps_c.h
[18.084s] -- Installing: /home/rinav/ros2_ws/install/turtlesim/lib/libturtlesim__rosidl_typesupport_fastrtps_c.so
[18.084s] -- Set runtime path of "/home/rinav/ros2_ws/install/turtlesim/lib/libturtlesim__rosidl_typesupport_fastrtps_c.so" to ""
[18.085s] -- Up-to-date: /home/rinav/ros2_ws/install/turtlesim/include/turtlesim/turtlesim
[18.085s] -- Up-to-date: /home/rinav/ros2_ws/install/turtlesim/include/turtlesim/turtlesim/srv
[18.085s] -- Installing: /home/rinav/ros2_ws/install/turtlesim/include/turtlesim/turtlesim/srv/kill.hpp
[18.085s] -- Up-to-date: /home/rinav/ros2_ws/install/turtlesim/include/turtlesim/turtlesim/srv/detail
[18.085s] -- Installing: /home/rinav/ros2_ws/install/turtlesim/include/turtlesim/turtlesim/srv/detail/spawn__traits.hpp
[18.085s] -- Installing: /home/rinav/ros2_ws/install/turtlesim/include/turtlesim/turtlesim/srv/detail/kill__type_support.hpp
[18.085s] -- Installing: /home/rinav/ros2_ws/install/turtlesim/include/turtlesim/turtlesim/srv/detail/teleport_relative__type_support.hpp
[18.085s] -- Installing: /home/rinav/ros2_ws/install/turtlesim/include/turtlesim/turtlesim/srv/detail/teleport_relative__builder.hpp
[18.085s] -- Installing: /home/rinav/ros2_ws/install/turtlesim/include/turtlesim/turtlesim/srv/detail/kill__struct.hpp
[18.085s] -- Installing: /home/rinav/ros2_ws/install/turtlesim/include/turtlesim/turtlesim/srv/detail/spawn__builder.hpp
[18.085s] -- Installing: /home/rinav/ros2_ws/install/turtlesim/include/turtlesim/turtlesim/srv/detail/teleport_absolute__builder.hpp
[18.085s] -- Installing: /home/rinav/ros2_ws/install/turtlesim/include/turtlesim/turtlesim/srv/detail/teleport_relative__traits.hpp
[18.085s] -- Installing: /home/rinav/ros2_ws/install/turtlesim/include/turtlesim/turtlesim/srv/detail/set_pen__traits.hpp
[18.085s] -- Installing: /home/rinav/ros2_ws/install/turtlesim/include/turtlesim/turtlesim/srv/detail/set_pen__type_support.hpp
[18.085s] -- Installing: /home/rinav/ros2_ws/install/turtlesim/include/turtlesim/turtlesim/srv/detail/kill__traits.hpp
[18.085s] -- Installing: /home/rinav/ros2_ws/install/turtlesim/include/turtlesim/turtlesim/srv/detail/set_pen__builder.hpp
[18.085s] -- Installing: /home/rinav/ros2_ws/install/turtlesim/include/turtlesim/turtlesim/srv/detail/spawn__struct.hpp
[18.086s] -- Installing: /home/rinav/ros2_ws/install/turtlesim/include/turtlesim/turtlesim/srv/detail/teleport_absolute__struct.hpp
[18.086s] -- Installing: /home/rinav/ros2_ws/install/turtlesim/include/turtlesim/turtlesim/srv/detail/set_pen__struct.hpp
[18.086s] -- Installing: /home/rinav/ros2_ws/install/turtlesim/include/turtlesim/turtlesim/srv/detail/kill__builder.hpp
[18.086s] -- Installing: /home/rinav/ros2_ws/install/turtlesim/include/turtlesim/turtlesim/srv/detail/spawn__type_support.hpp
[18.086s] -- Installing: /home/rinav/ros2_ws/install/turtlesim/include/turtlesim/turtlesim/srv/detail/teleport_absolute__type_support.hpp
[18.086s] -- Installing: /home/rinav/ros2_ws/install/turtlesim/include/turtlesim/turtlesim/srv/detail/teleport_absolute__traits.hpp
[18.086s] -- Installing: /home/rinav/ros2_ws/install/turtlesim/include/turtlesim/turtlesim/srv/detail/teleport_relative__struct.hpp
[18.086s] -- Installing: /home/rinav/ros2_ws/install/turtlesim/include/turtlesim/turtlesim/srv/spawn.hpp
[18.086s] -- Installing: /home/rinav/ros2_ws/install/turtlesim/include/turtlesim/turtlesim/srv/set_pen.hpp
[18.086s] -- Installing: /home/rinav/ros2_ws/install/turtlesim/include/turtlesim/turtlesim/srv/teleport_absolute.hpp
[18.086s] -- Installing: /home/rinav/ros2_ws/install/turtlesim/include/turtlesim/turtlesim/srv/teleport_relative.hpp
[18.086s] -- Up-to-date: /home/rinav/ros2_ws/install/turtlesim/include/turtlesim/turtlesim/msg
[18.086s] -- Up-to-date: /home/rinav/ros2_ws/install/turtlesim/include/turtlesim/turtlesim/msg/detail
[18.086s] -- Installing: /home/rinav/ros2_ws/install/turtlesim/include/turtlesim/turtlesim/msg/detail/color__traits.hpp
[18.086s] -- Installing: /home/rinav/ros2_ws/install/turtlesim/include/turtlesim/turtlesim/msg/detail/pose__struct.hpp
[18.087s] -- Installing: /home/rinav/ros2_ws/install/turtlesim/include/turtlesim/turtlesim/msg/detail/pose__type_support.hpp
[18.087s] -- Installing: /home/rinav/ros2_ws/install/turtlesim/include/turtlesim/turtlesim/msg/detail/color__type_support.hpp
[18.087s] -- Installing: /home/rinav/ros2_ws/install/turtlesim/include/turtlesim/turtlesim/msg/detail/pose__traits.hpp
[18.087s] -- Installing: /home/rinav/ros2_ws/install/turtlesim/include/turtlesim/turtlesim/msg/detail/color__struct.hpp
[18.087s] -- Installing: /home/rinav/ros2_ws/install/turtlesim/include/turtlesim/turtlesim/msg/detail/pose__builder.hpp
[18.087s] -- Installing: /home/rinav/ros2_ws/install/turtlesim/include/turtlesim/turtlesim/msg/detail/color__builder.hpp
[18.087s] -- Installing: /home/rinav/ros2_ws/install/turtlesim/include/turtlesim/turtlesim/msg/pose.hpp
[18.087s] -- Installing: /home/rinav/ros2_ws/install/turtlesim/include/turtlesim/turtlesim/msg/rosidl_generator_cpp__visibility_control.hpp
[18.087s] -- Installing: /home/rinav/ros2_ws/install/turtlesim/include/turtlesim/turtlesim/msg/color.hpp
[18.087s] -- Up-to-date: /home/rinav/ros2_ws/install/turtlesim/include/turtlesim/turtlesim/action
[18.087s] -- Up-to-date: /home/rinav/ros2_ws/install/turtlesim/include/turtlesim/turtlesim/action/detail
[18.087s] -- Installing: /home/rinav/ros2_ws/install/turtlesim/include/turtlesim/turtlesim/action/detail/rotate_absolute__struct.hpp
[18.088s] -- Installing: /home/rinav/ros2_ws/install/turtlesim/include/turtlesim/turtlesim/action/detail/rotate_absolute__type_support.hpp
[18.088s] -- Installing: /home/rinav/ros2_ws/install/turtlesim/include/turtlesim/turtlesim/action/detail/rotate_absolute__traits.hpp
[18.088s] -- Installing: /home/rinav/ros2_ws/install/turtlesim/include/turtlesim/turtlesim/action/detail/rotate_absolute__builder.hpp
[18.088s] -- Installing: /home/rinav/ros2_ws/install/turtlesim/include/turtlesim/turtlesim/action/rotate_absolute.hpp
[18.088s] -- Up-to-date: /home/rinav/ros2_ws/install/turtlesim/include/turtlesim/turtlesim
[18.088s] -- Up-to-date: /home/rinav/ros2_ws/install/turtlesim/include/turtlesim/turtlesim/srv
[18.088s] -- Up-to-date: /home/rinav/ros2_ws/install/turtlesim/include/turtlesim/turtlesim/srv/detail
[18.088s] -- Installing: /home/rinav/ros2_ws/install/turtlesim/include/turtlesim/turtlesim/srv/detail/dds_fastrtps
[18.088s] -- Installing: /home/rinav/ros2_ws/install/turtlesim/include/turtlesim/turtlesim/srv/detail/set_pen__rosidl_typesupport_fastrtps_cpp.hpp
[18.088s] -- Installing: /home/rinav/ros2_ws/install/turtlesim/include/turtlesim/turtlesim/srv/detail/spawn__rosidl_typesupport_fastrtps_cpp.hpp
[18.088s] -- Installing: /home/rinav/ros2_ws/install/turtlesim/include/turtlesim/turtlesim/srv/detail/teleport_absolute__rosidl_typesupport_fastrtps_cpp.hpp
[18.088s] -- Installing: /home/rinav/ros2_ws/install/turtlesim/include/turtlesim/turtlesim/srv/detail/kill__rosidl_typesupport_fastrtps_cpp.hpp
[18.088s] -- Installing: /home/rinav/ros2_ws/install/turtlesim/include/turtlesim/turtlesim/srv/detail/teleport_relative__rosidl_typesupport_fastrtps_cpp.hpp
[18.088s] -- Up-to-date: /home/rinav/ros2_ws/install/turtlesim/include/turtlesim/turtlesim/msg
[18.088s] -- Up-to-date: /home/rinav/ros2_ws/install/turtlesim/include/turtlesim/turtlesim/msg/detail
[18.088s] -- Installing: /home/rinav/ros2_ws/install/turtlesim/include/turtlesim/turtlesim/msg/detail/pose__rosidl_typesupport_fastrtps_cpp.hpp
[18.088s] -- Installing: /home/rinav/ros2_ws/install/turtlesim/include/turtlesim/turtlesim/msg/detail/dds_fastrtps
[18.088s] -- Installing: /home/rinav/ros2_ws/install/turtlesim/include/turtlesim/turtlesim/msg/detail/color__rosidl_typesupport_fastrtps_cpp.hpp
[18.088s] -- Installing: /home/rinav/ros2_ws/install/turtlesim/include/turtlesim/turtlesim/msg/rosidl_typesupport_fastrtps_cpp__visibility_control.h
[18.088s] -- Up-to-date: /home/rinav/ros2_ws/install/turtlesim/include/turtlesim/turtlesim/action
[18.089s] -- Up-to-date: /home/rinav/ros2_ws/install/turtlesim/include/turtlesim/turtlesim/action/detail
[18.089s] -- Installing: /home/rinav/ros2_ws/install/turtlesim/include/turtlesim/turtlesim/action/detail/rotate_absolute__rosidl_typesupport_fastrtps_cpp.hpp
[18.089s] -- Installing: /home/rinav/ros2_ws/install/turtlesim/include/turtlesim/turtlesim/action/detail/dds_fastrtps
[18.089s] -- Installing: /home/rinav/ros2_ws/install/turtlesim/lib/libturtlesim__rosidl_typesupport_fastrtps_cpp.so
[18.089s] -- Set runtime path of "/home/rinav/ros2_ws/install/turtlesim/lib/libturtlesim__rosidl_typesupport_fastrtps_cpp.so" to ""
[18.089s] -- Up-to-date: /home/rinav/ros2_ws/install/turtlesim/include/turtlesim/turtlesim
[18.089s] -- Up-to-date: /home/rinav/ros2_ws/install/turtlesim/include/turtlesim/turtlesim/srv
[18.089s] -- Up-to-date: /home/rinav/ros2_ws/install/turtlesim/include/turtlesim/turtlesim/srv/detail
[18.089s] -- Installing: /home/rinav/ros2_ws/install/turtlesim/include/turtlesim/turtlesim/srv/detail/set_pen__rosidl_typesupport_introspection_c.h
[18.089s] -- Installing: /home/rinav/ros2_ws/install/turtlesim/include/turtlesim/turtlesim/srv/detail/set_pen__type_support.c
[18.089s] -- Installing: /home/rinav/ros2_ws/install/turtlesim/include/turtlesim/turtlesim/srv/detail/teleport_relative__rosidl_typesupport_introspection_c.h
[18.089s] -- Installing: /home/rinav/ros2_ws/install/turtlesim/include/turtlesim/turtlesim/srv/detail/teleport_absolute__rosidl_typesupport_introspection_c.h
[18.089s] -- Installing: /home/rinav/ros2_ws/install/turtlesim/include/turtlesim/turtlesim/srv/detail/teleport_absolute__type_support.c
[18.089s] -- Installing: /home/rinav/ros2_ws/install/turtlesim/include/turtlesim/turtlesim/srv/detail/kill__rosidl_typesupport_introspection_c.h
[18.089s] -- Installing: /home/rinav/ros2_ws/install/turtlesim/include/turtlesim/turtlesim/srv/detail/spawn__type_support.c
[18.089s] -- Installing: /home/rinav/ros2_ws/install/turtlesim/include/turtlesim/turtlesim/srv/detail/kill__type_support.c
[18.089s] -- Installing: /home/rinav/ros2_ws/install/turtlesim/include/turtlesim/turtlesim/srv/detail/teleport_relative__type_support.c
[18.089s] -- Installing: /home/rinav/ros2_ws/install/turtlesim/include/turtlesim/turtlesim/srv/detail/spawn__rosidl_typesupport_introspection_c.h
[18.089s] -- Up-to-date: /home/rinav/ros2_ws/install/turtlesim/include/turtlesim/turtlesim/msg
[18.090s] -- Up-to-date: /home/rinav/ros2_ws/install/turtlesim/include/turtlesim/turtlesim/msg/detail
[18.090s] -- Installing: /home/rinav/ros2_ws/install/turtlesim/include/turtlesim/turtlesim/msg/detail/color__rosidl_typesupport_introspection_c.h
[18.090s] -- Installing: /home/rinav/ros2_ws/install/turtlesim/include/turtlesim/turtlesim/msg/detail/pose__type_support.c
[18.090s] -- Installing: /home/rinav/ros2_ws/install/turtlesim/include/turtlesim/turtlesim/msg/detail/color__type_support.c
[18.090s] -- Installing: /home/rinav/ros2_ws/install/turtlesim/include/turtlesim/turtlesim/msg/detail/pose__rosidl_typesupport_introspection_c.h
[18.090s] -- Installing: /home/rinav/ros2_ws/install/turtlesim/include/turtlesim/turtlesim/msg/rosidl_typesupport_introspection_c__visibility_control.h
[18.090s] -- Up-to-date: /home/rinav/ros2_ws/install/turtlesim/include/turtlesim/turtlesim/action
[18.090s] -- Up-to-date: /home/rinav/ros2_ws/install/turtlesim/include/turtlesim/turtlesim/action/detail
[18.090s] -- Installing: /home/rinav/ros2_ws/install/turtlesim/include/turtlesim/turtlesim/action/detail/rotate_absolute__type_support.c
[18.090s] -- Installing: /home/rinav/ros2_ws/install/turtlesim/include/turtlesim/turtlesim/action/detail/rotate_absolute__rosidl_typesupport_introspection_c.h
[18.090s] -- Installing: /home/rinav/ros2_ws/install/turtlesim/lib/libturtlesim__rosidl_typesupport_introspection_c.so
[18.090s] -- Set runtime path of "/home/rinav/ros2_ws/install/turtlesim/lib/libturtlesim__rosidl_typesupport_introspection_c.so" to ""
[18.090s] -- Installing: /home/rinav/ros2_ws/install/turtlesim/lib/libturtlesim__rosidl_typesupport_c.so
[18.090s] -- Set runtime path of "/home/rinav/ros2_ws/install/turtlesim/lib/libturtlesim__rosidl_typesupport_c.so" to ""
[18.090s] -- Up-to-date: /home/rinav/ros2_ws/install/turtlesim/include/turtlesim/turtlesim
[18.090s] -- Up-to-date: /home/rinav/ros2_ws/install/turtlesim/include/turtlesim/turtlesim/srv
[18.091s] -- Up-to-date: /home/rinav/ros2_ws/install/turtlesim/include/turtlesim/turtlesim/srv/detail
[18.091s] -- Installing: /home/rinav/ros2_ws/install/turtlesim/include/turtlesim/turtlesim/srv/detail/spawn__rosidl_typesupport_introspection_cpp.hpp
[18.091s] -- Installing: /home/rinav/ros2_ws/install/turtlesim/include/turtlesim/turtlesim/srv/detail/kill__type_support.cpp
[18.091s] -- Installing: /home/rinav/ros2_ws/install/turtlesim/include/turtlesim/turtlesim/srv/detail/kill__rosidl_typesupport_introspection_cpp.hpp
[18.091s] -- Installing: /home/rinav/ros2_ws/install/turtlesim/include/turtlesim/turtlesim/srv/detail/set_pen__rosidl_typesupport_introspection_cpp.hpp
[18.091s] -- Installing: /home/rinav/ros2_ws/install/turtlesim/include/turtlesim/turtlesim/srv/detail/teleport_absolute__rosidl_typesupport_introspection_cpp.hpp
[18.091s] -- Installing: /home/rinav/ros2_ws/install/turtlesim/include/turtlesim/turtlesim/srv/detail/teleport_relative__rosidl_typesupport_introspection_cpp.hpp
[18.091s] -- Installing: /home/rinav/ros2_ws/install/turtlesim/include/turtlesim/turtlesim/srv/detail/teleport_absolute__type_support.cpp
[18.091s] -- Installing: /home/rinav/ros2_ws/install/turtlesim/include/turtlesim/turtlesim/srv/detail/spawn__type_support.cpp
[18.091s] -- Installing: /home/rinav/ros2_ws/install/turtlesim/include/turtlesim/turtlesim/srv/detail/set_pen__type_support.cpp
[18.091s] -- Installing: /home/rinav/ros2_ws/install/turtlesim/include/turtlesim/turtlesim/srv/detail/teleport_relative__type_support.cpp
[18.091s] -- Up-to-date: /home/rinav/ros2_ws/install/turtlesim/include/turtlesim/turtlesim/msg
[18.091s] -- Up-to-date: /home/rinav/ros2_ws/install/turtlesim/include/turtlesim/turtlesim/msg/detail
[18.091s] -- Installing: /home/rinav/ros2_ws/install/turtlesim/include/turtlesim/turtlesim/msg/detail/pose__rosidl_typesupport_introspection_cpp.hpp
[18.091s] -- Installing: /home/rinav/ros2_ws/install/turtlesim/include/turtlesim/turtlesim/msg/detail/color__type_support.cpp
[18.091s] -- Installing: /home/rinav/ros2_ws/install/turtlesim/include/turtlesim/turtlesim/msg/detail/color__rosidl_typesupport_introspection_cpp.hpp
[18.091s] -- Installing: /home/rinav/ros2_ws/install/turtlesim/include/turtlesim/turtlesim/msg/detail/pose__type_support.cpp
[18.091s] -- Up-to-date: /home/rinav/ros2_ws/install/turtlesim/include/turtlesim/turtlesim/action
[18.091s] -- Up-to-date: /home/rinav/ros2_ws/install/turtlesim/include/turtlesim/turtlesim/action/detail
[18.091s] -- Installing: /home/rinav/ros2_ws/install/turtlesim/include/turtlesim/turtlesim/action/detail/rotate_absolute__rosidl_typesupport_introspection_cpp.hpp
[18.091s] -- Installing: /home/rinav/ros2_ws/install/turtlesim/include/turtlesim/turtlesim/action/detail/rotate_absolute__type_support.cpp
[18.091s] -- Installing: /home/rinav/ros2_ws/install/turtlesim/lib/libturtlesim__rosidl_typesupport_introspection_cpp.so
[18.091s] -- Set runtime path of "/home/rinav/ros2_ws/install/turtlesim/lib/libturtlesim__rosidl_typesupport_introspection_cpp.so" to ""
[18.092s] -- Installing: /home/rinav/ros2_ws/install/turtlesim/lib/libturtlesim__rosidl_typesupport_cpp.so
[18.092s] -- Set runtime path of "/home/rinav/ros2_ws/install/turtlesim/lib/libturtlesim__rosidl_typesupport_cpp.so" to ""
[18.092s] -- Installing: /home/rinav/ros2_ws/install/turtlesim/share/turtlesim/environment/pythonpath.sh
[18.092s] -- Installing: /home/rinav/ros2_ws/install/turtlesim/share/turtlesim/environment/pythonpath.dsv
[18.092s] -- Installing: /home/rinav/ros2_ws/install/turtlesim/local/lib/python3.10/dist-packages/turtlesim-1.4.2-py3.10.egg-info
[18.092s] -- Installing: /home/rinav/ros2_ws/install/turtlesim/local/lib/python3.10/dist-packages/turtlesim-1.4.2-py3.10.egg-info/dependency_links.txt
[18.092s] -- Installing: /home/rinav/ros2_ws/install/turtlesim/local/lib/python3.10/dist-packages/turtlesim-1.4.2-py3.10.egg-info/PKG-INFO
[18.092s] -- Installing: /home/rinav/ros2_ws/install/turtlesim/local/lib/python3.10/dist-packages/turtlesim-1.4.2-py3.10.egg-info/top_level.txt
[18.092s] -- Installing: /home/rinav/ros2_ws/install/turtlesim/local/lib/python3.10/dist-packages/turtlesim-1.4.2-py3.10.egg-info/SOURCES.txt
[18.092s] -- Installing: /home/rinav/ros2_ws/install/turtlesim/local/lib/python3.10/dist-packages/turtlesim
[18.092s] -- Installing: /home/rinav/ros2_ws/install/turtlesim/local/lib/python3.10/dist-packages/turtlesim/_turtlesim_s.ep.rosidl_typesupport_introspection_c.c
[18.092s] -- Installing: /home/rinav/ros2_ws/install/turtlesim/local/lib/python3.10/dist-packages/turtlesim/libturtlesim__rosidl_generator_py.so
[18.092s] -- Installing: /home/rinav/ros2_ws/install/turtlesim/local/lib/python3.10/dist-packages/turtlesim/turtlesim_s__rosidl_typesupport_c.cpython-310-aarch64-linux-gnu.so
[18.092s] -- Installing: /home/rinav/ros2_ws/install/turtlesim/local/lib/python3.10/dist-packages/turtlesim/_turtlesim_s.ep.rosidl_typesupport_fastrtps_c.c
[18.092s] -- Installing: /home/rinav/ros2_ws/install/turtlesim/local/lib/python3.10/dist-packages/turtlesim/srv
[18.092s] -- Installing: /home/rinav/ros2_ws/install/turtlesim/local/lib/python3.10/dist-packages/turtlesim/srv/_teleport_relative.py
[18.092s] -- Installing: /home/rinav/ros2_ws/install/turtlesim/local/lib/python3.10/dist-packages/turtlesim/srv/_spawn.py
[18.092s] -- Installing: /home/rinav/ros2_ws/install/turtlesim/local/lib/python3.10/dist-packages/turtlesim/srv/_teleport_absolute_s.c
[18.092s] -- Installing: /home/rinav/ros2_ws/install/turtlesim/local/lib/python3.10/dist-packages/turtlesim/srv/_teleport_absolute.py
[18.092s] -- Installing: /home/rinav/ros2_ws/install/turtlesim/local/lib/python3.10/dist-packages/turtlesim/srv/_teleport_relative_s.c
[18.092s] -- Installing: /home/rinav/ros2_ws/install/turtlesim/local/lib/python3.10/dist-packages/turtlesim/srv/_kill_s.c
[18.092s] -- Installing: /home/rinav/ros2_ws/install/turtlesim/local/lib/python3.10/dist-packages/turtlesim/srv/_set_pen_s.c
[18.092s] -- Installing: /home/rinav/ros2_ws/install/turtlesim/local/lib/python3.10/dist-packages/turtlesim/srv/__init__.py
[18.092s] -- Installing: /home/rinav/ros2_ws/install/turtlesim/local/lib/python3.10/dist-packages/turtlesim/srv/_set_pen.py
[18.093s] -- Installing: /home/rinav/ros2_ws/install/turtlesim/local/lib/python3.10/dist-packages/turtlesim/srv/_spawn_s.c
[18.093s] -- Installing: /home/rinav/ros2_ws/install/turtlesim/local/lib/python3.10/dist-packages/turtlesim/srv/_kill.py
[18.093s] -- Installing: /home/rinav/ros2_ws/install/turtlesim/local/lib/python3.10/dist-packages/turtlesim/msg
[18.093s] -- Installing: /home/rinav/ros2_ws/install/turtlesim/local/lib/python3.10/dist-packages/turtlesim/msg/_color.py
[18.093s] -- Installing: /home/rinav/ros2_ws/install/turtlesim/local/lib/python3.10/dist-packages/turtlesim/msg/_pose.py
[18.093s] -- Installing: /home/rinav/ros2_ws/install/turtlesim/local/lib/python3.10/dist-packages/turtlesim/msg/_pose_s.c
[18.093s] -- Installing: /home/rinav/ros2_ws/install/turtlesim/local/lib/python3.10/dist-packages/turtlesim/msg/__init__.py
[18.093s] -- Installing: /home/rinav/ros2_ws/install/turtlesim/local/lib/python3.10/dist-packages/turtlesim/msg/_color_s.c
[18.093s] -- Installing: /home/rinav/ros2_ws/install/turtlesim/local/lib/python3.10/dist-packages/turtlesim/turtlesim_s__rosidl_typesupport_fastrtps_c.cpython-310-aarch64-linux-gnu.so
[18.093s] -- Installing: /home/rinav/ros2_ws/install/turtlesim/local/lib/python3.10/dist-packages/turtlesim/_turtlesim_s.ep.rosidl_typesupport_c.c
[18.093s] -- Installing: /home/rinav/ros2_ws/install/turtlesim/local/lib/python3.10/dist-packages/turtlesim/turtlesim_s__rosidl_typesupport_introspection_c.cpython-310-aarch64-linux-gnu.so
[18.093s] -- Installing: /home/rinav/ros2_ws/install/turtlesim/local/lib/python3.10/dist-packages/turtlesim/__init__.py
[18.093s] -- Installing: /home/rinav/ros2_ws/install/turtlesim/local/lib/python3.10/dist-packages/turtlesim/action
[18.093s] -- Installing: /home/rinav/ros2_ws/install/turtlesim/local/lib/python3.10/dist-packages/turtlesim/action/_rotate_absolute.py
[18.093s] -- Installing: /home/rinav/ros2_ws/install/turtlesim/local/lib/python3.10/dist-packages/turtlesim/action/_rotate_absolute_s.c
[18.093s] -- Installing: /home/rinav/ros2_ws/install/turtlesim/local/lib/python3.10/dist-packages/turtlesim/action/__init__.py
[18.120s] Listing '/home/rinav/ros2_ws/install/turtlesim/local/lib/python3.10/dist-packages/turtlesim'...
[18.120s] Compiling '/home/rinav/ros2_ws/install/turtlesim/local/lib/python3.10/dist-packages/turtlesim/__init__.py'...
[18.120s] Listing '/home/rinav/ros2_ws/install/turtlesim/local/lib/python3.10/dist-packages/turtlesim/action'...
[18.120s] Compiling '/home/rinav/ros2_ws/install/turtlesim/local/lib/python3.10/dist-packages/turtlesim/action/__init__.py'...
[18.120s] Compiling '/home/rinav/ros2_ws/install/turtlesim/local/lib/python3.10/dist-packages/turtlesim/action/_rotate_absolute.py'...
[18.121s] Listing '/home/rinav/ros2_ws/install/turtlesim/local/lib/python3.10/dist-packages/turtlesim/msg'...
[18.121s] Compiling '/home/rinav/ros2_ws/install/turtlesim/local/lib/python3.10/dist-packages/turtlesim/msg/__init__.py'...
[18.121s] Compiling '/home/rinav/ros2_ws/install/turtlesim/local/lib/python3.10/dist-packages/turtlesim/msg/_color.py'...
[18.121s] Compiling '/home/rinav/ros2_ws/install/turtlesim/local/lib/python3.10/dist-packages/turtlesim/msg/_pose.py'...
[18.121s] Listing '/home/rinav/ros2_ws/install/turtlesim/local/lib/python3.10/dist-packages/turtlesim/srv'...
[18.121s] Compiling '/home/rinav/ros2_ws/install/turtlesim/local/lib/python3.10/dist-packages/turtlesim/srv/__init__.py'...
[18.121s] Compiling '/home/rinav/ros2_ws/install/turtlesim/local/lib/python3.10/dist-packages/turtlesim/srv/_kill.py'...
[18.121s] Compiling '/home/rinav/ros2_ws/install/turtlesim/local/lib/python3.10/dist-packages/turtlesim/srv/_set_pen.py'...
[18.121s] Compiling '/home/rinav/ros2_ws/install/turtlesim/local/lib/python3.10/dist-packages/turtlesim/srv/_spawn.py'...
[18.121s] Compiling '/home/rinav/ros2_ws/install/turtlesim/local/lib/python3.10/dist-packages/turtlesim/srv/_teleport_absolute.py'...
[18.121s] Compiling '/home/rinav/ros2_ws/install/turtlesim/local/lib/python3.10/dist-packages/turtlesim/srv/_teleport_relative.py'...
[18.123s] -- Installing: /home/rinav/ros2_ws/install/turtlesim/local/lib/python3.10/dist-packages/turtlesim/turtlesim_s__rosidl_typesupport_fastrtps_c.cpython-310-aarch64-linux-gnu.so
[18.123s] -- Set runtime path of "/home/rinav/ros2_ws/install/turtlesim/local/lib/python3.10/dist-packages/turtlesim/turtlesim_s__rosidl_typesupport_fastrtps_c.cpython-310-aarch64-linux-gnu.so" to ""
[18.124s] -- Installing: /home/rinav/ros2_ws/install/turtlesim/local/lib/python3.10/dist-packages/turtlesim/turtlesim_s__rosidl_typesupport_introspection_c.cpython-310-aarch64-linux-gnu.so
[18.124s] -- Set runtime path of "/home/rinav/ros2_ws/install/turtlesim/local/lib/python3.10/dist-packages/turtlesim/turtlesim_s__rosidl_typesupport_introspection_c.cpython-310-aarch64-linux-gnu.so" to ""
[18.124s] -- Installing: /home/rinav/ros2_ws/install/turtlesim/local/lib/python3.10/dist-packages/turtlesim/turtlesim_s__rosidl_typesupport_c.cpython-310-aarch64-linux-gnu.so
[18.124s] -- Set runtime path of "/home/rinav/ros2_ws/install/turtlesim/local/lib/python3.10/dist-packages/turtlesim/turtlesim_s__rosidl_typesupport_c.cpython-310-aarch64-linux-gnu.so" to ""
[18.124s] -- Installing: /home/rinav/ros2_ws/install/turtlesim/lib/libturtlesim__rosidl_generator_py.so
[18.124s] -- Set runtime path of "/home/rinav/ros2_ws/install/turtlesim/lib/libturtlesim__rosidl_generator_py.so" to ""
[18.125s] -- Installing: /home/rinav/ros2_ws/install/turtlesim/share/turtlesim/action/RotateAbsolute.idl
[18.125s] -- Installing: /home/rinav/ros2_ws/install/turtlesim/share/turtlesim/msg/Color.idl
[18.125s] -- Installing: /home/rinav/ros2_ws/install/turtlesim/share/turtlesim/msg/Pose.idl
[18.125s] -- Installing: /home/rinav/ros2_ws/install/turtlesim/share/turtlesim/srv/Kill.idl
[18.125s] -- Installing: /home/rinav/ros2_ws/install/turtlesim/share/turtlesim/srv/SetPen.idl
[18.125s] -- Installing: /home/rinav/ros2_ws/install/turtlesim/share/turtlesim/srv/Spawn.idl
[18.125s] -- Installing: /home/rinav/ros2_ws/install/turtlesim/share/turtlesim/srv/TeleportAbsolute.idl
[18.125s] -- Installing: /home/rinav/ros2_ws/install/turtlesim/share/turtlesim/srv/TeleportRelative.idl
[18.125s] -- Installing: /home/rinav/ros2_ws/install/turtlesim/share/turtlesim/action/RotateAbsolute.action
[18.125s] -- Installing: /home/rinav/ros2_ws/install/turtlesim/share/turtlesim/msg/Color.msg
[18.125s] -- Installing: /home/rinav/ros2_ws/install/turtlesim/share/turtlesim/msg/Pose.msg
[18.125s] -- Installing: /home/rinav/ros2_ws/install/turtlesim/share/turtlesim/srv/Kill.srv
[18.126s] -- Installing: /home/rinav/ros2_ws/install/turtlesim/share/turtlesim/srv/Kill_Request.msg
[18.126s] -- Installing: /home/rinav/ros2_ws/install/turtlesim/share/turtlesim/srv/Kill_Response.msg
[18.126s] -- Installing: /home/rinav/ros2_ws/install/turtlesim/share/turtlesim/srv/SetPen.srv
[18.126s] -- Installing: /home/rinav/ros2_ws/install/turtlesim/share/turtlesim/srv/SetPen_Request.msg
[18.126s] -- Installing: /home/rinav/ros2_ws/install/turtlesim/share/turtlesim/srv/SetPen_Response.msg
[18.126s] -- Installing: /home/rinav/ros2_ws/install/turtlesim/share/turtlesim/srv/Spawn.srv
[18.126s] -- Installing: /home/rinav/ros2_ws/install/turtlesim/share/turtlesim/srv/Spawn_Request.msg
[18.126s] -- Installing: /home/rinav/ros2_ws/install/turtlesim/share/turtlesim/srv/Spawn_Response.msg
[18.126s] -- Installing: /home/rinav/ros2_ws/install/turtlesim/share/turtlesim/srv/TeleportAbsolute.srv
[18.126s] -- Installing: /home/rinav/ros2_ws/install/turtlesim/share/turtlesim/srv/TeleportAbsolute_Request.msg
[18.126s] -- Installing: /home/rinav/ros2_ws/install/turtlesim/share/turtlesim/srv/TeleportAbsolute_Response.msg
[18.126s] -- Installing: /home/rinav/ros2_ws/install/turtlesim/share/turtlesim/srv/TeleportRelative.srv
[18.127s] -- Installing: /home/rinav/ros2_ws/install/turtlesim/share/turtlesim/srv/TeleportRelative_Request.msg
[18.127s] -- Installing: /home/rinav/ros2_ws/install/turtlesim/share/turtlesim/srv/TeleportRelative_Response.msg
[18.127s] -- Installing: /home/rinav/ros2_ws/install/turtlesim/lib/turtlesim/turtlesim_node
[18.132s] -- Set runtime path of "/home/rinav/ros2_ws/install/turtlesim/lib/turtlesim/turtlesim_node" to ""
[18.132s] -- Installing: /home/rinav/ros2_ws/install/turtlesim/lib/turtlesim/turtle_teleop_key
[18.133s] -- Set runtime path of "/home/rinav/ros2_ws/install/turtlesim/lib/turtlesim/turtle_teleop_key" to ""
[18.133s] -- Installing: /home/rinav/ros2_ws/install/turtlesim/lib/turtlesim/draw_square
[18.135s] -- Set runtime path of "/home/rinav/ros2_ws/install/turtlesim/lib/turtlesim/draw_square" to ""
[18.136s] -- Installing: /home/rinav/ros2_ws/install/turtlesim/lib/turtlesim/mimic
[18.138s] -- Set runtime path of "/home/rinav/ros2_ws/install/turtlesim/lib/turtlesim/mimic" to ""
[18.138s] -- Installing: /home/rinav/ros2_ws/install/turtlesim/share/turtlesim/images
[18.138s] -- Installing: /home/rinav/ros2_ws/install/turtlesim/share/turtlesim/images/dashing.png
[18.138s] -- Installing: /home/rinav/ros2_ws/install/turtlesim/share/turtlesim/images/bouncy.png
[18.138s] -- Installing: /home/rinav/ros2_ws/install/turtlesim/share/turtlesim/images/crystal.png
[18.138s] -- Installing: /home/rinav/ros2_ws/install/turtlesim/share/turtlesim/images/ardent.png
[18.138s] -- Installing: /home/rinav/ros2_ws/install/turtlesim/share/turtlesim/images/galactic.png
[18.138s] -- Installing: /home/rinav/ros2_ws/install/turtlesim/share/turtlesim/images/eloquent.png
[18.138s] -- Installing: /home/rinav/ros2_ws/install/turtlesim/share/turtlesim/images/humble.png
[18.138s] -- Installing: /home/rinav/ros2_ws/install/turtlesim/share/turtlesim/images/foxy.png
[18.138s] -- Installing: /home/rinav/ros2_ws/install/turtlesim/share/turtlesim/images/rolling.png
[18.138s] -- Installing: /home/rinav/ros2_ws/install/turtlesim/share/turtlesim/launch
[18.138s] -- Installing: /home/rinav/ros2_ws/install/turtlesim/share/turtlesim/launch/multisim.launch.py
[18.139s] -- Installing: /home/rinav/ros2_ws/install/turtlesim/share/ament_index/resource_index/package_run_dependencies/turtlesim
[18.139s] -- Installing: /home/rinav/ros2_ws/install/turtlesim/share/ament_index/resource_index/parent_prefix_path/turtlesim
[18.139s] -- Installing: /home/rinav/ros2_ws/install/turtlesim/share/turtlesim/environment/ament_prefix_path.sh
[18.139s] -- Installing: /home/rinav/ros2_ws/install/turtlesim/share/turtlesim/environment/ament_prefix_path.dsv
[18.139s] -- Installing: /home/rinav/ros2_ws/install/turtlesim/share/turtlesim/environment/path.sh
[18.139s] -- Installing: /home/rinav/ros2_ws/install/turtlesim/share/turtlesim/environment/path.dsv
[18.139s] -- Installing: /home/rinav/ros2_ws/install/turtlesim/share/turtlesim/local_setup.bash
[18.139s] -- Installing: /home/rinav/ros2_ws/install/turtlesim/share/turtlesim/local_setup.sh
[18.139s] -- Installing: /home/rinav/ros2_ws/install/turtlesim/share/turtlesim/local_setup.zsh
[18.139s] -- Installing: /home/rinav/ros2_ws/install/turtlesim/share/turtlesim/local_setup.dsv
[18.139s] -- Installing: /home/rinav/ros2_ws/install/turtlesim/share/turtlesim/package.dsv
[18.140s] -- Installing: /home/rinav/ros2_ws/install/turtlesim/share/ament_index/resource_index/packages/turtlesim
[18.140s] -- Installing: /home/rinav/ros2_ws/install/turtlesim/share/turtlesim/cmake/export_turtlesim__rosidl_generator_cExport.cmake
[18.140s] -- Installing: /home/rinav/ros2_ws/install/turtlesim/share/turtlesim/cmake/export_turtlesim__rosidl_generator_cExport-noconfig.cmake
[18.140s] -- Installing: /home/rinav/ros2_ws/install/turtlesim/share/turtlesim/cmake/export_turtlesim__rosidl_typesupport_fastrtps_cExport.cmake
[18.140s] -- Installing: /home/rinav/ros2_ws/install/turtlesim/share/turtlesim/cmake/export_turtlesim__rosidl_typesupport_fastrtps_cExport-noconfig.cmake
[18.140s] -- Installing: /home/rinav/ros2_ws/install/turtlesim/share/turtlesim/cmake/export_turtlesim__rosidl_generator_cppExport.cmake
[18.140s] -- Installing: /home/rinav/ros2_ws/install/turtlesim/share/turtlesim/cmake/export_turtlesim__rosidl_typesupport_fastrtps_cppExport.cmake
[18.140s] -- Installing: /home/rinav/ros2_ws/install/turtlesim/share/turtlesim/cmake/export_turtlesim__rosidl_typesupport_fastrtps_cppExport-noconfig.cmake
[18.140s] -- Installing: /home/rinav/ros2_ws/install/turtlesim/share/turtlesim/cmake/turtlesim__rosidl_typesupport_introspection_cExport.cmake
[18.140s] -- Installing: /home/rinav/ros2_ws/install/turtlesim/share/turtlesim/cmake/turtlesim__rosidl_typesupport_introspection_cExport-noconfig.cmake
[18.140s] -- Installing: /home/rinav/ros2_ws/install/turtlesim/share/turtlesim/cmake/turtlesim__rosidl_typesupport_cExport.cmake
[18.140s] -- Installing: /home/rinav/ros2_ws/install/turtlesim/share/turtlesim/cmake/turtlesim__rosidl_typesupport_cExport-noconfig.cmake
[18.141s] -- Installing: /home/rinav/ros2_ws/install/turtlesim/share/turtlesim/cmake/turtlesim__rosidl_typesupport_introspection_cppExport.cmake
[18.141s] -- Installing: /home/rinav/ros2_ws/install/turtlesim/share/turtlesim/cmake/turtlesim__rosidl_typesupport_introspection_cppExport-noconfig.cmake
[18.141s] -- Installing: /home/rinav/ros2_ws/install/turtlesim/share/turtlesim/cmake/turtlesim__rosidl_typesupport_cppExport.cmake
[18.141s] -- Installing: /home/rinav/ros2_ws/install/turtlesim/share/turtlesim/cmake/turtlesim__rosidl_typesupport_cppExport-noconfig.cmake
[18.141s] -- Installing: /home/rinav/ros2_ws/install/turtlesim/share/turtlesim/cmake/export_turtlesim__rosidl_generator_pyExport.cmake
[18.141s] -- Installing: /home/rinav/ros2_ws/install/turtlesim/share/turtlesim/cmake/export_turtlesim__rosidl_generator_pyExport-noconfig.cmake
[18.141s] -- Installing: /home/rinav/ros2_ws/install/turtlesim/share/turtlesim/cmake/rosidl_cmake-extras.cmake
[18.141s] -- Installing: /home/rinav/ros2_ws/install/turtlesim/share/turtlesim/cmake/ament_cmake_export_dependencies-extras.cmake
[18.141s] -- Installing: /home/rinav/ros2_ws/install/turtlesim/share/turtlesim/cmake/ament_cmake_export_include_directories-extras.cmake
[18.141s] -- Installing: /home/rinav/ros2_ws/install/turtlesim/share/turtlesim/cmake/ament_cmake_export_libraries-extras.cmake
[18.141s] -- Installing: /home/rinav/ros2_ws/install/turtlesim/share/turtlesim/cmake/ament_cmake_export_targets-extras.cmake
[18.141s] -- Installing: /home/rinav/ros2_ws/install/turtlesim/share/turtlesim/cmake/rosidl_cmake_export_typesupport_targets-extras.cmake
[18.141s] -- Installing: /home/rinav/ros2_ws/install/turtlesim/share/turtlesim/cmake/rosidl_cmake_export_typesupport_libraries-extras.cmake
[18.142s] -- Installing: /home/rinav/ros2_ws/install/turtlesim/share/turtlesim/cmake/turtlesimConfig.cmake
[18.142s] -- Installing: /home/rinav/ros2_ws/install/turtlesim/share/turtlesim/cmake/turtlesimConfig-version.cmake
[18.142s] -- Installing: /home/rinav/ros2_ws/install/turtlesim/share/turtlesim/package.xml
[18.144s] Invoked command in '/home/rinav/ros2_ws/build/turtlesim' returned '0': CMAKE_PREFIX_PATH=${CMAKE_PREFIX_PATH}:/opt/ros/humble /usr/bin/cmake --install /home/rinav/ros2_ws/build/turtlesim
