[0.008s] Invoking command in '/home/rinav/ros2_ws/src/husky/build/husky_description': CMAKE_PREFIX_PATH=${CMAKE_PREFIX_PATH}:/opt/ros/humble /usr/bin/cmake /home/rinav/ros2_ws/src/husky/husky_description -DCMAKE_INSTALL_PREFIX=/home/rinav/ros2_ws/src/husky/install/husky_description
[0.041s] -- The C compiler identification is GNU 11.4.0
[0.081s] -- The CXX compiler identification is GNU 11.4.0
[0.085s] -- Detecting C compiler ABI info
[0.121s] -- Detecting C compiler ABI info - done
[0.126s] -- Check for working C compiler: /usr/bin/cc - skipped
[0.127s] -- Detecting C compile features
[0.127s] -- Detecting C compile features - done
[0.129s] -- Detecting CXX compiler ABI info
[0.178s] -- Detecting CXX compiler ABI info - done
[0.184s] -- Check for working CXX compiler: /usr/bin/c++ - skipped
[0.184s] -- Detecting CXX compile features
[0.184s] -- Detecting CXX compile features - done
[0.186s] -- Found ament_cmake: 1.3.12 (/opt/ros/humble/share/ament_cmake/cmake)
[0.276s] -- Found Python3: /usr/bin/python3 (found version "3.10.12") found components: Interpreter 
[0.336s] -- Found urdf: 2.6.1 (/opt/ros/humble/share/urdf/cmake)
[0.415s] -- Configuring done
[0.416s] -- Generating done
[0.417s] -- Build files have been written to: /home/rinav/ros2_ws/src/husky/build/husky_description
[0.421s] Invoked command in '/home/rinav/ros2_ws/src/husky/build/husky_description' returned '0': CMAKE_PREFIX_PATH=${CMAKE_PREFIX_PATH}:/opt/ros/humble /usr/bin/cmake /home/rinav/ros2_ws/src/husky/husky_description -DCMAKE_INSTALL_PREFIX=/home/rinav/ros2_ws/src/husky/install/husky_description
[0.423s] Invoking command in '/home/rinav/ros2_ws/src/husky/build/husky_description': CMAKE_PREFIX_PATH=${CMAKE_PREFIX_PATH}:/opt/ros/humble /usr/bin/cmake --build /home/rinav/ros2_ws/src/husky/build/husky_description -- -j8 -l8
[0.442s] Invoked command in '/home/rinav/ros2_ws/src/husky/build/husky_description' returned '0': CMAKE_PREFIX_PATH=${CMAKE_PREFIX_PATH}:/opt/ros/humble /usr/bin/cmake --build /home/rinav/ros2_ws/src/husky/build/husky_description -- -j8 -l8
[0.447s] Invoking command in '/home/rinav/ros2_ws/src/husky/build/husky_description': CMAKE_PREFIX_PATH=${CMAKE_PREFIX_PATH}:/opt/ros/humble /usr/bin/cmake --install /home/rinav/ros2_ws/src/husky/build/husky_description
[0.451s] -- Install configuration: ""
[0.451s] -- Installing: /home/rinav/ros2_ws/src/husky/install/husky_description/share/husky_description/launch
[0.451s] -- Installing: /home/rinav/ros2_ws/src/husky/install/husky_description/share/husky_description/launch/description.launch
[0.451s] -- Installing: /home/rinav/ros2_ws/src/husky/install/husky_description/share/husky_description/launch/description_launch.py
[0.451s] -- Installing: /home/rinav/ros2_ws/src/husky/install/husky_description/share/husky_description/meshes
[0.451s] -- Installing: /home/rinav/ros2_ws/src/husky/install/husky_description/share/husky_description/meshes/top_chassis.dae
[0.453s] -- Installing: /home/rinav/ros2_ws/src/husky/install/husky_description/share/husky_description/meshes/top_chassis.stl
[0.455s] -- Installing: /home/rinav/ros2_ws/src/husky/install/husky_description/share/husky_description/meshes/top_plate.stl
[0.455s] -- Installing: /home/rinav/ros2_ws/src/husky/install/husky_description/share/husky_description/meshes/bumper.dae
[0.455s] -- Installing: /home/rinav/ros2_ws/src/husky/install/husky_description/share/husky_description/meshes/base_link.stl
[0.456s] -- Installing: /home/rinav/ros2_ws/src/husky/install/husky_description/share/husky_description/meshes/base_link.dae
[0.457s] -- Installing: /home/rinav/ros2_ws/src/husky/install/husky_description/share/husky_description/meshes/large_top_plate_collision.stl
[0.457s] -- Installing: /home/rinav/ros2_ws/src/husky/install/husky_description/share/husky_description/meshes/accessories
[0.457s] -- Installing: /home/rinav/ros2_ws/src/husky/install/husky_description/share/husky_description/meshes/accessories/lms1xx_mount.stl
[0.457s] -- Installing: /home/rinav/ros2_ws/src/husky/install/husky_description/share/husky_description/meshes/accessories/lidar_mount.stl
[0.457s] -- Installing: /home/rinav/ros2_ws/src/husky/install/husky_description/share/husky_description/meshes/accessories/300_mm_sensor_arch.dae
[0.457s] -- Installing: /home/rinav/ros2_ws/src/husky/install/husky_description/share/husky_description/meshes/accessories/510_mm_sensor_arch.stl
[0.457s] -- Installing: /home/rinav/ros2_ws/src/husky/install/husky_description/share/husky_description/meshes/accessories/300_mm_sensor_arch.stl
[0.457s] -- Installing: /home/rinav/ros2_ws/src/husky/install/husky_description/share/husky_description/meshes/accessories/510_mm_sensor_arch.dae
[0.457s] -- Installing: /home/rinav/ros2_ws/src/husky/install/husky_description/share/husky_description/meshes/accessories/lms1xx_mount.dae
[0.458s] -- Installing: /home/rinav/ros2_ws/src/husky/install/husky_description/share/husky_description/meshes/bumper_extension.dae
[0.458s] -- Installing: /home/rinav/ros2_ws/src/husky/install/husky_description/share/husky_description/meshes/wheel.stl
[0.460s] -- Installing: /home/rinav/ros2_ws/src/husky/install/husky_description/share/husky_description/meshes/user_rail.stl
[0.461s] -- Installing: /home/rinav/ros2_ws/src/husky/install/husky_description/share/husky_description/meshes/top_plate.dae
[0.461s] -- Installing: /home/rinav/ros2_ws/src/husky/install/husky_description/share/husky_description/meshes/user_rail.dae
[0.462s] -- Installing: /home/rinav/ros2_ws/src/husky/install/husky_description/share/husky_description/meshes/large_top_plate.dae
[0.462s] -- Installing: /home/rinav/ros2_ws/src/husky/install/husky_description/share/husky_description/meshes/wheel.dae
[0.466s] -- Installing: /home/rinav/ros2_ws/src/husky/install/husky_description/share/husky_description/urdf
[0.467s] -- Installing: /home/rinav/ros2_ws/src/husky/install/husky_description/share/husky_description/urdf/empty.urdf
[0.467s] -- Installing: /home/rinav/ros2_ws/src/husky/install/husky_description/share/husky_description/urdf/accessories
[0.467s] -- Installing: /home/rinav/ros2_ws/src/husky/install/husky_description/share/husky_description/urdf/accessories/intel_realsense.urdf.xacro
[0.467s] -- Installing: /home/rinav/ros2_ws/src/husky/install/husky_description/share/husky_description/urdf/accessories/sensor_arch.urdf.xacro
[0.467s] -- Installing: /home/rinav/ros2_ws/src/husky/install/husky_description/share/husky_description/urdf/accessories/sick_lms1xx_mount.urdf.xacro
[0.467s] -- Installing: /home/rinav/ros2_ws/src/husky/install/husky_description/share/husky_description/urdf/decorations.urdf.xacro
[0.467s] -- Installing: /home/rinav/ros2_ws/src/husky/install/husky_description/share/husky_description/urdf/wheel.urdf.xacro
[0.467s] -- Installing: /home/rinav/ros2_ws/src/husky/install/husky_description/share/husky_description/urdf/husky.urdf.xacro
[0.467s] -- Installing: /home/rinav/ros2_ws/src/husky/install/husky_description/share/husky_description/urdf/husky_macro.urdf.xacro
[0.467s] -- Installing: /home/rinav/ros2_ws/src/husky/install/husky_description/share/ament_index/resource_index/package_run_dependencies/husky_description
[0.467s] -- Installing: /home/rinav/ros2_ws/src/husky/install/husky_description/share/ament_index/resource_index/parent_prefix_path/husky_description
[0.467s] -- Installing: /home/rinav/ros2_ws/src/husky/install/husky_description/share/husky_description/environment/ament_prefix_path.sh
[0.467s] -- Installing: /home/rinav/ros2_ws/src/husky/install/husky_description/share/husky_description/environment/ament_prefix_path.dsv
[0.467s] -- Installing: /home/rinav/ros2_ws/src/husky/install/husky_description/share/husky_description/environment/path.sh
[0.468s] -- Installing: /home/rinav/ros2_ws/src/husky/install/husky_description/share/husky_description/environment/path.dsv
[0.468s] -- Installing: /home/rinav/ros2_ws/src/husky/install/husky_description/share/husky_description/local_setup.bash
[0.468s] -- Installing: /home/rinav/ros2_ws/src/husky/install/husky_description/share/husky_description/local_setup.sh
[0.468s] -- Installing: /home/rinav/ros2_ws/src/husky/install/husky_description/share/husky_description/local_setup.zsh
[0.468s] -- Installing: /home/rinav/ros2_ws/src/husky/install/husky_description/share/husky_description/local_setup.dsv
[0.468s] -- Installing: /home/rinav/ros2_ws/src/husky/install/husky_description/share/husky_description/package.dsv
[0.468s] -- Installing: /home/rinav/ros2_ws/src/husky/install/husky_description/share/ament_index/resource_index/packages/husky_description
[0.468s] -- Installing: /home/rinav/ros2_ws/src/husky/install/husky_description/share/husky_description/cmake/ament_cmake_export_dependencies-extras.cmake
[0.468s] -- Installing: /home/rinav/ros2_ws/src/husky/install/husky_description/share/husky_description/cmake/husky_descriptionConfig.cmake
[0.468s] -- Installing: /home/rinav/ros2_ws/src/husky/install/husky_description/share/husky_description/cmake/husky_descriptionConfig-version.cmake
[0.468s] -- Installing: /home/rinav/ros2_ws/src/husky/install/husky_description/share/husky_description/package.xml
[0.470s] Invoked command in '/home/rinav/ros2_ws/src/husky/build/husky_description' returned '0': CMAKE_PREFIX_PATH=${CMAKE_PREFIX_PATH}:/opt/ros/humble /usr/bin/cmake --install /home/rinav/ros2_ws/src/husky/build/husky_description
