[0.013s] Invoking command in '/home/rinav/ros2_ws/build/moveit_ros_planning': AMENT_PREFIX_PATH=/home/rinav/ros2_ws/install/moveit_ros_occupancy_map_monitor:/home/rinav/ros2_ws/install/moveit_core:/home/rinav/ros2_ws/install/moveit_resources_panda_moveit_config:/home/rinav/ros2_ws/install/moveit_configs_utils:/home/rinav/ros2_ws/install/srdfdom:/home/rinav/ros2_ws/install/moveit_resources_pr2_description:/home/rinav/ros2_ws/install/moveit_resources_panda_description:/home/rinav/ros2_ws/install/moveit_common:/home/rinav/ros2_ws/install/launch_param_builder:${AMENT_PREFIX_PATH} CMAKE_PREFIX_PATH=/home/rinav/ros2_ws/install/moveit_ros_occupancy_map_monitor:/home/rinav/ros2_ws/install/moveit_core:/home/rinav/ros2_ws/install/moveit_resources_panda_moveit_config:/home/rinav/ros2_ws/install/srdfdom:/home/rinav/ros2_ws/install/moveit_resources_pr2_description:/home/rinav/ros2_ws/install/moveit_resources_panda_description:/home/rinav/ros2_ws/install/moveit_common:/home/rinav/ros2_ws/install/rviz_visual_testing_framework:/home/rinav/ros2_ws/install/rviz_rendering_tests:/home/rinav/ros2_ws/install/rviz2:/home/rinav/ros2_ws/install/rviz_default_plugins:/home/rinav/ros2_ws/install/rviz_common:/home/rinav/ros2_ws/install/rviz_rendering:/home/rinav/ros2_ws/install/rviz_ogre_vendor:/home/rinav/ros2_ws/install/rviz_assimp_vendor:/home/rinav/ros2_ws/src/rviz/install:/home/rinav/ros2_ws/install/husky_ur3_moveit_config:/home/rinav/ros2_ws/install/ur:/home/rinav/ros2_ws/install/ur_calibration:/home/rinav/ros2_ws/install/ur_robot_driver:/home/rinav/ros2_ws/install/ur_moveit_config:/home/rinav/ros2_ws/install/ur_bringup:/home/rinav/ros2_ws/install/ur_description:/home/rinav/ros2_ws/install/ur_controllers:/home/rinav/ros2_ws/install/ur_dashboard_msgs:/home/rinav/ros2_ws/install/turtlesim:/home/rinav/ros2_ws/install/robotis_manipulator:/home/rinav/ros2_ws/install/husky_desktop:/home/rinav/ros2_ws/install/husky_viz:/home/rinav/ros2_ws/install/husky_ur3_ignition:/home/rinav/ros2_ws/install/husky_simulator:/home/rinav/ros2_ws/install/husky_robot:/home/rinav/ros2_ws/install/husky_bringup:/home/rinav/ros2_ws/install/husky_base:/home/rinav/ros2_ws/install/husky_msgs:/home/rinav/ros2_ws/install/husky_gazebo:/home/rinav/ros2_ws/install/husky_control:/home/rinav/ros2_ws/install/husky_description:/home/rinav/ros2_ws/install/trial_package:/home/rinav/ros2_ws/install/py_srvcli:/home/rinav/ros2_ws/install/py_pubsub:/home/rinav/ros2_ws/install/mobile_robotics:/opt/ros/humble LD_LIBRARY_PATH=/home/rinav/ros2_ws/install/moveit_ros_occupancy_map_monitor/lib:/home/rinav/ros2_ws/install/moveit_core/lib:/home/rinav/ros2_ws/install/srdfdom/lib:${LD_LIBRARY_PATH} PATH=/home/rinav/ros2_ws/install/moveit_core/bin:${PATH} PYTHONPATH=/home/rinav/ros2_ws/install/moveit_configs_utils/lib/python3.10/site-packages:/home/rinav/ros2_ws/install/srdfdom/local/lib/python3.10/dist-packages:/home/rinav/ros2_ws/install/launch_param_builder/lib/python3.10/site-packages:${PYTHONPATH} /usr/bin/cmake /home/rinav/ros2_ws/src/moveit2/moveit_ros/planning -DCMAKE_INSTALL_PREFIX=/home/rinav/ros2_ws/install/moveit_ros_planning
[0.077s] -- The C compiler identification is GNU 11.4.0
[0.131s] -- The CXX compiler identification is GNU 11.4.0
[0.137s] -- Detecting C compiler ABI info
[0.198s] -- Detecting C compiler ABI info - done
[0.206s] -- Check for working C compiler: /usr/bin/cc - skipped
[0.206s] -- Detecting C compile features
[0.207s] -- Detecting C compile features - done
[0.210s] -- Detecting CXX compiler ABI info
[0.277s] -- Detecting CXX compiler ABI info - done
[0.285s] -- Check for working CXX compiler: /usr/bin/c++ - skipped
[0.285s] -- Detecting CXX compile features
[0.285s] -- Detecting CXX compile features - done
[0.287s] -- Found moveit_common: 2.5.9 (/home/rinav/ros2_ws/install/moveit_common/share/moveit_common/cmake)
[0.292s] -- Found ament_cmake: 1.3.12 (/opt/ros/humble/share/ament_cmake/cmake)
[0.452s] -- Found Python3: /usr/bin/python3 (found version "3.10.12") found components: Interpreter 
[0.627s] [0mmoveit_ros_planning: You did not request a specific build type: Choosing 'Release' for maximum performance[0m
[0.632s] -- Found moveit_msgs: 2.2.1 (/opt/ros/humble/share/moveit_msgs/cmake)
[0.703s] -- Found rosidl_generator_c: 3.1.7 (/opt/ros/humble/share/rosidl_generator_c/cmake)
[0.714s] -- Found rosidl_adapter: 3.1.7 (/opt/ros/humble/share/rosidl_adapter/cmake)
[0.729s] -- Found rosidl_generator_cpp: 3.1.7 (/opt/ros/humble/share/rosidl_generator_cpp/cmake)
[0.749s] -- Using all available rosidl_typesupport_c: rosidl_typesupport_fastrtps_c;rosidl_typesupport_introspection_c
[0.775s] -- Using all available rosidl_typesupport_cpp: rosidl_typesupport_fastrtps_cpp;rosidl_typesupport_introspection_cpp
[0.994s] -- Found pluginlib: 5.1.0 (/opt/ros/humble/share/pluginlib/cmake)
[1.041s] -- Found rclcpp: 16.0.15 (/opt/ros/humble/share/rclcpp/cmake)
[1.102s] -- Found rmw_implementation_cmake: 6.1.2 (/opt/ros/humble/share/rmw_implementation_cmake/cmake)
[1.109s] -- Found rmw_fastrtps_cpp: 6.2.8 (/opt/ros/humble/share/rmw_fastrtps_cpp/cmake)
[1.151s] -- Found TinyXML2 via Config file: TinyXML2_DIR-NOTFOUND
[1.196s] -- Found OpenSSL: /usr/lib/aarch64-linux-gnu/libcrypto.so (found version "3.0.2")  
[1.200s] -- Found TinyXML2 via Config file: TinyXML2_DIR-NOTFOUND
[1.217s] -- Found FastRTPS: /opt/ros/humble/include  
[1.220s] -- Found TinyXML2 via Config file: TinyXML2_DIR-NOTFOUND
[1.228s] -- Found TinyXML2 via Config file: TinyXML2_DIR-NOTFOUND
[1.240s] -- Using RMW implementation 'rmw_fastrtps_cpp' as default
[1.257s] -- Looking for pthread.h
[1.337s] -- Looking for pthread.h - found
[1.337s] -- Performing Test CMAKE_HAVE_LIBC_PTHREAD
[1.428s] -- Performing Test CMAKE_HAVE_LIBC_PTHREAD - Success
[1.428s] -- Found Threads: TRUE  
[1.467s] -- Found message_filters: 4.3.8 (/opt/ros/humble/share/message_filters/cmake)
[1.470s] -- Found srdfdom: 2.0.8 (/home/rinav/ros2_ws/install/srdfdom/share/srdfdom/cmake)
[1.497s] -- Found tf2: 0.25.16 (/opt/ros/humble/share/tf2/cmake)
[1.504s] -- Found tf2_geometry_msgs: 0.25.16 (/opt/ros/humble/share/tf2_geometry_msgs/cmake)
[1.530s] -- Found eigen3_cmake_module: 0.1.1 (/opt/ros/humble/share/eigen3_cmake_module/cmake)
[1.532s] -- Found Eigen3: TRUE (found version "3.4.0") 
[1.532s] -- Ensuring Eigen3 include directory is part of orocos-kdl CMake target
[1.613s] -- Found tf2_eigen: 0.25.16 (/opt/ros/humble/share/tf2_eigen/cmake)
[1.617s] -- Found moveit_core: 2.5.9 (/home/rinav/ros2_ws/install/moveit_core/share/moveit_core/cmake)
[1.685s] -- Found Boost: /usr/lib/aarch64-linux-gnu/cmake/Boost-1.74.0/BoostConfig.cmake (found version "1.74.0") found components: chrono date_time filesystem iostreams program_options regex serialization system thread 
[1.751s] -- Found parameter_traits: 0.5.0 (/opt/ros/humble/share/parameter_traits/cmake)
[1.775s] -- Found rclcpp_lifecycle: 16.0.15 (/opt/ros/humble/share/rclcpp_lifecycle/cmake)
[1.809s] -- Found Boost: /usr/lib/aarch64-linux-gnu/cmake/Boost-1.74.0/BoostConfig.cmake (found version "1.74.0") found components: filesystem 
[1.902s] -- library: /usr/lib/aarch64-linux-gnu/libcurl.so
[1.966s] -- Found moveit_ros_occupancy_map_monitor: 2.5.9 (/home/rinav/ros2_ws/install/moveit_ros_occupancy_map_monitor/share/moveit_ros_occupancy_map_monitor/cmake)
[1.981s] -- Found Boost: /usr/lib/aarch64-linux-gnu/cmake/Boost-1.74.0/BoostConfig.cmake (found version "1.74.0") found components: system filesystem date_time program_options thread chrono 
[2.052s] -- Performing Test COMPILER_HAS_HIDDEN_VISIBILITY
[2.145s] -- Performing Test COMPILER_HAS_HIDDEN_VISIBILITY - Success
[2.145s] -- Performing Test COMPILER_HAS_HIDDEN_INLINE_VISIBILITY
[2.232s] -- Performing Test COMPILER_HAS_HIDDEN_INLINE_VISIBILITY - Success
[2.232s] -- Performing Test COMPILER_HAS_DEPRECATED_ATTR
[2.312s] -- Performing Test COMPILER_HAS_DEPRECATED_ATTR - Success
[2.378s] -- Found ament_cmake_gtest: 1.3.12 (/opt/ros/humble/share/ament_cmake_gtest/cmake)
[2.383s] -- Found ament_cmake_gmock: 1.3.12 (/opt/ros/humble/share/ament_cmake_gmock/cmake)
[2.388s] -- Found ros_testing: 0.4.0 (/opt/ros/humble/share/ros_testing/cmake)
[2.393s] -- Found launch_testing_ament_cmake: 1.0.10 (/opt/ros/humble/share/launch_testing_ament_cmake/cmake)
[2.399s] -- Found python_cmake_module: 0.10.0 (/opt/ros/humble/share/python_cmake_module/cmake)
[2.421s] -- Found PythonInterp: /usr/bin/python3 (found suitable version "3.10.12", minimum required is "3.6") 
[2.430s] -- Found PythonLibs: /usr/lib/aarch64-linux-gnu/libpython3.10.so (found suitable version "3.10.12", minimum required is "3.5") 
[2.430s] -- Using PYTHON_EXECUTABLE: /usr/bin/python3
[2.430s] -- Using PYTHON_INCLUDE_DIRS: /usr/include/python3.10
[2.430s] -- Using PYTHON_LIBRARIES: /usr/lib/aarch64-linux-gnu/libpython3.10.so
[2.449s] -- Found PythonExtra: .so  
[2.455s] -- Found gmock sources under '/opt/ros/humble/src/gmock_vendor': C++ tests using 'Google Mock' will be built
[2.463s] -- Found gtest sources under '/opt/ros/humble/src/gtest_vendor': C++ tests using 'Google Test' will be built
[2.538s] -- Found ament_lint_auto: 0.12.14 (/opt/ros/humble/share/ament_lint_auto/cmake)
[2.576s] -- Found launch_testing_ament_cmake: 1.0.10 (/opt/ros/humble/share/launch_testing_ament_cmake/cmake)
[2.576s] -- Found python_cmake_module: 0.10.0 (/opt/ros/humble/share/python_cmake_module/cmake)
[2.598s] -- Using PYTHON_EXECUTABLE: /usr/bin/python3
[2.598s] -- Using PYTHON_INCLUDE_DIRS: /usr/include/python3.10
[2.598s] -- Using PYTHON_LIBRARIES: /usr/lib/aarch64-linux-gnu/libpython3.10.so
[2.610s] -- Added test 'cppcheck' to perform static code analysis on C / C++ code
[2.610s] -- Configured cppcheck include dirs: /home/rinav/ros2_ws/src/moveit2/moveit_ros/planning/rdf_loader/include;/home/rinav/ros2_ws/src/moveit2/moveit_ros/planning/kinematics_plugin_loader/include;/home/rinav/ros2_ws/src/moveit2/moveit_ros/planning/robot_model_loader/include;/home/rinav/ros2_ws/src/moveit2/moveit_ros/planning/constraint_sampler_manager_loader/include;/home/rinav/ros2_ws/src/moveit2/moveit_ros/planning/planning_pipeline/include;/home/rinav/ros2_ws/src/moveit2/moveit_ros/planning/planning_scene_monitor/include;/home/rinav/ros2_ws/src/moveit2/moveit_ros/planning/trajectory_execution_manager/include;/home/rinav/ros2_ws/src/moveit2/moveit_ros/planning/plan_execution/include;/home/rinav/ros2_ws/src/moveit2/moveit_ros/planning/collision_plugin_loader/include;/home/rinav/ros2_ws/src/moveit2/moveit_ros/planning/moveit_cpp/include
[2.610s] -- Configured cppcheck exclude dirs and/or files: 
[2.613s] -- Added test 'lint_cmake' to check CMake code style
[2.614s] -- Added test 'pep257' to check Python code against some of the docstring style conventions in PEP 257
[2.616s] -- Added test 'xmllint' to check XML markup files
[2.619s] -- Configuring done
[2.913s] -- Generating done
[3.001s] -- Build files have been written to: /home/rinav/ros2_ws/build/moveit_ros_planning
[3.020s] Invoked command in '/home/rinav/ros2_ws/build/moveit_ros_planning' returned '0': AMENT_PREFIX_PATH=/home/rinav/ros2_ws/install/moveit_ros_occupancy_map_monitor:/home/rinav/ros2_ws/install/moveit_core:/home/rinav/ros2_ws/install/moveit_resources_panda_moveit_config:/home/rinav/ros2_ws/install/moveit_configs_utils:/home/rinav/ros2_ws/install/srdfdom:/home/rinav/ros2_ws/install/moveit_resources_pr2_description:/home/rinav/ros2_ws/install/moveit_resources_panda_description:/home/rinav/ros2_ws/install/moveit_common:/home/rinav/ros2_ws/install/launch_param_builder:${AMENT_PREFIX_PATH} CMAKE_PREFIX_PATH=/home/rinav/ros2_ws/install/moveit_ros_occupancy_map_monitor:/home/rinav/ros2_ws/install/moveit_core:/home/rinav/ros2_ws/install/moveit_resources_panda_moveit_config:/home/rinav/ros2_ws/install/srdfdom:/home/rinav/ros2_ws/install/moveit_resources_pr2_description:/home/rinav/ros2_ws/install/moveit_resources_panda_description:/home/rinav/ros2_ws/install/moveit_common:/home/rinav/ros2_ws/install/rviz_visual_testing_framework:/home/rinav/ros2_ws/install/rviz_rendering_tests:/home/rinav/ros2_ws/install/rviz2:/home/rinav/ros2_ws/install/rviz_default_plugins:/home/rinav/ros2_ws/install/rviz_common:/home/rinav/ros2_ws/install/rviz_rendering:/home/rinav/ros2_ws/install/rviz_ogre_vendor:/home/rinav/ros2_ws/install/rviz_assimp_vendor:/home/rinav/ros2_ws/src/rviz/install:/home/rinav/ros2_ws/install/husky_ur3_moveit_config:/home/rinav/ros2_ws/install/ur:/home/rinav/ros2_ws/install/ur_calibration:/home/rinav/ros2_ws/install/ur_robot_driver:/home/rinav/ros2_ws/install/ur_moveit_config:/home/rinav/ros2_ws/install/ur_bringup:/home/rinav/ros2_ws/install/ur_description:/home/rinav/ros2_ws/install/ur_controllers:/home/rinav/ros2_ws/install/ur_dashboard_msgs:/home/rinav/ros2_ws/install/turtlesim:/home/rinav/ros2_ws/install/robotis_manipulator:/home/rinav/ros2_ws/install/husky_desktop:/home/rinav/ros2_ws/install/husky_viz:/home/rinav/ros2_ws/install/husky_ur3_ignition:/home/rinav/ros2_ws/install/husky_simulator:/home/rinav/ros2_ws/install/husky_robot:/home/rinav/ros2_ws/install/husky_bringup:/home/rinav/ros2_ws/install/husky_base:/home/rinav/ros2_ws/install/husky_msgs:/home/rinav/ros2_ws/install/husky_gazebo:/home/rinav/ros2_ws/install/husky_control:/home/rinav/ros2_ws/install/husky_description:/home/rinav/ros2_ws/install/trial_package:/home/rinav/ros2_ws/install/py_srvcli:/home/rinav/ros2_ws/install/py_pubsub:/home/rinav/ros2_ws/install/mobile_robotics:/opt/ros/humble LD_LIBRARY_PATH=/home/rinav/ros2_ws/install/moveit_ros_occupancy_map_monitor/lib:/home/rinav/ros2_ws/install/moveit_core/lib:/home/rinav/ros2_ws/install/srdfdom/lib:${LD_LIBRARY_PATH} PATH=/home/rinav/ros2_ws/install/moveit_core/bin:${PATH} PYTHONPATH=/home/rinav/ros2_ws/install/moveit_configs_utils/lib/python3.10/site-packages:/home/rinav/ros2_ws/install/srdfdom/local/lib/python3.10/dist-packages:/home/rinav/ros2_ws/install/launch_param_builder/lib/python3.10/site-packages:${PYTHONPATH} /usr/bin/cmake /home/rinav/ros2_ws/src/moveit2/moveit_ros/planning -DCMAKE_INSTALL_PREFIX=/home/rinav/ros2_ws/install/moveit_ros_planning
[3.022s] Invoking command in '/home/rinav/ros2_ws/build/moveit_ros_planning': AMENT_PREFIX_PATH=/home/rinav/ros2_ws/install/moveit_ros_occupancy_map_monitor:/home/rinav/ros2_ws/install/moveit_core:/home/rinav/ros2_ws/install/moveit_resources_panda_moveit_config:/home/rinav/ros2_ws/install/moveit_configs_utils:/home/rinav/ros2_ws/install/srdfdom:/home/rinav/ros2_ws/install/moveit_resources_pr2_description:/home/rinav/ros2_ws/install/moveit_resources_panda_description:/home/rinav/ros2_ws/install/moveit_common:/home/rinav/ros2_ws/install/launch_param_builder:${AMENT_PREFIX_PATH} CMAKE_PREFIX_PATH=/home/rinav/ros2_ws/install/moveit_ros_occupancy_map_monitor:/home/rinav/ros2_ws/install/moveit_core:/home/rinav/ros2_ws/install/moveit_resources_panda_moveit_config:/home/rinav/ros2_ws/install/srdfdom:/home/rinav/ros2_ws/install/moveit_resources_pr2_description:/home/rinav/ros2_ws/install/moveit_resources_panda_description:/home/rinav/ros2_ws/install/moveit_common:/home/rinav/ros2_ws/install/rviz_visual_testing_framework:/home/rinav/ros2_ws/install/rviz_rendering_tests:/home/rinav/ros2_ws/install/rviz2:/home/rinav/ros2_ws/install/rviz_default_plugins:/home/rinav/ros2_ws/install/rviz_common:/home/rinav/ros2_ws/install/rviz_rendering:/home/rinav/ros2_ws/install/rviz_ogre_vendor:/home/rinav/ros2_ws/install/rviz_assimp_vendor:/home/rinav/ros2_ws/src/rviz/install:/home/rinav/ros2_ws/install/husky_ur3_moveit_config:/home/rinav/ros2_ws/install/ur:/home/rinav/ros2_ws/install/ur_calibration:/home/rinav/ros2_ws/install/ur_robot_driver:/home/rinav/ros2_ws/install/ur_moveit_config:/home/rinav/ros2_ws/install/ur_bringup:/home/rinav/ros2_ws/install/ur_description:/home/rinav/ros2_ws/install/ur_controllers:/home/rinav/ros2_ws/install/ur_dashboard_msgs:/home/rinav/ros2_ws/install/turtlesim:/home/rinav/ros2_ws/install/robotis_manipulator:/home/rinav/ros2_ws/install/husky_desktop:/home/rinav/ros2_ws/install/husky_viz:/home/rinav/ros2_ws/install/husky_ur3_ignition:/home/rinav/ros2_ws/install/husky_simulator:/home/rinav/ros2_ws/install/husky_robot:/home/rinav/ros2_ws/install/husky_bringup:/home/rinav/ros2_ws/install/husky_base:/home/rinav/ros2_ws/install/husky_msgs:/home/rinav/ros2_ws/install/husky_gazebo:/home/rinav/ros2_ws/install/husky_control:/home/rinav/ros2_ws/install/husky_description:/home/rinav/ros2_ws/install/trial_package:/home/rinav/ros2_ws/install/py_srvcli:/home/rinav/ros2_ws/install/py_pubsub:/home/rinav/ros2_ws/install/mobile_robotics:/opt/ros/humble LD_LIBRARY_PATH=/home/rinav/ros2_ws/install/moveit_ros_occupancy_map_monitor/lib:/home/rinav/ros2_ws/install/moveit_core/lib:/home/rinav/ros2_ws/install/srdfdom/lib:${LD_LIBRARY_PATH} PATH=/home/rinav/ros2_ws/install/moveit_core/bin:${PATH} PYTHONPATH=/home/rinav/ros2_ws/install/moveit_configs_utils/lib/python3.10/site-packages:/home/rinav/ros2_ws/install/srdfdom/local/lib/python3.10/dist-packages:/home/rinav/ros2_ws/install/launch_param_builder/lib/python3.10/site-packages:${PYTHONPATH} /usr/bin/cmake --build /home/rinav/ros2_ws/build/moveit_ros_planning -- -j8 -l8
[3.065s] [  2%] [32mBuilding CXX object planning_pipeline/CMakeFiles/moveit_planning_pipeline.dir/src/planning_pipeline.cpp.o[0m
[3.066s] [  2%] [32mBuilding CXX object collision_plugin_loader/CMakeFiles/moveit_collision_plugin_loader.dir/src/collision_plugin_loader.cpp.o[0m
[3.066s] [  4%] [32mBuilding CXX object rdf_loader/CMakeFiles/moveit_rdf_loader.dir/src/rdf_loader.cpp.o[0m
[3.067s] [  5%] [32mBuilding CXX object planning_request_adapter_plugins/CMakeFiles/moveit_default_planning_request_adapter_plugins.dir/src/empty.cpp.o[0m
[4.076s] [  7%] [32mBuilding CXX object gtest/CMakeFiles/gtest_main.dir/src/gtest_main.cc.o[0m
[4.076s] [  8%] [32mBuilding CXX object gmock/CMakeFiles/gmock.dir/opt/ros/humble/src/gtest_vendor/src/gtest-all.cc.o[0m
[4.925s] [ 10%] [32m[1mLinking CXX static library libgtest_main.a[0m
[4.952s] [ 10%] Built target gtest_main
[4.987s] [ 11%] [32mBuilding CXX object gmock/CMakeFiles/gmock_main.dir/src/gmock_main.cc.o[0m
[4.996s] [ 13%] [32mBuilding CXX object planning_request_adapter_plugins/CMakeFiles/moveit_list_request_adapter_plugins.dir/src/list.cpp.o[0m
[5.003s] [ 14%] [32mBuilding CXX object gtest/CMakeFiles/gtest.dir/src/gtest-all.cc.o[0m
[6.256s] [ 16%] [32m[1mLinking CXX static library libgmock_main.a[0m
[6.398s] [ 16%] Built target gmock_main
[6.426s] [ 17%] [32mBuilding CXX object planning_request_adapter_plugins/CMakeFiles/moveit_default_planning_request_adapter_plugins.dir/src/fix_start_state_bounds.cpp.o[0m
[7.046s] [ 19%] [32mBuilding CXX object rdf_loader/CMakeFiles/moveit_rdf_loader.dir/src/synchronized_string_parameter.cpp.o[0m
[10.787s] [ 20%] [32m[1mLinking CXX shared library libmoveit_collision_plugin_loader.so[0m
[10.944s] [ 22%] [32mBuilding CXX object gmock/CMakeFiles/gmock.dir/src/gmock-all.cc.o[0m
[11.346s] [ 22%] Built target moveit_collision_plugin_loader
[11.355s] [ 23%] [32mBuilding CXX object planning_request_adapter_plugins/CMakeFiles/moveit_default_planning_request_adapter_plugins.dir/src/fix_start_state_collision.cpp.o[0m
[13.590s] [ 25%] [32mBuilding CXX object planning_request_adapter_plugins/CMakeFiles/moveit_default_planning_request_adapter_plugins.dir/src/fix_start_state_path_constraints.cpp.o[0m
[14.063s] [ 26%] [32m[1mLinking CXX static library libgmock.a[0m
[14.121s] [ 26%] Built target gmock
[14.229s] [ 27%] [32m[1mLinking CXX static library libgtest.a[0m
[14.265s] [ 27%] Built target gtest
[15.278s] [ 29%] [32mBuilding CXX object planning_request_adapter_plugins/CMakeFiles/moveit_default_planning_request_adapter_plugins.dir/src/add_time_parameterization.cpp.o[0m
[17.086s] [ 30%] [32mBuilding CXX object planning_request_adapter_plugins/CMakeFiles/moveit_default_planning_request_adapter_plugins.dir/src/fix_workspace_bounds.cpp.o[0m
[18.070s] [ 32%] [32m[1mLinking CXX executable moveit_list_request_adapter_plugins[0m
[18.107s] [ 33%] [32mBuilding CXX object planning_request_adapter_plugins/CMakeFiles/moveit_default_planning_request_adapter_plugins.dir/src/add_ruckig_traj_smoothing.cpp.o[0m
[18.259s] [ 33%] Built target moveit_list_request_adapter_plugins
[19.267s] [ 35%] [32mBuilding CXX object planning_request_adapter_plugins/CMakeFiles/moveit_default_planning_request_adapter_plugins.dir/src/add_iterative_spline_parameterization.cpp.o[0m
[19.983s] [ 36%] [32m[1mLinking CXX shared library libmoveit_rdf_loader.so[0m
[20.022s] [ 38%] [32mBuilding CXX object planning_request_adapter_plugins/CMakeFiles/moveit_default_planning_request_adapter_plugins.dir/src/add_time_optimal_parameterization.cpp.o[0m
[20.224s] [ 38%] Built target moveit_rdf_loader
[22.087s] [ 39%] [32mBuilding CXX object planning_request_adapter_plugins/CMakeFiles/moveit_default_planning_request_adapter_plugins.dir/src/resolve_constraint_frames.cpp.o[0m
[22.099s] [ 41%] [32mBuilding CXX object kinematics_plugin_loader/CMakeFiles/moveit_kinematics_plugin_loader.dir/src/kinematics_plugin_loader.cpp.o[0m
[22.351s] [ 42%] [32m[1mLinking CXX shared library libmoveit_planning_pipeline.so[0m
[22.555s] [ 42%] Built target moveit_planning_pipeline
[22.574s] [ 44%] [32mBuilding CXX object constraint_sampler_manager_loader/CMakeFiles/moveit_constraint_sampler_manager_loader.dir/src/constraint_sampler_manager_loader.cpp.o[0m
[29.018s] [ 45%] [32m[1mLinking CXX shared library libmoveit_default_planning_request_adapter_plugins.so[0m
[29.196s] [ 45%] Built target moveit_default_planning_request_adapter_plugins
[31.804s] [ 47%] [32m[1mLinking CXX shared library libmoveit_kinematics_plugin_loader.so[0m
[31.957s] [ 47%] Built target moveit_kinematics_plugin_loader
[31.973s] [ 48%] [32mBuilding CXX object robot_model_loader/CMakeFiles/moveit_robot_model_loader.dir/src/robot_model_loader.cpp.o[0m
[32.581s] [ 50%] [32m[1mLinking CXX shared library libmoveit_constraint_sampler_manager_loader.so[0m
[32.829s] [ 50%] Built target moveit_constraint_sampler_manager_loader
[36.702s] [ 51%] [32m[1mLinking CXX shared library libmoveit_robot_model_loader.so[0m
[36.852s] [ 51%] Built target moveit_robot_model_loader
[36.870s] [ 52%] [32mBuilding CXX object planning_components_tools/CMakeFiles/moveit_print_planning_model_info.dir/src/print_planning_model_info.cpp.o[0m
[36.872s] [ 54%] [32mBuilding CXX object planning_scene_monitor/CMakeFiles/moveit_planning_scene_monitor.dir/src/planning_scene_monitor.cpp.o[0m
[36.873s] [ 57%] [32mBuilding CXX object planning_scene_monitor/CMakeFiles/moveit_planning_scene_monitor.dir/src/current_state_monitor_middleware_handle.cpp.o[0m
[36.873s] [ 57%] [32mBuilding CXX object planning_scene_monitor/CMakeFiles/moveit_planning_scene_monitor.dir/src/current_state_monitor.cpp.o[0m
[36.873s] [ 58%] [32mBuilding CXX object planning_scene_monitor/CMakeFiles/moveit_planning_scene_monitor.dir/src/trajectory_monitor.cpp.o[0m
[36.873s] [ 60%] [32mBuilding CXX object planning_scene_monitor/CMakeFiles/moveit_planning_scene_monitor.dir/src/trajectory_monitor_middleware_handle.cpp.o[0m
[41.400s] [ 61%] [32m[1mLinking CXX executable moveit_print_planning_model_info[0m
[41.606s] [ 61%] Built target moveit_print_planning_model_info
[62.740s] [ 63%] [32m[1mLinking CXX shared library libmoveit_planning_scene_monitor.so[0m
[63.124s] [ 63%] Built target moveit_planning_scene_monitor
[63.142s] [ 64%] [32mBuilding CXX object planning_scene_monitor/CMakeFiles/demo_scene.dir/demos/demo_scene.cpp.o[0m
[63.143s] [ 66%] [32mBuilding CXX object planning_scene_monitor/CMakeFiles/planning_scene_monitor_test.dir/test/planning_scene_monitor_test.cpp.o[0m
[63.144s] [ 67%] [32mBuilding CXX object planning_scene_monitor/CMakeFiles/current_state_monitor_tests.dir/test/current_state_monitor_tests.cpp.o[0m
[63.144s] [ 69%] [32mBuilding CXX object planning_components_tools/CMakeFiles/moveit_print_planning_scene_info.dir/src/print_planning_scene_info.cpp.o[0m
[63.144s] [ 70%] [32mBuilding CXX object planning_components_tools/CMakeFiles/moveit_visualize_robot_collision_volume.dir/src/visualize_robot_collision_volume.cpp.o[0m
[63.145s] [ 72%] [32mBuilding CXX object planning_components_tools/CMakeFiles/moveit_display_random_state.dir/src/display_random_state.cpp.o[0m
[63.145s] [ 75%] [32mBuilding CXX object planning_scene_monitor/CMakeFiles/trajectory_monitor_tests.dir/test/trajectory_monitor_tests.cpp.o[0m
[63.145s] [ 75%] [32mBuilding CXX object planning_components_tools/CMakeFiles/moveit_evaluate_collision_checking_speed.dir/src/evaluate_collision_checking_speed.cpp.o[0m
[75.245s] [ 76%] [32m[1mLinking CXX executable moveit_print_planning_scene_info[0m
[75.733s] [ 76%] Built target moveit_print_planning_scene_info
[75.762s] [ 77%] [32mBuilding CXX object planning_components_tools/CMakeFiles/moveit_publish_scene_from_text.dir/src/publish_scene_from_text.cpp.o[0m
[77.084s] [ 79%] [32m[1mLinking CXX executable moveit_evaluate_collision_checking_speed[0m
[77.306s] [ 80%] [32m[1mLinking CXX executable trajectory_monitor_tests[0m
[77.366s] [ 82%] [32m[1mLinking CXX executable current_state_monitor_tests[0m
[77.553s] [ 82%] Built target moveit_evaluate_collision_checking_speed
[77.575s] [ 85%] [32mBuilding CXX object trajectory_execution_manager/CMakeFiles/moveit_trajectory_execution_manager.dir/src/trajectory_execution_manager.cpp.o[0m
[77.575s] [ 83%] [32m[1mLinking CXX executable planning_scene_monitor_test[0m
[77.824s] [ 86%] [32m[1mLinking CXX executable demo_scene[0m
[77.825s] [ 86%] Built target trajectory_monitor_tests
[77.956s] [ 86%] Built target current_state_monitor_tests
[78.008s] [ 86%] Built target planning_scene_monitor_test
[78.025s] [ 86%] Built target demo_scene
[78.369s] [ 88%] [32m[1mLinking CXX executable moveit_display_random_state[0m
[78.665s] [ 89%] [32m[1mLinking CXX executable moveit_visualize_robot_collision_volume[0m
[78.746s] [ 89%] Built target moveit_display_random_state
[79.000s] [ 89%] Built target moveit_visualize_robot_collision_volume
[88.012s] [ 91%] [32m[1mLinking CXX executable moveit_publish_scene_from_text[0m
[88.301s] [ 91%] Built target moveit_publish_scene_from_text
[99.273s] [ 92%] [32m[1mLinking CXX shared library libmoveit_trajectory_execution_manager.so[0m
[99.520s] [ 92%] Built target moveit_trajectory_execution_manager
[99.537s] [ 94%] [32mBuilding CXX object plan_execution/CMakeFiles/moveit_plan_execution.dir/src/plan_execution.cpp.o[0m
[99.537s] [ 95%] [32mBuilding CXX object moveit_cpp/CMakeFiles/moveit_cpp.dir/src/moveit_cpp.cpp.o[0m
[99.537s] [ 97%] [32mBuilding CXX object moveit_cpp/CMakeFiles/moveit_cpp.dir/src/planning_component.cpp.o[0m
[108.710s] [ 98%] [32m[1mLinking CXX shared library libmoveit_plan_execution.so[0m
[108.928s] [ 98%] Built target moveit_plan_execution
[112.557s] [100%] [32m[1mLinking CXX shared library libmoveit_cpp.so[0m
[112.784s] [100%] Built target moveit_cpp
[112.798s] Invoked command in '/home/rinav/ros2_ws/build/moveit_ros_planning' returned '0': AMENT_PREFIX_PATH=/home/rinav/ros2_ws/install/moveit_ros_occupancy_map_monitor:/home/rinav/ros2_ws/install/moveit_core:/home/rinav/ros2_ws/install/moveit_resources_panda_moveit_config:/home/rinav/ros2_ws/install/moveit_configs_utils:/home/rinav/ros2_ws/install/srdfdom:/home/rinav/ros2_ws/install/moveit_resources_pr2_description:/home/rinav/ros2_ws/install/moveit_resources_panda_description:/home/rinav/ros2_ws/install/moveit_common:/home/rinav/ros2_ws/install/launch_param_builder:${AMENT_PREFIX_PATH} CMAKE_PREFIX_PATH=/home/rinav/ros2_ws/install/moveit_ros_occupancy_map_monitor:/home/rinav/ros2_ws/install/moveit_core:/home/rinav/ros2_ws/install/moveit_resources_panda_moveit_config:/home/rinav/ros2_ws/install/srdfdom:/home/rinav/ros2_ws/install/moveit_resources_pr2_description:/home/rinav/ros2_ws/install/moveit_resources_panda_description:/home/rinav/ros2_ws/install/moveit_common:/home/rinav/ros2_ws/install/rviz_visual_testing_framework:/home/rinav/ros2_ws/install/rviz_rendering_tests:/home/rinav/ros2_ws/install/rviz2:/home/rinav/ros2_ws/install/rviz_default_plugins:/home/rinav/ros2_ws/install/rviz_common:/home/rinav/ros2_ws/install/rviz_rendering:/home/rinav/ros2_ws/install/rviz_ogre_vendor:/home/rinav/ros2_ws/install/rviz_assimp_vendor:/home/rinav/ros2_ws/src/rviz/install:/home/rinav/ros2_ws/install/husky_ur3_moveit_config:/home/rinav/ros2_ws/install/ur:/home/rinav/ros2_ws/install/ur_calibration:/home/rinav/ros2_ws/install/ur_robot_driver:/home/rinav/ros2_ws/install/ur_moveit_config:/home/rinav/ros2_ws/install/ur_bringup:/home/rinav/ros2_ws/install/ur_description:/home/rinav/ros2_ws/install/ur_controllers:/home/rinav/ros2_ws/install/ur_dashboard_msgs:/home/rinav/ros2_ws/install/turtlesim:/home/rinav/ros2_ws/install/robotis_manipulator:/home/rinav/ros2_ws/install/husky_desktop:/home/rinav/ros2_ws/install/husky_viz:/home/rinav/ros2_ws/install/husky_ur3_ignition:/home/rinav/ros2_ws/install/husky_simulator:/home/rinav/ros2_ws/install/husky_robot:/home/rinav/ros2_ws/install/husky_bringup:/home/rinav/ros2_ws/install/husky_base:/home/rinav/ros2_ws/install/husky_msgs:/home/rinav/ros2_ws/install/husky_gazebo:/home/rinav/ros2_ws/install/husky_control:/home/rinav/ros2_ws/install/husky_description:/home/rinav/ros2_ws/install/trial_package:/home/rinav/ros2_ws/install/py_srvcli:/home/rinav/ros2_ws/install/py_pubsub:/home/rinav/ros2_ws/install/mobile_robotics:/opt/ros/humble LD_LIBRARY_PATH=/home/rinav/ros2_ws/install/moveit_ros_occupancy_map_monitor/lib:/home/rinav/ros2_ws/install/moveit_core/lib:/home/rinav/ros2_ws/install/srdfdom/lib:${LD_LIBRARY_PATH} PATH=/home/rinav/ros2_ws/install/moveit_core/bin:${PATH} PYTHONPATH=/home/rinav/ros2_ws/install/moveit_configs_utils/lib/python3.10/site-packages:/home/rinav/ros2_ws/install/srdfdom/local/lib/python3.10/dist-packages:/home/rinav/ros2_ws/install/launch_param_builder/lib/python3.10/site-packages:${PYTHONPATH} /usr/bin/cmake --build /home/rinav/ros2_ws/build/moveit_ros_planning -- -j8 -l8
[112.800s] Invoking command in '/home/rinav/ros2_ws/build/moveit_ros_planning': AMENT_PREFIX_PATH=/home/rinav/ros2_ws/install/moveit_ros_occupancy_map_monitor:/home/rinav/ros2_ws/install/moveit_core:/home/rinav/ros2_ws/install/moveit_resources_panda_moveit_config:/home/rinav/ros2_ws/install/moveit_configs_utils:/home/rinav/ros2_ws/install/srdfdom:/home/rinav/ros2_ws/install/moveit_resources_pr2_description:/home/rinav/ros2_ws/install/moveit_resources_panda_description:/home/rinav/ros2_ws/install/moveit_common:/home/rinav/ros2_ws/install/launch_param_builder:${AMENT_PREFIX_PATH} CMAKE_PREFIX_PATH=/home/rinav/ros2_ws/install/moveit_ros_occupancy_map_monitor:/home/rinav/ros2_ws/install/moveit_core:/home/rinav/ros2_ws/install/moveit_resources_panda_moveit_config:/home/rinav/ros2_ws/install/srdfdom:/home/rinav/ros2_ws/install/moveit_resources_pr2_description:/home/rinav/ros2_ws/install/moveit_resources_panda_description:/home/rinav/ros2_ws/install/moveit_common:/home/rinav/ros2_ws/install/rviz_visual_testing_framework:/home/rinav/ros2_ws/install/rviz_rendering_tests:/home/rinav/ros2_ws/install/rviz2:/home/rinav/ros2_ws/install/rviz_default_plugins:/home/rinav/ros2_ws/install/rviz_common:/home/rinav/ros2_ws/install/rviz_rendering:/home/rinav/ros2_ws/install/rviz_ogre_vendor:/home/rinav/ros2_ws/install/rviz_assimp_vendor:/home/rinav/ros2_ws/src/rviz/install:/home/rinav/ros2_ws/install/husky_ur3_moveit_config:/home/rinav/ros2_ws/install/ur:/home/rinav/ros2_ws/install/ur_calibration:/home/rinav/ros2_ws/install/ur_robot_driver:/home/rinav/ros2_ws/install/ur_moveit_config:/home/rinav/ros2_ws/install/ur_bringup:/home/rinav/ros2_ws/install/ur_description:/home/rinav/ros2_ws/install/ur_controllers:/home/rinav/ros2_ws/install/ur_dashboard_msgs:/home/rinav/ros2_ws/install/turtlesim:/home/rinav/ros2_ws/install/robotis_manipulator:/home/rinav/ros2_ws/install/husky_desktop:/home/rinav/ros2_ws/install/husky_viz:/home/rinav/ros2_ws/install/husky_ur3_ignition:/home/rinav/ros2_ws/install/husky_simulator:/home/rinav/ros2_ws/install/husky_robot:/home/rinav/ros2_ws/install/husky_bringup:/home/rinav/ros2_ws/install/husky_base:/home/rinav/ros2_ws/install/husky_msgs:/home/rinav/ros2_ws/install/husky_gazebo:/home/rinav/ros2_ws/install/husky_control:/home/rinav/ros2_ws/install/husky_description:/home/rinav/ros2_ws/install/trial_package:/home/rinav/ros2_ws/install/py_srvcli:/home/rinav/ros2_ws/install/py_pubsub:/home/rinav/ros2_ws/install/mobile_robotics:/opt/ros/humble LD_LIBRARY_PATH=/home/rinav/ros2_ws/install/moveit_ros_occupancy_map_monitor/lib:/home/rinav/ros2_ws/install/moveit_core/lib:/home/rinav/ros2_ws/install/srdfdom/lib:${LD_LIBRARY_PATH} PATH=/home/rinav/ros2_ws/install/moveit_core/bin:${PATH} PYTHONPATH=/home/rinav/ros2_ws/install/moveit_configs_utils/lib/python3.10/site-packages:/home/rinav/ros2_ws/install/srdfdom/local/lib/python3.10/dist-packages:/home/rinav/ros2_ws/install/launch_param_builder/lib/python3.10/site-packages:${PYTHONPATH} /usr/bin/cmake --install /home/rinav/ros2_ws/build/moveit_ros_planning
[112.807s] -- Install configuration: "Release"
[112.807s] -- Installing: /home/rinav/ros2_ws/install/moveit_ros_planning/include
[112.807s] -- Installing: /home/rinav/ros2_ws/install/moveit_ros_planning/include/moveit
[112.807s] -- Installing: /home/rinav/ros2_ws/install/moveit_ros_planning/include/moveit/rdf_loader
[112.807s] -- Installing: /home/rinav/ros2_ws/install/moveit_ros_planning/include/moveit/rdf_loader/synchronized_string_parameter.h
[112.808s] -- Installing: /home/rinav/ros2_ws/install/moveit_ros_planning/include/moveit/rdf_loader/rdf_loader.h
[112.808s] -- Installing: /home/rinav/ros2_ws/install/moveit_ros_planning/share/moveit_ros_planning/rdf_loader/test/data
[112.808s] -- Installing: /home/rinav/ros2_ws/install/moveit_ros_planning/share/moveit_ros_planning/rdf_loader/test/data/gonzo.urdf
[112.809s] -- Installing: /home/rinav/ros2_ws/install/moveit_ros_planning/share/moveit_ros_planning/rdf_loader/test/data/robin.srdf.xacro
[112.809s] -- Installing: /home/rinav/ros2_ws/install/moveit_ros_planning/share/moveit_ros_planning/rdf_loader/test/data/gonzo.srdf
[112.810s] -- Installing: /home/rinav/ros2_ws/install/moveit_ros_planning/share/moveit_ros_planning/rdf_loader/test/data/kermit.srdf
[112.810s] -- Installing: /home/rinav/ros2_ws/install/moveit_ros_planning/share/moveit_ros_planning/rdf_loader/test/data/kermit.urdf
[112.810s] -- Installing: /home/rinav/ros2_ws/install/moveit_ros_planning/share/moveit_ros_planning/rdf_loader/test/launch
[112.810s] -- Installing: /home/rinav/ros2_ws/install/moveit_ros_planning/share/moveit_ros_planning/rdf_loader/test/launch/test_rdf_integration.test.py
[112.810s] -- Up-to-date: /home/rinav/ros2_ws/install/moveit_ros_planning/include
[112.810s] -- Up-to-date: /home/rinav/ros2_ws/install/moveit_ros_planning/include/moveit
[112.811s] -- Installing: /home/rinav/ros2_ws/install/moveit_ros_planning/include/moveit/collision_plugin_loader
[112.811s] -- Installing: /home/rinav/ros2_ws/install/moveit_ros_planning/include/moveit/collision_plugin_loader/collision_plugin_loader.h
[112.811s] -- Up-to-date: /home/rinav/ros2_ws/install/moveit_ros_planning/include
[112.811s] -- Up-to-date: /home/rinav/ros2_ws/install/moveit_ros_planning/include/moveit
[112.811s] -- Installing: /home/rinav/ros2_ws/install/moveit_ros_planning/include/moveit/kinematics_plugin_loader
[112.811s] -- Installing: /home/rinav/ros2_ws/install/moveit_ros_planning/include/moveit/kinematics_plugin_loader/kinematics_plugin_loader.h
[112.811s] -- Up-to-date: /home/rinav/ros2_ws/install/moveit_ros_planning/include
[112.811s] -- Up-to-date: /home/rinav/ros2_ws/install/moveit_ros_planning/include/moveit
[112.812s] -- Installing: /home/rinav/ros2_ws/install/moveit_ros_planning/include/moveit/robot_model_loader
[112.812s] -- Installing: /home/rinav/ros2_ws/install/moveit_ros_planning/include/moveit/robot_model_loader/robot_model_loader.h
[112.812s] -- Up-to-date: /home/rinav/ros2_ws/install/moveit_ros_planning/include
[112.812s] -- Up-to-date: /home/rinav/ros2_ws/install/moveit_ros_planning/include/moveit
[112.812s] -- Installing: /home/rinav/ros2_ws/install/moveit_ros_planning/include/moveit/constraint_sampler_manager_loader
[112.812s] -- Installing: /home/rinav/ros2_ws/install/moveit_ros_planning/include/moveit/constraint_sampler_manager_loader/constraint_sampler_manager_loader.h
[112.812s] -- Up-to-date: /home/rinav/ros2_ws/install/moveit_ros_planning/include
[112.812s] -- Up-to-date: /home/rinav/ros2_ws/install/moveit_ros_planning/include/moveit
[112.813s] -- Installing: /home/rinav/ros2_ws/install/moveit_ros_planning/include/moveit/planning_pipeline
[112.813s] -- Installing: /home/rinav/ros2_ws/install/moveit_ros_planning/include/moveit/planning_pipeline/planning_pipeline.h
[112.813s] -- Installing: /home/rinav/ros2_ws/install/moveit_ros_planning/include/moveit_planning_pipeline_export.h
[112.813s] -- Installing: /home/rinav/ros2_ws/install/moveit_ros_planning/lib/moveit_ros_planning/moveit_list_request_adapter_plugins
[112.814s] -- Set runtime path of "/home/rinav/ros2_ws/install/moveit_ros_planning/lib/moveit_ros_planning/moveit_list_request_adapter_plugins" to ""
[112.814s] -- Installing: /home/rinav/ros2_ws/install/moveit_ros_planning/lib/moveit_ros_planning/demo_scene
[112.814s] -- Set runtime path of "/home/rinav/ros2_ws/install/moveit_ros_planning/lib/moveit_ros_planning/demo_scene" to ""
[112.815s] -- Up-to-date: /home/rinav/ros2_ws/install/moveit_ros_planning/include
[112.815s] -- Up-to-date: /home/rinav/ros2_ws/install/moveit_ros_planning/include/moveit
[112.815s] -- Installing: /home/rinav/ros2_ws/install/moveit_ros_planning/include/moveit/planning_scene_monitor
[112.815s] -- Installing: /home/rinav/ros2_ws/install/moveit_ros_planning/include/moveit/planning_scene_monitor/trajectory_monitor.h
[112.815s] -- Installing: /home/rinav/ros2_ws/install/moveit_ros_planning/include/moveit/planning_scene_monitor/planning_scene_monitor.h
[112.815s] -- Installing: /home/rinav/ros2_ws/install/moveit_ros_planning/include/moveit/planning_scene_monitor/trajectory_monitor_middleware_handle.hpp
[112.815s] -- Installing: /home/rinav/ros2_ws/install/moveit_ros_planning/include/moveit/planning_scene_monitor/current_state_monitor_middleware_handle.hpp
[112.815s] -- Installing: /home/rinav/ros2_ws/install/moveit_ros_planning/include/moveit/planning_scene_monitor/current_state_monitor.h
[112.815s] -- Installing: /home/rinav/ros2_ws/install/moveit_ros_planning/include/moveit_planning_scene_monitor_export.h
[112.816s] -- Installing: /home/rinav/ros2_ws/install/moveit_ros_planning/lib/moveit_ros_planning/moveit_print_planning_model_info
[112.816s] -- Set runtime path of "/home/rinav/ros2_ws/install/moveit_ros_planning/lib/moveit_ros_planning/moveit_print_planning_model_info" to ""
[112.816s] -- Installing: /home/rinav/ros2_ws/install/moveit_ros_planning/lib/moveit_ros_planning/moveit_print_planning_scene_info
[112.817s] -- Set runtime path of "/home/rinav/ros2_ws/install/moveit_ros_planning/lib/moveit_ros_planning/moveit_print_planning_scene_info" to ""
[112.817s] -- Installing: /home/rinav/ros2_ws/install/moveit_ros_planning/lib/moveit_ros_planning/moveit_display_random_state
[112.817s] -- Set runtime path of "/home/rinav/ros2_ws/install/moveit_ros_planning/lib/moveit_ros_planning/moveit_display_random_state" to ""
[112.817s] -- Installing: /home/rinav/ros2_ws/install/moveit_ros_planning/lib/moveit_ros_planning/moveit_visualize_robot_collision_volume
[112.818s] -- Set runtime path of "/home/rinav/ros2_ws/install/moveit_ros_planning/lib/moveit_ros_planning/moveit_visualize_robot_collision_volume" to ""
[112.818s] -- Installing: /home/rinav/ros2_ws/install/moveit_ros_planning/lib/moveit_ros_planning/moveit_evaluate_collision_checking_speed
[112.818s] -- Set runtime path of "/home/rinav/ros2_ws/install/moveit_ros_planning/lib/moveit_ros_planning/moveit_evaluate_collision_checking_speed" to ""
[112.818s] -- Installing: /home/rinav/ros2_ws/install/moveit_ros_planning/lib/moveit_ros_planning/moveit_publish_scene_from_text
[112.819s] -- Set runtime path of "/home/rinav/ros2_ws/install/moveit_ros_planning/lib/moveit_ros_planning/moveit_publish_scene_from_text" to ""
[112.819s] -- Up-to-date: /home/rinav/ros2_ws/install/moveit_ros_planning/include
[112.819s] -- Up-to-date: /home/rinav/ros2_ws/install/moveit_ros_planning/include/moveit
[112.819s] -- Installing: /home/rinav/ros2_ws/install/moveit_ros_planning/include/moveit/trajectory_execution_manager
[112.819s] -- Installing: /home/rinav/ros2_ws/install/moveit_ros_planning/include/moveit/trajectory_execution_manager/trajectory_execution_manager.h
[112.820s] -- Installing: /home/rinav/ros2_ws/install/moveit_ros_planning/include/moveit_trajectory_execution_manager_export.h
[112.820s] -- Up-to-date: /home/rinav/ros2_ws/install/moveit_ros_planning/include
[112.820s] -- Up-to-date: /home/rinav/ros2_ws/install/moveit_ros_planning/include/moveit
[112.820s] -- Installing: /home/rinav/ros2_ws/install/moveit_ros_planning/include/moveit/plan_execution
[112.820s] -- Installing: /home/rinav/ros2_ws/install/moveit_ros_planning/include/moveit/plan_execution/plan_representation.h
[112.820s] -- Installing: /home/rinav/ros2_ws/install/moveit_ros_planning/include/moveit/plan_execution/plan_execution.h
[112.820s] -- Up-to-date: /home/rinav/ros2_ws/install/moveit_ros_planning/include
[112.821s] -- Up-to-date: /home/rinav/ros2_ws/install/moveit_ros_planning/include/moveit
[112.821s] -- Installing: /home/rinav/ros2_ws/install/moveit_ros_planning/include/moveit/moveit_cpp
[112.821s] -- Installing: /home/rinav/ros2_ws/install/moveit_ros_planning/include/moveit/moveit_cpp/moveit_cpp.h
[112.821s] -- Installing: /home/rinav/ros2_ws/install/moveit_ros_planning/include/moveit/moveit_cpp/planning_component.h
[112.821s] -- Installing: /home/rinav/ros2_ws/install/moveit_ros_planning/lib/libmoveit_rdf_loader.so.2.5.9
[112.822s] -- Set runtime path of "/home/rinav/ros2_ws/install/moveit_ros_planning/lib/libmoveit_rdf_loader.so.2.5.9" to ""
[112.822s] -- Installing: /home/rinav/ros2_ws/install/moveit_ros_planning/lib/libmoveit_rdf_loader.so
[112.823s] -- Installing: /home/rinav/ros2_ws/install/moveit_ros_planning/lib/libmoveit_kinematics_plugin_loader.so.2.5.9
[112.824s] -- Set runtime path of "/home/rinav/ros2_ws/install/moveit_ros_planning/lib/libmoveit_kinematics_plugin_loader.so.2.5.9" to ""
[112.824s] -- Installing: /home/rinav/ros2_ws/install/moveit_ros_planning/lib/libmoveit_kinematics_plugin_loader.so
[112.824s] -- Installing: /home/rinav/ros2_ws/install/moveit_ros_planning/lib/libmoveit_robot_model_loader.so.2.5.9
[112.824s] -- Set runtime path of "/home/rinav/ros2_ws/install/moveit_ros_planning/lib/libmoveit_robot_model_loader.so.2.5.9" to ""
[112.824s] -- Installing: /home/rinav/ros2_ws/install/moveit_ros_planning/lib/libmoveit_robot_model_loader.so
[112.824s] -- Installing: /home/rinav/ros2_ws/install/moveit_ros_planning/lib/libmoveit_constraint_sampler_manager_loader.so.2.5.9
[112.825s] -- Set runtime path of "/home/rinav/ros2_ws/install/moveit_ros_planning/lib/libmoveit_constraint_sampler_manager_loader.so.2.5.9" to ""
[112.825s] -- Installing: /home/rinav/ros2_ws/install/moveit_ros_planning/lib/libmoveit_constraint_sampler_manager_loader.so
[112.826s] -- Installing: /home/rinav/ros2_ws/install/moveit_ros_planning/lib/libmoveit_planning_pipeline.so.2.5.9
[112.827s] -- Set runtime path of "/home/rinav/ros2_ws/install/moveit_ros_planning/lib/libmoveit_planning_pipeline.so.2.5.9" to ""
[112.827s] -- Installing: /home/rinav/ros2_ws/install/moveit_ros_planning/lib/libmoveit_planning_pipeline.so
[112.827s] -- Installing: /home/rinav/ros2_ws/install/moveit_ros_planning/lib/libmoveit_trajectory_execution_manager.so.2.5.9
[112.829s] -- Set runtime path of "/home/rinav/ros2_ws/install/moveit_ros_planning/lib/libmoveit_trajectory_execution_manager.so.2.5.9" to ""
[112.829s] -- Installing: /home/rinav/ros2_ws/install/moveit_ros_planning/lib/libmoveit_trajectory_execution_manager.so
[112.829s] -- Installing: /home/rinav/ros2_ws/install/moveit_ros_planning/lib/libmoveit_plan_execution.so.2.5.9
[112.830s] -- Set runtime path of "/home/rinav/ros2_ws/install/moveit_ros_planning/lib/libmoveit_plan_execution.so.2.5.9" to ""
[112.830s] -- Installing: /home/rinav/ros2_ws/install/moveit_ros_planning/lib/libmoveit_plan_execution.so
[112.830s] -- Installing: /home/rinav/ros2_ws/install/moveit_ros_planning/lib/libmoveit_planning_scene_monitor.so.2.5.9
[112.835s] -- Set runtime path of "/home/rinav/ros2_ws/install/moveit_ros_planning/lib/libmoveit_planning_scene_monitor.so.2.5.9" to ""
[112.835s] -- Installing: /home/rinav/ros2_ws/install/moveit_ros_planning/lib/libmoveit_planning_scene_monitor.so
[112.835s] -- Installing: /home/rinav/ros2_ws/install/moveit_ros_planning/lib/libmoveit_collision_plugin_loader.so.2.5.9
[112.836s] -- Set runtime path of "/home/rinav/ros2_ws/install/moveit_ros_planning/lib/libmoveit_collision_plugin_loader.so.2.5.9" to ""
[112.836s] -- Installing: /home/rinav/ros2_ws/install/moveit_ros_planning/lib/libmoveit_collision_plugin_loader.so
[112.836s] -- Installing: /home/rinav/ros2_ws/install/moveit_ros_planning/lib/libmoveit_default_planning_request_adapter_plugins.so.2.5.9
[112.837s] -- Set runtime path of "/home/rinav/ros2_ws/install/moveit_ros_planning/lib/libmoveit_default_planning_request_adapter_plugins.so.2.5.9" to ""
[112.837s] -- Installing: /home/rinav/ros2_ws/install/moveit_ros_planning/lib/libmoveit_default_planning_request_adapter_plugins.so
[112.837s] -- Installing: /home/rinav/ros2_ws/install/moveit_ros_planning/lib/libmoveit_cpp.so.2.5.9
[112.838s] -- Set runtime path of "/home/rinav/ros2_ws/install/moveit_ros_planning/lib/libmoveit_cpp.so.2.5.9" to ""
[112.838s] -- Installing: /home/rinav/ros2_ws/install/moveit_ros_planning/lib/libmoveit_cpp.so
[112.838s] -- Installing: /home/rinav/ros2_ws/install/moveit_ros_planning/share/moveit_ros_planning/environment/library_path.sh
[112.838s] -- Installing: /home/rinav/ros2_ws/install/moveit_ros_planning/share/moveit_ros_planning/environment/library_path.dsv
[112.838s] -- Installing: /home/rinav/ros2_ws/install/moveit_ros_planning/share/moveit_ros_planning/planning_request_adapters_plugin_description.xml
[112.839s] -- Installing: /home/rinav/ros2_ws/install/moveit_ros_planning/share/ament_index/resource_index/package_run_dependencies/moveit_ros_planning
[112.839s] -- Installing: /home/rinav/ros2_ws/install/moveit_ros_planning/share/ament_index/resource_index/parent_prefix_path/moveit_ros_planning
[112.839s] -- Installing: /home/rinav/ros2_ws/install/moveit_ros_planning/share/moveit_ros_planning/environment/ament_prefix_path.sh
[112.839s] -- Installing: /home/rinav/ros2_ws/install/moveit_ros_planning/share/moveit_ros_planning/environment/ament_prefix_path.dsv
[112.839s] -- Installing: /home/rinav/ros2_ws/install/moveit_ros_planning/share/moveit_ros_planning/environment/path.sh
[112.840s] -- Installing: /home/rinav/ros2_ws/install/moveit_ros_planning/share/moveit_ros_planning/environment/path.dsv
[112.840s] -- Installing: /home/rinav/ros2_ws/install/moveit_ros_planning/share/moveit_ros_planning/local_setup.bash
[112.840s] -- Installing: /home/rinav/ros2_ws/install/moveit_ros_planning/share/moveit_ros_planning/local_setup.sh
[112.840s] -- Installing: /home/rinav/ros2_ws/install/moveit_ros_planning/share/moveit_ros_planning/local_setup.zsh
[112.840s] -- Installing: /home/rinav/ros2_ws/install/moveit_ros_planning/share/moveit_ros_planning/local_setup.dsv
[112.840s] -- Installing: /home/rinav/ros2_ws/install/moveit_ros_planning/share/moveit_ros_planning/package.dsv
[112.840s] -- Installing: /home/rinav/ros2_ws/install/moveit_ros_planning/share/ament_index/resource_index/packages/moveit_ros_planning
[112.841s] -- Installing: /home/rinav/ros2_ws/install/moveit_ros_planning/share/ament_index/resource_index/moveit_core__pluginlib__plugin/moveit_ros_planning
[112.841s] -- Installing: /home/rinav/ros2_ws/install/moveit_ros_planning/share/moveit_ros_planning/cmake/export_moveit_ros_planningExport.cmake
[112.841s] -- Installing: /home/rinav/ros2_ws/install/moveit_ros_planning/share/moveit_ros_planning/cmake/export_moveit_ros_planningExport-release.cmake
[112.841s] -- Installing: /home/rinav/ros2_ws/install/moveit_ros_planning/share/moveit_ros_planning/cmake/ConfigExtras.cmake
[112.841s] -- Installing: /home/rinav/ros2_ws/install/moveit_ros_planning/share/moveit_ros_planning/cmake/ament_cmake_export_targets-extras.cmake
[112.841s] -- Installing: /home/rinav/ros2_ws/install/moveit_ros_planning/share/moveit_ros_planning/cmake/ament_cmake_export_dependencies-extras.cmake
[112.842s] -- Installing: /home/rinav/ros2_ws/install/moveit_ros_planning/share/moveit_ros_planning/cmake/moveit_ros_planningConfig.cmake
[112.842s] -- Installing: /home/rinav/ros2_ws/install/moveit_ros_planning/share/moveit_ros_planning/cmake/moveit_ros_planningConfig-version.cmake
[112.842s] -- Installing: /home/rinav/ros2_ws/install/moveit_ros_planning/share/moveit_ros_planning/package.xml
[112.844s] Invoked command in '/home/rinav/ros2_ws/build/moveit_ros_planning' returned '0': AMENT_PREFIX_PATH=/home/rinav/ros2_ws/install/moveit_ros_occupancy_map_monitor:/home/rinav/ros2_ws/install/moveit_core:/home/rinav/ros2_ws/install/moveit_resources_panda_moveit_config:/home/rinav/ros2_ws/install/moveit_configs_utils:/home/rinav/ros2_ws/install/srdfdom:/home/rinav/ros2_ws/install/moveit_resources_pr2_description:/home/rinav/ros2_ws/install/moveit_resources_panda_description:/home/rinav/ros2_ws/install/moveit_common:/home/rinav/ros2_ws/install/launch_param_builder:${AMENT_PREFIX_PATH} CMAKE_PREFIX_PATH=/home/rinav/ros2_ws/install/moveit_ros_occupancy_map_monitor:/home/rinav/ros2_ws/install/moveit_core:/home/rinav/ros2_ws/install/moveit_resources_panda_moveit_config:/home/rinav/ros2_ws/install/srdfdom:/home/rinav/ros2_ws/install/moveit_resources_pr2_description:/home/rinav/ros2_ws/install/moveit_resources_panda_description:/home/rinav/ros2_ws/install/moveit_common:/home/rinav/ros2_ws/install/rviz_visual_testing_framework:/home/rinav/ros2_ws/install/rviz_rendering_tests:/home/rinav/ros2_ws/install/rviz2:/home/rinav/ros2_ws/install/rviz_default_plugins:/home/rinav/ros2_ws/install/rviz_common:/home/rinav/ros2_ws/install/rviz_rendering:/home/rinav/ros2_ws/install/rviz_ogre_vendor:/home/rinav/ros2_ws/install/rviz_assimp_vendor:/home/rinav/ros2_ws/src/rviz/install:/home/rinav/ros2_ws/install/husky_ur3_moveit_config:/home/rinav/ros2_ws/install/ur:/home/rinav/ros2_ws/install/ur_calibration:/home/rinav/ros2_ws/install/ur_robot_driver:/home/rinav/ros2_ws/install/ur_moveit_config:/home/rinav/ros2_ws/install/ur_bringup:/home/rinav/ros2_ws/install/ur_description:/home/rinav/ros2_ws/install/ur_controllers:/home/rinav/ros2_ws/install/ur_dashboard_msgs:/home/rinav/ros2_ws/install/turtlesim:/home/rinav/ros2_ws/install/robotis_manipulator:/home/rinav/ros2_ws/install/husky_desktop:/home/rinav/ros2_ws/install/husky_viz:/home/rinav/ros2_ws/install/husky_ur3_ignition:/home/rinav/ros2_ws/install/husky_simulator:/home/rinav/ros2_ws/install/husky_robot:/home/rinav/ros2_ws/install/husky_bringup:/home/rinav/ros2_ws/install/husky_base:/home/rinav/ros2_ws/install/husky_msgs:/home/rinav/ros2_ws/install/husky_gazebo:/home/rinav/ros2_ws/install/husky_control:/home/rinav/ros2_ws/install/husky_description:/home/rinav/ros2_ws/install/trial_package:/home/rinav/ros2_ws/install/py_srvcli:/home/rinav/ros2_ws/install/py_pubsub:/home/rinav/ros2_ws/install/mobile_robotics:/opt/ros/humble LD_LIBRARY_PATH=/home/rinav/ros2_ws/install/moveit_ros_occupancy_map_monitor/lib:/home/rinav/ros2_ws/install/moveit_core/lib:/home/rinav/ros2_ws/install/srdfdom/lib:${LD_LIBRARY_PATH} PATH=/home/rinav/ros2_ws/install/moveit_core/bin:${PATH} PYTHONPATH=/home/rinav/ros2_ws/install/moveit_configs_utils/lib/python3.10/site-packages:/home/rinav/ros2_ws/install/srdfdom/local/lib/python3.10/dist-packages:/home/rinav/ros2_ws/install/launch_param_builder/lib/python3.10/site-packages:${PYTHONPATH} /usr/bin/cmake --install /home/rinav/ros2_ws/build/moveit_ros_planning
