[0.007s] Invoking command in '/home/rinav/ros2_ws/src/husky/build/husky_robot': AMENT_PREFIX_PATH=/home/rinav/ros2_ws/src/husky/install/husky_bringup:/home/rinav/ros2_ws/src/husky/install/husky_control:/home/rinav/ros2_ws/src/husky/install/husky_base:/home/rinav/ros2_ws/src/husky/install/husky_msgs:/home/rinav/ros2_ws/src/husky/install/husky_description:${AMENT_PREFIX_PATH} CMAKE_PREFIX_PATH=/home/rinav/ros2_ws/src/husky/install/husky_bringup:/home/rinav/ros2_ws/src/husky/install/husky_control:/home/rinav/ros2_ws/src/husky/install/husky_base:/home/rinav/ros2_ws/src/husky/install/husky_msgs:/home/rinav/ros2_ws/src/husky/install/husky_description:/home/rinav/ros2_ws/install/husky_bringup:/home/rinav/ros2_ws/install/husky_base:/home/rinav/ros2_ws/install/husky_msgs:/home/rinav/ros2_ws/install/husky_control:/home/rinav/ros2_ws/install/husky_description:/opt/ros/humble LD_LIBRARY_PATH=/home/rinav/ros2_ws/src/husky/install/husky_base/lib:/home/rinav/ros2_ws/src/husky/install/husky_msgs/lib:${LD_LIBRARY_PATH} PYTHONPATH=/home/rinav/ros2_ws/src/husky/install/husky_msgs/local/lib/python3.10/dist-packages:${PYTHONPATH} /usr/bin/cmake /home/rinav/ros2_ws/src/husky/husky_robot -DCMAKE_INSTALL_PREFIX=/home/rinav/ros2_ws/src/husky/install/husky_robot
[0.039s] -- The C compiler identification is GNU 11.4.0
[0.072s] -- The CXX compiler identification is GNU 11.4.0
[0.082s] -- Detecting C compiler ABI info
[0.121s] -- Detecting C compiler ABI info - done
[0.127s] -- Check for working C compiler: /usr/bin/cc - skipped
[0.127s] -- Detecting C compile features
[0.127s] -- Detecting C compile features - done
[0.129s] -- Detecting CXX compiler ABI info
[0.174s] -- Detecting CXX compiler ABI info - done
[0.179s] -- Check for working CXX compiler: /usr/bin/c++ - skipped
[0.179s] -- Detecting CXX compile features
[0.179s] -- Detecting CXX compile features - done
[0.182s] -- Found ament_cmake: 1.3.12 (/opt/ros/humble/share/ament_cmake/cmake)
[0.267s] -- Found Python3: /usr/bin/python3 (found version "3.10.12") found components: Interpreter 
[0.363s] -- Configuring done
[0.365s] -- Generating done
[0.366s] -- Build files have been written to: /home/rinav/ros2_ws/src/husky/build/husky_robot
[0.370s] Invoked command in '/home/rinav/ros2_ws/src/husky/build/husky_robot' returned '0': AMENT_PREFIX_PATH=/home/rinav/ros2_ws/src/husky/install/husky_bringup:/home/rinav/ros2_ws/src/husky/install/husky_control:/home/rinav/ros2_ws/src/husky/install/husky_base:/home/rinav/ros2_ws/src/husky/install/husky_msgs:/home/rinav/ros2_ws/src/husky/install/husky_description:${AMENT_PREFIX_PATH} CMAKE_PREFIX_PATH=/home/rinav/ros2_ws/src/husky/install/husky_bringup:/home/rinav/ros2_ws/src/husky/install/husky_control:/home/rinav/ros2_ws/src/husky/install/husky_base:/home/rinav/ros2_ws/src/husky/install/husky_msgs:/home/rinav/ros2_ws/src/husky/install/husky_description:/home/rinav/ros2_ws/install/husky_bringup:/home/rinav/ros2_ws/install/husky_base:/home/rinav/ros2_ws/install/husky_msgs:/home/rinav/ros2_ws/install/husky_control:/home/rinav/ros2_ws/install/husky_description:/opt/ros/humble LD_LIBRARY_PATH=/home/rinav/ros2_ws/src/husky/install/husky_base/lib:/home/rinav/ros2_ws/src/husky/install/husky_msgs/lib:${LD_LIBRARY_PATH} PYTHONPATH=/home/rinav/ros2_ws/src/husky/install/husky_msgs/local/lib/python3.10/dist-packages:${PYTHONPATH} /usr/bin/cmake /home/rinav/ros2_ws/src/husky/husky_robot -DCMAKE_INSTALL_PREFIX=/home/rinav/ros2_ws/src/husky/install/husky_robot
[0.370s] Invoking command in '/home/rinav/ros2_ws/src/husky/build/husky_robot': AMENT_PREFIX_PATH=/home/rinav/ros2_ws/src/husky/install/husky_bringup:/home/rinav/ros2_ws/src/husky/install/husky_control:/home/rinav/ros2_ws/src/husky/install/husky_base:/home/rinav/ros2_ws/src/husky/install/husky_msgs:/home/rinav/ros2_ws/src/husky/install/husky_description:${AMENT_PREFIX_PATH} CMAKE_PREFIX_PATH=/home/rinav/ros2_ws/src/husky/install/husky_bringup:/home/rinav/ros2_ws/src/husky/install/husky_control:/home/rinav/ros2_ws/src/husky/install/husky_base:/home/rinav/ros2_ws/src/husky/install/husky_msgs:/home/rinav/ros2_ws/src/husky/install/husky_description:/home/rinav/ros2_ws/install/husky_bringup:/home/rinav/ros2_ws/install/husky_base:/home/rinav/ros2_ws/install/husky_msgs:/home/rinav/ros2_ws/install/husky_control:/home/rinav/ros2_ws/install/husky_description:/opt/ros/humble LD_LIBRARY_PATH=/home/rinav/ros2_ws/src/husky/install/husky_base/lib:/home/rinav/ros2_ws/src/husky/install/husky_msgs/lib:${LD_LIBRARY_PATH} PYTHONPATH=/home/rinav/ros2_ws/src/husky/install/husky_msgs/local/lib/python3.10/dist-packages:${PYTHONPATH} /usr/bin/cmake --build /home/rinav/ros2_ws/src/husky/build/husky_robot -- -j8 -l8
[0.389s] Invoked command in '/home/rinav/ros2_ws/src/husky/build/husky_robot' returned '0': AMENT_PREFIX_PATH=/home/rinav/ros2_ws/src/husky/install/husky_bringup:/home/rinav/ros2_ws/src/husky/install/husky_control:/home/rinav/ros2_ws/src/husky/install/husky_base:/home/rinav/ros2_ws/src/husky/install/husky_msgs:/home/rinav/ros2_ws/src/husky/install/husky_description:${AMENT_PREFIX_PATH} CMAKE_PREFIX_PATH=/home/rinav/ros2_ws/src/husky/install/husky_bringup:/home/rinav/ros2_ws/src/husky/install/husky_control:/home/rinav/ros2_ws/src/husky/install/husky_base:/home/rinav/ros2_ws/src/husky/install/husky_msgs:/home/rinav/ros2_ws/src/husky/install/husky_description:/home/rinav/ros2_ws/install/husky_bringup:/home/rinav/ros2_ws/install/husky_base:/home/rinav/ros2_ws/install/husky_msgs:/home/rinav/ros2_ws/install/husky_control:/home/rinav/ros2_ws/install/husky_description:/opt/ros/humble LD_LIBRARY_PATH=/home/rinav/ros2_ws/src/husky/install/husky_base/lib:/home/rinav/ros2_ws/src/husky/install/husky_msgs/lib:${LD_LIBRARY_PATH} PYTHONPATH=/home/rinav/ros2_ws/src/husky/install/husky_msgs/local/lib/python3.10/dist-packages:${PYTHONPATH} /usr/bin/cmake --build /home/rinav/ros2_ws/src/husky/build/husky_robot -- -j8 -l8
[0.389s] Invoking command in '/home/rinav/ros2_ws/src/husky/build/husky_robot': AMENT_PREFIX_PATH=/home/rinav/ros2_ws/src/husky/install/husky_bringup:/home/rinav/ros2_ws/src/husky/install/husky_control:/home/rinav/ros2_ws/src/husky/install/husky_base:/home/rinav/ros2_ws/src/husky/install/husky_msgs:/home/rinav/ros2_ws/src/husky/install/husky_description:${AMENT_PREFIX_PATH} CMAKE_PREFIX_PATH=/home/rinav/ros2_ws/src/husky/install/husky_bringup:/home/rinav/ros2_ws/src/husky/install/husky_control:/home/rinav/ros2_ws/src/husky/install/husky_base:/home/rinav/ros2_ws/src/husky/install/husky_msgs:/home/rinav/ros2_ws/src/husky/install/husky_description:/home/rinav/ros2_ws/install/husky_bringup:/home/rinav/ros2_ws/install/husky_base:/home/rinav/ros2_ws/install/husky_msgs:/home/rinav/ros2_ws/install/husky_control:/home/rinav/ros2_ws/install/husky_description:/opt/ros/humble LD_LIBRARY_PATH=/home/rinav/ros2_ws/src/husky/install/husky_base/lib:/home/rinav/ros2_ws/src/husky/install/husky_msgs/lib:${LD_LIBRARY_PATH} PYTHONPATH=/home/rinav/ros2_ws/src/husky/install/husky_msgs/local/lib/python3.10/dist-packages:${PYTHONPATH} /usr/bin/cmake --install /home/rinav/ros2_ws/src/husky/build/husky_robot
[0.393s] -- Install configuration: ""
[0.393s] -- Installing: /home/rinav/ros2_ws/src/husky/install/husky_robot/share/ament_index/resource_index/package_run_dependencies/husky_robot
[0.393s] -- Installing: /home/rinav/ros2_ws/src/husky/install/husky_robot/share/ament_index/resource_index/parent_prefix_path/husky_robot
[0.393s] -- Installing: /home/rinav/ros2_ws/src/husky/install/husky_robot/share/husky_robot/environment/ament_prefix_path.sh
[0.393s] -- Installing: /home/rinav/ros2_ws/src/husky/install/husky_robot/share/husky_robot/environment/ament_prefix_path.dsv
[0.393s] -- Installing: /home/rinav/ros2_ws/src/husky/install/husky_robot/share/husky_robot/environment/path.sh
[0.393s] -- Installing: /home/rinav/ros2_ws/src/husky/install/husky_robot/share/husky_robot/environment/path.dsv
[0.393s] -- Installing: /home/rinav/ros2_ws/src/husky/install/husky_robot/share/husky_robot/local_setup.bash
[0.394s] -- Installing: /home/rinav/ros2_ws/src/husky/install/husky_robot/share/husky_robot/local_setup.sh
[0.394s] -- Installing: /home/rinav/ros2_ws/src/husky/install/husky_robot/share/husky_robot/local_setup.zsh
[0.394s] -- Installing: /home/rinav/ros2_ws/src/husky/install/husky_robot/share/husky_robot/local_setup.dsv
[0.394s] -- Installing: /home/rinav/ros2_ws/src/husky/install/husky_robot/share/husky_robot/package.dsv
[0.394s] -- Installing: /home/rinav/ros2_ws/src/husky/install/husky_robot/share/ament_index/resource_index/packages/husky_robot
[0.394s] -- Installing: /home/rinav/ros2_ws/src/husky/install/husky_robot/share/husky_robot/cmake/husky_robotConfig.cmake
[0.394s] -- Installing: /home/rinav/ros2_ws/src/husky/install/husky_robot/share/husky_robot/cmake/husky_robotConfig-version.cmake
[0.394s] -- Installing: /home/rinav/ros2_ws/src/husky/install/husky_robot/share/husky_robot/package.xml
[0.397s] Invoked command in '/home/rinav/ros2_ws/src/husky/build/husky_robot' returned '0': AMENT_PREFIX_PATH=/home/rinav/ros2_ws/src/husky/install/husky_bringup:/home/rinav/ros2_ws/src/husky/install/husky_control:/home/rinav/ros2_ws/src/husky/install/husky_base:/home/rinav/ros2_ws/src/husky/install/husky_msgs:/home/rinav/ros2_ws/src/husky/install/husky_description:${AMENT_PREFIX_PATH} CMAKE_PREFIX_PATH=/home/rinav/ros2_ws/src/husky/install/husky_bringup:/home/rinav/ros2_ws/src/husky/install/husky_control:/home/rinav/ros2_ws/src/husky/install/husky_base:/home/rinav/ros2_ws/src/husky/install/husky_msgs:/home/rinav/ros2_ws/src/husky/install/husky_description:/home/rinav/ros2_ws/install/husky_bringup:/home/rinav/ros2_ws/install/husky_base:/home/rinav/ros2_ws/install/husky_msgs:/home/rinav/ros2_ws/install/husky_control:/home/rinav/ros2_ws/install/husky_description:/opt/ros/humble LD_LIBRARY_PATH=/home/rinav/ros2_ws/src/husky/install/husky_base/lib:/home/rinav/ros2_ws/src/husky/install/husky_msgs/lib:${LD_LIBRARY_PATH} PYTHONPATH=/home/rinav/ros2_ws/src/husky/install/husky_msgs/local/lib/python3.10/dist-packages:${PYTHONPATH} /usr/bin/cmake --install /home/rinav/ros2_ws/src/husky/build/husky_robot
