[0.092s] Invoking command in '/home/rinav/ros2_ws/build/ur_controllers': CMAKE_PREFIX_PATH=/home/rinav/ros2_ws/install/ur_dashboard_msgs:/home/rinav/ros2_ws/install/ur:/home/rinav/ros2_ws/install/ur_calibration:/home/rinav/ros2_ws/install/ur_robot_driver:/home/rinav/ros2_ws/install/ur_moveit_config:/home/rinav/ros2_ws/install/ur_bringup:/home/rinav/ros2_ws/install/ur_description:/home/rinav/ros2_ws/install/ur_controllers:/home/rinav/ros2_ws/install/turtlesim:/home/rinav/ros2_ws/install/srdfdom:/home/rinav/ros2_ws/install/rviz_visual_testing_framework:/home/rinav/ros2_ws/install/rviz_rendering_tests:/home/rinav/ros2_ws/install/husky_desktop:/home/rinav/ros2_ws/install/husky_viz:/home/rinav/ros2_ws/install/husky_ur3_moveit_config:/home/rinav/ros2_ws/install/rviz2:/home/rinav/ros2_ws/install/rviz_default_plugins:/home/rinav/ros2_ws/install/rviz_common:/home/rinav/ros2_ws/install/rviz_rendering:/home/rinav/ros2_ws/install/rviz_ogre_vendor:/home/rinav/ros2_ws/install/rviz_assimp_vendor:/home/rinav/ros2_ws/install/rosparam_shortcuts:/home/rinav/ros2_ws/install/robotis_manipulator:/home/rinav/ros2_ws/install/husky_ur3_ignition:/home/rinav/ros2_ws/install/husky_simulator:/home/rinav/ros2_ws/install/husky_robot:/home/rinav/ros2_ws/install/husky_bringup:/home/rinav/ros2_ws/install/husky_base:/home/rinav/ros2_ws/install/husky_msgs:/home/rinav/ros2_ws/install/husky_gazebo:/home/rinav/ros2_ws/install/husky_control:/home/rinav/ros2_ws/install/husky_description:/home/rinav/ros2_ws/src/rviz/install:/opt/ros/humble:/home/rinav/ros2_ws/install/trial_package:/home/rinav/ros2_ws/install/py_srvcli:/home/rinav/ros2_ws/install/py_pubsub:/home/rinav/ros2_ws/install/mobile_robotics:/home/rinav/ros2_ws/install/launch_param_builder LD_LIBRARY_PATH=/home/rinav/ros2_ws/install/ur_dashboard_msgs/lib:/home/rinav/ros2_ws/install/ur_robot_driver/lib:/home/rinav/ros2_ws/install/ur_controllers/lib:/home/rinav/ros2_ws/install/turtlesim/lib:/home/rinav/ros2_ws/install/pilz_industrial_motion_planner_testutils/lib:/home/rinav/ros2_ws/install/moveit_ros_control_interface/lib:/home/rinav/ros2_ws/install/moveit_simple_controller_manager/lib:/home/rinav/ros2_ws/install/moveit_ros_planning/lib:/home/rinav/ros2_ws/install/moveit_ros_occupancy_map_monitor/lib:/home/rinav/ros2_ws/install/moveit_resources_prbt_ikfast_manipulator_plugin/lib:/home/rinav/ros2_ws/install/moveit_planners_chomp/lib:/home/rinav/ros2_ws/install/moveit_chomp_optimizer_adapter/lib:/home/rinav/ros2_ws/install/chomp_motion_planner/lib:/home/rinav/ros2_ws/install/moveit_core/lib:/home/rinav/ros2_ws/install/srdfdom/lib:/home/rinav/ros2_ws/install/rviz_default_plugins/lib:/home/rinav/ros2_ws/install/rviz_common/lib:/home/rinav/ros2_ws/install/rviz_rendering/lib:/home/rinav/ros2_ws/install/rviz_ogre_vendor/opt/rviz_ogre_vendor/lib:/home/rinav/ros2_ws/install/rviz_marker_tools/lib:/home/rinav/ros2_ws/install/rosparam_shortcuts/lib:/home/rinav/ros2_ws/install/robotis_manipulator/lib:/home/rinav/ros2_ws/install/moveit_task_constructor_msgs/lib:/home/rinav/ros2_ws/install/husky_base/lib:/home/rinav/ros2_ws/install/husky_msgs/lib:/home/rinav/ros2_ws/src/rviz/install/opt/rviz_ogre_vendor/lib:/home/rinav/ros2_ws/src/rviz/install/lib:/opt/ros/humble/opt/rviz_ogre_vendor/lib:/opt/ros/humble/lib/aarch64-linux-gnu:/opt/ros/humble/lib /usr/bin/cmake --build /home/rinav/ros2_ws/build/ur_controllers -- -j8 -l8
[0.199s] [  5%] Built target tool_contact_controller_parameters
[0.275s] [ 11%] Built target ur_configuration_controller_parameters
[0.291s] [ 17%] Built target gmock_main
[0.361s] [ 26%] Built target gmock
[0.386s] [ 32%] Built target passthrough_trajectory_controller_parameters
[0.472s] [ 38%] Built target freedrive_mode_controller_parameters
[0.535s] [ 44%] Built target scaled_joint_trajectory_controller_parameters
[0.575s] [ 50%] Built target speed_scaling_state_broadcaster_parameters
[0.652s] [ 55%] Built target gpio_controller_parameters
[0.710s] [ 61%] Built target force_mode_controller_parameters
[0.818s] [ 88%] Built target ur_controllers
[0.959s] [ 94%] Built target test_load_force_mode_controller
[1.000s] [100%] Built target test_load_freedrive_mode_controller
[1.058s] Invoked command in '/home/rinav/ros2_ws/build/ur_controllers' returned '0': CMAKE_PREFIX_PATH=/home/rinav/ros2_ws/install/ur_dashboard_msgs:/home/rinav/ros2_ws/install/ur:/home/rinav/ros2_ws/install/ur_calibration:/home/rinav/ros2_ws/install/ur_robot_driver:/home/rinav/ros2_ws/install/ur_moveit_config:/home/rinav/ros2_ws/install/ur_bringup:/home/rinav/ros2_ws/install/ur_description:/home/rinav/ros2_ws/install/ur_controllers:/home/rinav/ros2_ws/install/turtlesim:/home/rinav/ros2_ws/install/srdfdom:/home/rinav/ros2_ws/install/rviz_visual_testing_framework:/home/rinav/ros2_ws/install/rviz_rendering_tests:/home/rinav/ros2_ws/install/husky_desktop:/home/rinav/ros2_ws/install/husky_viz:/home/rinav/ros2_ws/install/husky_ur3_moveit_config:/home/rinav/ros2_ws/install/rviz2:/home/rinav/ros2_ws/install/rviz_default_plugins:/home/rinav/ros2_ws/install/rviz_common:/home/rinav/ros2_ws/install/rviz_rendering:/home/rinav/ros2_ws/install/rviz_ogre_vendor:/home/rinav/ros2_ws/install/rviz_assimp_vendor:/home/rinav/ros2_ws/install/rosparam_shortcuts:/home/rinav/ros2_ws/install/robotis_manipulator:/home/rinav/ros2_ws/install/husky_ur3_ignition:/home/rinav/ros2_ws/install/husky_simulator:/home/rinav/ros2_ws/install/husky_robot:/home/rinav/ros2_ws/install/husky_bringup:/home/rinav/ros2_ws/install/husky_base:/home/rinav/ros2_ws/install/husky_msgs:/home/rinav/ros2_ws/install/husky_gazebo:/home/rinav/ros2_ws/install/husky_control:/home/rinav/ros2_ws/install/husky_description:/home/rinav/ros2_ws/src/rviz/install:/opt/ros/humble:/home/rinav/ros2_ws/install/trial_package:/home/rinav/ros2_ws/install/py_srvcli:/home/rinav/ros2_ws/install/py_pubsub:/home/rinav/ros2_ws/install/mobile_robotics:/home/rinav/ros2_ws/install/launch_param_builder LD_LIBRARY_PATH=/home/rinav/ros2_ws/install/ur_dashboard_msgs/lib:/home/rinav/ros2_ws/install/ur_robot_driver/lib:/home/rinav/ros2_ws/install/ur_controllers/lib:/home/rinav/ros2_ws/install/turtlesim/lib:/home/rinav/ros2_ws/install/pilz_industrial_motion_planner_testutils/lib:/home/rinav/ros2_ws/install/moveit_ros_control_interface/lib:/home/rinav/ros2_ws/install/moveit_simple_controller_manager/lib:/home/rinav/ros2_ws/install/moveit_ros_planning/lib:/home/rinav/ros2_ws/install/moveit_ros_occupancy_map_monitor/lib:/home/rinav/ros2_ws/install/moveit_resources_prbt_ikfast_manipulator_plugin/lib:/home/rinav/ros2_ws/install/moveit_planners_chomp/lib:/home/rinav/ros2_ws/install/moveit_chomp_optimizer_adapter/lib:/home/rinav/ros2_ws/install/chomp_motion_planner/lib:/home/rinav/ros2_ws/install/moveit_core/lib:/home/rinav/ros2_ws/install/srdfdom/lib:/home/rinav/ros2_ws/install/rviz_default_plugins/lib:/home/rinav/ros2_ws/install/rviz_common/lib:/home/rinav/ros2_ws/install/rviz_rendering/lib:/home/rinav/ros2_ws/install/rviz_ogre_vendor/opt/rviz_ogre_vendor/lib:/home/rinav/ros2_ws/install/rviz_marker_tools/lib:/home/rinav/ros2_ws/install/rosparam_shortcuts/lib:/home/rinav/ros2_ws/install/robotis_manipulator/lib:/home/rinav/ros2_ws/install/moveit_task_constructor_msgs/lib:/home/rinav/ros2_ws/install/husky_base/lib:/home/rinav/ros2_ws/install/husky_msgs/lib:/home/rinav/ros2_ws/src/rviz/install/opt/rviz_ogre_vendor/lib:/home/rinav/ros2_ws/src/rviz/install/lib:/opt/ros/humble/opt/rviz_ogre_vendor/lib:/opt/ros/humble/lib/aarch64-linux-gnu:/opt/ros/humble/lib /usr/bin/cmake --build /home/rinav/ros2_ws/build/ur_controllers -- -j8 -l8
[1.062s] Invoking command in '/home/rinav/ros2_ws/build/ur_controllers': CMAKE_PREFIX_PATH=/home/rinav/ros2_ws/install/ur_dashboard_msgs:/home/rinav/ros2_ws/install/ur:/home/rinav/ros2_ws/install/ur_calibration:/home/rinav/ros2_ws/install/ur_robot_driver:/home/rinav/ros2_ws/install/ur_moveit_config:/home/rinav/ros2_ws/install/ur_bringup:/home/rinav/ros2_ws/install/ur_description:/home/rinav/ros2_ws/install/ur_controllers:/home/rinav/ros2_ws/install/turtlesim:/home/rinav/ros2_ws/install/srdfdom:/home/rinav/ros2_ws/install/rviz_visual_testing_framework:/home/rinav/ros2_ws/install/rviz_rendering_tests:/home/rinav/ros2_ws/install/husky_desktop:/home/rinav/ros2_ws/install/husky_viz:/home/rinav/ros2_ws/install/husky_ur3_moveit_config:/home/rinav/ros2_ws/install/rviz2:/home/rinav/ros2_ws/install/rviz_default_plugins:/home/rinav/ros2_ws/install/rviz_common:/home/rinav/ros2_ws/install/rviz_rendering:/home/rinav/ros2_ws/install/rviz_ogre_vendor:/home/rinav/ros2_ws/install/rviz_assimp_vendor:/home/rinav/ros2_ws/install/rosparam_shortcuts:/home/rinav/ros2_ws/install/robotis_manipulator:/home/rinav/ros2_ws/install/husky_ur3_ignition:/home/rinav/ros2_ws/install/husky_simulator:/home/rinav/ros2_ws/install/husky_robot:/home/rinav/ros2_ws/install/husky_bringup:/home/rinav/ros2_ws/install/husky_base:/home/rinav/ros2_ws/install/husky_msgs:/home/rinav/ros2_ws/install/husky_gazebo:/home/rinav/ros2_ws/install/husky_control:/home/rinav/ros2_ws/install/husky_description:/home/rinav/ros2_ws/src/rviz/install:/opt/ros/humble:/home/rinav/ros2_ws/install/trial_package:/home/rinav/ros2_ws/install/py_srvcli:/home/rinav/ros2_ws/install/py_pubsub:/home/rinav/ros2_ws/install/mobile_robotics:/home/rinav/ros2_ws/install/launch_param_builder LD_LIBRARY_PATH=/home/rinav/ros2_ws/install/ur_dashboard_msgs/lib:/home/rinav/ros2_ws/install/ur_robot_driver/lib:/home/rinav/ros2_ws/install/ur_controllers/lib:/home/rinav/ros2_ws/install/turtlesim/lib:/home/rinav/ros2_ws/install/pilz_industrial_motion_planner_testutils/lib:/home/rinav/ros2_ws/install/moveit_ros_control_interface/lib:/home/rinav/ros2_ws/install/moveit_simple_controller_manager/lib:/home/rinav/ros2_ws/install/moveit_ros_planning/lib:/home/rinav/ros2_ws/install/moveit_ros_occupancy_map_monitor/lib:/home/rinav/ros2_ws/install/moveit_resources_prbt_ikfast_manipulator_plugin/lib:/home/rinav/ros2_ws/install/moveit_planners_chomp/lib:/home/rinav/ros2_ws/install/moveit_chomp_optimizer_adapter/lib:/home/rinav/ros2_ws/install/chomp_motion_planner/lib:/home/rinav/ros2_ws/install/moveit_core/lib:/home/rinav/ros2_ws/install/srdfdom/lib:/home/rinav/ros2_ws/install/rviz_default_plugins/lib:/home/rinav/ros2_ws/install/rviz_common/lib:/home/rinav/ros2_ws/install/rviz_rendering/lib:/home/rinav/ros2_ws/install/rviz_ogre_vendor/opt/rviz_ogre_vendor/lib:/home/rinav/ros2_ws/install/rviz_marker_tools/lib:/home/rinav/ros2_ws/install/rosparam_shortcuts/lib:/home/rinav/ros2_ws/install/robotis_manipulator/lib:/home/rinav/ros2_ws/install/moveit_task_constructor_msgs/lib:/home/rinav/ros2_ws/install/husky_base/lib:/home/rinav/ros2_ws/install/husky_msgs/lib:/home/rinav/ros2_ws/src/rviz/install/opt/rviz_ogre_vendor/lib:/home/rinav/ros2_ws/src/rviz/install/lib:/opt/ros/humble/opt/rviz_ogre_vendor/lib:/opt/ros/humble/lib/aarch64-linux-gnu:/opt/ros/humble/lib /usr/bin/cmake --install /home/rinav/ros2_ws/build/ur_controllers
[1.068s] -- Install configuration: ""
[1.068s] -- Up-to-date: /home/rinav/ros2_ws/install/ur_controllers/include/ur_controllers
[1.068s] -- Up-to-date: /home/rinav/ros2_ws/install/ur_controllers/include/ur_controllers/force_mode_controller_parameters.hpp
[1.068s] -- Up-to-date: /home/rinav/ros2_ws/install/ur_controllers/include/ur_controllers/ur_configuration_controller_parameters.hpp
[1.068s] -- Up-to-date: /home/rinav/ros2_ws/install/ur_controllers/include/ur_controllers/speed_scaling_state_broadcaster_parameters.hpp
[1.069s] -- Up-to-date: /home/rinav/ros2_ws/install/ur_controllers/include/ur_controllers/passthrough_trajectory_controller_parameters.hpp
[1.069s] -- Up-to-date: /home/rinav/ros2_ws/install/ur_controllers/include/ur_controllers/gpio_controller_parameters.hpp
[1.069s] -- Up-to-date: /home/rinav/ros2_ws/install/ur_controllers/include/ur_controllers/scaled_joint_trajectory_controller_parameters.hpp
[1.069s] -- Up-to-date: /home/rinav/ros2_ws/install/ur_controllers/include/ur_controllers/freedrive_mode_controller_parameters.hpp
[1.069s] -- Up-to-date: /home/rinav/ros2_ws/install/ur_controllers/include/ur_controllers/tool_contact_controller_parameters.hpp
[1.069s] -- Up-to-date: /home/rinav/ros2_ws/install/ur_controllers/include/ur_controllers
[1.069s] -- Up-to-date: /home/rinav/ros2_ws/install/ur_controllers/include/ur_controllers/force_mode_controller_parameters.hpp
[1.069s] -- Up-to-date: /home/rinav/ros2_ws/install/ur_controllers/include/ur_controllers/ur_configuration_controller_parameters.hpp
[1.069s] -- Up-to-date: /home/rinav/ros2_ws/install/ur_controllers/include/ur_controllers/speed_scaling_state_broadcaster_parameters.hpp
[1.069s] -- Up-to-date: /home/rinav/ros2_ws/install/ur_controllers/include/ur_controllers/passthrough_trajectory_controller_parameters.hpp
[1.069s] -- Up-to-date: /home/rinav/ros2_ws/install/ur_controllers/include/ur_controllers/gpio_controller_parameters.hpp
[1.069s] -- Up-to-date: /home/rinav/ros2_ws/install/ur_controllers/include/ur_controllers/scaled_joint_trajectory_controller_parameters.hpp
[1.069s] -- Up-to-date: /home/rinav/ros2_ws/install/ur_controllers/include/ur_controllers/freedrive_mode_controller_parameters.hpp
[1.069s] -- Up-to-date: /home/rinav/ros2_ws/install/ur_controllers/include/ur_controllers/tool_contact_controller_parameters.hpp
[1.069s] -- Up-to-date: /home/rinav/ros2_ws/install/ur_controllers/include/ur_controllers
[1.069s] -- Up-to-date: /home/rinav/ros2_ws/install/ur_controllers/include/ur_controllers/force_mode_controller_parameters.hpp
[1.069s] -- Up-to-date: /home/rinav/ros2_ws/install/ur_controllers/include/ur_controllers/ur_configuration_controller_parameters.hpp
[1.069s] -- Up-to-date: /home/rinav/ros2_ws/install/ur_controllers/include/ur_controllers/speed_scaling_state_broadcaster_parameters.hpp
[1.069s] -- Up-to-date: /home/rinav/ros2_ws/install/ur_controllers/include/ur_controllers/passthrough_trajectory_controller_parameters.hpp
[1.069s] -- Up-to-date: /home/rinav/ros2_ws/install/ur_controllers/include/ur_controllers/gpio_controller_parameters.hpp
[1.069s] -- Up-to-date: /home/rinav/ros2_ws/install/ur_controllers/include/ur_controllers/scaled_joint_trajectory_controller_parameters.hpp
[1.069s] -- Up-to-date: /home/rinav/ros2_ws/install/ur_controllers/include/ur_controllers/freedrive_mode_controller_parameters.hpp
[1.069s] -- Up-to-date: /home/rinav/ros2_ws/install/ur_controllers/include/ur_controllers/tool_contact_controller_parameters.hpp
[1.069s] -- Up-to-date: /home/rinav/ros2_ws/install/ur_controllers/include/ur_controllers
[1.070s] -- Up-to-date: /home/rinav/ros2_ws/install/ur_controllers/include/ur_controllers/force_mode_controller_parameters.hpp
[1.072s] -- Up-to-date: /home/rinav/ros2_ws/install/ur_controllers/include/ur_controllers/ur_configuration_controller_parameters.hpp
[1.072s] -- Up-to-date: /home/rinav/ros2_ws/install/ur_controllers/include/ur_controllers/speed_scaling_state_broadcaster_parameters.hpp
[1.072s] -- Up-to-date: /home/rinav/ros2_ws/install/ur_controllers/include/ur_controllers/passthrough_trajectory_controller_parameters.hpp
[1.074s] -- Up-to-date: /home/rinav/ros2_ws/install/ur_controllers/include/ur_controllers/gpio_controller_parameters.hpp
[1.074s] -- Up-to-date: /home/rinav/ros2_ws/install/ur_controllers/include/ur_controllers/scaled_joint_trajectory_controller_parameters.hpp
[1.075s] -- Up-to-date: /home/rinav/ros2_ws/install/ur_controllers/include/ur_controllers/freedrive_mode_controller_parameters.hpp
[1.077s] -- Up-to-date: /home/rinav/ros2_ws/install/ur_controllers/include/ur_controllers/tool_contact_controller_parameters.hpp
[1.077s] -- Up-to-date: /home/rinav/ros2_ws/install/ur_controllers/include/ur_controllers
[1.077s] -- Up-to-date: /home/rinav/ros2_ws/install/ur_controllers/include/ur_controllers/force_mode_controller_parameters.hpp
[1.077s] -- Up-to-date: /home/rinav/ros2_ws/install/ur_controllers/include/ur_controllers/ur_configuration_controller_parameters.hpp
[1.077s] -- Up-to-date: /home/rinav/ros2_ws/install/ur_controllers/include/ur_controllers/speed_scaling_state_broadcaster_parameters.hpp
[1.077s] -- Up-to-date: /home/rinav/ros2_ws/install/ur_controllers/include/ur_controllers/passthrough_trajectory_controller_parameters.hpp
[1.077s] -- Up-to-date: /home/rinav/ros2_ws/install/ur_controllers/include/ur_controllers/gpio_controller_parameters.hpp
[1.077s] -- Up-to-date: /home/rinav/ros2_ws/install/ur_controllers/include/ur_controllers/scaled_joint_trajectory_controller_parameters.hpp
[1.077s] -- Up-to-date: /home/rinav/ros2_ws/install/ur_controllers/include/ur_controllers/freedrive_mode_controller_parameters.hpp
[1.077s] -- Up-to-date: /home/rinav/ros2_ws/install/ur_controllers/include/ur_controllers/tool_contact_controller_parameters.hpp
[1.077s] -- Up-to-date: /home/rinav/ros2_ws/install/ur_controllers/include/ur_controllers
[1.077s] -- Up-to-date: /home/rinav/ros2_ws/install/ur_controllers/include/ur_controllers/force_mode_controller_parameters.hpp
[1.077s] -- Up-to-date: /home/rinav/ros2_ws/install/ur_controllers/include/ur_controllers/ur_configuration_controller_parameters.hpp
[1.077s] -- Up-to-date: /home/rinav/ros2_ws/install/ur_controllers/include/ur_controllers/speed_scaling_state_broadcaster_parameters.hpp
[1.077s] -- Up-to-date: /home/rinav/ros2_ws/install/ur_controllers/include/ur_controllers/passthrough_trajectory_controller_parameters.hpp
[1.078s] -- Up-to-date: /home/rinav/ros2_ws/install/ur_controllers/include/ur_controllers/gpio_controller_parameters.hpp
[1.078s] -- Up-to-date: /home/rinav/ros2_ws/install/ur_controllers/include/ur_controllers/scaled_joint_trajectory_controller_parameters.hpp
[1.078s] -- Up-to-date: /home/rinav/ros2_ws/install/ur_controllers/include/ur_controllers/freedrive_mode_controller_parameters.hpp
[1.078s] -- Up-to-date: /home/rinav/ros2_ws/install/ur_controllers/include/ur_controllers/tool_contact_controller_parameters.hpp
[1.078s] -- Up-to-date: /home/rinav/ros2_ws/install/ur_controllers/include/ur_controllers
[1.078s] -- Up-to-date: /home/rinav/ros2_ws/install/ur_controllers/include/ur_controllers/force_mode_controller_parameters.hpp
[1.078s] -- Up-to-date: /home/rinav/ros2_ws/install/ur_controllers/include/ur_controllers/ur_configuration_controller_parameters.hpp
[1.078s] -- Up-to-date: /home/rinav/ros2_ws/install/ur_controllers/include/ur_controllers/speed_scaling_state_broadcaster_parameters.hpp
[1.078s] -- Up-to-date: /home/rinav/ros2_ws/install/ur_controllers/include/ur_controllers/passthrough_trajectory_controller_parameters.hpp
[1.085s] -- Up-to-date: /home/rinav/ros2_ws/install/ur_controllers/include/ur_controllers/gpio_controller_parameters.hpp
[1.085s] -- Up-to-date: /home/rinav/ros2_ws/install/ur_controllers/include/ur_controllers/scaled_joint_trajectory_controller_parameters.hpp
[1.085s] -- Up-to-date: /home/rinav/ros2_ws/install/ur_controllers/include/ur_controllers/freedrive_mode_controller_parameters.hpp
[1.086s] -- Up-to-date: /home/rinav/ros2_ws/install/ur_controllers/include/ur_controllers/tool_contact_controller_parameters.hpp
[1.086s] -- Up-to-date: /home/rinav/ros2_ws/install/ur_controllers/include/ur_controllers
[1.086s] -- Up-to-date: /home/rinav/ros2_ws/install/ur_controllers/include/ur_controllers/force_mode_controller_parameters.hpp
[1.086s] -- Up-to-date: /home/rinav/ros2_ws/install/ur_controllers/include/ur_controllers/ur_configuration_controller_parameters.hpp
[1.086s] -- Up-to-date: /home/rinav/ros2_ws/install/ur_controllers/include/ur_controllers/speed_scaling_state_broadcaster_parameters.hpp
[1.086s] -- Up-to-date: /home/rinav/ros2_ws/install/ur_controllers/include/ur_controllers/passthrough_trajectory_controller_parameters.hpp
[1.086s] -- Up-to-date: /home/rinav/ros2_ws/install/ur_controllers/include/ur_controllers/gpio_controller_parameters.hpp
[1.086s] -- Up-to-date: /home/rinav/ros2_ws/install/ur_controllers/include/ur_controllers/scaled_joint_trajectory_controller_parameters.hpp
[1.086s] -- Up-to-date: /home/rinav/ros2_ws/install/ur_controllers/include/ur_controllers/freedrive_mode_controller_parameters.hpp
[1.086s] -- Up-to-date: /home/rinav/ros2_ws/install/ur_controllers/include/ur_controllers/tool_contact_controller_parameters.hpp
[1.086s] -- Up-to-date: /home/rinav/ros2_ws/install/ur_controllers/share/ur_controllers/controller_plugins.xml
[1.086s] -- Up-to-date: /home/rinav/ros2_ws/install/ur_controllers/lib/libur_controllers.so
[1.086s] -- Up-to-date: /home/rinav/ros2_ws/install/ur_controllers/include
[1.086s] -- Up-to-date: /home/rinav/ros2_ws/install/ur_controllers/include/ur_controllers
[1.086s] -- Up-to-date: /home/rinav/ros2_ws/install/ur_controllers/include/ur_controllers/gpio_controller.hpp
[1.086s] -- Up-to-date: /home/rinav/ros2_ws/install/ur_controllers/include/ur_controllers/scaled_joint_trajectory_controller.hpp
[1.086s] -- Up-to-date: /home/rinav/ros2_ws/install/ur_controllers/include/ur_controllers/ur_configuration_controller.hpp
[1.086s] -- Up-to-date: /home/rinav/ros2_ws/install/ur_controllers/include/ur_controllers/freedrive_mode_controller.hpp
[1.086s] -- Up-to-date: /home/rinav/ros2_ws/install/ur_controllers/include/ur_controllers/tool_contact_controller.hpp
[1.086s] -- Up-to-date: /home/rinav/ros2_ws/install/ur_controllers/include/ur_controllers/force_mode_controller.hpp
[1.086s] -- Up-to-date: /home/rinav/ros2_ws/install/ur_controllers/include/ur_controllers/speed_scaling_state_broadcaster.hpp
[1.086s] -- Up-to-date: /home/rinav/ros2_ws/install/ur_controllers/include/ur_controllers/passthrough_trajectory_controller.hpp
[1.086s] -- Up-to-date: /home/rinav/ros2_ws/install/ur_controllers/share/ur_controllers/controller_plugins.xml
[1.086s] -- Up-to-date: /home/rinav/ros2_ws/install/ur_controllers/share/ur_controllers/environment/library_path.sh
[1.086s] -- Up-to-date: /home/rinav/ros2_ws/install/ur_controllers/share/ur_controllers/environment/library_path.dsv
[1.086s] -- Up-to-date: /home/rinav/ros2_ws/install/ur_controllers/share/ament_index/resource_index/package_run_dependencies/ur_controllers
[1.086s] -- Up-to-date: /home/rinav/ros2_ws/install/ur_controllers/share/ament_index/resource_index/parent_prefix_path/ur_controllers
[1.086s] -- Up-to-date: /home/rinav/ros2_ws/install/ur_controllers/share/ur_controllers/environment/ament_prefix_path.sh
[1.086s] -- Up-to-date: /home/rinav/ros2_ws/install/ur_controllers/share/ur_controllers/environment/ament_prefix_path.dsv
[1.087s] -- Up-to-date: /home/rinav/ros2_ws/install/ur_controllers/share/ur_controllers/environment/path.sh
[1.087s] -- Up-to-date: /home/rinav/ros2_ws/install/ur_controllers/share/ur_controllers/environment/path.dsv
[1.087s] -- Up-to-date: /home/rinav/ros2_ws/install/ur_controllers/share/ur_controllers/local_setup.bash
[1.087s] -- Up-to-date: /home/rinav/ros2_ws/install/ur_controllers/share/ur_controllers/local_setup.sh
[1.087s] -- Up-to-date: /home/rinav/ros2_ws/install/ur_controllers/share/ur_controllers/local_setup.zsh
[1.087s] -- Up-to-date: /home/rinav/ros2_ws/install/ur_controllers/share/ur_controllers/local_setup.dsv
[1.087s] -- Installing: /home/rinav/ros2_ws/install/ur_controllers/share/ur_controllers/package.dsv
[1.087s] -- Up-to-date: /home/rinav/ros2_ws/install/ur_controllers/share/ament_index/resource_index/packages/ur_controllers
[1.087s] -- Up-to-date: /home/rinav/ros2_ws/install/ur_controllers/share/ament_index/resource_index/controller_interface__pluginlib__plugin/ur_controllers
[1.087s] -- Up-to-date: /home/rinav/ros2_ws/install/ur_controllers/share/ur_controllers/cmake/ament_cmake_export_dependencies-extras.cmake
[1.087s] -- Up-to-date: /home/rinav/ros2_ws/install/ur_controllers/share/ur_controllers/cmake/ament_cmake_export_include_directories-extras.cmake
[1.087s] -- Up-to-date: /home/rinav/ros2_ws/install/ur_controllers/share/ur_controllers/cmake/ament_cmake_export_libraries-extras.cmake
[1.087s] -- Up-to-date: /home/rinav/ros2_ws/install/ur_controllers/share/ur_controllers/cmake/ur_controllersConfig.cmake
[1.087s] -- Up-to-date: /home/rinav/ros2_ws/install/ur_controllers/share/ur_controllers/cmake/ur_controllersConfig-version.cmake
[1.087s] -- Up-to-date: /home/rinav/ros2_ws/install/ur_controllers/share/ur_controllers/package.xml
[1.091s] Invoked command in '/home/rinav/ros2_ws/build/ur_controllers' returned '0': CMAKE_PREFIX_PATH=/home/rinav/ros2_ws/install/ur_dashboard_msgs:/home/rinav/ros2_ws/install/ur:/home/rinav/ros2_ws/install/ur_calibration:/home/rinav/ros2_ws/install/ur_robot_driver:/home/rinav/ros2_ws/install/ur_moveit_config:/home/rinav/ros2_ws/install/ur_bringup:/home/rinav/ros2_ws/install/ur_description:/home/rinav/ros2_ws/install/ur_controllers:/home/rinav/ros2_ws/install/turtlesim:/home/rinav/ros2_ws/install/srdfdom:/home/rinav/ros2_ws/install/rviz_visual_testing_framework:/home/rinav/ros2_ws/install/rviz_rendering_tests:/home/rinav/ros2_ws/install/husky_desktop:/home/rinav/ros2_ws/install/husky_viz:/home/rinav/ros2_ws/install/husky_ur3_moveit_config:/home/rinav/ros2_ws/install/rviz2:/home/rinav/ros2_ws/install/rviz_default_plugins:/home/rinav/ros2_ws/install/rviz_common:/home/rinav/ros2_ws/install/rviz_rendering:/home/rinav/ros2_ws/install/rviz_ogre_vendor:/home/rinav/ros2_ws/install/rviz_assimp_vendor:/home/rinav/ros2_ws/install/rosparam_shortcuts:/home/rinav/ros2_ws/install/robotis_manipulator:/home/rinav/ros2_ws/install/husky_ur3_ignition:/home/rinav/ros2_ws/install/husky_simulator:/home/rinav/ros2_ws/install/husky_robot:/home/rinav/ros2_ws/install/husky_bringup:/home/rinav/ros2_ws/install/husky_base:/home/rinav/ros2_ws/install/husky_msgs:/home/rinav/ros2_ws/install/husky_gazebo:/home/rinav/ros2_ws/install/husky_control:/home/rinav/ros2_ws/install/husky_description:/home/rinav/ros2_ws/src/rviz/install:/opt/ros/humble:/home/rinav/ros2_ws/install/trial_package:/home/rinav/ros2_ws/install/py_srvcli:/home/rinav/ros2_ws/install/py_pubsub:/home/rinav/ros2_ws/install/mobile_robotics:/home/rinav/ros2_ws/install/launch_param_builder LD_LIBRARY_PATH=/home/rinav/ros2_ws/install/ur_dashboard_msgs/lib:/home/rinav/ros2_ws/install/ur_robot_driver/lib:/home/rinav/ros2_ws/install/ur_controllers/lib:/home/rinav/ros2_ws/install/turtlesim/lib:/home/rinav/ros2_ws/install/pilz_industrial_motion_planner_testutils/lib:/home/rinav/ros2_ws/install/moveit_ros_control_interface/lib:/home/rinav/ros2_ws/install/moveit_simple_controller_manager/lib:/home/rinav/ros2_ws/install/moveit_ros_planning/lib:/home/rinav/ros2_ws/install/moveit_ros_occupancy_map_monitor/lib:/home/rinav/ros2_ws/install/moveit_resources_prbt_ikfast_manipulator_plugin/lib:/home/rinav/ros2_ws/install/moveit_planners_chomp/lib:/home/rinav/ros2_ws/install/moveit_chomp_optimizer_adapter/lib:/home/rinav/ros2_ws/install/chomp_motion_planner/lib:/home/rinav/ros2_ws/install/moveit_core/lib:/home/rinav/ros2_ws/install/srdfdom/lib:/home/rinav/ros2_ws/install/rviz_default_plugins/lib:/home/rinav/ros2_ws/install/rviz_common/lib:/home/rinav/ros2_ws/install/rviz_rendering/lib:/home/rinav/ros2_ws/install/rviz_ogre_vendor/opt/rviz_ogre_vendor/lib:/home/rinav/ros2_ws/install/rviz_marker_tools/lib:/home/rinav/ros2_ws/install/rosparam_shortcuts/lib:/home/rinav/ros2_ws/install/robotis_manipulator/lib:/home/rinav/ros2_ws/install/moveit_task_constructor_msgs/lib:/home/rinav/ros2_ws/install/husky_base/lib:/home/rinav/ros2_ws/install/husky_msgs/lib:/home/rinav/ros2_ws/src/rviz/install/opt/rviz_ogre_vendor/lib:/home/rinav/ros2_ws/src/rviz/install/lib:/opt/ros/humble/opt/rviz_ogre_vendor/lib:/opt/ros/humble/lib/aarch64-linux-gnu:/opt/ros/humble/lib /usr/bin/cmake --install /home/rinav/ros2_ws/build/ur_controllers
