[0.037s] Invoking command in '/home/rinav/ros2_ws/build/moveit_planners_ompl': AMENT_PREFIX_PATH=/home/rinav/ros2_ws/install/moveit_ros_planning:/home/rinav/ros2_ws/install/moveit_ros_occupancy_map_monitor:/home/rinav/ros2_ws/install/moveit_core:/home/rinav/ros2_ws/install/moveit_resources_panda_moveit_config:/home/rinav/ros2_ws/install/moveit_resources_fanuc_moveit_config:/home/rinav/ros2_ws/install/moveit_configs_utils:/home/rinav/ros2_ws/install/srdfdom:/home/rinav/ros2_ws/install/moveit_resources_pr2_description:/home/rinav/ros2_ws/install/moveit_resources_panda_description:/home/rinav/ros2_ws/install/moveit_resources_fanuc_description:/home/rinav/ros2_ws/install/moveit_common:/home/rinav/ros2_ws/install/launch_param_builder:${AMENT_PREFIX_PATH} CMAKE_PREFIX_PATH=/home/rinav/ros2_ws/install/moveit_ros_planning:/home/rinav/ros2_ws/install/moveit_ros_occupancy_map_monitor:/home/rinav/ros2_ws/install/moveit_core:/home/rinav/ros2_ws/install/moveit_resources_panda_moveit_config:/home/rinav/ros2_ws/install/moveit_resources_fanuc_moveit_config:/home/rinav/ros2_ws/install/srdfdom:/home/rinav/ros2_ws/install/moveit_resources_pr2_description:/home/rinav/ros2_ws/install/moveit_resources_panda_description:/home/rinav/ros2_ws/install/moveit_resources_fanuc_description:/home/rinav/ros2_ws/install/moveit_common:/home/rinav/ros2_ws/install/rviz_visual_testing_framework:/home/rinav/ros2_ws/install/rviz_rendering_tests:/home/rinav/ros2_ws/install/rviz2:/home/rinav/ros2_ws/install/rviz_default_plugins:/home/rinav/ros2_ws/install/rviz_common:/home/rinav/ros2_ws/install/rviz_rendering:/home/rinav/ros2_ws/install/rviz_ogre_vendor:/home/rinav/ros2_ws/install/rviz_assimp_vendor:/home/rinav/ros2_ws/src/rviz/install:/home/rinav/ros2_ws/install/husky_ur3_moveit_config:/home/rinav/ros2_ws/install/ur:/home/rinav/ros2_ws/install/ur_calibration:/home/rinav/ros2_ws/install/ur_robot_driver:/home/rinav/ros2_ws/install/ur_moveit_config:/home/rinav/ros2_ws/install/ur_bringup:/home/rinav/ros2_ws/install/ur_description:/home/rinav/ros2_ws/install/ur_controllers:/home/rinav/ros2_ws/install/ur_dashboard_msgs:/home/rinav/ros2_ws/install/turtlesim:/home/rinav/ros2_ws/install/robotis_manipulator:/home/rinav/ros2_ws/install/husky_desktop:/home/rinav/ros2_ws/install/husky_viz:/home/rinav/ros2_ws/install/husky_ur3_ignition:/home/rinav/ros2_ws/install/husky_simulator:/home/rinav/ros2_ws/install/husky_robot:/home/rinav/ros2_ws/install/husky_bringup:/home/rinav/ros2_ws/install/husky_base:/home/rinav/ros2_ws/install/husky_msgs:/home/rinav/ros2_ws/install/husky_gazebo:/home/rinav/ros2_ws/install/husky_control:/home/rinav/ros2_ws/install/husky_description:/home/rinav/ros2_ws/install/trial_package:/home/rinav/ros2_ws/install/py_srvcli:/home/rinav/ros2_ws/install/py_pubsub:/home/rinav/ros2_ws/install/mobile_robotics:/opt/ros/humble LD_LIBRARY_PATH=/home/rinav/ros2_ws/install/moveit_ros_planning/lib:/home/rinav/ros2_ws/install/moveit_ros_occupancy_map_monitor/lib:/home/rinav/ros2_ws/install/moveit_core/lib:/home/rinav/ros2_ws/install/srdfdom/lib:${LD_LIBRARY_PATH} PATH=/home/rinav/ros2_ws/install/moveit_core/bin:${PATH} PYTHONPATH=/home/rinav/ros2_ws/install/moveit_configs_utils/lib/python3.10/site-packages:/home/rinav/ros2_ws/install/srdfdom/local/lib/python3.10/dist-packages:/home/rinav/ros2_ws/install/launch_param_builder/lib/python3.10/site-packages:${PYTHONPATH} /usr/bin/cmake /home/rinav/ros2_ws/src/moveit2/moveit_planners/ompl -DCMAKE_INSTALL_PREFIX=/home/rinav/ros2_ws/install/moveit_planners_ompl
[0.087s] -- The C compiler identification is GNU 11.4.0
[0.136s] -- The CXX compiler identification is GNU 11.4.0
[0.142s] -- Detecting C compiler ABI info
[0.199s] -- Detecting C compiler ABI info - done
[0.207s] -- Check for working C compiler: /usr/bin/cc - skipped
[0.208s] -- Detecting C compile features
[0.208s] -- Detecting C compile features - done
[0.209s] -- Detecting CXX compiler ABI info
[0.274s] -- Detecting CXX compiler ABI info - done
[0.281s] -- Check for working CXX compiler: /usr/bin/c++ - skipped
[0.282s] -- Detecting CXX compile features
[0.282s] -- Detecting CXX compile features - done
[0.284s] -- Found moveit_common: 2.5.9 (/home/rinav/ros2_ws/install/moveit_common/share/moveit_common/cmake)
[0.290s] -- Found ament_cmake: 1.3.12 (/opt/ros/humble/share/ament_cmake/cmake)
[0.423s] -- Found Python3: /usr/bin/python3 (found version "3.10.12") found components: Interpreter 
[0.595s] [0mmoveit_planners_ompl: You did not request a specific build type: Choosing 'Release' for maximum performance[0m
[0.816s] -- Found Boost: /usr/lib/aarch64-linux-gnu/cmake/Boost-1.74.0/BoostConfig.cmake (found version "1.74.0") found components: system filesystem date_time thread serialization 
[0.818s] -- Found moveit_core: 2.5.9 (/home/rinav/ros2_ws/install/moveit_core/share/moveit_core/cmake)
[0.844s] -- Found Boost: /usr/lib/aarch64-linux-gnu/cmake/Boost-1.74.0/BoostConfig.cmake (found version "1.74.0") found components: chrono date_time filesystem iostreams program_options regex serialization system thread 
[0.938s] -- Found parameter_traits: 0.5.0 (/opt/ros/humble/share/parameter_traits/cmake)
[1.012s] -- Found rosidl_generator_c: 3.1.7 (/opt/ros/humble/share/rosidl_generator_c/cmake)
[1.023s] -- Found rosidl_adapter: 3.1.7 (/opt/ros/humble/share/rosidl_adapter/cmake)
[1.037s] -- Found rosidl_generator_cpp: 3.1.7 (/opt/ros/humble/share/rosidl_generator_cpp/cmake)
[1.057s] -- Using all available rosidl_typesupport_c: rosidl_typesupport_fastrtps_c;rosidl_typesupport_introspection_c
[1.085s] -- Using all available rosidl_typesupport_cpp: rosidl_typesupport_fastrtps_cpp;rosidl_typesupport_introspection_cpp
[1.161s] -- Found rmw_implementation_cmake: 6.1.2 (/opt/ros/humble/share/rmw_implementation_cmake/cmake)
[1.168s] -- Found rmw_fastrtps_cpp: 6.2.8 (/opt/ros/humble/share/rmw_fastrtps_cpp/cmake)
[1.275s] -- Found OpenSSL: /usr/lib/aarch64-linux-gnu/libcrypto.so (found version "3.0.2")  
[1.304s] -- Found FastRTPS: /opt/ros/humble/include  
[1.356s] -- Using RMW implementation 'rmw_fastrtps_cpp' as default
[1.373s] -- Found Threads: TRUE  
[1.452s] -- Found rclcpp_lifecycle: 16.0.15 (/opt/ros/humble/share/rclcpp_lifecycle/cmake)
[1.485s] -- Found Boost: /usr/lib/aarch64-linux-gnu/cmake/Boost-1.74.0/BoostConfig.cmake (found version "1.74.0") found components: filesystem 
[1.607s] -- library: /usr/lib/aarch64-linux-gnu/libcurl.so
[1.688s] -- Found Eigen3: TRUE (found version "3.4.0") 
[1.689s] -- Ensuring Eigen3 include directory is part of orocos-kdl CMake target
[1.996s] -- Found moveit_ros_planning: 2.5.9 (/home/rinav/ros2_ws/install/moveit_ros_planning/share/moveit_ros_planning/cmake)
[2.000s] -- Found Boost: /usr/lib/aarch64-linux-gnu/cmake/Boost-1.74.0/BoostConfig.cmake (found version "1.74.0") found components: system filesystem date_time program_options thread chrono 
[2.035s] -- Found Boost: /usr/lib/aarch64-linux-gnu/cmake/Boost-1.74.0/BoostConfig.cmake (found version "1.74.0") found components: serialization filesystem system 
[2.038s] -- Found ompl: /opt/ros/humble/include/ompl-1.7;/usr/include;/usr/include/eigen3  
[2.312s] -- Found OpenMP_C: -fopenmp (found version "4.5") 
[2.415s] -- Found OpenMP_CXX: -fopenmp (found version "4.5") 
[2.415s] -- Found OpenMP: TRUE (found version "4.5")  
[2.454s] -- Found ament_cmake_gtest: 1.3.12 (/opt/ros/humble/share/ament_cmake_gtest/cmake)
[2.461s] -- Found gtest sources under '/opt/ros/humble/src/gtest_vendor': C++ tests using 'Google Test' will be built
[2.565s] -- Found ament_lint_auto: 0.12.14 (/opt/ros/humble/share/ament_lint_auto/cmake)
[2.666s] -- Added test 'cppcheck' to perform static code analysis on C / C++ code
[2.666s] -- Configured cppcheck include dirs: /home/rinav/ros2_ws/src/moveit2/moveit_planners/ompl/ompl_interface/include
[2.666s] -- Configured cppcheck exclude dirs and/or files: 
[2.698s] -- Added test 'lint_cmake' to check CMake code style
[2.698s] -- Added test 'xmllint' to check XML markup files
[2.698s] -- Configuring done
[3.017s] -- Generating done
[3.125s] -- Build files have been written to: /home/rinav/ros2_ws/build/moveit_planners_ompl
[3.156s] Invoked command in '/home/rinav/ros2_ws/build/moveit_planners_ompl' returned '0': AMENT_PREFIX_PATH=/home/rinav/ros2_ws/install/moveit_ros_planning:/home/rinav/ros2_ws/install/moveit_ros_occupancy_map_monitor:/home/rinav/ros2_ws/install/moveit_core:/home/rinav/ros2_ws/install/moveit_resources_panda_moveit_config:/home/rinav/ros2_ws/install/moveit_resources_fanuc_moveit_config:/home/rinav/ros2_ws/install/moveit_configs_utils:/home/rinav/ros2_ws/install/srdfdom:/home/rinav/ros2_ws/install/moveit_resources_pr2_description:/home/rinav/ros2_ws/install/moveit_resources_panda_description:/home/rinav/ros2_ws/install/moveit_resources_fanuc_description:/home/rinav/ros2_ws/install/moveit_common:/home/rinav/ros2_ws/install/launch_param_builder:${AMENT_PREFIX_PATH} CMAKE_PREFIX_PATH=/home/rinav/ros2_ws/install/moveit_ros_planning:/home/rinav/ros2_ws/install/moveit_ros_occupancy_map_monitor:/home/rinav/ros2_ws/install/moveit_core:/home/rinav/ros2_ws/install/moveit_resources_panda_moveit_config:/home/rinav/ros2_ws/install/moveit_resources_fanuc_moveit_config:/home/rinav/ros2_ws/install/srdfdom:/home/rinav/ros2_ws/install/moveit_resources_pr2_description:/home/rinav/ros2_ws/install/moveit_resources_panda_description:/home/rinav/ros2_ws/install/moveit_resources_fanuc_description:/home/rinav/ros2_ws/install/moveit_common:/home/rinav/ros2_ws/install/rviz_visual_testing_framework:/home/rinav/ros2_ws/install/rviz_rendering_tests:/home/rinav/ros2_ws/install/rviz2:/home/rinav/ros2_ws/install/rviz_default_plugins:/home/rinav/ros2_ws/install/rviz_common:/home/rinav/ros2_ws/install/rviz_rendering:/home/rinav/ros2_ws/install/rviz_ogre_vendor:/home/rinav/ros2_ws/install/rviz_assimp_vendor:/home/rinav/ros2_ws/src/rviz/install:/home/rinav/ros2_ws/install/husky_ur3_moveit_config:/home/rinav/ros2_ws/install/ur:/home/rinav/ros2_ws/install/ur_calibration:/home/rinav/ros2_ws/install/ur_robot_driver:/home/rinav/ros2_ws/install/ur_moveit_config:/home/rinav/ros2_ws/install/ur_bringup:/home/rinav/ros2_ws/install/ur_description:/home/rinav/ros2_ws/install/ur_controllers:/home/rinav/ros2_ws/install/ur_dashboard_msgs:/home/rinav/ros2_ws/install/turtlesim:/home/rinav/ros2_ws/install/robotis_manipulator:/home/rinav/ros2_ws/install/husky_desktop:/home/rinav/ros2_ws/install/husky_viz:/home/rinav/ros2_ws/install/husky_ur3_ignition:/home/rinav/ros2_ws/install/husky_simulator:/home/rinav/ros2_ws/install/husky_robot:/home/rinav/ros2_ws/install/husky_bringup:/home/rinav/ros2_ws/install/husky_base:/home/rinav/ros2_ws/install/husky_msgs:/home/rinav/ros2_ws/install/husky_gazebo:/home/rinav/ros2_ws/install/husky_control:/home/rinav/ros2_ws/install/husky_description:/home/rinav/ros2_ws/install/trial_package:/home/rinav/ros2_ws/install/py_srvcli:/home/rinav/ros2_ws/install/py_pubsub:/home/rinav/ros2_ws/install/mobile_robotics:/opt/ros/humble LD_LIBRARY_PATH=/home/rinav/ros2_ws/install/moveit_ros_planning/lib:/home/rinav/ros2_ws/install/moveit_ros_occupancy_map_monitor/lib:/home/rinav/ros2_ws/install/moveit_core/lib:/home/rinav/ros2_ws/install/srdfdom/lib:${LD_LIBRARY_PATH} PATH=/home/rinav/ros2_ws/install/moveit_core/bin:${PATH} PYTHONPATH=/home/rinav/ros2_ws/install/moveit_configs_utils/lib/python3.10/site-packages:/home/rinav/ros2_ws/install/srdfdom/local/lib/python3.10/dist-packages:/home/rinav/ros2_ws/install/launch_param_builder/lib/python3.10/site-packages:${PYTHONPATH} /usr/bin/cmake /home/rinav/ros2_ws/src/moveit2/moveit_planners/ompl -DCMAKE_INSTALL_PREFIX=/home/rinav/ros2_ws/install/moveit_planners_ompl
[3.169s] Invoking command in '/home/rinav/ros2_ws/build/moveit_planners_ompl': AMENT_PREFIX_PATH=/home/rinav/ros2_ws/install/moveit_ros_planning:/home/rinav/ros2_ws/install/moveit_ros_occupancy_map_monitor:/home/rinav/ros2_ws/install/moveit_core:/home/rinav/ros2_ws/install/moveit_resources_panda_moveit_config:/home/rinav/ros2_ws/install/moveit_resources_fanuc_moveit_config:/home/rinav/ros2_ws/install/moveit_configs_utils:/home/rinav/ros2_ws/install/srdfdom:/home/rinav/ros2_ws/install/moveit_resources_pr2_description:/home/rinav/ros2_ws/install/moveit_resources_panda_description:/home/rinav/ros2_ws/install/moveit_resources_fanuc_description:/home/rinav/ros2_ws/install/moveit_common:/home/rinav/ros2_ws/install/launch_param_builder:${AMENT_PREFIX_PATH} CMAKE_PREFIX_PATH=/home/rinav/ros2_ws/install/moveit_ros_planning:/home/rinav/ros2_ws/install/moveit_ros_occupancy_map_monitor:/home/rinav/ros2_ws/install/moveit_core:/home/rinav/ros2_ws/install/moveit_resources_panda_moveit_config:/home/rinav/ros2_ws/install/moveit_resources_fanuc_moveit_config:/home/rinav/ros2_ws/install/srdfdom:/home/rinav/ros2_ws/install/moveit_resources_pr2_description:/home/rinav/ros2_ws/install/moveit_resources_panda_description:/home/rinav/ros2_ws/install/moveit_resources_fanuc_description:/home/rinav/ros2_ws/install/moveit_common:/home/rinav/ros2_ws/install/rviz_visual_testing_framework:/home/rinav/ros2_ws/install/rviz_rendering_tests:/home/rinav/ros2_ws/install/rviz2:/home/rinav/ros2_ws/install/rviz_default_plugins:/home/rinav/ros2_ws/install/rviz_common:/home/rinav/ros2_ws/install/rviz_rendering:/home/rinav/ros2_ws/install/rviz_ogre_vendor:/home/rinav/ros2_ws/install/rviz_assimp_vendor:/home/rinav/ros2_ws/src/rviz/install:/home/rinav/ros2_ws/install/husky_ur3_moveit_config:/home/rinav/ros2_ws/install/ur:/home/rinav/ros2_ws/install/ur_calibration:/home/rinav/ros2_ws/install/ur_robot_driver:/home/rinav/ros2_ws/install/ur_moveit_config:/home/rinav/ros2_ws/install/ur_bringup:/home/rinav/ros2_ws/install/ur_description:/home/rinav/ros2_ws/install/ur_controllers:/home/rinav/ros2_ws/install/ur_dashboard_msgs:/home/rinav/ros2_ws/install/turtlesim:/home/rinav/ros2_ws/install/robotis_manipulator:/home/rinav/ros2_ws/install/husky_desktop:/home/rinav/ros2_ws/install/husky_viz:/home/rinav/ros2_ws/install/husky_ur3_ignition:/home/rinav/ros2_ws/install/husky_simulator:/home/rinav/ros2_ws/install/husky_robot:/home/rinav/ros2_ws/install/husky_bringup:/home/rinav/ros2_ws/install/husky_base:/home/rinav/ros2_ws/install/husky_msgs:/home/rinav/ros2_ws/install/husky_gazebo:/home/rinav/ros2_ws/install/husky_control:/home/rinav/ros2_ws/install/husky_description:/home/rinav/ros2_ws/install/trial_package:/home/rinav/ros2_ws/install/py_srvcli:/home/rinav/ros2_ws/install/py_pubsub:/home/rinav/ros2_ws/install/mobile_robotics:/opt/ros/humble LD_LIBRARY_PATH=/home/rinav/ros2_ws/install/moveit_ros_planning/lib:/home/rinav/ros2_ws/install/moveit_ros_occupancy_map_monitor/lib:/home/rinav/ros2_ws/install/moveit_core/lib:/home/rinav/ros2_ws/install/srdfdom/lib:${LD_LIBRARY_PATH} PATH=/home/rinav/ros2_ws/install/moveit_core/bin:${PATH} PYTHONPATH=/home/rinav/ros2_ws/install/moveit_configs_utils/lib/python3.10/site-packages:/home/rinav/ros2_ws/install/srdfdom/local/lib/python3.10/dist-packages:/home/rinav/ros2_ws/install/launch_param_builder/lib/python3.10/site-packages:${PYTHONPATH} /usr/bin/cmake --build /home/rinav/ros2_ws/build/moveit_planners_ompl -- -j8 -l8
[3.401s] [  2%] [32mBuilding CXX object ompl_interface/CMakeFiles/moveit_ompl_interface.dir/src/ompl_interface.cpp.o[0m
[3.401s] [  4%] [32mBuilding CXX object ompl_interface/CMakeFiles/moveit_ompl_interface.dir/src/planning_context_manager.cpp.o[0m
[3.424s] [  7%] [32mBuilding CXX object ompl_interface/CMakeFiles/moveit_ompl_interface.dir/src/model_based_planning_context.cpp.o[0m
[3.455s] [  9%] [32mBuilding CXX object ompl_interface/CMakeFiles/moveit_ompl_interface.dir/src/parameterization/model_based_state_space.cpp.o[0m
[3.461s] [ 12%] [32mBuilding CXX object gtest/CMakeFiles/gtest.dir/src/gtest-all.cc.o[0m
[3.463s] [ 14%] [32mBuilding CXX object gtest/CMakeFiles/gtest_main.dir/src/gtest_main.cc.o[0m
[3.475s] [ 17%] [32mBuilding CXX object ompl_interface/CMakeFiles/moveit_ompl_interface.dir/src/parameterization/model_based_state_space_factory.cpp.o[0m
[3.533s] [ 19%] [32mBuilding CXX object ompl_interface/CMakeFiles/moveit_ompl_interface.dir/src/parameterization/joint_space/constrained_planning_state_space.cpp.o[0m
[6.959s] [ 21%] [32m[1mLinking CXX static library libgtest_main.a[0m
[7.263s] [ 21%] Built target gtest_main
[7.356s] [ 24%] [32mBuilding CXX object ompl_interface/CMakeFiles/moveit_ompl_interface.dir/src/parameterization/joint_space/constrained_planning_state_space_factory.cpp.o[0m
