[0.730s] Invoking command in '/home/rinav/ros2_ws/src/mobile_robotics': PYTHONPATH=/home/rinav/ros2_ws/build/mobile_robotics/prefix_override:/usr/lib/python3/dist-packages/colcon_core/task/python/colcon_distutils_commands:/home/rinav/ros2_ws/install/mobile_robotics/lib/python3.10/site-packages:${PYTHONPATH} /usr/bin/python3 -W ignore:setup.py install is deprecated -W ignore:easy_install command is deprecated setup.py egg_info --egg-base ../../build/mobile_robotics build --build-base /home/rinav/ros2_ws/build/mobile_robotics/build install --record /home/rinav/ros2_ws/build/mobile_robotics/install.log --single-version-externally-managed install_data
[0.971s] running egg_info
[0.972s] writing ../../build/mobile_robotics/mobile_robotics.egg-info/PKG-INFO
[0.972s] writing dependency_links to ../../build/mobile_robotics/mobile_robotics.egg-info/dependency_links.txt
[0.972s] writing entry points to ../../build/mobile_robotics/mobile_robotics.egg-info/entry_points.txt
[0.972s] writing requirements to ../../build/mobile_robotics/mobile_robotics.egg-info/requires.txt
[0.972s] writing top-level names to ../../build/mobile_robotics/mobile_robotics.egg-info/top_level.txt
[0.973s] reading manifest file '../../build/mobile_robotics/mobile_robotics.egg-info/SOURCES.txt'
[0.974s] writing manifest file '../../build/mobile_robotics/mobile_robotics.egg-info/SOURCES.txt'
[0.974s] running build
[0.974s] running build_py
[0.974s] copying mobile_robotics/coding_ex2.py -> /home/rinav/ros2_ws/build/mobile_robotics/build/lib/mobile_robotics
[0.974s] running install
[0.975s] running install_lib
[0.975s] copying /home/rinav/ros2_ws/build/mobile_robotics/build/lib/mobile_robotics/coding_ex2.py -> /home/rinav/ros2_ws/install/mobile_robotics/lib/python3.10/site-packages/mobile_robotics
[0.976s] byte-compiling /home/rinav/ros2_ws/install/mobile_robotics/lib/python3.10/site-packages/mobile_robotics/coding_ex2.py to coding_ex2.cpython-310.pyc
[0.978s] running install_data
[0.978s] running install_egg_info
[0.979s] removing '/home/rinav/ros2_ws/install/mobile_robotics/lib/python3.10/site-packages/mobile_robotics-0.0.0-py3.10.egg-info' (and everything under it)
[0.980s] Copying ../../build/mobile_robotics/mobile_robotics.egg-info to /home/rinav/ros2_ws/install/mobile_robotics/lib/python3.10/site-packages/mobile_robotics-0.0.0-py3.10.egg-info
[0.980s] running install_scripts
[0.996s] Installing ex2 script to /home/rinav/ros2_ws/install/mobile_robotics/lib/mobile_robotics
[0.996s] Installing part1 script to /home/rinav/ros2_ws/install/mobile_robotics/lib/mobile_robotics
[0.996s] Installing part2 script to /home/rinav/ros2_ws/install/mobile_robotics/lib/mobile_robotics
[0.996s] writing list of installed files to '/home/rinav/ros2_ws/build/mobile_robotics/install.log'
[1.142s] Invoked command in '/home/rinav/ros2_ws/src/mobile_robotics' returned '0': PYTHONPATH=/home/rinav/ros2_ws/build/mobile_robotics/prefix_override:/usr/lib/python3/dist-packages/colcon_core/task/python/colcon_distutils_commands:/home/rinav/ros2_ws/install/mobile_robotics/lib/python3.10/site-packages:${PYTHONPATH} /usr/bin/python3 -W ignore:setup.py install is deprecated -W ignore:easy_install command is deprecated setup.py egg_info --egg-base ../../build/mobile_robotics build --build-base /home/rinav/ros2_ws/build/mobile_robotics/build install --record /home/rinav/ros2_ws/build/mobile_robotics/install.log --single-version-externally-managed install_data
