[0.013s] Invoking command in '/home/rinav/ros2_ws/build/ur_calibration': AMENT_PREFIX_PATH=/home/rinav/ros2_ws/install/ur_robot_driver:/home/rinav/ros2_ws/install/ur_controllers:/home/rinav/ros2_ws/install/ur_description:/home/rinav/ros2_ws/install/ur_dashboard_msgs:${AMENT_PREFIX_PATH} CMAKE_PREFIX_PATH=/home/rinav/ros2_ws/install/ur_robot_driver:/home/rinav/ros2_ws/install/ur_controllers:/home/rinav/ros2_ws/install/ur_description:/home/rinav/ros2_ws/install/ur_dashboard_msgs:/home/rinav/ros2_ws/install/husky_bringup:/home/rinav/ros2_ws/install/husky_base:/home/rinav/ros2_ws/install/husky_msgs:/home/rinav/ros2_ws/install/husky_control:/home/rinav/ros2_ws/install/husky_description:/opt/ros/humble LD_LIBRARY_PATH=/home/rinav/ros2_ws/install/ur_robot_driver/lib:/home/rinav/ros2_ws/install/ur_controllers/lib:/home/rinav/ros2_ws/install/ur_dashboard_msgs/lib:${LD_LIBRARY_PATH} PATH=/home/rinav/ros2_ws/install/ur_robot_driver/bin:${PATH} PYTHONPATH=/home/rinav/ros2_ws/install/ur_robot_driver/local/lib/python3.10/dist-packages:/home/rinav/ros2_ws/install/ur_dashboard_msgs/local/lib/python3.10/dist-packages:${PYTHONPATH} /usr/bin/cmake /home/rinav/ros2_ws/src/Universal_Robots_ROS2_Driver/ur_calibration -DCMAKE_INSTALL_PREFIX=/home/rinav/ros2_ws/install/ur_calibration
[0.073s] -- The C compiler identification is GNU 11.4.0
[0.107s] -- The CXX compiler identification is GNU 11.4.0
[0.112s] -- Detecting C compiler ABI info
[0.151s] -- Detecting C compiler ABI info - done
[0.156s] -- Check for working C compiler: /usr/bin/cc - skipped
[0.157s] -- Detecting C compile features
[0.157s] -- Detecting C compile features - done
[0.159s] -- Detecting CXX compiler ABI info
[0.208s] -- Detecting CXX compiler ABI info - done
[0.213s] -- Check for working CXX compiler: /usr/bin/c++ - skipped
[0.213s] -- Detecting CXX compile features
[0.214s] -- Detecting CXX compile features - done
[0.214s] [0mur_calibration: You did not request a specific build type: selecting 'RelWithDebInfo'.[0m
[0.217s] -- Found ament_cmake: 1.3.12 (/opt/ros/humble/share/ament_cmake/cmake)
[0.317s] -- Found Python3: /usr/bin/python3 (found version "3.10.12") found components: Interpreter 
[0.386s] -- Found rclcpp: 16.0.15 (/opt/ros/humble/share/rclcpp/cmake)
[0.428s] -- Found rosidl_generator_c: 3.1.7 (/opt/ros/humble/share/rosidl_generator_c/cmake)
[0.433s] -- Found rosidl_adapter: 3.1.7 (/opt/ros/humble/share/rosidl_adapter/cmake)
[0.440s] -- Found rosidl_generator_cpp: 3.1.7 (/opt/ros/humble/share/rosidl_generator_cpp/cmake)
[0.450s] -- Using all available rosidl_typesupport_c: rosidl_typesupport_fastrtps_c;rosidl_typesupport_introspection_c
[0.463s] -- Using all available rosidl_typesupport_cpp: rosidl_typesupport_fastrtps_cpp;rosidl_typesupport_introspection_cpp
[0.500s] -- Found rmw_implementation_cmake: 6.1.2 (/opt/ros/humble/share/rmw_implementation_cmake/cmake)
[0.503s] -- Found rmw_fastrtps_cpp: 6.2.8 (/opt/ros/humble/share/rmw_fastrtps_cpp/cmake)
[0.557s] -- Found OpenSSL: /usr/lib/aarch64-linux-gnu/libcrypto.so (found version "3.0.2")  
[0.580s] -- Found FastRTPS: /opt/ros/humble/include  
[0.613s] -- Using RMW implementation 'rmw_fastrtps_cpp' as default
[0.621s] -- Looking for pthread.h
[0.660s] -- Looking for pthread.h - found
[0.661s] -- Performing Test CMAKE_HAVE_LIBC_PTHREAD
[0.698s] -- Performing Test CMAKE_HAVE_LIBC_PTHREAD - Success
[0.699s] -- Found Threads: TRUE  
[0.739s] -- Found ur_robot_driver: 2.10.0 (/home/rinav/ros2_ws/install/ur_robot_driver/share/ur_robot_driver/cmake)
[0.919s] -- Found eigen3_cmake_module: 0.1.1 (/opt/ros/humble/share/eigen3_cmake_module/cmake)
[0.920s] -- Found Eigen3: TRUE (found version "3.4.0") 
[0.920s] -- Ensuring Eigen3 include directory is part of orocos-kdl CMake target
[1.007s] -- Found yaml_cpp_vendor: 8.0.2 (/opt/ros/humble/share/yaml_cpp_vendor/cmake)
[1.033s] -- Found ament_cmake_gmock: 1.3.12 (/opt/ros/humble/share/ament_cmake_gmock/cmake)
[1.035s] -- Found gmock sources under '/opt/ros/humble/src/gmock_vendor': C++ tests using 'Google Mock' will be built
[1.040s] -- Found ament_cmake_gtest: 1.3.12 (/opt/ros/humble/share/ament_cmake_gtest/cmake)
[1.040s] -- Found gtest sources under '/opt/ros/humble/src/gtest_vendor': C++ tests using 'Google Test' will be built
[1.081s] -- Configuring done
[1.142s] -- Generating done
[1.150s] -- Build files have been written to: /home/rinav/ros2_ws/build/ur_calibration
[1.159s] Invoked command in '/home/rinav/ros2_ws/build/ur_calibration' returned '0': AMENT_PREFIX_PATH=/home/rinav/ros2_ws/install/ur_robot_driver:/home/rinav/ros2_ws/install/ur_controllers:/home/rinav/ros2_ws/install/ur_description:/home/rinav/ros2_ws/install/ur_dashboard_msgs:${AMENT_PREFIX_PATH} CMAKE_PREFIX_PATH=/home/rinav/ros2_ws/install/ur_robot_driver:/home/rinav/ros2_ws/install/ur_controllers:/home/rinav/ros2_ws/install/ur_description:/home/rinav/ros2_ws/install/ur_dashboard_msgs:/home/rinav/ros2_ws/install/husky_bringup:/home/rinav/ros2_ws/install/husky_base:/home/rinav/ros2_ws/install/husky_msgs:/home/rinav/ros2_ws/install/husky_control:/home/rinav/ros2_ws/install/husky_description:/opt/ros/humble LD_LIBRARY_PATH=/home/rinav/ros2_ws/install/ur_robot_driver/lib:/home/rinav/ros2_ws/install/ur_controllers/lib:/home/rinav/ros2_ws/install/ur_dashboard_msgs/lib:${LD_LIBRARY_PATH} PATH=/home/rinav/ros2_ws/install/ur_robot_driver/bin:${PATH} PYTHONPATH=/home/rinav/ros2_ws/install/ur_robot_driver/local/lib/python3.10/dist-packages:/home/rinav/ros2_ws/install/ur_dashboard_msgs/local/lib/python3.10/dist-packages:${PYTHONPATH} /usr/bin/cmake /home/rinav/ros2_ws/src/Universal_Robots_ROS2_Driver/ur_calibration -DCMAKE_INSTALL_PREFIX=/home/rinav/ros2_ws/install/ur_calibration
[1.161s] Invoking command in '/home/rinav/ros2_ws/build/ur_calibration': AMENT_PREFIX_PATH=/home/rinav/ros2_ws/install/ur_robot_driver:/home/rinav/ros2_ws/install/ur_controllers:/home/rinav/ros2_ws/install/ur_description:/home/rinav/ros2_ws/install/ur_dashboard_msgs:${AMENT_PREFIX_PATH} CMAKE_PREFIX_PATH=/home/rinav/ros2_ws/install/ur_robot_driver:/home/rinav/ros2_ws/install/ur_controllers:/home/rinav/ros2_ws/install/ur_description:/home/rinav/ros2_ws/install/ur_dashboard_msgs:/home/rinav/ros2_ws/install/husky_bringup:/home/rinav/ros2_ws/install/husky_base:/home/rinav/ros2_ws/install/husky_msgs:/home/rinav/ros2_ws/install/husky_control:/home/rinav/ros2_ws/install/husky_description:/opt/ros/humble LD_LIBRARY_PATH=/home/rinav/ros2_ws/install/ur_robot_driver/lib:/home/rinav/ros2_ws/install/ur_controllers/lib:/home/rinav/ros2_ws/install/ur_dashboard_msgs/lib:${LD_LIBRARY_PATH} PATH=/home/rinav/ros2_ws/install/ur_robot_driver/bin:${PATH} PYTHONPATH=/home/rinav/ros2_ws/install/ur_robot_driver/local/lib/python3.10/dist-packages:/home/rinav/ros2_ws/install/ur_dashboard_msgs/local/lib/python3.10/dist-packages:${PYTHONPATH} /usr/bin/cmake --build /home/rinav/ros2_ws/build/ur_calibration -- -j8 -l8
[1.187s] [ 25%] [32mBuilding CXX object gmock/CMakeFiles/gmock_main.dir/src/gmock_main.cc.o[0m
[1.187s] [ 25%] [32mBuilding CXX object CMakeFiles/calibration.dir/src/calibration.cpp.o[0m
[1.187s] [ 25%] [32mBuilding CXX object gmock/CMakeFiles/gmock.dir/opt/ros/humble/src/gtest_vendor/src/gtest-all.cc.o[0m
[1.187s] [ 33%] [32mBuilding CXX object CMakeFiles/calibration.dir/src/calibration_consumer.cpp.o[0m
[1.187s] [ 41%] [32mBuilding CXX object gmock/CMakeFiles/gmock.dir/src/gmock-all.cc.o[0m
[2.099s] [ 50%] [32m[1mLinking CXX static library libgmock_main.a[0m
[2.119s] [ 50%] Built target gmock_main
[7.139s] [ 58%] [32m[1mLinking CXX static library libcalibration.a[0m
[7.184s] [ 58%] Built target calibration
[7.196s] [ 66%] [32mBuilding CXX object CMakeFiles/calibration_correction.dir/src/calibration_correction.cpp.o[0m
[7.513s] [ 75%] [32m[1mLinking CXX static library libgmock.a[0m
[7.563s] [ 75%] Built target gmock
[7.574s] [ 83%] [32mBuilding CXX object CMakeFiles/calibration_test.dir/test/calibration_test.cpp.o[0m
[11.406s] [ 91%] [32m[1mLinking CXX executable calibration_correction[0m
[11.647s] [ 91%] Built target calibration_correction
[12.886s] [100%] [32m[1mLinking CXX executable calibration_test[0m
[13.108s] [100%] Built target calibration_test
[13.115s] Invoked command in '/home/rinav/ros2_ws/build/ur_calibration' returned '0': AMENT_PREFIX_PATH=/home/rinav/ros2_ws/install/ur_robot_driver:/home/rinav/ros2_ws/install/ur_controllers:/home/rinav/ros2_ws/install/ur_description:/home/rinav/ros2_ws/install/ur_dashboard_msgs:${AMENT_PREFIX_PATH} CMAKE_PREFIX_PATH=/home/rinav/ros2_ws/install/ur_robot_driver:/home/rinav/ros2_ws/install/ur_controllers:/home/rinav/ros2_ws/install/ur_description:/home/rinav/ros2_ws/install/ur_dashboard_msgs:/home/rinav/ros2_ws/install/husky_bringup:/home/rinav/ros2_ws/install/husky_base:/home/rinav/ros2_ws/install/husky_msgs:/home/rinav/ros2_ws/install/husky_control:/home/rinav/ros2_ws/install/husky_description:/opt/ros/humble LD_LIBRARY_PATH=/home/rinav/ros2_ws/install/ur_robot_driver/lib:/home/rinav/ros2_ws/install/ur_controllers/lib:/home/rinav/ros2_ws/install/ur_dashboard_msgs/lib:${LD_LIBRARY_PATH} PATH=/home/rinav/ros2_ws/install/ur_robot_driver/bin:${PATH} PYTHONPATH=/home/rinav/ros2_ws/install/ur_robot_driver/local/lib/python3.10/dist-packages:/home/rinav/ros2_ws/install/ur_dashboard_msgs/local/lib/python3.10/dist-packages:${PYTHONPATH} /usr/bin/cmake --build /home/rinav/ros2_ws/build/ur_calibration -- -j8 -l8
[13.116s] Invoking command in '/home/rinav/ros2_ws/build/ur_calibration': AMENT_PREFIX_PATH=/home/rinav/ros2_ws/install/ur_robot_driver:/home/rinav/ros2_ws/install/ur_controllers:/home/rinav/ros2_ws/install/ur_description:/home/rinav/ros2_ws/install/ur_dashboard_msgs:${AMENT_PREFIX_PATH} CMAKE_PREFIX_PATH=/home/rinav/ros2_ws/install/ur_robot_driver:/home/rinav/ros2_ws/install/ur_controllers:/home/rinav/ros2_ws/install/ur_description:/home/rinav/ros2_ws/install/ur_dashboard_msgs:/home/rinav/ros2_ws/install/husky_bringup:/home/rinav/ros2_ws/install/husky_base:/home/rinav/ros2_ws/install/husky_msgs:/home/rinav/ros2_ws/install/husky_control:/home/rinav/ros2_ws/install/husky_description:/opt/ros/humble LD_LIBRARY_PATH=/home/rinav/ros2_ws/install/ur_robot_driver/lib:/home/rinav/ros2_ws/install/ur_controllers/lib:/home/rinav/ros2_ws/install/ur_dashboard_msgs/lib:${LD_LIBRARY_PATH} PATH=/home/rinav/ros2_ws/install/ur_robot_driver/bin:${PATH} PYTHONPATH=/home/rinav/ros2_ws/install/ur_robot_driver/local/lib/python3.10/dist-packages:/home/rinav/ros2_ws/install/ur_dashboard_msgs/local/lib/python3.10/dist-packages:${PYTHONPATH} /usr/bin/cmake --install /home/rinav/ros2_ws/build/ur_calibration
[13.120s] -- Install configuration: "RelWithDebInfo"
[13.120s] -- Installing: /home/rinav/ros2_ws/install/ur_calibration/lib/ur_calibration/calibration_correction
[13.125s] -- Set runtime path of "/home/rinav/ros2_ws/install/ur_calibration/lib/ur_calibration/calibration_correction" to ""
[13.125s] -- Installing: /home/rinav/ros2_ws/install/ur_calibration/include
[13.125s] -- Installing: /home/rinav/ros2_ws/install/ur_calibration/include/ur_calibration
[13.125s] -- Installing: /home/rinav/ros2_ws/install/ur_calibration/include/ur_calibration/calibration.hpp
[13.125s] -- Installing: /home/rinav/ros2_ws/install/ur_calibration/include/ur_calibration/calibration_consumer.hpp
[13.125s] -- Installing: /home/rinav/ros2_ws/install/ur_calibration/share/ur_calibration/launch
[13.125s] -- Installing: /home/rinav/ros2_ws/install/ur_calibration/share/ur_calibration/launch/calibration_correction.launch.py
[13.125s] -- Installing: /home/rinav/ros2_ws/install/ur_calibration/share/ament_index/resource_index/package_run_dependencies/ur_calibration
[13.125s] -- Installing: /home/rinav/ros2_ws/install/ur_calibration/share/ament_index/resource_index/parent_prefix_path/ur_calibration
[13.125s] -- Installing: /home/rinav/ros2_ws/install/ur_calibration/share/ur_calibration/environment/ament_prefix_path.sh
[13.125s] -- Installing: /home/rinav/ros2_ws/install/ur_calibration/share/ur_calibration/environment/ament_prefix_path.dsv
[13.125s] -- Installing: /home/rinav/ros2_ws/install/ur_calibration/share/ur_calibration/environment/path.sh
[13.125s] -- Installing: /home/rinav/ros2_ws/install/ur_calibration/share/ur_calibration/environment/path.dsv
[13.125s] -- Installing: /home/rinav/ros2_ws/install/ur_calibration/share/ur_calibration/local_setup.bash
[13.125s] -- Installing: /home/rinav/ros2_ws/install/ur_calibration/share/ur_calibration/local_setup.sh
[13.126s] -- Installing: /home/rinav/ros2_ws/install/ur_calibration/share/ur_calibration/local_setup.zsh
[13.126s] -- Installing: /home/rinav/ros2_ws/install/ur_calibration/share/ur_calibration/local_setup.dsv
[13.126s] -- Installing: /home/rinav/ros2_ws/install/ur_calibration/share/ur_calibration/package.dsv
[13.126s] -- Installing: /home/rinav/ros2_ws/install/ur_calibration/share/ament_index/resource_index/packages/ur_calibration
[13.126s] -- Installing: /home/rinav/ros2_ws/install/ur_calibration/share/ur_calibration/cmake/ament_cmake_export_include_directories-extras.cmake
[13.126s] -- Installing: /home/rinav/ros2_ws/install/ur_calibration/share/ur_calibration/cmake/ament_cmake_export_dependencies-extras.cmake
[13.126s] -- Installing: /home/rinav/ros2_ws/install/ur_calibration/share/ur_calibration/cmake/ur_calibrationConfig.cmake
[13.126s] -- Installing: /home/rinav/ros2_ws/install/ur_calibration/share/ur_calibration/cmake/ur_calibrationConfig-version.cmake
[13.126s] -- Installing: /home/rinav/ros2_ws/install/ur_calibration/share/ur_calibration/package.xml
[13.128s] Invoked command in '/home/rinav/ros2_ws/build/ur_calibration' returned '0': AMENT_PREFIX_PATH=/home/rinav/ros2_ws/install/ur_robot_driver:/home/rinav/ros2_ws/install/ur_controllers:/home/rinav/ros2_ws/install/ur_description:/home/rinav/ros2_ws/install/ur_dashboard_msgs:${AMENT_PREFIX_PATH} CMAKE_PREFIX_PATH=/home/rinav/ros2_ws/install/ur_robot_driver:/home/rinav/ros2_ws/install/ur_controllers:/home/rinav/ros2_ws/install/ur_description:/home/rinav/ros2_ws/install/ur_dashboard_msgs:/home/rinav/ros2_ws/install/husky_bringup:/home/rinav/ros2_ws/install/husky_base:/home/rinav/ros2_ws/install/husky_msgs:/home/rinav/ros2_ws/install/husky_control:/home/rinav/ros2_ws/install/husky_description:/opt/ros/humble LD_LIBRARY_PATH=/home/rinav/ros2_ws/install/ur_robot_driver/lib:/home/rinav/ros2_ws/install/ur_controllers/lib:/home/rinav/ros2_ws/install/ur_dashboard_msgs/lib:${LD_LIBRARY_PATH} PATH=/home/rinav/ros2_ws/install/ur_robot_driver/bin:${PATH} PYTHONPATH=/home/rinav/ros2_ws/install/ur_robot_driver/local/lib/python3.10/dist-packages:/home/rinav/ros2_ws/install/ur_dashboard_msgs/local/lib/python3.10/dist-packages:${PYTHONPATH} /usr/bin/cmake --install /home/rinav/ros2_ws/build/ur_calibration
