[0.864s] Invoking command in '/home/rinav/ros2_ws/src/mobile_robotics': PYTHONPATH=/home/rinav/ros2_ws/build/mobile_robotics/prefix_override:/usr/lib/python3/dist-packages/colcon_core/task/python/colcon_distutils_commands:/home/rinav/ros2_ws/install/mobile_robotics/lib/python3.10/site-packages:${PYTHONPATH} /usr/bin/python3 -W ignore:setup.py install is deprecated -W ignore:easy_install command is deprecated setup.py egg_info --egg-base ../../build/mobile_robotics build --build-base /home/rinav/ros2_ws/build/mobile_robotics/build install --record /home/rinav/ros2_ws/build/mobile_robotics/install.log --single-version-externally-managed install_data
[1.071s] running egg_info
[1.071s] creating ../../build/mobile_robotics/mobile_robotics.egg-info
[1.071s] writing ../../build/mobile_robotics/mobile_robotics.egg-info/PKG-INFO
[1.072s] writing dependency_links to ../../build/mobile_robotics/mobile_robotics.egg-info/dependency_links.txt
[1.072s] writing entry points to ../../build/mobile_robotics/mobile_robotics.egg-info/entry_points.txt
[1.072s] writing requirements to ../../build/mobile_robotics/mobile_robotics.egg-info/requires.txt
[1.072s] writing top-level names to ../../build/mobile_robotics/mobile_robotics.egg-info/top_level.txt
[1.072s] writing manifest file '../../build/mobile_robotics/mobile_robotics.egg-info/SOURCES.txt'
[1.073s] reading manifest file '../../build/mobile_robotics/mobile_robotics.egg-info/SOURCES.txt'
[1.073s] writing manifest file '../../build/mobile_robotics/mobile_robotics.egg-info/SOURCES.txt'
[1.074s] running build
[1.074s] running build_py
[1.074s] creating /home/rinav/ros2_ws/build/mobile_robotics/build
[1.074s] creating /home/rinav/ros2_ws/build/mobile_robotics/build/lib
[1.074s] creating /home/rinav/ros2_ws/build/mobile_robotics/build/lib/mobile_robotics
[1.074s] copying mobile_robotics/coding_ex2.py -> /home/rinav/ros2_ws/build/mobile_robotics/build/lib/mobile_robotics
[1.074s] copying mobile_robotics/coding_ex1_part1.py -> /home/rinav/ros2_ws/build/mobile_robotics/build/lib/mobile_robotics
[1.075s] copying mobile_robotics/__init__.py -> /home/rinav/ros2_ws/build/mobile_robotics/build/lib/mobile_robotics
[1.075s] copying mobile_robotics/utils.py -> /home/rinav/ros2_ws/build/mobile_robotics/build/lib/mobile_robotics
[1.075s] copying mobile_robotics/coding_ex1_part2.py -> /home/rinav/ros2_ws/build/mobile_robotics/build/lib/mobile_robotics
[1.076s] running install
[1.076s] running install_lib
[1.077s] creating /home/rinav/ros2_ws/install/mobile_robotics/lib/python3.10/site-packages/mobile_robotics
[1.077s] copying /home/rinav/ros2_ws/build/mobile_robotics/build/lib/mobile_robotics/coding_ex2.py -> /home/rinav/ros2_ws/install/mobile_robotics/lib/python3.10/site-packages/mobile_robotics
[1.077s] copying /home/rinav/ros2_ws/build/mobile_robotics/build/lib/mobile_robotics/coding_ex1_part1.py -> /home/rinav/ros2_ws/install/mobile_robotics/lib/python3.10/site-packages/mobile_robotics
[1.078s] copying /home/rinav/ros2_ws/build/mobile_robotics/build/lib/mobile_robotics/__init__.py -> /home/rinav/ros2_ws/install/mobile_robotics/lib/python3.10/site-packages/mobile_robotics
[1.078s] copying /home/rinav/ros2_ws/build/mobile_robotics/build/lib/mobile_robotics/utils.py -> /home/rinav/ros2_ws/install/mobile_robotics/lib/python3.10/site-packages/mobile_robotics
[1.078s] copying /home/rinav/ros2_ws/build/mobile_robotics/build/lib/mobile_robotics/coding_ex1_part2.py -> /home/rinav/ros2_ws/install/mobile_robotics/lib/python3.10/site-packages/mobile_robotics
[1.078s] byte-compiling /home/rinav/ros2_ws/install/mobile_robotics/lib/python3.10/site-packages/mobile_robotics/coding_ex2.py to coding_ex2.cpython-310.pyc
[1.082s] byte-compiling /home/rinav/ros2_ws/install/mobile_robotics/lib/python3.10/site-packages/mobile_robotics/coding_ex1_part1.py to coding_ex1_part1.cpython-310.pyc
[1.082s] byte-compiling /home/rinav/ros2_ws/install/mobile_robotics/lib/python3.10/site-packages/mobile_robotics/__init__.py to __init__.cpython-310.pyc
[1.082s] byte-compiling /home/rinav/ros2_ws/install/mobile_robotics/lib/python3.10/site-packages/mobile_robotics/utils.py to utils.cpython-310.pyc
[1.083s] byte-compiling /home/rinav/ros2_ws/install/mobile_robotics/lib/python3.10/site-packages/mobile_robotics/coding_ex1_part2.py to coding_ex1_part2.cpython-310.pyc
[1.083s] running install_data
[1.083s] creating /home/rinav/ros2_ws/install/mobile_robotics/share/ament_index
[1.083s] creating /home/rinav/ros2_ws/install/mobile_robotics/share/ament_index/resource_index
[1.083s] creating /home/rinav/ros2_ws/install/mobile_robotics/share/ament_index/resource_index/packages
[1.083s] copying resource/mobile_robotics -> /home/rinav/ros2_ws/install/mobile_robotics/share/ament_index/resource_index/packages
[1.083s] copying package.xml -> /home/rinav/ros2_ws/install/mobile_robotics/share/mobile_robotics
[1.083s] running install_egg_info
[1.084s] Copying ../../build/mobile_robotics/mobile_robotics.egg-info to /home/rinav/ros2_ws/install/mobile_robotics/lib/python3.10/site-packages/mobile_robotics-0.0.0-py3.10.egg-info
[1.085s] running install_scripts
[1.111s] Installing ex2 script to /home/rinav/ros2_ws/install/mobile_robotics/lib/mobile_robotics
[1.111s] Installing part1 script to /home/rinav/ros2_ws/install/mobile_robotics/lib/mobile_robotics
[1.111s] Installing part2 script to /home/rinav/ros2_ws/install/mobile_robotics/lib/mobile_robotics
[1.111s] writing list of installed files to '/home/rinav/ros2_ws/build/mobile_robotics/install.log'
[1.237s] Invoked command in '/home/rinav/ros2_ws/src/mobile_robotics' returned '0': PYTHONPATH=/home/rinav/ros2_ws/build/mobile_robotics/prefix_override:/usr/lib/python3/dist-packages/colcon_core/task/python/colcon_distutils_commands:/home/rinav/ros2_ws/install/mobile_robotics/lib/python3.10/site-packages:${PYTHONPATH} /usr/bin/python3 -W ignore:setup.py install is deprecated -W ignore:easy_install command is deprecated setup.py egg_info --egg-base ../../build/mobile_robotics build --build-base /home/rinav/ros2_ws/build/mobile_robotics/build install --record /home/rinav/ros2_ws/build/mobile_robotics/install.log --single-version-externally-managed install_data
