[0.006s] Invoking command in '/home/rinav/ros2_ws/src/husky/build/husky_gazebo': CMAKE_PREFIX_PATH=${CMAKE_PREFIX_PATH}:/opt/ros/humble /usr/bin/cmake /home/rinav/ros2_ws/src/husky/husky_gazebo -DCMAKE_INSTALL_PREFIX=/home/rinav/ros2_ws/src/husky/install/husky_gazebo
[0.037s] -- The C compiler identification is GNU 11.4.0
[0.070s] -- The CXX compiler identification is GNU 11.4.0
[0.074s] -- Detecting C compiler ABI info
[0.111s] -- Detecting C compiler ABI info - done
[0.117s] -- Check for working C compiler: /usr/bin/cc - skipped
[0.117s] -- Detecting C compile features
[0.117s] -- Detecting C compile features - done
[0.119s] -- Detecting CXX compiler ABI info
[0.161s] -- Detecting CXX compiler ABI info - done
[0.167s] -- Check for working CXX compiler: /usr/bin/c++ - skipped
[0.167s] -- Detecting CXX compile features
[0.167s] -- Detecting CXX compile features - done
[0.169s] -- Found ament_cmake: 1.3.12 (/opt/ros/humble/share/ament_cmake/cmake)
[0.254s] -- Found Python3: /usr/bin/python3 (found version "3.10.12") found components: Interpreter 
[0.312s] -- Found urdf: 2.6.1 (/opt/ros/humble/share/urdf/cmake)
[0.360s] -- Found xacro: 2.1.1 (/opt/ros/humble/share/xacro/cmake)
[0.395s] -- Configuring done
[0.397s] -- Generating done
[0.398s] -- Build files have been written to: /home/rinav/ros2_ws/src/husky/build/husky_gazebo
[0.403s] Invoked command in '/home/rinav/ros2_ws/src/husky/build/husky_gazebo' returned '0': CMAKE_PREFIX_PATH=${CMAKE_PREFIX_PATH}:/opt/ros/humble /usr/bin/cmake /home/rinav/ros2_ws/src/husky/husky_gazebo -DCMAKE_INSTALL_PREFIX=/home/rinav/ros2_ws/src/husky/install/husky_gazebo
[0.404s] Invoking command in '/home/rinav/ros2_ws/src/husky/build/husky_gazebo': CMAKE_PREFIX_PATH=${CMAKE_PREFIX_PATH}:/opt/ros/humble /usr/bin/cmake --build /home/rinav/ros2_ws/src/husky/build/husky_gazebo -- -j8 -l8
[0.421s] Invoked command in '/home/rinav/ros2_ws/src/husky/build/husky_gazebo' returned '0': CMAKE_PREFIX_PATH=${CMAKE_PREFIX_PATH}:/opt/ros/humble /usr/bin/cmake --build /home/rinav/ros2_ws/src/husky/build/husky_gazebo -- -j8 -l8
[0.425s] Invoking command in '/home/rinav/ros2_ws/src/husky/build/husky_gazebo': CMAKE_PREFIX_PATH=${CMAKE_PREFIX_PATH}:/opt/ros/humble /usr/bin/cmake --install /home/rinav/ros2_ws/src/husky/build/husky_gazebo
[0.429s] -- Install configuration: ""
[0.429s] -- Installing: /home/rinav/ros2_ws/src/husky/install/husky_gazebo/share/husky_gazebo/launch
[0.429s] -- Installing: /home/rinav/ros2_ws/src/husky/install/husky_gazebo/share/husky_gazebo/launch/multi_husky_playpen.launch
[0.429s] -- Installing: /home/rinav/ros2_ws/src/husky/install/husky_gazebo/share/husky_gazebo/launch/spawn_husky.launch
[0.429s] -- Installing: /home/rinav/ros2_ws/src/husky/install/husky_gazebo/share/husky_gazebo/launch/husky_playpen.launch.py
[0.429s] -- Installing: /home/rinav/ros2_ws/src/husky/install/husky_gazebo/share/husky_gazebo/launch/husky_playpen.launch
[0.429s] -- Installing: /home/rinav/ros2_ws/src/husky/install/husky_gazebo/share/husky_gazebo/launch/realsense.launch
[0.429s] -- Installing: /home/rinav/ros2_ws/src/husky/install/husky_gazebo/share/husky_gazebo/launch/gazebo.launch.py
[0.429s] -- Installing: /home/rinav/ros2_ws/src/husky/install/husky_gazebo/share/husky_gazebo/launch/husky_empty_world.launch
[0.429s] -- Installing: /home/rinav/ros2_ws/src/husky/install/husky_gazebo/share/husky_gazebo/launch/playpen.launch
[0.429s] -- Installing: /home/rinav/ros2_ws/src/husky/install/husky_gazebo/share/husky_gazebo/worlds
[0.430s] -- Installing: /home/rinav/ros2_ws/src/husky/install/husky_gazebo/share/husky_gazebo/worlds/clearpath_playpen.world
[0.430s] -- Installing: /home/rinav/ros2_ws/src/husky/install/husky_gazebo/share/ament_index/resource_index/package_run_dependencies/husky_gazebo
[0.430s] -- Installing: /home/rinav/ros2_ws/src/husky/install/husky_gazebo/share/ament_index/resource_index/parent_prefix_path/husky_gazebo
[0.430s] -- Installing: /home/rinav/ros2_ws/src/husky/install/husky_gazebo/share/husky_gazebo/environment/ament_prefix_path.sh
[0.430s] -- Installing: /home/rinav/ros2_ws/src/husky/install/husky_gazebo/share/husky_gazebo/environment/ament_prefix_path.dsv
[0.430s] -- Installing: /home/rinav/ros2_ws/src/husky/install/husky_gazebo/share/husky_gazebo/environment/path.sh
[0.430s] -- Installing: /home/rinav/ros2_ws/src/husky/install/husky_gazebo/share/husky_gazebo/environment/path.dsv
[0.431s] -- Installing: /home/rinav/ros2_ws/src/husky/install/husky_gazebo/share/husky_gazebo/local_setup.bash
[0.431s] -- Installing: /home/rinav/ros2_ws/src/husky/install/husky_gazebo/share/husky_gazebo/local_setup.sh
[0.431s] -- Installing: /home/rinav/ros2_ws/src/husky/install/husky_gazebo/share/husky_gazebo/local_setup.zsh
[0.431s] -- Installing: /home/rinav/ros2_ws/src/husky/install/husky_gazebo/share/husky_gazebo/local_setup.dsv
[0.431s] -- Installing: /home/rinav/ros2_ws/src/husky/install/husky_gazebo/share/husky_gazebo/package.dsv
[0.431s] -- Installing: /home/rinav/ros2_ws/src/husky/install/husky_gazebo/share/ament_index/resource_index/packages/husky_gazebo
[0.431s] -- Installing: /home/rinav/ros2_ws/src/husky/install/husky_gazebo/share/husky_gazebo/cmake/husky_gazeboConfig.cmake
[0.431s] -- Installing: /home/rinav/ros2_ws/src/husky/install/husky_gazebo/share/husky_gazebo/cmake/husky_gazeboConfig-version.cmake
[0.431s] -- Installing: /home/rinav/ros2_ws/src/husky/install/husky_gazebo/share/husky_gazebo/package.xml
[0.433s] Invoked command in '/home/rinav/ros2_ws/src/husky/build/husky_gazebo' returned '0': CMAKE_PREFIX_PATH=${CMAKE_PREFIX_PATH}:/opt/ros/humble /usr/bin/cmake --install /home/rinav/ros2_ws/src/husky/build/husky_gazebo
