-- The C compiler identification is GNU 11.4.0
-- The CXX compiler identification is GNU 11.4.0
-- Detecting C compiler ABI info
-- Detecting C compiler ABI info - done
-- Check for working C compiler: /usr/bin/cc - skipped
-- Detecting C compile features
-- Detecting C compile features - done
-- Detecting CXX compiler ABI info
-- Detecting CXX compiler ABI info - done
-- Check for working CXX compiler: /usr/bin/c++ - skipped
-- Detecting CXX compile features
-- Detecting CXX compile features - done
-- Enabling tests requiring a display
-- Found ament_cmake: 1.3.12 (/opt/ros/humble/share/ament_cmake/cmake)
-- Found Python3: /usr/bin/python3 (found version "3.10.12") found components: Interpreter 
-- Found rviz_common: 11.2.18 (/home/rinav/ros2_ws/install/rviz_common/share/rviz_common/cmake)
-- Setting assimp_DIR to: '/home/rinav/ros2_ws/install/rviz_assimp_vendor/share/rviz_assimp_vendor/cmake/../../../opt/rviz_assimp_vendor/lib/cmake/assimp-4.1'
-- Setting OGRE_DIR to: '/home/rinav/ros2_ws/install/rviz_ogre_vendor/share/rviz_ogre_vendor/cmake/../../../opt/rviz_ogre_vendor/lib/OGRE/cmake'
-- Found OGRE
--   static     : OFF
--   components : HLMS;MeshLodGenerator;Overlay;Paging;Property;RTShaderSystem;Terrain;Volume
--   plugins    : Plugin_BSPSceneManager;Plugin_OctreeSceneManager;Plugin_PCZSceneManager;Plugin_ParticleFX;RenderSystem_GL;RenderSystem_GL3Plus;Codec_STBI;Codec_EXR
--   media      : /home/rinav/ros2_ws/install/rviz_ogre_vendor/opt/rviz_ogre_vendor/share/OGRE/Media
-- OGRE_LIBRARIES: OgreHLMS;OgreMeshLodGenerator;OgreOverlay;OgrePaging;OgreProperty;OgreRTShaderSystem;OgreTerrain;OgreVolume;OgreMain
-- OGRE_LIBRARY_DIRS: /home/rinav/ros2_ws/install/rviz_ogre_vendor/opt/rviz_ogre_vendor/lib
-- OGRE_PLUGINS: Plugin_BSPSceneManager;Plugin_OctreeSceneManager;Plugin_PCZSceneManager;Plugin_ParticleFX;RenderSystem_GL;RenderSystem_GL3Plus;Codec_STBI;Codec_EXR
-- OGRE_PLUGIN_DIR: /home/rinav/ros2_ws/install/rviz_ogre_vendor/opt/rviz_ogre_vendor/lib/OGRE
-- rviz_ogre_vendor::OgreOverlay for IMPORTED_LOCATION_RELEASE: /home/rinav/ros2_ws/install/rviz_ogre_vendor/opt/rviz_ogre_vendor/lib/libOgreOverlay.so
-- rviz_ogre_vendor::OgreOverlay for IMPORTED_LOCATION_DEBUG: /home/rinav/ros2_ws/install/rviz_ogre_vendor/opt/rviz_ogre_vendor/lib/libOgreOverlay.so
-- rviz_ogre_vendor::OgreMain for IMPORTED_LOCATION_RELEASE: /home/rinav/ros2_ws/install/rviz_ogre_vendor/opt/rviz_ogre_vendor/lib/libOgreMain.so
-- rviz_ogre_vendor::OgreMain for IMPORTED_LOCATION_DEBUG: /home/rinav/ros2_ws/install/rviz_ogre_vendor/opt/rviz_ogre_vendor/lib/libOgreMain.so
-- Could not find freeimage library
-- Found ZLIB: /usr/lib/aarch64-linux-gnu/libz.so (found version "1.2.11") 
-- Found OpenGL: /usr/lib/aarch64-linux-gnu/libOpenGL.so   
-- Found X11: /usr/include   
-- Looking for XOpenDisplay in /usr/lib/aarch64-linux-gnu/libX11.so;/usr/lib/aarch64-linux-gnu/libXext.so
-- Looking for XOpenDisplay in /usr/lib/aarch64-linux-gnu/libX11.so;/usr/lib/aarch64-linux-gnu/libXext.so - found
-- Looking for gethostbyname
-- Looking for gethostbyname - found
-- Looking for connect
-- Looking for connect - found
-- Looking for remove
-- Looking for remove - found
-- Looking for shmat
-- Looking for shmat - found
-- Looking for IceConnectionNumber in ICE
-- Looking for IceConnectionNumber in ICE - found
-- library: /usr/lib/aarch64-linux-gnu/libcurl.so
-- Found rosidl_generator_c: 3.1.7 (/opt/ros/humble/share/rosidl_generator_c/cmake)
-- Found rosidl_adapter: 3.1.7 (/opt/ros/humble/share/rosidl_adapter/cmake)
-- Found rosidl_generator_cpp: 3.1.7 (/opt/ros/humble/share/rosidl_generator_cpp/cmake)
-- Using all available rosidl_typesupport_c: rosidl_typesupport_fastrtps_c;rosidl_typesupport_introspection_c
-- Using all available rosidl_typesupport_cpp: rosidl_typesupport_fastrtps_cpp;rosidl_typesupport_introspection_cpp
-- Found rmw_implementation_cmake: 6.1.2 (/opt/ros/humble/share/rmw_implementation_cmake/cmake)
-- Found rmw_fastrtps_cpp: 6.2.8 (/opt/ros/humble/share/rmw_fastrtps_cpp/cmake)
-- Found TinyXML2 via Config file: TinyXML2_DIR-NOTFOUND
-- Found OpenSSL: /usr/lib/aarch64-linux-gnu/libcrypto.so (found version "3.0.2")  
-- Found TinyXML2 via Config file: TinyXML2_DIR-NOTFOUND
-- Found FastRTPS: /opt/ros/humble/include  
-- Found TinyXML2 via Config file: TinyXML2_DIR-NOTFOUND
-- Found TinyXML2 via Config file: TinyXML2_DIR-NOTFOUND
-- Using RMW implementation 'rmw_fastrtps_cpp' as default
-- Looking for pthread.h
-- Looking for pthread.h - found
-- Performing Test CMAKE_HAVE_LIBC_PTHREAD
-- Performing Test CMAKE_HAVE_LIBC_PTHREAD - Success
-- Found Threads: TRUE  
-- Found Eigen3: TRUE (found version "3.4.0") 
-- Ensuring Eigen3 include directory is part of orocos-kdl CMake target
-- Looking for ignition-math6 -- found version 6.15.1
-- Searching for dependencies of ignition-math6
-- Found image_transport: 3.1.12 (/opt/ros/humble/share/image_transport/cmake)
-- Found interactive_markers: 2.3.2 (/opt/ros/humble/share/interactive_markers/cmake)
-- Found laser_geometry: 2.4.0 (/opt/ros/humble/share/laser_geometry/cmake)
-- Found map_msgs: 2.1.0 (/opt/ros/humble/share/map_msgs/cmake)
-- Found ament_lint_auto: 0.12.14 (/opt/ros/humble/share/ament_lint_auto/cmake)
-- Found gmock sources under '/opt/ros/humble/src/gmock_vendor': C++ tests using 'Google Mock' will be built
-- Found gtest sources under '/opt/ros/humble/src/gtest_vendor': C++ tests using 'Google Test' will be built
-- Added test 'cppcheck' to perform static code analysis on C / C++ code
-- Configured cppcheck include dirs: $<BUILD_INTERFACE:/home/rinav/ros2_ws/src/rviz/rviz_default_plugins/include>;/home/rinav/ros2_ws/src/rviz/rviz_default_plugins/test;/home/rinav/ros2_ws/src/rviz/rviz_default_plugins/test/page_objects
-- Configured cppcheck exclude dirs and/or files: 
-- Added test 'cpplint' to check C / C++ code against the Google style
-- Configured cpplint exclude dirs and/or files: 
-- Added test 'lint_cmake' to check CMake code style
-- Added test 'uncrustify' to check C / C++ code style
-- Configured uncrustify additional arguments: 
-- Added test 'xmllint' to check XML markup files
-- Configuring done
-- Generating done
-- Build files have been written to: /home/rinav/ros2_ws/build/rviz_default_plugins
[  0%] [34m[1mGenerating include/rviz_default_plugins/view_controllers/xy_orbit/moc_xy_orbit_view_controller.cpp[0m
[  0%] [34m[1mGenerating include/rviz_default_plugins/displays/accel/moc_accel_display.cpp[0m
[  0%] [32mBuilding CXX object gmock/CMakeFiles/gmock.dir/opt/ros/humble/src/gtest_vendor/src/gtest-all.cc.o[0m
[  1%] [32mBuilding CXX object gtest/CMakeFiles/gtest.dir/src/gtest-all.cc.o[0m
[  1%] [32mBuilding CXX object CMakeFiles/point_cloud_common_page_object.dir/test/rviz_default_plugins/page_objects/point_cloud_common_page_object.cpp.o[0m
[  2%] [32mBuilding CXX object CMakeFiles/pointcloud_messages.dir/test/rviz_default_plugins/pointcloud_messages.cpp.o[0m
[  2%] [32mBuilding CXX object gmock/CMakeFiles/gmock_main.dir/src/gmock_main.cc.o[0m
[  2%] [32mBuilding CXX object gtest/CMakeFiles/gtest_main.dir/src/gtest_main.cc.o[0m
[  2%] [34m[1mGenerating include/rviz_default_plugins/displays/axes/moc_axes_display.cpp[0m
[  3%] [34m[1mGenerating include/rviz_default_plugins/displays/depth_cloud/moc_depth_cloud_display.cpp[0m
[  3%] [34m[1mGenerating include/rviz_default_plugins/displays/camera/moc_camera_display.cpp[0m
[  3%] [34m[1mGenerating include/rviz_default_plugins/displays/effort/moc_effort_display.cpp[0m
[  3%] [34m[1mGenerating include/rviz_default_plugins/displays/fluid_pressure/moc_fluid_pressure_display.cpp[0m
[  3%] [34m[1mGenerating include/rviz_default_plugins/displays/grid/moc_grid_display.cpp[0m
[  4%] [34m[1mGenerating include/rviz_default_plugins/displays/grid_cells/moc_grid_cells_display.cpp[0m
[  4%] [34m[1mGenerating include/rviz_default_plugins/displays/illuminance/moc_illuminance_display.cpp[0m
[  4%] [34m[1mGenerating include/rviz_default_plugins/displays/image/moc_image_display.cpp[0m
[  4%] [34m[1mGenerating include/rviz_default_plugins/displays/interactive_markers/moc_integer_action.cpp[0m
[  4%] [34m[1mGenerating include/rviz_default_plugins/displays/interactive_markers/moc_interactive_marker.cpp[0m
[  4%] [34m[1mGenerating include/rviz_default_plugins/displays/interactive_markers/moc_interactive_marker_display.cpp[0m
[  5%] [34m[1mGenerating include/rviz_default_plugins/displays/interactive_markers/moc_interactive_marker_namespace_property.cpp[0m
[  6%] [34m[1mGenerating include/rviz_default_plugins/displays/laser_scan/moc_laser_scan_display.cpp[0m
[  6%] [34m[1mGenerating include/rviz_default_plugins/displays/map/moc_map_display.cpp[0m
[  6%] [34m[1mGenerating include/rviz_default_plugins/displays/marker/moc_marker_common.cpp[0m
[  6%] [34m[1mGenerating include/rviz_default_plugins/displays/odometry/moc_odometry_display.cpp[0m
[  6%] [34m[1mGenerating include/rviz_default_plugins/displays/path/moc_path_display.cpp[0m
[  6%] [34m[1mGenerating include/rviz_default_plugins/displays/point/moc_point_stamped_display.cpp[0m
[  7%] [34m[1mGenerating include/rviz_default_plugins/displays/pointcloud/moc_point_cloud_common.cpp[0m
[  7%] [34m[1mGenerating include/rviz_default_plugins/displays/pointcloud/moc_point_cloud_transformer.cpp[0m
[  7%] [34m[1mGenerating include/rviz_default_plugins/displays/pointcloud/transformers/moc_axis_color_pc_transformer.cpp[0m
[  7%] [34m[1mGenerating include/rviz_default_plugins/displays/pointcloud/transformers/moc_flat_color_pc_transformer.cpp[0m
[  8%] [34m[1mGenerating include/rviz_default_plugins/displays/pointcloud/transformers/moc_intensity_pc_transformer.cpp[0m
[  8%] [34m[1mGenerating include/rviz_default_plugins/displays/polygon/moc_polygon_display.cpp[0m
[  8%] [34m[1mGenerating include/rviz_default_plugins/displays/pose/moc_pose_display.cpp[0m
[  8%] [34m[1mGenerating include/rviz_default_plugins/displays/pose_array/moc_pose_array_display.cpp[0m
[  9%] [34m[1mGenerating include/rviz_default_plugins/displays/pose_covariance/moc_pose_with_covariance_display.cpp[0m
[  9%] [34m[1mGenerating include/rviz_default_plugins/displays/range/moc_range_display.cpp[0m
[  9%] [34m[1mGenerating include/rviz_default_plugins/displays/relative_humidity/moc_relative_humidity_display.cpp[0m
[ 10%] [34m[1mGenerating include/rviz_default_plugins/displays/robot_model/moc_robot_model_display.cpp[0m
[ 10%] [34m[1mGenerating include/rviz_default_plugins/displays/temperature/moc_temperature_display.cpp[0m
[ 10%] [34m[1mGenerating include/rviz_default_plugins/displays/tf/moc_frame_info.cpp[0m
[ 10%] [34m[1mGenerating include/rviz_default_plugins/displays/tf/moc_tf_display.cpp[0m
[ 11%] [34m[1mGenerating include/rviz_default_plugins/displays/twist/moc_twist_display.cpp[0m
[ 11%] [34m[1mGenerating include/rviz_default_plugins/displays/wrench/moc_wrench_display.cpp[0m
[ 11%] [34m[1mGenerating include/rviz_default_plugins/robot/moc_robot.cpp[0m
[ 11%] [34m[1mGenerating include/rviz_default_plugins/robot/moc_robot_element_base_class.cpp[0m
[ 12%] [34m[1mGenerating include/rviz_default_plugins/robot/moc_robot_link.cpp[0m
[ 12%] [34m[1mGenerating include/rviz_default_plugins/robot/moc_robot_joint.cpp[0m
[ 13%] [34m[1mGenerating include/rviz_default_plugins/tools/interaction/moc_interaction_tool.cpp[0m
[ 13%] [34m[1mGenerating include/rviz_default_plugins/tools/goal_pose/moc_goal_tool.cpp[0m
[ 13%] [32mBuilding CXX object gmock/CMakeFiles/gmock.dir/src/gmock-all.cc.o[0m
[ 13%] [34m[1mGenerating include/rviz_default_plugins/tools/measure/moc_measure_tool.cpp[0m
[ 13%] [34m[1mGenerating include/rviz_default_plugins/tools/point/moc_point_tool.cpp[0m
[ 13%] [34m[1mGenerating include/rviz_default_plugins/tools/pose_estimate/moc_initial_pose_tool.cpp[0m
[ 14%] [34m[1mGenerating include/rviz_default_plugins/transformation/moc_transformer_guard.cpp[0m
[ 15%] [34m[1mGenerating include/rviz_default_plugins/view_controllers/frame/moc_frame_view_controller.cpp[0m
[ 15%] [34m[1mGenerating include/rviz_default_plugins/view_controllers/orbit/moc_orbit_view_controller.cpp[0m
[ 15%] [34m[1mGenerating include/rviz_default_plugins/view_controllers/ortho/moc_fixed_orientation_ortho_view_controller.cpp[0m
[ 16%] [32mBuilding CXX object CMakeFiles/rviz_default_plugins.dir/include/rviz_default_plugins/displays/accel/moc_accel_display.cpp.o[0m
[ 17%] [32m[1mLinking CXX static library libgtest_main.a[0m
[ 17%] Built target gtest_main
[ 17%] [32mBuilding CXX object CMakeFiles/rviz_default_plugins.dir/include/rviz_default_plugins/displays/axes/moc_axes_display.cpp.o[0m
[ 17%] [32m[1mLinking CXX static library libgmock_main.a[0m
[ 17%] Built target gmock_main
[ 17%] [32mBuilding CXX object CMakeFiles/rviz_default_plugins.dir/include/rviz_default_plugins/displays/camera/moc_camera_display.cpp.o[0m
[ 17%] [32m[1mLinking CXX static library libpointcloud_messages.a[0m
[ 17%] Built target pointcloud_messages
[ 17%] [32mBuilding CXX object CMakeFiles/rviz_default_plugins.dir/include/rviz_default_plugins/displays/depth_cloud/moc_depth_cloud_display.cpp.o[0m
[ 18%] [32mBuilding CXX object CMakeFiles/rviz_default_plugins.dir/include/rviz_default_plugins/displays/effort/moc_effort_display.cpp.o[0m
[ 18%] [32mBuilding CXX object CMakeFiles/rviz_default_plugins.dir/include/rviz_default_plugins/displays/fluid_pressure/moc_fluid_pressure_display.cpp.o[0m
[ 18%] [32m[1mLinking CXX static library libgtest.a[0m
[ 18%] Built target gtest
[ 19%] [32m[1mLinking CXX static library libgmock.a[0m
[ 19%] [32mBuilding CXX object CMakeFiles/accel_display_visual_test.dir/test/rviz_default_plugins/displays/accel/accel_display_visual_test.cpp.o[0m
[ 19%] Built target gmock
[ 19%] [32mBuilding CXX object CMakeFiles/depth_cloud_display_visual_test.dir/test/rviz_default_plugins/displays/depth_cloud/depth_cloud_display_visual_test.cpp.o[0m
[ 20%] [32m[1mLinking CXX static library libpoint_cloud_common_page_object.a[0m
[ 20%] Built target point_cloud_common_page_object
[ 20%] [32mBuilding CXX object CMakeFiles/effort_display_visual_test.dir/test/rviz_default_plugins/displays/effort/effort_display_visual_test.cpp.o[0m
[ 20%] [32mBuilding CXX object CMakeFiles/effort_display_visual_test.dir/test/rviz_default_plugins/page_objects/effort_display_page_object.cpp.o[0m
[ 20%] [32mBuilding CXX object CMakeFiles/rviz_default_plugins.dir/include/rviz_default_plugins/displays/grid/moc_grid_display.cpp.o[0m
[ 21%] [32mBuilding CXX object CMakeFiles/twist_display_visual_test.dir/test/rviz_default_plugins/displays/twist/twist_display_visual_test.cpp.o[0m
[ 21%] [32mBuilding CXX object CMakeFiles/twist_display_visual_test.dir/test/rviz_default_plugins/page_objects/twist_display_page_object.cpp.o[0m
[ 22%] [32mBuilding CXX object CMakeFiles/rviz_default_plugins.dir/include/rviz_default_plugins/displays/grid_cells/moc_grid_cells_display.cpp.o[0m
[ 22%] [32mBuilding CXX object CMakeFiles/rviz_default_plugins.dir/include/rviz_default_plugins/displays/illuminance/moc_illuminance_display.cpp.o[0m
[ 22%] [32mBuilding CXX object CMakeFiles/accel_display_visual_test.dir/test/rviz_default_plugins/page_objects/accel_display_page_object.cpp.o[0m
[ 22%] [32mBuilding CXX object CMakeFiles/depth_cloud_display_visual_test.dir/test/rviz_default_plugins/page_objects/depth_cloud_page_object.cpp.o[0m
[ 22%] [32mBuilding CXX object CMakeFiles/rviz_default_plugins.dir/include/rviz_default_plugins/displays/image/moc_image_display.cpp.o[0m
[ 23%] [32m[1mLinking CXX executable effort_display_visual_test[0m
[ 23%] Built target effort_display_visual_test
[ 23%] [32mBuilding CXX object CMakeFiles/rviz_default_plugins.dir/include/rviz_default_plugins/displays/laser_scan/moc_laser_scan_display.cpp.o[0m
[ 24%] [32mBuilding CXX object CMakeFiles/rviz_default_plugins.dir/include/rviz_default_plugins/displays/map/moc_map_display.cpp.o[0m
[ 24%] [32m[1mLinking CXX executable accel_display_visual_test[0m
[ 25%] [32m[1mLinking CXX executable depth_cloud_display_visual_test[0m
[ 25%] Built target accel_display_visual_test
[ 25%] [32mBuilding CXX object CMakeFiles/display_test_fixture.dir/test/rviz_default_plugins/displays/display_test_fixture.cpp.o[0m
[ 25%] Built target depth_cloud_display_visual_test
[ 25%] [32mBuilding CXX object CMakeFiles/display_test_fixture.dir/test/rviz_default_plugins/ogre_testing_environment.cpp.o[0m
[ 25%] [32mBuilding CXX object CMakeFiles/rviz_default_plugins.dir/include/rviz_default_plugins/displays/marker/moc_marker_common.cpp.o[0m
[ 25%] [32m[1mLinking CXX executable twist_display_visual_test[0m
[ 25%] [32mBuilding CXX object CMakeFiles/rviz_default_plugins.dir/include/rviz_default_plugins/displays/odometry/moc_odometry_display.cpp.o[0m
[ 26%] [32mBuilding CXX object CMakeFiles/display_test_fixture.dir/test/rviz_default_plugins/scene_graph_introspection.cpp.o[0m
[ 26%] Built target twist_display_visual_test
[ 26%] [32mBuilding CXX object CMakeFiles/rviz_default_plugins.dir/include/rviz_default_plugins/transformation/moc_transformer_guard.cpp.o[0m
[ 27%] [32mBuilding CXX object CMakeFiles/rviz_default_plugins.dir/include/rviz_default_plugins/displays/interactive_markers/moc_integer_action.cpp.o[0m
[ 27%] [32mBuilding CXX object CMakeFiles/rviz_default_plugins.dir/include/rviz_default_plugins/displays/interactive_markers/moc_interactive_marker.cpp.o[0m
[ 27%] [32mBuilding CXX object CMakeFiles/rviz_default_plugins.dir/include/rviz_default_plugins/displays/interactive_markers/moc_interactive_marker_display.cpp.o[0m
[ 28%] [32mBuilding CXX object CMakeFiles/rviz_default_plugins.dir/include/rviz_default_plugins/displays/interactive_markers/moc_interactive_marker_namespace_property.cpp.o[0m
[ 28%] [32mBuilding CXX object CMakeFiles/rviz_default_plugins.dir/include/rviz_default_plugins/displays/path/moc_path_display.cpp.o[0m
[ 28%] [32mBuilding CXX object CMakeFiles/rviz_default_plugins.dir/include/rviz_default_plugins/displays/point/moc_point_stamped_display.cpp.o[0m
[ 28%] [32mBuilding CXX object CMakeFiles/rviz_default_plugins.dir/include/rviz_default_plugins/displays/pointcloud/moc_point_cloud_common.cpp.o[0m
[ 29%] [32mBuilding CXX object CMakeFiles/rviz_default_plugins.dir/include/rviz_default_plugins/displays/pointcloud/moc_point_cloud_transformer.cpp.o[0m
[ 29%] [32mBuilding CXX object CMakeFiles/rviz_default_plugins.dir/include/rviz_default_plugins/displays/pointcloud/transformers/moc_axis_color_pc_transformer.cpp.o[0m
[ 29%] [32mBuilding CXX object CMakeFiles/rviz_default_plugins.dir/include/rviz_default_plugins/displays/pointcloud/transformers/moc_flat_color_pc_transformer.cpp.o[0m
[ 29%] [32m[1mLinking CXX static library libdisplay_test_fixture.a[0m
[ 29%] Built target display_test_fixture
[ 29%] [32mBuilding CXX object CMakeFiles/rviz_default_plugins.dir/include/rviz_default_plugins/displays/pointcloud/transformers/moc_intensity_pc_transformer.cpp.o[0m
[ 30%] [32mBuilding CXX object CMakeFiles/rviz_default_plugins.dir/include/rviz_default_plugins/displays/polygon/moc_polygon_display.cpp.o[0m
[ 30%] [32mBuilding CXX object CMakeFiles/rviz_default_plugins.dir/include/rviz_default_plugins/displays/pose/moc_pose_display.cpp.o[0m
[ 30%] [32mBuilding CXX object CMakeFiles/rviz_default_plugins.dir/include/rviz_default_plugins/displays/pose_array/moc_pose_array_display.cpp.o[0m
[ 31%] [32mBuilding CXX object CMakeFiles/rviz_default_plugins.dir/include/rviz_default_plugins/displays/pose_covariance/moc_pose_with_covariance_display.cpp.o[0m
[ 31%] [32mBuilding CXX object CMakeFiles/rviz_default_plugins.dir/include/rviz_default_plugins/displays/range/moc_range_display.cpp.o[0m
[ 31%] [32mBuilding CXX object CMakeFiles/rviz_default_plugins.dir/include/rviz_default_plugins/displays/relative_humidity/moc_relative_humidity_display.cpp.o[0m
[ 31%] [32mBuilding CXX object CMakeFiles/rviz_default_plugins.dir/include/rviz_default_plugins/displays/robot_model/moc_robot_model_display.cpp.o[0m
[ 32%] [32mBuilding CXX object CMakeFiles/rviz_default_plugins.dir/include/rviz_default_plugins/displays/temperature/moc_temperature_display.cpp.o[0m
[ 32%] [32mBuilding CXX object CMakeFiles/rviz_default_plugins.dir/include/rviz_default_plugins/displays/tf/moc_frame_info.cpp.o[0m
[ 32%] [32mBuilding CXX object CMakeFiles/rviz_default_plugins.dir/include/rviz_default_plugins/displays/tf/moc_tf_display.cpp.o[0m
[ 32%] [32mBuilding CXX object CMakeFiles/rviz_default_plugins.dir/include/rviz_default_plugins/displays/twist/moc_twist_display.cpp.o[0m
[ 33%] [32mBuilding CXX object CMakeFiles/rviz_default_plugins.dir/include/rviz_default_plugins/displays/wrench/moc_wrench_display.cpp.o[0m
[ 33%] [32mBuilding CXX object CMakeFiles/rviz_default_plugins.dir/include/rviz_default_plugins/robot/moc_robot.cpp.o[0m
[ 33%] [32mBuilding CXX object CMakeFiles/rviz_default_plugins.dir/include/rviz_default_plugins/robot/moc_robot_joint.cpp.o[0m
[ 34%] [32mBuilding CXX object CMakeFiles/rviz_default_plugins.dir/include/rviz_default_plugins/robot/moc_robot_link.cpp.o[0m
[ 34%] [32mBuilding CXX object CMakeFiles/rviz_default_plugins.dir/include/rviz_default_plugins/robot/moc_robot_element_base_class.cpp.o[0m
[ 34%] [32mBuilding CXX object CMakeFiles/rviz_default_plugins.dir/include/rviz_default_plugins/tools/measure/moc_measure_tool.cpp.o[0m
[ 34%] [32mBuilding CXX object CMakeFiles/rviz_default_plugins.dir/include/rviz_default_plugins/tools/goal_pose/moc_goal_tool.cpp.o[0m
[ 35%] [32mBuilding CXX object CMakeFiles/rviz_default_plugins.dir/include/rviz_default_plugins/tools/interaction/moc_interaction_tool.cpp.o[0m
[ 35%] [32mBuilding CXX object CMakeFiles/rviz_default_plugins.dir/include/rviz_default_plugins/tools/pose_estimate/moc_initial_pose_tool.cpp.o[0m
[ 35%] [32mBuilding CXX object CMakeFiles/rviz_default_plugins.dir/include/rviz_default_plugins/tools/point/moc_point_tool.cpp.o[0m
[ 35%] [32mBuilding CXX object CMakeFiles/rviz_default_plugins.dir/include/rviz_default_plugins/view_controllers/frame/moc_frame_view_controller.cpp.o[0m
[ 36%] [32mBuilding CXX object CMakeFiles/rviz_default_plugins.dir/include/rviz_default_plugins/view_controllers/orbit/moc_orbit_view_controller.cpp.o[0m
[ 36%] [32mBuilding CXX object CMakeFiles/rviz_default_plugins.dir/include/rviz_default_plugins/view_controllers/ortho/moc_fixed_orientation_ortho_view_controller.cpp.o[0m
[ 36%] [32mBuilding CXX object CMakeFiles/rviz_default_plugins.dir/include/rviz_default_plugins/view_controllers/xy_orbit/moc_xy_orbit_view_controller.cpp.o[0m
[ 37%] [32mBuilding CXX object CMakeFiles/rviz_default_plugins.dir/src/rviz_default_plugins/displays/accel/accel_display.cpp.o[0m
[ 37%] [32mBuilding CXX object CMakeFiles/rviz_default_plugins.dir/src/rviz_default_plugins/displays/axes/axes_display.cpp.o[0m
[ 37%] [32mBuilding CXX object CMakeFiles/rviz_default_plugins.dir/src/rviz_default_plugins/displays/camera/camera_display.cpp.o[0m
[ 37%] [32mBuilding CXX object CMakeFiles/rviz_default_plugins.dir/src/rviz_default_plugins/displays/depth_cloud/depth_cloud_display.cpp.o[0m
[ 38%] [32mBuilding CXX object CMakeFiles/rviz_default_plugins.dir/src/rviz_default_plugins/displays/effort/effort_display.cpp.o[0m
[ 38%] [32mBuilding CXX object CMakeFiles/rviz_default_plugins.dir/src/rviz_default_plugins/displays/grid/grid_display.cpp.o[0m
[ 38%] [32mBuilding CXX object CMakeFiles/rviz_default_plugins.dir/src/rviz_default_plugins/displays/grid_cells/grid_cells_display.cpp.o[0m
[ 38%] [32mBuilding CXX object CMakeFiles/rviz_default_plugins.dir/src/rviz_default_plugins/displays/fluid_pressure/fluid_pressure_display.cpp.o[0m
[ 39%] [32mBuilding CXX object CMakeFiles/rviz_default_plugins.dir/src/rviz_default_plugins/displays/illuminance/illuminance_display.cpp.o[0m
[ 39%] [32mBuilding CXX object CMakeFiles/rviz_default_plugins.dir/src/rviz_default_plugins/displays/image/get_transport_from_topic.cpp.o[0m
[ 39%] [32mBuilding CXX object CMakeFiles/rviz_default_plugins.dir/src/rviz_default_plugins/displays/image/image_display.cpp.o[0m
[ 39%] [32mBuilding CXX object CMakeFiles/rviz_default_plugins.dir/src/rviz_default_plugins/displays/image/ros_image_texture.cpp.o[0m
[ 40%] [32mBuilding CXX object CMakeFiles/rviz_default_plugins.dir/src/rviz_default_plugins/displays/interactive_markers/integer_action.cpp.o[0m
[ 40%] [32mBuilding CXX object CMakeFiles/rviz_default_plugins.dir/src/rviz_default_plugins/displays/interactive_markers/interactive_marker_control.cpp.o[0m
[ 40%] [32mBuilding CXX object CMakeFiles/rviz_default_plugins.dir/src/rviz_default_plugins/displays/interactive_markers/interactive_marker.cpp.o[0m
[ 41%] [32mBuilding CXX object CMakeFiles/rviz_default_plugins.dir/src/rviz_default_plugins/displays/interactive_markers/interactive_marker_display.cpp.o[0m
[ 41%] [32mBuilding CXX object CMakeFiles/rviz_default_plugins.dir/src/rviz_default_plugins/displays/interactive_markers/interactive_marker_namespace_property.cpp.o[0m
[ 41%] [32mBuilding CXX object CMakeFiles/rviz_default_plugins.dir/src/rviz_default_plugins/displays/laser_scan/laser_scan_display.cpp.o[0m
[ 41%] [32mBuilding CXX object CMakeFiles/rviz_default_plugins.dir/src/rviz_default_plugins/displays/map/map_display.cpp.o[0m
[ 42%] [32mBuilding CXX object CMakeFiles/rviz_default_plugins.dir/src/rviz_default_plugins/displays/map/palette_builder.cpp.o[0m
[ 42%] [32mBuilding CXX object CMakeFiles/rviz_default_plugins.dir/src/rviz_default_plugins/displays/map/swatch.cpp.o[0m
[ 42%] [32mBuilding CXX object CMakeFiles/rviz_default_plugins.dir/src/rviz_default_plugins/displays/marker/markers/arrow_marker.cpp.o[0m
[ 42%] [32mBuilding CXX object CMakeFiles/rviz_default_plugins.dir/src/rviz_default_plugins/displays/marker/markers/line_list_marker.cpp.o[0m
[ 43%] [32mBuilding CXX object CMakeFiles/rviz_default_plugins.dir/src/rviz_default_plugins/displays/marker/markers/line_marker_base.cpp.o[0m
[ 43%] [32mBuilding CXX object CMakeFiles/rviz_default_plugins.dir/src/rviz_default_plugins/displays/marker/markers/line_strip_marker.cpp.o[0m
[ 43%] [32mBuilding CXX object CMakeFiles/rviz_default_plugins.dir/src/rviz_default_plugins/displays/marker/markers/marker_base.cpp.o[0m
[ 44%] [32mBuilding CXX object CMakeFiles/rviz_default_plugins.dir/src/rviz_default_plugins/displays/marker/markers/marker_selection_handler.cpp.o[0m
[ 44%] [32mBuilding CXX object CMakeFiles/rviz_default_plugins.dir/src/rviz_default_plugins/displays/marker/markers/mesh_resource_marker.cpp.o[0m
[ 44%] [32mBuilding CXX object CMakeFiles/rviz_default_plugins.dir/src/rviz_default_plugins/displays/marker/markers/text_view_facing_marker.cpp.o[0m
[ 44%] [32mBuilding CXX object CMakeFiles/rviz_default_plugins.dir/src/rviz_default_plugins/displays/marker/markers/points_marker.cpp.o[0m
[ 45%] [32mBuilding CXX object CMakeFiles/rviz_default_plugins.dir/src/rviz_default_plugins/displays/marker/markers/shape_marker.cpp.o[0m
[ 45%] [32mBuilding CXX object CMakeFiles/rviz_default_plugins.dir/src/rviz_default_plugins/displays/marker/markers/triangle_list_marker.cpp.o[0m
[ 45%] [32mBuilding CXX object CMakeFiles/rviz_default_plugins.dir/src/rviz_default_plugins/displays/marker/markers/marker_factory.cpp.o[0m
[ 45%] [32mBuilding CXX object CMakeFiles/rviz_default_plugins.dir/src/rviz_default_plugins/displays/pointcloud/transformers/axis_color_pc_transformer.cpp.o[0m
[ 45%] [32mBuilding CXX object CMakeFiles/rviz_default_plugins.dir/src/rviz_default_plugins/displays/pointcloud/transformers/flat_color_pc_transformer.cpp.o[0m
[ 47%] [32mBuilding CXX object CMakeFiles/rviz_default_plugins.dir/src/rviz_default_plugins/displays/pointcloud/transformers/intensity_pc_transformer.cpp.o[0m
[ 47%] [32mBuilding CXX object CMakeFiles/rviz_default_plugins.dir/src/rviz_default_plugins/displays/path/path_display.cpp.o[0m
[ 47%] [32mBuilding CXX object CMakeFiles/rviz_default_plugins.dir/src/rviz_default_plugins/displays/point/point_stamped_display.cpp.o[0m
[ 47%] [32mBuilding CXX object CMakeFiles/rviz_default_plugins.dir/src/rviz_default_plugins/displays/pointcloud/transformers/rgb8_pc_transformer.cpp.o[0m
[ 47%] [32mBuilding CXX object CMakeFiles/rviz_default_plugins.dir/src/rviz_default_plugins/displays/odometry/odometry_display.cpp.o[0m
[ 47%] [32mBuilding CXX object CMakeFiles/rviz_default_plugins.dir/src/rviz_default_plugins/displays/marker_array/marker_array_display.cpp.o[0m
[ 48%] [32mBuilding CXX object CMakeFiles/rviz_default_plugins.dir/src/rviz_default_plugins/displays/marker/marker_display.cpp.o[0m
[ 48%] [32mBuilding CXX object CMakeFiles/rviz_default_plugins.dir/src/rviz_default_plugins/displays/marker/marker_common.cpp.o[0m
[ 48%] [32mBuilding CXX object CMakeFiles/rviz_default_plugins.dir/src/rviz_default_plugins/displays/pointcloud/transformers/rgbf32_pc_transformer.cpp.o[0m
[ 48%] [32mBuilding CXX object CMakeFiles/rviz_default_plugins.dir/src/rviz_default_plugins/displays/pointcloud/transformers/xyz_pc_transformer.cpp.o[0m
[ 49%] [32mBuilding CXX object CMakeFiles/rviz_default_plugins.dir/src/rviz_default_plugins/displays/pointcloud/point_cloud_common.cpp.o[0m
[ 49%] [32mBuilding CXX object CMakeFiles/rviz_default_plugins.dir/src/rviz_default_plugins/displays/pointcloud/point_cloud_to_point_cloud2.cpp.o[0m
[ 49%] [32mBuilding CXX object CMakeFiles/rviz_default_plugins.dir/src/rviz_default_plugins/displays/pointcloud/point_cloud_transformer_factory.cpp.o[0m
[ 50%] [32mBuilding CXX object CMakeFiles/rviz_default_plugins.dir/src/rviz_default_plugins/displays/pointcloud/point_cloud_selection_handler.cpp.o[0m
[ 50%] [32mBuilding CXX object CMakeFiles/rviz_default_plugins.dir/src/rviz_default_plugins/displays/pointcloud/point_cloud_display.cpp.o[0m
[ 50%] [32mBuilding CXX object CMakeFiles/rviz_default_plugins.dir/src/rviz_default_plugins/displays/pointcloud/point_cloud2_display.cpp.o[0m
[ 50%] [32mBuilding CXX object CMakeFiles/rviz_default_plugins.dir/src/rviz_default_plugins/displays/polygon/polygon_display.cpp.o[0m
[ 51%] [32mBuilding CXX object CMakeFiles/rviz_default_plugins.dir/src/rviz_default_plugins/displays/pose/pose_display.cpp.o[0m
[ 51%] [32mBuilding CXX object CMakeFiles/rviz_default_plugins.dir/src/rviz_default_plugins/displays/pose/pose_display_selection_handler.cpp.o[0m
[ 51%] [32mBuilding CXX object CMakeFiles/rviz_default_plugins.dir/src/rviz_default_plugins/displays/pose_array/pose_array_display.cpp.o[0m
[ 51%] [32mBuilding CXX object CMakeFiles/rviz_default_plugins.dir/src/rviz_default_plugins/displays/pose_array/flat_arrows_array.cpp.o[0m
[ 52%] [32mBuilding CXX object CMakeFiles/rviz_default_plugins.dir/src/rviz_default_plugins/displays/pose_covariance/pose_with_covariance_display.cpp.o[0m
[ 52%] [32mBuilding CXX object CMakeFiles/rviz_default_plugins.dir/src/rviz_default_plugins/displays/pose_covariance/pose_with_cov_selection_handler.cpp.o[0m
[ 52%] [32mBuilding CXX object CMakeFiles/rviz_default_plugins.dir/src/rviz_default_plugins/displays/range/range_display.cpp.o[0m
[ 52%] [32mBuilding CXX object CMakeFiles/rviz_default_plugins.dir/src/rviz_default_plugins/displays/relative_humidity/relative_humidity_display.cpp.o[0m
[ 53%] [32mBuilding CXX object CMakeFiles/rviz_default_plugins.dir/src/rviz_default_plugins/displays/robot_model/robot_model_display.cpp.o[0m
[ 53%] [32mBuilding CXX object CMakeFiles/rviz_default_plugins.dir/src/rviz_default_plugins/displays/screw/screw_display.cpp.o[0m
[ 53%] [32mBuilding CXX object CMakeFiles/rviz_default_plugins.dir/src/rviz_default_plugins/displays/temperature/temperature_display.cpp.o[0m
[ 54%] [32mBuilding CXX object CMakeFiles/rviz_default_plugins.dir/src/rviz_default_plugins/displays/tf/frame_info.cpp.o[0m
[ 54%] [32mBuilding CXX object CMakeFiles/rviz_default_plugins.dir/src/rviz_default_plugins/displays/tf/frame_selection_handler.cpp.o[0m
[ 54%] [32mBuilding CXX object CMakeFiles/rviz_default_plugins.dir/src/rviz_default_plugins/displays/tf/tf_display.cpp.o[0m
[ 54%] [32mBuilding CXX object CMakeFiles/rviz_default_plugins.dir/src/rviz_default_plugins/displays/wrench/wrench_display.cpp.o[0m
[ 55%] [32mBuilding CXX object CMakeFiles/rviz_default_plugins.dir/src/rviz_default_plugins/displays/twist/twist_display.cpp.o[0m
[ 55%] [32mBuilding CXX object CMakeFiles/rviz_default_plugins.dir/src/rviz_default_plugins/robot/robot.cpp.o[0m
[ 55%] [32mBuilding CXX object CMakeFiles/rviz_default_plugins.dir/src/rviz_default_plugins/robot/robot_joint.cpp.o[0m
[ 55%] [32mBuilding CXX object CMakeFiles/rviz_default_plugins.dir/src/rviz_default_plugins/robot/robot_link.cpp.o[0m
[ 56%] [32mBuilding CXX object CMakeFiles/rviz_default_plugins.dir/src/rviz_default_plugins/robot/robot_element_base_class.cpp.o[0m
[ 56%] [32mBuilding CXX object CMakeFiles/rviz_default_plugins.dir/src/rviz_default_plugins/robot/tf_link_updater.cpp.o[0m
[ 56%] [32mBuilding CXX object CMakeFiles/rviz_default_plugins.dir/src/rviz_default_plugins/tools/interaction/interaction_tool.cpp.o[0m
[ 57%] [32mBuilding CXX object CMakeFiles/rviz_default_plugins.dir/src/rviz_default_plugins/tools/measure/measure_tool.cpp.o[0m
[ 57%] [32mBuilding CXX object CMakeFiles/rviz_default_plugins.dir/src/rviz_default_plugins/tools/focus/focus_tool.cpp.o[0m
[ 57%] [32mBuilding CXX object CMakeFiles/rviz_default_plugins.dir/src/rviz_default_plugins/tools/move/move_tool.cpp.o[0m
[ 57%] [32mBuilding CXX object CMakeFiles/rviz_default_plugins.dir/src/rviz_default_plugins/tools/goal_pose/goal_tool.cpp.o[0m
[ 58%] [32mBuilding CXX object CMakeFiles/rviz_default_plugins.dir/src/rviz_default_plugins/tools/pose/pose_tool.cpp.o[0m
[ 58%] [32mBuilding CXX object CMakeFiles/rviz_default_plugins.dir/src/rviz_default_plugins/tools/pose_estimate/initial_pose_tool.cpp.o[0m
[ 58%] [32mBuilding CXX object CMakeFiles/rviz_default_plugins.dir/src/rviz_default_plugins/tools/point/point_tool.cpp.o[0m
[ 58%] [32mBuilding CXX object CMakeFiles/rviz_default_plugins.dir/src/rviz_default_plugins/tools/select/selection_tool.cpp.o[0m
[ 59%] [32mBuilding CXX object CMakeFiles/rviz_default_plugins.dir/src/rviz_default_plugins/transformation/tf_frame_transformer.cpp.o[0m
[ 59%] [32mBuilding CXX object CMakeFiles/rviz_default_plugins.dir/src/rviz_default_plugins/transformation/tf_wrapper.cpp.o[0m
[ 59%] [32mBuilding CXX object CMakeFiles/rviz_default_plugins.dir/src/rviz_default_plugins/view_controllers/follower/third_person_follower_view_controller.cpp.o[0m
[ 60%] [32mBuilding CXX object CMakeFiles/rviz_default_plugins.dir/src/rviz_default_plugins/view_controllers/fps/fps_view_controller.cpp.o[0m
[ 60%] [32mBuilding CXX object CMakeFiles/rviz_default_plugins.dir/src/rviz_default_plugins/view_controllers/frame/frame_view_controller.cpp.o[0m
[ 60%] [32mBuilding CXX object CMakeFiles/rviz_default_plugins.dir/src/rviz_default_plugins/view_controllers/orbit/orbit_view_controller.cpp.o[0m
[ 60%] [32mBuilding CXX object CMakeFiles/rviz_default_plugins.dir/src/rviz_default_plugins/view_controllers/ortho/fixed_orientation_ortho_view_controller.cpp.o[0m
[ 61%] [32mBuilding CXX object CMakeFiles/rviz_default_plugins.dir/src/rviz_default_plugins/view_controllers/xy_orbit/xy_orbit_view_controller.cpp.o[0m
[ 61%] [32m[1mLinking CXX shared library librviz_default_plugins.so[0m
[ 61%] Built target rviz_default_plugins
[ 61%] [32mBuilding CXX object CMakeFiles/fps_view_controller_test.dir/test/rviz_default_plugins/view_controllers/fps/fps_view_controller_test.cpp.o[0m
[ 61%] [32mBuilding CXX object CMakeFiles/frame_view_controller_test.dir/test/rviz_default_plugins/view_controllers/frame/frame_view_controller_test.cpp.o[0m
[ 61%] [32mBuilding CXX object CMakeFiles/marker_test.dir/test/rviz_default_plugins/displays/marker/markers/arrow_marker_test.cpp.o[0m
[ 63%] [32mBuilding CXX object CMakeFiles/grid_cells_display_test.dir/test/rviz_default_plugins/displays/grid_cells/grid_cells_display_test.cpp.o[0m
[ 63%] [32mBuilding CXX object CMakeFiles/get_transport_from_topic_test.dir/test/rviz_default_plugins/displays/image/get_transport_from_topic_test.cpp.o[0m
[ 63%] [32mBuilding CXX object CMakeFiles/marker_common_test.dir/test/rviz_default_plugins/displays/marker/marker_common_test.cpp.o[0m
[ 63%] [32mBuilding CXX object CMakeFiles/frame_info_test.dir/test/rviz_default_plugins/displays/tf/frame_info_test.cpp.o[0m
[ 63%] [32mBuilding CXX object CMakeFiles/image_display_test.dir/test/rviz_default_plugins/displays/image/image_display_test.cpp.o[0m
[ 63%] [32m[1mLinking CXX executable get_transport_from_topic_test[0m
[ 63%] Built target get_transport_from_topic_test
[ 64%] [32mBuilding CXX object CMakeFiles/map_display_test.dir/test/rviz_default_plugins/displays/map/map_display_test.cpp.o[0m
[ 64%] [32m[1mLinking CXX executable frame_view_controller_test[0m
[ 65%] [32m[1mLinking CXX executable fps_view_controller_test[0m
[ 65%] [32mBuilding CXX object CMakeFiles/marker_test.dir/test/rviz_default_plugins/displays/marker/markers/line_marker_test.cpp.o[0m
[ 65%] [32m[1mLinking CXX executable grid_cells_display_test[0m
[ 65%] [32m[1mLinking CXX executable frame_info_test[0m
[ 66%] [32mBuilding CXX object CMakeFiles/marker_common_test.dir/test/rviz_default_plugins/displays/marker/marker_messages.cpp.o[0m
[ 67%] [32m[1mLinking CXX executable image_display_test[0m
[ 67%] [32m[1mLinking CXX executable marker_common_test[0m
[ 67%] [32m[1mLinking CXX executable map_display_test[0m
[ 68%] [32mBuilding CXX object CMakeFiles/marker_test.dir/test/rviz_default_plugins/displays/marker/markers/mesh_resource_marker_test.cpp.o[0m
[ 68%] Built target frame_view_controller_test
[ 68%] [32mBuilding CXX object CMakeFiles/measure_tool_test.dir/test/rviz_default_plugins/tools/measure/measure_tool_test.cpp.o[0m
[ 68%] Built target fps_view_controller_test
[ 68%] [32mBuilding CXX object CMakeFiles/odometry_display_test.dir/test/rviz_default_plugins/displays/odometry/odometry_display_test.cpp.o[0m
[ 68%] Built target grid_cells_display_test
[ 69%] [32mBuilding CXX object CMakeFiles/odometry_ogre_helper_test.dir/test/rviz_default_plugins/displays/odometry/quaternion_helper_test.cpp.o[0m
[ 69%] Built target frame_info_test
[ 69%] [32mBuilding CXX object CMakeFiles/orbit_view_controller_test.dir/test/rviz_default_plugins/view_controllers/orbit/orbit_view_controller_test.cpp.o[0m
[ 69%] [32m[1mLinking CXX executable odometry_ogre_helper_test[0m
[ 69%] Built target image_display_test
[ 69%] [32mBuilding CXX object CMakeFiles/ortho_view_controller_test.dir/test/rviz_default_plugins/view_controllers/ortho/ortho_view_controller_test.cpp.o[0m
[ 69%] Built target odometry_ogre_helper_test
[ 69%] [32mBuilding CXX object CMakeFiles/palette_builder_test.dir/test/rviz_default_plugins/displays/map/palette_builder_test.cpp.o[0m
[ 69%] Built target marker_common_test
[ 69%] [32mBuilding CXX object CMakeFiles/path_display_test.dir/test/rviz_default_plugins/displays/path/path_display_test.cpp.o[0m
[ 70%] [32m[1mLinking CXX executable palette_builder_test[0m
[ 70%] Built target map_display_test
[ 70%] [32mBuilding CXX object CMakeFiles/point_cloud2_display_test.dir/test/rviz_default_plugins/displays/pointcloud/point_cloud2_display_test.cpp.o[0m
[ 70%] [32mBuilding CXX object CMakeFiles/marker_test.dir/test/rviz_default_plugins/displays/marker/markers/points_marker_test.cpp.o[0m
[ 70%] Built target palette_builder_test
[ 70%] [32mBuilding CXX object CMakeFiles/point_cloud_common_test.dir/test/rviz_default_plugins/displays/pointcloud/point_cloud_common_test.cpp.o[0m
[ 70%] [32m[1mLinking CXX executable measure_tool_test[0m
[ 71%] [32m[1mLinking CXX executable orbit_view_controller_test[0m
[ 72%] [32m[1mLinking CXX executable odometry_display_test[0m
[ 72%] [32m[1mLinking CXX executable ortho_view_controller_test[0m
[ 72%] [32m[1mLinking CXX executable path_display_test[0m
[ 72%] [32mBuilding CXX object CMakeFiles/marker_test.dir/test/rviz_default_plugins/displays/marker/markers/shape_marker_test.cpp.o[0m
[ 72%] [32m[1mLinking CXX executable point_cloud_common_test[0m
[ 72%] [32m[1mLinking CXX executable point_cloud2_display_test[0m
[ 72%] Built target measure_tool_test
[ 72%] [32mBuilding CXX object CMakeFiles/point_cloud_scalar_display_test.dir/test/rviz_default_plugins/displays/pointcloud/point_cloud_scalar_display_test.cpp.o[0m
[ 72%] Built target orbit_view_controller_test
[ 72%] [32mBuilding CXX object CMakeFiles/point_cloud_transformers_test.dir/test/rviz_default_plugins/displays/pointcloud/point_cloud_transformers/axis_color_pc_transformer_test.cpp.o[0m
[ 72%] Built target odometry_display_test
[ 72%] [32mBuilding CXX object CMakeFiles/point_display_test.dir/test/rviz_default_plugins/displays/point/point_stamped_display_test.cpp.o[0m
[ 72%] Built target ortho_view_controller_test
[ 72%] [32mBuilding CXX object CMakeFiles/pose_array_display_test.dir/test/rviz_default_plugins/displays/pose_array/pose_array_display_test.cpp.o[0m
[ 72%] Built target path_display_test
[ 73%] [32mBuilding CXX object CMakeFiles/pose_tool_test.dir/test/rviz_default_plugins/tools/pose/pose_tool_test.cpp.o[0m
[ 74%] [32mBuilding CXX object CMakeFiles/point_cloud_transformers_test.dir/test/rviz_default_plugins/displays/pointcloud/point_cloud_transformers/flat_color_pc_transformer_test.cpp.o[0m
[ 74%] [32mBuilding CXX object CMakeFiles/marker_test.dir/test/rviz_default_plugins/displays/marker/markers/text_view_facing_marker_test.cpp.o[0m
[ 74%] Built target point_cloud2_display_test
[ 74%] [32mBuilding CXX object CMakeFiles/range_display_test.dir/test/rviz_default_plugins/displays/range/range_display_test.cpp.o[0m
[ 74%] [32mBuilding CXX object CMakeFiles/point_cloud_transformers_test.dir/test/rviz_default_plugins/displays/pointcloud/point_cloud_transformers/intensity_pc_transformer_test.cpp.o[0m
[ 74%] Built target point_cloud_common_test
[ 74%] [32mBuilding CXX object CMakeFiles/robot_test.dir/test/rviz_default_plugins/robot/robot_test.cpp.o[0m
[ 75%] [32m[1mLinking CXX executable pose_array_display_test[0m
[ 76%] [32m[1mLinking CXX executable point_display_test[0m
[ 76%] [32m[1mLinking CXX executable pose_tool_test[0m
[ 76%] [32mBuilding CXX object CMakeFiles/point_cloud_transformers_test.dir/test/rviz_default_plugins/displays/pointcloud/point_cloud_transformers/rgb8_pc_transformer_test.cpp.o[0m
[ 77%] [32mBuilding CXX object CMakeFiles/marker_test.dir/test/rviz_default_plugins/displays/marker/markers/triangle_list_marker_test.cpp.o[0m
[ 77%] [32m[1mLinking CXX executable range_display_test[0m
[ 77%] [32m[1mLinking CXX executable point_cloud_scalar_display_test[0m
[ 78%] [32mBuilding CXX object CMakeFiles/point_cloud_transformers_test.dir/test/rviz_default_plugins/displays/pointcloud/point_cloud_transformers/rgbf32_pc_transformer_test.cpp.o[0m
[ 78%] Built target pose_array_display_test
[ 78%] [32mBuilding CXX object CMakeFiles/ros_image_texture_test.dir/test/rviz_default_plugins/displays/image/ros_image_texture_test.cpp.o[0m
[ 78%] [32mBuilding CXX object CMakeFiles/point_cloud_transformers_test.dir/test/rviz_default_plugins/displays/pointcloud/point_cloud_transformers/xyz_pc_transformer_test.cpp.o[0m
[ 78%] Built target point_display_test
[ 78%] [32mBuilding CXX object CMakeFiles/selection_tool_test.dir/test/rviz_default_plugins/tools/select/selection_tool_test.cpp.o[0m
[ 78%] [32m[1mLinking CXX executable robot_test[0m
[ 78%] Built target pose_tool_test
[ 78%] [32mBuilding CXX object CMakeFiles/xy_orbit_view_controller_test.dir/test/rviz_default_plugins/view_controllers/xy_orbit/xy_orbit_view_controller_test.cpp.o[0m
[ 78%] [32mBuilding CXX object CMakeFiles/marker_test.dir/test/rviz_default_plugins/displays/marker/markers/markers_test_fixture.cpp.o[0m
[ 79%] [32m[1mLinking CXX executable ros_image_texture_test[0m
[ 79%] [32m[1mLinking CXX executable point_cloud_transformers_test[0m
[ 79%] Built target range_display_test
[ 80%] [32mBuilding CXX object CMakeFiles/frame_transformer_tf_test.dir/test/rviz_default_plugins/transformation/frame_transformer_tf_test.cpp.o[0m
[ 80%] Built target point_cloud_scalar_display_test
[ 80%] [32mBuilding CXX object CMakeFiles/transformer_guard_test.dir/test/rviz_default_plugins/transformation/transformer_guard_test.cpp.o[0m
[ 80%] [32m[1mLinking CXX executable frame_transformer_tf_test[0m
[ 80%] [32m[1mLinking CXX executable selection_tool_test[0m
[ 81%] [32m[1mLinking CXX executable xy_orbit_view_controller_test[0m
[ 81%] [32mBuilding CXX object CMakeFiles/marker_test.dir/test/rviz_default_plugins/displays/marker/marker_messages.cpp.o[0m
[ 81%] Built target ros_image_texture_test
[ 82%] [32mBuilding CXX object CMakeFiles/axes_display_visual_test.dir/test/rviz_default_plugins/displays/axes/axes_display_visual_test.cpp.o[0m
[ 82%] Built target robot_test
[ 82%] [32mBuilding CXX object CMakeFiles/camera_display_visual_test.dir/test/rviz_default_plugins/displays/camera/camera_display_visual_test.cpp.o[0m
[ 82%] Built target point_cloud_transformers_test
[ 82%] [32mBuilding CXX object CMakeFiles/fluid_pressure_display_visual_test.dir/test/rviz_default_plugins/displays/fluid_pressure/fluid_pressure_display_visual_test.cpp.o[0m
[ 82%] Built target frame_transformer_tf_test
[ 82%] [32mBuilding CXX object CMakeFiles/grid_display_visual_test.dir/test/rviz_default_plugins/displays/grid/grid_display_visual_test.cpp.o[0m
[ 83%] [32m[1mLinking CXX executable marker_test[0m
[ 83%] [32m[1mLinking CXX executable transformer_guard_test[0m
[ 83%] Built target selection_tool_test
[ 83%] [32mBuilding CXX object CMakeFiles/grid_cells_display_visual_test.dir/test/rviz_default_plugins/displays/grid_cells/grid_cells_display_visual_test.cpp.o[0m
[ 83%] [32mBuilding CXX object CMakeFiles/axes_display_visual_test.dir/test/rviz_default_plugins/page_objects/axes_display_page_object.cpp.o[0m
[ 83%] Built target xy_orbit_view_controller_test
[ 83%] [32mBuilding CXX object CMakeFiles/grid_display_visual_test.dir/test/rviz_default_plugins/page_objects/grid_display_page_object.cpp.o[0m
[ 83%] [32mBuilding CXX object CMakeFiles/illuminance_display_visual_test.dir/test/rviz_default_plugins/displays/illuminance/illuminance_display_visual_test.cpp.o[0m
[ 83%] [32m[1mLinking CXX executable fluid_pressure_display_visual_test[0m
[ 83%] Built target marker_test
[ 83%] [32mBuilding CXX object CMakeFiles/image_display_visual_test.dir/test/rviz_default_plugins/displays/image/image_display_visual_test.cpp.o[0m
[ 84%] [32mBuilding CXX object CMakeFiles/camera_display_visual_test.dir/test/rviz_default_plugins/page_objects/camera_display_page_object.cpp.o[0m
[ 84%] [32m[1mLinking CXX executable grid_display_visual_test[0m
[ 84%] [32m[1mLinking CXX executable axes_display_visual_test[0m
[ 84%] Built target fluid_pressure_display_visual_test
[ 85%] [32mBuilding CXX object CMakeFiles/interactive_marker_namespace_property_test.dir/test/rviz_default_plugins/displays/interactive_markers/interactive_marker_namespace_property_test.cpp.o[0m
[ 85%] Built target transformer_guard_test
[ 85%] [32mBuilding CXX object CMakeFiles/laser_scan_display_visual_test.dir/test/rviz_default_plugins/displays/laser_scan/laser_scan_display_visual_test.cpp.o[0m
[ 85%] Built target grid_display_visual_test
[ 85%] [32mBuilding CXX object CMakeFiles/image_display_visual_test.dir/test/rviz_default_plugins/page_objects/image_display_page_object.cpp.o[0m
[ 85%] Built target axes_display_visual_test
[ 85%] [32mBuilding CXX object CMakeFiles/map_display_visual_test.dir/test/rviz_default_plugins/displays/map/map_display_visual_test.cpp.o[0m
[ 85%] [32m[1mLinking CXX executable camera_display_visual_test[0m
[ 85%] [32m[1mLinking CXX executable interactive_marker_namespace_property_test[0m
[ 85%] [32mBuilding CXX object CMakeFiles/grid_cells_display_visual_test.dir/test/rviz_default_plugins/page_objects/grid_cells_display_page_object.cpp.o[0m
[ 85%] [32mBuilding CXX object CMakeFiles/marker_array_display_visual_test.dir/test/rviz_default_plugins/displays/marker_array/marker_array_display_visual_test.cpp.o[0m
[ 85%] [32m[1mLinking CXX executable illuminance_display_visual_test[0m
[ 85%] Built target camera_display_visual_test
[ 85%] [32mBuilding CXX object CMakeFiles/marker_display_visual_test.dir/test/rviz_default_plugins/displays/marker/marker_display_visual_test.cpp.o[0m
[ 85%] [32m[1mLinking CXX executable image_display_visual_test[0m
[ 86%] [32m[1mLinking CXX executable grid_cells_display_visual_test[0m
[ 86%] Built target illuminance_display_visual_test
[ 86%] [32mBuilding CXX object CMakeFiles/odometry_display_visual_test.dir/test/rviz_default_plugins/displays/odometry/odometry_display_visual_test.cpp.o[0m
[ 86%] Built target grid_cells_display_visual_test
[ 87%] [32mBuilding CXX object CMakeFiles/marker_array_display_visual_test.dir/test/rviz_default_plugins/page_objects/marker_array_display_page_object.cpp.o[0m
[ 87%] Built target image_display_visual_test
[ 87%] Built target interactive_marker_namespace_property_test
[ 87%] [32mBuilding CXX object CMakeFiles/odometry_display_visual_test.dir/test/rviz_default_plugins/page_objects/odometry_display_page_object.cpp.o[0m
[ 87%] [32m[1mLinking CXX executable laser_scan_display_visual_test[0m
[ 88%] [32mBuilding CXX object CMakeFiles/map_display_visual_test.dir/test/rviz_default_plugins/page_objects/map_display_page_object.cpp.o[0m
[ 88%] Built target laser_scan_display_visual_test
[ 89%] [32mBuilding CXX object CMakeFiles/marker_display_visual_test.dir/test/rviz_default_plugins/page_objects/marker_display_page_object.cpp.o[0m
[ 89%] [32mBuilding CXX object CMakeFiles/marker_array_display_visual_test.dir/test/rviz_default_plugins/page_objects/marker_display_page_object.cpp.o[0m
[ 89%] [32mBuilding CXX object CMakeFiles/map_display_visual_test.dir/test/rviz_default_plugins/page_objects/marker_display_page_object.cpp.o[0m
[ 89%] [32m[1mLinking CXX executable odometry_display_visual_test[0m
[ 90%] [32mBuilding CXX object CMakeFiles/point_cloud2_display_visual_test.dir/test/rviz_default_plugins/displays/pointcloud/point_cloud2_display_visual_test.cpp.o[0m
[ 90%] [32m[1mLinking CXX executable marker_display_visual_test[0m
[ 90%] [32m[1mLinking CXX executable marker_array_display_visual_test[0m
[ 90%] [32m[1mLinking CXX executable map_display_visual_test[0m
[ 90%] [32mBuilding CXX object CMakeFiles/point_cloud_display_visual_test.dir/test/rviz_default_plugins/displays/pointcloud/point_cloud_display_visual_test.cpp.o[0m
[ 90%] Built target odometry_display_visual_test
[ 90%] [32mBuilding CXX object CMakeFiles/point_display_visual_test.dir/test/rviz_default_plugins/displays/point/point_stamped_display_visual_test.cpp.o[0m
[ 90%] [32mBuilding CXX object CMakeFiles/path_display_visual_test.dir/test/rviz_default_plugins/displays/path/path_display_visual_test.cpp.o[0m
[ 90%] [32mBuilding CXX object CMakeFiles/pose_array_display_visual_test.dir/test/rviz_default_plugins/displays/pose_array/pose_array_display_visual_test.cpp.o[0m
[ 90%] Built target marker_array_display_visual_test
[ 90%] [32mBuilding CXX object CMakeFiles/pose_display_visual_test.dir/test/rviz_default_plugins/displays/pose/pose_display_visual_test.cpp.o[0m
[ 90%] Built target marker_display_visual_test
[ 90%] [32mBuilding CXX object CMakeFiles/pose_with_covariance_display_visual_test.dir/test/rviz_default_plugins/displays/pose_covariance/pose_with_covariance_display_visual_test.cpp.o[0m
[ 90%] Built target map_display_visual_test
[ 91%] [32mBuilding CXX object CMakeFiles/pose_with_covariance_display_visual_test.dir/test/rviz_default_plugins/page_objects/pose_with_covariance_display_page_object.cpp.o[0m
[ 92%] [32mBuilding CXX object CMakeFiles/path_display_visual_test.dir/test/rviz_default_plugins/page_objects/path_display_page_object.cpp.o[0m
[ 92%] [32m[1mLinking CXX executable point_cloud2_display_visual_test[0m
[ 92%] [32mBuilding CXX object CMakeFiles/point_display_visual_test.dir/test/rviz_default_plugins/page_objects/point_display_page_object.cpp.o[0m
[ 93%] [32m[1mLinking CXX executable point_cloud_display_visual_test[0m
[ 93%] [32mBuilding CXX object CMakeFiles/pose_display_visual_test.dir/test/rviz_default_plugins/page_objects/pose_display_page_object.cpp.o[0m
[ 93%] [32m[1mLinking CXX executable path_display_visual_test[0m
[ 93%] [32mBuilding CXX object CMakeFiles/pose_array_display_visual_test.dir/test/rviz_default_plugins/page_objects/pose_array_display_page_object.cpp.o[0m
[ 93%] [32m[1mLinking CXX executable pose_with_covariance_display_visual_test[0m
[ 93%] Built target point_cloud2_display_visual_test
[ 93%] Built target point_cloud_display_visual_test
[ 93%] Built target path_display_visual_test
[ 93%] [32m[1mLinking CXX executable point_display_visual_test[0m
[ 93%] [32m[1mLinking CXX executable pose_display_visual_test[0m
[ 93%] Built target pose_with_covariance_display_visual_test
[ 93%] [32mBuilding CXX object CMakeFiles/pose_array_display_visual_test.dir/test/rviz_default_plugins/page_objects/pose_display_page_object.cpp.o[0m
[ 93%] Built target point_display_visual_test
[ 93%] Built target pose_display_visual_test
[ 94%] [32m[1mLinking CXX executable pose_array_display_visual_test[0m
[ 94%] Built target pose_array_display_visual_test
[ 95%] [32mBuilding CXX object CMakeFiles/wrench_display_visual_test.dir/test/rviz_default_plugins/displays/wrench/wrench_stamped_display_visual_test.cpp.o[0m
[ 95%] [32mBuilding CXX object CMakeFiles/robot_model_display_visual_test.dir/test/rviz_default_plugins/displays/robot_model/robot_model_display_visual_test.cpp.o[0m
[ 95%] [32mBuilding CXX object CMakeFiles/wrench_display_visual_test.dir/test/rviz_default_plugins/page_objects/wrench_display_page_object.cpp.o[0m
[ 96%] [32mBuilding CXX object CMakeFiles/tf_display_visual_test.dir/test/rviz_default_plugins/page_objects/tf_display_page_object.cpp.o[0m
[ 97%] [32mBuilding CXX object CMakeFiles/temperature_display_visual_test.dir/test/rviz_default_plugins/displays/temperature/temperature_display_visual_test.cpp.o[0m
[ 97%] [32mBuilding CXX object CMakeFiles/tf_display_visual_test.dir/test/rviz_default_plugins/displays/tf/tf_display_visual_test.cpp.o[0m
[ 97%] [32mBuilding CXX object CMakeFiles/robot_model_display_visual_test.dir/test/rviz_default_plugins/page_objects/robot_model_display_page_object.cpp.o[0m
[ 98%] [32m[1mLinking CXX executable robot_model_display_visual_test[0m
[ 98%] [32m[1mLinking CXX executable tf_display_visual_test[0m
[ 98%] [32m[1mLinking CXX executable wrench_display_visual_test[0m
[ 98%] [32m[1mLinking CXX executable temperature_display_visual_test[0m
[ 98%] Built target tf_display_visual_test
[ 98%] Built target robot_model_display_visual_test
[ 99%] [32mBuilding CXX object CMakeFiles/relative_humidity_display_visual_test.dir/test/rviz_default_plugins/displays/relative_humidity/relative_humidity_display_visual_test.cpp.o[0m
[ 99%] [32mBuilding CXX object CMakeFiles/range_display_visual_test.dir/test/rviz_default_plugins/displays/range/range_display_visual_test.cpp.o[0m
[ 99%] [32mBuilding CXX object CMakeFiles/range_display_visual_test.dir/test/rviz_default_plugins/page_objects/range_display_page_object.cpp.o[0m
[ 99%] Built target wrench_display_visual_test
[ 99%] Built target temperature_display_visual_test
[100%] [32m[1mLinking CXX executable range_display_visual_test[0m
[100%] [32m[1mLinking CXX executable relative_humidity_display_visual_test[0m
[100%] Built target range_display_visual_test
[100%] Built target relative_humidity_display_visual_test
-- Install configuration: ""
-- Installing: /home/rinav/ros2_ws/install/rviz_default_plugins/share/rviz_default_plugins/plugins_description.xml
-- Installing: /home/rinav/ros2_ws/install/rviz_default_plugins/share/rviz_default_plugins/environment/library_path.sh
-- Installing: /home/rinav/ros2_ws/install/rviz_default_plugins/share/rviz_default_plugins/environment/library_path.dsv
-- Installing: /home/rinav/ros2_ws/install/rviz_default_plugins/lib/librviz_default_plugins.so
-- Set runtime path of "/home/rinav/ros2_ws/install/rviz_default_plugins/lib/librviz_default_plugins.so" to ""
-- Installing: /home/rinav/ros2_ws/install/rviz_default_plugins/include/rviz_default_plugins
-- Installing: /home/rinav/ros2_ws/install/rviz_default_plugins/include/rviz_default_plugins/rviz_default_plugins
-- Installing: /home/rinav/ros2_ws/install/rviz_default_plugins/include/rviz_default_plugins/rviz_default_plugins/visibility_control.hpp
-- Installing: /home/rinav/ros2_ws/install/rviz_default_plugins/include/rviz_default_plugins/rviz_default_plugins/displays
-- Installing: /home/rinav/ros2_ws/install/rviz_default_plugins/include/rviz_default_plugins/rviz_default_plugins/displays/pose_array
-- Installing: /home/rinav/ros2_ws/install/rviz_default_plugins/include/rviz_default_plugins/rviz_default_plugins/displays/pose_array/flat_arrows_array.hpp
-- Installing: /home/rinav/ros2_ws/install/rviz_default_plugins/include/rviz_default_plugins/rviz_default_plugins/displays/pose_array/pose_array_display.hpp
-- Installing: /home/rinav/ros2_ws/install/rviz_default_plugins/include/rviz_default_plugins/rviz_default_plugins/displays/marker
-- Installing: /home/rinav/ros2_ws/install/rviz_default_plugins/include/rviz_default_plugins/rviz_default_plugins/displays/marker/markers
-- Installing: /home/rinav/ros2_ws/install/rviz_default_plugins/include/rviz_default_plugins/rviz_default_plugins/displays/marker/markers/shape_marker.hpp
-- Installing: /home/rinav/ros2_ws/install/rviz_default_plugins/include/rviz_default_plugins/rviz_default_plugins/displays/marker/markers/marker_selection_handler.hpp
-- Installing: /home/rinav/ros2_ws/install/rviz_default_plugins/include/rviz_default_plugins/rviz_default_plugins/displays/marker/markers/text_view_facing_marker.hpp
-- Installing: /home/rinav/ros2_ws/install/rviz_default_plugins/include/rviz_default_plugins/rviz_default_plugins/displays/marker/markers/points_marker.hpp
-- Installing: /home/rinav/ros2_ws/install/rviz_default_plugins/include/rviz_default_plugins/rviz_default_plugins/displays/marker/markers/line_strip_marker.hpp
-- Installing: /home/rinav/ros2_ws/install/rviz_default_plugins/include/rviz_default_plugins/rviz_default_plugins/displays/marker/markers/marker_base.hpp
-- Installing: /home/rinav/ros2_ws/install/rviz_default_plugins/include/rviz_default_plugins/rviz_default_plugins/displays/marker/markers/line_marker_base.hpp
-- Installing: /home/rinav/ros2_ws/install/rviz_default_plugins/include/rviz_default_plugins/rviz_default_plugins/displays/marker/markers/line_list_marker.hpp
-- Installing: /home/rinav/ros2_ws/install/rviz_default_plugins/include/rviz_default_plugins/rviz_default_plugins/displays/marker/markers/marker_factory.hpp
-- Installing: /home/rinav/ros2_ws/install/rviz_default_plugins/include/rviz_default_plugins/rviz_default_plugins/displays/marker/markers/arrow_marker.hpp
-- Installing: /home/rinav/ros2_ws/install/rviz_default_plugins/include/rviz_default_plugins/rviz_default_plugins/displays/marker/markers/mesh_resource_marker.hpp
-- Installing: /home/rinav/ros2_ws/install/rviz_default_plugins/include/rviz_default_plugins/rviz_default_plugins/displays/marker/markers/triangle_list_marker.hpp
-- Installing: /home/rinav/ros2_ws/install/rviz_default_plugins/include/rviz_default_plugins/rviz_default_plugins/displays/marker/marker_common.hpp
-- Installing: /home/rinav/ros2_ws/install/rviz_default_plugins/include/rviz_default_plugins/rviz_default_plugins/displays/marker/marker_display.hpp
-- Installing: /home/rinav/ros2_ws/install/rviz_default_plugins/include/rviz_default_plugins/rviz_default_plugins/displays/image
-- Installing: /home/rinav/ros2_ws/install/rviz_default_plugins/include/rviz_default_plugins/rviz_default_plugins/displays/image/ros_image_texture.hpp
-- Installing: /home/rinav/ros2_ws/install/rviz_default_plugins/include/rviz_default_plugins/rviz_default_plugins/displays/image/image_display.hpp
-- Installing: /home/rinav/ros2_ws/install/rviz_default_plugins/include/rviz_default_plugins/rviz_default_plugins/displays/image/image_transport_display.hpp
-- Installing: /home/rinav/ros2_ws/install/rviz_default_plugins/include/rviz_default_plugins/rviz_default_plugins/displays/image/get_transport_from_topic.hpp
-- Installing: /home/rinav/ros2_ws/install/rviz_default_plugins/include/rviz_default_plugins/rviz_default_plugins/displays/image/ros_image_texture_iface.hpp
-- Installing: /home/rinav/ros2_ws/install/rviz_default_plugins/include/rviz_default_plugins/rviz_default_plugins/displays/laser_scan
-- Installing: /home/rinav/ros2_ws/install/rviz_default_plugins/include/rviz_default_plugins/rviz_default_plugins/displays/laser_scan/laser_scan_display.hpp
-- Installing: /home/rinav/ros2_ws/install/rviz_default_plugins/include/rviz_default_plugins/rviz_default_plugins/displays/path
-- Installing: /home/rinav/ros2_ws/install/rviz_default_plugins/include/rviz_default_plugins/rviz_default_plugins/displays/path/path_display.hpp
-- Installing: /home/rinav/ros2_ws/install/rviz_default_plugins/include/rviz_default_plugins/rviz_default_plugins/displays/accel
-- Installing: /home/rinav/ros2_ws/install/rviz_default_plugins/include/rviz_default_plugins/rviz_default_plugins/displays/accel/accel_display.hpp
-- Installing: /home/rinav/ros2_ws/install/rviz_default_plugins/include/rviz_default_plugins/rviz_default_plugins/displays/twist
-- Installing: /home/rinav/ros2_ws/install/rviz_default_plugins/include/rviz_default_plugins/rviz_default_plugins/displays/twist/twist_display.hpp
-- Installing: /home/rinav/ros2_ws/install/rviz_default_plugins/include/rviz_default_plugins/rviz_default_plugins/displays/illuminance
-- Installing: /home/rinav/ros2_ws/install/rviz_default_plugins/include/rviz_default_plugins/rviz_default_plugins/displays/illuminance/illuminance_display.hpp
-- Installing: /home/rinav/ros2_ws/install/rviz_default_plugins/include/rviz_default_plugins/rviz_default_plugins/displays/wrench
-- Installing: /home/rinav/ros2_ws/install/rviz_default_plugins/include/rviz_default_plugins/rviz_default_plugins/displays/wrench/wrench_display.hpp
-- Installing: /home/rinav/ros2_ws/install/rviz_default_plugins/include/rviz_default_plugins/rviz_default_plugins/displays/camera
-- Installing: /home/rinav/ros2_ws/install/rviz_default_plugins/include/rviz_default_plugins/rviz_default_plugins/displays/camera/camera_display.hpp
-- Installing: /home/rinav/ros2_ws/install/rviz_default_plugins/include/rviz_default_plugins/rviz_default_plugins/displays/grid_cells
-- Installing: /home/rinav/ros2_ws/install/rviz_default_plugins/include/rviz_default_plugins/rviz_default_plugins/displays/grid_cells/grid_cells_display.hpp
-- Installing: /home/rinav/ros2_ws/install/rviz_default_plugins/include/rviz_default_plugins/rviz_default_plugins/displays/depth_cloud
-- Installing: /home/rinav/ros2_ws/install/rviz_default_plugins/include/rviz_default_plugins/rviz_default_plugins/displays/depth_cloud/depth_cloud_display.hpp
-- Installing: /home/rinav/ros2_ws/install/rviz_default_plugins/include/rviz_default_plugins/rviz_default_plugins/displays/fluid_pressure
-- Installing: /home/rinav/ros2_ws/install/rviz_default_plugins/include/rviz_default_plugins/rviz_default_plugins/displays/fluid_pressure/fluid_pressure_display.hpp
-- Installing: /home/rinav/ros2_ws/install/rviz_default_plugins/include/rviz_default_plugins/rviz_default_plugins/displays/polygon
-- Installing: /home/rinav/ros2_ws/install/rviz_default_plugins/include/rviz_default_plugins/rviz_default_plugins/displays/polygon/polygon_display.hpp
-- Installing: /home/rinav/ros2_ws/install/rviz_default_plugins/include/rviz_default_plugins/rviz_default_plugins/displays/screw
-- Installing: /home/rinav/ros2_ws/install/rviz_default_plugins/include/rviz_default_plugins/rviz_default_plugins/displays/screw/screw_display.hpp
-- Installing: /home/rinav/ros2_ws/install/rviz_default_plugins/include/rviz_default_plugins/rviz_default_plugins/displays/pose_covariance
-- Installing: /home/rinav/ros2_ws/install/rviz_default_plugins/include/rviz_default_plugins/rviz_default_plugins/displays/pose_covariance/pose_with_covariance_display.hpp
-- Installing: /home/rinav/ros2_ws/install/rviz_default_plugins/include/rviz_default_plugins/rviz_default_plugins/displays/axes
-- Installing: /home/rinav/ros2_ws/install/rviz_default_plugins/include/rviz_default_plugins/rviz_default_plugins/displays/axes/axes_display.hpp
-- Installing: /home/rinav/ros2_ws/install/rviz_default_plugins/include/rviz_default_plugins/rviz_default_plugins/displays/point
-- Installing: /home/rinav/ros2_ws/install/rviz_default_plugins/include/rviz_default_plugins/rviz_default_plugins/displays/point/point_stamped_display.hpp
-- Installing: /home/rinav/ros2_ws/install/rviz_default_plugins/include/rviz_default_plugins/rviz_default_plugins/displays/temperature
-- Installing: /home/rinav/ros2_ws/install/rviz_default_plugins/include/rviz_default_plugins/rviz_default_plugins/displays/temperature/temperature_display.hpp
-- Installing: /home/rinav/ros2_ws/install/rviz_default_plugins/include/rviz_default_plugins/rviz_default_plugins/displays/pose
-- Installing: /home/rinav/ros2_ws/install/rviz_default_plugins/include/rviz_default_plugins/rviz_default_plugins/displays/pose/pose_display.hpp
-- Installing: /home/rinav/ros2_ws/install/rviz_default_plugins/include/rviz_default_plugins/rviz_default_plugins/displays/pose/pose_display_selection_handler.hpp
-- Installing: /home/rinav/ros2_ws/install/rviz_default_plugins/include/rviz_default_plugins/rviz_default_plugins/displays/robot_model
-- Installing: /home/rinav/ros2_ws/install/rviz_default_plugins/include/rviz_default_plugins/rviz_default_plugins/displays/robot_model/robot_model_display.hpp
-- Installing: /home/rinav/ros2_ws/install/rviz_default_plugins/include/rviz_default_plugins/rviz_default_plugins/displays/tf
-- Installing: /home/rinav/ros2_ws/install/rviz_default_plugins/include/rviz_default_plugins/rviz_default_plugins/displays/tf/frame_selection_handler.hpp
-- Installing: /home/rinav/ros2_ws/install/rviz_default_plugins/include/rviz_default_plugins/rviz_default_plugins/displays/tf/tf_display.hpp
-- Installing: /home/rinav/ros2_ws/install/rviz_default_plugins/include/rviz_default_plugins/rviz_default_plugins/displays/tf/frame_info.hpp
-- Installing: /home/rinav/ros2_ws/install/rviz_default_plugins/include/rviz_default_plugins/rviz_default_plugins/displays/odometry
-- Installing: /home/rinav/ros2_ws/install/rviz_default_plugins/include/rviz_default_plugins/rviz_default_plugins/displays/odometry/odometry_display.hpp
-- Installing: /home/rinav/ros2_ws/install/rviz_default_plugins/include/rviz_default_plugins/rviz_default_plugins/displays/map
-- Installing: /home/rinav/ros2_ws/install/rviz_default_plugins/include/rviz_default_plugins/rviz_default_plugins/displays/map/palette_builder.hpp
-- Installing: /home/rinav/ros2_ws/install/rviz_default_plugins/include/rviz_default_plugins/rviz_default_plugins/displays/map/map_display.hpp
-- Installing: /home/rinav/ros2_ws/install/rviz_default_plugins/include/rviz_default_plugins/rviz_default_plugins/displays/map/swatch.hpp
-- Installing: /home/rinav/ros2_ws/install/rviz_default_plugins/include/rviz_default_plugins/rviz_default_plugins/displays/range
-- Installing: /home/rinav/ros2_ws/install/rviz_default_plugins/include/rviz_default_plugins/rviz_default_plugins/displays/range/range_display.hpp
-- Installing: /home/rinav/ros2_ws/install/rviz_default_plugins/include/rviz_default_plugins/rviz_default_plugins/displays/effort
-- Installing: /home/rinav/ros2_ws/install/rviz_default_plugins/include/rviz_default_plugins/rviz_default_plugins/displays/effort/effort_display.hpp
-- Installing: /home/rinav/ros2_ws/install/rviz_default_plugins/include/rviz_default_plugins/rviz_default_plugins/displays/grid
-- Installing: /home/rinav/ros2_ws/install/rviz_default_plugins/include/rviz_default_plugins/rviz_default_plugins/displays/grid/grid_display.hpp
-- Installing: /home/rinav/ros2_ws/install/rviz_default_plugins/include/rviz_default_plugins/rviz_default_plugins/displays/interactive_markers
-- Installing: /home/rinav/ros2_ws/install/rviz_default_plugins/include/rviz_default_plugins/rviz_default_plugins/displays/interactive_markers/interactive_marker_namespace_property.hpp
-- Installing: /home/rinav/ros2_ws/install/rviz_default_plugins/include/rviz_default_plugins/rviz_default_plugins/displays/interactive_markers/interactive_marker_display.hpp
-- Installing: /home/rinav/ros2_ws/install/rviz_default_plugins/include/rviz_default_plugins/rviz_default_plugins/displays/interactive_markers/integer_action.hpp
-- Installing: /home/rinav/ros2_ws/install/rviz_default_plugins/include/rviz_default_plugins/rviz_default_plugins/displays/interactive_markers/interactive_marker_control.hpp
-- Installing: /home/rinav/ros2_ws/install/rviz_default_plugins/include/rviz_default_plugins/rviz_default_plugins/displays/interactive_markers/interactive_marker.hpp
-- Installing: /home/rinav/ros2_ws/install/rviz_default_plugins/include/rviz_default_plugins/rviz_default_plugins/displays/marker_array
-- Installing: /home/rinav/ros2_ws/install/rviz_default_plugins/include/rviz_default_plugins/rviz_default_plugins/displays/marker_array/marker_array_display.hpp
-- Installing: /home/rinav/ros2_ws/install/rviz_default_plugins/include/rviz_default_plugins/rviz_default_plugins/displays/pointcloud
-- Installing: /home/rinav/ros2_ws/install/rviz_default_plugins/include/rviz_default_plugins/rviz_default_plugins/displays/pointcloud/point_cloud2_display.hpp
-- Installing: /home/rinav/ros2_ws/install/rviz_default_plugins/include/rviz_default_plugins/rviz_default_plugins/displays/pointcloud/point_cloud_to_point_cloud2.hpp
-- Installing: /home/rinav/ros2_ws/install/rviz_default_plugins/include/rviz_default_plugins/rviz_default_plugins/displays/pointcloud/point_cloud_scalar_display.hpp
-- Installing: /home/rinav/ros2_ws/install/rviz_default_plugins/include/rviz_default_plugins/rviz_default_plugins/displays/pointcloud/point_cloud_display.hpp
-- Installing: /home/rinav/ros2_ws/install/rviz_default_plugins/include/rviz_default_plugins/rviz_default_plugins/displays/pointcloud/point_cloud_transformer_factory.hpp
-- Installing: /home/rinav/ros2_ws/install/rviz_default_plugins/include/rviz_default_plugins/rviz_default_plugins/displays/pointcloud/point_cloud_selection_handler.hpp
-- Installing: /home/rinav/ros2_ws/install/rviz_default_plugins/include/rviz_default_plugins/rviz_default_plugins/displays/pointcloud/transformers
-- Installing: /home/rinav/ros2_ws/install/rviz_default_plugins/include/rviz_default_plugins/rviz_default_plugins/displays/pointcloud/transformers/axis_color_pc_transformer.hpp
-- Installing: /home/rinav/ros2_ws/install/rviz_default_plugins/include/rviz_default_plugins/rviz_default_plugins/displays/pointcloud/transformers/flat_color_pc_transformer.hpp
-- Installing: /home/rinav/ros2_ws/install/rviz_default_plugins/include/rviz_default_plugins/rviz_default_plugins/displays/pointcloud/transformers/xyz_pc_transformer.hpp
-- Installing: /home/rinav/ros2_ws/install/rviz_default_plugins/include/rviz_default_plugins/rviz_default_plugins/displays/pointcloud/transformers/rgbf32_pc_transformer.hpp
-- Installing: /home/rinav/ros2_ws/install/rviz_default_plugins/include/rviz_default_plugins/rviz_default_plugins/displays/pointcloud/transformers/rgb8_pc_transformer.hpp
-- Installing: /home/rinav/ros2_ws/install/rviz_default_plugins/include/rviz_default_plugins/rviz_default_plugins/displays/pointcloud/transformers/intensity_pc_transformer.hpp
-- Installing: /home/rinav/ros2_ws/install/rviz_default_plugins/include/rviz_default_plugins/rviz_default_plugins/displays/pointcloud/point_cloud_helpers.hpp
-- Installing: /home/rinav/ros2_ws/install/rviz_default_plugins/include/rviz_default_plugins/rviz_default_plugins/displays/pointcloud/point_cloud_common.hpp
-- Installing: /home/rinav/ros2_ws/install/rviz_default_plugins/include/rviz_default_plugins/rviz_default_plugins/displays/pointcloud/point_cloud_transformer.hpp
-- Installing: /home/rinav/ros2_ws/install/rviz_default_plugins/include/rviz_default_plugins/rviz_default_plugins/displays/relative_humidity
-- Installing: /home/rinav/ros2_ws/install/rviz_default_plugins/include/rviz_default_plugins/rviz_default_plugins/displays/relative_humidity/relative_humidity_display.hpp
-- Installing: /home/rinav/ros2_ws/install/rviz_default_plugins/include/rviz_default_plugins/rviz_default_plugins/tools
-- Installing: /home/rinav/ros2_ws/install/rviz_default_plugins/include/rviz_default_plugins/rviz_default_plugins/tools/move
-- Installing: /home/rinav/ros2_ws/install/rviz_default_plugins/include/rviz_default_plugins/rviz_default_plugins/tools/move/move_tool.hpp
-- Installing: /home/rinav/ros2_ws/install/rviz_default_plugins/include/rviz_default_plugins/rviz_default_plugins/tools/goal_pose
-- Installing: /home/rinav/ros2_ws/install/rviz_default_plugins/include/rviz_default_plugins/rviz_default_plugins/tools/goal_pose/goal_tool.hpp
-- Installing: /home/rinav/ros2_ws/install/rviz_default_plugins/include/rviz_default_plugins/rviz_default_plugins/tools/measure
-- Installing: /home/rinav/ros2_ws/install/rviz_default_plugins/include/rviz_default_plugins/rviz_default_plugins/tools/measure/measure_tool.hpp
-- Installing: /home/rinav/ros2_ws/install/rviz_default_plugins/include/rviz_default_plugins/rviz_default_plugins/tools/point
-- Installing: /home/rinav/ros2_ws/install/rviz_default_plugins/include/rviz_default_plugins/rviz_default_plugins/tools/point/point_tool.hpp
-- Installing: /home/rinav/ros2_ws/install/rviz_default_plugins/include/rviz_default_plugins/rviz_default_plugins/tools/pose_estimate
-- Installing: /home/rinav/ros2_ws/install/rviz_default_plugins/include/rviz_default_plugins/rviz_default_plugins/tools/pose_estimate/initial_pose_tool.hpp
-- Installing: /home/rinav/ros2_ws/install/rviz_default_plugins/include/rviz_default_plugins/rviz_default_plugins/tools/pose
-- Installing: /home/rinav/ros2_ws/install/rviz_default_plugins/include/rviz_default_plugins/rviz_default_plugins/tools/pose/pose_tool.hpp
-- Installing: /home/rinav/ros2_ws/install/rviz_default_plugins/include/rviz_default_plugins/rviz_default_plugins/tools/select
-- Installing: /home/rinav/ros2_ws/install/rviz_default_plugins/include/rviz_default_plugins/rviz_default_plugins/tools/select/selection_tool.hpp
-- Installing: /home/rinav/ros2_ws/install/rviz_default_plugins/include/rviz_default_plugins/rviz_default_plugins/tools/focus
-- Installing: /home/rinav/ros2_ws/install/rviz_default_plugins/include/rviz_default_plugins/rviz_default_plugins/tools/focus/focus_tool.hpp
-- Installing: /home/rinav/ros2_ws/install/rviz_default_plugins/include/rviz_default_plugins/rviz_default_plugins/tools/interaction
-- Installing: /home/rinav/ros2_ws/install/rviz_default_plugins/include/rviz_default_plugins/rviz_default_plugins/tools/interaction/interaction_tool.hpp
-- Installing: /home/rinav/ros2_ws/install/rviz_default_plugins/include/rviz_default_plugins/rviz_default_plugins/view_controllers
-- Installing: /home/rinav/ros2_ws/install/rviz_default_plugins/include/rviz_default_plugins/rviz_default_plugins/view_controllers/orbit
-- Installing: /home/rinav/ros2_ws/install/rviz_default_plugins/include/rviz_default_plugins/rviz_default_plugins/view_controllers/orbit/orbit_view_controller.hpp
-- Installing: /home/rinav/ros2_ws/install/rviz_default_plugins/include/rviz_default_plugins/rviz_default_plugins/view_controllers/frame
-- Installing: /home/rinav/ros2_ws/install/rviz_default_plugins/include/rviz_default_plugins/rviz_default_plugins/view_controllers/frame/frame_view_controller.hpp
-- Installing: /home/rinav/ros2_ws/install/rviz_default_plugins/include/rviz_default_plugins/rviz_default_plugins/view_controllers/follower
-- Installing: /home/rinav/ros2_ws/install/rviz_default_plugins/include/rviz_default_plugins/rviz_default_plugins/view_controllers/follower/third_person_follower_view_controller.hpp
-- Installing: /home/rinav/ros2_ws/install/rviz_default_plugins/include/rviz_default_plugins/rviz_default_plugins/view_controllers/ortho
-- Installing: /home/rinav/ros2_ws/install/rviz_default_plugins/include/rviz_default_plugins/rviz_default_plugins/view_controllers/ortho/fixed_orientation_ortho_view_controller.hpp
-- Installing: /home/rinav/ros2_ws/install/rviz_default_plugins/include/rviz_default_plugins/rviz_default_plugins/view_controllers/xy_orbit
-- Installing: /home/rinav/ros2_ws/install/rviz_default_plugins/include/rviz_default_plugins/rviz_default_plugins/view_controllers/xy_orbit/xy_orbit_view_controller.hpp
-- Installing: /home/rinav/ros2_ws/install/rviz_default_plugins/include/rviz_default_plugins/rviz_default_plugins/view_controllers/fps
-- Installing: /home/rinav/ros2_ws/install/rviz_default_plugins/include/rviz_default_plugins/rviz_default_plugins/view_controllers/fps/fps_view_controller.hpp
-- Installing: /home/rinav/ros2_ws/install/rviz_default_plugins/include/rviz_default_plugins/rviz_default_plugins/robot
-- Installing: /home/rinav/ros2_ws/install/rviz_default_plugins/include/rviz_default_plugins/rviz_default_plugins/robot/robot_joint.hpp
-- Installing: /home/rinav/ros2_ws/install/rviz_default_plugins/include/rviz_default_plugins/rviz_default_plugins/robot/link_updater.hpp
-- Installing: /home/rinav/ros2_ws/install/rviz_default_plugins/include/rviz_default_plugins/rviz_default_plugins/robot/robot_element_base_class.hpp
-- Installing: /home/rinav/ros2_ws/install/rviz_default_plugins/include/rviz_default_plugins/rviz_default_plugins/robot/tf_link_updater.hpp
-- Installing: /home/rinav/ros2_ws/install/rviz_default_plugins/include/rviz_default_plugins/rviz_default_plugins/robot/robot_link.hpp
-- Installing: /home/rinav/ros2_ws/install/rviz_default_plugins/include/rviz_default_plugins/rviz_default_plugins/robot/robot.hpp
-- Installing: /home/rinav/ros2_ws/install/rviz_default_plugins/include/rviz_default_plugins/rviz_default_plugins/transformation
-- Installing: /home/rinav/ros2_ws/install/rviz_default_plugins/include/rviz_default_plugins/rviz_default_plugins/transformation/transformer_guard.hpp
-- Installing: /home/rinav/ros2_ws/install/rviz_default_plugins/include/rviz_default_plugins/rviz_default_plugins/transformation/tf_frame_transformer.hpp
-- Installing: /home/rinav/ros2_ws/install/rviz_default_plugins/include/rviz_default_plugins/rviz_default_plugins/transformation/tf_wrapper.hpp
-- Installing: /home/rinav/ros2_ws/install/rviz_default_plugins/share/rviz_default_plugins/icons
-- Installing: /home/rinav/ros2_ws/install/rviz_default_plugins/share/rviz_default_plugins/icons/classes
-- Installing: /home/rinav/ros2_ws/install/rviz_default_plugins/share/rviz_default_plugins/icons/classes/PoseArray.png
-- Installing: /home/rinav/ros2_ws/install/rviz_default_plugins/share/rviz_default_plugins/icons/classes/Temperature.png
-- Installing: /home/rinav/ros2_ws/install/rviz_default_plugins/share/rviz_default_plugins/icons/classes/RobotLinkNoGeom.png
-- Installing: /home/rinav/ros2_ws/install/rviz_default_plugins/share/rviz_default_plugins/icons/classes/RobotLink.png
-- Installing: /home/rinav/ros2_ws/install/rviz_default_plugins/share/rviz_default_plugins/icons/classes/PointCloud.png
-- Installing: /home/rinav/ros2_ws/install/rviz_default_plugins/share/rviz_default_plugins/icons/classes/Illuminance.png
-- Installing: /home/rinav/ros2_ws/install/rviz_default_plugins/share/rviz_default_plugins/icons/classes/LaserScan.png
-- Installing: /home/rinav/ros2_ws/install/rviz_default_plugins/share/rviz_default_plugins/icons/classes/Wrench.png
-- Installing: /home/rinav/ros2_ws/install/rviz_default_plugins/share/rviz_default_plugins/icons/classes/PoseWithCovariance.png
-- Installing: /home/rinav/ros2_ws/install/rviz_default_plugins/share/rviz_default_plugins/icons/classes/Pose.png
-- Installing: /home/rinav/ros2_ws/install/rviz_default_plugins/share/rviz_default_plugins/icons/classes/RobotJoint.png
-- Installing: /home/rinav/ros2_ws/install/rviz_default_plugins/share/rviz_default_plugins/icons/classes/Odometry.png
-- Installing: /home/rinav/ros2_ws/install/rviz_default_plugins/share/rviz_default_plugins/icons/classes/Grid.png
-- Installing: /home/rinav/ros2_ws/install/rviz_default_plugins/share/rviz_default_plugins/icons/classes/SetGoal.png
-- Installing: /home/rinav/ros2_ws/install/rviz_default_plugins/share/rviz_default_plugins/icons/classes/Camera.png
-- Installing: /home/rinav/ros2_ws/install/rviz_default_plugins/share/rviz_default_plugins/icons/classes/Select.png
-- Installing: /home/rinav/ros2_ws/install/rviz_default_plugins/share/rviz_default_plugins/icons/classes/Map.png
-- Installing: /home/rinav/ros2_ws/install/rviz_default_plugins/share/rviz_default_plugins/icons/classes/Path.png
-- Installing: /home/rinav/ros2_ws/install/rviz_default_plugins/share/rviz_default_plugins/icons/classes/AccelStamped.png
-- Installing: /home/rinav/ros2_ws/install/rviz_default_plugins/share/rviz_default_plugins/icons/classes/DepthCloud.png
-- Installing: /home/rinav/ros2_ws/install/rviz_default_plugins/share/rviz_default_plugins/icons/classes/TF.png
-- Installing: /home/rinav/ros2_ws/install/rviz_default_plugins/share/rviz_default_plugins/icons/classes/PointStamped.png
-- Installing: /home/rinav/ros2_ws/install/rviz_default_plugins/share/rviz_default_plugins/icons/classes/Effort.png
-- Installing: /home/rinav/ros2_ws/install/rviz_default_plugins/share/rviz_default_plugins/icons/classes/PointCloud2.png
-- Installing: /home/rinav/ros2_ws/install/rviz_default_plugins/share/rviz_default_plugins/icons/classes/Axes.png
-- Installing: /home/rinav/ros2_ws/install/rviz_default_plugins/share/rviz_default_plugins/icons/classes/Interact.png
-- Installing: /home/rinav/ros2_ws/install/rviz_default_plugins/share/rviz_default_plugins/icons/classes/Range.png
-- Installing: /home/rinav/ros2_ws/install/rviz_default_plugins/share/rviz_default_plugins/icons/classes/TwistStamped.png
-- Installing: /home/rinav/ros2_ws/install/rviz_default_plugins/share/rviz_default_plugins/icons/classes/MarkerArray.png
-- Installing: /home/rinav/ros2_ws/install/rviz_default_plugins/share/rviz_default_plugins/icons/classes/RelativeHumidity.png
-- Installing: /home/rinav/ros2_ws/install/rviz_default_plugins/share/rviz_default_plugins/icons/classes/SetInitialPose.png
-- Installing: /home/rinav/ros2_ws/install/rviz_default_plugins/share/rviz_default_plugins/icons/classes/RobotModel.png
-- Installing: /home/rinav/ros2_ws/install/rviz_default_plugins/share/rviz_default_plugins/icons/classes/Image.png
-- Installing: /home/rinav/ros2_ws/install/rviz_default_plugins/share/rviz_default_plugins/icons/classes/FluidPressure.png
-- Installing: /home/rinav/ros2_ws/install/rviz_default_plugins/share/rviz_default_plugins/icons/classes/InteractiveMarkers.png
-- Installing: /home/rinav/ros2_ws/install/rviz_default_plugins/share/rviz_default_plugins/icons/classes/Measure.svg
-- Installing: /home/rinav/ros2_ws/install/rviz_default_plugins/share/rviz_default_plugins/icons/classes/src
-- Installing: /home/rinav/ros2_ws/install/rviz_default_plugins/share/rviz_default_plugins/icons/classes/src/RobotModel.xcf
-- Installing: /home/rinav/ros2_ws/install/rviz_default_plugins/share/rviz_default_plugins/icons/classes/src/Arrow.xcf
-- Installing: /home/rinav/ros2_ws/install/rviz_default_plugins/share/rviz_default_plugins/icons/classes/src/Poly.xcf
-- Installing: /home/rinav/ros2_ws/install/rviz_default_plugins/share/rviz_default_plugins/icons/classes/src/TF.xcf
-- Installing: /home/rinav/ros2_ws/install/rviz_default_plugins/share/rviz_default_plugins/icons/classes/src/MarkerArray.xcf
-- Installing: /home/rinav/ros2_ws/install/rviz_default_plugins/share/rviz_default_plugins/icons/classes/src/Map.xcf
-- Installing: /home/rinav/ros2_ws/install/rviz_default_plugins/share/rviz_default_plugins/icons/classes/src/Axes.xcf
-- Installing: /home/rinav/ros2_ws/install/rviz_default_plugins/share/rviz_default_plugins/icons/classes/src/Polygon.xcf
-- Installing: /home/rinav/ros2_ws/install/rviz_default_plugins/share/rviz_default_plugins/icons/classes/src/PoseArray.xcf
-- Installing: /home/rinav/ros2_ws/install/rviz_default_plugins/share/rviz_default_plugins/icons/classes/src/Range.xcf
-- Installing: /home/rinav/ros2_ws/install/rviz_default_plugins/share/rviz_default_plugins/icons/classes/src/InteractiveMarker.xcf
-- Installing: /home/rinav/ros2_ws/install/rviz_default_plugins/share/rviz_default_plugins/icons/classes/src/GridCells.xcf
-- Installing: /home/rinav/ros2_ws/install/rviz_default_plugins/share/rviz_default_plugins/icons/classes/GridCells.png
-- Installing: /home/rinav/ros2_ws/install/rviz_default_plugins/share/rviz_default_plugins/icons/classes/MoveCamera.png
-- Installing: /home/rinav/ros2_ws/install/rviz_default_plugins/share/rviz_default_plugins/icons/classes/Marker.png
-- Installing: /home/rinav/ros2_ws/install/rviz_default_plugins/share/rviz_default_plugins/icons/classes/PublishPoint.svg
-- Installing: /home/rinav/ros2_ws/install/rviz_default_plugins/share/rviz_default_plugins/icons/classes/FocusCamera.svg
-- Installing: /home/rinav/ros2_ws/install/rviz_default_plugins/share/rviz_default_plugins/icons/classes/Polygon.png
-- Installing: /home/rinav/ros2_ws/install/rviz_default_plugins/share/rviz_default_plugins/icons/visibility.svg
-- Installing: /home/rinav/ros2_ws/install/rviz_default_plugins/share/rviz_default_plugins/test_meshes
-- Installing: /home/rinav/ros2_ws/install/rviz_default_plugins/share/rviz_default_plugins/test_meshes/pr2-base.dae
-- Installing: /home/rinav/ros2_ws/install/rviz_default_plugins/share/rviz_default_plugins/test_meshes/base_normals.png
-- Installing: /home/rinav/ros2_ws/install/rviz_default_plugins/share/rviz_default_plugins/test_meshes/base_color.png
-- Installing: /home/rinav/ros2_ws/install/rviz_default_plugins/share/rviz_default_plugins/test_meshes/test.urdf
-- Installing: /home/rinav/ros2_ws/install/rviz_default_plugins/share/rviz_default_plugins/test_meshes/pr2-base_large.dae
-- Installing: /home/rinav/ros2_ws/install/rviz_default_plugins/share/ament_index/resource_index/package_run_dependencies/rviz_default_plugins
-- Installing: /home/rinav/ros2_ws/install/rviz_default_plugins/share/ament_index/resource_index/parent_prefix_path/rviz_default_plugins
-- Installing: /home/rinav/ros2_ws/install/rviz_default_plugins/share/rviz_default_plugins/environment/ament_prefix_path.sh
-- Installing: /home/rinav/ros2_ws/install/rviz_default_plugins/share/rviz_default_plugins/environment/ament_prefix_path.dsv
-- Installing: /home/rinav/ros2_ws/install/rviz_default_plugins/share/rviz_default_plugins/environment/path.sh
-- Installing: /home/rinav/ros2_ws/install/rviz_default_plugins/share/rviz_default_plugins/environment/path.dsv
-- Installing: /home/rinav/ros2_ws/install/rviz_default_plugins/share/rviz_default_plugins/local_setup.bash
-- Installing: /home/rinav/ros2_ws/install/rviz_default_plugins/share/rviz_default_plugins/local_setup.sh
-- Installing: /home/rinav/ros2_ws/install/rviz_default_plugins/share/rviz_default_plugins/local_setup.zsh
-- Installing: /home/rinav/ros2_ws/install/rviz_default_plugins/share/rviz_default_plugins/local_setup.dsv
-- Installing: /home/rinav/ros2_ws/install/rviz_default_plugins/share/rviz_default_plugins/package.dsv
-- Installing: /home/rinav/ros2_ws/install/rviz_default_plugins/share/ament_index/resource_index/packages/rviz_default_plugins
-- Installing: /home/rinav/ros2_ws/install/rviz_default_plugins/share/ament_index/resource_index/rviz_common__pluginlib__plugin/rviz_default_plugins
-- Installing: /home/rinav/ros2_ws/install/rviz_default_plugins/share/rviz_default_plugins/cmake/rviz_default_pluginsExport.cmake
-- Installing: /home/rinav/ros2_ws/install/rviz_default_plugins/share/rviz_default_plugins/cmake/rviz_default_pluginsExport-noconfig.cmake
-- Installing: /home/rinav/ros2_ws/install/rviz_default_plugins/share/rviz_default_plugins/cmake/rviz_default_plugins-extras.cmake
-- Installing: /home/rinav/ros2_ws/install/rviz_default_plugins/share/rviz_default_plugins/cmake/ament_cmake_export_include_directories-extras.cmake
-- Installing: /home/rinav/ros2_ws/install/rviz_default_plugins/share/rviz_default_plugins/cmake/ament_cmake_export_targets-extras.cmake
-- Installing: /home/rinav/ros2_ws/install/rviz_default_plugins/share/rviz_default_plugins/cmake/ament_cmake_export_dependencies-extras.cmake
-- Installing: /home/rinav/ros2_ws/install/rviz_default_plugins/share/rviz_default_plugins/cmake/rviz_default_pluginsConfig.cmake
-- Installing: /home/rinav/ros2_ws/install/rviz_default_plugins/share/rviz_default_plugins/cmake/rviz_default_pluginsConfig-version.cmake
-- Installing: /home/rinav/ros2_ws/install/rviz_default_plugins/share/rviz_default_plugins/package.xml
