[0.492s] Invoking command in '/home/rinav/ros2_ws/build/rviz_rendering': CMAKE_PREFIX_PATH=/home/rinav/ros2_ws/install/rviz_ogre_vendor:/home/rinav/ros2_ws/install/rviz_assimp_vendor:/home/rinav/ros2_ws/install/ur:/home/rinav/ros2_ws/install/ur_calibration:/home/rinav/ros2_ws/install/ur_robot_driver:/home/rinav/ros2_ws/install/ur_moveit_config:/home/rinav/ros2_ws/install/ur_bringup:/home/rinav/ros2_ws/install/ur_description:/home/rinav/ros2_ws/install/ur_controllers:/home/rinav/ros2_ws/install/ur_dashboard_msgs:/home/rinav/ros2_ws/install/turtlesim:/home/rinav/ros2_ws/install/pilz_industrial_motion_planner_testutils:/home/rinav/ros2_ws/install/moveit_ros_control_interface:/home/rinav/ros2_ws/install/moveit_plugins:/home/rinav/ros2_ws/install/husky_ur3_moveit_config:/home/rinav/ros2_ws/install/moveit_simple_controller_manager:/home/rinav/ros2_ws/install/moveit_ros_planning:/home/rinav/ros2_ws/install/moveit_ros_occupancy_map_monitor:/home/rinav/ros2_ws/install/moveit_resources_prbt_ikfast_manipulator_plugin:/home/rinav/ros2_ws/install/moveit_planners_chomp:/home/rinav/ros2_ws/install/moveit_chomp_optimizer_adapter:/home/rinav/ros2_ws/install/chomp_motion_planner:/home/rinav/ros2_ws/install/moveit_core:/home/rinav/ros2_ws/install/srdfdom:/home/rinav/ros2_ws/install/rviz_visual_testing_framework:/home/rinav/ros2_ws/install/rviz_rendering_tests:/home/rinav/ros2_ws/install/husky_desktop:/home/rinav/ros2_ws/install/husky_viz:/home/rinav/ros2_ws/install/rviz2:/home/rinav/ros2_ws/install/rviz_default_plugins:/home/rinav/ros2_ws/install/rviz_common:/home/rinav/ros2_ws/install/rviz_rendering:/home/rinav/ros2_ws/install/rviz_marker_tools:/home/rinav/ros2_ws/install/rosparam_shortcuts:/home/rinav/ros2_ws/install/robotis_manipulator:/home/rinav/ros2_ws/install/moveit_task_constructor_msgs:/home/rinav/ros2_ws/install/moveit_resources_prbt_support:/home/rinav/ros2_ws/install/moveit_resources:/home/rinav/ros2_ws/install/moveit_resources_pr2_description:/home/rinav/ros2_ws/install/moveit_resources_panda_moveit_config:/home/rinav/ros2_ws/install/moveit_resources_panda_description:/home/rinav/ros2_ws/install/moveit_resources_fanuc_moveit_config:/home/rinav/ros2_ws/install/moveit_resources_fanuc_description:/home/rinav/ros2_ws/install/moveit_common:/home/rinav/ros2_ws/install/husky_ur3_ignition:/home/rinav/ros2_ws/install/husky_simulator:/home/rinav/ros2_ws/install/husky_robot:/home/rinav/ros2_ws/install/husky_bringup:/home/rinav/ros2_ws/install/husky_base:/home/rinav/ros2_ws/install/husky_msgs:/home/rinav/ros2_ws/install/husky_gazebo:/home/rinav/ros2_ws/install/husky_control:/home/rinav/ros2_ws/install/husky_description:/home/rinav/ros2_ws/src/rviz/install:/home/rinav/ros2_ws/install/trial_package:/home/rinav/ros2_ws/install/moveit_configs_utils:/home/rinav/ros2_ws/install/py_srvcli:/home/rinav/ros2_ws/install/py_pubsub:/home/rinav/ros2_ws/install/mobile_robotics:/home/rinav/ros2_ws/install/launch_param_builder:/opt/ros/humble /usr/bin/cmake --build /home/rinav/ros2_ws/build/rviz_rendering -- -j8 -l8
[0.540s] [35m[1mConsolidate compiler generated dependencies of target gmock_main[0m
[0.554s] [35m[1mConsolidate compiler generated dependencies of target rviz_rendering[0m
[0.561s] [35m[1mConsolidate compiler generated dependencies of target gmock[0m
[0.601s] [  3%] Built target gmock_main
[0.631s] [  8%] Built target gmock
[0.637s] [ 59%] Built target rviz_rendering
[0.661s] [35m[1mConsolidate compiler generated dependencies of target rviz_rendering_test_utils[0m
[0.666s] [35m[1mConsolidate compiler generated dependencies of target string_helper_test[0m
[0.674s] [ 64%] Built target rviz_rendering_test_utils
[0.685s] [35m[1mConsolidate compiler generated dependencies of target point_cloud_test_target[0m
[0.687s] [35m[1mConsolidate compiler generated dependencies of target point_cloud_renderable_test_target[0m
[0.695s] [ 67%] Built target string_helper_test
[0.709s] [35m[1mConsolidate compiler generated dependencies of target covariance_visual_test_target[0m
[0.712s] [35m[1mConsolidate compiler generated dependencies of target billboard_line_test_target[0m
[0.742s] [35m[1mConsolidate compiler generated dependencies of target effort_visual_test_target[0m
[0.742s] [ 70%] Built target point_cloud_test_target
[0.754s] [35m[1mConsolidate compiler generated dependencies of target grid_test_target[0m
[0.756s] [ 74%] Built target point_cloud_renderable_test_target
[0.770s] [ 77%] Built target billboard_line_test_target
[0.773s] [ 80%] Built target covariance_visual_test_target
[0.791s] [ 83%] Built target effort_visual_test_target
[0.796s] [35m[1mConsolidate compiler generated dependencies of target movable_text_test_target[0m
[0.796s] [ 87%] Built target grid_test_target
[0.804s] [35m[1mConsolidate compiler generated dependencies of target line_test_target[0m
[0.818s] [35m[1mConsolidate compiler generated dependencies of target screw_visual_test_target[0m
[0.827s] [ 90%] Built target movable_text_test_target
[0.827s] [ 93%] Built target line_test_target
[0.850s] [35m[1mConsolidate compiler generated dependencies of target wrench_visual_test_target[0m
[0.861s] [ 96%] Built target screw_visual_test_target
[0.883s] [100%] Built target wrench_visual_test_target
[0.975s] Invoked command in '/home/rinav/ros2_ws/build/rviz_rendering' returned '0': CMAKE_PREFIX_PATH=/home/rinav/ros2_ws/install/rviz_ogre_vendor:/home/rinav/ros2_ws/install/rviz_assimp_vendor:/home/rinav/ros2_ws/install/ur:/home/rinav/ros2_ws/install/ur_calibration:/home/rinav/ros2_ws/install/ur_robot_driver:/home/rinav/ros2_ws/install/ur_moveit_config:/home/rinav/ros2_ws/install/ur_bringup:/home/rinav/ros2_ws/install/ur_description:/home/rinav/ros2_ws/install/ur_controllers:/home/rinav/ros2_ws/install/ur_dashboard_msgs:/home/rinav/ros2_ws/install/turtlesim:/home/rinav/ros2_ws/install/pilz_industrial_motion_planner_testutils:/home/rinav/ros2_ws/install/moveit_ros_control_interface:/home/rinav/ros2_ws/install/moveit_plugins:/home/rinav/ros2_ws/install/husky_ur3_moveit_config:/home/rinav/ros2_ws/install/moveit_simple_controller_manager:/home/rinav/ros2_ws/install/moveit_ros_planning:/home/rinav/ros2_ws/install/moveit_ros_occupancy_map_monitor:/home/rinav/ros2_ws/install/moveit_resources_prbt_ikfast_manipulator_plugin:/home/rinav/ros2_ws/install/moveit_planners_chomp:/home/rinav/ros2_ws/install/moveit_chomp_optimizer_adapter:/home/rinav/ros2_ws/install/chomp_motion_planner:/home/rinav/ros2_ws/install/moveit_core:/home/rinav/ros2_ws/install/srdfdom:/home/rinav/ros2_ws/install/rviz_visual_testing_framework:/home/rinav/ros2_ws/install/rviz_rendering_tests:/home/rinav/ros2_ws/install/husky_desktop:/home/rinav/ros2_ws/install/husky_viz:/home/rinav/ros2_ws/install/rviz2:/home/rinav/ros2_ws/install/rviz_default_plugins:/home/rinav/ros2_ws/install/rviz_common:/home/rinav/ros2_ws/install/rviz_rendering:/home/rinav/ros2_ws/install/rviz_marker_tools:/home/rinav/ros2_ws/install/rosparam_shortcuts:/home/rinav/ros2_ws/install/robotis_manipulator:/home/rinav/ros2_ws/install/moveit_task_constructor_msgs:/home/rinav/ros2_ws/install/moveit_resources_prbt_support:/home/rinav/ros2_ws/install/moveit_resources:/home/rinav/ros2_ws/install/moveit_resources_pr2_description:/home/rinav/ros2_ws/install/moveit_resources_panda_moveit_config:/home/rinav/ros2_ws/install/moveit_resources_panda_description:/home/rinav/ros2_ws/install/moveit_resources_fanuc_moveit_config:/home/rinav/ros2_ws/install/moveit_resources_fanuc_description:/home/rinav/ros2_ws/install/moveit_common:/home/rinav/ros2_ws/install/husky_ur3_ignition:/home/rinav/ros2_ws/install/husky_simulator:/home/rinav/ros2_ws/install/husky_robot:/home/rinav/ros2_ws/install/husky_bringup:/home/rinav/ros2_ws/install/husky_base:/home/rinav/ros2_ws/install/husky_msgs:/home/rinav/ros2_ws/install/husky_gazebo:/home/rinav/ros2_ws/install/husky_control:/home/rinav/ros2_ws/install/husky_description:/home/rinav/ros2_ws/src/rviz/install:/home/rinav/ros2_ws/install/trial_package:/home/rinav/ros2_ws/install/moveit_configs_utils:/home/rinav/ros2_ws/install/py_srvcli:/home/rinav/ros2_ws/install/py_pubsub:/home/rinav/ros2_ws/install/mobile_robotics:/home/rinav/ros2_ws/install/launch_param_builder:/opt/ros/humble /usr/bin/cmake --build /home/rinav/ros2_ws/build/rviz_rendering -- -j8 -l8
[0.994s] Invoking command in '/home/rinav/ros2_ws/build/rviz_rendering': CMAKE_PREFIX_PATH=/home/rinav/ros2_ws/install/rviz_ogre_vendor:/home/rinav/ros2_ws/install/rviz_assimp_vendor:/home/rinav/ros2_ws/install/ur:/home/rinav/ros2_ws/install/ur_calibration:/home/rinav/ros2_ws/install/ur_robot_driver:/home/rinav/ros2_ws/install/ur_moveit_config:/home/rinav/ros2_ws/install/ur_bringup:/home/rinav/ros2_ws/install/ur_description:/home/rinav/ros2_ws/install/ur_controllers:/home/rinav/ros2_ws/install/ur_dashboard_msgs:/home/rinav/ros2_ws/install/turtlesim:/home/rinav/ros2_ws/install/pilz_industrial_motion_planner_testutils:/home/rinav/ros2_ws/install/moveit_ros_control_interface:/home/rinav/ros2_ws/install/moveit_plugins:/home/rinav/ros2_ws/install/husky_ur3_moveit_config:/home/rinav/ros2_ws/install/moveit_simple_controller_manager:/home/rinav/ros2_ws/install/moveit_ros_planning:/home/rinav/ros2_ws/install/moveit_ros_occupancy_map_monitor:/home/rinav/ros2_ws/install/moveit_resources_prbt_ikfast_manipulator_plugin:/home/rinav/ros2_ws/install/moveit_planners_chomp:/home/rinav/ros2_ws/install/moveit_chomp_optimizer_adapter:/home/rinav/ros2_ws/install/chomp_motion_planner:/home/rinav/ros2_ws/install/moveit_core:/home/rinav/ros2_ws/install/srdfdom:/home/rinav/ros2_ws/install/rviz_visual_testing_framework:/home/rinav/ros2_ws/install/rviz_rendering_tests:/home/rinav/ros2_ws/install/husky_desktop:/home/rinav/ros2_ws/install/husky_viz:/home/rinav/ros2_ws/install/rviz2:/home/rinav/ros2_ws/install/rviz_default_plugins:/home/rinav/ros2_ws/install/rviz_common:/home/rinav/ros2_ws/install/rviz_rendering:/home/rinav/ros2_ws/install/rviz_marker_tools:/home/rinav/ros2_ws/install/rosparam_shortcuts:/home/rinav/ros2_ws/install/robotis_manipulator:/home/rinav/ros2_ws/install/moveit_task_constructor_msgs:/home/rinav/ros2_ws/install/moveit_resources_prbt_support:/home/rinav/ros2_ws/install/moveit_resources:/home/rinav/ros2_ws/install/moveit_resources_pr2_description:/home/rinav/ros2_ws/install/moveit_resources_panda_moveit_config:/home/rinav/ros2_ws/install/moveit_resources_panda_description:/home/rinav/ros2_ws/install/moveit_resources_fanuc_moveit_config:/home/rinav/ros2_ws/install/moveit_resources_fanuc_description:/home/rinav/ros2_ws/install/moveit_common:/home/rinav/ros2_ws/install/husky_ur3_ignition:/home/rinav/ros2_ws/install/husky_simulator:/home/rinav/ros2_ws/install/husky_robot:/home/rinav/ros2_ws/install/husky_bringup:/home/rinav/ros2_ws/install/husky_base:/home/rinav/ros2_ws/install/husky_msgs:/home/rinav/ros2_ws/install/husky_gazebo:/home/rinav/ros2_ws/install/husky_control:/home/rinav/ros2_ws/install/husky_description:/home/rinav/ros2_ws/src/rviz/install:/home/rinav/ros2_ws/install/trial_package:/home/rinav/ros2_ws/install/moveit_configs_utils:/home/rinav/ros2_ws/install/py_srvcli:/home/rinav/ros2_ws/install/py_pubsub:/home/rinav/ros2_ws/install/mobile_robotics:/home/rinav/ros2_ws/install/launch_param_builder:/opt/ros/humble /usr/bin/cmake --install /home/rinav/ros2_ws/build/rviz_rendering
[1.205s] -- Install configuration: ""
[1.205s] -- Up-to-date: /home/rinav/ros2_ws/install/rviz_rendering/share/rviz_rendering/environment/library_path.sh
[1.205s] -- Up-to-date: /home/rinav/ros2_ws/install/rviz_rendering/share/rviz_rendering/environment/library_path.dsv
[1.207s] -- Up-to-date: /home/rinav/ros2_ws/install/rviz_rendering/lib/librviz_rendering.so
[1.207s] -- Up-to-date: /home/rinav/ros2_ws/install/rviz_rendering/include/rviz_rendering
[1.207s] -- Up-to-date: /home/rinav/ros2_ws/install/rviz_rendering/include/rviz_rendering/rviz_rendering
[1.207s] -- Up-to-date: /home/rinav/ros2_ws/install/rviz_rendering/include/rviz_rendering/rviz_rendering/logging.hpp
[1.207s] -- Up-to-date: /home/rinav/ros2_ws/install/rviz_rendering/include/rviz_rendering/rviz_rendering/resource_config.hpp
[1.207s] -- Up-to-date: /home/rinav/ros2_ws/install/rviz_rendering/include/rviz_rendering/rviz_rendering/apply_visibility_bits.hpp
[1.207s] -- Up-to-date: /home/rinav/ros2_ws/install/rviz_rendering/include/rviz_rendering/rviz_rendering/render_window.hpp
[1.207s] -- Up-to-date: /home/rinav/ros2_ws/install/rviz_rendering/include/rviz_rendering/rviz_rendering/orthographic.hpp
[1.207s] -- Up-to-date: /home/rinav/ros2_ws/install/rviz_rendering/include/rviz_rendering/rviz_rendering/rviz_rendering.hpp
[1.207s] -- Up-to-date: /home/rinav/ros2_ws/install/rviz_rendering/include/rviz_rendering/rviz_rendering/custom_parameter_indices.hpp
[1.207s] -- Up-to-date: /home/rinav/ros2_ws/install/rviz_rendering/include/rviz_rendering/rviz_rendering/mesh_loader.hpp
[1.207s] -- Up-to-date: /home/rinav/ros2_ws/install/rviz_rendering/include/rviz_rendering/rviz_rendering/objects
[1.207s] -- Up-to-date: /home/rinav/ros2_ws/install/rviz_rendering/include/rviz_rendering/rviz_rendering/objects/movable_text.hpp
[1.207s] -- Up-to-date: /home/rinav/ros2_ws/install/rviz_rendering/include/rviz_rendering/rviz_rendering/objects/line.hpp
[1.207s] -- Up-to-date: /home/rinav/ros2_ws/install/rviz_rendering/include/rviz_rendering/rviz_rendering/objects/point_cloud.hpp
[1.207s] -- Up-to-date: /home/rinav/ros2_ws/install/rviz_rendering/include/rviz_rendering/rviz_rendering/objects/covariance_visual.hpp
[1.207s] -- Up-to-date: /home/rinav/ros2_ws/install/rviz_rendering/include/rviz_rendering/rviz_rendering/objects/axes.hpp
[1.207s] -- Up-to-date: /home/rinav/ros2_ws/install/rviz_rendering/include/rviz_rendering/rviz_rendering/objects/grid.hpp
[1.207s] -- Up-to-date: /home/rinav/ros2_ws/install/rviz_rendering/include/rviz_rendering/rviz_rendering/objects/object.hpp
[1.207s] -- Up-to-date: /home/rinav/ros2_ws/install/rviz_rendering/include/rviz_rendering/rviz_rendering/objects/point_cloud_renderable.hpp
[1.207s] -- Up-to-date: /home/rinav/ros2_ws/install/rviz_rendering/include/rviz_rendering/rviz_rendering/objects/arrow.hpp
[1.207s] -- Up-to-date: /home/rinav/ros2_ws/install/rviz_rendering/include/rviz_rendering/rviz_rendering/objects/wrench_visual.hpp
[1.207s] -- Up-to-date: /home/rinav/ros2_ws/install/rviz_rendering/include/rviz_rendering/rviz_rendering/objects/screw_visual.hpp
[1.208s] -- Up-to-date: /home/rinav/ros2_ws/install/rviz_rendering/include/rviz_rendering/rviz_rendering/objects/shape.hpp
[1.208s] -- Up-to-date: /home/rinav/ros2_ws/install/rviz_rendering/include/rviz_rendering/rviz_rendering/objects/effort_visual.hpp
[1.208s] -- Up-to-date: /home/rinav/ros2_ws/install/rviz_rendering/include/rviz_rendering/rviz_rendering/objects/billboard_line.hpp
[1.208s] -- Up-to-date: /home/rinav/ros2_ws/install/rviz_rendering/include/rviz_rendering/rviz_rendering/material_manager.hpp
[1.208s] -- Up-to-date: /home/rinav/ros2_ws/install/rviz_rendering/include/rviz_rendering/rviz_rendering/geometry.hpp
[1.208s] -- Up-to-date: /home/rinav/ros2_ws/install/rviz_rendering/include/rviz_rendering/rviz_rendering/ogre_logging.hpp
[1.209s] -- Up-to-date: /home/rinav/ros2_ws/install/rviz_rendering/include/rviz_rendering/rviz_rendering/logging_handler.hpp
[1.209s] -- Up-to-date: /home/rinav/ros2_ws/install/rviz_rendering/include/rviz_rendering/rviz_rendering/visibility_control.hpp
[1.209s] -- Up-to-date: /home/rinav/ros2_ws/install/rviz_rendering/include/rviz_rendering/rviz_rendering/viewport_projection_finder.hpp
[1.209s] -- Up-to-date: /home/rinav/ros2_ws/install/rviz_rendering/include/rviz_rendering/rviz_rendering/render_system.hpp
[1.211s] -- Up-to-date: /home/rinav/ros2_ws/install/rviz_rendering/share/rviz_rendering/cmake
[1.211s] -- Up-to-date: /home/rinav/ros2_ws/install/rviz_rendering/share/rviz_rendering/cmake/register_rviz_ogre_media_exports.cmake
[1.211s] -- Up-to-date: /home/rinav/ros2_ws/install/rviz_rendering/share/rviz_rendering/cmake/register_rviz_ogre_media_exports_hook-extras.cmake
[1.211s] -- Up-to-date: /home/rinav/ros2_ws/install/rviz_rendering/share/rviz_rendering/cmake/register_rviz_ogre_media_exports_hook.cmake
[1.211s] -- Up-to-date: /home/rinav/ros2_ws/install/rviz_rendering/share/rviz_rendering/ogre_media
[1.211s] -- Up-to-date: /home/rinav/ros2_ws/install/rviz_rendering/share/rviz_rendering/ogre_media/materials
[1.211s] -- Up-to-date: /home/rinav/ros2_ws/install/rviz_rendering/share/rviz_rendering/ogre_media/materials/glsl150
[1.212s] -- Up-to-date: /home/rinav/ros2_ws/install/rviz_rendering/share/rviz_rendering/ogre_media/materials/glsl150/billboard.geom
[1.212s] -- Up-to-date: /home/rinav/ros2_ws/install/rviz_rendering/share/rviz_rendering/ogre_media/materials/glsl150/pass_pos_color.vert
[1.212s] -- Up-to-date: /home/rinav/ros2_ws/install/rviz_rendering/share/rviz_rendering/ogre_media/materials/glsl150/box.geom
[1.212s] -- Up-to-date: /home/rinav/ros2_ws/install/rviz_rendering/share/rviz_rendering/ogre_media/materials/glsl150/glsl150.program
[1.212s] -- Up-to-date: /home/rinav/ros2_ws/install/rviz_rendering/share/rviz_rendering/ogre_media/materials/scripts
[1.212s] -- Up-to-date: /home/rinav/ros2_ws/install/rviz_rendering/share/rviz_rendering/ogre_media/materials/scripts/point_cloud_tile.material
[1.212s] -- Up-to-date: /home/rinav/ros2_ws/install/rviz_rendering/share/rviz_rendering/ogre_media/materials/scripts/default_pick_and_depth.material
[1.212s] -- Up-to-date: /home/rinav/ros2_ws/install/rviz_rendering/share/rviz_rendering/ogre_media/materials/scripts/point_cloud_point.material
[1.212s] -- Up-to-date: /home/rinav/ros2_ws/install/rviz_rendering/share/rviz_rendering/ogre_media/materials/scripts/indexed_8bit_image.material
[1.212s] -- Up-to-date: /home/rinav/ros2_ws/install/rviz_rendering/share/rviz_rendering/ogre_media/materials/glsl120
[1.212s] -- Up-to-date: /home/rinav/ros2_ws/install/rviz_rendering/share/rviz_rendering/ogre_media/materials/glsl120/pickcolor_circle.frag
[1.212s] -- Up-to-date: /home/rinav/ros2_ws/install/rviz_rendering/share/rviz_rendering/ogre_media/materials/glsl120/indexed_8bit_image.frag
[1.212s] -- Up-to-date: /home/rinav/ros2_ws/install/rviz_rendering/share/rviz_rendering/ogre_media/materials/glsl120/include
[1.212s] -- Up-to-date: /home/rinav/ros2_ws/install/rviz_rendering/share/rviz_rendering/ogre_media/materials/glsl120/include/circle_impl.frag
[1.212s] -- Up-to-date: /home/rinav/ros2_ws/install/rviz_rendering/share/rviz_rendering/ogre_media/materials/glsl120/include/pack_depth.frag
[1.212s] -- Up-to-date: /home/rinav/ros2_ws/install/rviz_rendering/share/rviz_rendering/ogre_media/materials/glsl120/include/pass_depth.vert
[1.212s] -- Up-to-date: /home/rinav/ros2_ws/install/rviz_rendering/share/rviz_rendering/ogre_media/materials/glsl120/shaded_circle.frag
[1.212s] -- Up-to-date: /home/rinav/ros2_ws/install/rviz_rendering/share/rviz_rendering/ogre_media/materials/glsl120/point.vert
[1.212s] -- Up-to-date: /home/rinav/ros2_ws/install/rviz_rendering/share/rviz_rendering/ogre_media/materials/glsl120/pass_color.frag
[1.212s] -- Up-to-date: /home/rinav/ros2_ws/install/rviz_rendering/share/rviz_rendering/ogre_media/materials/glsl120/test_glsl.sh
[1.212s] -- Up-to-date: /home/rinav/ros2_ws/install/rviz_rendering/share/rviz_rendering/ogre_media/materials/glsl120/depth_circle.frag
[1.212s] -- Up-to-date: /home/rinav/ros2_ws/install/rviz_rendering/share/rviz_rendering/ogre_media/materials/glsl120/pickcolor.frag
[1.212s] -- Up-to-date: /home/rinav/ros2_ws/install/rviz_rendering/share/rviz_rendering/ogre_media/materials/glsl120/flat_color_circle.frag
[1.212s] -- Up-to-date: /home/rinav/ros2_ws/install/rviz_rendering/share/rviz_rendering/ogre_media/materials/glsl120/glsl120.program
[1.212s] -- Up-to-date: /home/rinav/ros2_ws/install/rviz_rendering/share/rviz_rendering/ogre_media/materials/glsl120/pass_color_circle.frag
[1.212s] -- Up-to-date: /home/rinav/ros2_ws/install/rviz_rendering/share/rviz_rendering/ogre_media/materials/glsl120/indexed_8bit_image.vert
[1.213s] -- Up-to-date: /home/rinav/ros2_ws/install/rviz_rendering/share/rviz_rendering/ogre_media/materials/glsl120/depth.frag
[1.213s] -- Up-to-date: /home/rinav/ros2_ws/install/rviz_rendering/share/rviz_rendering/ogre_media/materials/glsl120/flat_color.frag
[1.213s] -- Up-to-date: /home/rinav/ros2_ws/install/rviz_rendering/share/rviz_rendering/ogre_media/materials/glsl120/smooth_square.frag
[1.213s] -- Up-to-date: /home/rinav/ros2_ws/install/rviz_rendering/share/rviz_rendering/ogre_media/materials/glsl120/nogp
[1.213s] -- Up-to-date: /home/rinav/ros2_ws/install/rviz_rendering/share/rviz_rendering/ogre_media/materials/glsl120/nogp/billboard_tile.vert
[1.213s] -- Up-to-date: /home/rinav/ros2_ws/install/rviz_rendering/share/rviz_rendering/ogre_media/materials/glsl120/nogp/box.vert
[1.213s] -- Up-to-date: /home/rinav/ros2_ws/install/rviz_rendering/share/rviz_rendering/ogre_media/materials/glsl120/nogp/nogp.program
[1.213s] -- Up-to-date: /home/rinav/ros2_ws/install/rviz_rendering/share/rviz_rendering/ogre_media/materials/glsl120/nogp/billboard.vert
[1.213s] -- Up-to-date: /home/rinav/ros2_ws/install/rviz_rendering/share/rviz_rendering/ogre_media/materials/glsl120/nogp/box.frag
[1.213s] -- Up-to-date: /home/rinav/ros2_ws/install/rviz_rendering/share/rviz_rendering/ogre_media/materials/glsl120/depth.vert
[1.213s] -- Up-to-date: /home/rinav/ros2_ws/install/rviz_rendering/share/rviz_rendering/ogre_media/materials/glsl120/black.frag
[1.213s] -- Up-to-date: /home/rinav/ros2_ws/install/rviz_rendering/share/rviz_rendering/ogre_media/materials/scripts150
[1.213s] -- Up-to-date: /home/rinav/ros2_ws/install/rviz_rendering/share/rviz_rendering/ogre_media/materials/scripts150/point_cloud_square.material
[1.213s] -- Up-to-date: /home/rinav/ros2_ws/install/rviz_rendering/share/rviz_rendering/ogre_media/materials/scripts150/point_cloud_flat_square.material
[1.213s] -- Up-to-date: /home/rinav/ros2_ws/install/rviz_rendering/share/rviz_rendering/ogre_media/materials/scripts150/point_cloud_sphere.material
[1.213s] -- Up-to-date: /home/rinav/ros2_ws/install/rviz_rendering/share/rviz_rendering/ogre_media/materials/scripts150/point_cloud_box.material
[1.213s] -- Up-to-date: /home/rinav/ros2_ws/install/rviz_rendering/share/rviz_rendering/ogre_media/materials/scripts120
[1.213s] -- Up-to-date: /home/rinav/ros2_ws/install/rviz_rendering/share/rviz_rendering/ogre_media/materials/scripts120/point_cloud_square.material
[1.213s] -- Up-to-date: /home/rinav/ros2_ws/install/rviz_rendering/share/rviz_rendering/ogre_media/materials/scripts120/point_cloud_flat_square.material
[1.213s] -- Up-to-date: /home/rinav/ros2_ws/install/rviz_rendering/share/rviz_rendering/ogre_media/materials/scripts120/point_cloud_sphere.material
[1.213s] -- Up-to-date: /home/rinav/ros2_ws/install/rviz_rendering/share/rviz_rendering/ogre_media/materials/scripts120/point_cloud_box.material
[1.213s] -- Up-to-date: /home/rinav/ros2_ws/install/rviz_rendering/share/rviz_rendering/ogre_media/fonts
[1.213s] -- Up-to-date: /home/rinav/ros2_ws/install/rviz_rendering/share/rviz_rendering/ogre_media/fonts/liberation_sans.fontdef
[1.213s] -- Up-to-date: /home/rinav/ros2_ws/install/rviz_rendering/share/rviz_rendering/ogre_media/fonts/README.md
[1.213s] -- Up-to-date: /home/rinav/ros2_ws/install/rviz_rendering/share/rviz_rendering/ogre_media/fonts/liberation-sans
[1.214s] -- Up-to-date: /home/rinav/ros2_ws/install/rviz_rendering/share/rviz_rendering/ogre_media/fonts/liberation-sans/LiberationSans-BoldItalic.ttf
[1.214s] -- Up-to-date: /home/rinav/ros2_ws/install/rviz_rendering/share/rviz_rendering/ogre_media/fonts/liberation-sans/LiberationSans-Italic.ttf
[1.214s] -- Up-to-date: /home/rinav/ros2_ws/install/rviz_rendering/share/rviz_rendering/ogre_media/fonts/liberation-sans/LiberationSans-Regular.ttf
[1.214s] -- Up-to-date: /home/rinav/ros2_ws/install/rviz_rendering/share/rviz_rendering/ogre_media/fonts/liberation-sans/SIL Open Font License.txt
[1.214s] -- Up-to-date: /home/rinav/ros2_ws/install/rviz_rendering/share/rviz_rendering/ogre_media/fonts/liberation-sans/LiberationSans-Bold.ttf
[1.214s] -- Up-to-date: /home/rinav/ros2_ws/install/rviz_rendering/share/rviz_rendering/ogre_media/models
[1.214s] -- Up-to-date: /home/rinav/ros2_ws/install/rviz_rendering/share/rviz_rendering/ogre_media/models/rviz_cylinder.mesh
[1.214s] -- Up-to-date: /home/rinav/ros2_ws/install/rviz_rendering/share/rviz_rendering/ogre_media/models/rviz_cube.mesh
[1.214s] -- Up-to-date: /home/rinav/ros2_ws/install/rviz_rendering/share/rviz_rendering/ogre_media/models/rviz_cone.mesh
[1.214s] -- Up-to-date: /home/rinav/ros2_ws/install/rviz_rendering/share/rviz_rendering/ogre_media/models/rviz_sphere.mesh
[1.214s] -- Up-to-date: /home/rinav/ros2_ws/install/rviz_rendering/share/rviz_rendering/ogre_media/textures
[1.214s] -- Up-to-date: /home/rinav/ros2_ws/install/rviz_rendering/share/rviz_rendering/ogre_media/textures/test_20x20.png
[1.214s] -- Up-to-date: /home/rinav/ros2_ws/install/rviz_rendering/share/rviz_rendering/ogre_media/textures/no_image.png
[1.214s] -- Up-to-date: /home/rinav/ros2_ws/install/rviz_rendering/share/rviz_rendering/ogre_media/plugins.cfg
[1.214s] -- Up-to-date: /home/rinav/ros2_ws/install/rviz_rendering/share/ament_index/resource_index/package_run_dependencies/rviz_rendering
[1.214s] -- Up-to-date: /home/rinav/ros2_ws/install/rviz_rendering/share/ament_index/resource_index/parent_prefix_path/rviz_rendering
[1.214s] -- Up-to-date: /home/rinav/ros2_ws/install/rviz_rendering/share/rviz_rendering/environment/ament_prefix_path.sh
[1.214s] -- Up-to-date: /home/rinav/ros2_ws/install/rviz_rendering/share/rviz_rendering/environment/ament_prefix_path.dsv
[1.214s] -- Up-to-date: /home/rinav/ros2_ws/install/rviz_rendering/share/rviz_rendering/environment/path.sh
[1.214s] -- Up-to-date: /home/rinav/ros2_ws/install/rviz_rendering/share/rviz_rendering/environment/path.dsv
[1.214s] -- Up-to-date: /home/rinav/ros2_ws/install/rviz_rendering/share/rviz_rendering/local_setup.bash
[1.214s] -- Up-to-date: /home/rinav/ros2_ws/install/rviz_rendering/share/rviz_rendering/local_setup.sh
[1.214s] -- Up-to-date: /home/rinav/ros2_ws/install/rviz_rendering/share/rviz_rendering/local_setup.zsh
[1.214s] -- Up-to-date: /home/rinav/ros2_ws/install/rviz_rendering/share/rviz_rendering/local_setup.dsv
[1.214s] -- Installing: /home/rinav/ros2_ws/install/rviz_rendering/share/rviz_rendering/package.dsv
[1.215s] -- Up-to-date: /home/rinav/ros2_ws/install/rviz_rendering/share/ament_index/resource_index/packages/rviz_rendering
[1.215s] -- Up-to-date: /home/rinav/ros2_ws/install/rviz_rendering/share/rviz_rendering/cmake/rviz_renderingExport.cmake
[1.215s] -- Up-to-date: /home/rinav/ros2_ws/install/rviz_rendering/share/rviz_rendering/cmake/rviz_renderingExport-noconfig.cmake
[1.215s] -- Up-to-date: /home/rinav/ros2_ws/install/rviz_rendering/share/rviz_rendering/cmake/rviz_rendering-extras.cmake
[1.215s] -- Up-to-date: /home/rinav/ros2_ws/install/rviz_rendering/share/rviz_rendering/cmake/register_rviz_ogre_media_exports_hook-extras.cmake
[1.215s] -- Up-to-date: /home/rinav/ros2_ws/install/rviz_rendering/share/rviz_rendering/cmake/register_rviz_ogre_media_exports.cmake
[1.215s] -- Up-to-date: /home/rinav/ros2_ws/install/rviz_rendering/share/rviz_rendering/cmake/ament_cmake_export_dependencies-extras.cmake
[1.215s] -- Up-to-date: /home/rinav/ros2_ws/install/rviz_rendering/share/rviz_rendering/cmake/ament_cmake_export_include_directories-extras.cmake
[1.215s] -- Up-to-date: /home/rinav/ros2_ws/install/rviz_rendering/share/rviz_rendering/cmake/ament_cmake_export_libraries-extras.cmake
[1.215s] -- Up-to-date: /home/rinav/ros2_ws/install/rviz_rendering/share/rviz_rendering/cmake/ament_cmake_export_targets-extras.cmake
[1.215s] -- Up-to-date: /home/rinav/ros2_ws/install/rviz_rendering/share/rviz_rendering/cmake/rviz_renderingConfig.cmake
[1.215s] -- Up-to-date: /home/rinav/ros2_ws/install/rviz_rendering/share/rviz_rendering/cmake/rviz_renderingConfig-version.cmake
[1.215s] -- Up-to-date: /home/rinav/ros2_ws/install/rviz_rendering/share/rviz_rendering/package.xml
[1.243s] Invoked command in '/home/rinav/ros2_ws/build/rviz_rendering' returned '0': CMAKE_PREFIX_PATH=/home/rinav/ros2_ws/install/rviz_ogre_vendor:/home/rinav/ros2_ws/install/rviz_assimp_vendor:/home/rinav/ros2_ws/install/ur:/home/rinav/ros2_ws/install/ur_calibration:/home/rinav/ros2_ws/install/ur_robot_driver:/home/rinav/ros2_ws/install/ur_moveit_config:/home/rinav/ros2_ws/install/ur_bringup:/home/rinav/ros2_ws/install/ur_description:/home/rinav/ros2_ws/install/ur_controllers:/home/rinav/ros2_ws/install/ur_dashboard_msgs:/home/rinav/ros2_ws/install/turtlesim:/home/rinav/ros2_ws/install/pilz_industrial_motion_planner_testutils:/home/rinav/ros2_ws/install/moveit_ros_control_interface:/home/rinav/ros2_ws/install/moveit_plugins:/home/rinav/ros2_ws/install/husky_ur3_moveit_config:/home/rinav/ros2_ws/install/moveit_simple_controller_manager:/home/rinav/ros2_ws/install/moveit_ros_planning:/home/rinav/ros2_ws/install/moveit_ros_occupancy_map_monitor:/home/rinav/ros2_ws/install/moveit_resources_prbt_ikfast_manipulator_plugin:/home/rinav/ros2_ws/install/moveit_planners_chomp:/home/rinav/ros2_ws/install/moveit_chomp_optimizer_adapter:/home/rinav/ros2_ws/install/chomp_motion_planner:/home/rinav/ros2_ws/install/moveit_core:/home/rinav/ros2_ws/install/srdfdom:/home/rinav/ros2_ws/install/rviz_visual_testing_framework:/home/rinav/ros2_ws/install/rviz_rendering_tests:/home/rinav/ros2_ws/install/husky_desktop:/home/rinav/ros2_ws/install/husky_viz:/home/rinav/ros2_ws/install/rviz2:/home/rinav/ros2_ws/install/rviz_default_plugins:/home/rinav/ros2_ws/install/rviz_common:/home/rinav/ros2_ws/install/rviz_rendering:/home/rinav/ros2_ws/install/rviz_marker_tools:/home/rinav/ros2_ws/install/rosparam_shortcuts:/home/rinav/ros2_ws/install/robotis_manipulator:/home/rinav/ros2_ws/install/moveit_task_constructor_msgs:/home/rinav/ros2_ws/install/moveit_resources_prbt_support:/home/rinav/ros2_ws/install/moveit_resources:/home/rinav/ros2_ws/install/moveit_resources_pr2_description:/home/rinav/ros2_ws/install/moveit_resources_panda_moveit_config:/home/rinav/ros2_ws/install/moveit_resources_panda_description:/home/rinav/ros2_ws/install/moveit_resources_fanuc_moveit_config:/home/rinav/ros2_ws/install/moveit_resources_fanuc_description:/home/rinav/ros2_ws/install/moveit_common:/home/rinav/ros2_ws/install/husky_ur3_ignition:/home/rinav/ros2_ws/install/husky_simulator:/home/rinav/ros2_ws/install/husky_robot:/home/rinav/ros2_ws/install/husky_bringup:/home/rinav/ros2_ws/install/husky_base:/home/rinav/ros2_ws/install/husky_msgs:/home/rinav/ros2_ws/install/husky_gazebo:/home/rinav/ros2_ws/install/husky_control:/home/rinav/ros2_ws/install/husky_description:/home/rinav/ros2_ws/src/rviz/install:/home/rinav/ros2_ws/install/trial_package:/home/rinav/ros2_ws/install/moveit_configs_utils:/home/rinav/ros2_ws/install/py_srvcli:/home/rinav/ros2_ws/install/py_pubsub:/home/rinav/ros2_ws/install/mobile_robotics:/home/rinav/ros2_ws/install/launch_param_builder:/opt/ros/humble /usr/bin/cmake --install /home/rinav/ros2_ws/build/rviz_rendering
