[0.028s] Invoking command in '/home/rinav/ros2_ws/build/srdfdom': CMAKE_PREFIX_PATH=${CMAKE_PREFIX_PATH}:/home/rinav/ros2_ws/install/trial_package:/home/rinav/ros2_ws/install/moveit_configs_utils:/home/rinav/ros2_ws/install/py_srvcli:/home/rinav/ros2_ws/install/py_pubsub:/home/rinav/ros2_ws/install/mobile_robotics:/home/rinav/ros2_ws/install/launch_param_builder:/opt/ros/humble /usr/bin/cmake --build /home/rinav/ros2_ws/build/srdfdom -- -j8 -l8
[0.100s] [35m[1mConsolidate compiler generated dependencies of target gtest_main[0m
[0.112s] [35m[1mConsolidate compiler generated dependencies of target srdfdom[0m
[0.118s] [ 18%] Built target gtest_main
[0.140s] [35m[1mConsolidate compiler generated dependencies of target gtest[0m
[0.145s] [ 36%] Built target gtest
[0.152s] [ 36%] Built target ament_cmake_python_copy_srdfdom
[0.153s] [ 63%] Built target srdfdom
[0.173s] [35m[1mConsolidate compiler generated dependencies of target test_cpp_nl_NL.UTF-8[0m
[0.176s] [35m[1mConsolidate compiler generated dependencies of target test_cpp_C[0m
[0.183s] [ 81%] Built target test_cpp_nl_NL.UTF-8
[0.190s] [100%] Built target test_cpp_C
[0.371s] running egg_info
[0.372s] writing srdfdom.egg-info/PKG-INFO
[0.372s] writing dependency_links to srdfdom.egg-info/dependency_links.txt
[0.372s] writing top-level names to srdfdom.egg-info/top_level.txt
[0.373s] reading manifest file 'srdfdom.egg-info/SOURCES.txt'
[0.374s] writing manifest file 'srdfdom.egg-info/SOURCES.txt'
[0.435s] [100%] Built target ament_cmake_python_build_srdfdom_egg
[0.490s] Invoked command in '/home/rinav/ros2_ws/build/srdfdom' returned '0': CMAKE_PREFIX_PATH=${CMAKE_PREFIX_PATH}:/home/rinav/ros2_ws/install/trial_package:/home/rinav/ros2_ws/install/moveit_configs_utils:/home/rinav/ros2_ws/install/py_srvcli:/home/rinav/ros2_ws/install/py_pubsub:/home/rinav/ros2_ws/install/mobile_robotics:/home/rinav/ros2_ws/install/launch_param_builder:/opt/ros/humble /usr/bin/cmake --build /home/rinav/ros2_ws/build/srdfdom -- -j8 -l8
[0.495s] Invoking command in '/home/rinav/ros2_ws/build/srdfdom': CMAKE_PREFIX_PATH=${CMAKE_PREFIX_PATH}:/home/rinav/ros2_ws/install/trial_package:/home/rinav/ros2_ws/install/moveit_configs_utils:/home/rinav/ros2_ws/install/py_srvcli:/home/rinav/ros2_ws/install/py_pubsub:/home/rinav/ros2_ws/install/mobile_robotics:/home/rinav/ros2_ws/install/launch_param_builder:/opt/ros/humble /usr/bin/cmake --install /home/rinav/ros2_ws/build/srdfdom
[0.509s] -- Install configuration: ""
[0.510s] -- Up-to-date: /home/rinav/ros2_ws/install/srdfdom/lib/libsrdfdom.so.2.0.8
[0.510s] -- Up-to-date: /home/rinav/ros2_ws/install/srdfdom/lib/libsrdfdom.so
[0.510s] -- Up-to-date: /home/rinav/ros2_ws/install/srdfdom/include/srdfdom
[0.510s] -- Up-to-date: /home/rinav/ros2_ws/install/srdfdom/include/srdfdom/srdfdom
[0.510s] -- Up-to-date: /home/rinav/ros2_ws/install/srdfdom/include/srdfdom/srdfdom/model.h
[0.511s] -- Up-to-date: /home/rinav/ros2_ws/install/srdfdom/include/srdfdom/srdfdom/srdf_writer.h
[0.511s] -- Up-to-date: /home/rinav/ros2_ws/install/srdfdom/include/srdfdom/srdfdom/visibility_control.h
[0.511s] -- Up-to-date: /home/rinav/ros2_ws/install/srdfdom/lib/srdfdom/display_srdf
[0.511s] -- Up-to-date: /home/rinav/ros2_ws/install/srdfdom/share/srdfdom/environment/pythonpath.sh
[0.511s] -- Up-to-date: /home/rinav/ros2_ws/install/srdfdom/share/srdfdom/environment/pythonpath.dsv
[0.511s] -- Up-to-date: /home/rinav/ros2_ws/install/srdfdom/local/lib/python3.10/dist-packages/srdfdom-2.0.8-py3.10.egg-info
[0.511s] -- Installing: /home/rinav/ros2_ws/install/srdfdom/local/lib/python3.10/dist-packages/srdfdom-2.0.8-py3.10.egg-info/dependency_links.txt
[0.511s] -- Installing: /home/rinav/ros2_ws/install/srdfdom/local/lib/python3.10/dist-packages/srdfdom-2.0.8-py3.10.egg-info/PKG-INFO
[0.511s] -- Installing: /home/rinav/ros2_ws/install/srdfdom/local/lib/python3.10/dist-packages/srdfdom-2.0.8-py3.10.egg-info/top_level.txt
[0.511s] -- Installing: /home/rinav/ros2_ws/install/srdfdom/local/lib/python3.10/dist-packages/srdfdom-2.0.8-py3.10.egg-info/SOURCES.txt
[0.511s] -- Up-to-date: /home/rinav/ros2_ws/install/srdfdom/local/lib/python3.10/dist-packages/srdfdom
[0.511s] -- Up-to-date: /home/rinav/ros2_ws/install/srdfdom/local/lib/python3.10/dist-packages/srdfdom/srdf.py
[0.511s] -- Up-to-date: /home/rinav/ros2_ws/install/srdfdom/local/lib/python3.10/dist-packages/srdfdom/__init__.py
[0.540s] Listing '/home/rinav/ros2_ws/install/srdfdom/local/lib/python3.10/dist-packages/srdfdom'...
[0.542s] -- Up-to-date: /home/rinav/ros2_ws/install/srdfdom/share/srdfdom/environment/library_path.sh
[0.542s] -- Up-to-date: /home/rinav/ros2_ws/install/srdfdom/share/srdfdom/environment/library_path.dsv
[0.542s] -- Up-to-date: /home/rinav/ros2_ws/install/srdfdom/share/ament_index/resource_index/package_run_dependencies/srdfdom
[0.542s] -- Up-to-date: /home/rinav/ros2_ws/install/srdfdom/share/ament_index/resource_index/parent_prefix_path/srdfdom
[0.542s] -- Up-to-date: /home/rinav/ros2_ws/install/srdfdom/share/srdfdom/environment/ament_prefix_path.sh
[0.542s] -- Up-to-date: /home/rinav/ros2_ws/install/srdfdom/share/srdfdom/environment/ament_prefix_path.dsv
[0.542s] -- Up-to-date: /home/rinav/ros2_ws/install/srdfdom/share/srdfdom/environment/path.sh
[0.542s] -- Up-to-date: /home/rinav/ros2_ws/install/srdfdom/share/srdfdom/environment/path.dsv
[0.542s] -- Up-to-date: /home/rinav/ros2_ws/install/srdfdom/share/srdfdom/local_setup.bash
[0.542s] -- Up-to-date: /home/rinav/ros2_ws/install/srdfdom/share/srdfdom/local_setup.sh
[0.542s] -- Up-to-date: /home/rinav/ros2_ws/install/srdfdom/share/srdfdom/local_setup.zsh
[0.542s] -- Up-to-date: /home/rinav/ros2_ws/install/srdfdom/share/srdfdom/local_setup.dsv
[0.542s] -- Installing: /home/rinav/ros2_ws/install/srdfdom/share/srdfdom/package.dsv
[0.543s] -- Up-to-date: /home/rinav/ros2_ws/install/srdfdom/share/ament_index/resource_index/packages/srdfdom
[0.544s] -- Up-to-date: /home/rinav/ros2_ws/install/srdfdom/share/srdfdom/cmake/srdfdomTargetsExport.cmake
[0.544s] -- Up-to-date: /home/rinav/ros2_ws/install/srdfdom/share/srdfdom/cmake/srdfdomTargetsExport-noconfig.cmake
[0.544s] -- Up-to-date: /home/rinav/ros2_ws/install/srdfdom/share/srdfdom/cmake/ament_cmake_export_targets-extras.cmake
[0.544s] -- Up-to-date: /home/rinav/ros2_ws/install/srdfdom/share/srdfdom/cmake/ament_cmake_export_dependencies-extras.cmake
[0.544s] -- Up-to-date: /home/rinav/ros2_ws/install/srdfdom/share/srdfdom/cmake/srdfdomConfig.cmake
[0.544s] -- Up-to-date: /home/rinav/ros2_ws/install/srdfdom/share/srdfdom/cmake/srdfdomConfig-version.cmake
[0.544s] -- Up-to-date: /home/rinav/ros2_ws/install/srdfdom/share/srdfdom/package.xml
[0.563s] Invoked command in '/home/rinav/ros2_ws/build/srdfdom' returned '0': CMAKE_PREFIX_PATH=${CMAKE_PREFIX_PATH}:/home/rinav/ros2_ws/install/trial_package:/home/rinav/ros2_ws/install/moveit_configs_utils:/home/rinav/ros2_ws/install/py_srvcli:/home/rinav/ros2_ws/install/py_pubsub:/home/rinav/ros2_ws/install/mobile_robotics:/home/rinav/ros2_ws/install/launch_param_builder:/opt/ros/humble /usr/bin/cmake --install /home/rinav/ros2_ws/build/srdfdom
