[0.010s] Invoking command in '/home/rinav/ros2_ws/build/turtlesim': CMAKE_PREFIX_PATH=${CMAKE_PREFIX_PATH}:/opt/ros/humble:/home/rinav/ros2_ws/install/trial_package:/home/rinav/ros2_ws/install/py_srvcli:/home/rinav/ros2_ws/install/py_pubsub:/home/rinav/ros2_ws/install/mobile_robotics:/home/rinav/ros2_ws/install/launch_param_builder /usr/bin/cmake /home/rinav/ros2_ws/src/ros_tutorials/turtlesim -DCMAKE_INSTALL_PREFIX=/home/rinav/ros2_ws/install/turtlesim
[0.750s] -- The C compiler identification is GNU 11.4.0
[0.750s] -- The CXX compiler identification is GNU 11.4.0
[0.750s] -- Detecting C compiler ABI info
[0.750s] -- Detecting C compiler ABI info - done
[0.750s] -- Check for working C compiler: /usr/bin/cc - skipped
[0.750s] -- Detecting C compile features
[0.750s] -- Detecting C compile features - done
[0.750s] -- Detecting CXX compiler ABI info
[0.889s] -- Detecting CXX compiler ABI info - done
[0.897s] -- Check for working CXX compiler: /usr/bin/c++ - skipped
[0.897s] -- Detecting CXX compile features
[0.897s] -- Detecting CXX compile features - done
[0.914s] -- Found ament_cmake: 1.3.12 (/opt/ros/humble/share/ament_cmake/cmake)
[1.537s] -- Found Python3: /usr/bin/python3 (found version "3.10.12") found components: Interpreter 
[1.811s] -- Found ament_index_cpp: 1.4.0 (/opt/ros/humble/share/ament_index_cpp/cmake)
[1.841s] -- Found geometry_msgs: 4.9.0 (/opt/ros/humble/share/geometry_msgs/cmake)
[1.944s] -- Found rosidl_generator_c: 3.1.7 (/opt/ros/humble/share/rosidl_generator_c/cmake)
[1.951s] -- Found rosidl_adapter: 3.1.7 (/opt/ros/humble/share/rosidl_adapter/cmake)
[1.963s] -- Found rosidl_generator_cpp: 3.1.7 (/opt/ros/humble/share/rosidl_generator_cpp/cmake)
[1.976s] -- Using all available rosidl_typesupport_c: rosidl_typesupport_fastrtps_c;rosidl_typesupport_introspection_c
[1.995s] -- Using all available rosidl_typesupport_cpp: rosidl_typesupport_fastrtps_cpp;rosidl_typesupport_introspection_cpp
[2.070s] -- Found rclcpp: 16.0.15 (/opt/ros/humble/share/rclcpp/cmake)
[2.123s] -- Found rmw_implementation_cmake: 6.1.2 (/opt/ros/humble/share/rmw_implementation_cmake/cmake)
[2.123s] -- Found rmw_fastrtps_cpp: 6.2.8 (/opt/ros/humble/share/rmw_fastrtps_cpp/cmake)
[2.339s] -- Found OpenSSL: /usr/lib/aarch64-linux-gnu/libcrypto.so (found version "3.0.2")  
[2.398s] -- Found FastRTPS: /opt/ros/humble/include  
[2.521s] -- Using RMW implementation 'rmw_fastrtps_cpp' as default
[2.540s] -- Looking for pthread.h
[2.740s] -- Looking for pthread.h - found
[2.740s] -- Performing Test CMAKE_HAVE_LIBC_PTHREAD
[3.031s] -- Performing Test CMAKE_HAVE_LIBC_PTHREAD - Success
[3.036s] -- Found Threads: TRUE  
[3.112s] -- Found rclcpp_action: 16.0.15 (/opt/ros/humble/share/rclcpp_action/cmake)
[3.230s] -- Found rosidl_default_generators: 1.2.0 (/opt/ros/humble/share/rosidl_default_generators/cmake)
[3.256s] -- Found std_srvs: 4.9.0 (/opt/ros/humble/share/std_srvs/cmake)
[3.788s] -- Found ament_cmake_ros: 0.10.0 (/opt/ros/humble/share/ament_cmake_ros/cmake)
[4.375s] -- Using all available rosidl_typesupport_c: rosidl_typesupport_fastrtps_c;rosidl_typesupport_introspection_c
[4.591s] -- Using all available rosidl_typesupport_cpp: rosidl_typesupport_fastrtps_cpp;rosidl_typesupport_introspection_cpp
[4.630s] -- Found PythonInterp: /usr/bin/python3 (found suitable version "3.10.12", minimum required is "3.6") 
[4.633s] -- Found python_cmake_module: 0.10.0 (/opt/ros/humble/share/python_cmake_module/cmake)
[4.680s] -- Found PythonLibs: /usr/lib/aarch64-linux-gnu/libpython3.10.so (found suitable version "3.10.12", minimum required is "3.5") 
[4.681s] -- Using PYTHON_EXECUTABLE: /usr/bin/python3
[4.681s] -- Using PYTHON_INCLUDE_DIRS: /usr/include/python3.10
[4.681s] -- Using PYTHON_LIBRARIES: /usr/lib/aarch64-linux-gnu/libpython3.10.so
[4.721s] -- Found PythonExtra: .so  
[4.833s] -- Configuring done
[4.959s] -- Generating done
[4.995s] -- Build files have been written to: /home/rinav/ros2_ws/build/turtlesim
[5.018s] Invoked command in '/home/rinav/ros2_ws/build/turtlesim' returned '0': CMAKE_PREFIX_PATH=${CMAKE_PREFIX_PATH}:/opt/ros/humble:/home/rinav/ros2_ws/install/trial_package:/home/rinav/ros2_ws/install/py_srvcli:/home/rinav/ros2_ws/install/py_pubsub:/home/rinav/ros2_ws/install/mobile_robotics:/home/rinav/ros2_ws/install/launch_param_builder /usr/bin/cmake /home/rinav/ros2_ws/src/ros_tutorials/turtlesim -DCMAKE_INSTALL_PREFIX=/home/rinav/ros2_ws/install/turtlesim
[5.030s] Invoking command in '/home/rinav/ros2_ws/build/turtlesim': CMAKE_PREFIX_PATH=${CMAKE_PREFIX_PATH}:/opt/ros/humble:/home/rinav/ros2_ws/install/trial_package:/home/rinav/ros2_ws/install/py_srvcli:/home/rinav/ros2_ws/install/py_pubsub:/home/rinav/ros2_ws/install/mobile_robotics:/home/rinav/ros2_ws/install/launch_param_builder /usr/bin/cmake --build /home/rinav/ros2_ws/build/turtlesim -- -j8 -l8
[5.178s] [  1%] [34m[1mGenerating C code for ROS interfaces[0m
[5.179s] [  1%] Built target ament_cmake_python_copy_turtlesim
[5.184s] [  2%] [34m[1mGenerating C++ code for ROS interfaces[0m
[5.707s] running egg_info
[5.708s] creating turtlesim.egg-info
[5.709s] writing turtlesim.egg-info/PKG-INFO
[5.709s] writing dependency_links to turtlesim.egg-info/dependency_links.txt
[5.709s] writing top-level names to turtlesim.egg-info/top_level.txt
[5.710s] writing manifest file 'turtlesim.egg-info/SOURCES.txt'
[5.713s] reading manifest file 'turtlesim.egg-info/SOURCES.txt'
[5.714s] writing manifest file 'turtlesim.egg-info/SOURCES.txt'
[5.794s] [  2%] Built target ament_cmake_python_build_turtlesim_egg
[6.780s] [  2%] Built target turtlesim__cpp
[6.799s] [  3%] [34m[1mGenerating C++ type support dispatch for ROS interfaces[0m
[6.838s] [  4%] [34m[1mGenerating C++ type support for eProsima Fast-RTPS[0m
[6.848s] [  5%] [32mBuilding C object CMakeFiles/turtlesim__rosidl_generator_c.dir/rosidl_generator_c/turtlesim/action/detail/rotate_absolute__functions.c.o[0m
[6.849s] [  6%] [34m[1mGenerating C++ introspection for ROS interfaces[0m
[6.867s] [  7%] [32mBuilding C object CMakeFiles/turtlesim__rosidl_generator_c.dir/rosidl_generator_c/turtlesim/msg/detail/color__functions.c.o[0m
[6.894s] [  8%] [32mBuilding C object CMakeFiles/turtlesim__rosidl_generator_c.dir/rosidl_generator_c/turtlesim/msg/detail/pose__functions.c.o[0m
[6.972s] [  9%] [32mBuilding C object CMakeFiles/turtlesim__rosidl_generator_c.dir/rosidl_generator_c/turtlesim/srv/detail/kill__functions.c.o[0m
[6.977s] [ 10%] [32mBuilding C object CMakeFiles/turtlesim__rosidl_generator_c.dir/rosidl_generator_c/turtlesim/srv/detail/set_pen__functions.c.o[0m
[7.065s] [ 11%] [32mBuilding C object CMakeFiles/turtlesim__rosidl_generator_c.dir/rosidl_generator_c/turtlesim/srv/detail/spawn__functions.c.o[0m
[7.095s] [ 12%] [32mBuilding C object CMakeFiles/turtlesim__rosidl_generator_c.dir/rosidl_generator_c/turtlesim/srv/detail/teleport_absolute__functions.c.o[0m
[7.146s] [ 13%] [32mBuilding C object CMakeFiles/turtlesim__rosidl_generator_c.dir/rosidl_generator_c/turtlesim/srv/detail/teleport_relative__functions.c.o[0m
[7.313s] [ 14%] [32m[1mLinking C shared library libturtlesim__rosidl_generator_c.so[0m
[7.388s] [ 14%] Built target turtlesim__rosidl_generator_c
[7.420s] [ 15%] [34m[1mGenerating C type support for eProsima Fast-RTPS[0m
[7.447s] [ 16%] [34m[1mGenerating C introspection for ROS interfaces[0m
[7.476s] [ 17%] [34m[1mGenerating C type support dispatch for ROS interfaces[0m
[7.750s] [ 18%] [32mBuilding CXX object CMakeFiles/turtlesim__rosidl_typesupport_cpp.dir/rosidl_typesupport_cpp/turtlesim/action/rotate_absolute__type_support.cpp.o[0m
[7.755s] [ 19%] [32mBuilding CXX object CMakeFiles/turtlesim__rosidl_typesupport_cpp.dir/rosidl_typesupport_cpp/turtlesim/msg/color__type_support.cpp.o[0m
[7.770s] [ 20%] [32mBuilding CXX object CMakeFiles/turtlesim__rosidl_typesupport_cpp.dir/rosidl_typesupport_cpp/turtlesim/msg/pose__type_support.cpp.o[0m
[8.179s] [ 21%] [32mBuilding CXX object CMakeFiles/turtlesim__rosidl_typesupport_introspection_cpp.dir/rosidl_typesupport_introspection_cpp/turtlesim/action/detail/rotate_absolute__type_support.cpp.o[0m
[8.231s] [ 22%] [32mBuilding CXX object CMakeFiles/turtlesim__rosidl_typesupport_cpp.dir/rosidl_typesupport_cpp/turtlesim/srv/kill__type_support.cpp.o[0m
[8.302s] [ 23%] [32mBuilding CXX object CMakeFiles/turtlesim__rosidl_typesupport_fastrtps_cpp.dir/rosidl_typesupport_fastrtps_cpp/turtlesim/action/detail/dds_fastrtps/rotate_absolute__type_support.cpp.o[0m
[8.344s] [ 24%] [32mBuilding CXX object CMakeFiles/turtlesim__rosidl_typesupport_cpp.dir/rosidl_typesupport_cpp/turtlesim/srv/set_pen__type_support.cpp.o[0m
[8.576s] [ 25%] [32mBuilding CXX object CMakeFiles/turtlesim__rosidl_typesupport_c.dir/rosidl_typesupport_c/turtlesim/action/rotate_absolute__type_support.cpp.o[0m
[8.667s] [ 26%] [32mBuilding CXX object CMakeFiles/turtlesim__rosidl_typesupport_cpp.dir/rosidl_typesupport_cpp/turtlesim/srv/spawn__type_support.cpp.o[0m
[8.746s] [ 27%] [32mBuilding CXX object CMakeFiles/turtlesim__rosidl_typesupport_cpp.dir/rosidl_typesupport_cpp/turtlesim/srv/teleport_absolute__type_support.cpp.o[0m
[8.749s] [ 28%] [32mBuilding CXX object CMakeFiles/turtlesim__rosidl_typesupport_c.dir/rosidl_typesupport_c/turtlesim/msg/color__type_support.cpp.o[0m
[8.833s] [ 29%] [32mBuilding CXX object CMakeFiles/turtlesim__rosidl_typesupport_fastrtps_c.dir/rosidl_typesupport_fastrtps_c/turtlesim/action/detail/rotate_absolute__type_support_c.cpp.o[0m
[8.860s] [ 30%] [32mBuilding CXX object CMakeFiles/turtlesim__rosidl_typesupport_c.dir/rosidl_typesupport_c/turtlesim/msg/pose__type_support.cpp.o[0m
[8.934s] [ 31%] [32mBuilding CXX object CMakeFiles/turtlesim__rosidl_typesupport_c.dir/rosidl_typesupport_c/turtlesim/srv/kill__type_support.cpp.o[0m
[8.939s] [ 32%] [32mBuilding CXX object CMakeFiles/turtlesim__rosidl_typesupport_c.dir/rosidl_typesupport_c/turtlesim/srv/set_pen__type_support.cpp.o[0m
[8.976s] [ 33%] [32mBuilding CXX object CMakeFiles/turtlesim__rosidl_typesupport_fastrtps_cpp.dir/rosidl_typesupport_fastrtps_cpp/turtlesim/msg/detail/dds_fastrtps/color__type_support.cpp.o[0m
[9.039s] [ 34%] [32mBuilding CXX object CMakeFiles/turtlesim__rosidl_typesupport_c.dir/rosidl_typesupport_c/turtlesim/srv/spawn__type_support.cpp.o[0m
[9.072s] [ 35%] [32mBuilding CXX object CMakeFiles/turtlesim__rosidl_typesupport_c.dir/rosidl_typesupport_c/turtlesim/srv/teleport_absolute__type_support.cpp.o[0m
[9.075s] [ 36%] [32mBuilding CXX object CMakeFiles/turtlesim__rosidl_typesupport_cpp.dir/rosidl_typesupport_cpp/turtlesim/srv/teleport_relative__type_support.cpp.o[0m
[9.127s] [ 37%] [32mBuilding CXX object CMakeFiles/turtlesim__rosidl_typesupport_c.dir/rosidl_typesupport_c/turtlesim/srv/teleport_relative__type_support.cpp.o[0m
[9.128s] [ 38%] [32mBuilding CXX object CMakeFiles/turtlesim__rosidl_typesupport_fastrtps_cpp.dir/rosidl_typesupport_fastrtps_cpp/turtlesim/msg/detail/dds_fastrtps/pose__type_support.cpp.o[0m
[9.159s] [ 39%] [32mBuilding CXX object CMakeFiles/turtlesim__rosidl_typesupport_fastrtps_cpp.dir/rosidl_typesupport_fastrtps_cpp/turtlesim/srv/detail/dds_fastrtps/kill__type_support.cpp.o[0m
[9.198s] [ 40%] [32m[1mLinking CXX shared library libturtlesim__rosidl_typesupport_c.so[0m
[9.233s] [ 41%] [32mBuilding C object CMakeFiles/turtlesim__rosidl_typesupport_introspection_c.dir/rosidl_typesupport_introspection_c/turtlesim/action/detail/rotate_absolute__type_support.c.o[0m
[9.289s] [ 42%] [32mBuilding CXX object CMakeFiles/turtlesim__rosidl_typesupport_introspection_cpp.dir/rosidl_typesupport_introspection_cpp/turtlesim/msg/detail/color__type_support.cpp.o[0m
[9.340s] [ 42%] Built target turtlesim__rosidl_typesupport_c
[9.377s] [ 43%] [32mBuilding C object CMakeFiles/turtlesim__rosidl_typesupport_introspection_c.dir/rosidl_typesupport_introspection_c/turtlesim/msg/detail/color__type_support.c.o[0m
[9.408s] [ 44%] [32mBuilding C object CMakeFiles/turtlesim__rosidl_typesupport_introspection_c.dir/rosidl_typesupport_introspection_c/turtlesim/msg/detail/pose__type_support.c.o[0m
[9.497s] [ 45%] [32m[1mLinking CXX shared library libturtlesim__rosidl_typesupport_cpp.so[0m
[9.532s] [ 46%] [32mBuilding CXX object CMakeFiles/turtlesim__rosidl_typesupport_fastrtps_c.dir/rosidl_typesupport_fastrtps_c/turtlesim/msg/detail/color__type_support_c.cpp.o[0m
[9.532s] [ 47%] [32mBuilding C object CMakeFiles/turtlesim__rosidl_typesupport_introspection_c.dir/rosidl_typesupport_introspection_c/turtlesim/srv/detail/kill__type_support.c.o[0m
[9.548s] [ 48%] [32mBuilding C object CMakeFiles/turtlesim__rosidl_typesupport_introspection_c.dir/rosidl_typesupport_introspection_c/turtlesim/srv/detail/set_pen__type_support.c.o[0m
[9.588s] [ 49%] [32mBuilding C object CMakeFiles/turtlesim__rosidl_typesupport_introspection_c.dir/rosidl_typesupport_introspection_c/turtlesim/srv/detail/spawn__type_support.c.o[0m
[9.596s] [ 49%] Built target turtlesim__rosidl_typesupport_cpp
[9.618s] [ 50%] [32mBuilding C object CMakeFiles/turtlesim__rosidl_typesupport_introspection_c.dir/rosidl_typesupport_introspection_c/turtlesim/srv/detail/teleport_relative__type_support.c.o[0m
[9.619s] [ 51%] [32mBuilding CXX object CMakeFiles/turtlesim__rosidl_typesupport_fastrtps_cpp.dir/rosidl_typesupport_fastrtps_cpp/turtlesim/srv/detail/dds_fastrtps/spawn__type_support.cpp.o[0m
[9.619s] [ 52%] [32mBuilding CXX object CMakeFiles/turtlesim__rosidl_typesupport_fastrtps_cpp.dir/rosidl_typesupport_fastrtps_cpp/turtlesim/srv/detail/dds_fastrtps/set_pen__type_support.cpp.o[0m
[9.621s] [ 53%] [32mBuilding C object CMakeFiles/turtlesim__rosidl_typesupport_introspection_c.dir/rosidl_typesupport_introspection_c/turtlesim/srv/detail/teleport_absolute__type_support.c.o[0m
[9.647s] [ 54%] [34m[1mGenerating include/turtlesim/moc_turtle_frame.cpp[0m
[9.670s] [ 55%] [32mBuilding CXX object CMakeFiles/turtlesim__rosidl_typesupport_fastrtps_cpp.dir/rosidl_typesupport_fastrtps_cpp/turtlesim/srv/detail/dds_fastrtps/teleport_absolute__type_support.cpp.o[0m
[9.717s] [ 56%] [32m[1mLinking C shared library libturtlesim__rosidl_typesupport_introspection_c.so[0m
[9.770s] [ 57%] [32mBuilding CXX object CMakeFiles/turtle_teleop_key.dir/tutorials/teleop_turtle_key.cpp.o[0m
[9.853s] [ 57%] Built target turtlesim__rosidl_typesupport_introspection_c
[9.865s] [ 58%] [32mBuilding CXX object CMakeFiles/turtlesim_node.dir/src/turtlesim.cpp.o[0m
[9.967s] [ 59%] [32mBuilding CXX object CMakeFiles/turtlesim__rosidl_typesupport_introspection_cpp.dir/rosidl_typesupport_introspection_cpp/turtlesim/msg/detail/pose__type_support.cpp.o[0m
[9.997s] [ 60%] [32mBuilding CXX object CMakeFiles/draw_square.dir/tutorials/draw_square.cpp.o[0m
[10.004s] [ 61%] [32mBuilding CXX object CMakeFiles/turtlesim_node.dir/src/turtle.cpp.o[0m
[10.282s] [ 62%] [32mBuilding CXX object CMakeFiles/turtlesim__rosidl_typesupport_fastrtps_c.dir/rosidl_typesupport_fastrtps_c/turtlesim/msg/detail/pose__type_support_c.cpp.o[0m
[10.341s] [ 63%] [32mBuilding CXX object CMakeFiles/turtlesim__rosidl_typesupport_fastrtps_cpp.dir/rosidl_typesupport_fastrtps_cpp/turtlesim/srv/detail/dds_fastrtps/teleport_relative__type_support.cpp.o[0m
[10.480s] [ 64%] [32mBuilding CXX object CMakeFiles/turtlesim__rosidl_typesupport_introspection_cpp.dir/rosidl_typesupport_introspection_cpp/turtlesim/srv/detail/kill__type_support.cpp.o[0m
[10.801s] [ 65%] [32mBuilding CXX object CMakeFiles/turtlesim__rosidl_typesupport_fastrtps_c.dir/rosidl_typesupport_fastrtps_c/turtlesim/srv/detail/kill__type_support_c.cpp.o[0m
[10.853s] [ 66%] [32mBuilding CXX object CMakeFiles/turtlesim__rosidl_typesupport_introspection_cpp.dir/rosidl_typesupport_introspection_cpp/turtlesim/srv/detail/set_pen__type_support.cpp.o[0m
[10.873s] [ 67%] [32m[1mLinking CXX shared library libturtlesim__rosidl_typesupport_fastrtps_cpp.so[0m
[11.017s] [ 68%] [32mBuilding CXX object CMakeFiles/turtlesim__rosidl_typesupport_introspection_cpp.dir/rosidl_typesupport_introspection_cpp/turtlesim/srv/detail/spawn__type_support.cpp.o[0m
[11.065s] [ 68%] Built target turtlesim__rosidl_typesupport_fastrtps_cpp
[11.128s] [ 69%] [32mBuilding CXX object CMakeFiles/mimic.dir/tutorials/mimic.cpp.o[0m
[11.385s] [ 70%] [32mBuilding CXX object CMakeFiles/turtlesim__rosidl_typesupport_fastrtps_c.dir/rosidl_typesupport_fastrtps_c/turtlesim/srv/detail/set_pen__type_support_c.cpp.o[0m
[11.509s] [ 71%] [32mBuilding CXX object CMakeFiles/turtlesim__rosidl_typesupport_introspection_cpp.dir/rosidl_typesupport_introspection_cpp/turtlesim/srv/detail/teleport_absolute__type_support.cpp.o[0m
[11.639s] [ 72%] [32mBuilding CXX object CMakeFiles/turtlesim__rosidl_typesupport_introspection_cpp.dir/rosidl_typesupport_introspection_cpp/turtlesim/srv/detail/teleport_relative__type_support.cpp.o[0m
[11.825s] [ 73%] [32mBuilding CXX object CMakeFiles/turtlesim_node.dir/src/turtle_frame.cpp.o[0m
[11.912s] [ 74%] [32mBuilding CXX object CMakeFiles/turtlesim__rosidl_typesupport_fastrtps_c.dir/rosidl_typesupport_fastrtps_c/turtlesim/srv/detail/spawn__type_support_c.cpp.o[0m
[12.120s] [ 75%] [32m[1mLinking CXX shared library libturtlesim__rosidl_typesupport_introspection_cpp.so[0m
[12.352s] [ 75%] Built target turtlesim__rosidl_typesupport_introspection_cpp
[12.394s] [ 76%] [32mBuilding CXX object CMakeFiles/turtlesim__rosidl_typesupport_fastrtps_c.dir/rosidl_typesupport_fastrtps_c/turtlesim/srv/detail/teleport_absolute__type_support_c.cpp.o[0m
[12.405s] [ 77%] [32mBuilding CXX object CMakeFiles/turtlesim__rosidl_typesupport_fastrtps_c.dir/rosidl_typesupport_fastrtps_c/turtlesim/srv/detail/teleport_relative__type_support_c.cpp.o[0m
[13.057s] [ 78%] [32m[1mLinking CXX shared library libturtlesim__rosidl_typesupport_fastrtps_c.so[0m
[13.061s] [ 79%] [32mBuilding CXX object CMakeFiles/turtlesim_node.dir/include/turtlesim/moc_turtle_frame.cpp.o[0m
[13.312s] [ 79%] Built target turtlesim__rosidl_typesupport_fastrtps_c
[13.417s] [ 79%] Built target turtlesim
[13.547s] [ 80%] [34m[1mGenerating Python code for ROS interfaces[0m
[16.579s] [ 80%] Built target turtlesim__py
[16.624s] [ 81%] [32mBuilding C object CMakeFiles/turtlesim__rosidl_generator_py.dir/rosidl_generator_py/turtlesim/action/_rotate_absolute_s.c.o[0m
[16.812s] [ 82%] [32mBuilding C object CMakeFiles/turtlesim__rosidl_generator_py.dir/rosidl_generator_py/turtlesim/msg/_color_s.c.o[0m
[16.955s] [ 83%] [32mBuilding C object CMakeFiles/turtlesim__rosidl_generator_py.dir/rosidl_generator_py/turtlesim/msg/_pose_s.c.o[0m
[17.160s] [ 84%] [32mBuilding C object CMakeFiles/turtlesim__rosidl_generator_py.dir/rosidl_generator_py/turtlesim/srv/_kill_s.c.o[0m
[17.313s] [ 85%] [32mBuilding C object CMakeFiles/turtlesim__rosidl_generator_py.dir/rosidl_generator_py/turtlesim/srv/_set_pen_s.c.o[0m
[17.554s] [ 86%] [32mBuilding C object CMakeFiles/turtlesim__rosidl_generator_py.dir/rosidl_generator_py/turtlesim/srv/_spawn_s.c.o[0m
[17.612s] [ 87%] [32mBuilding C object CMakeFiles/turtlesim__rosidl_generator_py.dir/rosidl_generator_py/turtlesim/srv/_teleport_absolute_s.c.o[0m
[17.700s] [ 88%] [32mBuilding C object CMakeFiles/turtlesim__rosidl_generator_py.dir/rosidl_generator_py/turtlesim/srv/_teleport_relative_s.c.o[0m
[17.890s] [ 89%] [32m[1mLinking C shared library rosidl_generator_py/turtlesim/libturtlesim__rosidl_generator_py.so[0m
[17.990s] [ 89%] Built target turtlesim__rosidl_generator_py
[18.079s] [ 90%] [32mBuilding C object CMakeFiles/turtlesim__rosidl_typesupport_introspection_c__pyext.dir/rosidl_generator_py/turtlesim/_turtlesim_s.ep.rosidl_typesupport_introspection_c.c.o[0m
[18.104s] [ 91%] [32mBuilding C object CMakeFiles/turtlesim__rosidl_typesupport_fastrtps_c__pyext.dir/rosidl_generator_py/turtlesim/_turtlesim_s.ep.rosidl_typesupport_fastrtps_c.c.o[0m
[18.289s] [ 92%] [32m[1mLinking C shared library rosidl_generator_py/turtlesim/turtlesim_s__rosidl_typesupport_fastrtps_c.cpython-310-aarch64-linux-gnu.so[0m
[18.370s] [ 93%] [32m[1mLinking C shared library rosidl_generator_py/turtlesim/turtlesim_s__rosidl_typesupport_introspection_c.cpython-310-aarch64-linux-gnu.so[0m
[18.376s] [ 93%] Built target turtlesim__rosidl_typesupport_fastrtps_c__pyext
[18.466s] [ 93%] Built target turtlesim__rosidl_typesupport_introspection_c__pyext
[18.476s] [ 94%] [32mBuilding C object CMakeFiles/turtlesim__rosidl_typesupport_c__pyext.dir/rosidl_generator_py/turtlesim/_turtlesim_s.ep.rosidl_typesupport_c.c.o[0m
[18.686s] [ 95%] [32m[1mLinking C shared library rosidl_generator_py/turtlesim/turtlesim_s__rosidl_typesupport_c.cpython-310-aarch64-linux-gnu.so[0m
[18.711s] [ 96%] [32m[1mLinking CXX executable turtle_teleop_key[0m
[18.730s] [ 96%] Built target turtlesim__rosidl_typesupport_c__pyext
[18.925s] [ 96%] Built target turtle_teleop_key
[23.199s] [ 97%] [32m[1mLinking CXX executable mimic[0m
[23.612s] [ 97%] Built target mimic
[23.691s] [ 98%] [32m[1mLinking CXX executable draw_square[0m
[24.491s] [ 98%] Built target draw_square
[27.582s] [100%] [32m[1mLinking CXX executable turtlesim_node[0m
[29.559s] [100%] Built target turtlesim_node
[29.572s] Invoked command in '/home/rinav/ros2_ws/build/turtlesim' returned '0': CMAKE_PREFIX_PATH=${CMAKE_PREFIX_PATH}:/opt/ros/humble:/home/rinav/ros2_ws/install/trial_package:/home/rinav/ros2_ws/install/py_srvcli:/home/rinav/ros2_ws/install/py_pubsub:/home/rinav/ros2_ws/install/mobile_robotics:/home/rinav/ros2_ws/install/launch_param_builder /usr/bin/cmake --build /home/rinav/ros2_ws/build/turtlesim -- -j8 -l8
[29.572s] Invoking command in '/home/rinav/ros2_ws/build/turtlesim': CMAKE_PREFIX_PATH=${CMAKE_PREFIX_PATH}:/opt/ros/humble:/home/rinav/ros2_ws/install/trial_package:/home/rinav/ros2_ws/install/py_srvcli:/home/rinav/ros2_ws/install/py_pubsub:/home/rinav/ros2_ws/install/mobile_robotics:/home/rinav/ros2_ws/install/launch_param_builder /usr/bin/cmake --install /home/rinav/ros2_ws/build/turtlesim
[29.578s] -- Install configuration: ""
[29.578s] -- Installing: /home/rinav/ros2_ws/install/turtlesim/share/ament_index/resource_index/rosidl_interfaces/turtlesim
[29.578s] -- Installing: /home/rinav/ros2_ws/install/turtlesim/include/turtlesim/turtlesim
[29.578s] -- Installing: /home/rinav/ros2_ws/install/turtlesim/include/turtlesim/turtlesim/srv
[29.579s] -- Installing: /home/rinav/ros2_ws/install/turtlesim/include/turtlesim/turtlesim/srv/teleport_absolute.h
[29.579s] -- Installing: /home/rinav/ros2_ws/install/turtlesim/include/turtlesim/turtlesim/srv/detail
[29.579s] -- Installing: /home/rinav/ros2_ws/install/turtlesim/include/turtlesim/turtlesim/srv/detail/teleport_absolute__functions.c
[29.579s] -- Installing: /home/rinav/ros2_ws/install/turtlesim/include/turtlesim/turtlesim/srv/detail/kill__type_support.h
[29.579s] -- Installing: /home/rinav/ros2_ws/install/turtlesim/include/turtlesim/turtlesim/srv/detail/spawn__functions.h
[29.579s] -- Installing: /home/rinav/ros2_ws/install/turtlesim/include/turtlesim/turtlesim/srv/detail/spawn__type_support.h
[29.579s] -- Installing: /home/rinav/ros2_ws/install/turtlesim/include/turtlesim/turtlesim/srv/detail/teleport_relative__struct.h
[29.579s] -- Installing: /home/rinav/ros2_ws/install/turtlesim/include/turtlesim/turtlesim/srv/detail/kill__functions.c
[29.579s] -- Installing: /home/rinav/ros2_ws/install/turtlesim/include/turtlesim/turtlesim/srv/detail/set_pen__functions.c
[29.579s] -- Installing: /home/rinav/ros2_ws/install/turtlesim/include/turtlesim/turtlesim/srv/detail/set_pen__functions.h
[29.579s] -- Installing: /home/rinav/ros2_ws/install/turtlesim/include/turtlesim/turtlesim/srv/detail/spawn__functions.c
[29.579s] -- Installing: /home/rinav/ros2_ws/install/turtlesim/include/turtlesim/turtlesim/srv/detail/teleport_absolute__type_support.h
[29.579s] -- Installing: /home/rinav/ros2_ws/install/turtlesim/include/turtlesim/turtlesim/srv/detail/teleport_absolute__struct.h
[29.579s] -- Installing: /home/rinav/ros2_ws/install/turtlesim/include/turtlesim/turtlesim/srv/detail/spawn__struct.h
[29.580s] -- Installing: /home/rinav/ros2_ws/install/turtlesim/include/turtlesim/turtlesim/srv/detail/kill__functions.h
[29.580s] -- Installing: /home/rinav/ros2_ws/install/turtlesim/include/turtlesim/turtlesim/srv/detail/set_pen__type_support.h
[29.580s] -- Installing: /home/rinav/ros2_ws/install/turtlesim/include/turtlesim/turtlesim/srv/detail/set_pen__struct.h
[29.580s] -- Installing: /home/rinav/ros2_ws/install/turtlesim/include/turtlesim/turtlesim/srv/detail/teleport_relative__type_support.h
[29.580s] -- Installing: /home/rinav/ros2_ws/install/turtlesim/include/turtlesim/turtlesim/srv/detail/teleport_relative__functions.h
[29.580s] -- Installing: /home/rinav/ros2_ws/install/turtlesim/include/turtlesim/turtlesim/srv/detail/teleport_relative__functions.c
[29.580s] -- Installing: /home/rinav/ros2_ws/install/turtlesim/include/turtlesim/turtlesim/srv/detail/kill__struct.h
[29.580s] -- Installing: /home/rinav/ros2_ws/install/turtlesim/include/turtlesim/turtlesim/srv/detail/teleport_absolute__functions.h
[29.580s] -- Installing: /home/rinav/ros2_ws/install/turtlesim/include/turtlesim/turtlesim/srv/spawn.h
[29.580s] -- Installing: /home/rinav/ros2_ws/install/turtlesim/include/turtlesim/turtlesim/srv/kill.h
[29.580s] -- Installing: /home/rinav/ros2_ws/install/turtlesim/include/turtlesim/turtlesim/srv/teleport_relative.h
[29.580s] -- Installing: /home/rinav/ros2_ws/install/turtlesim/include/turtlesim/turtlesim/srv/set_pen.h
[29.580s] -- Installing: /home/rinav/ros2_ws/install/turtlesim/include/turtlesim/turtlesim/msg
[29.581s] -- Installing: /home/rinav/ros2_ws/install/turtlesim/include/turtlesim/turtlesim/msg/detail
[29.581s] -- Installing: /home/rinav/ros2_ws/install/turtlesim/include/turtlesim/turtlesim/msg/detail/pose__functions.h
[29.581s] -- Installing: /home/rinav/ros2_ws/install/turtlesim/include/turtlesim/turtlesim/msg/detail/pose__functions.c
[29.581s] -- Installing: /home/rinav/ros2_ws/install/turtlesim/include/turtlesim/turtlesim/msg/detail/color__type_support.h
[29.581s] -- Installing: /home/rinav/ros2_ws/install/turtlesim/include/turtlesim/turtlesim/msg/detail/color__functions.h
[29.581s] -- Installing: /home/rinav/ros2_ws/install/turtlesim/include/turtlesim/turtlesim/msg/detail/pose__type_support.h
[29.581s] -- Installing: /home/rinav/ros2_ws/install/turtlesim/include/turtlesim/turtlesim/msg/detail/pose__struct.h
[29.581s] -- Installing: /home/rinav/ros2_ws/install/turtlesim/include/turtlesim/turtlesim/msg/detail/color__struct.h
[29.581s] -- Installing: /home/rinav/ros2_ws/install/turtlesim/include/turtlesim/turtlesim/msg/detail/color__functions.c
[29.581s] -- Installing: /home/rinav/ros2_ws/install/turtlesim/include/turtlesim/turtlesim/msg/rosidl_generator_c__visibility_control.h
[29.581s] -- Installing: /home/rinav/ros2_ws/install/turtlesim/include/turtlesim/turtlesim/msg/pose.h
[29.581s] -- Installing: /home/rinav/ros2_ws/install/turtlesim/include/turtlesim/turtlesim/msg/color.h
[29.581s] -- Installing: /home/rinav/ros2_ws/install/turtlesim/include/turtlesim/turtlesim/action
[29.581s] -- Installing: /home/rinav/ros2_ws/install/turtlesim/include/turtlesim/turtlesim/action/detail
[29.581s] -- Installing: /home/rinav/ros2_ws/install/turtlesim/include/turtlesim/turtlesim/action/detail/rotate_absolute__struct.h
[29.581s] -- Installing: /home/rinav/ros2_ws/install/turtlesim/include/turtlesim/turtlesim/action/detail/rotate_absolute__functions.c
[29.582s] -- Installing: /home/rinav/ros2_ws/install/turtlesim/include/turtlesim/turtlesim/action/detail/rotate_absolute__type_support.h
[29.582s] -- Installing: /home/rinav/ros2_ws/install/turtlesim/include/turtlesim/turtlesim/action/detail/rotate_absolute__functions.h
[29.582s] -- Installing: /home/rinav/ros2_ws/install/turtlesim/include/turtlesim/turtlesim/action/rotate_absolute.h
[29.582s] -- Installing: /home/rinav/ros2_ws/install/turtlesim/share/turtlesim/environment/library_path.sh
[29.582s] -- Installing: /home/rinav/ros2_ws/install/turtlesim/share/turtlesim/environment/library_path.dsv
[29.582s] -- Installing: /home/rinav/ros2_ws/install/turtlesim/lib/libturtlesim__rosidl_generator_c.so
[29.582s] -- Set runtime path of "/home/rinav/ros2_ws/install/turtlesim/lib/libturtlesim__rosidl_generator_c.so" to ""
[29.582s] -- Up-to-date: /home/rinav/ros2_ws/install/turtlesim/include/turtlesim/turtlesim
[29.582s] -- Up-to-date: /home/rinav/ros2_ws/install/turtlesim/include/turtlesim/turtlesim/srv
[29.582s] -- Up-to-date: /home/rinav/ros2_ws/install/turtlesim/include/turtlesim/turtlesim/srv/detail
[29.582s] -- Installing: /home/rinav/ros2_ws/install/turtlesim/include/turtlesim/turtlesim/srv/detail/kill__rosidl_typesupport_fastrtps_c.h
[29.582s] -- Installing: /home/rinav/ros2_ws/install/turtlesim/include/turtlesim/turtlesim/srv/detail/teleport_relative__rosidl_typesupport_fastrtps_c.h
[29.582s] -- Installing: /home/rinav/ros2_ws/install/turtlesim/include/turtlesim/turtlesim/srv/detail/set_pen__rosidl_typesupport_fastrtps_c.h
[29.583s] -- Installing: /home/rinav/ros2_ws/install/turtlesim/include/turtlesim/turtlesim/srv/detail/spawn__rosidl_typesupport_fastrtps_c.h
[29.583s] -- Installing: /home/rinav/ros2_ws/install/turtlesim/include/turtlesim/turtlesim/srv/detail/teleport_absolute__rosidl_typesupport_fastrtps_c.h
[29.583s] -- Up-to-date: /home/rinav/ros2_ws/install/turtlesim/include/turtlesim/turtlesim/msg
[29.583s] -- Up-to-date: /home/rinav/ros2_ws/install/turtlesim/include/turtlesim/turtlesim/msg/detail
[29.583s] -- Installing: /home/rinav/ros2_ws/install/turtlesim/include/turtlesim/turtlesim/msg/detail/color__rosidl_typesupport_fastrtps_c.h
[29.583s] -- Installing: /home/rinav/ros2_ws/install/turtlesim/include/turtlesim/turtlesim/msg/detail/pose__rosidl_typesupport_fastrtps_c.h
[29.583s] -- Installing: /home/rinav/ros2_ws/install/turtlesim/include/turtlesim/turtlesim/msg/rosidl_typesupport_fastrtps_c__visibility_control.h
[29.583s] -- Up-to-date: /home/rinav/ros2_ws/install/turtlesim/include/turtlesim/turtlesim/action
[29.583s] -- Up-to-date: /home/rinav/ros2_ws/install/turtlesim/include/turtlesim/turtlesim/action/detail
[29.583s] -- Installing: /home/rinav/ros2_ws/install/turtlesim/include/turtlesim/turtlesim/action/detail/rotate_absolute__rosidl_typesupport_fastrtps_c.h
[29.583s] -- Installing: /home/rinav/ros2_ws/install/turtlesim/lib/libturtlesim__rosidl_typesupport_fastrtps_c.so
[29.583s] -- Set runtime path of "/home/rinav/ros2_ws/install/turtlesim/lib/libturtlesim__rosidl_typesupport_fastrtps_c.so" to ""
[29.583s] -- Up-to-date: /home/rinav/ros2_ws/install/turtlesim/include/turtlesim/turtlesim
[29.583s] -- Up-to-date: /home/rinav/ros2_ws/install/turtlesim/include/turtlesim/turtlesim/srv
[29.583s] -- Installing: /home/rinav/ros2_ws/install/turtlesim/include/turtlesim/turtlesim/srv/kill.hpp
[29.583s] -- Up-to-date: /home/rinav/ros2_ws/install/turtlesim/include/turtlesim/turtlesim/srv/detail
[29.583s] -- Installing: /home/rinav/ros2_ws/install/turtlesim/include/turtlesim/turtlesim/srv/detail/spawn__traits.hpp
[29.583s] -- Installing: /home/rinav/ros2_ws/install/turtlesim/include/turtlesim/turtlesim/srv/detail/kill__type_support.hpp
[29.584s] -- Installing: /home/rinav/ros2_ws/install/turtlesim/include/turtlesim/turtlesim/srv/detail/teleport_relative__type_support.hpp
[29.584s] -- Installing: /home/rinav/ros2_ws/install/turtlesim/include/turtlesim/turtlesim/srv/detail/teleport_relative__builder.hpp
[29.584s] -- Installing: /home/rinav/ros2_ws/install/turtlesim/include/turtlesim/turtlesim/srv/detail/kill__struct.hpp
[29.584s] -- Installing: /home/rinav/ros2_ws/install/turtlesim/include/turtlesim/turtlesim/srv/detail/spawn__builder.hpp
[29.584s] -- Installing: /home/rinav/ros2_ws/install/turtlesim/include/turtlesim/turtlesim/srv/detail/teleport_absolute__builder.hpp
[29.584s] -- Installing: /home/rinav/ros2_ws/install/turtlesim/include/turtlesim/turtlesim/srv/detail/teleport_relative__traits.hpp
[29.584s] -- Installing: /home/rinav/ros2_ws/install/turtlesim/include/turtlesim/turtlesim/srv/detail/set_pen__traits.hpp
[29.584s] -- Installing: /home/rinav/ros2_ws/install/turtlesim/include/turtlesim/turtlesim/srv/detail/set_pen__type_support.hpp
[29.584s] -- Installing: /home/rinav/ros2_ws/install/turtlesim/include/turtlesim/turtlesim/srv/detail/kill__traits.hpp
[29.584s] -- Installing: /home/rinav/ros2_ws/install/turtlesim/include/turtlesim/turtlesim/srv/detail/set_pen__builder.hpp
[29.584s] -- Installing: /home/rinav/ros2_ws/install/turtlesim/include/turtlesim/turtlesim/srv/detail/spawn__struct.hpp
[29.584s] -- Installing: /home/rinav/ros2_ws/install/turtlesim/include/turtlesim/turtlesim/srv/detail/teleport_absolute__struct.hpp
[29.584s] -- Installing: /home/rinav/ros2_ws/install/turtlesim/include/turtlesim/turtlesim/srv/detail/set_pen__struct.hpp
[29.584s] -- Installing: /home/rinav/ros2_ws/install/turtlesim/include/turtlesim/turtlesim/srv/detail/kill__builder.hpp
[29.584s] -- Installing: /home/rinav/ros2_ws/install/turtlesim/include/turtlesim/turtlesim/srv/detail/spawn__type_support.hpp
[29.584s] -- Installing: /home/rinav/ros2_ws/install/turtlesim/include/turtlesim/turtlesim/srv/detail/teleport_absolute__type_support.hpp
[29.584s] -- Installing: /home/rinav/ros2_ws/install/turtlesim/include/turtlesim/turtlesim/srv/detail/teleport_absolute__traits.hpp
[29.584s] -- Installing: /home/rinav/ros2_ws/install/turtlesim/include/turtlesim/turtlesim/srv/detail/teleport_relative__struct.hpp
[29.584s] -- Installing: /home/rinav/ros2_ws/install/turtlesim/include/turtlesim/turtlesim/srv/spawn.hpp
[29.585s] -- Installing: /home/rinav/ros2_ws/install/turtlesim/include/turtlesim/turtlesim/srv/set_pen.hpp
[29.585s] -- Installing: /home/rinav/ros2_ws/install/turtlesim/include/turtlesim/turtlesim/srv/teleport_absolute.hpp
[29.585s] -- Installing: /home/rinav/ros2_ws/install/turtlesim/include/turtlesim/turtlesim/srv/teleport_relative.hpp
[29.585s] -- Up-to-date: /home/rinav/ros2_ws/install/turtlesim/include/turtlesim/turtlesim/msg
[29.585s] -- Up-to-date: /home/rinav/ros2_ws/install/turtlesim/include/turtlesim/turtlesim/msg/detail
[29.585s] -- Installing: /home/rinav/ros2_ws/install/turtlesim/include/turtlesim/turtlesim/msg/detail/color__traits.hpp
[29.585s] -- Installing: /home/rinav/ros2_ws/install/turtlesim/include/turtlesim/turtlesim/msg/detail/pose__struct.hpp
[29.585s] -- Installing: /home/rinav/ros2_ws/install/turtlesim/include/turtlesim/turtlesim/msg/detail/pose__type_support.hpp
[29.585s] -- Installing: /home/rinav/ros2_ws/install/turtlesim/include/turtlesim/turtlesim/msg/detail/color__type_support.hpp
[29.585s] -- Installing: /home/rinav/ros2_ws/install/turtlesim/include/turtlesim/turtlesim/msg/detail/pose__traits.hpp
[29.585s] -- Installing: /home/rinav/ros2_ws/install/turtlesim/include/turtlesim/turtlesim/msg/detail/color__struct.hpp
[29.585s] -- Installing: /home/rinav/ros2_ws/install/turtlesim/include/turtlesim/turtlesim/msg/detail/pose__builder.hpp
[29.585s] -- Installing: /home/rinav/ros2_ws/install/turtlesim/include/turtlesim/turtlesim/msg/detail/color__builder.hpp
[29.585s] -- Installing: /home/rinav/ros2_ws/install/turtlesim/include/turtlesim/turtlesim/msg/pose.hpp
[29.585s] -- Installing: /home/rinav/ros2_ws/install/turtlesim/include/turtlesim/turtlesim/msg/rosidl_generator_cpp__visibility_control.hpp
[29.585s] -- Installing: /home/rinav/ros2_ws/install/turtlesim/include/turtlesim/turtlesim/msg/color.hpp
[29.585s] -- Up-to-date: /home/rinav/ros2_ws/install/turtlesim/include/turtlesim/turtlesim/action
[29.586s] -- Up-to-date: /home/rinav/ros2_ws/install/turtlesim/include/turtlesim/turtlesim/action/detail
[29.586s] -- Installing: /home/rinav/ros2_ws/install/turtlesim/include/turtlesim/turtlesim/action/detail/rotate_absolute__struct.hpp
[29.586s] -- Installing: /home/rinav/ros2_ws/install/turtlesim/include/turtlesim/turtlesim/action/detail/rotate_absolute__type_support.hpp
[29.586s] -- Installing: /home/rinav/ros2_ws/install/turtlesim/include/turtlesim/turtlesim/action/detail/rotate_absolute__traits.hpp
[29.586s] -- Installing: /home/rinav/ros2_ws/install/turtlesim/include/turtlesim/turtlesim/action/detail/rotate_absolute__builder.hpp
[29.586s] -- Installing: /home/rinav/ros2_ws/install/turtlesim/include/turtlesim/turtlesim/action/rotate_absolute.hpp
[29.586s] -- Up-to-date: /home/rinav/ros2_ws/install/turtlesim/include/turtlesim/turtlesim
[29.586s] -- Up-to-date: /home/rinav/ros2_ws/install/turtlesim/include/turtlesim/turtlesim/srv
[29.586s] -- Up-to-date: /home/rinav/ros2_ws/install/turtlesim/include/turtlesim/turtlesim/srv/detail
[29.586s] -- Installing: /home/rinav/ros2_ws/install/turtlesim/include/turtlesim/turtlesim/srv/detail/dds_fastrtps
[29.586s] -- Installing: /home/rinav/ros2_ws/install/turtlesim/include/turtlesim/turtlesim/srv/detail/set_pen__rosidl_typesupport_fastrtps_cpp.hpp
[29.586s] -- Installing: /home/rinav/ros2_ws/install/turtlesim/include/turtlesim/turtlesim/srv/detail/spawn__rosidl_typesupport_fastrtps_cpp.hpp
[29.586s] -- Installing: /home/rinav/ros2_ws/install/turtlesim/include/turtlesim/turtlesim/srv/detail/teleport_absolute__rosidl_typesupport_fastrtps_cpp.hpp
[29.586s] -- Installing: /home/rinav/ros2_ws/install/turtlesim/include/turtlesim/turtlesim/srv/detail/kill__rosidl_typesupport_fastrtps_cpp.hpp
[29.586s] -- Installing: /home/rinav/ros2_ws/install/turtlesim/include/turtlesim/turtlesim/srv/detail/teleport_relative__rosidl_typesupport_fastrtps_cpp.hpp
[29.586s] -- Up-to-date: /home/rinav/ros2_ws/install/turtlesim/include/turtlesim/turtlesim/msg
[29.586s] -- Up-to-date: /home/rinav/ros2_ws/install/turtlesim/include/turtlesim/turtlesim/msg/detail
[29.586s] -- Installing: /home/rinav/ros2_ws/install/turtlesim/include/turtlesim/turtlesim/msg/detail/pose__rosidl_typesupport_fastrtps_cpp.hpp
[29.586s] -- Installing: /home/rinav/ros2_ws/install/turtlesim/include/turtlesim/turtlesim/msg/detail/dds_fastrtps
[29.586s] -- Installing: /home/rinav/ros2_ws/install/turtlesim/include/turtlesim/turtlesim/msg/detail/color__rosidl_typesupport_fastrtps_cpp.hpp
[29.587s] -- Installing: /home/rinav/ros2_ws/install/turtlesim/include/turtlesim/turtlesim/msg/rosidl_typesupport_fastrtps_cpp__visibility_control.h
[29.587s] -- Up-to-date: /home/rinav/ros2_ws/install/turtlesim/include/turtlesim/turtlesim/action
[29.587s] -- Up-to-date: /home/rinav/ros2_ws/install/turtlesim/include/turtlesim/turtlesim/action/detail
[29.587s] -- Installing: /home/rinav/ros2_ws/install/turtlesim/include/turtlesim/turtlesim/action/detail/rotate_absolute__rosidl_typesupport_fastrtps_cpp.hpp
[29.587s] -- Installing: /home/rinav/ros2_ws/install/turtlesim/include/turtlesim/turtlesim/action/detail/dds_fastrtps
[29.588s] -- Installing: /home/rinav/ros2_ws/install/turtlesim/lib/libturtlesim__rosidl_typesupport_fastrtps_cpp.so
[29.588s] -- Set runtime path of "/home/rinav/ros2_ws/install/turtlesim/lib/libturtlesim__rosidl_typesupport_fastrtps_cpp.so" to ""
[29.588s] -- Up-to-date: /home/rinav/ros2_ws/install/turtlesim/include/turtlesim/turtlesim
[29.588s] -- Up-to-date: /home/rinav/ros2_ws/install/turtlesim/include/turtlesim/turtlesim/srv
[29.588s] -- Up-to-date: /home/rinav/ros2_ws/install/turtlesim/include/turtlesim/turtlesim/srv/detail
[29.588s] -- Installing: /home/rinav/ros2_ws/install/turtlesim/include/turtlesim/turtlesim/srv/detail/set_pen__rosidl_typesupport_introspection_c.h
[29.588s] -- Installing: /home/rinav/ros2_ws/install/turtlesim/include/turtlesim/turtlesim/srv/detail/set_pen__type_support.c
[29.588s] -- Installing: /home/rinav/ros2_ws/install/turtlesim/include/turtlesim/turtlesim/srv/detail/teleport_relative__rosidl_typesupport_introspection_c.h
[29.588s] -- Installing: /home/rinav/ros2_ws/install/turtlesim/include/turtlesim/turtlesim/srv/detail/teleport_absolute__rosidl_typesupport_introspection_c.h
[29.588s] -- Installing: /home/rinav/ros2_ws/install/turtlesim/include/turtlesim/turtlesim/srv/detail/teleport_absolute__type_support.c
[29.588s] -- Installing: /home/rinav/ros2_ws/install/turtlesim/include/turtlesim/turtlesim/srv/detail/kill__rosidl_typesupport_introspection_c.h
[29.588s] -- Installing: /home/rinav/ros2_ws/install/turtlesim/include/turtlesim/turtlesim/srv/detail/spawn__type_support.c
[29.588s] -- Installing: /home/rinav/ros2_ws/install/turtlesim/include/turtlesim/turtlesim/srv/detail/kill__type_support.c
[29.588s] -- Installing: /home/rinav/ros2_ws/install/turtlesim/include/turtlesim/turtlesim/srv/detail/teleport_relative__type_support.c
[29.588s] -- Installing: /home/rinav/ros2_ws/install/turtlesim/include/turtlesim/turtlesim/srv/detail/spawn__rosidl_typesupport_introspection_c.h
[29.588s] -- Up-to-date: /home/rinav/ros2_ws/install/turtlesim/include/turtlesim/turtlesim/msg
[29.588s] -- Up-to-date: /home/rinav/ros2_ws/install/turtlesim/include/turtlesim/turtlesim/msg/detail
[29.588s] -- Installing: /home/rinav/ros2_ws/install/turtlesim/include/turtlesim/turtlesim/msg/detail/color__rosidl_typesupport_introspection_c.h
[29.588s] -- Installing: /home/rinav/ros2_ws/install/turtlesim/include/turtlesim/turtlesim/msg/detail/pose__type_support.c
[29.588s] -- Installing: /home/rinav/ros2_ws/install/turtlesim/include/turtlesim/turtlesim/msg/detail/color__type_support.c
[29.588s] -- Installing: /home/rinav/ros2_ws/install/turtlesim/include/turtlesim/turtlesim/msg/detail/pose__rosidl_typesupport_introspection_c.h
[29.589s] -- Installing: /home/rinav/ros2_ws/install/turtlesim/include/turtlesim/turtlesim/msg/rosidl_typesupport_introspection_c__visibility_control.h
[29.589s] -- Up-to-date: /home/rinav/ros2_ws/install/turtlesim/include/turtlesim/turtlesim/action
[29.589s] -- Up-to-date: /home/rinav/ros2_ws/install/turtlesim/include/turtlesim/turtlesim/action/detail
[29.589s] -- Installing: /home/rinav/ros2_ws/install/turtlesim/include/turtlesim/turtlesim/action/detail/rotate_absolute__type_support.c
[29.589s] -- Installing: /home/rinav/ros2_ws/install/turtlesim/include/turtlesim/turtlesim/action/detail/rotate_absolute__rosidl_typesupport_introspection_c.h
[29.589s] -- Installing: /home/rinav/ros2_ws/install/turtlesim/lib/libturtlesim__rosidl_typesupport_introspection_c.so
[29.589s] -- Set runtime path of "/home/rinav/ros2_ws/install/turtlesim/lib/libturtlesim__rosidl_typesupport_introspection_c.so" to ""
[29.589s] -- Installing: /home/rinav/ros2_ws/install/turtlesim/lib/libturtlesim__rosidl_typesupport_c.so
[29.589s] -- Set runtime path of "/home/rinav/ros2_ws/install/turtlesim/lib/libturtlesim__rosidl_typesupport_c.so" to ""
[29.589s] -- Up-to-date: /home/rinav/ros2_ws/install/turtlesim/include/turtlesim/turtlesim
[29.589s] -- Up-to-date: /home/rinav/ros2_ws/install/turtlesim/include/turtlesim/turtlesim/srv
[29.589s] -- Up-to-date: /home/rinav/ros2_ws/install/turtlesim/include/turtlesim/turtlesim/srv/detail
[29.589s] -- Installing: /home/rinav/ros2_ws/install/turtlesim/include/turtlesim/turtlesim/srv/detail/spawn__rosidl_typesupport_introspection_cpp.hpp
[29.589s] -- Installing: /home/rinav/ros2_ws/install/turtlesim/include/turtlesim/turtlesim/srv/detail/kill__type_support.cpp
[29.589s] -- Installing: /home/rinav/ros2_ws/install/turtlesim/include/turtlesim/turtlesim/srv/detail/kill__rosidl_typesupport_introspection_cpp.hpp
[29.589s] -- Installing: /home/rinav/ros2_ws/install/turtlesim/include/turtlesim/turtlesim/srv/detail/set_pen__rosidl_typesupport_introspection_cpp.hpp
[29.589s] -- Installing: /home/rinav/ros2_ws/install/turtlesim/include/turtlesim/turtlesim/srv/detail/teleport_absolute__rosidl_typesupport_introspection_cpp.hpp
[29.590s] -- Installing: /home/rinav/ros2_ws/install/turtlesim/include/turtlesim/turtlesim/srv/detail/teleport_relative__rosidl_typesupport_introspection_cpp.hpp
[29.590s] -- Installing: /home/rinav/ros2_ws/install/turtlesim/include/turtlesim/turtlesim/srv/detail/teleport_absolute__type_support.cpp
[29.590s] -- Installing: /home/rinav/ros2_ws/install/turtlesim/include/turtlesim/turtlesim/srv/detail/spawn__type_support.cpp
[29.590s] -- Installing: /home/rinav/ros2_ws/install/turtlesim/include/turtlesim/turtlesim/srv/detail/set_pen__type_support.cpp
[29.590s] -- Installing: /home/rinav/ros2_ws/install/turtlesim/include/turtlesim/turtlesim/srv/detail/teleport_relative__type_support.cpp
[29.590s] -- Up-to-date: /home/rinav/ros2_ws/install/turtlesim/include/turtlesim/turtlesim/msg
[29.590s] -- Up-to-date: /home/rinav/ros2_ws/install/turtlesim/include/turtlesim/turtlesim/msg/detail
[29.590s] -- Installing: /home/rinav/ros2_ws/install/turtlesim/include/turtlesim/turtlesim/msg/detail/pose__rosidl_typesupport_introspection_cpp.hpp
[29.590s] -- Installing: /home/rinav/ros2_ws/install/turtlesim/include/turtlesim/turtlesim/msg/detail/color__type_support.cpp
[29.590s] -- Installing: /home/rinav/ros2_ws/install/turtlesim/include/turtlesim/turtlesim/msg/detail/color__rosidl_typesupport_introspection_cpp.hpp
[29.590s] -- Installing: /home/rinav/ros2_ws/install/turtlesim/include/turtlesim/turtlesim/msg/detail/pose__type_support.cpp
[29.590s] -- Up-to-date: /home/rinav/ros2_ws/install/turtlesim/include/turtlesim/turtlesim/action
[29.590s] -- Up-to-date: /home/rinav/ros2_ws/install/turtlesim/include/turtlesim/turtlesim/action/detail
[29.590s] -- Installing: /home/rinav/ros2_ws/install/turtlesim/include/turtlesim/turtlesim/action/detail/rotate_absolute__rosidl_typesupport_introspection_cpp.hpp
[29.590s] -- Installing: /home/rinav/ros2_ws/install/turtlesim/include/turtlesim/turtlesim/action/detail/rotate_absolute__type_support.cpp
[29.590s] -- Installing: /home/rinav/ros2_ws/install/turtlesim/lib/libturtlesim__rosidl_typesupport_introspection_cpp.so
[29.590s] -- Set runtime path of "/home/rinav/ros2_ws/install/turtlesim/lib/libturtlesim__rosidl_typesupport_introspection_cpp.so" to ""
[29.590s] -- Installing: /home/rinav/ros2_ws/install/turtlesim/lib/libturtlesim__rosidl_typesupport_cpp.so
[29.590s] -- Set runtime path of "/home/rinav/ros2_ws/install/turtlesim/lib/libturtlesim__rosidl_typesupport_cpp.so" to ""
[29.590s] -- Installing: /home/rinav/ros2_ws/install/turtlesim/share/turtlesim/environment/pythonpath.sh
[29.590s] -- Installing: /home/rinav/ros2_ws/install/turtlesim/share/turtlesim/environment/pythonpath.dsv
[29.591s] -- Installing: /home/rinav/ros2_ws/install/turtlesim/local/lib/python3.10/dist-packages/turtlesim-1.4.2-py3.10.egg-info
[29.591s] -- Installing: /home/rinav/ros2_ws/install/turtlesim/local/lib/python3.10/dist-packages/turtlesim-1.4.2-py3.10.egg-info/dependency_links.txt
[29.591s] -- Installing: /home/rinav/ros2_ws/install/turtlesim/local/lib/python3.10/dist-packages/turtlesim-1.4.2-py3.10.egg-info/PKG-INFO
[29.591s] -- Installing: /home/rinav/ros2_ws/install/turtlesim/local/lib/python3.10/dist-packages/turtlesim-1.4.2-py3.10.egg-info/top_level.txt
[29.591s] -- Installing: /home/rinav/ros2_ws/install/turtlesim/local/lib/python3.10/dist-packages/turtlesim-1.4.2-py3.10.egg-info/SOURCES.txt
[29.591s] -- Installing: /home/rinav/ros2_ws/install/turtlesim/local/lib/python3.10/dist-packages/turtlesim
[29.591s] -- Installing: /home/rinav/ros2_ws/install/turtlesim/local/lib/python3.10/dist-packages/turtlesim/_turtlesim_s.ep.rosidl_typesupport_introspection_c.c
[29.591s] -- Installing: /home/rinav/ros2_ws/install/turtlesim/local/lib/python3.10/dist-packages/turtlesim/libturtlesim__rosidl_generator_py.so
[29.591s] -- Installing: /home/rinav/ros2_ws/install/turtlesim/local/lib/python3.10/dist-packages/turtlesim/turtlesim_s__rosidl_typesupport_c.cpython-310-aarch64-linux-gnu.so
[29.591s] -- Installing: /home/rinav/ros2_ws/install/turtlesim/local/lib/python3.10/dist-packages/turtlesim/_turtlesim_s.ep.rosidl_typesupport_fastrtps_c.c
[29.591s] -- Installing: /home/rinav/ros2_ws/install/turtlesim/local/lib/python3.10/dist-packages/turtlesim/srv
[29.591s] -- Installing: /home/rinav/ros2_ws/install/turtlesim/local/lib/python3.10/dist-packages/turtlesim/srv/_teleport_relative.py
[29.592s] -- Installing: /home/rinav/ros2_ws/install/turtlesim/local/lib/python3.10/dist-packages/turtlesim/srv/_spawn.py
[29.592s] -- Installing: /home/rinav/ros2_ws/install/turtlesim/local/lib/python3.10/dist-packages/turtlesim/srv/_teleport_absolute_s.c
[29.592s] -- Installing: /home/rinav/ros2_ws/install/turtlesim/local/lib/python3.10/dist-packages/turtlesim/srv/_teleport_absolute.py
[29.592s] -- Installing: /home/rinav/ros2_ws/install/turtlesim/local/lib/python3.10/dist-packages/turtlesim/srv/_teleport_relative_s.c
[29.592s] -- Installing: /home/rinav/ros2_ws/install/turtlesim/local/lib/python3.10/dist-packages/turtlesim/srv/_kill_s.c
[29.592s] -- Installing: /home/rinav/ros2_ws/install/turtlesim/local/lib/python3.10/dist-packages/turtlesim/srv/_set_pen_s.c
[29.592s] -- Installing: /home/rinav/ros2_ws/install/turtlesim/local/lib/python3.10/dist-packages/turtlesim/srv/__init__.py
[29.592s] -- Installing: /home/rinav/ros2_ws/install/turtlesim/local/lib/python3.10/dist-packages/turtlesim/srv/_set_pen.py
[29.592s] -- Installing: /home/rinav/ros2_ws/install/turtlesim/local/lib/python3.10/dist-packages/turtlesim/srv/_spawn_s.c
[29.592s] -- Installing: /home/rinav/ros2_ws/install/turtlesim/local/lib/python3.10/dist-packages/turtlesim/srv/_kill.py
[29.592s] -- Installing: /home/rinav/ros2_ws/install/turtlesim/local/lib/python3.10/dist-packages/turtlesim/msg
[29.592s] -- Installing: /home/rinav/ros2_ws/install/turtlesim/local/lib/python3.10/dist-packages/turtlesim/msg/_color.py
[29.592s] -- Installing: /home/rinav/ros2_ws/install/turtlesim/local/lib/python3.10/dist-packages/turtlesim/msg/_pose.py
[29.592s] -- Installing: /home/rinav/ros2_ws/install/turtlesim/local/lib/python3.10/dist-packages/turtlesim/msg/_pose_s.c
[29.592s] -- Installing: /home/rinav/ros2_ws/install/turtlesim/local/lib/python3.10/dist-packages/turtlesim/msg/__init__.py
[29.592s] -- Installing: /home/rinav/ros2_ws/install/turtlesim/local/lib/python3.10/dist-packages/turtlesim/msg/_color_s.c
[29.593s] -- Installing: /home/rinav/ros2_ws/install/turtlesim/local/lib/python3.10/dist-packages/turtlesim/turtlesim_s__rosidl_typesupport_fastrtps_c.cpython-310-aarch64-linux-gnu.so
[29.593s] -- Installing: /home/rinav/ros2_ws/install/turtlesim/local/lib/python3.10/dist-packages/turtlesim/_turtlesim_s.ep.rosidl_typesupport_c.c
[29.593s] -- Installing: /home/rinav/ros2_ws/install/turtlesim/local/lib/python3.10/dist-packages/turtlesim/turtlesim_s__rosidl_typesupport_introspection_c.cpython-310-aarch64-linux-gnu.so
[29.593s] -- Installing: /home/rinav/ros2_ws/install/turtlesim/local/lib/python3.10/dist-packages/turtlesim/__init__.py
[29.593s] -- Installing: /home/rinav/ros2_ws/install/turtlesim/local/lib/python3.10/dist-packages/turtlesim/action
[29.593s] -- Installing: /home/rinav/ros2_ws/install/turtlesim/local/lib/python3.10/dist-packages/turtlesim/action/_rotate_absolute.py
[29.593s] -- Installing: /home/rinav/ros2_ws/install/turtlesim/local/lib/python3.10/dist-packages/turtlesim/action/_rotate_absolute_s.c
[29.593s] -- Installing: /home/rinav/ros2_ws/install/turtlesim/local/lib/python3.10/dist-packages/turtlesim/action/__init__.py
[29.627s] Listing '/home/rinav/ros2_ws/install/turtlesim/local/lib/python3.10/dist-packages/turtlesim'...
[29.627s] Compiling '/home/rinav/ros2_ws/install/turtlesim/local/lib/python3.10/dist-packages/turtlesim/__init__.py'...
[29.627s] Listing '/home/rinav/ros2_ws/install/turtlesim/local/lib/python3.10/dist-packages/turtlesim/action'...
[29.627s] Compiling '/home/rinav/ros2_ws/install/turtlesim/local/lib/python3.10/dist-packages/turtlesim/action/__init__.py'...
[29.627s] Compiling '/home/rinav/ros2_ws/install/turtlesim/local/lib/python3.10/dist-packages/turtlesim/action/_rotate_absolute.py'...
[29.627s] Listing '/home/rinav/ros2_ws/install/turtlesim/local/lib/python3.10/dist-packages/turtlesim/msg'...
[29.627s] Compiling '/home/rinav/ros2_ws/install/turtlesim/local/lib/python3.10/dist-packages/turtlesim/msg/__init__.py'...
[29.627s] Compiling '/home/rinav/ros2_ws/install/turtlesim/local/lib/python3.10/dist-packages/turtlesim/msg/_color.py'...
[29.627s] Compiling '/home/rinav/ros2_ws/install/turtlesim/local/lib/python3.10/dist-packages/turtlesim/msg/_pose.py'...
[29.627s] Listing '/home/rinav/ros2_ws/install/turtlesim/local/lib/python3.10/dist-packages/turtlesim/srv'...
[29.627s] Compiling '/home/rinav/ros2_ws/install/turtlesim/local/lib/python3.10/dist-packages/turtlesim/srv/__init__.py'...
[29.627s] Compiling '/home/rinav/ros2_ws/install/turtlesim/local/lib/python3.10/dist-packages/turtlesim/srv/_kill.py'...
[29.627s] Compiling '/home/rinav/ros2_ws/install/turtlesim/local/lib/python3.10/dist-packages/turtlesim/srv/_set_pen.py'...
[29.627s] Compiling '/home/rinav/ros2_ws/install/turtlesim/local/lib/python3.10/dist-packages/turtlesim/srv/_spawn.py'...
[29.627s] Compiling '/home/rinav/ros2_ws/install/turtlesim/local/lib/python3.10/dist-packages/turtlesim/srv/_teleport_absolute.py'...
[29.627s] Compiling '/home/rinav/ros2_ws/install/turtlesim/local/lib/python3.10/dist-packages/turtlesim/srv/_teleport_relative.py'...
[29.631s] -- Installing: /home/rinav/ros2_ws/install/turtlesim/local/lib/python3.10/dist-packages/turtlesim/turtlesim_s__rosidl_typesupport_fastrtps_c.cpython-310-aarch64-linux-gnu.so
[29.631s] -- Set runtime path of "/home/rinav/ros2_ws/install/turtlesim/local/lib/python3.10/dist-packages/turtlesim/turtlesim_s__rosidl_typesupport_fastrtps_c.cpython-310-aarch64-linux-gnu.so" to ""
[29.631s] -- Installing: /home/rinav/ros2_ws/install/turtlesim/local/lib/python3.10/dist-packages/turtlesim/turtlesim_s__rosidl_typesupport_introspection_c.cpython-310-aarch64-linux-gnu.so
[29.632s] -- Set runtime path of "/home/rinav/ros2_ws/install/turtlesim/local/lib/python3.10/dist-packages/turtlesim/turtlesim_s__rosidl_typesupport_introspection_c.cpython-310-aarch64-linux-gnu.so" to ""
[29.632s] -- Installing: /home/rinav/ros2_ws/install/turtlesim/local/lib/python3.10/dist-packages/turtlesim/turtlesim_s__rosidl_typesupport_c.cpython-310-aarch64-linux-gnu.so
[29.632s] -- Set runtime path of "/home/rinav/ros2_ws/install/turtlesim/local/lib/python3.10/dist-packages/turtlesim/turtlesim_s__rosidl_typesupport_c.cpython-310-aarch64-linux-gnu.so" to ""
[29.632s] -- Installing: /home/rinav/ros2_ws/install/turtlesim/lib/libturtlesim__rosidl_generator_py.so
[29.632s] -- Set runtime path of "/home/rinav/ros2_ws/install/turtlesim/lib/libturtlesim__rosidl_generator_py.so" to ""
[29.632s] -- Installing: /home/rinav/ros2_ws/install/turtlesim/share/turtlesim/action/RotateAbsolute.idl
[29.633s] -- Installing: /home/rinav/ros2_ws/install/turtlesim/share/turtlesim/msg/Color.idl
[29.633s] -- Installing: /home/rinav/ros2_ws/install/turtlesim/share/turtlesim/msg/Pose.idl
[29.633s] -- Installing: /home/rinav/ros2_ws/install/turtlesim/share/turtlesim/srv/Kill.idl
[29.633s] -- Installing: /home/rinav/ros2_ws/install/turtlesim/share/turtlesim/srv/SetPen.idl
[29.633s] -- Installing: /home/rinav/ros2_ws/install/turtlesim/share/turtlesim/srv/Spawn.idl
[29.633s] -- Installing: /home/rinav/ros2_ws/install/turtlesim/share/turtlesim/srv/TeleportAbsolute.idl
[29.633s] -- Installing: /home/rinav/ros2_ws/install/turtlesim/share/turtlesim/srv/TeleportRelative.idl
[29.633s] -- Installing: /home/rinav/ros2_ws/install/turtlesim/share/turtlesim/action/RotateAbsolute.action
[29.633s] -- Installing: /home/rinav/ros2_ws/install/turtlesim/share/turtlesim/msg/Color.msg
[29.633s] -- Installing: /home/rinav/ros2_ws/install/turtlesim/share/turtlesim/msg/Pose.msg
[29.633s] -- Installing: /home/rinav/ros2_ws/install/turtlesim/share/turtlesim/srv/Kill.srv
[29.634s] -- Installing: /home/rinav/ros2_ws/install/turtlesim/share/turtlesim/srv/Kill_Request.msg
[29.634s] -- Installing: /home/rinav/ros2_ws/install/turtlesim/share/turtlesim/srv/Kill_Response.msg
[29.634s] -- Installing: /home/rinav/ros2_ws/install/turtlesim/share/turtlesim/srv/SetPen.srv
[29.634s] -- Installing: /home/rinav/ros2_ws/install/turtlesim/share/turtlesim/srv/SetPen_Request.msg
[29.634s] -- Installing: /home/rinav/ros2_ws/install/turtlesim/share/turtlesim/srv/SetPen_Response.msg
[29.634s] -- Installing: /home/rinav/ros2_ws/install/turtlesim/share/turtlesim/srv/Spawn.srv
[29.634s] -- Installing: /home/rinav/ros2_ws/install/turtlesim/share/turtlesim/srv/Spawn_Request.msg
[29.634s] -- Installing: /home/rinav/ros2_ws/install/turtlesim/share/turtlesim/srv/Spawn_Response.msg
[29.634s] -- Installing: /home/rinav/ros2_ws/install/turtlesim/share/turtlesim/srv/TeleportAbsolute.srv
[29.635s] -- Installing: /home/rinav/ros2_ws/install/turtlesim/share/turtlesim/srv/TeleportAbsolute_Request.msg
[29.635s] -- Installing: /home/rinav/ros2_ws/install/turtlesim/share/turtlesim/srv/TeleportAbsolute_Response.msg
[29.635s] -- Installing: /home/rinav/ros2_ws/install/turtlesim/share/turtlesim/srv/TeleportRelative.srv
[29.635s] -- Installing: /home/rinav/ros2_ws/install/turtlesim/share/turtlesim/srv/TeleportRelative_Request.msg
[29.635s] -- Installing: /home/rinav/ros2_ws/install/turtlesim/share/turtlesim/srv/TeleportRelative_Response.msg
[29.635s] -- Installing: /home/rinav/ros2_ws/install/turtlesim/lib/turtlesim/turtlesim_node
[29.641s] -- Set runtime path of "/home/rinav/ros2_ws/install/turtlesim/lib/turtlesim/turtlesim_node" to ""
[29.641s] -- Installing: /home/rinav/ros2_ws/install/turtlesim/lib/turtlesim/turtle_teleop_key
[29.642s] -- Set runtime path of "/home/rinav/ros2_ws/install/turtlesim/lib/turtlesim/turtle_teleop_key" to ""
[29.642s] -- Installing: /home/rinav/ros2_ws/install/turtlesim/lib/turtlesim/draw_square
[29.646s] -- Set runtime path of "/home/rinav/ros2_ws/install/turtlesim/lib/turtlesim/draw_square" to ""
[29.646s] -- Installing: /home/rinav/ros2_ws/install/turtlesim/lib/turtlesim/mimic
[29.649s] -- Set runtime path of "/home/rinav/ros2_ws/install/turtlesim/lib/turtlesim/mimic" to ""
[29.649s] -- Installing: /home/rinav/ros2_ws/install/turtlesim/share/turtlesim/images
[29.649s] -- Installing: /home/rinav/ros2_ws/install/turtlesim/share/turtlesim/images/dashing.png
[29.649s] -- Installing: /home/rinav/ros2_ws/install/turtlesim/share/turtlesim/images/bouncy.png
[29.649s] -- Installing: /home/rinav/ros2_ws/install/turtlesim/share/turtlesim/images/crystal.png
[29.649s] -- Installing: /home/rinav/ros2_ws/install/turtlesim/share/turtlesim/images/ardent.png
[29.649s] -- Installing: /home/rinav/ros2_ws/install/turtlesim/share/turtlesim/images/galactic.png
[29.649s] -- Installing: /home/rinav/ros2_ws/install/turtlesim/share/turtlesim/images/eloquent.png
[29.649s] -- Installing: /home/rinav/ros2_ws/install/turtlesim/share/turtlesim/images/humble.png
[29.649s] -- Installing: /home/rinav/ros2_ws/install/turtlesim/share/turtlesim/images/foxy.png
[29.649s] -- Installing: /home/rinav/ros2_ws/install/turtlesim/share/turtlesim/images/rolling.png
[29.650s] -- Installing: /home/rinav/ros2_ws/install/turtlesim/share/turtlesim/launch
[29.650s] -- Installing: /home/rinav/ros2_ws/install/turtlesim/share/turtlesim/launch/multisim.launch.py
[29.650s] -- Installing: /home/rinav/ros2_ws/install/turtlesim/share/ament_index/resource_index/package_run_dependencies/turtlesim
[29.650s] -- Installing: /home/rinav/ros2_ws/install/turtlesim/share/ament_index/resource_index/parent_prefix_path/turtlesim
[29.650s] -- Installing: /home/rinav/ros2_ws/install/turtlesim/share/turtlesim/environment/ament_prefix_path.sh
[29.650s] -- Installing: /home/rinav/ros2_ws/install/turtlesim/share/turtlesim/environment/ament_prefix_path.dsv
[29.650s] -- Installing: /home/rinav/ros2_ws/install/turtlesim/share/turtlesim/environment/path.sh
[29.650s] -- Installing: /home/rinav/ros2_ws/install/turtlesim/share/turtlesim/environment/path.dsv
[29.650s] -- Installing: /home/rinav/ros2_ws/install/turtlesim/share/turtlesim/local_setup.bash
[29.650s] -- Installing: /home/rinav/ros2_ws/install/turtlesim/share/turtlesim/local_setup.sh
[29.650s] -- Installing: /home/rinav/ros2_ws/install/turtlesim/share/turtlesim/local_setup.zsh
[29.651s] -- Installing: /home/rinav/ros2_ws/install/turtlesim/share/turtlesim/local_setup.dsv
[29.651s] -- Installing: /home/rinav/ros2_ws/install/turtlesim/share/turtlesim/package.dsv
[29.651s] -- Installing: /home/rinav/ros2_ws/install/turtlesim/share/ament_index/resource_index/packages/turtlesim
[29.651s] -- Installing: /home/rinav/ros2_ws/install/turtlesim/share/turtlesim/cmake/export_turtlesim__rosidl_generator_cExport.cmake
[29.651s] -- Installing: /home/rinav/ros2_ws/install/turtlesim/share/turtlesim/cmake/export_turtlesim__rosidl_generator_cExport-noconfig.cmake
[29.651s] -- Installing: /home/rinav/ros2_ws/install/turtlesim/share/turtlesim/cmake/export_turtlesim__rosidl_typesupport_fastrtps_cExport.cmake
[29.651s] -- Installing: /home/rinav/ros2_ws/install/turtlesim/share/turtlesim/cmake/export_turtlesim__rosidl_typesupport_fastrtps_cExport-noconfig.cmake
[29.651s] -- Installing: /home/rinav/ros2_ws/install/turtlesim/share/turtlesim/cmake/export_turtlesim__rosidl_generator_cppExport.cmake
[29.651s] -- Installing: /home/rinav/ros2_ws/install/turtlesim/share/turtlesim/cmake/export_turtlesim__rosidl_typesupport_fastrtps_cppExport.cmake
[29.651s] -- Installing: /home/rinav/ros2_ws/install/turtlesim/share/turtlesim/cmake/export_turtlesim__rosidl_typesupport_fastrtps_cppExport-noconfig.cmake
[29.652s] -- Installing: /home/rinav/ros2_ws/install/turtlesim/share/turtlesim/cmake/turtlesim__rosidl_typesupport_introspection_cExport.cmake
[29.652s] -- Installing: /home/rinav/ros2_ws/install/turtlesim/share/turtlesim/cmake/turtlesim__rosidl_typesupport_introspection_cExport-noconfig.cmake
[29.652s] -- Installing: /home/rinav/ros2_ws/install/turtlesim/share/turtlesim/cmake/turtlesim__rosidl_typesupport_cExport.cmake
[29.652s] -- Installing: /home/rinav/ros2_ws/install/turtlesim/share/turtlesim/cmake/turtlesim__rosidl_typesupport_cExport-noconfig.cmake
[29.652s] -- Installing: /home/rinav/ros2_ws/install/turtlesim/share/turtlesim/cmake/turtlesim__rosidl_typesupport_introspection_cppExport.cmake
[29.652s] -- Installing: /home/rinav/ros2_ws/install/turtlesim/share/turtlesim/cmake/turtlesim__rosidl_typesupport_introspection_cppExport-noconfig.cmake
[29.652s] -- Installing: /home/rinav/ros2_ws/install/turtlesim/share/turtlesim/cmake/turtlesim__rosidl_typesupport_cppExport.cmake
[29.652s] -- Installing: /home/rinav/ros2_ws/install/turtlesim/share/turtlesim/cmake/turtlesim__rosidl_typesupport_cppExport-noconfig.cmake
[29.652s] -- Installing: /home/rinav/ros2_ws/install/turtlesim/share/turtlesim/cmake/export_turtlesim__rosidl_generator_pyExport.cmake
[29.652s] -- Installing: /home/rinav/ros2_ws/install/turtlesim/share/turtlesim/cmake/export_turtlesim__rosidl_generator_pyExport-noconfig.cmake
[29.653s] -- Installing: /home/rinav/ros2_ws/install/turtlesim/share/turtlesim/cmake/rosidl_cmake-extras.cmake
[29.653s] -- Installing: /home/rinav/ros2_ws/install/turtlesim/share/turtlesim/cmake/ament_cmake_export_dependencies-extras.cmake
[29.653s] -- Installing: /home/rinav/ros2_ws/install/turtlesim/share/turtlesim/cmake/ament_cmake_export_include_directories-extras.cmake
[29.653s] -- Installing: /home/rinav/ros2_ws/install/turtlesim/share/turtlesim/cmake/ament_cmake_export_libraries-extras.cmake
[29.653s] -- Installing: /home/rinav/ros2_ws/install/turtlesim/share/turtlesim/cmake/ament_cmake_export_targets-extras.cmake
[29.653s] -- Installing: /home/rinav/ros2_ws/install/turtlesim/share/turtlesim/cmake/rosidl_cmake_export_typesupport_targets-extras.cmake
[29.653s] -- Installing: /home/rinav/ros2_ws/install/turtlesim/share/turtlesim/cmake/rosidl_cmake_export_typesupport_libraries-extras.cmake
[29.653s] -- Installing: /home/rinav/ros2_ws/install/turtlesim/share/turtlesim/cmake/turtlesimConfig.cmake
[29.653s] -- Installing: /home/rinav/ros2_ws/install/turtlesim/share/turtlesim/cmake/turtlesimConfig-version.cmake
[29.653s] -- Installing: /home/rinav/ros2_ws/install/turtlesim/share/turtlesim/package.xml
[29.664s] Invoked command in '/home/rinav/ros2_ws/build/turtlesim' returned '0': CMAKE_PREFIX_PATH=${CMAKE_PREFIX_PATH}:/opt/ros/humble:/home/rinav/ros2_ws/install/trial_package:/home/rinav/ros2_ws/install/py_srvcli:/home/rinav/ros2_ws/install/py_pubsub:/home/rinav/ros2_ws/install/mobile_robotics:/home/rinav/ros2_ws/install/launch_param_builder /usr/bin/cmake --install /home/rinav/ros2_ws/build/turtlesim
