[0.000000] (-) TimerEvent: {}
[0.000409] (-) JobUnselected: {'identifier': 'husky_base'}
[0.000429] (-) JobUnselected: {'identifier': 'husky_bringup'}
[0.000442] (-) JobUnselected: {'identifier': 'husky_control'}
[0.000458] (-) JobUnselected: {'identifier': 'husky_description'}
[0.000472] (-) JobUnselected: {'identifier': 'husky_desktop'}
[0.000485] (-) JobUnselected: {'identifier': 'husky_msgs'}
[0.000501] (-) JobUnselected: {'identifier': 'husky_robot'}
[0.000515] (-) JobUnselected: {'identifier': 'husky_simulator'}
[0.000537] (-) JobUnselected: {'identifier': 'husky_ur3_ignition'}
[0.000552] (-) JobUnselected: {'identifier': 'husky_viz'}
[0.000567] (-) JobUnselected: {'identifier': 'mobile_robotics'}
[0.000581] (-) JobUnselected: {'identifier': 'py_pubsub'}
[0.000607] (-) JobUnselected: {'identifier': 'py_srvcli'}
[0.000617] (-) JobUnselected: {'identifier': 'robotis_manipulator'}
[0.000645] (-) JobUnselected: {'identifier': 'trial_package'}
[0.000676] (-) JobUnselected: {'identifier': 'turtlesim'}
[0.000687] (-) JobUnselected: {'identifier': 'ur'}
[0.000699] (-) JobUnselected: {'identifier': 'ur_bringup'}
[0.000713] (-) JobUnselected: {'identifier': 'ur_calibration'}
[0.000730] (-) JobUnselected: {'identifier': 'ur_controllers'}
[0.000744] (-) JobUnselected: {'identifier': 'ur_dashboard_msgs'}
[0.000758] (-) JobUnselected: {'identifier': 'ur_description'}
[0.000772] (-) JobUnselected: {'identifier': 'ur_moveit_config'}
[0.000782] (-) JobUnselected: {'identifier': 'ur_robot_driver'}
[0.000794] (husky_gazebo) JobQueued: {'identifier': 'husky_gazebo', 'dependencies': OrderedDict([('husky_description', '/home/rinav/ros2_ws/install/husky_description'), ('husky_control', '/home/rinav/ros2_ws/install/husky_control')])}
[0.000814] (husky_gazebo) JobStarted: {'identifier': 'husky_gazebo'}
[0.008959] (husky_gazebo) JobEnded: {'identifier': 'husky_gazebo', 'rc': 1}
[0.019595] (-) EventReactorShutdown: {}
