[0.032s] Invoking command in '/home/rinav/ros2_ws/build/ur_robot_driver': AMENT_PREFIX_PATH=/home/rinav/ros2_ws/install/ur_controllers:/home/rinav/ros2_ws/install/ur_description:/home/rinav/ros2_ws/install/ur_dashboard_msgs:${AMENT_PREFIX_PATH} CMAKE_PREFIX_PATH=/home/rinav/ros2_ws/install/ur_controllers:/home/rinav/ros2_ws/install/ur_description:/home/rinav/ros2_ws/install/ur_dashboard_msgs:/home/rinav/ros2_ws/install/husky_bringup:/home/rinav/ros2_ws/install/husky_base:/home/rinav/ros2_ws/install/husky_msgs:/home/rinav/ros2_ws/install/husky_control:/home/rinav/ros2_ws/install/husky_description:/home/rinav/ros2_ws/install/mobile_robotics:/opt/ros/humble LD_LIBRARY_PATH=/home/rinav/ros2_ws/install/ur_controllers/lib:/home/rinav/ros2_ws/install/ur_dashboard_msgs/lib:${LD_LIBRARY_PATH} PYTHONPATH=/home/rinav/ros2_ws/install/ur_dashboard_msgs/local/lib/python3.10/dist-packages:${PYTHONPATH} /usr/bin/cmake --build /home/rinav/ros2_ws/build/ur_robot_driver -- -j8 -l8
[0.059s] [35m[1mConsolidate compiler generated dependencies of target ur_ros2_control_node[0m
[0.060s] [35m[1mConsolidate compiler generated dependencies of target dashboard_client[0m
[0.062s] [35m[1mConsolidate compiler generated dependencies of target trajectory_until_node[0m
[0.068s] [35m[1mConsolidate compiler generated dependencies of target controller_stopper_node[0m
[0.068s] [35m[1mConsolidate compiler generated dependencies of target urscript_interface[0m
[0.072s] [35m[1mConsolidate compiler generated dependencies of target robot_state_helper[0m
[0.088s] [35m[1mConsolidate compiler generated dependencies of target ur_robot_driver_plugin[0m
[0.092s] [ 13%] Built target controller_stopper_node
[0.096s] [ 22%] Built target ur_ros2_control_node
[0.098s] [ 40%] Built target robot_state_helper
[0.099s] [ 45%] Built target ament_cmake_python_copy_ur_robot_driver
[0.101s] [ 59%] Built target dashboard_client
[0.102s] [ 68%] Built target urscript_interface
[0.102s] [ 77%] Built target trajectory_until_node
[0.120s] [100%] Built target ur_robot_driver_plugin
[0.266s] running egg_info
[0.267s] writing ur_robot_driver.egg-info/PKG-INFO
[0.267s] writing dependency_links to ur_robot_driver.egg-info/dependency_links.txt
[0.267s] writing top-level names to ur_robot_driver.egg-info/top_level.txt
[0.268s] reading manifest file 'ur_robot_driver.egg-info/SOURCES.txt'
[0.268s] writing manifest file 'ur_robot_driver.egg-info/SOURCES.txt'
[0.286s] [100%] Built target ament_cmake_python_build_ur_robot_driver_egg
[0.292s] Invoked command in '/home/rinav/ros2_ws/build/ur_robot_driver' returned '0': AMENT_PREFIX_PATH=/home/rinav/ros2_ws/install/ur_controllers:/home/rinav/ros2_ws/install/ur_description:/home/rinav/ros2_ws/install/ur_dashboard_msgs:${AMENT_PREFIX_PATH} CMAKE_PREFIX_PATH=/home/rinav/ros2_ws/install/ur_controllers:/home/rinav/ros2_ws/install/ur_description:/home/rinav/ros2_ws/install/ur_dashboard_msgs:/home/rinav/ros2_ws/install/husky_bringup:/home/rinav/ros2_ws/install/husky_base:/home/rinav/ros2_ws/install/husky_msgs:/home/rinav/ros2_ws/install/husky_control:/home/rinav/ros2_ws/install/husky_description:/home/rinav/ros2_ws/install/mobile_robotics:/opt/ros/humble LD_LIBRARY_PATH=/home/rinav/ros2_ws/install/ur_controllers/lib:/home/rinav/ros2_ws/install/ur_dashboard_msgs/lib:${LD_LIBRARY_PATH} PYTHONPATH=/home/rinav/ros2_ws/install/ur_dashboard_msgs/local/lib/python3.10/dist-packages:${PYTHONPATH} /usr/bin/cmake --build /home/rinav/ros2_ws/build/ur_robot_driver -- -j8 -l8
[0.293s] Invoking command in '/home/rinav/ros2_ws/build/ur_robot_driver': AMENT_PREFIX_PATH=/home/rinav/ros2_ws/install/ur_controllers:/home/rinav/ros2_ws/install/ur_description:/home/rinav/ros2_ws/install/ur_dashboard_msgs:${AMENT_PREFIX_PATH} CMAKE_PREFIX_PATH=/home/rinav/ros2_ws/install/ur_controllers:/home/rinav/ros2_ws/install/ur_description:/home/rinav/ros2_ws/install/ur_dashboard_msgs:/home/rinav/ros2_ws/install/husky_bringup:/home/rinav/ros2_ws/install/husky_base:/home/rinav/ros2_ws/install/husky_msgs:/home/rinav/ros2_ws/install/husky_control:/home/rinav/ros2_ws/install/husky_description:/home/rinav/ros2_ws/install/mobile_robotics:/opt/ros/humble LD_LIBRARY_PATH=/home/rinav/ros2_ws/install/ur_controllers/lib:/home/rinav/ros2_ws/install/ur_dashboard_msgs/lib:${LD_LIBRARY_PATH} PYTHONPATH=/home/rinav/ros2_ws/install/ur_dashboard_msgs/local/lib/python3.10/dist-packages:${PYTHONPATH} /usr/bin/cmake --install /home/rinav/ros2_ws/build/ur_robot_driver
[0.297s] -- Install configuration: "RelWithDebInfo"
[0.297s] -- Up-to-date: /home/rinav/ros2_ws/install/ur_robot_driver/share/ur_robot_driver/hardware_interface_plugin.xml
[0.298s] -- Up-to-date: /home/rinav/ros2_ws/install/ur_robot_driver/lib/ur_robot_driver/controller_stopper_node
[0.298s] -- Up-to-date: /home/rinav/ros2_ws/install/ur_robot_driver/lib/ur_robot_driver/dashboard_client
[0.298s] -- Up-to-date: /home/rinav/ros2_ws/install/ur_robot_driver/lib/ur_robot_driver/robot_state_helper
[0.298s] -- Up-to-date: /home/rinav/ros2_ws/install/ur_robot_driver/lib/ur_robot_driver/trajectory_until_node
[0.299s] -- Up-to-date: /home/rinav/ros2_ws/install/ur_robot_driver/lib/ur_robot_driver/ur_ros2_control_node
[0.299s] -- Up-to-date: /home/rinav/ros2_ws/install/ur_robot_driver/lib/ur_robot_driver/urscript_interface
[0.299s] -- Up-to-date: /home/rinav/ros2_ws/install/ur_robot_driver/lib/libur_robot_driver_plugin.so
[0.299s] -- Up-to-date: /home/rinav/ros2_ws/install/ur_robot_driver/include
[0.300s] -- Up-to-date: /home/rinav/ros2_ws/install/ur_robot_driver/include/ur_robot_driver
[0.300s] -- Up-to-date: /home/rinav/ros2_ws/install/ur_robot_driver/include/ur_robot_driver/dashboard_client_ros.hpp
[0.300s] -- Up-to-date: /home/rinav/ros2_ws/install/ur_robot_driver/include/ur_robot_driver/hardware_interface.hpp
[0.300s] -- Up-to-date: /home/rinav/ros2_ws/install/ur_robot_driver/include/ur_robot_driver/urcl_log_handler.hpp
[0.300s] -- Up-to-date: /home/rinav/ros2_ws/install/ur_robot_driver/include/ur_robot_driver/robot_state_helper.hpp
[0.300s] -- Up-to-date: /home/rinav/ros2_ws/install/ur_robot_driver/include/ur_robot_driver/controller_stopper.hpp
[0.300s] -- Up-to-date: /home/rinav/ros2_ws/install/ur_robot_driver/include/ur_robot_driver/trajectory_until_node.hpp
[0.300s] -- Up-to-date: /home/rinav/ros2_ws/install/ur_robot_driver/share/ur_robot_driver/environment/library_path.sh
[0.300s] -- Up-to-date: /home/rinav/ros2_ws/install/ur_robot_driver/share/ur_robot_driver/environment/library_path.dsv
[0.300s] -- Up-to-date: /home/rinav/ros2_ws/install/ur_robot_driver/share/ur_robot_driver/resources
[0.300s] -- Up-to-date: /home/rinav/ros2_ws/install/ur_robot_driver/share/ur_robot_driver/resources/externalcontrol-1.0.5.urcap
[0.300s] -- Up-to-date: /home/rinav/ros2_ws/install/ur_robot_driver/share/ur_robot_driver/resources/rtde_input_recipe.txt
[0.300s] -- Up-to-date: /home/rinav/ros2_ws/install/ur_robot_driver/share/ur_robot_driver/resources/ros_control.urscript
[0.301s] -- Up-to-date: /home/rinav/ros2_ws/install/ur_robot_driver/share/ur_robot_driver/resources/rtde_output_recipe.txt
[0.301s] -- Up-to-date: /home/rinav/ros2_ws/install/ur_robot_driver/share/ur_robot_driver/resources/rs485-1.0.urcap
[0.301s] -- Up-to-date: /home/rinav/ros2_ws/install/ur_robot_driver/include
[0.301s] -- Up-to-date: /home/rinav/ros2_ws/install/ur_robot_driver/include/ur_robot_driver
[0.301s] -- Up-to-date: /home/rinav/ros2_ws/install/ur_robot_driver/include/ur_robot_driver/dashboard_client_ros.hpp
[0.301s] -- Up-to-date: /home/rinav/ros2_ws/install/ur_robot_driver/include/ur_robot_driver/hardware_interface.hpp
[0.301s] -- Up-to-date: /home/rinav/ros2_ws/install/ur_robot_driver/include/ur_robot_driver/urcl_log_handler.hpp
[0.301s] -- Up-to-date: /home/rinav/ros2_ws/install/ur_robot_driver/include/ur_robot_driver/robot_state_helper.hpp
[0.301s] -- Up-to-date: /home/rinav/ros2_ws/install/ur_robot_driver/include/ur_robot_driver/controller_stopper.hpp
[0.301s] -- Up-to-date: /home/rinav/ros2_ws/install/ur_robot_driver/include/ur_robot_driver/trajectory_until_node.hpp
[0.301s] -- Up-to-date: /home/rinav/ros2_ws/install/ur_robot_driver/share/ur_robot_driver/environment/pythonpath.sh
[0.301s] -- Up-to-date: /home/rinav/ros2_ws/install/ur_robot_driver/share/ur_robot_driver/environment/pythonpath.dsv
[0.302s] -- Up-to-date: /home/rinav/ros2_ws/install/ur_robot_driver/local/lib/python3.10/dist-packages/ur_robot_driver-2.10.0-py3.10.egg-info
[0.302s] -- Installing: /home/rinav/ros2_ws/install/ur_robot_driver/local/lib/python3.10/dist-packages/ur_robot_driver-2.10.0-py3.10.egg-info/dependency_links.txt
[0.302s] -- Installing: /home/rinav/ros2_ws/install/ur_robot_driver/local/lib/python3.10/dist-packages/ur_robot_driver-2.10.0-py3.10.egg-info/PKG-INFO
[0.302s] -- Installing: /home/rinav/ros2_ws/install/ur_robot_driver/local/lib/python3.10/dist-packages/ur_robot_driver-2.10.0-py3.10.egg-info/top_level.txt
[0.302s] -- Installing: /home/rinav/ros2_ws/install/ur_robot_driver/local/lib/python3.10/dist-packages/ur_robot_driver-2.10.0-py3.10.egg-info/SOURCES.txt
[0.302s] -- Up-to-date: /home/rinav/ros2_ws/install/ur_robot_driver/local/lib/python3.10/dist-packages/ur_robot_driver
[0.302s] -- Up-to-date: /home/rinav/ros2_ws/install/ur_robot_driver/local/lib/python3.10/dist-packages/ur_robot_driver/__init__.py
[0.321s] Listing '/home/rinav/ros2_ws/install/ur_robot_driver/local/lib/python3.10/dist-packages/ur_robot_driver'...
[0.327s] -- Up-to-date: /home/rinav/ros2_ws/install/ur_robot_driver/lib/ur_robot_driver/tool_communication.py
[0.327s] -- Up-to-date: /home/rinav/ros2_ws/install/ur_robot_driver/lib/ur_robot_driver/example_move.py
[0.327s] -- Up-to-date: /home/rinav/ros2_ws/install/ur_robot_driver/lib/ur_robot_driver/start_ursim.sh
[0.328s] -- Up-to-date: /home/rinav/ros2_ws/install/ur_robot_driver/lib/ur_robot_driver/examples.py
[0.328s] -- Up-to-date: /home/rinav/ros2_ws/install/ur_robot_driver/lib/ur_robot_driver/force_mode.py
[0.329s] -- Up-to-date: /home/rinav/ros2_ws/install/ur_robot_driver/lib/ur_robot_driver/move_until_example.py
[0.329s] -- Up-to-date: /home/rinav/ros2_ws/install/ur_robot_driver/bin/wait_dashboard_server.sh
[0.329s] -- Up-to-date: /home/rinav/ros2_ws/install/ur_robot_driver/lib/ur_robot_driver/start_ursim.sh
[0.329s] -- Up-to-date: /home/rinav/ros2_ws/install/ur_robot_driver/share/ur_robot_driver/config
[0.330s] -- Up-to-date: /home/rinav/ros2_ws/install/ur_robot_driver/share/ur_robot_driver/config/test_velocity_goal_publishers_config.yaml
[0.330s] -- Up-to-date: /home/rinav/ros2_ws/install/ur_robot_driver/share/ur_robot_driver/config/test_goal_publishers_config.yaml
[0.330s] -- Up-to-date: /home/rinav/ros2_ws/install/ur_robot_driver/share/ur_robot_driver/config/ur20_update_rate.yaml
[0.330s] -- Up-to-date: /home/rinav/ros2_ws/install/ur_robot_driver/share/ur_robot_driver/config/ur_controllers.yaml
[0.330s] -- Up-to-date: /home/rinav/ros2_ws/install/ur_robot_driver/share/ur_robot_driver/config/ur5e_update_rate.yaml
[0.330s] -- Up-to-date: /home/rinav/ros2_ws/install/ur_robot_driver/share/ur_robot_driver/config/ur8long_update_rate.yaml
[0.330s] -- Up-to-date: /home/rinav/ros2_ws/install/ur_robot_driver/share/ur_robot_driver/config/ur16e_update_rate.yaml
[0.330s] -- Up-to-date: /home/rinav/ros2_ws/install/ur_robot_driver/share/ur_robot_driver/config/ur12e_update_rate.yaml
[0.330s] -- Up-to-date: /home/rinav/ros2_ws/install/ur_robot_driver/share/ur_robot_driver/config/ur3e_update_rate.yaml
[0.330s] -- Up-to-date: /home/rinav/ros2_ws/install/ur_robot_driver/share/ur_robot_driver/config/ur3_update_rate.yaml
[0.330s] -- Up-to-date: /home/rinav/ros2_ws/install/ur_robot_driver/share/ur_robot_driver/config/ur18_update_rate.yaml
[0.330s] -- Up-to-date: /home/rinav/ros2_ws/install/ur_robot_driver/share/ur_robot_driver/config/ur7e_update_rate.yaml
[0.330s] -- Up-to-date: /home/rinav/ros2_ws/install/ur_robot_driver/share/ur_robot_driver/config/ur5_update_rate.yaml
[0.330s] -- Up-to-date: /home/rinav/ros2_ws/install/ur_robot_driver/share/ur_robot_driver/config/ur10e_update_rate.yaml
[0.330s] -- Up-to-date: /home/rinav/ros2_ws/install/ur_robot_driver/share/ur_robot_driver/config/ur10_update_rate.yaml
[0.331s] -- Up-to-date: /home/rinav/ros2_ws/install/ur_robot_driver/share/ur_robot_driver/config/ur15_update_rate.yaml
[0.331s] -- Up-to-date: /home/rinav/ros2_ws/install/ur_robot_driver/share/ur_robot_driver/config/ur30_update_rate.yaml
[0.331s] -- Up-to-date: /home/rinav/ros2_ws/install/ur_robot_driver/share/ur_robot_driver/launch
[0.331s] -- Up-to-date: /home/rinav/ros2_ws/install/ur_robot_driver/share/ur_robot_driver/launch/ur16e.launch.py
[0.331s] -- Up-to-date: /home/rinav/ros2_ws/install/ur_robot_driver/share/ur_robot_driver/launch/ur7e.launch.py
[0.331s] -- Up-to-date: /home/rinav/ros2_ws/install/ur_robot_driver/share/ur_robot_driver/launch/ur10e.launch.py
[0.331s] -- Up-to-date: /home/rinav/ros2_ws/install/ur_robot_driver/share/ur_robot_driver/launch/ur20.launch.py
[0.331s] -- Up-to-date: /home/rinav/ros2_ws/install/ur_robot_driver/share/ur_robot_driver/launch/ur15.launch.py
[0.331s] -- Up-to-date: /home/rinav/ros2_ws/install/ur_robot_driver/share/ur_robot_driver/launch/test_joint_trajectory_controller.launch.py
[0.331s] -- Up-to-date: /home/rinav/ros2_ws/install/ur_robot_driver/share/ur_robot_driver/launch/ur18.launch.py
[0.331s] -- Up-to-date: /home/rinav/ros2_ws/install/ur_robot_driver/share/ur_robot_driver/launch/ur_dashboard_client.launch.py
[0.331s] -- Up-to-date: /home/rinav/ros2_ws/install/ur_robot_driver/share/ur_robot_driver/launch/ur5.launch.py
[0.331s] -- Up-to-date: /home/rinav/ros2_ws/install/ur_robot_driver/share/ur_robot_driver/launch/ur_control.launch.py
[0.331s] -- Up-to-date: /home/rinav/ros2_ws/install/ur_robot_driver/share/ur_robot_driver/launch/test_scaled_joint_trajectory_controller.launch.py
[0.331s] -- Up-to-date: /home/rinav/ros2_ws/install/ur_robot_driver/share/ur_robot_driver/launch/test_forward_velocity_controller.launch.py
[0.331s] -- Up-to-date: /home/rinav/ros2_ws/install/ur_robot_driver/share/ur_robot_driver/launch/ur10.launch.py
[0.331s] -- Up-to-date: /home/rinav/ros2_ws/install/ur_robot_driver/share/ur_robot_driver/launch/ur3.launch.py
[0.331s] -- Up-to-date: /home/rinav/ros2_ws/install/ur_robot_driver/share/ur_robot_driver/launch/ur3e.launch.py
[0.331s] -- Up-to-date: /home/rinav/ros2_ws/install/ur_robot_driver/share/ur_robot_driver/launch/ur30.launch.py
[0.331s] -- Up-to-date: /home/rinav/ros2_ws/install/ur_robot_driver/share/ur_robot_driver/launch/ur5e.launch.py
[0.331s] -- Up-to-date: /home/rinav/ros2_ws/install/ur_robot_driver/share/ur_robot_driver/launch/ur8long.launch.py
[0.331s] -- Up-to-date: /home/rinav/ros2_ws/install/ur_robot_driver/share/ur_robot_driver/launch/ur12e.launch.py
[0.332s] -- Up-to-date: /home/rinav/ros2_ws/install/ur_robot_driver/share/ament_index/resource_index/package_run_dependencies/ur_robot_driver
[0.332s] -- Up-to-date: /home/rinav/ros2_ws/install/ur_robot_driver/share/ament_index/resource_index/parent_prefix_path/ur_robot_driver
[0.332s] -- Up-to-date: /home/rinav/ros2_ws/install/ur_robot_driver/share/ur_robot_driver/environment/ament_prefix_path.sh
[0.332s] -- Up-to-date: /home/rinav/ros2_ws/install/ur_robot_driver/share/ur_robot_driver/environment/ament_prefix_path.dsv
[0.332s] -- Up-to-date: /home/rinav/ros2_ws/install/ur_robot_driver/share/ur_robot_driver/environment/path.sh
[0.332s] -- Up-to-date: /home/rinav/ros2_ws/install/ur_robot_driver/share/ur_robot_driver/environment/path.dsv
[0.332s] -- Up-to-date: /home/rinav/ros2_ws/install/ur_robot_driver/share/ur_robot_driver/local_setup.bash
[0.332s] -- Up-to-date: /home/rinav/ros2_ws/install/ur_robot_driver/share/ur_robot_driver/local_setup.sh
[0.332s] -- Up-to-date: /home/rinav/ros2_ws/install/ur_robot_driver/share/ur_robot_driver/local_setup.zsh
[0.332s] -- Up-to-date: /home/rinav/ros2_ws/install/ur_robot_driver/share/ur_robot_driver/local_setup.dsv
[0.333s] -- Installing: /home/rinav/ros2_ws/install/ur_robot_driver/share/ur_robot_driver/package.dsv
[0.333s] -- Up-to-date: /home/rinav/ros2_ws/install/ur_robot_driver/share/ament_index/resource_index/packages/ur_robot_driver
[0.333s] -- Up-to-date: /home/rinav/ros2_ws/install/ur_robot_driver/share/ament_index/resource_index/hardware_interface__pluginlib__plugin/ur_robot_driver
[0.333s] -- Up-to-date: /home/rinav/ros2_ws/install/ur_robot_driver/share/ur_robot_driver/cmake/ament_cmake_export_include_directories-extras.cmake
[0.333s] -- Up-to-date: /home/rinav/ros2_ws/install/ur_robot_driver/share/ur_robot_driver/cmake/ament_cmake_export_libraries-extras.cmake
[0.333s] -- Up-to-date: /home/rinav/ros2_ws/install/ur_robot_driver/share/ur_robot_driver/cmake/ament_cmake_export_dependencies-extras.cmake
[0.333s] -- Up-to-date: /home/rinav/ros2_ws/install/ur_robot_driver/share/ur_robot_driver/cmake/ur_robot_driverConfig.cmake
[0.333s] -- Up-to-date: /home/rinav/ros2_ws/install/ur_robot_driver/share/ur_robot_driver/cmake/ur_robot_driverConfig-version.cmake
[0.333s] -- Up-to-date: /home/rinav/ros2_ws/install/ur_robot_driver/share/ur_robot_driver/package.xml
[0.333s] Invoked command in '/home/rinav/ros2_ws/build/ur_robot_driver' returned '0': AMENT_PREFIX_PATH=/home/rinav/ros2_ws/install/ur_controllers:/home/rinav/ros2_ws/install/ur_description:/home/rinav/ros2_ws/install/ur_dashboard_msgs:${AMENT_PREFIX_PATH} CMAKE_PREFIX_PATH=/home/rinav/ros2_ws/install/ur_controllers:/home/rinav/ros2_ws/install/ur_description:/home/rinav/ros2_ws/install/ur_dashboard_msgs:/home/rinav/ros2_ws/install/husky_bringup:/home/rinav/ros2_ws/install/husky_base:/home/rinav/ros2_ws/install/husky_msgs:/home/rinav/ros2_ws/install/husky_control:/home/rinav/ros2_ws/install/husky_description:/home/rinav/ros2_ws/install/mobile_robotics:/opt/ros/humble LD_LIBRARY_PATH=/home/rinav/ros2_ws/install/ur_controllers/lib:/home/rinav/ros2_ws/install/ur_dashboard_msgs/lib:${LD_LIBRARY_PATH} PYTHONPATH=/home/rinav/ros2_ws/install/ur_dashboard_msgs/local/lib/python3.10/dist-packages:${PYTHONPATH} /usr/bin/cmake --install /home/rinav/ros2_ws/build/ur_robot_driver
