[0.019s] Invoking command in '/home/rinav/ros2_ws/build/srdfdom': CMAKE_PREFIX_PATH=${CMAKE_PREFIX_PATH}:/opt/ros/humble:/home/rinav/ros2_ws/install/trial_package:/home/rinav/ros2_ws/install/py_srvcli:/home/rinav/ros2_ws/install/py_pubsub:/home/rinav/ros2_ws/install/mobile_robotics:/home/rinav/ros2_ws/install/launch_param_builder /usr/bin/cmake /home/rinav/ros2_ws/src/srdfdom -DCMAKE_INSTALL_PREFIX=/home/rinav/ros2_ws/install/srdfdom
[0.272s] -- The CXX compiler identification is GNU 11.4.0
[0.272s] -- Detecting CXX compiler ABI info
[0.272s] -- Detecting CXX compiler ABI info - done
[0.272s] -- Check for working CXX compiler: /usr/bin/c++ - skipped
[0.272s] -- Detecting CXX compile features
[0.272s] -- Detecting CXX compile features - done
[0.272s] -- Found Boost: /usr/lib/aarch64-linux-gnu/cmake/Boost-1.74.0/BoostConfig.cmake (found version "1.74.0")  
[0.272s] -- Found ament_cmake: 1.3.12 (/opt/ros/humble/share/ament_cmake/cmake)
[0.272s] -- Found Python3: /usr/bin/python3 (found version "3.10.12") found components: Interpreter 
[0.336s] -- Found urdf: 2.6.1 (/opt/ros/humble/share/urdf/cmake)
[0.376s] -- Found TinyXML2 via Config file: TinyXML2_DIR-NOTFOUND
[0.431s] -- Found ament_cmake_gtest: 1.3.12 (/opt/ros/humble/share/ament_cmake_gtest/cmake)
[0.433s] -- Found ament_cmake_pytest: 1.3.12 (/opt/ros/humble/share/ament_cmake_pytest/cmake)
[0.750s] -- Found gtest sources under '/opt/ros/humble/src/gtest_vendor': C++ tests using 'Google Test' will be built
[0.781s] -- The C compiler identification is GNU 11.4.0
[0.787s] -- Detecting C compiler ABI info
[0.983s] -- Detecting C compiler ABI info - done
[0.988s] -- Check for working C compiler: /usr/bin/cc - skipped
[0.988s] -- Detecting C compile features
[0.989s] -- Detecting C compile features - done
[0.995s] -- Looking for C++ include pthread.h
[1.197s] -- Looking for C++ include pthread.h - found
[1.197s] -- Performing Test CMAKE_HAVE_LIBC_PTHREAD
[1.701s] -- Performing Test CMAKE_HAVE_LIBC_PTHREAD - Success
[1.702s] -- Found Threads: TRUE  
[1.706s] -- Found ament_lint_auto: 0.12.14 (/opt/ros/humble/share/ament_lint_auto/cmake)
[1.736s] -- Configuring done
[1.753s] -- Generating done
[1.762s] -- Build files have been written to: /home/rinav/ros2_ws/build/srdfdom
[1.800s] Invoked command in '/home/rinav/ros2_ws/build/srdfdom' returned '0': CMAKE_PREFIX_PATH=${CMAKE_PREFIX_PATH}:/opt/ros/humble:/home/rinav/ros2_ws/install/trial_package:/home/rinav/ros2_ws/install/py_srvcli:/home/rinav/ros2_ws/install/py_pubsub:/home/rinav/ros2_ws/install/mobile_robotics:/home/rinav/ros2_ws/install/launch_param_builder /usr/bin/cmake /home/rinav/ros2_ws/src/srdfdom -DCMAKE_INSTALL_PREFIX=/home/rinav/ros2_ws/install/srdfdom
[1.820s] Invoking command in '/home/rinav/ros2_ws/build/srdfdom': CMAKE_PREFIX_PATH=${CMAKE_PREFIX_PATH}:/opt/ros/humble:/home/rinav/ros2_ws/install/trial_package:/home/rinav/ros2_ws/install/py_srvcli:/home/rinav/ros2_ws/install/py_pubsub:/home/rinav/ros2_ws/install/mobile_robotics:/home/rinav/ros2_ws/install/launch_param_builder /usr/bin/cmake --build /home/rinav/ros2_ws/build/srdfdom -- -j8 -l8
[5.246s] [  9%] [32mBuilding CXX object CMakeFiles/srdfdom.dir/src/model.cpp.o[0m
[5.246s] [  9%] Built target ament_cmake_python_copy_srdfdom
[5.246s] [ 18%] [32mBuilding CXX object gtest/CMakeFiles/gtest_main.dir/src/gtest_main.cc.o[0m
[5.246s] [ 27%] [32mBuilding CXX object CMakeFiles/srdfdom.dir/src/srdf_writer.cpp.o[0m
[5.246s] [ 36%] [32mBuilding CXX object gtest/CMakeFiles/gtest.dir/src/gtest-all.cc.o[0m
[5.247s] running egg_info
[5.247s] creating srdfdom.egg-info
[5.247s] writing srdfdom.egg-info/PKG-INFO
[5.247s] writing dependency_links to srdfdom.egg-info/dependency_links.txt
[5.247s] writing top-level names to srdfdom.egg-info/top_level.txt
[5.247s] writing manifest file 'srdfdom.egg-info/SOURCES.txt'
[5.247s] reading manifest file 'srdfdom.egg-info/SOURCES.txt'
[5.247s] writing manifest file 'srdfdom.egg-info/SOURCES.txt'
[5.247s] [ 36%] Built target ament_cmake_python_build_srdfdom_egg
[5.247s] [ 45%] [32m[1mLinking CXX static library libgtest_main.a[0m
[5.247s] [ 45%] Built target gtest_main
[5.857s] [ 54%] [32m[1mLinking CXX shared library libsrdfdom.so[0m
[6.162s] [ 54%] Built target srdfdom
[7.228s] [ 63%] [32m[1mLinking CXX static library libgtest.a[0m
[7.395s] [ 63%] Built target gtest
[7.464s] [ 72%] [32mBuilding CXX object CMakeFiles/test_cpp_nl_NL.UTF-8.dir/test/test_parser.cpp.o[0m
[7.489s] [ 81%] [32mBuilding CXX object CMakeFiles/test_cpp_C.dir/test/test_parser.cpp.o[0m
[9.872s] [ 90%] [32m[1mLinking CXX executable test_cpp_C[0m
[10.125s] [ 90%] Built target test_cpp_C
[10.125s] [100%] [32m[1mLinking CXX executable test_cpp_nl_NL.UTF-8[0m
[10.495s] [100%] Built target test_cpp_nl_NL.UTF-8
[10.524s] Invoked command in '/home/rinav/ros2_ws/build/srdfdom' returned '0': CMAKE_PREFIX_PATH=${CMAKE_PREFIX_PATH}:/opt/ros/humble:/home/rinav/ros2_ws/install/trial_package:/home/rinav/ros2_ws/install/py_srvcli:/home/rinav/ros2_ws/install/py_pubsub:/home/rinav/ros2_ws/install/mobile_robotics:/home/rinav/ros2_ws/install/launch_param_builder /usr/bin/cmake --build /home/rinav/ros2_ws/build/srdfdom -- -j8 -l8
[10.525s] Invoking command in '/home/rinav/ros2_ws/build/srdfdom': CMAKE_PREFIX_PATH=${CMAKE_PREFIX_PATH}:/opt/ros/humble:/home/rinav/ros2_ws/install/trial_package:/home/rinav/ros2_ws/install/py_srvcli:/home/rinav/ros2_ws/install/py_pubsub:/home/rinav/ros2_ws/install/mobile_robotics:/home/rinav/ros2_ws/install/launch_param_builder /usr/bin/cmake --install /home/rinav/ros2_ws/build/srdfdom
[10.529s] -- Install configuration: ""
[10.529s] -- Installing: /home/rinav/ros2_ws/install/srdfdom/lib/libsrdfdom.so.2.0.8
[10.529s] -- Set runtime path of "/home/rinav/ros2_ws/install/srdfdom/lib/libsrdfdom.so.2.0.8" to ""
[10.529s] -- Installing: /home/rinav/ros2_ws/install/srdfdom/lib/libsrdfdom.so
[10.529s] -- Installing: /home/rinav/ros2_ws/install/srdfdom/include/srdfdom
[10.529s] -- Installing: /home/rinav/ros2_ws/install/srdfdom/include/srdfdom/srdfdom
[10.529s] -- Installing: /home/rinav/ros2_ws/install/srdfdom/include/srdfdom/srdfdom/model.h
[10.529s] -- Installing: /home/rinav/ros2_ws/install/srdfdom/include/srdfdom/srdfdom/srdf_writer.h
[10.529s] -- Installing: /home/rinav/ros2_ws/install/srdfdom/include/srdfdom/srdfdom/visibility_control.h
[10.529s] -- Installing: /home/rinav/ros2_ws/install/srdfdom/lib/srdfdom/display_srdf
[10.529s] -- Installing: /home/rinav/ros2_ws/install/srdfdom/share/srdfdom/environment/pythonpath.sh
[10.529s] -- Installing: /home/rinav/ros2_ws/install/srdfdom/share/srdfdom/environment/pythonpath.dsv
[10.529s] -- Installing: /home/rinav/ros2_ws/install/srdfdom/local/lib/python3.10/dist-packages/srdfdom-2.0.8-py3.10.egg-info
[10.529s] -- Installing: /home/rinav/ros2_ws/install/srdfdom/local/lib/python3.10/dist-packages/srdfdom-2.0.8-py3.10.egg-info/dependency_links.txt
[10.530s] -- Installing: /home/rinav/ros2_ws/install/srdfdom/local/lib/python3.10/dist-packages/srdfdom-2.0.8-py3.10.egg-info/PKG-INFO
[10.530s] -- Installing: /home/rinav/ros2_ws/install/srdfdom/local/lib/python3.10/dist-packages/srdfdom-2.0.8-py3.10.egg-info/top_level.txt
[10.543s] -- Installing: /home/rinav/ros2_ws/install/srdfdom/local/lib/python3.10/dist-packages/srdfdom-2.0.8-py3.10.egg-info/SOURCES.txt
[10.543s] -- Installing: /home/rinav/ros2_ws/install/srdfdom/local/lib/python3.10/dist-packages/srdfdom
[10.543s] -- Installing: /home/rinav/ros2_ws/install/srdfdom/local/lib/python3.10/dist-packages/srdfdom/srdf.py
[10.543s] -- Installing: /home/rinav/ros2_ws/install/srdfdom/local/lib/python3.10/dist-packages/srdfdom/__init__.py
[10.581s] Listing '/home/rinav/ros2_ws/install/srdfdom/local/lib/python3.10/dist-packages/srdfdom'...
[10.581s] Compiling '/home/rinav/ros2_ws/install/srdfdom/local/lib/python3.10/dist-packages/srdfdom/__init__.py'...
[10.582s] Compiling '/home/rinav/ros2_ws/install/srdfdom/local/lib/python3.10/dist-packages/srdfdom/srdf.py'...
[10.607s] -- Installing: /home/rinav/ros2_ws/install/srdfdom/share/srdfdom/environment/library_path.sh
[10.607s] -- Installing: /home/rinav/ros2_ws/install/srdfdom/share/srdfdom/environment/library_path.dsv
[10.607s] -- Installing: /home/rinav/ros2_ws/install/srdfdom/share/ament_index/resource_index/package_run_dependencies/srdfdom
[10.607s] -- Installing: /home/rinav/ros2_ws/install/srdfdom/share/ament_index/resource_index/parent_prefix_path/srdfdom
[10.608s] -- Installing: /home/rinav/ros2_ws/install/srdfdom/share/srdfdom/environment/ament_prefix_path.sh
[10.608s] -- Installing: /home/rinav/ros2_ws/install/srdfdom/share/srdfdom/environment/ament_prefix_path.dsv
[10.608s] -- Installing: /home/rinav/ros2_ws/install/srdfdom/share/srdfdom/environment/path.sh
[10.608s] -- Installing: /home/rinav/ros2_ws/install/srdfdom/share/srdfdom/environment/path.dsv
[10.608s] -- Installing: /home/rinav/ros2_ws/install/srdfdom/share/srdfdom/local_setup.bash
[10.608s] -- Installing: /home/rinav/ros2_ws/install/srdfdom/share/srdfdom/local_setup.sh
[10.608s] -- Installing: /home/rinav/ros2_ws/install/srdfdom/share/srdfdom/local_setup.zsh
[10.608s] -- Installing: /home/rinav/ros2_ws/install/srdfdom/share/srdfdom/local_setup.dsv
[10.608s] -- Installing: /home/rinav/ros2_ws/install/srdfdom/share/srdfdom/package.dsv
[10.608s] -- Installing: /home/rinav/ros2_ws/install/srdfdom/share/ament_index/resource_index/packages/srdfdom
[10.608s] -- Installing: /home/rinav/ros2_ws/install/srdfdom/share/srdfdom/cmake/srdfdomTargetsExport.cmake
[10.608s] -- Installing: /home/rinav/ros2_ws/install/srdfdom/share/srdfdom/cmake/srdfdomTargetsExport-noconfig.cmake
[10.608s] -- Installing: /home/rinav/ros2_ws/install/srdfdom/share/srdfdom/cmake/ament_cmake_export_targets-extras.cmake
[10.608s] -- Installing: /home/rinav/ros2_ws/install/srdfdom/share/srdfdom/cmake/ament_cmake_export_dependencies-extras.cmake
[10.608s] -- Installing: /home/rinav/ros2_ws/install/srdfdom/share/srdfdom/cmake/srdfdomConfig.cmake
[10.608s] -- Installing: /home/rinav/ros2_ws/install/srdfdom/share/srdfdom/cmake/srdfdomConfig-version.cmake
[10.608s] -- Installing: /home/rinav/ros2_ws/install/srdfdom/share/srdfdom/package.xml
[10.621s] Invoked command in '/home/rinav/ros2_ws/build/srdfdom' returned '0': CMAKE_PREFIX_PATH=${CMAKE_PREFIX_PATH}:/opt/ros/humble:/home/rinav/ros2_ws/install/trial_package:/home/rinav/ros2_ws/install/py_srvcli:/home/rinav/ros2_ws/install/py_pubsub:/home/rinav/ros2_ws/install/mobile_robotics:/home/rinav/ros2_ws/install/launch_param_builder /usr/bin/cmake --install /home/rinav/ros2_ws/build/srdfdom
