[0.030s] Invoking command in '/home/rinav/ros2_ws/build/husky_ur3_ignition': CMAKE_PREFIX_PATH=${CMAKE_PREFIX_PATH}:/home/rinav/ros2_ws/install/trial_package:/home/rinav/ros2_ws/install/py_srvcli:/home/rinav/ros2_ws/install/py_pubsub:/home/rinav/ros2_ws/install/mobile_robotics:/opt/ros/humble /usr/bin/cmake /home/rinav/ros2_ws/src/husky_ur3_ignition -DCMAKE_INSTALL_PREFIX=/home/rinav/ros2_ws/install/husky_ur3_ignition
[0.652s] -- The C compiler identification is GNU 11.4.0
[0.652s] -- The CXX compiler identification is GNU 11.4.0
[0.652s] -- Detecting C compiler ABI info
[0.652s] -- Detecting C compiler ABI info - done
[0.652s] -- Check for working C compiler: /usr/bin/cc - skipped
[0.652s] -- Detecting C compile features
[0.652s] -- Detecting C compile features - done
[0.652s] -- Detecting CXX compiler ABI info
[0.653s] -- Detecting CXX compiler ABI info - done
[0.653s] -- Check for working CXX compiler: /usr/bin/c++ - skipped
[0.653s] -- Detecting CXX compile features
[0.653s] -- Detecting CXX compile features - done
[0.653s] -- Found ament_cmake: 1.3.12 (/opt/ros/humble/share/ament_cmake/cmake)
[0.653s] -- Found Python3: /usr/bin/python3 (found version "3.10.12") found components: Interpreter 
[0.653s] -- Found ament_lint_auto: 0.12.14 (/opt/ros/humble/share/ament_lint_auto/cmake)
[0.653s] -- Added test 'lint_cmake' to check CMake code style
[0.655s] -- Added test 'xmllint' to check XML markup files
[0.655s] -- Configuring done
[0.655s] -- Generating done
[0.655s] -- Build files have been written to: /home/rinav/ros2_ws/build/husky_ur3_ignition
[0.660s] Invoked command in '/home/rinav/ros2_ws/build/husky_ur3_ignition' returned '0': CMAKE_PREFIX_PATH=${CMAKE_PREFIX_PATH}:/home/rinav/ros2_ws/install/trial_package:/home/rinav/ros2_ws/install/py_srvcli:/home/rinav/ros2_ws/install/py_pubsub:/home/rinav/ros2_ws/install/mobile_robotics:/opt/ros/humble /usr/bin/cmake /home/rinav/ros2_ws/src/husky_ur3_ignition -DCMAKE_INSTALL_PREFIX=/home/rinav/ros2_ws/install/husky_ur3_ignition
[0.661s] Invoking command in '/home/rinav/ros2_ws/build/husky_ur3_ignition': CMAKE_PREFIX_PATH=${CMAKE_PREFIX_PATH}:/home/rinav/ros2_ws/install/trial_package:/home/rinav/ros2_ws/install/py_srvcli:/home/rinav/ros2_ws/install/py_pubsub:/home/rinav/ros2_ws/install/mobile_robotics:/opt/ros/humble /usr/bin/cmake --build /home/rinav/ros2_ws/build/husky_ur3_ignition -- -j8 -l8
[0.693s] Invoked command in '/home/rinav/ros2_ws/build/husky_ur3_ignition' returned '0': CMAKE_PREFIX_PATH=${CMAKE_PREFIX_PATH}:/home/rinav/ros2_ws/install/trial_package:/home/rinav/ros2_ws/install/py_srvcli:/home/rinav/ros2_ws/install/py_pubsub:/home/rinav/ros2_ws/install/mobile_robotics:/opt/ros/humble /usr/bin/cmake --build /home/rinav/ros2_ws/build/husky_ur3_ignition -- -j8 -l8
[0.694s] Invoking command in '/home/rinav/ros2_ws/build/husky_ur3_ignition': CMAKE_PREFIX_PATH=${CMAKE_PREFIX_PATH}:/home/rinav/ros2_ws/install/trial_package:/home/rinav/ros2_ws/install/py_srvcli:/home/rinav/ros2_ws/install/py_pubsub:/home/rinav/ros2_ws/install/mobile_robotics:/opt/ros/humble /usr/bin/cmake --install /home/rinav/ros2_ws/build/husky_ur3_ignition
[0.701s] -- Install configuration: ""
[0.701s] -- Installing: /home/rinav/ros2_ws/install/husky_ur3_ignition/share/ament_index/resource_index/package_run_dependencies/husky_ur3_ignition
[0.702s] -- Installing: /home/rinav/ros2_ws/install/husky_ur3_ignition/share/ament_index/resource_index/parent_prefix_path/husky_ur3_ignition
[0.702s] -- Installing: /home/rinav/ros2_ws/install/husky_ur3_ignition/share/husky_ur3_ignition/environment/ament_prefix_path.sh
[0.702s] -- Installing: /home/rinav/ros2_ws/install/husky_ur3_ignition/share/husky_ur3_ignition/environment/ament_prefix_path.dsv
[0.702s] -- Installing: /home/rinav/ros2_ws/install/husky_ur3_ignition/share/husky_ur3_ignition/environment/path.sh
[0.702s] -- Installing: /home/rinav/ros2_ws/install/husky_ur3_ignition/share/husky_ur3_ignition/environment/path.dsv
[0.703s] -- Installing: /home/rinav/ros2_ws/install/husky_ur3_ignition/share/husky_ur3_ignition/local_setup.bash
[0.703s] -- Installing: /home/rinav/ros2_ws/install/husky_ur3_ignition/share/husky_ur3_ignition/local_setup.sh
[0.703s] -- Installing: /home/rinav/ros2_ws/install/husky_ur3_ignition/share/husky_ur3_ignition/local_setup.zsh
[0.703s] -- Installing: /home/rinav/ros2_ws/install/husky_ur3_ignition/share/husky_ur3_ignition/local_setup.dsv
[0.703s] -- Installing: /home/rinav/ros2_ws/install/husky_ur3_ignition/share/husky_ur3_ignition/package.dsv
[0.703s] -- Installing: /home/rinav/ros2_ws/install/husky_ur3_ignition/share/ament_index/resource_index/packages/husky_ur3_ignition
[0.703s] -- Installing: /home/rinav/ros2_ws/install/husky_ur3_ignition/share/husky_ur3_ignition/cmake/husky_ur3_ignitionConfig.cmake
[0.703s] -- Installing: /home/rinav/ros2_ws/install/husky_ur3_ignition/share/husky_ur3_ignition/cmake/husky_ur3_ignitionConfig-version.cmake
[0.704s] -- Installing: /home/rinav/ros2_ws/install/husky_ur3_ignition/share/husky_ur3_ignition/package.xml
[0.705s] Invoked command in '/home/rinav/ros2_ws/build/husky_ur3_ignition' returned '0': CMAKE_PREFIX_PATH=${CMAKE_PREFIX_PATH}:/home/rinav/ros2_ws/install/trial_package:/home/rinav/ros2_ws/install/py_srvcli:/home/rinav/ros2_ws/install/py_pubsub:/home/rinav/ros2_ws/install/mobile_robotics:/opt/ros/humble /usr/bin/cmake --install /home/rinav/ros2_ws/build/husky_ur3_ignition
