[0.014s] Invoking command in '/home/rinav/ros2_ws/build/ur_robot_driver': CMAKE_PREFIX_PATH=/home/rinav/ros2_ws/install/ur_controllers:/home/rinav/ros2_ws/install/ur_description:/home/rinav/ros2_ws/install/ur_dashboard_msgs:/home/rinav/ros2_ws/src/husky/install/husky_desktop:/home/rinav/ros2_ws/src/husky/install/husky_viz:/home/rinav/ros2_ws/src/husky/install/husky_simulator:/home/rinav/ros2_ws/src/husky/install/husky_robot:/home/rinav/ros2_ws/src/husky/install/husky_bringup:/home/rinav/ros2_ws/src/husky/install/husky_base:/home/rinav/ros2_ws/src/husky/install/husky_msgs:/home/rinav/ros2_ws/src/husky/install/husky_gazebo:/home/rinav/ros2_ws/src/husky/install/husky_control:/home/rinav/ros2_ws/src/husky/install/husky_description:/home/rinav/ros2_ws/install/ur:/home/rinav/ros2_ws/install/ur_calibration:/home/rinav/ros2_ws/install/ur_robot_driver:/home/rinav/ros2_ws/install/ur_moveit_config:/home/rinav/ros2_ws/install/ur_bringup:/home/rinav/ros2_ws/install/turtlesim:/home/rinav/ros2_ws/install/robotis_manipulator:/home/rinav/ros2_ws/install/husky_desktop:/home/rinav/ros2_ws/install/husky_viz:/home/rinav/ros2_ws/install/husky_ur3_ignition:/home/rinav/ros2_ws/install/husky_simulator:/home/rinav/ros2_ws/install/husky_robot:/home/rinav/ros2_ws/install/husky_gazebo:/home/rinav/ros2_ws/install/husky_bringup:/home/rinav/ros2_ws/install/husky_base:/home/rinav/ros2_ws/install/husky_msgs:/home/rinav/ros2_ws/install/husky_control:/home/rinav/ros2_ws/install/husky_description:/home/rinav/ros2_ws/install/trial_package:/home/rinav/ros2_ws/install/py_srvcli:/home/rinav/ros2_ws/install/py_pubsub:/home/rinav/ros2_ws/install/mobile_robotics:/opt/ros/humble LD_LIBRARY_PATH=/home/rinav/ros2_ws/install/ur_controllers/lib:/home/rinav/ros2_ws/install/ur_dashboard_msgs/lib:/home/rinav/ros2_ws/src/husky/install/husky_base/lib:/home/rinav/ros2_ws/src/husky/install/husky_msgs/lib:/home/rinav/ros2_ws/install/ur_robot_driver/lib:/home/rinav/ros2_ws/install/turtlesim/lib:/home/rinav/ros2_ws/install/robotis_manipulator/lib:/home/rinav/ros2_ws/install/husky_base/lib:/home/rinav/ros2_ws/install/husky_msgs/lib:/opt/ros/humble/opt/rviz_ogre_vendor/lib:/opt/ros/humble/lib/aarch64-linux-gnu:/opt/ros/humble/lib /usr/bin/cmake --build /home/rinav/ros2_ws/build/ur_robot_driver -- -j8 -l8
[0.048s] [35m[1mConsolidate compiler generated dependencies of target ur_ros2_control_node[0m
[0.048s] [35m[1mConsolidate compiler generated dependencies of target trajectory_until_node[0m
[0.048s] [35m[1mConsolidate compiler generated dependencies of target robot_state_helper[0m
[0.048s] [35m[1mConsolidate compiler generated dependencies of target dashboard_client[0m
[0.049s] [35m[1mConsolidate compiler generated dependencies of target ur_robot_driver_plugin[0m
[0.049s] [35m[1mConsolidate compiler generated dependencies of target controller_stopper_node[0m
[0.061s] [35m[1mConsolidate compiler generated dependencies of target urscript_interface[0m
[0.063s] [  9%] Built target ur_ros2_control_node
[0.069s] [ 18%] Built target trajectory_until_node
[0.070s] [ 22%] [32m[1mLinking CXX executable robot_state_helper[0m
[0.074s] [ 22%] Built target ament_cmake_python_copy_ur_robot_driver
[0.076s] [ 27%] [32m[1mLinking CXX executable controller_stopper_node[0m
[0.077s] [ 31%] [32m[1mLinking CXX executable dashboard_client[0m
[0.077s] [ 36%] [32m[1mLinking CXX shared library libur_robot_driver_plugin.so[0m
[0.077s] [ 40%] [32m[1mLinking CXX executable urscript_interface[0m
[0.311s] running egg_info
[0.311s] writing ur_robot_driver.egg-info/PKG-INFO
[0.312s] writing dependency_links to ur_robot_driver.egg-info/dependency_links.txt
[0.312s] writing top-level names to ur_robot_driver.egg-info/top_level.txt
[0.313s] reading manifest file 'ur_robot_driver.egg-info/SOURCES.txt'
[0.314s] writing manifest file 'ur_robot_driver.egg-info/SOURCES.txt'
[0.338s] [ 40%] Built target ament_cmake_python_build_ur_robot_driver_egg
[0.406s] [ 45%] Built target urscript_interface
[0.462s] [ 54%] Built target controller_stopper_node
[0.513s] [ 68%] Built target dashboard_client
[0.661s] [ 81%] Built target robot_state_helper
[0.979s] [100%] Built target ur_robot_driver_plugin
[0.990s] Invoked command in '/home/rinav/ros2_ws/build/ur_robot_driver' returned '0': CMAKE_PREFIX_PATH=/home/rinav/ros2_ws/install/ur_controllers:/home/rinav/ros2_ws/install/ur_description:/home/rinav/ros2_ws/install/ur_dashboard_msgs:/home/rinav/ros2_ws/src/husky/install/husky_desktop:/home/rinav/ros2_ws/src/husky/install/husky_viz:/home/rinav/ros2_ws/src/husky/install/husky_simulator:/home/rinav/ros2_ws/src/husky/install/husky_robot:/home/rinav/ros2_ws/src/husky/install/husky_bringup:/home/rinav/ros2_ws/src/husky/install/husky_base:/home/rinav/ros2_ws/src/husky/install/husky_msgs:/home/rinav/ros2_ws/src/husky/install/husky_gazebo:/home/rinav/ros2_ws/src/husky/install/husky_control:/home/rinav/ros2_ws/src/husky/install/husky_description:/home/rinav/ros2_ws/install/ur:/home/rinav/ros2_ws/install/ur_calibration:/home/rinav/ros2_ws/install/ur_robot_driver:/home/rinav/ros2_ws/install/ur_moveit_config:/home/rinav/ros2_ws/install/ur_bringup:/home/rinav/ros2_ws/install/turtlesim:/home/rinav/ros2_ws/install/robotis_manipulator:/home/rinav/ros2_ws/install/husky_desktop:/home/rinav/ros2_ws/install/husky_viz:/home/rinav/ros2_ws/install/husky_ur3_ignition:/home/rinav/ros2_ws/install/husky_simulator:/home/rinav/ros2_ws/install/husky_robot:/home/rinav/ros2_ws/install/husky_gazebo:/home/rinav/ros2_ws/install/husky_bringup:/home/rinav/ros2_ws/install/husky_base:/home/rinav/ros2_ws/install/husky_msgs:/home/rinav/ros2_ws/install/husky_control:/home/rinav/ros2_ws/install/husky_description:/home/rinav/ros2_ws/install/trial_package:/home/rinav/ros2_ws/install/py_srvcli:/home/rinav/ros2_ws/install/py_pubsub:/home/rinav/ros2_ws/install/mobile_robotics:/opt/ros/humble LD_LIBRARY_PATH=/home/rinav/ros2_ws/install/ur_controllers/lib:/home/rinav/ros2_ws/install/ur_dashboard_msgs/lib:/home/rinav/ros2_ws/src/husky/install/husky_base/lib:/home/rinav/ros2_ws/src/husky/install/husky_msgs/lib:/home/rinav/ros2_ws/install/ur_robot_driver/lib:/home/rinav/ros2_ws/install/turtlesim/lib:/home/rinav/ros2_ws/install/robotis_manipulator/lib:/home/rinav/ros2_ws/install/husky_base/lib:/home/rinav/ros2_ws/install/husky_msgs/lib:/opt/ros/humble/opt/rviz_ogre_vendor/lib:/opt/ros/humble/lib/aarch64-linux-gnu:/opt/ros/humble/lib /usr/bin/cmake --build /home/rinav/ros2_ws/build/ur_robot_driver -- -j8 -l8
[0.991s] Invoking command in '/home/rinav/ros2_ws/build/ur_robot_driver': CMAKE_PREFIX_PATH=/home/rinav/ros2_ws/install/ur_controllers:/home/rinav/ros2_ws/install/ur_description:/home/rinav/ros2_ws/install/ur_dashboard_msgs:/home/rinav/ros2_ws/src/husky/install/husky_desktop:/home/rinav/ros2_ws/src/husky/install/husky_viz:/home/rinav/ros2_ws/src/husky/install/husky_simulator:/home/rinav/ros2_ws/src/husky/install/husky_robot:/home/rinav/ros2_ws/src/husky/install/husky_bringup:/home/rinav/ros2_ws/src/husky/install/husky_base:/home/rinav/ros2_ws/src/husky/install/husky_msgs:/home/rinav/ros2_ws/src/husky/install/husky_gazebo:/home/rinav/ros2_ws/src/husky/install/husky_control:/home/rinav/ros2_ws/src/husky/install/husky_description:/home/rinav/ros2_ws/install/ur:/home/rinav/ros2_ws/install/ur_calibration:/home/rinav/ros2_ws/install/ur_robot_driver:/home/rinav/ros2_ws/install/ur_moveit_config:/home/rinav/ros2_ws/install/ur_bringup:/home/rinav/ros2_ws/install/turtlesim:/home/rinav/ros2_ws/install/robotis_manipulator:/home/rinav/ros2_ws/install/husky_desktop:/home/rinav/ros2_ws/install/husky_viz:/home/rinav/ros2_ws/install/husky_ur3_ignition:/home/rinav/ros2_ws/install/husky_simulator:/home/rinav/ros2_ws/install/husky_robot:/home/rinav/ros2_ws/install/husky_gazebo:/home/rinav/ros2_ws/install/husky_bringup:/home/rinav/ros2_ws/install/husky_base:/home/rinav/ros2_ws/install/husky_msgs:/home/rinav/ros2_ws/install/husky_control:/home/rinav/ros2_ws/install/husky_description:/home/rinav/ros2_ws/install/trial_package:/home/rinav/ros2_ws/install/py_srvcli:/home/rinav/ros2_ws/install/py_pubsub:/home/rinav/ros2_ws/install/mobile_robotics:/opt/ros/humble LD_LIBRARY_PATH=/home/rinav/ros2_ws/install/ur_controllers/lib:/home/rinav/ros2_ws/install/ur_dashboard_msgs/lib:/home/rinav/ros2_ws/src/husky/install/husky_base/lib:/home/rinav/ros2_ws/src/husky/install/husky_msgs/lib:/home/rinav/ros2_ws/install/ur_robot_driver/lib:/home/rinav/ros2_ws/install/turtlesim/lib:/home/rinav/ros2_ws/install/robotis_manipulator/lib:/home/rinav/ros2_ws/install/husky_base/lib:/home/rinav/ros2_ws/install/husky_msgs/lib:/opt/ros/humble/opt/rviz_ogre_vendor/lib:/opt/ros/humble/lib/aarch64-linux-gnu:/opt/ros/humble/lib /usr/bin/cmake --install /home/rinav/ros2_ws/build/ur_robot_driver
[0.995s] -- Install configuration: "RelWithDebInfo"
[0.995s] -- Up-to-date: /home/rinav/ros2_ws/install/ur_robot_driver/share/ur_robot_driver/hardware_interface_plugin.xml
[0.995s] -- Installing: /home/rinav/ros2_ws/install/ur_robot_driver/lib/ur_robot_driver/controller_stopper_node
[1.018s] -- Set runtime path of "/home/rinav/ros2_ws/install/ur_robot_driver/lib/ur_robot_driver/controller_stopper_node" to ""
[1.018s] -- Installing: /home/rinav/ros2_ws/install/ur_robot_driver/lib/ur_robot_driver/dashboard_client
[1.042s] -- Set runtime path of "/home/rinav/ros2_ws/install/ur_robot_driver/lib/ur_robot_driver/dashboard_client" to ""
[1.042s] -- Installing: /home/rinav/ros2_ws/install/ur_robot_driver/lib/ur_robot_driver/robot_state_helper
[1.078s] -- Set runtime path of "/home/rinav/ros2_ws/install/ur_robot_driver/lib/ur_robot_driver/robot_state_helper" to ""
[1.079s] -- Up-to-date: /home/rinav/ros2_ws/install/ur_robot_driver/lib/ur_robot_driver/trajectory_until_node
[1.079s] -- Up-to-date: /home/rinav/ros2_ws/install/ur_robot_driver/lib/ur_robot_driver/ur_ros2_control_node
[1.079s] -- Installing: /home/rinav/ros2_ws/install/ur_robot_driver/lib/ur_robot_driver/urscript_interface
[1.095s] -- Set runtime path of "/home/rinav/ros2_ws/install/ur_robot_driver/lib/ur_robot_driver/urscript_interface" to ""
[1.095s] -- Installing: /home/rinav/ros2_ws/install/ur_robot_driver/lib/libur_robot_driver_plugin.so
[1.174s] -- Set runtime path of "/home/rinav/ros2_ws/install/ur_robot_driver/lib/libur_robot_driver_plugin.so" to ""
[1.174s] -- Up-to-date: /home/rinav/ros2_ws/install/ur_robot_driver/include
[1.174s] -- Up-to-date: /home/rinav/ros2_ws/install/ur_robot_driver/include/ur_robot_driver
[1.174s] -- Up-to-date: /home/rinav/ros2_ws/install/ur_robot_driver/include/ur_robot_driver/dashboard_client_ros.hpp
[1.174s] -- Up-to-date: /home/rinav/ros2_ws/install/ur_robot_driver/include/ur_robot_driver/hardware_interface.hpp
[1.174s] -- Up-to-date: /home/rinav/ros2_ws/install/ur_robot_driver/include/ur_robot_driver/urcl_log_handler.hpp
[1.174s] -- Up-to-date: /home/rinav/ros2_ws/install/ur_robot_driver/include/ur_robot_driver/robot_state_helper.hpp
[1.174s] -- Up-to-date: /home/rinav/ros2_ws/install/ur_robot_driver/include/ur_robot_driver/controller_stopper.hpp
[1.174s] -- Up-to-date: /home/rinav/ros2_ws/install/ur_robot_driver/include/ur_robot_driver/trajectory_until_node.hpp
[1.174s] -- Up-to-date: /home/rinav/ros2_ws/install/ur_robot_driver/share/ur_robot_driver/environment/library_path.sh
[1.174s] -- Up-to-date: /home/rinav/ros2_ws/install/ur_robot_driver/share/ur_robot_driver/environment/library_path.dsv
[1.174s] -- Up-to-date: /home/rinav/ros2_ws/install/ur_robot_driver/share/ur_robot_driver/resources
[1.174s] -- Up-to-date: /home/rinav/ros2_ws/install/ur_robot_driver/share/ur_robot_driver/resources/externalcontrol-1.0.5.urcap
[1.174s] -- Up-to-date: /home/rinav/ros2_ws/install/ur_robot_driver/share/ur_robot_driver/resources/rtde_input_recipe.txt
[1.174s] -- Up-to-date: /home/rinav/ros2_ws/install/ur_robot_driver/share/ur_robot_driver/resources/ros_control.urscript
[1.174s] -- Up-to-date: /home/rinav/ros2_ws/install/ur_robot_driver/share/ur_robot_driver/resources/rtde_output_recipe.txt
[1.175s] -- Up-to-date: /home/rinav/ros2_ws/install/ur_robot_driver/share/ur_robot_driver/resources/rs485-1.0.urcap
[1.175s] -- Up-to-date: /home/rinav/ros2_ws/install/ur_robot_driver/include
[1.175s] -- Up-to-date: /home/rinav/ros2_ws/install/ur_robot_driver/include/ur_robot_driver
[1.175s] -- Up-to-date: /home/rinav/ros2_ws/install/ur_robot_driver/include/ur_robot_driver/dashboard_client_ros.hpp
[1.175s] -- Up-to-date: /home/rinav/ros2_ws/install/ur_robot_driver/include/ur_robot_driver/hardware_interface.hpp
[1.175s] -- Up-to-date: /home/rinav/ros2_ws/install/ur_robot_driver/include/ur_robot_driver/urcl_log_handler.hpp
[1.175s] -- Up-to-date: /home/rinav/ros2_ws/install/ur_robot_driver/include/ur_robot_driver/robot_state_helper.hpp
[1.175s] -- Up-to-date: /home/rinav/ros2_ws/install/ur_robot_driver/include/ur_robot_driver/controller_stopper.hpp
[1.175s] -- Up-to-date: /home/rinav/ros2_ws/install/ur_robot_driver/include/ur_robot_driver/trajectory_until_node.hpp
[1.175s] -- Up-to-date: /home/rinav/ros2_ws/install/ur_robot_driver/share/ur_robot_driver/environment/pythonpath.sh
[1.175s] -- Up-to-date: /home/rinav/ros2_ws/install/ur_robot_driver/share/ur_robot_driver/environment/pythonpath.dsv
[1.175s] -- Up-to-date: /home/rinav/ros2_ws/install/ur_robot_driver/local/lib/python3.10/dist-packages/ur_robot_driver-2.10.0-py3.10.egg-info
[1.175s] -- Installing: /home/rinav/ros2_ws/install/ur_robot_driver/local/lib/python3.10/dist-packages/ur_robot_driver-2.10.0-py3.10.egg-info/dependency_links.txt
[1.175s] -- Installing: /home/rinav/ros2_ws/install/ur_robot_driver/local/lib/python3.10/dist-packages/ur_robot_driver-2.10.0-py3.10.egg-info/PKG-INFO
[1.175s] -- Installing: /home/rinav/ros2_ws/install/ur_robot_driver/local/lib/python3.10/dist-packages/ur_robot_driver-2.10.0-py3.10.egg-info/top_level.txt
[1.175s] -- Installing: /home/rinav/ros2_ws/install/ur_robot_driver/local/lib/python3.10/dist-packages/ur_robot_driver-2.10.0-py3.10.egg-info/SOURCES.txt
[1.175s] -- Up-to-date: /home/rinav/ros2_ws/install/ur_robot_driver/local/lib/python3.10/dist-packages/ur_robot_driver
[1.175s] -- Up-to-date: /home/rinav/ros2_ws/install/ur_robot_driver/local/lib/python3.10/dist-packages/ur_robot_driver/__init__.py
[1.200s] Listing '/home/rinav/ros2_ws/install/ur_robot_driver/local/lib/python3.10/dist-packages/ur_robot_driver'...
[1.204s] -- Up-to-date: /home/rinav/ros2_ws/install/ur_robot_driver/lib/ur_robot_driver/tool_communication.py
[1.204s] -- Up-to-date: /home/rinav/ros2_ws/install/ur_robot_driver/lib/ur_robot_driver/example_move.py
[1.204s] -- Up-to-date: /home/rinav/ros2_ws/install/ur_robot_driver/lib/ur_robot_driver/start_ursim.sh
[1.204s] -- Up-to-date: /home/rinav/ros2_ws/install/ur_robot_driver/lib/ur_robot_driver/examples.py
[1.204s] -- Up-to-date: /home/rinav/ros2_ws/install/ur_robot_driver/lib/ur_robot_driver/force_mode.py
[1.204s] -- Up-to-date: /home/rinav/ros2_ws/install/ur_robot_driver/lib/ur_robot_driver/move_until_example.py
[1.204s] -- Up-to-date: /home/rinav/ros2_ws/install/ur_robot_driver/bin/wait_dashboard_server.sh
[1.204s] -- Up-to-date: /home/rinav/ros2_ws/install/ur_robot_driver/lib/ur_robot_driver/start_ursim.sh
[1.204s] -- Up-to-date: /home/rinav/ros2_ws/install/ur_robot_driver/share/ur_robot_driver/config
[1.205s] -- Up-to-date: /home/rinav/ros2_ws/install/ur_robot_driver/share/ur_robot_driver/config/test_velocity_goal_publishers_config.yaml
[1.205s] -- Up-to-date: /home/rinav/ros2_ws/install/ur_robot_driver/share/ur_robot_driver/config/test_goal_publishers_config.yaml
[1.205s] -- Up-to-date: /home/rinav/ros2_ws/install/ur_robot_driver/share/ur_robot_driver/config/ur20_update_rate.yaml
[1.205s] -- Up-to-date: /home/rinav/ros2_ws/install/ur_robot_driver/share/ur_robot_driver/config/ur_controllers.yaml
[1.205s] -- Up-to-date: /home/rinav/ros2_ws/install/ur_robot_driver/share/ur_robot_driver/config/ur5e_update_rate.yaml
[1.205s] -- Up-to-date: /home/rinav/ros2_ws/install/ur_robot_driver/share/ur_robot_driver/config/ur8long_update_rate.yaml
[1.205s] -- Up-to-date: /home/rinav/ros2_ws/install/ur_robot_driver/share/ur_robot_driver/config/ur16e_update_rate.yaml
[1.205s] -- Up-to-date: /home/rinav/ros2_ws/install/ur_robot_driver/share/ur_robot_driver/config/ur12e_update_rate.yaml
[1.205s] -- Up-to-date: /home/rinav/ros2_ws/install/ur_robot_driver/share/ur_robot_driver/config/ur3e_update_rate.yaml
[1.205s] -- Up-to-date: /home/rinav/ros2_ws/install/ur_robot_driver/share/ur_robot_driver/config/ur3_update_rate.yaml
[1.205s] -- Up-to-date: /home/rinav/ros2_ws/install/ur_robot_driver/share/ur_robot_driver/config/ur18_update_rate.yaml
[1.205s] -- Up-to-date: /home/rinav/ros2_ws/install/ur_robot_driver/share/ur_robot_driver/config/ur7e_update_rate.yaml
[1.205s] -- Up-to-date: /home/rinav/ros2_ws/install/ur_robot_driver/share/ur_robot_driver/config/ur5_update_rate.yaml
[1.205s] -- Up-to-date: /home/rinav/ros2_ws/install/ur_robot_driver/share/ur_robot_driver/config/ur10e_update_rate.yaml
[1.205s] -- Up-to-date: /home/rinav/ros2_ws/install/ur_robot_driver/share/ur_robot_driver/config/ur10_update_rate.yaml
[1.205s] -- Up-to-date: /home/rinav/ros2_ws/install/ur_robot_driver/share/ur_robot_driver/config/ur15_update_rate.yaml
[1.205s] -- Up-to-date: /home/rinav/ros2_ws/install/ur_robot_driver/share/ur_robot_driver/config/ur30_update_rate.yaml
[1.205s] -- Up-to-date: /home/rinav/ros2_ws/install/ur_robot_driver/share/ur_robot_driver/launch
[1.205s] -- Up-to-date: /home/rinav/ros2_ws/install/ur_robot_driver/share/ur_robot_driver/launch/ur16e.launch.py
[1.205s] -- Up-to-date: /home/rinav/ros2_ws/install/ur_robot_driver/share/ur_robot_driver/launch/ur7e.launch.py
[1.205s] -- Up-to-date: /home/rinav/ros2_ws/install/ur_robot_driver/share/ur_robot_driver/launch/ur10e.launch.py
[1.205s] -- Up-to-date: /home/rinav/ros2_ws/install/ur_robot_driver/share/ur_robot_driver/launch/ur20.launch.py
[1.205s] -- Up-to-date: /home/rinav/ros2_ws/install/ur_robot_driver/share/ur_robot_driver/launch/ur15.launch.py
[1.205s] -- Up-to-date: /home/rinav/ros2_ws/install/ur_robot_driver/share/ur_robot_driver/launch/test_joint_trajectory_controller.launch.py
[1.206s] -- Up-to-date: /home/rinav/ros2_ws/install/ur_robot_driver/share/ur_robot_driver/launch/ur18.launch.py
[1.206s] -- Up-to-date: /home/rinav/ros2_ws/install/ur_robot_driver/share/ur_robot_driver/launch/ur_dashboard_client.launch.py
[1.206s] -- Up-to-date: /home/rinav/ros2_ws/install/ur_robot_driver/share/ur_robot_driver/launch/ur5.launch.py
[1.206s] -- Up-to-date: /home/rinav/ros2_ws/install/ur_robot_driver/share/ur_robot_driver/launch/ur_control.launch.py
[1.206s] -- Up-to-date: /home/rinav/ros2_ws/install/ur_robot_driver/share/ur_robot_driver/launch/test_scaled_joint_trajectory_controller.launch.py
[1.206s] -- Up-to-date: /home/rinav/ros2_ws/install/ur_robot_driver/share/ur_robot_driver/launch/test_forward_velocity_controller.launch.py
[1.206s] -- Up-to-date: /home/rinav/ros2_ws/install/ur_robot_driver/share/ur_robot_driver/launch/ur10.launch.py
[1.206s] -- Up-to-date: /home/rinav/ros2_ws/install/ur_robot_driver/share/ur_robot_driver/launch/ur3.launch.py
[1.206s] -- Up-to-date: /home/rinav/ros2_ws/install/ur_robot_driver/share/ur_robot_driver/launch/ur3e.launch.py
[1.206s] -- Up-to-date: /home/rinav/ros2_ws/install/ur_robot_driver/share/ur_robot_driver/launch/ur30.launch.py
[1.206s] -- Up-to-date: /home/rinav/ros2_ws/install/ur_robot_driver/share/ur_robot_driver/launch/ur5e.launch.py
[1.206s] -- Up-to-date: /home/rinav/ros2_ws/install/ur_robot_driver/share/ur_robot_driver/launch/ur8long.launch.py
[1.206s] -- Up-to-date: /home/rinav/ros2_ws/install/ur_robot_driver/share/ur_robot_driver/launch/ur12e.launch.py
[1.206s] -- Up-to-date: /home/rinav/ros2_ws/install/ur_robot_driver/share/ament_index/resource_index/package_run_dependencies/ur_robot_driver
[1.206s] -- Up-to-date: /home/rinav/ros2_ws/install/ur_robot_driver/share/ament_index/resource_index/parent_prefix_path/ur_robot_driver
[1.206s] -- Up-to-date: /home/rinav/ros2_ws/install/ur_robot_driver/share/ur_robot_driver/environment/ament_prefix_path.sh
[1.206s] -- Up-to-date: /home/rinav/ros2_ws/install/ur_robot_driver/share/ur_robot_driver/environment/ament_prefix_path.dsv
[1.206s] -- Up-to-date: /home/rinav/ros2_ws/install/ur_robot_driver/share/ur_robot_driver/environment/path.sh
[1.206s] -- Up-to-date: /home/rinav/ros2_ws/install/ur_robot_driver/share/ur_robot_driver/environment/path.dsv
[1.206s] -- Up-to-date: /home/rinav/ros2_ws/install/ur_robot_driver/share/ur_robot_driver/local_setup.bash
[1.206s] -- Up-to-date: /home/rinav/ros2_ws/install/ur_robot_driver/share/ur_robot_driver/local_setup.sh
[1.206s] -- Up-to-date: /home/rinav/ros2_ws/install/ur_robot_driver/share/ur_robot_driver/local_setup.zsh
[1.206s] -- Up-to-date: /home/rinav/ros2_ws/install/ur_robot_driver/share/ur_robot_driver/local_setup.dsv
[1.206s] -- Installing: /home/rinav/ros2_ws/install/ur_robot_driver/share/ur_robot_driver/package.dsv
[1.206s] -- Up-to-date: /home/rinav/ros2_ws/install/ur_robot_driver/share/ament_index/resource_index/packages/ur_robot_driver
[1.206s] -- Up-to-date: /home/rinav/ros2_ws/install/ur_robot_driver/share/ament_index/resource_index/hardware_interface__pluginlib__plugin/ur_robot_driver
[1.206s] -- Up-to-date: /home/rinav/ros2_ws/install/ur_robot_driver/share/ur_robot_driver/cmake/ament_cmake_export_include_directories-extras.cmake
[1.206s] -- Up-to-date: /home/rinav/ros2_ws/install/ur_robot_driver/share/ur_robot_driver/cmake/ament_cmake_export_libraries-extras.cmake
[1.206s] -- Up-to-date: /home/rinav/ros2_ws/install/ur_robot_driver/share/ur_robot_driver/cmake/ament_cmake_export_dependencies-extras.cmake
[1.207s] -- Up-to-date: /home/rinav/ros2_ws/install/ur_robot_driver/share/ur_robot_driver/cmake/ur_robot_driverConfig.cmake
[1.207s] -- Up-to-date: /home/rinav/ros2_ws/install/ur_robot_driver/share/ur_robot_driver/cmake/ur_robot_driverConfig-version.cmake
[1.207s] -- Up-to-date: /home/rinav/ros2_ws/install/ur_robot_driver/share/ur_robot_driver/package.xml
[1.209s] Invoked command in '/home/rinav/ros2_ws/build/ur_robot_driver' returned '0': CMAKE_PREFIX_PATH=/home/rinav/ros2_ws/install/ur_controllers:/home/rinav/ros2_ws/install/ur_description:/home/rinav/ros2_ws/install/ur_dashboard_msgs:/home/rinav/ros2_ws/src/husky/install/husky_desktop:/home/rinav/ros2_ws/src/husky/install/husky_viz:/home/rinav/ros2_ws/src/husky/install/husky_simulator:/home/rinav/ros2_ws/src/husky/install/husky_robot:/home/rinav/ros2_ws/src/husky/install/husky_bringup:/home/rinav/ros2_ws/src/husky/install/husky_base:/home/rinav/ros2_ws/src/husky/install/husky_msgs:/home/rinav/ros2_ws/src/husky/install/husky_gazebo:/home/rinav/ros2_ws/src/husky/install/husky_control:/home/rinav/ros2_ws/src/husky/install/husky_description:/home/rinav/ros2_ws/install/ur:/home/rinav/ros2_ws/install/ur_calibration:/home/rinav/ros2_ws/install/ur_robot_driver:/home/rinav/ros2_ws/install/ur_moveit_config:/home/rinav/ros2_ws/install/ur_bringup:/home/rinav/ros2_ws/install/turtlesim:/home/rinav/ros2_ws/install/robotis_manipulator:/home/rinav/ros2_ws/install/husky_desktop:/home/rinav/ros2_ws/install/husky_viz:/home/rinav/ros2_ws/install/husky_ur3_ignition:/home/rinav/ros2_ws/install/husky_simulator:/home/rinav/ros2_ws/install/husky_robot:/home/rinav/ros2_ws/install/husky_gazebo:/home/rinav/ros2_ws/install/husky_bringup:/home/rinav/ros2_ws/install/husky_base:/home/rinav/ros2_ws/install/husky_msgs:/home/rinav/ros2_ws/install/husky_control:/home/rinav/ros2_ws/install/husky_description:/home/rinav/ros2_ws/install/trial_package:/home/rinav/ros2_ws/install/py_srvcli:/home/rinav/ros2_ws/install/py_pubsub:/home/rinav/ros2_ws/install/mobile_robotics:/opt/ros/humble LD_LIBRARY_PATH=/home/rinav/ros2_ws/install/ur_controllers/lib:/home/rinav/ros2_ws/install/ur_dashboard_msgs/lib:/home/rinav/ros2_ws/src/husky/install/husky_base/lib:/home/rinav/ros2_ws/src/husky/install/husky_msgs/lib:/home/rinav/ros2_ws/install/ur_robot_driver/lib:/home/rinav/ros2_ws/install/turtlesim/lib:/home/rinav/ros2_ws/install/robotis_manipulator/lib:/home/rinav/ros2_ws/install/husky_base/lib:/home/rinav/ros2_ws/install/husky_msgs/lib:/opt/ros/humble/opt/rviz_ogre_vendor/lib:/opt/ros/humble/lib/aarch64-linux-gnu:/opt/ros/humble/lib /usr/bin/cmake --install /home/rinav/ros2_ws/build/ur_robot_driver
