[0.010s] Invoking command in '/home/rinav/ros2_ws/build/husky_gazebo': CMAKE_PREFIX_PATH=/home/rinav/ros2_ws/install/husky_control:/home/rinav/ros2_ws/install/husky_description:/home/rinav/ros2_ws/install/ur:/home/rinav/ros2_ws/install/ur_calibration:/home/rinav/ros2_ws/install/ur_robot_driver:/home/rinav/ros2_ws/install/ur_moveit_config:/home/rinav/ros2_ws/install/ur_bringup:/home/rinav/ros2_ws/install/ur_description:/home/rinav/ros2_ws/install/ur_controllers:/home/rinav/ros2_ws/install/ur_dashboard_msgs:/home/rinav/ros2_ws/install/turtlesim:/home/rinav/ros2_ws/install/robotis_manipulator:/home/rinav/ros2_ws/install/husky_desktop:/home/rinav/ros2_ws/install/husky_viz:/home/rinav/ros2_ws/install/husky_ur3_ignition:/home/rinav/ros2_ws/install/husky_simulator:/home/rinav/ros2_ws/install/husky_robot:/home/rinav/ros2_ws/install/husky_gazebo:/home/rinav/ros2_ws/install/husky_bringup:/home/rinav/ros2_ws/install/husky_base:/home/rinav/ros2_ws/install/husky_msgs:/home/rinav/ros2_ws/install/trial_package:/home/rinav/ros2_ws/install/py_srvcli:/home/rinav/ros2_ws/install/py_pubsub:/home/rinav/ros2_ws/install/mobile_robotics:/opt/ros/humble /usr/bin/cmake --build /home/rinav/ros2_ws/build/husky_gazebo -- -j8 -l8
[0.032s] Invoked command in '/home/rinav/ros2_ws/build/husky_gazebo' returned '0': CMAKE_PREFIX_PATH=/home/rinav/ros2_ws/install/husky_control:/home/rinav/ros2_ws/install/husky_description:/home/rinav/ros2_ws/install/ur:/home/rinav/ros2_ws/install/ur_calibration:/home/rinav/ros2_ws/install/ur_robot_driver:/home/rinav/ros2_ws/install/ur_moveit_config:/home/rinav/ros2_ws/install/ur_bringup:/home/rinav/ros2_ws/install/ur_description:/home/rinav/ros2_ws/install/ur_controllers:/home/rinav/ros2_ws/install/ur_dashboard_msgs:/home/rinav/ros2_ws/install/turtlesim:/home/rinav/ros2_ws/install/robotis_manipulator:/home/rinav/ros2_ws/install/husky_desktop:/home/rinav/ros2_ws/install/husky_viz:/home/rinav/ros2_ws/install/husky_ur3_ignition:/home/rinav/ros2_ws/install/husky_simulator:/home/rinav/ros2_ws/install/husky_robot:/home/rinav/ros2_ws/install/husky_gazebo:/home/rinav/ros2_ws/install/husky_bringup:/home/rinav/ros2_ws/install/husky_base:/home/rinav/ros2_ws/install/husky_msgs:/home/rinav/ros2_ws/install/trial_package:/home/rinav/ros2_ws/install/py_srvcli:/home/rinav/ros2_ws/install/py_pubsub:/home/rinav/ros2_ws/install/mobile_robotics:/opt/ros/humble /usr/bin/cmake --build /home/rinav/ros2_ws/build/husky_gazebo -- -j8 -l8
[0.040s] Invoking command in '/home/rinav/ros2_ws/build/husky_gazebo': CMAKE_PREFIX_PATH=/home/rinav/ros2_ws/install/husky_control:/home/rinav/ros2_ws/install/husky_description:/home/rinav/ros2_ws/install/ur:/home/rinav/ros2_ws/install/ur_calibration:/home/rinav/ros2_ws/install/ur_robot_driver:/home/rinav/ros2_ws/install/ur_moveit_config:/home/rinav/ros2_ws/install/ur_bringup:/home/rinav/ros2_ws/install/ur_description:/home/rinav/ros2_ws/install/ur_controllers:/home/rinav/ros2_ws/install/ur_dashboard_msgs:/home/rinav/ros2_ws/install/turtlesim:/home/rinav/ros2_ws/install/robotis_manipulator:/home/rinav/ros2_ws/install/husky_desktop:/home/rinav/ros2_ws/install/husky_viz:/home/rinav/ros2_ws/install/husky_ur3_ignition:/home/rinav/ros2_ws/install/husky_simulator:/home/rinav/ros2_ws/install/husky_robot:/home/rinav/ros2_ws/install/husky_gazebo:/home/rinav/ros2_ws/install/husky_bringup:/home/rinav/ros2_ws/install/husky_base:/home/rinav/ros2_ws/install/husky_msgs:/home/rinav/ros2_ws/install/trial_package:/home/rinav/ros2_ws/install/py_srvcli:/home/rinav/ros2_ws/install/py_pubsub:/home/rinav/ros2_ws/install/mobile_robotics:/opt/ros/humble /usr/bin/cmake --install /home/rinav/ros2_ws/build/husky_gazebo
[0.045s] -- Install configuration: ""
[0.045s] -- Up-to-date: /home/rinav/ros2_ws/install/husky_gazebo/share/husky_gazebo/launch
[0.045s] -- Up-to-date: /home/rinav/ros2_ws/install/husky_gazebo/share/husky_gazebo/launch/multi_husky_playpen.launch
[0.045s] -- Up-to-date: /home/rinav/ros2_ws/install/husky_gazebo/share/husky_gazebo/launch/spawn_husky.launch
[0.045s] -- Up-to-date: /home/rinav/ros2_ws/install/husky_gazebo/share/husky_gazebo/launch/husky_playpen.launch.py
[0.045s] -- Up-to-date: /home/rinav/ros2_ws/install/husky_gazebo/share/husky_gazebo/launch/husky_playpen.launch
[0.045s] -- Up-to-date: /home/rinav/ros2_ws/install/husky_gazebo/share/husky_gazebo/launch/realsense.launch
[0.045s] -- Installing: /home/rinav/ros2_ws/install/husky_gazebo/share/husky_gazebo/launch/gazebo.launch.py
[0.045s] -- Up-to-date: /home/rinav/ros2_ws/install/husky_gazebo/share/husky_gazebo/launch/husky_empty_world.launch
[0.045s] -- Up-to-date: /home/rinav/ros2_ws/install/husky_gazebo/share/husky_gazebo/launch/playpen.launch
[0.046s] -- Up-to-date: /home/rinav/ros2_ws/install/husky_gazebo/share/husky_gazebo/worlds
[0.046s] -- Up-to-date: /home/rinav/ros2_ws/install/husky_gazebo/share/husky_gazebo/worlds/clearpath_playpen.world
[0.046s] -- Up-to-date: /home/rinav/ros2_ws/install/husky_gazebo/share/husky_gazebo/worlds/clearpath_playpen.sdf
[0.046s] -- Up-to-date: /home/rinav/ros2_ws/install/husky_gazebo/share/ament_index/resource_index/package_run_dependencies/husky_gazebo
[0.046s] -- Up-to-date: /home/rinav/ros2_ws/install/husky_gazebo/share/ament_index/resource_index/parent_prefix_path/husky_gazebo
[0.046s] -- Up-to-date: /home/rinav/ros2_ws/install/husky_gazebo/share/husky_gazebo/environment/ament_prefix_path.sh
[0.046s] -- Up-to-date: /home/rinav/ros2_ws/install/husky_gazebo/share/husky_gazebo/environment/ament_prefix_path.dsv
[0.046s] -- Up-to-date: /home/rinav/ros2_ws/install/husky_gazebo/share/husky_gazebo/environment/path.sh
[0.046s] -- Up-to-date: /home/rinav/ros2_ws/install/husky_gazebo/share/husky_gazebo/environment/path.dsv
[0.046s] -- Up-to-date: /home/rinav/ros2_ws/install/husky_gazebo/share/husky_gazebo/local_setup.bash
[0.046s] -- Up-to-date: /home/rinav/ros2_ws/install/husky_gazebo/share/husky_gazebo/local_setup.sh
[0.046s] -- Up-to-date: /home/rinav/ros2_ws/install/husky_gazebo/share/husky_gazebo/local_setup.zsh
[0.046s] -- Up-to-date: /home/rinav/ros2_ws/install/husky_gazebo/share/husky_gazebo/local_setup.dsv
[0.046s] -- Installing: /home/rinav/ros2_ws/install/husky_gazebo/share/husky_gazebo/package.dsv
[0.046s] -- Up-to-date: /home/rinav/ros2_ws/install/husky_gazebo/share/ament_index/resource_index/packages/husky_gazebo
[0.046s] -- Up-to-date: /home/rinav/ros2_ws/install/husky_gazebo/share/husky_gazebo/cmake/husky_gazeboConfig.cmake
[0.046s] -- Up-to-date: /home/rinav/ros2_ws/install/husky_gazebo/share/husky_gazebo/cmake/husky_gazeboConfig-version.cmake
[0.046s] -- Up-to-date: /home/rinav/ros2_ws/install/husky_gazebo/share/husky_gazebo/package.xml
[0.047s] Invoked command in '/home/rinav/ros2_ws/build/husky_gazebo' returned '0': CMAKE_PREFIX_PATH=/home/rinav/ros2_ws/install/husky_control:/home/rinav/ros2_ws/install/husky_description:/home/rinav/ros2_ws/install/ur:/home/rinav/ros2_ws/install/ur_calibration:/home/rinav/ros2_ws/install/ur_robot_driver:/home/rinav/ros2_ws/install/ur_moveit_config:/home/rinav/ros2_ws/install/ur_bringup:/home/rinav/ros2_ws/install/ur_description:/home/rinav/ros2_ws/install/ur_controllers:/home/rinav/ros2_ws/install/ur_dashboard_msgs:/home/rinav/ros2_ws/install/turtlesim:/home/rinav/ros2_ws/install/robotis_manipulator:/home/rinav/ros2_ws/install/husky_desktop:/home/rinav/ros2_ws/install/husky_viz:/home/rinav/ros2_ws/install/husky_ur3_ignition:/home/rinav/ros2_ws/install/husky_simulator:/home/rinav/ros2_ws/install/husky_robot:/home/rinav/ros2_ws/install/husky_gazebo:/home/rinav/ros2_ws/install/husky_bringup:/home/rinav/ros2_ws/install/husky_base:/home/rinav/ros2_ws/install/husky_msgs:/home/rinav/ros2_ws/install/trial_package:/home/rinav/ros2_ws/install/py_srvcli:/home/rinav/ros2_ws/install/py_pubsub:/home/rinav/ros2_ws/install/mobile_robotics:/opt/ros/humble /usr/bin/cmake --install /home/rinav/ros2_ws/build/husky_gazebo
