[0.028s] Invoking command in '/home/rinav/ros2_ws/build/ur_description': CMAKE_PREFIX_PATH=/home/rinav/ros2_ws/install/rviz2:/home/rinav/ros2_ws/install/rviz_default_plugins:/home/rinav/ros2_ws/install/rviz_visual_testing_framework:/home/rinav/ros2_ws/install/rviz_rendering_tests:/home/rinav/ros2_ws/install/rviz_common:/home/rinav/ros2_ws/install/rviz_rendering:/home/rinav/ros2_ws/install/rviz_ogre_vendor:/home/rinav/ros2_ws/install/rviz_assimp_vendor:/home/rinav/ros2_ws/install/ur:/home/rinav/ros2_ws/install/ur_calibration:/home/rinav/ros2_ws/install/ur_robot_driver:/home/rinav/ros2_ws/install/ur_moveit_config:/home/rinav/ros2_ws/install/ur_bringup:/home/rinav/ros2_ws/install/ur_description:/home/rinav/ros2_ws/install/ur_controllers:/home/rinav/ros2_ws/install/ur_dashboard_msgs:/home/rinav/ros2_ws/install/turtlesim:/home/rinav/ros2_ws/install/pilz_industrial_motion_planner_testutils:/home/rinav/ros2_ws/install/moveit_ros_control_interface:/home/rinav/ros2_ws/install/moveit_plugins:/home/rinav/ros2_ws/install/husky_ur3_moveit_config:/home/rinav/ros2_ws/install/moveit_simple_controller_manager:/home/rinav/ros2_ws/install/moveit_ros_planning:/home/rinav/ros2_ws/install/moveit_ros_occupancy_map_monitor:/home/rinav/ros2_ws/install/moveit_resources_prbt_ikfast_manipulator_plugin:/home/rinav/ros2_ws/install/moveit_planners_chomp:/home/rinav/ros2_ws/install/moveit_chomp_optimizer_adapter:/home/rinav/ros2_ws/install/chomp_motion_planner:/home/rinav/ros2_ws/install/moveit_core:/home/rinav/ros2_ws/install/srdfdom:/home/rinav/ros2_ws/install/husky_desktop:/home/rinav/ros2_ws/install/husky_viz:/home/rinav/ros2_ws/install/rviz_marker_tools:/home/rinav/ros2_ws/install/rosparam_shortcuts:/home/rinav/ros2_ws/install/robotis_manipulator:/home/rinav/ros2_ws/install/moveit_task_constructor_msgs:/home/rinav/ros2_ws/install/moveit_resources_prbt_support:/home/rinav/ros2_ws/install/moveit_resources:/home/rinav/ros2_ws/install/moveit_resources_pr2_description:/home/rinav/ros2_ws/install/moveit_resources_panda_moveit_config:/home/rinav/ros2_ws/install/moveit_resources_panda_description:/home/rinav/ros2_ws/install/moveit_resources_fanuc_moveit_config:/home/rinav/ros2_ws/install/moveit_resources_fanuc_description:/home/rinav/ros2_ws/install/moveit_common:/home/rinav/ros2_ws/install/husky_ur3_ignition:/home/rinav/ros2_ws/install/husky_simulator:/home/rinav/ros2_ws/install/husky_robot:/home/rinav/ros2_ws/install/husky_bringup:/home/rinav/ros2_ws/install/husky_base:/home/rinav/ros2_ws/install/husky_msgs:/home/rinav/ros2_ws/install/husky_gazebo:/home/rinav/ros2_ws/install/husky_control:/home/rinav/ros2_ws/install/husky_description:/home/rinav/ros2_ws/src/rviz/install:/home/rinav/ros2_ws/install/trial_package:/home/rinav/ros2_ws/install/moveit_configs_utils:/home/rinav/ros2_ws/install/py_srvcli:/home/rinav/ros2_ws/install/py_pubsub:/home/rinav/ros2_ws/install/mobile_robotics:/home/rinav/ros2_ws/install/launch_param_builder:/opt/ros/humble LD_LIBRARY_PATH=/home/rinav/ros2_ws/install/rviz_default_plugins/lib:/home/rinav/ros2_ws/install/rviz_common/lib:/home/rinav/ros2_ws/install/rviz_rendering/lib:/home/rinav/ros2_ws/install/ur_robot_driver/lib:/home/rinav/ros2_ws/install/ur_controllers/lib:/home/rinav/ros2_ws/install/ur_dashboard_msgs/lib:/home/rinav/ros2_ws/install/turtlesim/lib:/home/rinav/ros2_ws/install/pilz_industrial_motion_planner_testutils/lib:/home/rinav/ros2_ws/install/moveit_ros_control_interface/lib:/home/rinav/ros2_ws/install/moveit_simple_controller_manager/lib:/home/rinav/ros2_ws/install/moveit_ros_planning/lib:/home/rinav/ros2_ws/install/moveit_ros_occupancy_map_monitor/lib:/home/rinav/ros2_ws/install/moveit_resources_prbt_ikfast_manipulator_plugin/lib:/home/rinav/ros2_ws/install/moveit_planners_chomp/lib:/home/rinav/ros2_ws/install/moveit_chomp_optimizer_adapter/lib:/home/rinav/ros2_ws/install/chomp_motion_planner/lib:/home/rinav/ros2_ws/install/moveit_core/lib:/home/rinav/ros2_ws/install/srdfdom/lib:/home/rinav/ros2_ws/install/rviz_ogre_vendor/opt/rviz_ogre_vendor/lib:/home/rinav/ros2_ws/install/rviz_marker_tools/lib:/home/rinav/ros2_ws/install/rosparam_shortcuts/lib:/home/rinav/ros2_ws/install/robotis_manipulator/lib:/home/rinav/ros2_ws/install/moveit_task_constructor_msgs/lib:/home/rinav/ros2_ws/install/husky_base/lib:/home/rinav/ros2_ws/install/husky_msgs/lib:/home/rinav/ros2_ws/src/rviz/install/opt/rviz_ogre_vendor/lib:/home/rinav/ros2_ws/src/rviz/install/lib:/opt/ros/humble/opt/rviz_ogre_vendor/lib:/opt/ros/humble/lib/aarch64-linux-gnu:/opt/ros/humble/lib PATH=/home/rinav/ros2_ws/install/rviz2/bin:/home/rinav/ros2_ws/install/ur_robot_driver/bin:/home/rinav/ros2_ws/install/moveit_core/bin:/home/rinav/ros2_ws/src/rviz/install/bin:/opt/ros/humble/bin:/usr/local/sbin:/usr/local/bin:/usr/sbin:/usr/bin:/sbin:/bin:/usr/games:/usr/local/games:/snap/bin /usr/bin/cmake /home/rinav/ros2_ws/src/Universal_Robots_ROS2_Description -DCMAKE_INSTALL_PREFIX=/home/rinav/ros2_ws/install/ur_description
[0.109s] -- The C compiler identification is GNU 11.4.0
[0.158s] -- The CXX compiler identification is GNU 11.4.0
[0.163s] -- Detecting C compiler ABI info
[0.224s] -- Detecting C compiler ABI info - done
[0.229s] -- Check for working C compiler: /usr/bin/cc - skipped
[0.229s] -- Detecting C compile features
[0.229s] -- Detecting C compile features - done
[0.231s] -- Detecting CXX compiler ABI info
[0.302s] -- Detecting CXX compiler ABI info - done
[0.307s] -- Check for working CXX compiler: /usr/bin/c++ - skipped
[0.307s] -- Detecting CXX compile features
[0.308s] -- Detecting CXX compile features - done
[0.311s] -- Found ament_cmake: 1.3.12 (/opt/ros/humble/share/ament_cmake/cmake)
[0.432s] -- Found Python3: /usr/bin/python3 (found version "3.10.12") found components: Interpreter 
[0.527s] -- Found ament_cmake_pytest: 1.3.12 (/opt/ros/humble/share/ament_cmake_pytest/cmake)
[1.058s] -- Configuring done
[1.059s] -- Generating done
[1.061s] -- Build files have been written to: /home/rinav/ros2_ws/build/ur_description
[1.072s] Invoked command in '/home/rinav/ros2_ws/build/ur_description' returned '0': CMAKE_PREFIX_PATH=/home/rinav/ros2_ws/install/rviz2:/home/rinav/ros2_ws/install/rviz_default_plugins:/home/rinav/ros2_ws/install/rviz_visual_testing_framework:/home/rinav/ros2_ws/install/rviz_rendering_tests:/home/rinav/ros2_ws/install/rviz_common:/home/rinav/ros2_ws/install/rviz_rendering:/home/rinav/ros2_ws/install/rviz_ogre_vendor:/home/rinav/ros2_ws/install/rviz_assimp_vendor:/home/rinav/ros2_ws/install/ur:/home/rinav/ros2_ws/install/ur_calibration:/home/rinav/ros2_ws/install/ur_robot_driver:/home/rinav/ros2_ws/install/ur_moveit_config:/home/rinav/ros2_ws/install/ur_bringup:/home/rinav/ros2_ws/install/ur_description:/home/rinav/ros2_ws/install/ur_controllers:/home/rinav/ros2_ws/install/ur_dashboard_msgs:/home/rinav/ros2_ws/install/turtlesim:/home/rinav/ros2_ws/install/pilz_industrial_motion_planner_testutils:/home/rinav/ros2_ws/install/moveit_ros_control_interface:/home/rinav/ros2_ws/install/moveit_plugins:/home/rinav/ros2_ws/install/husky_ur3_moveit_config:/home/rinav/ros2_ws/install/moveit_simple_controller_manager:/home/rinav/ros2_ws/install/moveit_ros_planning:/home/rinav/ros2_ws/install/moveit_ros_occupancy_map_monitor:/home/rinav/ros2_ws/install/moveit_resources_prbt_ikfast_manipulator_plugin:/home/rinav/ros2_ws/install/moveit_planners_chomp:/home/rinav/ros2_ws/install/moveit_chomp_optimizer_adapter:/home/rinav/ros2_ws/install/chomp_motion_planner:/home/rinav/ros2_ws/install/moveit_core:/home/rinav/ros2_ws/install/srdfdom:/home/rinav/ros2_ws/install/husky_desktop:/home/rinav/ros2_ws/install/husky_viz:/home/rinav/ros2_ws/install/rviz_marker_tools:/home/rinav/ros2_ws/install/rosparam_shortcuts:/home/rinav/ros2_ws/install/robotis_manipulator:/home/rinav/ros2_ws/install/moveit_task_constructor_msgs:/home/rinav/ros2_ws/install/moveit_resources_prbt_support:/home/rinav/ros2_ws/install/moveit_resources:/home/rinav/ros2_ws/install/moveit_resources_pr2_description:/home/rinav/ros2_ws/install/moveit_resources_panda_moveit_config:/home/rinav/ros2_ws/install/moveit_resources_panda_description:/home/rinav/ros2_ws/install/moveit_resources_fanuc_moveit_config:/home/rinav/ros2_ws/install/moveit_resources_fanuc_description:/home/rinav/ros2_ws/install/moveit_common:/home/rinav/ros2_ws/install/husky_ur3_ignition:/home/rinav/ros2_ws/install/husky_simulator:/home/rinav/ros2_ws/install/husky_robot:/home/rinav/ros2_ws/install/husky_bringup:/home/rinav/ros2_ws/install/husky_base:/home/rinav/ros2_ws/install/husky_msgs:/home/rinav/ros2_ws/install/husky_gazebo:/home/rinav/ros2_ws/install/husky_control:/home/rinav/ros2_ws/install/husky_description:/home/rinav/ros2_ws/src/rviz/install:/home/rinav/ros2_ws/install/trial_package:/home/rinav/ros2_ws/install/moveit_configs_utils:/home/rinav/ros2_ws/install/py_srvcli:/home/rinav/ros2_ws/install/py_pubsub:/home/rinav/ros2_ws/install/mobile_robotics:/home/rinav/ros2_ws/install/launch_param_builder:/opt/ros/humble LD_LIBRARY_PATH=/home/rinav/ros2_ws/install/rviz_default_plugins/lib:/home/rinav/ros2_ws/install/rviz_common/lib:/home/rinav/ros2_ws/install/rviz_rendering/lib:/home/rinav/ros2_ws/install/ur_robot_driver/lib:/home/rinav/ros2_ws/install/ur_controllers/lib:/home/rinav/ros2_ws/install/ur_dashboard_msgs/lib:/home/rinav/ros2_ws/install/turtlesim/lib:/home/rinav/ros2_ws/install/pilz_industrial_motion_planner_testutils/lib:/home/rinav/ros2_ws/install/moveit_ros_control_interface/lib:/home/rinav/ros2_ws/install/moveit_simple_controller_manager/lib:/home/rinav/ros2_ws/install/moveit_ros_planning/lib:/home/rinav/ros2_ws/install/moveit_ros_occupancy_map_monitor/lib:/home/rinav/ros2_ws/install/moveit_resources_prbt_ikfast_manipulator_plugin/lib:/home/rinav/ros2_ws/install/moveit_planners_chomp/lib:/home/rinav/ros2_ws/install/moveit_chomp_optimizer_adapter/lib:/home/rinav/ros2_ws/install/chomp_motion_planner/lib:/home/rinav/ros2_ws/install/moveit_core/lib:/home/rinav/ros2_ws/install/srdfdom/lib:/home/rinav/ros2_ws/install/rviz_ogre_vendor/opt/rviz_ogre_vendor/lib:/home/rinav/ros2_ws/install/rviz_marker_tools/lib:/home/rinav/ros2_ws/install/rosparam_shortcuts/lib:/home/rinav/ros2_ws/install/robotis_manipulator/lib:/home/rinav/ros2_ws/install/moveit_task_constructor_msgs/lib:/home/rinav/ros2_ws/install/husky_base/lib:/home/rinav/ros2_ws/install/husky_msgs/lib:/home/rinav/ros2_ws/src/rviz/install/opt/rviz_ogre_vendor/lib:/home/rinav/ros2_ws/src/rviz/install/lib:/opt/ros/humble/opt/rviz_ogre_vendor/lib:/opt/ros/humble/lib/aarch64-linux-gnu:/opt/ros/humble/lib PATH=/home/rinav/ros2_ws/install/rviz2/bin:/home/rinav/ros2_ws/install/ur_robot_driver/bin:/home/rinav/ros2_ws/install/moveit_core/bin:/home/rinav/ros2_ws/src/rviz/install/bin:/opt/ros/humble/bin:/usr/local/sbin:/usr/local/bin:/usr/sbin:/usr/bin:/sbin:/bin:/usr/games:/usr/local/games:/snap/bin /usr/bin/cmake /home/rinav/ros2_ws/src/Universal_Robots_ROS2_Description -DCMAKE_INSTALL_PREFIX=/home/rinav/ros2_ws/install/ur_description
[1.076s] Invoking command in '/home/rinav/ros2_ws/build/ur_description': CMAKE_PREFIX_PATH=/home/rinav/ros2_ws/install/rviz2:/home/rinav/ros2_ws/install/rviz_default_plugins:/home/rinav/ros2_ws/install/rviz_visual_testing_framework:/home/rinav/ros2_ws/install/rviz_rendering_tests:/home/rinav/ros2_ws/install/rviz_common:/home/rinav/ros2_ws/install/rviz_rendering:/home/rinav/ros2_ws/install/rviz_ogre_vendor:/home/rinav/ros2_ws/install/rviz_assimp_vendor:/home/rinav/ros2_ws/install/ur:/home/rinav/ros2_ws/install/ur_calibration:/home/rinav/ros2_ws/install/ur_robot_driver:/home/rinav/ros2_ws/install/ur_moveit_config:/home/rinav/ros2_ws/install/ur_bringup:/home/rinav/ros2_ws/install/ur_description:/home/rinav/ros2_ws/install/ur_controllers:/home/rinav/ros2_ws/install/ur_dashboard_msgs:/home/rinav/ros2_ws/install/turtlesim:/home/rinav/ros2_ws/install/pilz_industrial_motion_planner_testutils:/home/rinav/ros2_ws/install/moveit_ros_control_interface:/home/rinav/ros2_ws/install/moveit_plugins:/home/rinav/ros2_ws/install/husky_ur3_moveit_config:/home/rinav/ros2_ws/install/moveit_simple_controller_manager:/home/rinav/ros2_ws/install/moveit_ros_planning:/home/rinav/ros2_ws/install/moveit_ros_occupancy_map_monitor:/home/rinav/ros2_ws/install/moveit_resources_prbt_ikfast_manipulator_plugin:/home/rinav/ros2_ws/install/moveit_planners_chomp:/home/rinav/ros2_ws/install/moveit_chomp_optimizer_adapter:/home/rinav/ros2_ws/install/chomp_motion_planner:/home/rinav/ros2_ws/install/moveit_core:/home/rinav/ros2_ws/install/srdfdom:/home/rinav/ros2_ws/install/husky_desktop:/home/rinav/ros2_ws/install/husky_viz:/home/rinav/ros2_ws/install/rviz_marker_tools:/home/rinav/ros2_ws/install/rosparam_shortcuts:/home/rinav/ros2_ws/install/robotis_manipulator:/home/rinav/ros2_ws/install/moveit_task_constructor_msgs:/home/rinav/ros2_ws/install/moveit_resources_prbt_support:/home/rinav/ros2_ws/install/moveit_resources:/home/rinav/ros2_ws/install/moveit_resources_pr2_description:/home/rinav/ros2_ws/install/moveit_resources_panda_moveit_config:/home/rinav/ros2_ws/install/moveit_resources_panda_description:/home/rinav/ros2_ws/install/moveit_resources_fanuc_moveit_config:/home/rinav/ros2_ws/install/moveit_resources_fanuc_description:/home/rinav/ros2_ws/install/moveit_common:/home/rinav/ros2_ws/install/husky_ur3_ignition:/home/rinav/ros2_ws/install/husky_simulator:/home/rinav/ros2_ws/install/husky_robot:/home/rinav/ros2_ws/install/husky_bringup:/home/rinav/ros2_ws/install/husky_base:/home/rinav/ros2_ws/install/husky_msgs:/home/rinav/ros2_ws/install/husky_gazebo:/home/rinav/ros2_ws/install/husky_control:/home/rinav/ros2_ws/install/husky_description:/home/rinav/ros2_ws/src/rviz/install:/home/rinav/ros2_ws/install/trial_package:/home/rinav/ros2_ws/install/moveit_configs_utils:/home/rinav/ros2_ws/install/py_srvcli:/home/rinav/ros2_ws/install/py_pubsub:/home/rinav/ros2_ws/install/mobile_robotics:/home/rinav/ros2_ws/install/launch_param_builder:/opt/ros/humble LD_LIBRARY_PATH=/home/rinav/ros2_ws/install/rviz_default_plugins/lib:/home/rinav/ros2_ws/install/rviz_common/lib:/home/rinav/ros2_ws/install/rviz_rendering/lib:/home/rinav/ros2_ws/install/ur_robot_driver/lib:/home/rinav/ros2_ws/install/ur_controllers/lib:/home/rinav/ros2_ws/install/ur_dashboard_msgs/lib:/home/rinav/ros2_ws/install/turtlesim/lib:/home/rinav/ros2_ws/install/pilz_industrial_motion_planner_testutils/lib:/home/rinav/ros2_ws/install/moveit_ros_control_interface/lib:/home/rinav/ros2_ws/install/moveit_simple_controller_manager/lib:/home/rinav/ros2_ws/install/moveit_ros_planning/lib:/home/rinav/ros2_ws/install/moveit_ros_occupancy_map_monitor/lib:/home/rinav/ros2_ws/install/moveit_resources_prbt_ikfast_manipulator_plugin/lib:/home/rinav/ros2_ws/install/moveit_planners_chomp/lib:/home/rinav/ros2_ws/install/moveit_chomp_optimizer_adapter/lib:/home/rinav/ros2_ws/install/chomp_motion_planner/lib:/home/rinav/ros2_ws/install/moveit_core/lib:/home/rinav/ros2_ws/install/srdfdom/lib:/home/rinav/ros2_ws/install/rviz_ogre_vendor/opt/rviz_ogre_vendor/lib:/home/rinav/ros2_ws/install/rviz_marker_tools/lib:/home/rinav/ros2_ws/install/rosparam_shortcuts/lib:/home/rinav/ros2_ws/install/robotis_manipulator/lib:/home/rinav/ros2_ws/install/moveit_task_constructor_msgs/lib:/home/rinav/ros2_ws/install/husky_base/lib:/home/rinav/ros2_ws/install/husky_msgs/lib:/home/rinav/ros2_ws/src/rviz/install/opt/rviz_ogre_vendor/lib:/home/rinav/ros2_ws/src/rviz/install/lib:/opt/ros/humble/opt/rviz_ogre_vendor/lib:/opt/ros/humble/lib/aarch64-linux-gnu:/opt/ros/humble/lib PATH=/home/rinav/ros2_ws/install/rviz2/bin:/home/rinav/ros2_ws/install/ur_robot_driver/bin:/home/rinav/ros2_ws/install/moveit_core/bin:/home/rinav/ros2_ws/src/rviz/install/bin:/opt/ros/humble/bin:/usr/local/sbin:/usr/local/bin:/usr/sbin:/usr/bin:/sbin:/bin:/usr/games:/usr/local/games:/snap/bin /usr/bin/cmake --build /home/rinav/ros2_ws/build/ur_description -- -j8 -l8
[1.109s] Invoked command in '/home/rinav/ros2_ws/build/ur_description' returned '0': CMAKE_PREFIX_PATH=/home/rinav/ros2_ws/install/rviz2:/home/rinav/ros2_ws/install/rviz_default_plugins:/home/rinav/ros2_ws/install/rviz_visual_testing_framework:/home/rinav/ros2_ws/install/rviz_rendering_tests:/home/rinav/ros2_ws/install/rviz_common:/home/rinav/ros2_ws/install/rviz_rendering:/home/rinav/ros2_ws/install/rviz_ogre_vendor:/home/rinav/ros2_ws/install/rviz_assimp_vendor:/home/rinav/ros2_ws/install/ur:/home/rinav/ros2_ws/install/ur_calibration:/home/rinav/ros2_ws/install/ur_robot_driver:/home/rinav/ros2_ws/install/ur_moveit_config:/home/rinav/ros2_ws/install/ur_bringup:/home/rinav/ros2_ws/install/ur_description:/home/rinav/ros2_ws/install/ur_controllers:/home/rinav/ros2_ws/install/ur_dashboard_msgs:/home/rinav/ros2_ws/install/turtlesim:/home/rinav/ros2_ws/install/pilz_industrial_motion_planner_testutils:/home/rinav/ros2_ws/install/moveit_ros_control_interface:/home/rinav/ros2_ws/install/moveit_plugins:/home/rinav/ros2_ws/install/husky_ur3_moveit_config:/home/rinav/ros2_ws/install/moveit_simple_controller_manager:/home/rinav/ros2_ws/install/moveit_ros_planning:/home/rinav/ros2_ws/install/moveit_ros_occupancy_map_monitor:/home/rinav/ros2_ws/install/moveit_resources_prbt_ikfast_manipulator_plugin:/home/rinav/ros2_ws/install/moveit_planners_chomp:/home/rinav/ros2_ws/install/moveit_chomp_optimizer_adapter:/home/rinav/ros2_ws/install/chomp_motion_planner:/home/rinav/ros2_ws/install/moveit_core:/home/rinav/ros2_ws/install/srdfdom:/home/rinav/ros2_ws/install/husky_desktop:/home/rinav/ros2_ws/install/husky_viz:/home/rinav/ros2_ws/install/rviz_marker_tools:/home/rinav/ros2_ws/install/rosparam_shortcuts:/home/rinav/ros2_ws/install/robotis_manipulator:/home/rinav/ros2_ws/install/moveit_task_constructor_msgs:/home/rinav/ros2_ws/install/moveit_resources_prbt_support:/home/rinav/ros2_ws/install/moveit_resources:/home/rinav/ros2_ws/install/moveit_resources_pr2_description:/home/rinav/ros2_ws/install/moveit_resources_panda_moveit_config:/home/rinav/ros2_ws/install/moveit_resources_panda_description:/home/rinav/ros2_ws/install/moveit_resources_fanuc_moveit_config:/home/rinav/ros2_ws/install/moveit_resources_fanuc_description:/home/rinav/ros2_ws/install/moveit_common:/home/rinav/ros2_ws/install/husky_ur3_ignition:/home/rinav/ros2_ws/install/husky_simulator:/home/rinav/ros2_ws/install/husky_robot:/home/rinav/ros2_ws/install/husky_bringup:/home/rinav/ros2_ws/install/husky_base:/home/rinav/ros2_ws/install/husky_msgs:/home/rinav/ros2_ws/install/husky_gazebo:/home/rinav/ros2_ws/install/husky_control:/home/rinav/ros2_ws/install/husky_description:/home/rinav/ros2_ws/src/rviz/install:/home/rinav/ros2_ws/install/trial_package:/home/rinav/ros2_ws/install/moveit_configs_utils:/home/rinav/ros2_ws/install/py_srvcli:/home/rinav/ros2_ws/install/py_pubsub:/home/rinav/ros2_ws/install/mobile_robotics:/home/rinav/ros2_ws/install/launch_param_builder:/opt/ros/humble LD_LIBRARY_PATH=/home/rinav/ros2_ws/install/rviz_default_plugins/lib:/home/rinav/ros2_ws/install/rviz_common/lib:/home/rinav/ros2_ws/install/rviz_rendering/lib:/home/rinav/ros2_ws/install/ur_robot_driver/lib:/home/rinav/ros2_ws/install/ur_controllers/lib:/home/rinav/ros2_ws/install/ur_dashboard_msgs/lib:/home/rinav/ros2_ws/install/turtlesim/lib:/home/rinav/ros2_ws/install/pilz_industrial_motion_planner_testutils/lib:/home/rinav/ros2_ws/install/moveit_ros_control_interface/lib:/home/rinav/ros2_ws/install/moveit_simple_controller_manager/lib:/home/rinav/ros2_ws/install/moveit_ros_planning/lib:/home/rinav/ros2_ws/install/moveit_ros_occupancy_map_monitor/lib:/home/rinav/ros2_ws/install/moveit_resources_prbt_ikfast_manipulator_plugin/lib:/home/rinav/ros2_ws/install/moveit_planners_chomp/lib:/home/rinav/ros2_ws/install/moveit_chomp_optimizer_adapter/lib:/home/rinav/ros2_ws/install/chomp_motion_planner/lib:/home/rinav/ros2_ws/install/moveit_core/lib:/home/rinav/ros2_ws/install/srdfdom/lib:/home/rinav/ros2_ws/install/rviz_ogre_vendor/opt/rviz_ogre_vendor/lib:/home/rinav/ros2_ws/install/rviz_marker_tools/lib:/home/rinav/ros2_ws/install/rosparam_shortcuts/lib:/home/rinav/ros2_ws/install/robotis_manipulator/lib:/home/rinav/ros2_ws/install/moveit_task_constructor_msgs/lib:/home/rinav/ros2_ws/install/husky_base/lib:/home/rinav/ros2_ws/install/husky_msgs/lib:/home/rinav/ros2_ws/src/rviz/install/opt/rviz_ogre_vendor/lib:/home/rinav/ros2_ws/src/rviz/install/lib:/opt/ros/humble/opt/rviz_ogre_vendor/lib:/opt/ros/humble/lib/aarch64-linux-gnu:/opt/ros/humble/lib PATH=/home/rinav/ros2_ws/install/rviz2/bin:/home/rinav/ros2_ws/install/ur_robot_driver/bin:/home/rinav/ros2_ws/install/moveit_core/bin:/home/rinav/ros2_ws/src/rviz/install/bin:/opt/ros/humble/bin:/usr/local/sbin:/usr/local/bin:/usr/sbin:/usr/bin:/sbin:/bin:/usr/games:/usr/local/games:/snap/bin /usr/bin/cmake --build /home/rinav/ros2_ws/build/ur_description -- -j8 -l8
[1.110s] Invoking command in '/home/rinav/ros2_ws/build/ur_description': CMAKE_PREFIX_PATH=/home/rinav/ros2_ws/install/rviz2:/home/rinav/ros2_ws/install/rviz_default_plugins:/home/rinav/ros2_ws/install/rviz_visual_testing_framework:/home/rinav/ros2_ws/install/rviz_rendering_tests:/home/rinav/ros2_ws/install/rviz_common:/home/rinav/ros2_ws/install/rviz_rendering:/home/rinav/ros2_ws/install/rviz_ogre_vendor:/home/rinav/ros2_ws/install/rviz_assimp_vendor:/home/rinav/ros2_ws/install/ur:/home/rinav/ros2_ws/install/ur_calibration:/home/rinav/ros2_ws/install/ur_robot_driver:/home/rinav/ros2_ws/install/ur_moveit_config:/home/rinav/ros2_ws/install/ur_bringup:/home/rinav/ros2_ws/install/ur_description:/home/rinav/ros2_ws/install/ur_controllers:/home/rinav/ros2_ws/install/ur_dashboard_msgs:/home/rinav/ros2_ws/install/turtlesim:/home/rinav/ros2_ws/install/pilz_industrial_motion_planner_testutils:/home/rinav/ros2_ws/install/moveit_ros_control_interface:/home/rinav/ros2_ws/install/moveit_plugins:/home/rinav/ros2_ws/install/husky_ur3_moveit_config:/home/rinav/ros2_ws/install/moveit_simple_controller_manager:/home/rinav/ros2_ws/install/moveit_ros_planning:/home/rinav/ros2_ws/install/moveit_ros_occupancy_map_monitor:/home/rinav/ros2_ws/install/moveit_resources_prbt_ikfast_manipulator_plugin:/home/rinav/ros2_ws/install/moveit_planners_chomp:/home/rinav/ros2_ws/install/moveit_chomp_optimizer_adapter:/home/rinav/ros2_ws/install/chomp_motion_planner:/home/rinav/ros2_ws/install/moveit_core:/home/rinav/ros2_ws/install/srdfdom:/home/rinav/ros2_ws/install/husky_desktop:/home/rinav/ros2_ws/install/husky_viz:/home/rinav/ros2_ws/install/rviz_marker_tools:/home/rinav/ros2_ws/install/rosparam_shortcuts:/home/rinav/ros2_ws/install/robotis_manipulator:/home/rinav/ros2_ws/install/moveit_task_constructor_msgs:/home/rinav/ros2_ws/install/moveit_resources_prbt_support:/home/rinav/ros2_ws/install/moveit_resources:/home/rinav/ros2_ws/install/moveit_resources_pr2_description:/home/rinav/ros2_ws/install/moveit_resources_panda_moveit_config:/home/rinav/ros2_ws/install/moveit_resources_panda_description:/home/rinav/ros2_ws/install/moveit_resources_fanuc_moveit_config:/home/rinav/ros2_ws/install/moveit_resources_fanuc_description:/home/rinav/ros2_ws/install/moveit_common:/home/rinav/ros2_ws/install/husky_ur3_ignition:/home/rinav/ros2_ws/install/husky_simulator:/home/rinav/ros2_ws/install/husky_robot:/home/rinav/ros2_ws/install/husky_bringup:/home/rinav/ros2_ws/install/husky_base:/home/rinav/ros2_ws/install/husky_msgs:/home/rinav/ros2_ws/install/husky_gazebo:/home/rinav/ros2_ws/install/husky_control:/home/rinav/ros2_ws/install/husky_description:/home/rinav/ros2_ws/src/rviz/install:/home/rinav/ros2_ws/install/trial_package:/home/rinav/ros2_ws/install/moveit_configs_utils:/home/rinav/ros2_ws/install/py_srvcli:/home/rinav/ros2_ws/install/py_pubsub:/home/rinav/ros2_ws/install/mobile_robotics:/home/rinav/ros2_ws/install/launch_param_builder:/opt/ros/humble LD_LIBRARY_PATH=/home/rinav/ros2_ws/install/rviz_default_plugins/lib:/home/rinav/ros2_ws/install/rviz_common/lib:/home/rinav/ros2_ws/install/rviz_rendering/lib:/home/rinav/ros2_ws/install/ur_robot_driver/lib:/home/rinav/ros2_ws/install/ur_controllers/lib:/home/rinav/ros2_ws/install/ur_dashboard_msgs/lib:/home/rinav/ros2_ws/install/turtlesim/lib:/home/rinav/ros2_ws/install/pilz_industrial_motion_planner_testutils/lib:/home/rinav/ros2_ws/install/moveit_ros_control_interface/lib:/home/rinav/ros2_ws/install/moveit_simple_controller_manager/lib:/home/rinav/ros2_ws/install/moveit_ros_planning/lib:/home/rinav/ros2_ws/install/moveit_ros_occupancy_map_monitor/lib:/home/rinav/ros2_ws/install/moveit_resources_prbt_ikfast_manipulator_plugin/lib:/home/rinav/ros2_ws/install/moveit_planners_chomp/lib:/home/rinav/ros2_ws/install/moveit_chomp_optimizer_adapter/lib:/home/rinav/ros2_ws/install/chomp_motion_planner/lib:/home/rinav/ros2_ws/install/moveit_core/lib:/home/rinav/ros2_ws/install/srdfdom/lib:/home/rinav/ros2_ws/install/rviz_ogre_vendor/opt/rviz_ogre_vendor/lib:/home/rinav/ros2_ws/install/rviz_marker_tools/lib:/home/rinav/ros2_ws/install/rosparam_shortcuts/lib:/home/rinav/ros2_ws/install/robotis_manipulator/lib:/home/rinav/ros2_ws/install/moveit_task_constructor_msgs/lib:/home/rinav/ros2_ws/install/husky_base/lib:/home/rinav/ros2_ws/install/husky_msgs/lib:/home/rinav/ros2_ws/src/rviz/install/opt/rviz_ogre_vendor/lib:/home/rinav/ros2_ws/src/rviz/install/lib:/opt/ros/humble/opt/rviz_ogre_vendor/lib:/opt/ros/humble/lib/aarch64-linux-gnu:/opt/ros/humble/lib PATH=/home/rinav/ros2_ws/install/rviz2/bin:/home/rinav/ros2_ws/install/ur_robot_driver/bin:/home/rinav/ros2_ws/install/moveit_core/bin:/home/rinav/ros2_ws/src/rviz/install/bin:/opt/ros/humble/bin:/usr/local/sbin:/usr/local/bin:/usr/sbin:/usr/bin:/sbin:/bin:/usr/games:/usr/local/games:/snap/bin /usr/bin/cmake --install /home/rinav/ros2_ws/build/ur_description
[1.122s] -- Install configuration: ""
[1.122s] -- Installing: /home/rinav/ros2_ws/install/ur_description/share/ur_description/config
[1.122s] -- Installing: /home/rinav/ros2_ws/install/ur_description/share/ur_description/config/ur8long
[1.122s] -- Installing: /home/rinav/ros2_ws/install/ur_description/share/ur_description/config/ur8long/physical_parameters.yaml
[1.122s] -- Installing: /home/rinav/ros2_ws/install/ur_description/share/ur_description/config/ur8long/joint_limits.yaml
[1.122s] -- Installing: /home/rinav/ros2_ws/install/ur_description/share/ur_description/config/ur8long/default_kinematics.yaml
[1.122s] -- Installing: /home/rinav/ros2_ws/install/ur_description/share/ur_description/config/ur8long/visual_parameters.yaml
[1.123s] -- Installing: /home/rinav/ros2_ws/install/ur_description/share/ur_description/config/ur5
[1.123s] -- Installing: /home/rinav/ros2_ws/install/ur_description/share/ur_description/config/ur5/physical_parameters.yaml
[1.123s] -- Installing: /home/rinav/ros2_ws/install/ur_description/share/ur_description/config/ur5/joint_limits.yaml
[1.123s] -- Installing: /home/rinav/ros2_ws/install/ur_description/share/ur_description/config/ur5/default_kinematics.yaml
[1.123s] -- Installing: /home/rinav/ros2_ws/install/ur_description/share/ur_description/config/ur5/visual_parameters.yaml
[1.123s] -- Installing: /home/rinav/ros2_ws/install/ur_description/share/ur_description/config/ur10
[1.124s] -- Installing: /home/rinav/ros2_ws/install/ur_description/share/ur_description/config/ur10/physical_parameters.yaml
[1.124s] -- Installing: /home/rinav/ros2_ws/install/ur_description/share/ur_description/config/ur10/joint_limits.yaml
[1.124s] -- Installing: /home/rinav/ros2_ws/install/ur_description/share/ur_description/config/ur10/default_kinematics.yaml
[1.124s] -- Installing: /home/rinav/ros2_ws/install/ur_description/share/ur_description/config/ur10/visual_parameters.yaml
[1.124s] -- Installing: /home/rinav/ros2_ws/install/ur_description/share/ur_description/config/initial_positions.yaml
[1.124s] -- Installing: /home/rinav/ros2_ws/install/ur_description/share/ur_description/config/ur16e
[1.125s] -- Installing: /home/rinav/ros2_ws/install/ur_description/share/ur_description/config/ur16e/physical_parameters.yaml
[1.125s] -- Installing: /home/rinav/ros2_ws/install/ur_description/share/ur_description/config/ur16e/joint_limits.yaml
[1.125s] -- Installing: /home/rinav/ros2_ws/install/ur_description/share/ur_description/config/ur16e/default_kinematics.yaml
[1.125s] -- Installing: /home/rinav/ros2_ws/install/ur_description/share/ur_description/config/ur16e/visual_parameters.yaml
[1.125s] -- Installing: /home/rinav/ros2_ws/install/ur_description/share/ur_description/config/ur18
[1.125s] -- Installing: /home/rinav/ros2_ws/install/ur_description/share/ur_description/config/ur18/physical_parameters.yaml
[1.125s] -- Installing: /home/rinav/ros2_ws/install/ur_description/share/ur_description/config/ur18/joint_limits.yaml
[1.126s] -- Installing: /home/rinav/ros2_ws/install/ur_description/share/ur_description/config/ur18/default_kinematics.yaml
[1.126s] -- Installing: /home/rinav/ros2_ws/install/ur_description/share/ur_description/config/ur18/visual_parameters.yaml
[1.126s] -- Installing: /home/rinav/ros2_ws/install/ur_description/share/ur_description/config/ur15
[1.126s] -- Installing: /home/rinav/ros2_ws/install/ur_description/share/ur_description/config/ur15/physical_parameters.yaml
[1.126s] -- Installing: /home/rinav/ros2_ws/install/ur_description/share/ur_description/config/ur15/joint_limits.yaml
[1.126s] -- Installing: /home/rinav/ros2_ws/install/ur_description/share/ur_description/config/ur15/default_kinematics.yaml
[1.126s] -- Installing: /home/rinav/ros2_ws/install/ur_description/share/ur_description/config/ur15/visual_parameters.yaml
[1.126s] -- Installing: /home/rinav/ros2_ws/install/ur_description/share/ur_description/config/ur20
[1.126s] -- Installing: /home/rinav/ros2_ws/install/ur_description/share/ur_description/config/ur20/physical_parameters.yaml
[1.127s] -- Installing: /home/rinav/ros2_ws/install/ur_description/share/ur_description/config/ur20/joint_limits.yaml
[1.127s] -- Installing: /home/rinav/ros2_ws/install/ur_description/share/ur_description/config/ur20/default_kinematics.yaml
[1.127s] -- Installing: /home/rinav/ros2_ws/install/ur_description/share/ur_description/config/ur20/visual_parameters.yaml
[1.127s] -- Installing: /home/rinav/ros2_ws/install/ur_description/share/ur_description/config/ur5e
[1.127s] -- Installing: /home/rinav/ros2_ws/install/ur_description/share/ur_description/config/ur5e/physical_parameters.yaml
[1.127s] -- Installing: /home/rinav/ros2_ws/install/ur_description/share/ur_description/config/ur5e/joint_limits.yaml
[1.127s] -- Installing: /home/rinav/ros2_ws/install/ur_description/share/ur_description/config/ur5e/default_kinematics.yaml
[1.128s] -- Installing: /home/rinav/ros2_ws/install/ur_description/share/ur_description/config/ur5e/visual_parameters.yaml
[1.128s] -- Installing: /home/rinav/ros2_ws/install/ur_description/share/ur_description/config/ur30
[1.128s] -- Installing: /home/rinav/ros2_ws/install/ur_description/share/ur_description/config/ur30/physical_parameters.yaml
[1.128s] -- Installing: /home/rinav/ros2_ws/install/ur_description/share/ur_description/config/ur30/joint_limits.yaml
[1.128s] -- Installing: /home/rinav/ros2_ws/install/ur_description/share/ur_description/config/ur30/default_kinematics.yaml
[1.128s] -- Installing: /home/rinav/ros2_ws/install/ur_description/share/ur_description/config/ur30/visual_parameters.yaml
[1.128s] -- Installing: /home/rinav/ros2_ws/install/ur_description/share/ur_description/config/ur7e
[1.128s] -- Installing: /home/rinav/ros2_ws/install/ur_description/share/ur_description/config/ur7e/physical_parameters.yaml
[1.128s] -- Installing: /home/rinav/ros2_ws/install/ur_description/share/ur_description/config/ur7e/joint_limits.yaml
[1.128s] -- Installing: /home/rinav/ros2_ws/install/ur_description/share/ur_description/config/ur7e/default_kinematics.yaml
[1.129s] -- Installing: /home/rinav/ros2_ws/install/ur_description/share/ur_description/config/ur7e/visual_parameters.yaml
[1.129s] -- Installing: /home/rinav/ros2_ws/install/ur_description/share/ur_description/config/ur3
[1.129s] -- Installing: /home/rinav/ros2_ws/install/ur_description/share/ur_description/config/ur3/physical_parameters.yaml
[1.129s] -- Installing: /home/rinav/ros2_ws/install/ur_description/share/ur_description/config/ur3/joint_limits.yaml
[1.129s] -- Installing: /home/rinav/ros2_ws/install/ur_description/share/ur_description/config/ur3/default_kinematics.yaml
[1.129s] -- Installing: /home/rinav/ros2_ws/install/ur_description/share/ur_description/config/ur3/visual_parameters.yaml
[1.129s] -- Installing: /home/rinav/ros2_ws/install/ur_description/share/ur_description/config/ur12e
[1.129s] -- Installing: /home/rinav/ros2_ws/install/ur_description/share/ur_description/config/ur12e/physical_parameters.yaml
[1.129s] -- Installing: /home/rinav/ros2_ws/install/ur_description/share/ur_description/config/ur12e/joint_limits.yaml
[1.129s] -- Installing: /home/rinav/ros2_ws/install/ur_description/share/ur_description/config/ur12e/default_kinematics.yaml
[1.129s] -- Installing: /home/rinav/ros2_ws/install/ur_description/share/ur_description/config/ur12e/visual_parameters.yaml
[1.130s] -- Installing: /home/rinav/ros2_ws/install/ur_description/share/ur_description/config/ur10e
[1.130s] -- Installing: /home/rinav/ros2_ws/install/ur_description/share/ur_description/config/ur10e/physical_parameters.yaml
[1.130s] -- Installing: /home/rinav/ros2_ws/install/ur_description/share/ur_description/config/ur10e/joint_limits.yaml
[1.130s] -- Installing: /home/rinav/ros2_ws/install/ur_description/share/ur_description/config/ur10e/default_kinematics.yaml
[1.130s] -- Installing: /home/rinav/ros2_ws/install/ur_description/share/ur_description/config/ur10e/visual_parameters.yaml
[1.130s] -- Installing: /home/rinav/ros2_ws/install/ur_description/share/ur_description/config/ur3e
[1.130s] -- Installing: /home/rinav/ros2_ws/install/ur_description/share/ur_description/config/ur3e/physical_parameters.yaml
[1.130s] -- Installing: /home/rinav/ros2_ws/install/ur_description/share/ur_description/config/ur3e/joint_limits.yaml
[1.130s] -- Installing: /home/rinav/ros2_ws/install/ur_description/share/ur_description/config/ur3e/default_kinematics.yaml
[1.131s] -- Installing: /home/rinav/ros2_ws/install/ur_description/share/ur_description/config/ur3e/visual_parameters.yaml
[1.131s] -- Installing: /home/rinav/ros2_ws/install/ur_description/share/ur_description/launch
[1.131s] -- Installing: /home/rinav/ros2_ws/install/ur_description/share/ur_description/launch/view_ur.launch.py
[1.131s] -- Installing: /home/rinav/ros2_ws/install/ur_description/share/ur_description/meshes
[1.131s] -- Installing: /home/rinav/ros2_ws/install/ur_description/share/ur_description/meshes/ur8long
[1.131s] -- Installing: /home/rinav/ros2_ws/install/ur_description/share/ur_description/meshes/ur8long/collision
[1.131s] -- Installing: /home/rinav/ros2_ws/install/ur_description/share/ur_description/meshes/ur8long/collision/upperarm.stl
[1.132s] -- Installing: /home/rinav/ros2_ws/install/ur_description/share/ur_description/meshes/ur8long/collision/forearm.stl
[1.132s] -- Installing: /home/rinav/ros2_ws/install/ur_description/share/ur_description/meshes/ur8long/LICENSE.txt
[1.132s] -- Installing: /home/rinav/ros2_ws/install/ur_description/share/ur_description/meshes/ur8long/visual
[1.132s] -- Installing: /home/rinav/ros2_ws/install/ur_description/share/ur_description/meshes/ur8long/visual/UR8Long_DIFF_8bit_2K.jpg
[1.133s] -- Installing: /home/rinav/ros2_ws/install/ur_description/share/ur_description/meshes/ur8long/visual/upperarm.dae
[1.134s] -- Installing: /home/rinav/ros2_ws/install/ur_description/share/ur_description/meshes/ur8long/visual/forearm.dae
[1.135s] -- Installing: /home/rinav/ros2_ws/install/ur_description/share/ur_description/meshes/ur5
[1.135s] -- Installing: /home/rinav/ros2_ws/install/ur_description/share/ur_description/meshes/ur5/collision
[1.135s] -- Installing: /home/rinav/ros2_ws/install/ur_description/share/ur_description/meshes/ur5/collision/shoulder.stl
[1.136s] -- Installing: /home/rinav/ros2_ws/install/ur_description/share/ur_description/meshes/ur5/collision/wrist3.stl
[1.136s] -- Installing: /home/rinav/ros2_ws/install/ur_description/share/ur_description/meshes/ur5/collision/base.stl
[1.137s] -- Installing: /home/rinav/ros2_ws/install/ur_description/share/ur_description/meshes/ur5/collision/wrist2.stl
[1.137s] -- Installing: /home/rinav/ros2_ws/install/ur_description/share/ur_description/meshes/ur5/collision/upperarm.stl
[1.137s] -- Installing: /home/rinav/ros2_ws/install/ur_description/share/ur_description/meshes/ur5/collision/forearm.stl
[1.137s] -- Installing: /home/rinav/ros2_ws/install/ur_description/share/ur_description/meshes/ur5/collision/wrist1.stl
[1.138s] -- Installing: /home/rinav/ros2_ws/install/ur_description/share/ur_description/meshes/ur5/visual
[1.138s] -- Installing: /home/rinav/ros2_ws/install/ur_description/share/ur_description/meshes/ur5/visual/wrist3.dae
[1.139s] -- Installing: /home/rinav/ros2_ws/install/ur_description/share/ur_description/meshes/ur5/visual/upperarm.dae
[1.145s] -- Installing: /home/rinav/ros2_ws/install/ur_description/share/ur_description/meshes/ur5/visual/shoulder.dae
[1.147s] -- Installing: /home/rinav/ros2_ws/install/ur_description/share/ur_description/meshes/ur5/visual/wrist2.dae
[1.149s] -- Installing: /home/rinav/ros2_ws/install/ur_description/share/ur_description/meshes/ur5/visual/base.dae
[1.150s] -- Installing: /home/rinav/ros2_ws/install/ur_description/share/ur_description/meshes/ur5/visual/wrist1.dae
[1.151s] -- Installing: /home/rinav/ros2_ws/install/ur_description/share/ur_description/meshes/ur5/visual/forearm.dae
[1.154s] -- Installing: /home/rinav/ros2_ws/install/ur_description/share/ur_description/meshes/ur10
[1.154s] -- Installing: /home/rinav/ros2_ws/install/ur_description/share/ur_description/meshes/ur10/collision
[1.154s] -- Installing: /home/rinav/ros2_ws/install/ur_description/share/ur_description/meshes/ur10/collision/shoulder.stl
[1.154s] -- Installing: /home/rinav/ros2_ws/install/ur_description/share/ur_description/meshes/ur10/collision/wrist3.stl
[1.155s] -- Installing: /home/rinav/ros2_ws/install/ur_description/share/ur_description/meshes/ur10/collision/base.stl
[1.156s] -- Installing: /home/rinav/ros2_ws/install/ur_description/share/ur_description/meshes/ur10/collision/wrist2.stl
[1.156s] -- Installing: /home/rinav/ros2_ws/install/ur_description/share/ur_description/meshes/ur10/collision/upperarm.stl
[1.156s] -- Installing: /home/rinav/ros2_ws/install/ur_description/share/ur_description/meshes/ur10/collision/forearm.stl
[1.157s] -- Installing: /home/rinav/ros2_ws/install/ur_description/share/ur_description/meshes/ur10/collision/wrist1.stl
[1.157s] -- Installing: /home/rinav/ros2_ws/install/ur_description/share/ur_description/meshes/ur10/visual
[1.157s] -- Installing: /home/rinav/ros2_ws/install/ur_description/share/ur_description/meshes/ur10/visual/wrist3.dae
[1.158s] -- Installing: /home/rinav/ros2_ws/install/ur_description/share/ur_description/meshes/ur10/visual/upperarm.dae
[1.164s] -- Installing: /home/rinav/ros2_ws/install/ur_description/share/ur_description/meshes/ur10/visual/shoulder.dae
[1.167s] -- Installing: /home/rinav/ros2_ws/install/ur_description/share/ur_description/meshes/ur10/visual/wrist2.dae
[1.171s] -- Installing: /home/rinav/ros2_ws/install/ur_description/share/ur_description/meshes/ur10/visual/base.dae
[1.172s] -- Installing: /home/rinav/ros2_ws/install/ur_description/share/ur_description/meshes/ur10/visual/wrist1.dae
[1.175s] -- Installing: /home/rinav/ros2_ws/install/ur_description/share/ur_description/meshes/ur10/visual/forearm.dae
[1.180s] -- Installing: /home/rinav/ros2_ws/install/ur_description/share/ur_description/meshes/ur16e
[1.180s] -- Installing: /home/rinav/ros2_ws/install/ur_description/share/ur_description/meshes/ur16e/collision
[1.180s] -- Installing: /home/rinav/ros2_ws/install/ur_description/share/ur_description/meshes/ur16e/collision/upperarm.stl
[1.181s] -- Installing: /home/rinav/ros2_ws/install/ur_description/share/ur_description/meshes/ur16e/collision/forearm.stl
[1.182s] -- Installing: /home/rinav/ros2_ws/install/ur_description/share/ur_description/meshes/ur16e/visual
[1.182s] -- Installing: /home/rinav/ros2_ws/install/ur_description/share/ur_description/meshes/ur16e/visual/upperarm.dae
[1.191s] -- Installing: /home/rinav/ros2_ws/install/ur_description/share/ur_description/meshes/ur16e/visual/forearm.dae
[1.194s] -- Installing: /home/rinav/ros2_ws/install/ur_description/share/ur_description/meshes/ur18
[1.194s] -- Installing: /home/rinav/ros2_ws/install/ur_description/share/ur_description/meshes/ur18/collision
[1.194s] -- Installing: /home/rinav/ros2_ws/install/ur_description/share/ur_description/meshes/ur18/collision/upperarm.stl
[1.195s] -- Installing: /home/rinav/ros2_ws/install/ur_description/share/ur_description/meshes/ur18/collision/forearm.stl
[1.195s] -- Installing: /home/rinav/ros2_ws/install/ur_description/share/ur_description/meshes/ur18/LICENSE.txt
[1.196s] -- Installing: /home/rinav/ros2_ws/install/ur_description/share/ur_description/meshes/ur18/visual
[1.196s] -- Installing: /home/rinav/ros2_ws/install/ur_description/share/ur_description/meshes/ur18/visual/upperarm.dae
[1.219s] -- Installing: /home/rinav/ros2_ws/install/ur_description/share/ur_description/meshes/ur18/visual/UR18_DIFF_8bit_2K.jpg
[1.220s] -- Installing: /home/rinav/ros2_ws/install/ur_description/share/ur_description/meshes/ur18/visual/forearm.dae
[1.221s] -- Installing: /home/rinav/ros2_ws/install/ur_description/share/ur_description/meshes/ur15
[1.221s] -- Installing: /home/rinav/ros2_ws/install/ur_description/share/ur_description/meshes/ur15/collision
[1.221s] -- Installing: /home/rinav/ros2_ws/install/ur_description/share/ur_description/meshes/ur15/collision/shoulder.stl
[1.221s] -- Installing: /home/rinav/ros2_ws/install/ur_description/share/ur_description/meshes/ur15/collision/wrist3.stl
[1.222s] -- Installing: /home/rinav/ros2_ws/install/ur_description/share/ur_description/meshes/ur15/collision/base.stl
[1.222s] -- Installing: /home/rinav/ros2_ws/install/ur_description/share/ur_description/meshes/ur15/collision/wrist2.stl
[1.223s] -- Installing: /home/rinav/ros2_ws/install/ur_description/share/ur_description/meshes/ur15/collision/upperarm.stl
[1.223s] -- Installing: /home/rinav/ros2_ws/install/ur_description/share/ur_description/meshes/ur15/collision/forearm.stl
[1.224s] -- Installing: /home/rinav/ros2_ws/install/ur_description/share/ur_description/meshes/ur15/collision/wrist1.stl
[1.224s] -- Installing: /home/rinav/ros2_ws/install/ur_description/share/ur_description/meshes/ur15/LICENSE.txt
[1.224s] -- Installing: /home/rinav/ros2_ws/install/ur_description/share/ur_description/meshes/ur15/visual
[1.224s] -- Installing: /home/rinav/ros2_ws/install/ur_description/share/ur_description/meshes/ur15/visual/wrist3.dae
[1.226s] -- Installing: /home/rinav/ros2_ws/install/ur_description/share/ur_description/meshes/ur15/visual/upperarm.dae
[1.227s] -- Installing: /home/rinav/ros2_ws/install/ur_description/share/ur_description/meshes/ur15/visual/shoulder.dae
[1.228s] -- Installing: /home/rinav/ros2_ws/install/ur_description/share/ur_description/meshes/ur15/visual/wrist2.dae
[1.229s] -- Installing: /home/rinav/ros2_ws/install/ur_description/share/ur_description/meshes/ur15/visual/base.dae
[1.231s] -- Installing: /home/rinav/ros2_ws/install/ur_description/share/ur_description/meshes/ur15/visual/wrist1.dae
[1.231s] -- Installing: /home/rinav/ros2_ws/install/ur_description/share/ur_description/meshes/ur15/visual/UR15_DIFF_8bit_2K.jpg
[1.232s] -- Installing: /home/rinav/ros2_ws/install/ur_description/share/ur_description/meshes/ur15/visual/forearm.dae
[1.234s] -- Installing: /home/rinav/ros2_ws/install/ur_description/share/ur_description/meshes/ur20
[1.234s] -- Installing: /home/rinav/ros2_ws/install/ur_description/share/ur_description/meshes/ur20/collision
[1.234s] -- Installing: /home/rinav/ros2_ws/install/ur_description/share/ur_description/meshes/ur20/collision/shoulder.stl
[1.234s] -- Installing: /home/rinav/ros2_ws/install/ur_description/share/ur_description/meshes/ur20/collision/wrist3.stl
[1.235s] -- Installing: /home/rinav/ros2_ws/install/ur_description/share/ur_description/meshes/ur20/collision/base.stl
[1.235s] -- Installing: /home/rinav/ros2_ws/install/ur_description/share/ur_description/meshes/ur20/collision/wrist2.stl
[1.235s] -- Installing: /home/rinav/ros2_ws/install/ur_description/share/ur_description/meshes/ur20/collision/upperarm.stl
[1.236s] -- Installing: /home/rinav/ros2_ws/install/ur_description/share/ur_description/meshes/ur20/collision/forearm.stl
[1.236s] -- Installing: /home/rinav/ros2_ws/install/ur_description/share/ur_description/meshes/ur20/collision/wrist1.stl
[1.236s] -- Installing: /home/rinav/ros2_ws/install/ur_description/share/ur_description/meshes/ur20/LICENSE.txt
[1.236s] -- Installing: /home/rinav/ros2_ws/install/ur_description/share/ur_description/meshes/ur20/visual
[1.237s] -- Installing: /home/rinav/ros2_ws/install/ur_description/share/ur_description/meshes/ur20/visual/wrist3.dae
[1.237s] -- Installing: /home/rinav/ros2_ws/install/ur_description/share/ur_description/meshes/ur20/visual/upperarm.dae
[1.240s] -- Installing: /home/rinav/ros2_ws/install/ur_description/share/ur_description/meshes/ur20/visual/shoulder.dae
[1.240s] -- Installing: /home/rinav/ros2_ws/install/ur_description/share/ur_description/meshes/ur20/visual/UR20_DIFF_8bit_2K.png
[1.244s] -- Installing: /home/rinav/ros2_ws/install/ur_description/share/ur_description/meshes/ur20/visual/wrist2.dae
[1.245s] -- Installing: /home/rinav/ros2_ws/install/ur_description/share/ur_description/meshes/ur20/visual/base.dae
[1.246s] -- Installing: /home/rinav/ros2_ws/install/ur_description/share/ur_description/meshes/ur20/visual/wrist1.dae
[1.250s] -- Installing: /home/rinav/ros2_ws/install/ur_description/share/ur_description/meshes/ur20/visual/forearm.dae
[1.254s] -- Installing: /home/rinav/ros2_ws/install/ur_description/share/ur_description/meshes/ur5e
[1.254s] -- Installing: /home/rinav/ros2_ws/install/ur_description/share/ur_description/meshes/ur5e/collision
[1.254s] -- Installing: /home/rinav/ros2_ws/install/ur_description/share/ur_description/meshes/ur5e/collision/shoulder.stl
[1.256s] -- Installing: /home/rinav/ros2_ws/install/ur_description/share/ur_description/meshes/ur5e/collision/wrist3.stl
[1.256s] -- Installing: /home/rinav/ros2_ws/install/ur_description/share/ur_description/meshes/ur5e/collision/base.stl
[1.256s] -- Installing: /home/rinav/ros2_ws/install/ur_description/share/ur_description/meshes/ur5e/collision/wrist2.stl
[1.256s] -- Installing: /home/rinav/ros2_ws/install/ur_description/share/ur_description/meshes/ur5e/collision/upperarm.stl
[1.256s] -- Installing: /home/rinav/ros2_ws/install/ur_description/share/ur_description/meshes/ur5e/collision/forearm.stl
[1.257s] -- Installing: /home/rinav/ros2_ws/install/ur_description/share/ur_description/meshes/ur5e/collision/wrist1.stl
[1.257s] -- Installing: /home/rinav/ros2_ws/install/ur_description/share/ur_description/meshes/ur5e/visual
[1.257s] -- Installing: /home/rinav/ros2_ws/install/ur_description/share/ur_description/meshes/ur5e/visual/wrist3.dae
[1.258s] -- Installing: /home/rinav/ros2_ws/install/ur_description/share/ur_description/meshes/ur5e/visual/upperarm.dae
[1.263s] -- Installing: /home/rinav/ros2_ws/install/ur_description/share/ur_description/meshes/ur5e/visual/shoulder.dae
[1.266s] -- Installing: /home/rinav/ros2_ws/install/ur_description/share/ur_description/meshes/ur5e/visual/wrist2.dae
[1.270s] -- Installing: /home/rinav/ros2_ws/install/ur_description/share/ur_description/meshes/ur5e/visual/base.dae
[1.271s] -- Installing: /home/rinav/ros2_ws/install/ur_description/share/ur_description/meshes/ur5e/visual/wrist1.dae
[1.273s] -- Installing: /home/rinav/ros2_ws/install/ur_description/share/ur_description/meshes/ur5e/visual/forearm.dae
[1.276s] -- Installing: /home/rinav/ros2_ws/install/ur_description/share/ur_description/meshes/ur30
[1.276s] -- Installing: /home/rinav/ros2_ws/install/ur_description/share/ur_description/meshes/ur30/collision
[1.276s] -- Installing: /home/rinav/ros2_ws/install/ur_description/share/ur_description/meshes/ur30/collision/upperarm.stl
[1.277s] -- Installing: /home/rinav/ros2_ws/install/ur_description/share/ur_description/meshes/ur30/collision/forearm.stl
[1.278s] -- Installing: /home/rinav/ros2_ws/install/ur_description/share/ur_description/meshes/ur30/LICENSE.txt
[1.278s] -- Installing: /home/rinav/ros2_ws/install/ur_description/share/ur_description/meshes/ur30/visual
[1.278s] -- Installing: /home/rinav/ros2_ws/install/ur_description/share/ur_description/meshes/ur30/visual/upperarm.dae
[1.280s] -- Installing: /home/rinav/ros2_ws/install/ur_description/share/ur_description/meshes/ur30/visual/UR30_DIFF_8bit_2K.png
[1.289s] -- Installing: /home/rinav/ros2_ws/install/ur_description/share/ur_description/meshes/ur30/visual/forearm.dae
[1.292s] -- Installing: /home/rinav/ros2_ws/install/ur_description/share/ur_description/meshes/ur3
[1.292s] -- Installing: /home/rinav/ros2_ws/install/ur_description/share/ur_description/meshes/ur3/collision
[1.292s] -- Installing: /home/rinav/ros2_ws/install/ur_description/share/ur_description/meshes/ur3/collision/shoulder.stl
[1.293s] -- Installing: /home/rinav/ros2_ws/install/ur_description/share/ur_description/meshes/ur3/collision/wrist3.stl
[1.294s] -- Installing: /home/rinav/ros2_ws/install/ur_description/share/ur_description/meshes/ur3/collision/base.stl
[1.296s] -- Installing: /home/rinav/ros2_ws/install/ur_description/share/ur_description/meshes/ur3/collision/wrist2.stl
[1.297s] -- Installing: /home/rinav/ros2_ws/install/ur_description/share/ur_description/meshes/ur3/collision/upperarm.stl
[1.299s] -- Installing: /home/rinav/ros2_ws/install/ur_description/share/ur_description/meshes/ur3/collision/forearm.stl
[1.300s] -- Installing: /home/rinav/ros2_ws/install/ur_description/share/ur_description/meshes/ur3/collision/wrist1.stl
[1.300s] -- Installing: /home/rinav/ros2_ws/install/ur_description/share/ur_description/meshes/ur3/visual
[1.301s] -- Installing: /home/rinav/ros2_ws/install/ur_description/share/ur_description/meshes/ur3/visual/wrist3.dae
[1.301s] -- Installing: /home/rinav/ros2_ws/install/ur_description/share/ur_description/meshes/ur3/visual/upperarm.dae
[1.305s] -- Installing: /home/rinav/ros2_ws/install/ur_description/share/ur_description/meshes/ur3/visual/shoulder.dae
[1.309s] -- Installing: /home/rinav/ros2_ws/install/ur_description/share/ur_description/meshes/ur3/visual/wrist2.dae
[1.311s] -- Installing: /home/rinav/ros2_ws/install/ur_description/share/ur_description/meshes/ur3/visual/base.dae
[1.313s] -- Installing: /home/rinav/ros2_ws/install/ur_description/share/ur_description/meshes/ur3/visual/wrist1.dae
[1.314s] -- Installing: /home/rinav/ros2_ws/install/ur_description/share/ur_description/meshes/ur3/visual/forearm.dae
[1.316s] -- Installing: /home/rinav/ros2_ws/install/ur_description/share/ur_description/meshes/ur10e
[1.316s] -- Installing: /home/rinav/ros2_ws/install/ur_description/share/ur_description/meshes/ur10e/collision
[1.316s] -- Installing: /home/rinav/ros2_ws/install/ur_description/share/ur_description/meshes/ur10e/collision/shoulder.stl
[1.317s] -- Installing: /home/rinav/ros2_ws/install/ur_description/share/ur_description/meshes/ur10e/collision/wrist3.stl
[1.317s] -- Installing: /home/rinav/ros2_ws/install/ur_description/share/ur_description/meshes/ur10e/collision/base.stl
[1.317s] -- Installing: /home/rinav/ros2_ws/install/ur_description/share/ur_description/meshes/ur10e/collision/wrist2.stl
[1.318s] -- Installing: /home/rinav/ros2_ws/install/ur_description/share/ur_description/meshes/ur10e/collision/upperarm.stl
[1.319s] -- Installing: /home/rinav/ros2_ws/install/ur_description/share/ur_description/meshes/ur10e/collision/forearm.stl
[1.320s] -- Installing: /home/rinav/ros2_ws/install/ur_description/share/ur_description/meshes/ur10e/collision/wrist1.stl
[1.332s] -- Installing: /home/rinav/ros2_ws/install/ur_description/share/ur_description/meshes/ur10e/visual
[1.332s] -- Installing: /home/rinav/ros2_ws/install/ur_description/share/ur_description/meshes/ur10e/visual/wrist3.dae
[1.334s] -- Installing: /home/rinav/ros2_ws/install/ur_description/share/ur_description/meshes/ur10e/visual/upperarm.dae
[1.341s] -- Installing: /home/rinav/ros2_ws/install/ur_description/share/ur_description/meshes/ur10e/visual/shoulder.dae
[1.345s] -- Installing: /home/rinav/ros2_ws/install/ur_description/share/ur_description/meshes/ur10e/visual/wrist2.dae
[1.346s] -- Installing: /home/rinav/ros2_ws/install/ur_description/share/ur_description/meshes/ur10e/visual/base.dae
[1.348s] -- Installing: /home/rinav/ros2_ws/install/ur_description/share/ur_description/meshes/ur10e/visual/wrist1.dae
[1.350s] -- Installing: /home/rinav/ros2_ws/install/ur_description/share/ur_description/meshes/ur10e/visual/forearm.dae
[1.352s] -- Installing: /home/rinav/ros2_ws/install/ur_description/share/ur_description/meshes/ur3e
[1.352s] -- Installing: /home/rinav/ros2_ws/install/ur_description/share/ur_description/meshes/ur3e/collision
[1.352s] -- Installing: /home/rinav/ros2_ws/install/ur_description/share/ur_description/meshes/ur3e/collision/shoulder.stl
[1.353s] -- Installing: /home/rinav/ros2_ws/install/ur_description/share/ur_description/meshes/ur3e/collision/wrist3.stl
[1.354s] -- Installing: /home/rinav/ros2_ws/install/ur_description/share/ur_description/meshes/ur3e/collision/base.stl
[1.354s] -- Installing: /home/rinav/ros2_ws/install/ur_description/share/ur_description/meshes/ur3e/collision/wrist2.stl
[1.355s] -- Installing: /home/rinav/ros2_ws/install/ur_description/share/ur_description/meshes/ur3e/collision/upperarm.stl
[1.355s] -- Installing: /home/rinav/ros2_ws/install/ur_description/share/ur_description/meshes/ur3e/collision/forearm.stl
[1.355s] -- Installing: /home/rinav/ros2_ws/install/ur_description/share/ur_description/meshes/ur3e/collision/wrist1.stl
[1.356s] -- Installing: /home/rinav/ros2_ws/install/ur_description/share/ur_description/meshes/ur3e/visual
[1.356s] -- Installing: /home/rinav/ros2_ws/install/ur_description/share/ur_description/meshes/ur3e/visual/wrist3.dae
[1.356s] -- Installing: /home/rinav/ros2_ws/install/ur_description/share/ur_description/meshes/ur3e/visual/upperarm.dae
[1.363s] -- Installing: /home/rinav/ros2_ws/install/ur_description/share/ur_description/meshes/ur3e/visual/shoulder.dae
[1.369s] -- Installing: /home/rinav/ros2_ws/install/ur_description/share/ur_description/meshes/ur3e/visual/wrist2.dae
[1.372s] -- Installing: /home/rinav/ros2_ws/install/ur_description/share/ur_description/meshes/ur3e/visual/base.dae
[1.373s] -- Installing: /home/rinav/ros2_ws/install/ur_description/share/ur_description/meshes/ur3e/visual/wrist1.dae
[1.376s] -- Installing: /home/rinav/ros2_ws/install/ur_description/share/ur_description/meshes/ur3e/visual/forearm.dae
[1.378s] -- Installing: /home/rinav/ros2_ws/install/ur_description/share/ur_description/rviz
[1.378s] -- Installing: /home/rinav/ros2_ws/install/ur_description/share/ur_description/rviz/view_robot.rviz
[1.379s] -- Installing: /home/rinav/ros2_ws/install/ur_description/share/ur_description/urdf
[1.379s] -- Installing: /home/rinav/ros2_ws/install/ur_description/share/ur_description/urdf/ur_macro.xacro
[1.379s] -- Installing: /home/rinav/ros2_ws/install/ur_description/share/ur_description/urdf/ur.urdf.xacro
[1.379s] -- Installing: /home/rinav/ros2_ws/install/ur_description/share/ur_description/urdf/ur.ros2_control.xacro
[1.380s] -- Installing: /home/rinav/ros2_ws/install/ur_description/share/ur_description/urdf/inc
[1.380s] -- Installing: /home/rinav/ros2_ws/install/ur_description/share/ur_description/urdf/inc/ur_transmissions.xacro
[1.380s] -- Installing: /home/rinav/ros2_ws/install/ur_description/share/ur_description/urdf/inc/ur_common.xacro
[1.380s] -- Installing: /home/rinav/ros2_ws/install/ur_description/share/ur_description/test
[1.380s] -- Installing: /home/rinav/ros2_ws/install/ur_description/share/ur_description/test/test_ur_urdf_xacro.py
[1.380s] -- Installing: /home/rinav/ros2_ws/install/ur_description/share/ur_description/test/test_view_ur_launch.py
[1.380s] -- Installing: /home/rinav/ros2_ws/install/ur_description/share/ament_index/resource_index/package_run_dependencies/ur_description
[1.380s] -- Installing: /home/rinav/ros2_ws/install/ur_description/share/ament_index/resource_index/parent_prefix_path/ur_description
[1.381s] -- Installing: /home/rinav/ros2_ws/install/ur_description/share/ur_description/environment/ament_prefix_path.sh
[1.381s] -- Installing: /home/rinav/ros2_ws/install/ur_description/share/ur_description/environment/ament_prefix_path.dsv
[1.381s] -- Installing: /home/rinav/ros2_ws/install/ur_description/share/ur_description/environment/path.sh
[1.381s] -- Installing: /home/rinav/ros2_ws/install/ur_description/share/ur_description/environment/path.dsv
[1.381s] -- Installing: /home/rinav/ros2_ws/install/ur_description/share/ur_description/local_setup.bash
[1.381s] -- Installing: /home/rinav/ros2_ws/install/ur_description/share/ur_description/local_setup.sh
[1.381s] -- Installing: /home/rinav/ros2_ws/install/ur_description/share/ur_description/local_setup.zsh
[1.381s] -- Installing: /home/rinav/ros2_ws/install/ur_description/share/ur_description/local_setup.dsv
[1.381s] -- Installing: /home/rinav/ros2_ws/install/ur_description/share/ur_description/package.dsv
[1.381s] -- Installing: /home/rinav/ros2_ws/install/ur_description/share/ament_index/resource_index/packages/ur_description
[1.381s] -- Installing: /home/rinav/ros2_ws/install/ur_description/share/ur_description/cmake/ur_descriptionConfig.cmake
[1.382s] -- Installing: /home/rinav/ros2_ws/install/ur_description/share/ur_description/cmake/ur_descriptionConfig-version.cmake
[1.382s] -- Installing: /home/rinav/ros2_ws/install/ur_description/share/ur_description/package.xml
[1.386s] Invoked command in '/home/rinav/ros2_ws/build/ur_description' returned '0': CMAKE_PREFIX_PATH=/home/rinav/ros2_ws/install/rviz2:/home/rinav/ros2_ws/install/rviz_default_plugins:/home/rinav/ros2_ws/install/rviz_visual_testing_framework:/home/rinav/ros2_ws/install/rviz_rendering_tests:/home/rinav/ros2_ws/install/rviz_common:/home/rinav/ros2_ws/install/rviz_rendering:/home/rinav/ros2_ws/install/rviz_ogre_vendor:/home/rinav/ros2_ws/install/rviz_assimp_vendor:/home/rinav/ros2_ws/install/ur:/home/rinav/ros2_ws/install/ur_calibration:/home/rinav/ros2_ws/install/ur_robot_driver:/home/rinav/ros2_ws/install/ur_moveit_config:/home/rinav/ros2_ws/install/ur_bringup:/home/rinav/ros2_ws/install/ur_description:/home/rinav/ros2_ws/install/ur_controllers:/home/rinav/ros2_ws/install/ur_dashboard_msgs:/home/rinav/ros2_ws/install/turtlesim:/home/rinav/ros2_ws/install/pilz_industrial_motion_planner_testutils:/home/rinav/ros2_ws/install/moveit_ros_control_interface:/home/rinav/ros2_ws/install/moveit_plugins:/home/rinav/ros2_ws/install/husky_ur3_moveit_config:/home/rinav/ros2_ws/install/moveit_simple_controller_manager:/home/rinav/ros2_ws/install/moveit_ros_planning:/home/rinav/ros2_ws/install/moveit_ros_occupancy_map_monitor:/home/rinav/ros2_ws/install/moveit_resources_prbt_ikfast_manipulator_plugin:/home/rinav/ros2_ws/install/moveit_planners_chomp:/home/rinav/ros2_ws/install/moveit_chomp_optimizer_adapter:/home/rinav/ros2_ws/install/chomp_motion_planner:/home/rinav/ros2_ws/install/moveit_core:/home/rinav/ros2_ws/install/srdfdom:/home/rinav/ros2_ws/install/husky_desktop:/home/rinav/ros2_ws/install/husky_viz:/home/rinav/ros2_ws/install/rviz_marker_tools:/home/rinav/ros2_ws/install/rosparam_shortcuts:/home/rinav/ros2_ws/install/robotis_manipulator:/home/rinav/ros2_ws/install/moveit_task_constructor_msgs:/home/rinav/ros2_ws/install/moveit_resources_prbt_support:/home/rinav/ros2_ws/install/moveit_resources:/home/rinav/ros2_ws/install/moveit_resources_pr2_description:/home/rinav/ros2_ws/install/moveit_resources_panda_moveit_config:/home/rinav/ros2_ws/install/moveit_resources_panda_description:/home/rinav/ros2_ws/install/moveit_resources_fanuc_moveit_config:/home/rinav/ros2_ws/install/moveit_resources_fanuc_description:/home/rinav/ros2_ws/install/moveit_common:/home/rinav/ros2_ws/install/husky_ur3_ignition:/home/rinav/ros2_ws/install/husky_simulator:/home/rinav/ros2_ws/install/husky_robot:/home/rinav/ros2_ws/install/husky_bringup:/home/rinav/ros2_ws/install/husky_base:/home/rinav/ros2_ws/install/husky_msgs:/home/rinav/ros2_ws/install/husky_gazebo:/home/rinav/ros2_ws/install/husky_control:/home/rinav/ros2_ws/install/husky_description:/home/rinav/ros2_ws/src/rviz/install:/home/rinav/ros2_ws/install/trial_package:/home/rinav/ros2_ws/install/moveit_configs_utils:/home/rinav/ros2_ws/install/py_srvcli:/home/rinav/ros2_ws/install/py_pubsub:/home/rinav/ros2_ws/install/mobile_robotics:/home/rinav/ros2_ws/install/launch_param_builder:/opt/ros/humble LD_LIBRARY_PATH=/home/rinav/ros2_ws/install/rviz_default_plugins/lib:/home/rinav/ros2_ws/install/rviz_common/lib:/home/rinav/ros2_ws/install/rviz_rendering/lib:/home/rinav/ros2_ws/install/ur_robot_driver/lib:/home/rinav/ros2_ws/install/ur_controllers/lib:/home/rinav/ros2_ws/install/ur_dashboard_msgs/lib:/home/rinav/ros2_ws/install/turtlesim/lib:/home/rinav/ros2_ws/install/pilz_industrial_motion_planner_testutils/lib:/home/rinav/ros2_ws/install/moveit_ros_control_interface/lib:/home/rinav/ros2_ws/install/moveit_simple_controller_manager/lib:/home/rinav/ros2_ws/install/moveit_ros_planning/lib:/home/rinav/ros2_ws/install/moveit_ros_occupancy_map_monitor/lib:/home/rinav/ros2_ws/install/moveit_resources_prbt_ikfast_manipulator_plugin/lib:/home/rinav/ros2_ws/install/moveit_planners_chomp/lib:/home/rinav/ros2_ws/install/moveit_chomp_optimizer_adapter/lib:/home/rinav/ros2_ws/install/chomp_motion_planner/lib:/home/rinav/ros2_ws/install/moveit_core/lib:/home/rinav/ros2_ws/install/srdfdom/lib:/home/rinav/ros2_ws/install/rviz_ogre_vendor/opt/rviz_ogre_vendor/lib:/home/rinav/ros2_ws/install/rviz_marker_tools/lib:/home/rinav/ros2_ws/install/rosparam_shortcuts/lib:/home/rinav/ros2_ws/install/robotis_manipulator/lib:/home/rinav/ros2_ws/install/moveit_task_constructor_msgs/lib:/home/rinav/ros2_ws/install/husky_base/lib:/home/rinav/ros2_ws/install/husky_msgs/lib:/home/rinav/ros2_ws/src/rviz/install/opt/rviz_ogre_vendor/lib:/home/rinav/ros2_ws/src/rviz/install/lib:/opt/ros/humble/opt/rviz_ogre_vendor/lib:/opt/ros/humble/lib/aarch64-linux-gnu:/opt/ros/humble/lib PATH=/home/rinav/ros2_ws/install/rviz2/bin:/home/rinav/ros2_ws/install/ur_robot_driver/bin:/home/rinav/ros2_ws/install/moveit_core/bin:/home/rinav/ros2_ws/src/rviz/install/bin:/opt/ros/humble/bin:/usr/local/sbin:/usr/local/bin:/usr/sbin:/usr/bin:/sbin:/bin:/usr/games:/usr/local/games:/snap/bin /usr/bin/cmake --install /home/rinav/ros2_ws/build/ur_description
