[0.033s] Invoking command in '/home/rinav/ros2_ws/build/husky_description': CMAKE_PREFIX_PATH=${CMAKE_PREFIX_PATH}:/opt/ros/humble:/home/rinav/ros2_ws/install/trial_package:/home/rinav/ros2_ws/install/py_srvcli:/home/rinav/ros2_ws/install/py_pubsub:/home/rinav/ros2_ws/install/mobile_robotics:/home/rinav/ros2_ws/install/launch_param_builder /usr/bin/cmake --build /home/rinav/ros2_ws/build/husky_description -- -j8 -l8
[0.365s] Invoked command in '/home/rinav/ros2_ws/build/husky_description' returned '0': CMAKE_PREFIX_PATH=${CMAKE_PREFIX_PATH}:/opt/ros/humble:/home/rinav/ros2_ws/install/trial_package:/home/rinav/ros2_ws/install/py_srvcli:/home/rinav/ros2_ws/install/py_pubsub:/home/rinav/ros2_ws/install/mobile_robotics:/home/rinav/ros2_ws/install/launch_param_builder /usr/bin/cmake --build /home/rinav/ros2_ws/build/husky_description -- -j8 -l8
[0.371s] Invoking command in '/home/rinav/ros2_ws/build/husky_description': CMAKE_PREFIX_PATH=${CMAKE_PREFIX_PATH}:/opt/ros/humble:/home/rinav/ros2_ws/install/trial_package:/home/rinav/ros2_ws/install/py_srvcli:/home/rinav/ros2_ws/install/py_pubsub:/home/rinav/ros2_ws/install/mobile_robotics:/home/rinav/ros2_ws/install/launch_param_builder /usr/bin/cmake --install /home/rinav/ros2_ws/build/husky_description
[0.387s] -- Install configuration: ""
[0.388s] -- Up-to-date: /home/rinav/ros2_ws/install/husky_description/share/husky_description/launch
[0.388s] -- Up-to-date: /home/rinav/ros2_ws/install/husky_description/share/husky_description/launch/description.launch
[0.388s] -- Up-to-date: /home/rinav/ros2_ws/install/husky_description/share/husky_description/launch/description_launch.py
[0.388s] -- Up-to-date: /home/rinav/ros2_ws/install/husky_description/share/husky_description/meshes
[0.389s] -- Up-to-date: /home/rinav/ros2_ws/install/husky_description/share/husky_description/meshes/top_chassis.dae
[0.389s] -- Up-to-date: /home/rinav/ros2_ws/install/husky_description/share/husky_description/meshes/top_chassis.stl
[0.389s] -- Up-to-date: /home/rinav/ros2_ws/install/husky_description/share/husky_description/meshes/top_plate.stl
[0.389s] -- Up-to-date: /home/rinav/ros2_ws/install/husky_description/share/husky_description/meshes/bumper.dae
[0.389s] -- Up-to-date: /home/rinav/ros2_ws/install/husky_description/share/husky_description/meshes/base_link.stl
[0.389s] -- Up-to-date: /home/rinav/ros2_ws/install/husky_description/share/husky_description/meshes/base_link.dae
[0.389s] -- Up-to-date: /home/rinav/ros2_ws/install/husky_description/share/husky_description/meshes/large_top_plate_collision.stl
[0.389s] -- Up-to-date: /home/rinav/ros2_ws/install/husky_description/share/husky_description/meshes/accessories
[0.390s] -- Up-to-date: /home/rinav/ros2_ws/install/husky_description/share/husky_description/meshes/accessories/lms1xx_mount.stl
[0.390s] -- Up-to-date: /home/rinav/ros2_ws/install/husky_description/share/husky_description/meshes/accessories/lidar_mount.stl
[0.390s] -- Up-to-date: /home/rinav/ros2_ws/install/husky_description/share/husky_description/meshes/accessories/300_mm_sensor_arch.dae
[0.390s] -- Up-to-date: /home/rinav/ros2_ws/install/husky_description/share/husky_description/meshes/accessories/510_mm_sensor_arch.stl
[0.391s] -- Up-to-date: /home/rinav/ros2_ws/install/husky_description/share/husky_description/meshes/accessories/300_mm_sensor_arch.stl
[0.391s] -- Up-to-date: /home/rinav/ros2_ws/install/husky_description/share/husky_description/meshes/accessories/510_mm_sensor_arch.dae
[0.391s] -- Up-to-date: /home/rinav/ros2_ws/install/husky_description/share/husky_description/meshes/accessories/lms1xx_mount.dae
[0.391s] -- Up-to-date: /home/rinav/ros2_ws/install/husky_description/share/husky_description/meshes/bumper_extension.dae
[0.391s] -- Up-to-date: /home/rinav/ros2_ws/install/husky_description/share/husky_description/meshes/wheel.stl
[0.391s] -- Up-to-date: /home/rinav/ros2_ws/install/husky_description/share/husky_description/meshes/user_rail.stl
[0.391s] -- Up-to-date: /home/rinav/ros2_ws/install/husky_description/share/husky_description/meshes/top_plate.dae
[0.391s] -- Up-to-date: /home/rinav/ros2_ws/install/husky_description/share/husky_description/meshes/user_rail.dae
[0.391s] -- Up-to-date: /home/rinav/ros2_ws/install/husky_description/share/husky_description/meshes/large_top_plate.dae
[0.392s] -- Up-to-date: /home/rinav/ros2_ws/install/husky_description/share/husky_description/meshes/wheel.dae
[0.392s] -- Up-to-date: /home/rinav/ros2_ws/install/husky_description/share/husky_description/urdf
[0.392s] -- Installing: /home/rinav/ros2_ws/install/husky_description/share/husky_description/urdf/rh_p12_rn.xacro
[0.392s] -- Up-to-date: /home/rinav/ros2_ws/install/husky_description/share/husky_description/urdf/empty.urdf
[0.392s] -- Up-to-date: /home/rinav/ros2_ws/install/husky_description/share/husky_description/urdf/r2.stl
[0.392s] -- Up-to-date: /home/rinav/ros2_ws/install/husky_description/share/husky_description/urdf/base.stl
[0.392s] -- Up-to-date: /home/rinav/ros2_ws/install/husky_description/share/husky_description/urdf/materials.xacro
[0.392s] -- Up-to-date: /home/rinav/ros2_ws/install/husky_description/share/husky_description/urdf/accessories
[0.392s] -- Up-to-date: /home/rinav/ros2_ws/install/husky_description/share/husky_description/urdf/accessories/intel_realsense.urdf.xacro
[0.392s] -- Up-to-date: /home/rinav/ros2_ws/install/husky_description/share/husky_description/urdf/accessories/sensor_arch.urdf.xacro
[0.392s] -- Up-to-date: /home/rinav/ros2_ws/install/husky_description/share/husky_description/urdf/accessories/sick_lms1xx_mount.urdf.xacro
[0.392s] -- Up-to-date: /home/rinav/ros2_ws/install/husky_description/share/husky_description/urdf/rh_p12_rn.gazebo
[0.392s] -- Up-to-date: /home/rinav/ros2_ws/install/husky_description/share/husky_description/urdf/l2.stl
[0.392s] -- Up-to-date: /home/rinav/ros2_ws/install/husky_description/share/husky_description/urdf/decorations.urdf.xacro
[0.392s] -- Up-to-date: /home/rinav/ros2_ws/install/husky_description/share/husky_description/urdf/wheel.urdf.xacro
[0.393s] -- Up-to-date: /home/rinav/ros2_ws/install/husky_description/share/husky_description/urdf/husky_ur3.urdf.xacro
[0.393s] -- Up-to-date: /home/rinav/ros2_ws/install/husky_description/share/husky_description/urdf/rh_p12_rn_gripper.xacro
[0.393s] -- Up-to-date: /home/rinav/ros2_ws/install/husky_description/share/husky_description/urdf/husky.urdf.xacro
[0.393s] -- Up-to-date: /home/rinav/ros2_ws/install/husky_description/share/husky_description/urdf/l1.stl
[0.393s] -- Up-to-date: /home/rinav/ros2_ws/install/husky_description/share/husky_description/urdf/husky_macro.urdf.xacro
[0.393s] -- Up-to-date: /home/rinav/ros2_ws/install/husky_description/share/husky_description/urdf/r1.stl
[0.393s] -- Up-to-date: /home/rinav/ros2_ws/install/husky_description/share/ament_index/resource_index/package_run_dependencies/husky_description
[0.393s] -- Up-to-date: /home/rinav/ros2_ws/install/husky_description/share/ament_index/resource_index/parent_prefix_path/husky_description
[0.393s] -- Up-to-date: /home/rinav/ros2_ws/install/husky_description/share/husky_description/environment/ament_prefix_path.sh
[0.393s] -- Up-to-date: /home/rinav/ros2_ws/install/husky_description/share/husky_description/environment/ament_prefix_path.dsv
[0.393s] -- Up-to-date: /home/rinav/ros2_ws/install/husky_description/share/husky_description/environment/path.sh
[0.393s] -- Up-to-date: /home/rinav/ros2_ws/install/husky_description/share/husky_description/environment/path.dsv
[0.393s] -- Up-to-date: /home/rinav/ros2_ws/install/husky_description/share/husky_description/local_setup.bash
[0.393s] -- Up-to-date: /home/rinav/ros2_ws/install/husky_description/share/husky_description/local_setup.sh
[0.393s] -- Up-to-date: /home/rinav/ros2_ws/install/husky_description/share/husky_description/local_setup.zsh
[0.393s] -- Up-to-date: /home/rinav/ros2_ws/install/husky_description/share/husky_description/local_setup.dsv
[0.393s] -- Installing: /home/rinav/ros2_ws/install/husky_description/share/husky_description/package.dsv
[0.393s] -- Up-to-date: /home/rinav/ros2_ws/install/husky_description/share/ament_index/resource_index/packages/husky_description
[0.393s] -- Up-to-date: /home/rinav/ros2_ws/install/husky_description/share/husky_description/cmake/ament_cmake_export_dependencies-extras.cmake
[0.393s] -- Up-to-date: /home/rinav/ros2_ws/install/husky_description/share/husky_description/cmake/husky_descriptionConfig.cmake
[0.393s] -- Up-to-date: /home/rinav/ros2_ws/install/husky_description/share/husky_description/cmake/husky_descriptionConfig-version.cmake
[0.393s] -- Up-to-date: /home/rinav/ros2_ws/install/husky_description/share/husky_description/package.xml
[0.471s] Invoked command in '/home/rinav/ros2_ws/build/husky_description' returned '0': CMAKE_PREFIX_PATH=${CMAKE_PREFIX_PATH}:/opt/ros/humble:/home/rinav/ros2_ws/install/trial_package:/home/rinav/ros2_ws/install/py_srvcli:/home/rinav/ros2_ws/install/py_pubsub:/home/rinav/ros2_ws/install/mobile_robotics:/home/rinav/ros2_ws/install/launch_param_builder /usr/bin/cmake --install /home/rinav/ros2_ws/build/husky_description
