[0.040s] Invoking command in '/home/rinav/ros2_ws/build/moveit_resources_panda_description': CMAKE_PREFIX_PATH=${CMAKE_PREFIX_PATH}:/home/rinav/ros2_ws/install/trial_package:/home/rinav/ros2_ws/install/py_srvcli:/home/rinav/ros2_ws/install/py_pubsub:/home/rinav/ros2_ws/install/mobile_robotics:/opt/ros/humble /usr/bin/cmake /home/rinav/ros2_ws/src/moveit_resources/panda_description -DCMAKE_INSTALL_PREFIX=/home/rinav/ros2_ws/install/moveit_resources_panda_description
[0.272s] -- The C compiler identification is GNU 11.4.0
[0.273s] -- The CXX compiler identification is GNU 11.4.0
[0.273s] -- Detecting C compiler ABI info
[0.273s] -- Detecting C compiler ABI info - done
[0.273s] -- Check for working C compiler: /usr/bin/cc - skipped
[0.273s] -- Detecting C compile features
[0.273s] -- Detecting C compile features - done
[0.273s] -- Detecting CXX compiler ABI info
[0.286s] -- Detecting CXX compiler ABI info - done
[0.294s] -- Check for working CXX compiler: /usr/bin/c++ - skipped
[0.294s] -- Detecting CXX compile features
[0.294s] -- Detecting CXX compile features - done
[0.299s] -- Found ament_cmake: 1.3.12 (/opt/ros/humble/share/ament_cmake/cmake)
[0.447s] -- Found Python3: /usr/bin/python3 (found version "3.10.12") found components: Interpreter 
[0.621s] -- Configuring done
[0.623s] -- Generating done
[0.626s] -- Build files have been written to: /home/rinav/ros2_ws/build/moveit_resources_panda_description
[0.632s] Invoked command in '/home/rinav/ros2_ws/build/moveit_resources_panda_description' returned '0': CMAKE_PREFIX_PATH=${CMAKE_PREFIX_PATH}:/home/rinav/ros2_ws/install/trial_package:/home/rinav/ros2_ws/install/py_srvcli:/home/rinav/ros2_ws/install/py_pubsub:/home/rinav/ros2_ws/install/mobile_robotics:/opt/ros/humble /usr/bin/cmake /home/rinav/ros2_ws/src/moveit_resources/panda_description -DCMAKE_INSTALL_PREFIX=/home/rinav/ros2_ws/install/moveit_resources_panda_description
[0.633s] Invoking command in '/home/rinav/ros2_ws/build/moveit_resources_panda_description': CMAKE_PREFIX_PATH=${CMAKE_PREFIX_PATH}:/home/rinav/ros2_ws/install/trial_package:/home/rinav/ros2_ws/install/py_srvcli:/home/rinav/ros2_ws/install/py_pubsub:/home/rinav/ros2_ws/install/mobile_robotics:/opt/ros/humble /usr/bin/cmake --build /home/rinav/ros2_ws/build/moveit_resources_panda_description -- -j8 -l8
[0.687s] Invoked command in '/home/rinav/ros2_ws/build/moveit_resources_panda_description' returned '0': CMAKE_PREFIX_PATH=${CMAKE_PREFIX_PATH}:/home/rinav/ros2_ws/install/trial_package:/home/rinav/ros2_ws/install/py_srvcli:/home/rinav/ros2_ws/install/py_pubsub:/home/rinav/ros2_ws/install/mobile_robotics:/opt/ros/humble /usr/bin/cmake --build /home/rinav/ros2_ws/build/moveit_resources_panda_description -- -j8 -l8
[0.700s] Invoking command in '/home/rinav/ros2_ws/build/moveit_resources_panda_description': CMAKE_PREFIX_PATH=${CMAKE_PREFIX_PATH}:/home/rinav/ros2_ws/install/trial_package:/home/rinav/ros2_ws/install/py_srvcli:/home/rinav/ros2_ws/install/py_pubsub:/home/rinav/ros2_ws/install/mobile_robotics:/opt/ros/humble /usr/bin/cmake --install /home/rinav/ros2_ws/build/moveit_resources_panda_description
[0.708s] -- Install configuration: ""
[0.708s] -- Installing: /home/rinav/ros2_ws/install/moveit_resources_panda_description/share/ament_index/resource_index/package_run_dependencies/moveit_resources_panda_description
[0.708s] -- Installing: /home/rinav/ros2_ws/install/moveit_resources_panda_description/share/ament_index/resource_index/parent_prefix_path/moveit_resources_panda_description
[0.708s] -- Installing: /home/rinav/ros2_ws/install/moveit_resources_panda_description/share/moveit_resources_panda_description/environment/ament_prefix_path.sh
[0.708s] -- Installing: /home/rinav/ros2_ws/install/moveit_resources_panda_description/share/moveit_resources_panda_description/environment/ament_prefix_path.dsv
[0.708s] -- Installing: /home/rinav/ros2_ws/install/moveit_resources_panda_description/share/moveit_resources_panda_description/environment/path.sh
[0.708s] -- Installing: /home/rinav/ros2_ws/install/moveit_resources_panda_description/share/moveit_resources_panda_description/environment/path.dsv
[0.709s] -- Installing: /home/rinav/ros2_ws/install/moveit_resources_panda_description/share/moveit_resources_panda_description/local_setup.bash
[0.709s] -- Installing: /home/rinav/ros2_ws/install/moveit_resources_panda_description/share/moveit_resources_panda_description/local_setup.sh
[0.710s] -- Installing: /home/rinav/ros2_ws/install/moveit_resources_panda_description/share/moveit_resources_panda_description/local_setup.zsh
[0.710s] -- Installing: /home/rinav/ros2_ws/install/moveit_resources_panda_description/share/moveit_resources_panda_description/local_setup.dsv
[0.710s] -- Installing: /home/rinav/ros2_ws/install/moveit_resources_panda_description/share/moveit_resources_panda_description/package.dsv
[0.710s] -- Installing: /home/rinav/ros2_ws/install/moveit_resources_panda_description/share/ament_index/resource_index/packages/moveit_resources_panda_description
[0.710s] -- Installing: /home/rinav/ros2_ws/install/moveit_resources_panda_description/share/moveit_resources_panda_description/cmake/moveit_resources_panda_descriptionConfig.cmake
[0.710s] -- Installing: /home/rinav/ros2_ws/install/moveit_resources_panda_description/share/moveit_resources_panda_description/cmake/moveit_resources_panda_descriptionConfig-version.cmake
[0.710s] -- Installing: /home/rinav/ros2_ws/install/moveit_resources_panda_description/share/moveit_resources_panda_description/package.xml
[0.710s] -- Installing: /home/rinav/ros2_ws/install/moveit_resources_panda_description/share/moveit_resources_panda_description/meshes
[0.710s] -- Installing: /home/rinav/ros2_ws/install/moveit_resources_panda_description/share/moveit_resources_panda_description/meshes/collision
[0.711s] -- Installing: /home/rinav/ros2_ws/install/moveit_resources_panda_description/share/moveit_resources_panda_description/meshes/collision/hand.stl
[0.711s] -- Installing: /home/rinav/ros2_ws/install/moveit_resources_panda_description/share/moveit_resources_panda_description/meshes/collision/link0.stl
[0.711s] -- Installing: /home/rinav/ros2_ws/install/moveit_resources_panda_description/share/moveit_resources_panda_description/meshes/collision/link3.stl
[0.711s] -- Installing: /home/rinav/ros2_ws/install/moveit_resources_panda_description/share/moveit_resources_panda_description/meshes/collision/link5.stl
[0.711s] -- Installing: /home/rinav/ros2_ws/install/moveit_resources_panda_description/share/moveit_resources_panda_description/meshes/collision/link2.stl
[0.711s] -- Installing: /home/rinav/ros2_ws/install/moveit_resources_panda_description/share/moveit_resources_panda_description/meshes/collision/link7.stl
[0.711s] -- Installing: /home/rinav/ros2_ws/install/moveit_resources_panda_description/share/moveit_resources_panda_description/meshes/collision/finger.stl
[0.711s] -- Installing: /home/rinav/ros2_ws/install/moveit_resources_panda_description/share/moveit_resources_panda_description/meshes/collision/link6.stl
[0.711s] -- Installing: /home/rinav/ros2_ws/install/moveit_resources_panda_description/share/moveit_resources_panda_description/meshes/collision/link1.stl
[0.711s] -- Installing: /home/rinav/ros2_ws/install/moveit_resources_panda_description/share/moveit_resources_panda_description/meshes/collision/link4.stl
[0.711s] -- Installing: /home/rinav/ros2_ws/install/moveit_resources_panda_description/share/moveit_resources_panda_description/meshes/visual
[0.711s] -- Installing: /home/rinav/ros2_ws/install/moveit_resources_panda_description/share/moveit_resources_panda_description/meshes/visual/hand.dae
[0.712s] -- Installing: /home/rinav/ros2_ws/install/moveit_resources_panda_description/share/moveit_resources_panda_description/meshes/visual/link0.dae
[0.716s] -- Installing: /home/rinav/ros2_ws/install/moveit_resources_panda_description/share/moveit_resources_panda_description/meshes/visual/link6.dae
[0.716s] -- Installing: /home/rinav/ros2_ws/install/moveit_resources_panda_description/share/moveit_resources_panda_description/meshes/visual/link5.dae
[0.716s] -- Installing: /home/rinav/ros2_ws/install/moveit_resources_panda_description/share/moveit_resources_panda_description/meshes/visual/link7.dae
[0.719s] -- Installing: /home/rinav/ros2_ws/install/moveit_resources_panda_description/share/moveit_resources_panda_description/meshes/visual/link3.dae
[0.722s] -- Installing: /home/rinav/ros2_ws/install/moveit_resources_panda_description/share/moveit_resources_panda_description/meshes/visual/link1.dae
[0.722s] -- Installing: /home/rinav/ros2_ws/install/moveit_resources_panda_description/share/moveit_resources_panda_description/meshes/visual/finger.dae
[0.722s] -- Installing: /home/rinav/ros2_ws/install/moveit_resources_panda_description/share/moveit_resources_panda_description/meshes/visual/link4.dae
[0.723s] -- Installing: /home/rinav/ros2_ws/install/moveit_resources_panda_description/share/moveit_resources_panda_description/meshes/visual/link2.dae
[0.724s] -- Installing: /home/rinav/ros2_ws/install/moveit_resources_panda_description/share/moveit_resources_panda_description/urdf
[0.724s] -- Installing: /home/rinav/ros2_ws/install/moveit_resources_panda_description/share/moveit_resources_panda_description/urdf/panda.urdf
[0.727s] Invoked command in '/home/rinav/ros2_ws/build/moveit_resources_panda_description' returned '0': CMAKE_PREFIX_PATH=${CMAKE_PREFIX_PATH}:/home/rinav/ros2_ws/install/trial_package:/home/rinav/ros2_ws/install/py_srvcli:/home/rinav/ros2_ws/install/py_pubsub:/home/rinav/ros2_ws/install/mobile_robotics:/opt/ros/humble /usr/bin/cmake --install /home/rinav/ros2_ws/build/moveit_resources_panda_description
