[0.745s] Invoking command in '/home/rinav/ros2_ws/src/trial_package': PYTHONPATH=/home/rinav/ros2_ws/build/trial_package/prefix_override:/usr/lib/python3/dist-packages/colcon_core/task/python/colcon_distutils_commands:/home/rinav/ros2_ws/install/trial_package/lib/python3.10/site-packages:${PYTHONPATH} /usr/bin/python3 -W ignore:setup.py install is deprecated -W ignore:easy_install command is deprecated setup.py egg_info --egg-base ../../build/trial_package build --build-base /home/rinav/ros2_ws/build/trial_package/build install --record /home/rinav/ros2_ws/build/trial_package/install.log --single-version-externally-managed install_data
[1.192s] running egg_info
[1.195s] creating ../../build/trial_package/trial_package.egg-info
[1.195s] writing ../../build/trial_package/trial_package.egg-info/PKG-INFO
[1.195s] writing dependency_links to ../../build/trial_package/trial_package.egg-info/dependency_links.txt
[1.195s] writing entry points to ../../build/trial_package/trial_package.egg-info/entry_points.txt
[1.195s] writing requirements to ../../build/trial_package/trial_package.egg-info/requires.txt
[1.195s] writing top-level names to ../../build/trial_package/trial_package.egg-info/top_level.txt
[1.199s] writing manifest file '../../build/trial_package/trial_package.egg-info/SOURCES.txt'
[1.202s] reading manifest file '../../build/trial_package/trial_package.egg-info/SOURCES.txt'
[1.204s] writing manifest file '../../build/trial_package/trial_package.egg-info/SOURCES.txt'
[1.204s] running build
[1.204s] running build_py
[1.205s] creating /home/rinav/ros2_ws/build/trial_package/build
[1.205s] creating /home/rinav/ros2_ws/build/trial_package/build/lib
[1.205s] creating /home/rinav/ros2_ws/build/trial_package/build/lib/trial_package
[1.205s] copying trial_package/__init__.py -> /home/rinav/ros2_ws/build/trial_package/build/lib/trial_package
[1.205s] running install
[1.206s] running install_lib
[1.207s] creating /home/rinav/ros2_ws/install/trial_package/lib/python3.10/site-packages/trial_package
[1.207s] copying /home/rinav/ros2_ws/build/trial_package/build/lib/trial_package/__init__.py -> /home/rinav/ros2_ws/install/trial_package/lib/python3.10/site-packages/trial_package
[1.207s] byte-compiling /home/rinav/ros2_ws/install/trial_package/lib/python3.10/site-packages/trial_package/__init__.py to __init__.cpython-310.pyc
[1.207s] running install_data
[1.208s] creating /home/rinav/ros2_ws/install/trial_package/share/ament_index
[1.208s] creating /home/rinav/ros2_ws/install/trial_package/share/ament_index/resource_index
[1.208s] creating /home/rinav/ros2_ws/install/trial_package/share/ament_index/resource_index/packages
[1.208s] copying resource/trial_package -> /home/rinav/ros2_ws/install/trial_package/share/ament_index/resource_index/packages
[1.208s] copying package.xml -> /home/rinav/ros2_ws/install/trial_package/share/trial_package
[1.208s] running install_egg_info
[1.211s] Copying ../../build/trial_package/trial_package.egg-info to /home/rinav/ros2_ws/install/trial_package/lib/python3.10/site-packages/trial_package-0.0.0-py3.10.egg-info
[1.212s] running install_scripts
[1.243s] writing list of installed files to '/home/rinav/ros2_ws/build/trial_package/install.log'
[1.314s] Invoked command in '/home/rinav/ros2_ws/src/trial_package' returned '0': PYTHONPATH=/home/rinav/ros2_ws/build/trial_package/prefix_override:/usr/lib/python3/dist-packages/colcon_core/task/python/colcon_distutils_commands:/home/rinav/ros2_ws/install/trial_package/lib/python3.10/site-packages:${PYTHONPATH} /usr/bin/python3 -W ignore:setup.py install is deprecated -W ignore:easy_install command is deprecated setup.py egg_info --egg-base ../../build/trial_package build --build-base /home/rinav/ros2_ws/build/trial_package/build install --record /home/rinav/ros2_ws/build/trial_package/install.log --single-version-externally-managed install_data
