[0.217s] Invoking command in '/home/rinav/ros2_ws/build/turtlesim': CMAKE_PREFIX_PATH=${CMAKE_PREFIX_PATH}:/home/rinav/ros2_ws/install/trial_package:/home/rinav/ros2_ws/install/py_srvcli:/home/rinav/ros2_ws/install/py_pubsub:/home/rinav/ros2_ws/install/mobile_robotics:/opt/ros/humble /usr/bin/cmake /home/rinav/ros2_ws/src/ros_tutorials/turtlesim -DCMAKE_INSTALL_PREFIX=/home/rinav/ros2_ws/install/turtlesim
[0.274s] -- The C compiler identification is GNU 11.4.0
[0.324s] -- The CXX compiler identification is GNU 11.4.0
[0.330s] -- Detecting C compiler ABI info
[0.392s] -- Detecting C compiler ABI info - done
[0.399s] -- Check for working C compiler: /usr/bin/cc - skipped
[0.399s] -- Detecting C compile features
[0.399s] -- Detecting C compile features - done
[0.410s] -- Detecting CXX compiler ABI info
[0.563s] -- Detecting CXX compiler ABI info - done
[0.569s] -- Check for working CXX compiler: /usr/bin/c++ - skipped
[0.569s] -- Detecting CXX compile features
[0.569s] -- Detecting CXX compile features - done
[0.573s] -- Found ament_cmake: 1.3.12 (/opt/ros/humble/share/ament_cmake/cmake)
[0.848s] -- Found Python3: /usr/bin/python3 (found version "3.10.12") found components: Interpreter 
[0.984s] -- Found ament_index_cpp: 1.4.0 (/opt/ros/humble/share/ament_index_cpp/cmake)
[0.984s] -- Found geometry_msgs: 4.9.0 (/opt/ros/humble/share/geometry_msgs/cmake)
[1.058s] -- Found rosidl_generator_c: 3.1.7 (/opt/ros/humble/share/rosidl_generator_c/cmake)
[1.066s] -- Found rosidl_adapter: 3.1.7 (/opt/ros/humble/share/rosidl_adapter/cmake)
[1.078s] -- Found rosidl_generator_cpp: 3.1.7 (/opt/ros/humble/share/rosidl_generator_cpp/cmake)
[1.097s] -- Using all available rosidl_typesupport_c: rosidl_typesupport_fastrtps_c;rosidl_typesupport_introspection_c
[1.130s] -- Using all available rosidl_typesupport_cpp: rosidl_typesupport_fastrtps_cpp;rosidl_typesupport_introspection_cpp
[1.237s] -- Found rclcpp: 16.0.15 (/opt/ros/humble/share/rclcpp/cmake)
[1.357s] -- Found rmw_implementation_cmake: 6.1.2 (/opt/ros/humble/share/rmw_implementation_cmake/cmake)
[1.373s] -- Found rmw_fastrtps_cpp: 6.2.8 (/opt/ros/humble/share/rmw_fastrtps_cpp/cmake)
[1.742s] -- Found OpenSSL: /usr/lib/aarch64-linux-gnu/libcrypto.so (found version "3.0.2")  
[1.761s] -- Found FastRTPS: /opt/ros/humble/include  
[1.821s] -- Using RMW implementation 'rmw_fastrtps_cpp' as default
[1.834s] -- Looking for pthread.h
[2.003s] -- Looking for pthread.h - found
[2.003s] -- Performing Test CMAKE_HAVE_LIBC_PTHREAD
[2.159s] -- Performing Test CMAKE_HAVE_LIBC_PTHREAD - Success
[2.160s] -- Found Threads: TRUE  
[2.219s] -- Found rclcpp_action: 16.0.15 (/opt/ros/humble/share/rclcpp_action/cmake)
[2.284s] -- Found rosidl_default_generators: 1.2.0 (/opt/ros/humble/share/rosidl_default_generators/cmake)
[2.300s] -- Found std_srvs: 4.9.0 (/opt/ros/humble/share/std_srvs/cmake)
[2.608s] -- Found ament_cmake_ros: 0.10.0 (/opt/ros/humble/share/ament_cmake_ros/cmake)
[3.181s] -- Using all available rosidl_typesupport_c: rosidl_typesupport_fastrtps_c;rosidl_typesupport_introspection_c
[3.345s] -- Using all available rosidl_typesupport_cpp: rosidl_typesupport_fastrtps_cpp;rosidl_typesupport_introspection_cpp
[3.365s] -- Found PythonInterp: /usr/bin/python3 (found suitable version "3.10.12", minimum required is "3.6") 
[3.368s] -- Found python_cmake_module: 0.10.0 (/opt/ros/humble/share/python_cmake_module/cmake)
[3.399s] -- Found PythonLibs: /usr/lib/aarch64-linux-gnu/libpython3.10.so (found suitable version "3.10.12", minimum required is "3.5") 
[3.399s] -- Using PYTHON_EXECUTABLE: /usr/bin/python3
[3.399s] -- Using PYTHON_INCLUDE_DIRS: /usr/include/python3.10
[3.399s] -- Using PYTHON_LIBRARIES: /usr/lib/aarch64-linux-gnu/libpython3.10.so
[3.442s] -- Found PythonExtra: .so  
[3.605s] -- Configuring done
[3.658s] -- Generating done
[3.675s] -- Build files have been written to: /home/rinav/ros2_ws/build/turtlesim
[3.685s] Invoked command in '/home/rinav/ros2_ws/build/turtlesim' returned '0': CMAKE_PREFIX_PATH=${CMAKE_PREFIX_PATH}:/home/rinav/ros2_ws/install/trial_package:/home/rinav/ros2_ws/install/py_srvcli:/home/rinav/ros2_ws/install/py_pubsub:/home/rinav/ros2_ws/install/mobile_robotics:/opt/ros/humble /usr/bin/cmake /home/rinav/ros2_ws/src/ros_tutorials/turtlesim -DCMAKE_INSTALL_PREFIX=/home/rinav/ros2_ws/install/turtlesim
[3.696s] Invoking command in '/home/rinav/ros2_ws/build/turtlesim': CMAKE_PREFIX_PATH=${CMAKE_PREFIX_PATH}:/home/rinav/ros2_ws/install/trial_package:/home/rinav/ros2_ws/install/py_srvcli:/home/rinav/ros2_ws/install/py_pubsub:/home/rinav/ros2_ws/install/mobile_robotics:/opt/ros/humble /usr/bin/cmake --build /home/rinav/ros2_ws/build/turtlesim -- -j8 -l8
[3.846s] [  1%] [34m[1mGenerating C code for ROS interfaces[0m
[3.905s] [  2%] [34m[1mGenerating C++ code for ROS interfaces[0m
[3.965s] [  2%] Built target ament_cmake_python_copy_turtlesim
[4.177s] running egg_info
[4.178s] creating turtlesim.egg-info
[4.178s] writing turtlesim.egg-info/PKG-INFO
[4.178s] writing dependency_links to turtlesim.egg-info/dependency_links.txt
[4.178s] writing top-level names to turtlesim.egg-info/top_level.txt
[4.178s] writing manifest file 'turtlesim.egg-info/SOURCES.txt'
[4.186s] reading manifest file 'turtlesim.egg-info/SOURCES.txt'
[4.186s] writing manifest file 'turtlesim.egg-info/SOURCES.txt'
[4.204s] [  2%] Built target ament_cmake_python_build_turtlesim_egg
[5.125s] [  2%] Built target turtlesim__cpp
[5.161s] [  3%] [32mBuilding C object CMakeFiles/turtlesim__rosidl_generator_c.dir/rosidl_generator_c/turtlesim/action/detail/rotate_absolute__functions.c.o[0m
[5.170s] [  4%] [32mBuilding C object CMakeFiles/turtlesim__rosidl_generator_c.dir/rosidl_generator_c/turtlesim/msg/detail/pose__functions.c.o[0m
[5.176s] [  5%] [34m[1mGenerating C++ type support for eProsima Fast-RTPS[0m
[5.183s] [  6%] [34m[1mGenerating C++ type support dispatch for ROS interfaces[0m
[5.186s] [  7%] [32mBuilding C object CMakeFiles/turtlesim__rosidl_generator_c.dir/rosidl_generator_c/turtlesim/msg/detail/color__functions.c.o[0m
[5.200s] [  8%] [34m[1mGenerating C++ introspection for ROS interfaces[0m
[5.204s] [  9%] [32mBuilding C object CMakeFiles/turtlesim__rosidl_generator_c.dir/rosidl_generator_c/turtlesim/srv/detail/kill__functions.c.o[0m
[5.229s] [ 10%] [32mBuilding C object CMakeFiles/turtlesim__rosidl_generator_c.dir/rosidl_generator_c/turtlesim/srv/detail/set_pen__functions.c.o[0m
[5.269s] [ 11%] [32mBuilding C object CMakeFiles/turtlesim__rosidl_generator_c.dir/rosidl_generator_c/turtlesim/srv/detail/spawn__functions.c.o[0m
[5.351s] [ 12%] [32mBuilding C object CMakeFiles/turtlesim__rosidl_generator_c.dir/rosidl_generator_c/turtlesim/srv/detail/teleport_absolute__functions.c.o[0m
[5.362s] [ 13%] [32mBuilding C object CMakeFiles/turtlesim__rosidl_generator_c.dir/rosidl_generator_c/turtlesim/srv/detail/teleport_relative__functions.c.o[0m
[5.496s] [ 14%] [32m[1mLinking C shared library libturtlesim__rosidl_generator_c.so[0m
[5.617s] [ 14%] Built target turtlesim__rosidl_generator_c
[5.685s] [ 15%] [34m[1mGenerating C type support for eProsima Fast-RTPS[0m
[5.686s] [ 16%] [34m[1mGenerating C introspection for ROS interfaces[0m
[5.717s] [ 17%] [34m[1mGenerating C type support dispatch for ROS interfaces[0m
[5.976s] [ 18%] [32mBuilding CXX object CMakeFiles/turtlesim__rosidl_typesupport_cpp.dir/rosidl_typesupport_cpp/turtlesim/action/rotate_absolute__type_support.cpp.o[0m
[5.990s] [ 19%] [32mBuilding CXX object CMakeFiles/turtlesim__rosidl_typesupport_cpp.dir/rosidl_typesupport_cpp/turtlesim/msg/color__type_support.cpp.o[0m
[6.006s] [ 20%] [32mBuilding CXX object CMakeFiles/turtlesim__rosidl_typesupport_cpp.dir/rosidl_typesupport_cpp/turtlesim/msg/pose__type_support.cpp.o[0m
[6.058s] [ 21%] [32mBuilding CXX object CMakeFiles/turtlesim__rosidl_typesupport_introspection_cpp.dir/rosidl_typesupport_introspection_cpp/turtlesim/action/detail/rotate_absolute__type_support.cpp.o[0m
[6.363s] [ 22%] [32mBuilding CXX object CMakeFiles/turtlesim__rosidl_typesupport_cpp.dir/rosidl_typesupport_cpp/turtlesim/srv/kill__type_support.cpp.o[0m
[6.449s] [ 23%] [32mBuilding CXX object CMakeFiles/turtlesim__rosidl_typesupport_cpp.dir/rosidl_typesupport_cpp/turtlesim/srv/set_pen__type_support.cpp.o[0m
[6.641s] [ 24%] [32mBuilding CXX object CMakeFiles/turtlesim__rosidl_typesupport_fastrtps_cpp.dir/rosidl_typesupport_fastrtps_cpp/turtlesim/action/detail/dds_fastrtps/rotate_absolute__type_support.cpp.o[0m
[6.789s] [ 25%] [32mBuilding CXX object CMakeFiles/turtlesim__rosidl_typesupport_introspection_cpp.dir/rosidl_typesupport_introspection_cpp/turtlesim/msg/detail/color__type_support.cpp.o[0m
[6.794s] [ 26%] [32mBuilding CXX object CMakeFiles/turtlesim__rosidl_typesupport_c.dir/rosidl_typesupport_c/turtlesim/action/rotate_absolute__type_support.cpp.o[0m
[6.799s] [ 27%] [32mBuilding CXX object CMakeFiles/turtlesim__rosidl_typesupport_cpp.dir/rosidl_typesupport_cpp/turtlesim/srv/teleport_absolute__type_support.cpp.o[0m
[6.802s] [ 28%] [32mBuilding CXX object CMakeFiles/turtlesim__rosidl_typesupport_cpp.dir/rosidl_typesupport_cpp/turtlesim/srv/spawn__type_support.cpp.o[0m
[6.836s] [ 29%] [32mBuilding CXX object CMakeFiles/turtlesim__rosidl_typesupport_c.dir/rosidl_typesupport_c/turtlesim/msg/color__type_support.cpp.o[0m
[6.865s] [ 30%] [32mBuilding C object CMakeFiles/turtlesim__rosidl_typesupport_introspection_c.dir/rosidl_typesupport_introspection_c/turtlesim/action/detail/rotate_absolute__type_support.c.o[0m
[6.906s] [ 31%] [32mBuilding CXX object CMakeFiles/turtlesim__rosidl_typesupport_c.dir/rosidl_typesupport_c/turtlesim/msg/pose__type_support.cpp.o[0m
[6.977s] [ 32%] [32mBuilding C object CMakeFiles/turtlesim__rosidl_typesupport_introspection_c.dir/rosidl_typesupport_introspection_c/turtlesim/msg/detail/color__type_support.c.o[0m
[7.011s] [ 33%] [32mBuilding CXX object CMakeFiles/turtlesim__rosidl_typesupport_c.dir/rosidl_typesupport_c/turtlesim/srv/kill__type_support.cpp.o[0m
[7.025s] [ 34%] [32mBuilding CXX object CMakeFiles/turtlesim__rosidl_typesupport_c.dir/rosidl_typesupport_c/turtlesim/srv/set_pen__type_support.cpp.o[0m
[7.061s] [ 35%] [32mBuilding C object CMakeFiles/turtlesim__rosidl_typesupport_introspection_c.dir/rosidl_typesupport_introspection_c/turtlesim/msg/detail/pose__type_support.c.o[0m
[7.082s] [ 36%] [32mBuilding CXX object CMakeFiles/turtlesim__rosidl_typesupport_fastrtps_c.dir/rosidl_typesupport_fastrtps_c/turtlesim/action/detail/rotate_absolute__type_support_c.cpp.o[0m
[7.111s] [ 37%] [32mBuilding CXX object CMakeFiles/turtlesim__rosidl_typesupport_c.dir/rosidl_typesupport_c/turtlesim/srv/teleport_absolute__type_support.cpp.o[0m
[7.133s] [ 38%] [32mBuilding CXX object CMakeFiles/turtlesim__rosidl_typesupport_c.dir/rosidl_typesupport_c/turtlesim/srv/spawn__type_support.cpp.o[0m
[7.133s] [ 39%] [32mBuilding CXX object CMakeFiles/turtlesim__rosidl_typesupport_cpp.dir/rosidl_typesupport_cpp/turtlesim/srv/teleport_relative__type_support.cpp.o[0m
[7.195s] [ 40%] [32mBuilding CXX object CMakeFiles/turtlesim__rosidl_typesupport_c.dir/rosidl_typesupport_c/turtlesim/srv/teleport_relative__type_support.cpp.o[0m
[7.198s] [ 41%] [32mBuilding C object CMakeFiles/turtlesim__rosidl_typesupport_introspection_c.dir/rosidl_typesupport_introspection_c/turtlesim/srv/detail/kill__type_support.c.o[0m
[7.217s] [ 42%] [32mBuilding C object CMakeFiles/turtlesim__rosidl_typesupport_introspection_c.dir/rosidl_typesupport_introspection_c/turtlesim/srv/detail/set_pen__type_support.c.o[0m
[7.277s] [ 43%] [32mBuilding C object CMakeFiles/turtlesim__rosidl_typesupport_introspection_c.dir/rosidl_typesupport_introspection_c/turtlesim/srv/detail/spawn__type_support.c.o[0m
[7.281s] [ 44%] [32m[1mLinking CXX shared library libturtlesim__rosidl_typesupport_c.so[0m
[7.317s] [ 45%] [32mBuilding C object CMakeFiles/turtlesim__rosidl_typesupport_introspection_c.dir/rosidl_typesupport_introspection_c/turtlesim/srv/detail/teleport_absolute__type_support.c.o[0m
[7.347s] [ 46%] [32mBuilding CXX object CMakeFiles/turtlesim__rosidl_typesupport_introspection_cpp.dir/rosidl_typesupport_introspection_cpp/turtlesim/msg/detail/pose__type_support.cpp.o[0m
[7.375s] [ 47%] [32mBuilding C object CMakeFiles/turtlesim__rosidl_typesupport_introspection_c.dir/rosidl_typesupport_introspection_c/turtlesim/srv/detail/teleport_relative__type_support.c.o[0m
[7.401s] [ 48%] [32mBuilding CXX object CMakeFiles/turtlesim__rosidl_typesupport_fastrtps_c.dir/rosidl_typesupport_fastrtps_c/turtlesim/msg/detail/color__type_support_c.cpp.o[0m
[7.417s] [ 48%] Built target turtlesim__rosidl_typesupport_c
[7.442s] [ 49%] [32mBuilding CXX object CMakeFiles/turtlesim__rosidl_typesupport_fastrtps_cpp.dir/rosidl_typesupport_fastrtps_cpp/turtlesim/msg/detail/dds_fastrtps/color__type_support.cpp.o[0m
[7.460s] [ 50%] [32mBuilding CXX object CMakeFiles/turtlesim__rosidl_typesupport_fastrtps_c.dir/rosidl_typesupport_fastrtps_c/turtlesim/msg/detail/pose__type_support_c.cpp.o[0m
[7.479s] [ 51%] [32mBuilding CXX object CMakeFiles/turtlesim__rosidl_typesupport_fastrtps_c.dir/rosidl_typesupport_fastrtps_c/turtlesim/srv/detail/kill__type_support_c.cpp.o[0m
[7.508s] [ 52%] [32m[1mLinking C shared library libturtlesim__rosidl_typesupport_introspection_c.so[0m
[7.531s] [ 53%] [32mBuilding CXX object CMakeFiles/turtlesim__rosidl_typesupport_introspection_cpp.dir/rosidl_typesupport_introspection_cpp/turtlesim/srv/detail/kill__type_support.cpp.o[0m
[7.584s] [ 54%] [32m[1mLinking CXX shared library libturtlesim__rosidl_typesupport_cpp.so[0m
[7.597s] [ 54%] Built target turtlesim__rosidl_typesupport_introspection_c
[7.624s] [ 55%] [32mBuilding CXX object CMakeFiles/turtlesim__rosidl_typesupport_introspection_cpp.dir/rosidl_typesupport_introspection_cpp/turtlesim/srv/detail/set_pen__type_support.cpp.o[0m
[7.757s] [ 55%] Built target turtlesim__rosidl_typesupport_cpp
[7.793s] [ 56%] [32mBuilding CXX object CMakeFiles/turtlesim__rosidl_typesupport_introspection_cpp.dir/rosidl_typesupport_introspection_cpp/turtlesim/srv/detail/spawn__type_support.cpp.o[0m
[7.987s] [ 57%] [32mBuilding CXX object CMakeFiles/turtlesim__rosidl_typesupport_introspection_cpp.dir/rosidl_typesupport_introspection_cpp/turtlesim/srv/detail/teleport_absolute__type_support.cpp.o[0m
[8.130s] [ 58%] [32mBuilding CXX object CMakeFiles/turtlesim__rosidl_typesupport_fastrtps_c.dir/rosidl_typesupport_fastrtps_c/turtlesim/srv/detail/set_pen__type_support_c.cpp.o[0m
[8.176s] [ 59%] [32mBuilding CXX object CMakeFiles/turtlesim__rosidl_typesupport_fastrtps_c.dir/rosidl_typesupport_fastrtps_c/turtlesim/srv/detail/spawn__type_support_c.cpp.o[0m
[8.254s] [ 60%] [32mBuilding CXX object CMakeFiles/turtlesim__rosidl_typesupport_fastrtps_cpp.dir/rosidl_typesupport_fastrtps_cpp/turtlesim/msg/detail/dds_fastrtps/pose__type_support.cpp.o[0m
[8.274s] [ 61%] [32mBuilding CXX object CMakeFiles/turtlesim__rosidl_typesupport_fastrtps_c.dir/rosidl_typesupport_fastrtps_c/turtlesim/srv/detail/teleport_absolute__type_support_c.cpp.o[0m
[8.285s] [ 62%] [32mBuilding CXX object CMakeFiles/turtlesim__rosidl_typesupport_introspection_cpp.dir/rosidl_typesupport_introspection_cpp/turtlesim/srv/detail/teleport_relative__type_support.cpp.o[0m
[8.416s] [ 63%] [32mBuilding CXX object CMakeFiles/turtlesim__rosidl_typesupport_fastrtps_cpp.dir/rosidl_typesupport_fastrtps_cpp/turtlesim/srv/detail/dds_fastrtps/kill__type_support.cpp.o[0m
[8.501s] [ 64%] [32mBuilding CXX object CMakeFiles/turtlesim__rosidl_typesupport_fastrtps_cpp.dir/rosidl_typesupport_fastrtps_cpp/turtlesim/srv/detail/dds_fastrtps/set_pen__type_support.cpp.o[0m
[8.661s] [ 65%] [32mBuilding CXX object CMakeFiles/turtlesim__rosidl_typesupport_fastrtps_cpp.dir/rosidl_typesupport_fastrtps_cpp/turtlesim/srv/detail/dds_fastrtps/spawn__type_support.cpp.o[0m
[8.729s] [ 66%] [32mBuilding CXX object CMakeFiles/turtlesim__rosidl_typesupport_fastrtps_c.dir/rosidl_typesupport_fastrtps_c/turtlesim/srv/detail/teleport_relative__type_support_c.cpp.o[0m
[8.765s] [ 67%] [32mBuilding CXX object CMakeFiles/turtlesim__rosidl_typesupport_fastrtps_cpp.dir/rosidl_typesupport_fastrtps_cpp/turtlesim/srv/detail/dds_fastrtps/teleport_absolute__type_support.cpp.o[0m
[8.771s] [ 68%] [32mBuilding CXX object CMakeFiles/turtlesim__rosidl_typesupport_fastrtps_cpp.dir/rosidl_typesupport_fastrtps_cpp/turtlesim/srv/detail/dds_fastrtps/teleport_relative__type_support.cpp.o[0m
[8.860s] [ 69%] [32m[1mLinking CXX shared library libturtlesim__rosidl_typesupport_introspection_cpp.so[0m
[8.921s] [ 70%] [34m[1mGenerating include/turtlesim/moc_turtle_frame.cpp[0m
[8.974s] [ 70%] Built target turtlesim__rosidl_typesupport_introspection_cpp
[9.003s] [ 71%] [32m[1mLinking CXX shared library libturtlesim__rosidl_typesupport_fastrtps_c.so[0m
[9.012s] [ 72%] [32mBuilding CXX object CMakeFiles/draw_square.dir/tutorials/draw_square.cpp.o[0m
[9.021s] [ 73%] [32mBuilding CXX object CMakeFiles/turtle_teleop_key.dir/tutorials/teleop_turtle_key.cpp.o[0m
[9.026s] [ 74%] [32mBuilding CXX object CMakeFiles/turtlesim_node.dir/src/turtlesim.cpp.o[0m
[9.032s] [ 75%] [32mBuilding CXX object CMakeFiles/turtlesim_node.dir/src/turtle.cpp.o[0m
[9.064s] [ 76%] [32mBuilding CXX object CMakeFiles/mimic.dir/tutorials/mimic.cpp.o[0m
[9.082s] [ 76%] Built target turtlesim__rosidl_typesupport_fastrtps_c
[9.092s] [ 77%] [32mBuilding CXX object CMakeFiles/turtlesim_node.dir/src/turtle_frame.cpp.o[0m
[9.113s] [ 78%] [32mBuilding CXX object CMakeFiles/turtlesim_node.dir/include/turtlesim/moc_turtle_frame.cpp.o[0m
[9.149s] [ 79%] [32m[1mLinking CXX shared library libturtlesim__rosidl_typesupport_fastrtps_cpp.so[0m
[9.334s] [ 79%] Built target turtlesim__rosidl_typesupport_fastrtps_cpp
[9.414s] [ 79%] Built target turtlesim
[9.445s] [ 80%] [34m[1mGenerating Python code for ROS interfaces[0m
[11.993s] [ 80%] Built target turtlesim__py
[12.102s] [ 81%] [32mBuilding C object CMakeFiles/turtlesim__rosidl_generator_py.dir/rosidl_generator_py/turtlesim/action/_rotate_absolute_s.c.o[0m
[12.348s] [ 82%] [32mBuilding C object CMakeFiles/turtlesim__rosidl_generator_py.dir/rosidl_generator_py/turtlesim/msg/_color_s.c.o[0m
[12.577s] [ 83%] [32mBuilding C object CMakeFiles/turtlesim__rosidl_generator_py.dir/rosidl_generator_py/turtlesim/msg/_pose_s.c.o[0m
[12.748s] [ 84%] [32mBuilding C object CMakeFiles/turtlesim__rosidl_generator_py.dir/rosidl_generator_py/turtlesim/srv/_kill_s.c.o[0m
[12.966s] [ 85%] [32mBuilding C object CMakeFiles/turtlesim__rosidl_generator_py.dir/rosidl_generator_py/turtlesim/srv/_set_pen_s.c.o[0m
[13.197s] [ 86%] [32mBuilding C object CMakeFiles/turtlesim__rosidl_generator_py.dir/rosidl_generator_py/turtlesim/srv/_spawn_s.c.o[0m
[13.431s] [ 87%] [32mBuilding C object CMakeFiles/turtlesim__rosidl_generator_py.dir/rosidl_generator_py/turtlesim/srv/_teleport_absolute_s.c.o[0m
[13.689s] [ 88%] [32mBuilding C object CMakeFiles/turtlesim__rosidl_generator_py.dir/rosidl_generator_py/turtlesim/srv/_teleport_relative_s.c.o[0m
[13.836s] [ 89%] [32m[1mLinking C shared library rosidl_generator_py/turtlesim/libturtlesim__rosidl_generator_py.so[0m
[13.945s] [ 89%] Built target turtlesim__rosidl_generator_py
[14.072s] [ 90%] [32mBuilding C object CMakeFiles/turtlesim__rosidl_typesupport_fastrtps_c__pyext.dir/rosidl_generator_py/turtlesim/_turtlesim_s.ep.rosidl_typesupport_fastrtps_c.c.o[0m
[14.090s] [ 91%] [32mBuilding C object CMakeFiles/turtlesim__rosidl_typesupport_introspection_c__pyext.dir/rosidl_generator_py/turtlesim/_turtlesim_s.ep.rosidl_typesupport_introspection_c.c.o[0m
[14.219s] [ 92%] [32m[1mLinking C shared library rosidl_generator_py/turtlesim/turtlesim_s__rosidl_typesupport_fastrtps_c.cpython-310-aarch64-linux-gnu.so[0m
[14.236s] [ 93%] [32m[1mLinking C shared library rosidl_generator_py/turtlesim/turtlesim_s__rosidl_typesupport_introspection_c.cpython-310-aarch64-linux-gnu.so[0m
[14.268s] [ 93%] Built target turtlesim__rosidl_typesupport_fastrtps_c__pyext
[14.310s] [ 93%] Built target turtlesim__rosidl_typesupport_introspection_c__pyext
[14.333s] [ 94%] [32mBuilding C object CMakeFiles/turtlesim__rosidl_typesupport_c__pyext.dir/rosidl_generator_py/turtlesim/_turtlesim_s.ep.rosidl_typesupport_c.c.o[0m
[14.501s] [ 95%] [32m[1mLinking C shared library rosidl_generator_py/turtlesim/turtlesim_s__rosidl_typesupport_c.cpython-310-aarch64-linux-gnu.so[0m
[14.566s] [ 95%] Built target turtlesim__rosidl_typesupport_c__pyext
[15.229s] [ 96%] [32m[1mLinking CXX executable turtle_teleop_key[0m
[15.441s] [ 96%] Built target turtle_teleop_key
[18.244s] [ 97%] [32m[1mLinking CXX executable mimic[0m
[18.717s] [ 98%] [32m[1mLinking CXX executable draw_square[0m
[19.106s] [ 98%] Built target mimic
[19.815s] [ 98%] Built target draw_square
[22.005s] [100%] [32m[1mLinking CXX executable turtlesim_node[0m
[23.716s] [100%] Built target turtlesim_node
[23.727s] Invoked command in '/home/rinav/ros2_ws/build/turtlesim' returned '0': CMAKE_PREFIX_PATH=${CMAKE_PREFIX_PATH}:/home/rinav/ros2_ws/install/trial_package:/home/rinav/ros2_ws/install/py_srvcli:/home/rinav/ros2_ws/install/py_pubsub:/home/rinav/ros2_ws/install/mobile_robotics:/opt/ros/humble /usr/bin/cmake --build /home/rinav/ros2_ws/build/turtlesim -- -j8 -l8
[23.729s] Invoking command in '/home/rinav/ros2_ws/build/turtlesim': CMAKE_PREFIX_PATH=${CMAKE_PREFIX_PATH}:/home/rinav/ros2_ws/install/trial_package:/home/rinav/ros2_ws/install/py_srvcli:/home/rinav/ros2_ws/install/py_pubsub:/home/rinav/ros2_ws/install/mobile_robotics:/opt/ros/humble /usr/bin/cmake --install /home/rinav/ros2_ws/build/turtlesim
[23.734s] -- Install configuration: ""
[23.734s] -- Installing: /home/rinav/ros2_ws/install/turtlesim/share/ament_index/resource_index/rosidl_interfaces/turtlesim
[23.734s] -- Installing: /home/rinav/ros2_ws/install/turtlesim/include/turtlesim/turtlesim
[23.735s] -- Installing: /home/rinav/ros2_ws/install/turtlesim/include/turtlesim/turtlesim/srv
[23.735s] -- Installing: /home/rinav/ros2_ws/install/turtlesim/include/turtlesim/turtlesim/srv/teleport_absolute.h
[23.735s] -- Installing: /home/rinav/ros2_ws/install/turtlesim/include/turtlesim/turtlesim/srv/detail
[23.735s] -- Installing: /home/rinav/ros2_ws/install/turtlesim/include/turtlesim/turtlesim/srv/detail/teleport_absolute__functions.c
[23.735s] -- Installing: /home/rinav/ros2_ws/install/turtlesim/include/turtlesim/turtlesim/srv/detail/kill__type_support.h
[23.735s] -- Installing: /home/rinav/ros2_ws/install/turtlesim/include/turtlesim/turtlesim/srv/detail/spawn__functions.h
[23.735s] -- Installing: /home/rinav/ros2_ws/install/turtlesim/include/turtlesim/turtlesim/srv/detail/spawn__type_support.h
[23.735s] -- Installing: /home/rinav/ros2_ws/install/turtlesim/include/turtlesim/turtlesim/srv/detail/teleport_relative__struct.h
[23.735s] -- Installing: /home/rinav/ros2_ws/install/turtlesim/include/turtlesim/turtlesim/srv/detail/kill__functions.c
[23.735s] -- Installing: /home/rinav/ros2_ws/install/turtlesim/include/turtlesim/turtlesim/srv/detail/set_pen__functions.c
[23.735s] -- Installing: /home/rinav/ros2_ws/install/turtlesim/include/turtlesim/turtlesim/srv/detail/set_pen__functions.h
[23.737s] -- Installing: /home/rinav/ros2_ws/install/turtlesim/include/turtlesim/turtlesim/srv/detail/spawn__functions.c
[23.737s] -- Installing: /home/rinav/ros2_ws/install/turtlesim/include/turtlesim/turtlesim/srv/detail/teleport_absolute__type_support.h
[23.737s] -- Installing: /home/rinav/ros2_ws/install/turtlesim/include/turtlesim/turtlesim/srv/detail/teleport_absolute__struct.h
[23.737s] -- Installing: /home/rinav/ros2_ws/install/turtlesim/include/turtlesim/turtlesim/srv/detail/spawn__struct.h
[23.737s] -- Installing: /home/rinav/ros2_ws/install/turtlesim/include/turtlesim/turtlesim/srv/detail/kill__functions.h
[23.737s] -- Installing: /home/rinav/ros2_ws/install/turtlesim/include/turtlesim/turtlesim/srv/detail/set_pen__type_support.h
[23.737s] -- Installing: /home/rinav/ros2_ws/install/turtlesim/include/turtlesim/turtlesim/srv/detail/set_pen__struct.h
[23.737s] -- Installing: /home/rinav/ros2_ws/install/turtlesim/include/turtlesim/turtlesim/srv/detail/teleport_relative__type_support.h
[23.737s] -- Installing: /home/rinav/ros2_ws/install/turtlesim/include/turtlesim/turtlesim/srv/detail/teleport_relative__functions.h
[23.737s] -- Installing: /home/rinav/ros2_ws/install/turtlesim/include/turtlesim/turtlesim/srv/detail/teleport_relative__functions.c
[23.737s] -- Installing: /home/rinav/ros2_ws/install/turtlesim/include/turtlesim/turtlesim/srv/detail/kill__struct.h
[23.737s] -- Installing: /home/rinav/ros2_ws/install/turtlesim/include/turtlesim/turtlesim/srv/detail/teleport_absolute__functions.h
[23.737s] -- Installing: /home/rinav/ros2_ws/install/turtlesim/include/turtlesim/turtlesim/srv/spawn.h
[23.737s] -- Installing: /home/rinav/ros2_ws/install/turtlesim/include/turtlesim/turtlesim/srv/kill.h
[23.737s] -- Installing: /home/rinav/ros2_ws/install/turtlesim/include/turtlesim/turtlesim/srv/teleport_relative.h
[23.738s] -- Installing: /home/rinav/ros2_ws/install/turtlesim/include/turtlesim/turtlesim/srv/set_pen.h
[23.738s] -- Installing: /home/rinav/ros2_ws/install/turtlesim/include/turtlesim/turtlesim/msg
[23.738s] -- Installing: /home/rinav/ros2_ws/install/turtlesim/include/turtlesim/turtlesim/msg/detail
[23.738s] -- Installing: /home/rinav/ros2_ws/install/turtlesim/include/turtlesim/turtlesim/msg/detail/pose__functions.h
[23.738s] -- Installing: /home/rinav/ros2_ws/install/turtlesim/include/turtlesim/turtlesim/msg/detail/pose__functions.c
[23.738s] -- Installing: /home/rinav/ros2_ws/install/turtlesim/include/turtlesim/turtlesim/msg/detail/color__type_support.h
[23.738s] -- Installing: /home/rinav/ros2_ws/install/turtlesim/include/turtlesim/turtlesim/msg/detail/color__functions.h
[23.738s] -- Installing: /home/rinav/ros2_ws/install/turtlesim/include/turtlesim/turtlesim/msg/detail/pose__type_support.h
[23.738s] -- Installing: /home/rinav/ros2_ws/install/turtlesim/include/turtlesim/turtlesim/msg/detail/pose__struct.h
[23.738s] -- Installing: /home/rinav/ros2_ws/install/turtlesim/include/turtlesim/turtlesim/msg/detail/color__struct.h
[23.738s] -- Installing: /home/rinav/ros2_ws/install/turtlesim/include/turtlesim/turtlesim/msg/detail/color__functions.c
[23.738s] -- Installing: /home/rinav/ros2_ws/install/turtlesim/include/turtlesim/turtlesim/msg/rosidl_generator_c__visibility_control.h
[23.738s] -- Installing: /home/rinav/ros2_ws/install/turtlesim/include/turtlesim/turtlesim/msg/pose.h
[23.738s] -- Installing: /home/rinav/ros2_ws/install/turtlesim/include/turtlesim/turtlesim/msg/color.h
[23.738s] -- Installing: /home/rinav/ros2_ws/install/turtlesim/include/turtlesim/turtlesim/action
[23.738s] -- Installing: /home/rinav/ros2_ws/install/turtlesim/include/turtlesim/turtlesim/action/detail
[23.739s] -- Installing: /home/rinav/ros2_ws/install/turtlesim/include/turtlesim/turtlesim/action/detail/rotate_absolute__struct.h
[23.739s] -- Installing: /home/rinav/ros2_ws/install/turtlesim/include/turtlesim/turtlesim/action/detail/rotate_absolute__functions.c
[23.739s] -- Installing: /home/rinav/ros2_ws/install/turtlesim/include/turtlesim/turtlesim/action/detail/rotate_absolute__type_support.h
[23.739s] -- Installing: /home/rinav/ros2_ws/install/turtlesim/include/turtlesim/turtlesim/action/detail/rotate_absolute__functions.h
[23.739s] -- Installing: /home/rinav/ros2_ws/install/turtlesim/include/turtlesim/turtlesim/action/rotate_absolute.h
[23.739s] -- Installing: /home/rinav/ros2_ws/install/turtlesim/share/turtlesim/environment/library_path.sh
[23.739s] -- Installing: /home/rinav/ros2_ws/install/turtlesim/share/turtlesim/environment/library_path.dsv
[23.739s] -- Installing: /home/rinav/ros2_ws/install/turtlesim/lib/libturtlesim__rosidl_generator_c.so
[23.739s] -- Set runtime path of "/home/rinav/ros2_ws/install/turtlesim/lib/libturtlesim__rosidl_generator_c.so" to ""
[23.739s] -- Up-to-date: /home/rinav/ros2_ws/install/turtlesim/include/turtlesim/turtlesim
[23.739s] -- Up-to-date: /home/rinav/ros2_ws/install/turtlesim/include/turtlesim/turtlesim/srv
[23.739s] -- Up-to-date: /home/rinav/ros2_ws/install/turtlesim/include/turtlesim/turtlesim/srv/detail
[23.739s] -- Installing: /home/rinav/ros2_ws/install/turtlesim/include/turtlesim/turtlesim/srv/detail/kill__rosidl_typesupport_fastrtps_c.h
[23.739s] -- Installing: /home/rinav/ros2_ws/install/turtlesim/include/turtlesim/turtlesim/srv/detail/teleport_relative__rosidl_typesupport_fastrtps_c.h
[23.739s] -- Installing: /home/rinav/ros2_ws/install/turtlesim/include/turtlesim/turtlesim/srv/detail/set_pen__rosidl_typesupport_fastrtps_c.h
[23.739s] -- Installing: /home/rinav/ros2_ws/install/turtlesim/include/turtlesim/turtlesim/srv/detail/spawn__rosidl_typesupport_fastrtps_c.h
[23.739s] -- Installing: /home/rinav/ros2_ws/install/turtlesim/include/turtlesim/turtlesim/srv/detail/teleport_absolute__rosidl_typesupport_fastrtps_c.h
[23.739s] -- Up-to-date: /home/rinav/ros2_ws/install/turtlesim/include/turtlesim/turtlesim/msg
[23.740s] -- Up-to-date: /home/rinav/ros2_ws/install/turtlesim/include/turtlesim/turtlesim/msg/detail
[23.740s] -- Installing: /home/rinav/ros2_ws/install/turtlesim/include/turtlesim/turtlesim/msg/detail/color__rosidl_typesupport_fastrtps_c.h
[23.740s] -- Installing: /home/rinav/ros2_ws/install/turtlesim/include/turtlesim/turtlesim/msg/detail/pose__rosidl_typesupport_fastrtps_c.h
[23.740s] -- Installing: /home/rinav/ros2_ws/install/turtlesim/include/turtlesim/turtlesim/msg/rosidl_typesupport_fastrtps_c__visibility_control.h
[23.740s] -- Up-to-date: /home/rinav/ros2_ws/install/turtlesim/include/turtlesim/turtlesim/action
[23.740s] -- Up-to-date: /home/rinav/ros2_ws/install/turtlesim/include/turtlesim/turtlesim/action/detail
[23.740s] -- Installing: /home/rinav/ros2_ws/install/turtlesim/include/turtlesim/turtlesim/action/detail/rotate_absolute__rosidl_typesupport_fastrtps_c.h
[23.740s] -- Installing: /home/rinav/ros2_ws/install/turtlesim/lib/libturtlesim__rosidl_typesupport_fastrtps_c.so
[23.740s] -- Set runtime path of "/home/rinav/ros2_ws/install/turtlesim/lib/libturtlesim__rosidl_typesupport_fastrtps_c.so" to ""
[23.740s] -- Up-to-date: /home/rinav/ros2_ws/install/turtlesim/include/turtlesim/turtlesim
[23.740s] -- Up-to-date: /home/rinav/ros2_ws/install/turtlesim/include/turtlesim/turtlesim/srv
[23.741s] -- Installing: /home/rinav/ros2_ws/install/turtlesim/include/turtlesim/turtlesim/srv/kill.hpp
[23.741s] -- Up-to-date: /home/rinav/ros2_ws/install/turtlesim/include/turtlesim/turtlesim/srv/detail
[23.741s] -- Installing: /home/rinav/ros2_ws/install/turtlesim/include/turtlesim/turtlesim/srv/detail/spawn__traits.hpp
[23.741s] -- Installing: /home/rinav/ros2_ws/install/turtlesim/include/turtlesim/turtlesim/srv/detail/kill__type_support.hpp
[23.741s] -- Installing: /home/rinav/ros2_ws/install/turtlesim/include/turtlesim/turtlesim/srv/detail/teleport_relative__type_support.hpp
[23.741s] -- Installing: /home/rinav/ros2_ws/install/turtlesim/include/turtlesim/turtlesim/srv/detail/teleport_relative__builder.hpp
[23.741s] -- Installing: /home/rinav/ros2_ws/install/turtlesim/include/turtlesim/turtlesim/srv/detail/kill__struct.hpp
[23.741s] -- Installing: /home/rinav/ros2_ws/install/turtlesim/include/turtlesim/turtlesim/srv/detail/spawn__builder.hpp
[23.741s] -- Installing: /home/rinav/ros2_ws/install/turtlesim/include/turtlesim/turtlesim/srv/detail/teleport_absolute__builder.hpp
[23.741s] -- Installing: /home/rinav/ros2_ws/install/turtlesim/include/turtlesim/turtlesim/srv/detail/teleport_relative__traits.hpp
[23.741s] -- Installing: /home/rinav/ros2_ws/install/turtlesim/include/turtlesim/turtlesim/srv/detail/set_pen__traits.hpp
[23.741s] -- Installing: /home/rinav/ros2_ws/install/turtlesim/include/turtlesim/turtlesim/srv/detail/set_pen__type_support.hpp
[23.741s] -- Installing: /home/rinav/ros2_ws/install/turtlesim/include/turtlesim/turtlesim/srv/detail/kill__traits.hpp
[23.741s] -- Installing: /home/rinav/ros2_ws/install/turtlesim/include/turtlesim/turtlesim/srv/detail/set_pen__builder.hpp
[23.741s] -- Installing: /home/rinav/ros2_ws/install/turtlesim/include/turtlesim/turtlesim/srv/detail/spawn__struct.hpp
[23.742s] -- Installing: /home/rinav/ros2_ws/install/turtlesim/include/turtlesim/turtlesim/srv/detail/teleport_absolute__struct.hpp
[23.742s] -- Installing: /home/rinav/ros2_ws/install/turtlesim/include/turtlesim/turtlesim/srv/detail/set_pen__struct.hpp
[23.742s] -- Installing: /home/rinav/ros2_ws/install/turtlesim/include/turtlesim/turtlesim/srv/detail/kill__builder.hpp
[23.742s] -- Installing: /home/rinav/ros2_ws/install/turtlesim/include/turtlesim/turtlesim/srv/detail/spawn__type_support.hpp
[23.742s] -- Installing: /home/rinav/ros2_ws/install/turtlesim/include/turtlesim/turtlesim/srv/detail/teleport_absolute__type_support.hpp
[23.742s] -- Installing: /home/rinav/ros2_ws/install/turtlesim/include/turtlesim/turtlesim/srv/detail/teleport_absolute__traits.hpp
[23.742s] -- Installing: /home/rinav/ros2_ws/install/turtlesim/include/turtlesim/turtlesim/srv/detail/teleport_relative__struct.hpp
[23.742s] -- Installing: /home/rinav/ros2_ws/install/turtlesim/include/turtlesim/turtlesim/srv/spawn.hpp
[23.742s] -- Installing: /home/rinav/ros2_ws/install/turtlesim/include/turtlesim/turtlesim/srv/set_pen.hpp
[23.742s] -- Installing: /home/rinav/ros2_ws/install/turtlesim/include/turtlesim/turtlesim/srv/teleport_absolute.hpp
[23.742s] -- Installing: /home/rinav/ros2_ws/install/turtlesim/include/turtlesim/turtlesim/srv/teleport_relative.hpp
[23.742s] -- Up-to-date: /home/rinav/ros2_ws/install/turtlesim/include/turtlesim/turtlesim/msg
[23.743s] -- Up-to-date: /home/rinav/ros2_ws/install/turtlesim/include/turtlesim/turtlesim/msg/detail
[23.743s] -- Installing: /home/rinav/ros2_ws/install/turtlesim/include/turtlesim/turtlesim/msg/detail/color__traits.hpp
[23.743s] -- Installing: /home/rinav/ros2_ws/install/turtlesim/include/turtlesim/turtlesim/msg/detail/pose__struct.hpp
[23.743s] -- Installing: /home/rinav/ros2_ws/install/turtlesim/include/turtlesim/turtlesim/msg/detail/pose__type_support.hpp
[23.743s] -- Installing: /home/rinav/ros2_ws/install/turtlesim/include/turtlesim/turtlesim/msg/detail/color__type_support.hpp
[23.743s] -- Installing: /home/rinav/ros2_ws/install/turtlesim/include/turtlesim/turtlesim/msg/detail/pose__traits.hpp
[23.743s] -- Installing: /home/rinav/ros2_ws/install/turtlesim/include/turtlesim/turtlesim/msg/detail/color__struct.hpp
[23.743s] -- Installing: /home/rinav/ros2_ws/install/turtlesim/include/turtlesim/turtlesim/msg/detail/pose__builder.hpp
[23.743s] -- Installing: /home/rinav/ros2_ws/install/turtlesim/include/turtlesim/turtlesim/msg/detail/color__builder.hpp
[23.743s] -- Installing: /home/rinav/ros2_ws/install/turtlesim/include/turtlesim/turtlesim/msg/pose.hpp
[23.743s] -- Installing: /home/rinav/ros2_ws/install/turtlesim/include/turtlesim/turtlesim/msg/rosidl_generator_cpp__visibility_control.hpp
[23.743s] -- Installing: /home/rinav/ros2_ws/install/turtlesim/include/turtlesim/turtlesim/msg/color.hpp
[23.743s] -- Up-to-date: /home/rinav/ros2_ws/install/turtlesim/include/turtlesim/turtlesim/action
[23.743s] -- Up-to-date: /home/rinav/ros2_ws/install/turtlesim/include/turtlesim/turtlesim/action/detail
[23.743s] -- Installing: /home/rinav/ros2_ws/install/turtlesim/include/turtlesim/turtlesim/action/detail/rotate_absolute__struct.hpp
[23.744s] -- Installing: /home/rinav/ros2_ws/install/turtlesim/include/turtlesim/turtlesim/action/detail/rotate_absolute__type_support.hpp
[23.744s] -- Installing: /home/rinav/ros2_ws/install/turtlesim/include/turtlesim/turtlesim/action/detail/rotate_absolute__traits.hpp
[23.744s] -- Installing: /home/rinav/ros2_ws/install/turtlesim/include/turtlesim/turtlesim/action/detail/rotate_absolute__builder.hpp
[23.744s] -- Installing: /home/rinav/ros2_ws/install/turtlesim/include/turtlesim/turtlesim/action/rotate_absolute.hpp
[23.744s] -- Up-to-date: /home/rinav/ros2_ws/install/turtlesim/include/turtlesim/turtlesim
[23.744s] -- Up-to-date: /home/rinav/ros2_ws/install/turtlesim/include/turtlesim/turtlesim/srv
[23.744s] -- Up-to-date: /home/rinav/ros2_ws/install/turtlesim/include/turtlesim/turtlesim/srv/detail
[23.744s] -- Installing: /home/rinav/ros2_ws/install/turtlesim/include/turtlesim/turtlesim/srv/detail/dds_fastrtps
[23.744s] -- Installing: /home/rinav/ros2_ws/install/turtlesim/include/turtlesim/turtlesim/srv/detail/set_pen__rosidl_typesupport_fastrtps_cpp.hpp
[23.744s] -- Installing: /home/rinav/ros2_ws/install/turtlesim/include/turtlesim/turtlesim/srv/detail/spawn__rosidl_typesupport_fastrtps_cpp.hpp
[23.744s] -- Installing: /home/rinav/ros2_ws/install/turtlesim/include/turtlesim/turtlesim/srv/detail/teleport_absolute__rosidl_typesupport_fastrtps_cpp.hpp
[23.744s] -- Installing: /home/rinav/ros2_ws/install/turtlesim/include/turtlesim/turtlesim/srv/detail/kill__rosidl_typesupport_fastrtps_cpp.hpp
[23.744s] -- Installing: /home/rinav/ros2_ws/install/turtlesim/include/turtlesim/turtlesim/srv/detail/teleport_relative__rosidl_typesupport_fastrtps_cpp.hpp
[23.744s] -- Up-to-date: /home/rinav/ros2_ws/install/turtlesim/include/turtlesim/turtlesim/msg
[23.744s] -- Up-to-date: /home/rinav/ros2_ws/install/turtlesim/include/turtlesim/turtlesim/msg/detail
[23.745s] -- Installing: /home/rinav/ros2_ws/install/turtlesim/include/turtlesim/turtlesim/msg/detail/pose__rosidl_typesupport_fastrtps_cpp.hpp
[23.745s] -- Installing: /home/rinav/ros2_ws/install/turtlesim/include/turtlesim/turtlesim/msg/detail/dds_fastrtps
[23.745s] -- Installing: /home/rinav/ros2_ws/install/turtlesim/include/turtlesim/turtlesim/msg/detail/color__rosidl_typesupport_fastrtps_cpp.hpp
[23.745s] -- Installing: /home/rinav/ros2_ws/install/turtlesim/include/turtlesim/turtlesim/msg/rosidl_typesupport_fastrtps_cpp__visibility_control.h
[23.745s] -- Up-to-date: /home/rinav/ros2_ws/install/turtlesim/include/turtlesim/turtlesim/action
[23.745s] -- Up-to-date: /home/rinav/ros2_ws/install/turtlesim/include/turtlesim/turtlesim/action/detail
[23.745s] -- Installing: /home/rinav/ros2_ws/install/turtlesim/include/turtlesim/turtlesim/action/detail/rotate_absolute__rosidl_typesupport_fastrtps_cpp.hpp
[23.745s] -- Installing: /home/rinav/ros2_ws/install/turtlesim/include/turtlesim/turtlesim/action/detail/dds_fastrtps
[23.745s] -- Installing: /home/rinav/ros2_ws/install/turtlesim/lib/libturtlesim__rosidl_typesupport_fastrtps_cpp.so
[23.745s] -- Set runtime path of "/home/rinav/ros2_ws/install/turtlesim/lib/libturtlesim__rosidl_typesupport_fastrtps_cpp.so" to ""
[23.745s] -- Up-to-date: /home/rinav/ros2_ws/install/turtlesim/include/turtlesim/turtlesim
[23.746s] -- Up-to-date: /home/rinav/ros2_ws/install/turtlesim/include/turtlesim/turtlesim/srv
[23.746s] -- Up-to-date: /home/rinav/ros2_ws/install/turtlesim/include/turtlesim/turtlesim/srv/detail
[23.746s] -- Installing: /home/rinav/ros2_ws/install/turtlesim/include/turtlesim/turtlesim/srv/detail/set_pen__rosidl_typesupport_introspection_c.h
[23.746s] -- Installing: /home/rinav/ros2_ws/install/turtlesim/include/turtlesim/turtlesim/srv/detail/set_pen__type_support.c
[23.746s] -- Installing: /home/rinav/ros2_ws/install/turtlesim/include/turtlesim/turtlesim/srv/detail/teleport_relative__rosidl_typesupport_introspection_c.h
[23.746s] -- Installing: /home/rinav/ros2_ws/install/turtlesim/include/turtlesim/turtlesim/srv/detail/teleport_absolute__rosidl_typesupport_introspection_c.h
[23.746s] -- Installing: /home/rinav/ros2_ws/install/turtlesim/include/turtlesim/turtlesim/srv/detail/teleport_absolute__type_support.c
[23.746s] -- Installing: /home/rinav/ros2_ws/install/turtlesim/include/turtlesim/turtlesim/srv/detail/kill__rosidl_typesupport_introspection_c.h
[23.746s] -- Installing: /home/rinav/ros2_ws/install/turtlesim/include/turtlesim/turtlesim/srv/detail/spawn__type_support.c
[23.746s] -- Installing: /home/rinav/ros2_ws/install/turtlesim/include/turtlesim/turtlesim/srv/detail/kill__type_support.c
[23.746s] -- Installing: /home/rinav/ros2_ws/install/turtlesim/include/turtlesim/turtlesim/srv/detail/teleport_relative__type_support.c
[23.746s] -- Installing: /home/rinav/ros2_ws/install/turtlesim/include/turtlesim/turtlesim/srv/detail/spawn__rosidl_typesupport_introspection_c.h
[23.746s] -- Up-to-date: /home/rinav/ros2_ws/install/turtlesim/include/turtlesim/turtlesim/msg
[23.746s] -- Up-to-date: /home/rinav/ros2_ws/install/turtlesim/include/turtlesim/turtlesim/msg/detail
[23.747s] -- Installing: /home/rinav/ros2_ws/install/turtlesim/include/turtlesim/turtlesim/msg/detail/color__rosidl_typesupport_introspection_c.h
[23.747s] -- Installing: /home/rinav/ros2_ws/install/turtlesim/include/turtlesim/turtlesim/msg/detail/pose__type_support.c
[23.747s] -- Installing: /home/rinav/ros2_ws/install/turtlesim/include/turtlesim/turtlesim/msg/detail/color__type_support.c
[23.747s] -- Installing: /home/rinav/ros2_ws/install/turtlesim/include/turtlesim/turtlesim/msg/detail/pose__rosidl_typesupport_introspection_c.h
[23.747s] -- Installing: /home/rinav/ros2_ws/install/turtlesim/include/turtlesim/turtlesim/msg/rosidl_typesupport_introspection_c__visibility_control.h
[23.747s] -- Up-to-date: /home/rinav/ros2_ws/install/turtlesim/include/turtlesim/turtlesim/action
[23.747s] -- Up-to-date: /home/rinav/ros2_ws/install/turtlesim/include/turtlesim/turtlesim/action/detail
[23.747s] -- Installing: /home/rinav/ros2_ws/install/turtlesim/include/turtlesim/turtlesim/action/detail/rotate_absolute__type_support.c
[23.747s] -- Installing: /home/rinav/ros2_ws/install/turtlesim/include/turtlesim/turtlesim/action/detail/rotate_absolute__rosidl_typesupport_introspection_c.h
[23.747s] -- Installing: /home/rinav/ros2_ws/install/turtlesim/lib/libturtlesim__rosidl_typesupport_introspection_c.so
[23.747s] -- Set runtime path of "/home/rinav/ros2_ws/install/turtlesim/lib/libturtlesim__rosidl_typesupport_introspection_c.so" to ""
[23.747s] -- Installing: /home/rinav/ros2_ws/install/turtlesim/lib/libturtlesim__rosidl_typesupport_c.so
[23.748s] -- Set runtime path of "/home/rinav/ros2_ws/install/turtlesim/lib/libturtlesim__rosidl_typesupport_c.so" to ""
[23.748s] -- Up-to-date: /home/rinav/ros2_ws/install/turtlesim/include/turtlesim/turtlesim
[23.748s] -- Up-to-date: /home/rinav/ros2_ws/install/turtlesim/include/turtlesim/turtlesim/srv
[23.748s] -- Up-to-date: /home/rinav/ros2_ws/install/turtlesim/include/turtlesim/turtlesim/srv/detail
[23.748s] -- Installing: /home/rinav/ros2_ws/install/turtlesim/include/turtlesim/turtlesim/srv/detail/spawn__rosidl_typesupport_introspection_cpp.hpp
[23.748s] -- Installing: /home/rinav/ros2_ws/install/turtlesim/include/turtlesim/turtlesim/srv/detail/kill__type_support.cpp
[23.748s] -- Installing: /home/rinav/ros2_ws/install/turtlesim/include/turtlesim/turtlesim/srv/detail/kill__rosidl_typesupport_introspection_cpp.hpp
[23.748s] -- Installing: /home/rinav/ros2_ws/install/turtlesim/include/turtlesim/turtlesim/srv/detail/set_pen__rosidl_typesupport_introspection_cpp.hpp
[23.748s] -- Installing: /home/rinav/ros2_ws/install/turtlesim/include/turtlesim/turtlesim/srv/detail/teleport_absolute__rosidl_typesupport_introspection_cpp.hpp
[23.748s] -- Installing: /home/rinav/ros2_ws/install/turtlesim/include/turtlesim/turtlesim/srv/detail/teleport_relative__rosidl_typesupport_introspection_cpp.hpp
[23.748s] -- Installing: /home/rinav/ros2_ws/install/turtlesim/include/turtlesim/turtlesim/srv/detail/teleport_absolute__type_support.cpp
[23.748s] -- Installing: /home/rinav/ros2_ws/install/turtlesim/include/turtlesim/turtlesim/srv/detail/spawn__type_support.cpp
[23.748s] -- Installing: /home/rinav/ros2_ws/install/turtlesim/include/turtlesim/turtlesim/srv/detail/set_pen__type_support.cpp
[23.748s] -- Installing: /home/rinav/ros2_ws/install/turtlesim/include/turtlesim/turtlesim/srv/detail/teleport_relative__type_support.cpp
[23.748s] -- Up-to-date: /home/rinav/ros2_ws/install/turtlesim/include/turtlesim/turtlesim/msg
[23.748s] -- Up-to-date: /home/rinav/ros2_ws/install/turtlesim/include/turtlesim/turtlesim/msg/detail
[23.749s] -- Installing: /home/rinav/ros2_ws/install/turtlesim/include/turtlesim/turtlesim/msg/detail/pose__rosidl_typesupport_introspection_cpp.hpp
[23.749s] -- Installing: /home/rinav/ros2_ws/install/turtlesim/include/turtlesim/turtlesim/msg/detail/color__type_support.cpp
[23.749s] -- Installing: /home/rinav/ros2_ws/install/turtlesim/include/turtlesim/turtlesim/msg/detail/color__rosidl_typesupport_introspection_cpp.hpp
[23.749s] -- Installing: /home/rinav/ros2_ws/install/turtlesim/include/turtlesim/turtlesim/msg/detail/pose__type_support.cpp
[23.749s] -- Up-to-date: /home/rinav/ros2_ws/install/turtlesim/include/turtlesim/turtlesim/action
[23.749s] -- Up-to-date: /home/rinav/ros2_ws/install/turtlesim/include/turtlesim/turtlesim/action/detail
[23.749s] -- Installing: /home/rinav/ros2_ws/install/turtlesim/include/turtlesim/turtlesim/action/detail/rotate_absolute__rosidl_typesupport_introspection_cpp.hpp
[23.749s] -- Installing: /home/rinav/ros2_ws/install/turtlesim/include/turtlesim/turtlesim/action/detail/rotate_absolute__type_support.cpp
[23.749s] -- Installing: /home/rinav/ros2_ws/install/turtlesim/lib/libturtlesim__rosidl_typesupport_introspection_cpp.so
[23.749s] -- Set runtime path of "/home/rinav/ros2_ws/install/turtlesim/lib/libturtlesim__rosidl_typesupport_introspection_cpp.so" to ""
[23.750s] -- Installing: /home/rinav/ros2_ws/install/turtlesim/lib/libturtlesim__rosidl_typesupport_cpp.so
[23.750s] -- Set runtime path of "/home/rinav/ros2_ws/install/turtlesim/lib/libturtlesim__rosidl_typesupport_cpp.so" to ""
[23.750s] -- Installing: /home/rinav/ros2_ws/install/turtlesim/share/turtlesim/environment/pythonpath.sh
[23.750s] -- Installing: /home/rinav/ros2_ws/install/turtlesim/share/turtlesim/environment/pythonpath.dsv
[23.750s] -- Installing: /home/rinav/ros2_ws/install/turtlesim/local/lib/python3.10/dist-packages/turtlesim-1.4.2-py3.10.egg-info
[23.750s] -- Installing: /home/rinav/ros2_ws/install/turtlesim/local/lib/python3.10/dist-packages/turtlesim-1.4.2-py3.10.egg-info/dependency_links.txt
[23.750s] -- Installing: /home/rinav/ros2_ws/install/turtlesim/local/lib/python3.10/dist-packages/turtlesim-1.4.2-py3.10.egg-info/PKG-INFO
[23.750s] -- Installing: /home/rinav/ros2_ws/install/turtlesim/local/lib/python3.10/dist-packages/turtlesim-1.4.2-py3.10.egg-info/top_level.txt
[23.750s] -- Installing: /home/rinav/ros2_ws/install/turtlesim/local/lib/python3.10/dist-packages/turtlesim-1.4.2-py3.10.egg-info/SOURCES.txt
[23.750s] -- Installing: /home/rinav/ros2_ws/install/turtlesim/local/lib/python3.10/dist-packages/turtlesim
[23.750s] -- Installing: /home/rinav/ros2_ws/install/turtlesim/local/lib/python3.10/dist-packages/turtlesim/_turtlesim_s.ep.rosidl_typesupport_introspection_c.c
[23.750s] -- Installing: /home/rinav/ros2_ws/install/turtlesim/local/lib/python3.10/dist-packages/turtlesim/libturtlesim__rosidl_generator_py.so
[23.751s] -- Installing: /home/rinav/ros2_ws/install/turtlesim/local/lib/python3.10/dist-packages/turtlesim/turtlesim_s__rosidl_typesupport_c.cpython-310-aarch64-linux-gnu.so
[23.751s] -- Installing: /home/rinav/ros2_ws/install/turtlesim/local/lib/python3.10/dist-packages/turtlesim/_turtlesim_s.ep.rosidl_typesupport_fastrtps_c.c
[23.751s] -- Installing: /home/rinav/ros2_ws/install/turtlesim/local/lib/python3.10/dist-packages/turtlesim/srv
[23.751s] -- Installing: /home/rinav/ros2_ws/install/turtlesim/local/lib/python3.10/dist-packages/turtlesim/srv/_teleport_relative.py
[23.751s] -- Installing: /home/rinav/ros2_ws/install/turtlesim/local/lib/python3.10/dist-packages/turtlesim/srv/_spawn.py
[23.751s] -- Installing: /home/rinav/ros2_ws/install/turtlesim/local/lib/python3.10/dist-packages/turtlesim/srv/_teleport_absolute_s.c
[23.751s] -- Installing: /home/rinav/ros2_ws/install/turtlesim/local/lib/python3.10/dist-packages/turtlesim/srv/_teleport_absolute.py
[23.751s] -- Installing: /home/rinav/ros2_ws/install/turtlesim/local/lib/python3.10/dist-packages/turtlesim/srv/_teleport_relative_s.c
[23.751s] -- Installing: /home/rinav/ros2_ws/install/turtlesim/local/lib/python3.10/dist-packages/turtlesim/srv/_kill_s.c
[23.751s] -- Installing: /home/rinav/ros2_ws/install/turtlesim/local/lib/python3.10/dist-packages/turtlesim/srv/_set_pen_s.c
[23.756s] -- Installing: /home/rinav/ros2_ws/install/turtlesim/local/lib/python3.10/dist-packages/turtlesim/srv/__init__.py
[23.756s] -- Installing: /home/rinav/ros2_ws/install/turtlesim/local/lib/python3.10/dist-packages/turtlesim/srv/_set_pen.py
[23.756s] -- Installing: /home/rinav/ros2_ws/install/turtlesim/local/lib/python3.10/dist-packages/turtlesim/srv/_spawn_s.c
[23.756s] -- Installing: /home/rinav/ros2_ws/install/turtlesim/local/lib/python3.10/dist-packages/turtlesim/srv/_kill.py
[23.756s] -- Installing: /home/rinav/ros2_ws/install/turtlesim/local/lib/python3.10/dist-packages/turtlesim/msg
[23.756s] -- Installing: /home/rinav/ros2_ws/install/turtlesim/local/lib/python3.10/dist-packages/turtlesim/msg/_color.py
[23.756s] -- Installing: /home/rinav/ros2_ws/install/turtlesim/local/lib/python3.10/dist-packages/turtlesim/msg/_pose.py
[23.756s] -- Installing: /home/rinav/ros2_ws/install/turtlesim/local/lib/python3.10/dist-packages/turtlesim/msg/_pose_s.c
[23.756s] -- Installing: /home/rinav/ros2_ws/install/turtlesim/local/lib/python3.10/dist-packages/turtlesim/msg/__init__.py
[23.757s] -- Installing: /home/rinav/ros2_ws/install/turtlesim/local/lib/python3.10/dist-packages/turtlesim/msg/_color_s.c
[23.757s] -- Installing: /home/rinav/ros2_ws/install/turtlesim/local/lib/python3.10/dist-packages/turtlesim/turtlesim_s__rosidl_typesupport_fastrtps_c.cpython-310-aarch64-linux-gnu.so
[23.757s] -- Installing: /home/rinav/ros2_ws/install/turtlesim/local/lib/python3.10/dist-packages/turtlesim/_turtlesim_s.ep.rosidl_typesupport_c.c
[23.757s] -- Installing: /home/rinav/ros2_ws/install/turtlesim/local/lib/python3.10/dist-packages/turtlesim/turtlesim_s__rosidl_typesupport_introspection_c.cpython-310-aarch64-linux-gnu.so
[23.757s] -- Installing: /home/rinav/ros2_ws/install/turtlesim/local/lib/python3.10/dist-packages/turtlesim/__init__.py
[23.757s] -- Installing: /home/rinav/ros2_ws/install/turtlesim/local/lib/python3.10/dist-packages/turtlesim/action
[23.757s] -- Installing: /home/rinav/ros2_ws/install/turtlesim/local/lib/python3.10/dist-packages/turtlesim/action/_rotate_absolute.py
[23.757s] -- Installing: /home/rinav/ros2_ws/install/turtlesim/local/lib/python3.10/dist-packages/turtlesim/action/_rotate_absolute_s.c
[23.757s] -- Installing: /home/rinav/ros2_ws/install/turtlesim/local/lib/python3.10/dist-packages/turtlesim/action/__init__.py
[23.795s] Listing '/home/rinav/ros2_ws/install/turtlesim/local/lib/python3.10/dist-packages/turtlesim'...
[23.795s] Compiling '/home/rinav/ros2_ws/install/turtlesim/local/lib/python3.10/dist-packages/turtlesim/__init__.py'...
[23.795s] Listing '/home/rinav/ros2_ws/install/turtlesim/local/lib/python3.10/dist-packages/turtlesim/action'...
[23.795s] Compiling '/home/rinav/ros2_ws/install/turtlesim/local/lib/python3.10/dist-packages/turtlesim/action/__init__.py'...
[23.795s] Compiling '/home/rinav/ros2_ws/install/turtlesim/local/lib/python3.10/dist-packages/turtlesim/action/_rotate_absolute.py'...
[23.795s] Listing '/home/rinav/ros2_ws/install/turtlesim/local/lib/python3.10/dist-packages/turtlesim/msg'...
[23.795s] Compiling '/home/rinav/ros2_ws/install/turtlesim/local/lib/python3.10/dist-packages/turtlesim/msg/__init__.py'...
[23.795s] Compiling '/home/rinav/ros2_ws/install/turtlesim/local/lib/python3.10/dist-packages/turtlesim/msg/_color.py'...
[23.795s] Compiling '/home/rinav/ros2_ws/install/turtlesim/local/lib/python3.10/dist-packages/turtlesim/msg/_pose.py'...
[23.795s] Listing '/home/rinav/ros2_ws/install/turtlesim/local/lib/python3.10/dist-packages/turtlesim/srv'...
[23.796s] Compiling '/home/rinav/ros2_ws/install/turtlesim/local/lib/python3.10/dist-packages/turtlesim/srv/__init__.py'...
[23.796s] Compiling '/home/rinav/ros2_ws/install/turtlesim/local/lib/python3.10/dist-packages/turtlesim/srv/_kill.py'...
[23.796s] Compiling '/home/rinav/ros2_ws/install/turtlesim/local/lib/python3.10/dist-packages/turtlesim/srv/_set_pen.py'...
[23.796s] Compiling '/home/rinav/ros2_ws/install/turtlesim/local/lib/python3.10/dist-packages/turtlesim/srv/_spawn.py'...
[23.796s] Compiling '/home/rinav/ros2_ws/install/turtlesim/local/lib/python3.10/dist-packages/turtlesim/srv/_teleport_absolute.py'...
[23.796s] Compiling '/home/rinav/ros2_ws/install/turtlesim/local/lib/python3.10/dist-packages/turtlesim/srv/_teleport_relative.py'...
[23.800s] -- Installing: /home/rinav/ros2_ws/install/turtlesim/local/lib/python3.10/dist-packages/turtlesim/turtlesim_s__rosidl_typesupport_fastrtps_c.cpython-310-aarch64-linux-gnu.so
[23.800s] -- Set runtime path of "/home/rinav/ros2_ws/install/turtlesim/local/lib/python3.10/dist-packages/turtlesim/turtlesim_s__rosidl_typesupport_fastrtps_c.cpython-310-aarch64-linux-gnu.so" to ""
[23.800s] -- Installing: /home/rinav/ros2_ws/install/turtlesim/local/lib/python3.10/dist-packages/turtlesim/turtlesim_s__rosidl_typesupport_introspection_c.cpython-310-aarch64-linux-gnu.so
[23.800s] -- Set runtime path of "/home/rinav/ros2_ws/install/turtlesim/local/lib/python3.10/dist-packages/turtlesim/turtlesim_s__rosidl_typesupport_introspection_c.cpython-310-aarch64-linux-gnu.so" to ""
[23.800s] -- Installing: /home/rinav/ros2_ws/install/turtlesim/local/lib/python3.10/dist-packages/turtlesim/turtlesim_s__rosidl_typesupport_c.cpython-310-aarch64-linux-gnu.so
[23.801s] -- Set runtime path of "/home/rinav/ros2_ws/install/turtlesim/local/lib/python3.10/dist-packages/turtlesim/turtlesim_s__rosidl_typesupport_c.cpython-310-aarch64-linux-gnu.so" to ""
[23.801s] -- Installing: /home/rinav/ros2_ws/install/turtlesim/lib/libturtlesim__rosidl_generator_py.so
[23.801s] -- Set runtime path of "/home/rinav/ros2_ws/install/turtlesim/lib/libturtlesim__rosidl_generator_py.so" to ""
[23.801s] -- Installing: /home/rinav/ros2_ws/install/turtlesim/share/turtlesim/action/RotateAbsolute.idl
[23.801s] -- Installing: /home/rinav/ros2_ws/install/turtlesim/share/turtlesim/msg/Color.idl
[23.801s] -- Installing: /home/rinav/ros2_ws/install/turtlesim/share/turtlesim/msg/Pose.idl
[23.801s] -- Installing: /home/rinav/ros2_ws/install/turtlesim/share/turtlesim/srv/Kill.idl
[23.801s] -- Installing: /home/rinav/ros2_ws/install/turtlesim/share/turtlesim/srv/SetPen.idl
[23.801s] -- Installing: /home/rinav/ros2_ws/install/turtlesim/share/turtlesim/srv/Spawn.idl
[23.802s] -- Installing: /home/rinav/ros2_ws/install/turtlesim/share/turtlesim/srv/TeleportAbsolute.idl
[23.802s] -- Installing: /home/rinav/ros2_ws/install/turtlesim/share/turtlesim/srv/TeleportRelative.idl
[23.802s] -- Installing: /home/rinav/ros2_ws/install/turtlesim/share/turtlesim/action/RotateAbsolute.action
[23.802s] -- Installing: /home/rinav/ros2_ws/install/turtlesim/share/turtlesim/msg/Color.msg
[23.802s] -- Installing: /home/rinav/ros2_ws/install/turtlesim/share/turtlesim/msg/Pose.msg
[23.802s] -- Installing: /home/rinav/ros2_ws/install/turtlesim/share/turtlesim/srv/Kill.srv
[23.802s] -- Installing: /home/rinav/ros2_ws/install/turtlesim/share/turtlesim/srv/Kill_Request.msg
[23.802s] -- Installing: /home/rinav/ros2_ws/install/turtlesim/share/turtlesim/srv/Kill_Response.msg
[23.802s] -- Installing: /home/rinav/ros2_ws/install/turtlesim/share/turtlesim/srv/SetPen.srv
[23.802s] -- Installing: /home/rinav/ros2_ws/install/turtlesim/share/turtlesim/srv/SetPen_Request.msg
[23.802s] -- Installing: /home/rinav/ros2_ws/install/turtlesim/share/turtlesim/srv/SetPen_Response.msg
[23.802s] -- Installing: /home/rinav/ros2_ws/install/turtlesim/share/turtlesim/srv/Spawn.srv
[23.803s] -- Installing: /home/rinav/ros2_ws/install/turtlesim/share/turtlesim/srv/Spawn_Request.msg
[23.803s] -- Installing: /home/rinav/ros2_ws/install/turtlesim/share/turtlesim/srv/Spawn_Response.msg
[23.803s] -- Installing: /home/rinav/ros2_ws/install/turtlesim/share/turtlesim/srv/TeleportAbsolute.srv
[23.803s] -- Installing: /home/rinav/ros2_ws/install/turtlesim/share/turtlesim/srv/TeleportAbsolute_Request.msg
[23.803s] -- Installing: /home/rinav/ros2_ws/install/turtlesim/share/turtlesim/srv/TeleportAbsolute_Response.msg
[23.803s] -- Installing: /home/rinav/ros2_ws/install/turtlesim/share/turtlesim/srv/TeleportRelative.srv
[23.803s] -- Installing: /home/rinav/ros2_ws/install/turtlesim/share/turtlesim/srv/TeleportRelative_Request.msg
[23.803s] -- Installing: /home/rinav/ros2_ws/install/turtlesim/share/turtlesim/srv/TeleportRelative_Response.msg
[23.803s] -- Installing: /home/rinav/ros2_ws/install/turtlesim/lib/turtlesim/turtlesim_node
[23.810s] -- Set runtime path of "/home/rinav/ros2_ws/install/turtlesim/lib/turtlesim/turtlesim_node" to ""
[23.810s] -- Installing: /home/rinav/ros2_ws/install/turtlesim/lib/turtlesim/turtle_teleop_key
[23.812s] -- Set runtime path of "/home/rinav/ros2_ws/install/turtlesim/lib/turtlesim/turtle_teleop_key" to ""
[23.812s] -- Installing: /home/rinav/ros2_ws/install/turtlesim/lib/turtlesim/draw_square
[23.815s] -- Set runtime path of "/home/rinav/ros2_ws/install/turtlesim/lib/turtlesim/draw_square" to ""
[23.815s] -- Installing: /home/rinav/ros2_ws/install/turtlesim/lib/turtlesim/mimic
[23.817s] -- Set runtime path of "/home/rinav/ros2_ws/install/turtlesim/lib/turtlesim/mimic" to ""
[23.817s] -- Installing: /home/rinav/ros2_ws/install/turtlesim/share/turtlesim/images
[23.818s] -- Installing: /home/rinav/ros2_ws/install/turtlesim/share/turtlesim/images/dashing.png
[23.818s] -- Installing: /home/rinav/ros2_ws/install/turtlesim/share/turtlesim/images/bouncy.png
[23.818s] -- Installing: /home/rinav/ros2_ws/install/turtlesim/share/turtlesim/images/crystal.png
[23.818s] -- Installing: /home/rinav/ros2_ws/install/turtlesim/share/turtlesim/images/ardent.png
[23.818s] -- Installing: /home/rinav/ros2_ws/install/turtlesim/share/turtlesim/images/galactic.png
[23.818s] -- Installing: /home/rinav/ros2_ws/install/turtlesim/share/turtlesim/images/eloquent.png
[23.818s] -- Installing: /home/rinav/ros2_ws/install/turtlesim/share/turtlesim/images/humble.png
[23.818s] -- Installing: /home/rinav/ros2_ws/install/turtlesim/share/turtlesim/images/foxy.png
[23.818s] -- Installing: /home/rinav/ros2_ws/install/turtlesim/share/turtlesim/images/rolling.png
[23.818s] -- Installing: /home/rinav/ros2_ws/install/turtlesim/share/turtlesim/launch
[23.818s] -- Installing: /home/rinav/ros2_ws/install/turtlesim/share/turtlesim/launch/multisim.launch.py
[23.818s] -- Installing: /home/rinav/ros2_ws/install/turtlesim/share/ament_index/resource_index/package_run_dependencies/turtlesim
[23.818s] -- Installing: /home/rinav/ros2_ws/install/turtlesim/share/ament_index/resource_index/parent_prefix_path/turtlesim
[23.819s] -- Installing: /home/rinav/ros2_ws/install/turtlesim/share/turtlesim/environment/ament_prefix_path.sh
[23.819s] -- Installing: /home/rinav/ros2_ws/install/turtlesim/share/turtlesim/environment/ament_prefix_path.dsv
[23.819s] -- Installing: /home/rinav/ros2_ws/install/turtlesim/share/turtlesim/environment/path.sh
[23.819s] -- Installing: /home/rinav/ros2_ws/install/turtlesim/share/turtlesim/environment/path.dsv
[23.819s] -- Installing: /home/rinav/ros2_ws/install/turtlesim/share/turtlesim/local_setup.bash
[23.819s] -- Installing: /home/rinav/ros2_ws/install/turtlesim/share/turtlesim/local_setup.sh
[23.819s] -- Installing: /home/rinav/ros2_ws/install/turtlesim/share/turtlesim/local_setup.zsh
[23.819s] -- Installing: /home/rinav/ros2_ws/install/turtlesim/share/turtlesim/local_setup.dsv
[23.819s] -- Installing: /home/rinav/ros2_ws/install/turtlesim/share/turtlesim/package.dsv
[23.819s] -- Installing: /home/rinav/ros2_ws/install/turtlesim/share/ament_index/resource_index/packages/turtlesim
[23.820s] -- Installing: /home/rinav/ros2_ws/install/turtlesim/share/turtlesim/cmake/export_turtlesim__rosidl_generator_cExport.cmake
[23.820s] -- Installing: /home/rinav/ros2_ws/install/turtlesim/share/turtlesim/cmake/export_turtlesim__rosidl_generator_cExport-noconfig.cmake
[23.820s] -- Installing: /home/rinav/ros2_ws/install/turtlesim/share/turtlesim/cmake/export_turtlesim__rosidl_typesupport_fastrtps_cExport.cmake
[23.820s] -- Installing: /home/rinav/ros2_ws/install/turtlesim/share/turtlesim/cmake/export_turtlesim__rosidl_typesupport_fastrtps_cExport-noconfig.cmake
[23.820s] -- Installing: /home/rinav/ros2_ws/install/turtlesim/share/turtlesim/cmake/export_turtlesim__rosidl_generator_cppExport.cmake
[23.820s] -- Installing: /home/rinav/ros2_ws/install/turtlesim/share/turtlesim/cmake/export_turtlesim__rosidl_typesupport_fastrtps_cppExport.cmake
[23.820s] -- Installing: /home/rinav/ros2_ws/install/turtlesim/share/turtlesim/cmake/export_turtlesim__rosidl_typesupport_fastrtps_cppExport-noconfig.cmake
[23.820s] -- Installing: /home/rinav/ros2_ws/install/turtlesim/share/turtlesim/cmake/turtlesim__rosidl_typesupport_introspection_cExport.cmake
[23.820s] -- Installing: /home/rinav/ros2_ws/install/turtlesim/share/turtlesim/cmake/turtlesim__rosidl_typesupport_introspection_cExport-noconfig.cmake
[23.821s] -- Installing: /home/rinav/ros2_ws/install/turtlesim/share/turtlesim/cmake/turtlesim__rosidl_typesupport_cExport.cmake
[23.821s] -- Installing: /home/rinav/ros2_ws/install/turtlesim/share/turtlesim/cmake/turtlesim__rosidl_typesupport_cExport-noconfig.cmake
[23.821s] -- Installing: /home/rinav/ros2_ws/install/turtlesim/share/turtlesim/cmake/turtlesim__rosidl_typesupport_introspection_cppExport.cmake
[23.821s] -- Installing: /home/rinav/ros2_ws/install/turtlesim/share/turtlesim/cmake/turtlesim__rosidl_typesupport_introspection_cppExport-noconfig.cmake
[23.821s] -- Installing: /home/rinav/ros2_ws/install/turtlesim/share/turtlesim/cmake/turtlesim__rosidl_typesupport_cppExport.cmake
[23.821s] -- Installing: /home/rinav/ros2_ws/install/turtlesim/share/turtlesim/cmake/turtlesim__rosidl_typesupport_cppExport-noconfig.cmake
[23.821s] -- Installing: /home/rinav/ros2_ws/install/turtlesim/share/turtlesim/cmake/export_turtlesim__rosidl_generator_pyExport.cmake
[23.821s] -- Installing: /home/rinav/ros2_ws/install/turtlesim/share/turtlesim/cmake/export_turtlesim__rosidl_generator_pyExport-noconfig.cmake
[23.821s] -- Installing: /home/rinav/ros2_ws/install/turtlesim/share/turtlesim/cmake/rosidl_cmake-extras.cmake
[23.822s] -- Installing: /home/rinav/ros2_ws/install/turtlesim/share/turtlesim/cmake/ament_cmake_export_dependencies-extras.cmake
[23.822s] -- Installing: /home/rinav/ros2_ws/install/turtlesim/share/turtlesim/cmake/ament_cmake_export_include_directories-extras.cmake
[23.822s] -- Installing: /home/rinav/ros2_ws/install/turtlesim/share/turtlesim/cmake/ament_cmake_export_libraries-extras.cmake
[23.822s] -- Installing: /home/rinav/ros2_ws/install/turtlesim/share/turtlesim/cmake/ament_cmake_export_targets-extras.cmake
[23.822s] -- Installing: /home/rinav/ros2_ws/install/turtlesim/share/turtlesim/cmake/rosidl_cmake_export_typesupport_targets-extras.cmake
[23.822s] -- Installing: /home/rinav/ros2_ws/install/turtlesim/share/turtlesim/cmake/rosidl_cmake_export_typesupport_libraries-extras.cmake
[23.822s] -- Installing: /home/rinav/ros2_ws/install/turtlesim/share/turtlesim/cmake/turtlesimConfig.cmake
[23.822s] -- Installing: /home/rinav/ros2_ws/install/turtlesim/share/turtlesim/cmake/turtlesimConfig-version.cmake
[23.822s] -- Installing: /home/rinav/ros2_ws/install/turtlesim/share/turtlesim/package.xml
[23.825s] Invoked command in '/home/rinav/ros2_ws/build/turtlesim' returned '0': CMAKE_PREFIX_PATH=${CMAKE_PREFIX_PATH}:/home/rinav/ros2_ws/install/trial_package:/home/rinav/ros2_ws/install/py_srvcli:/home/rinav/ros2_ws/install/py_pubsub:/home/rinav/ros2_ws/install/mobile_robotics:/opt/ros/humble /usr/bin/cmake --install /home/rinav/ros2_ws/build/turtlesim
